\BOOKMARK [1][-]{section.1}{\376\377\000I\000n\000t\000r\000o\000d\000u\000c\000t\000i\000o\000n}{}% 1
\BOOKMARK [1][-]{section.2}{\376\377\000P\000y\000t\000h\000o\000n\000\040\000S\000c\000r\000i\000p\000t\000\040\000O\000v\000e\000r\000v\000i\000e\000w}{}% 2
\BOOKMARK [1][-]{section.3}{\376\377\000D\000e\000t\000a\000i\000l\000e\000d\000\040\000S\000c\000r\000i\000p\000t\000\040\000D\000o\000c\000u\000m\000e\000n\000t\000a\000t\000i\000o\000n}{}% 3
\BOOKMARK [2][-]{subsection.3.1}{\376\377\000g\000e\000n\000\137\000s\000m\000f\000\137\0001\000d\000.\000p\000y}{section.3}% 4
\BOOKMARK [2][-]{subsection.3.2}{\376\377\000c\000a\000l\000c\000\137\000a\000r\000e\000a\000\137\000o\000f\000\137\000f\000t\000\137\000d\000a\000t\000a\000.\000p\000y}{section.3}% 5
\BOOKMARK [2][-]{subsection.3.3}{\376\377\000c\000a\000l\000c\000\137\000l\000e\000g\000e\000t\000t\000\137\000a\000t\000\137\000t\000.\000p\000y}{section.3}% 6
\BOOKMARK [2][-]{subsection.3.4}{\376\377\000c\000a\000l\000c\000\137\000o\000s\000c\000i\000l\000l\000\137\000p\000e\000r\000i\000o\000d\000\137\000a\000t\000\137\000t\000.\000p\000y}{section.3}% 7
\BOOKMARK [2][-]{subsection.3.5}{\376\377\000f\000o\000u\000r\000i\000e\000r\000\137\000u\000t\000i\000l\000s\000.\000p\000y}{section.3}% 8
\BOOKMARK [2][-]{subsection.3.6}{\376\377\000g\000e\000n\000\137\000s\000m\000f\000\137\0002\000d\000.\000p\000y}{section.3}% 9
\BOOKMARK [2][-]{subsection.3.7}{\376\377\000p\000l\000o\000t\000\137\000d\000e\000n\000s\000i\000t\000y\000\137\000e\000v\000o\000l\000u\000t\000i\000o\000n\000\137\000a\000t\000\137\000t\000.\000p\000y}{section.3}% 10
\BOOKMARK [2][-]{subsection.3.8}{\376\377\000p\000l\000o\000t\000\137\000d\000e\000n\000s\000i\000t\000y\000\137\000e\000v\000o\000l\000u\000t\000i\000o\000n\000\137\000a\000t\000\137\000x\000.\000p\000y}{section.3}% 11
\BOOKMARK [2][-]{subsection.3.9}{\376\377\000p\000l\000o\000t\000\137\000f\000t\000\137\000a\000t\000\137\000t\000.\000p\000y}{section.3}% 12
\BOOKMARK [2][-]{subsection.3.10}{\376\377\000p\000l\000o\000t\000\137\000f\000t\000\137\000a\000t\000\137\000x\000.\000p\000y}{section.3}% 13
\BOOKMARK [2][-]{subsection.3.11}{\376\377\000p\000l\000o\000t\000\137\000i\000n\000t\000e\000n\000s\000i\000t\000y\000.\000p\000y}{section.3}% 14
\BOOKMARK [2][-]{subsection.3.12}{\376\377\000p\000l\000o\000t\000\137\000s\000p\000a\000t\000i\000a\000l\000\137\000a\000n\000a\000l\000y\000s\000i\000s\000\137\000g\000r\000a\000p\000h\000s\000\137\000c\000h\000a\000n\000g\000i\000n\000g\000\137\000p\0000\000.\000p\000y}{section.3}% 15
\BOOKMARK [2][-]{subsection.3.13}{\376\377\000p\000l\000o\000t\000\137\000s\000p\000a\000t\000i\000a\000l\000\137\000f\000t\000\137\000g\000r\000a\000p\000h\000s\000\137\000c\000h\000a\000n\000g\000i\000n\000g\000\137\000p\0000\000.\000p\000y}{section.3}% 16
\BOOKMARK [2][-]{subsection.3.14}{\376\377\000p\000l\000o\000t\000\137\000t\000e\000m\000p\000o\000r\000a\000l\000\137\000a\000n\000a\000l\000y\000s\000i\000s\000\137\000g\000r\000a\000p\000h\000s\000\137\000c\000h\000a\000n\000g\000i\000n\000g\000\137\000p\0000\000\137\000a\000t\000\137\000x\000.\000p\000y}{section.3}% 17
\BOOKMARK [2][-]{subsection.3.15}{\376\377\000p\000l\000o\000t\000\137\000t\000e\000m\000p\000o\000r\000a\000l\000\137\000f\000t\000\137\000g\000r\000a\000p\000h\000s\000\137\000c\000h\000a\000n\000g\000i\000n\000g\000\137\000p\0000\000\137\000a\000t\000\137\000x\000.\000p\000y}{section.3}% 18
\BOOKMARK [2][-]{subsection.3.16}{\376\377\000s\000n\000a\000p\000s\000h\000o\000t\000s\0001\000d\000\137\000b\000e\000c\000\137\000i\000n\000t\000e\000n\000s\000.\000p\000y}{section.3}% 19
\BOOKMARK [2][-]{subsection.3.17}{\376\377\000s\000t\000a\000n\000d\000a\000r\000d\000\137\000d\000a\000t\000a\000\137\000u\000t\000i\000l\000s\000.\000p\000y}{section.3}% 20
