/opt/local/miniconda_23_9/lib/python3.11/site-packages/conda/base/context.py:201: FutureWarning: Adding 'defaults' to channel list implicitly is deprecated and will be removed in 25.3. 

To remove this warning, please choose a default channel explicitly with conda's regular configuration system, e.g. by adding 'defaults' to the list of channels:

  conda config --add channels defaults

For more information see https://docs.conda.io/projects/conda/en/stable/user-guide/configuration/use-condarc.html

  deprecated.topic(
JOB 13922 ARRAY_ID 51  -> i=51 ; range=[1.9e-10, 5.0e-10] ; intervals=200 (frames=201)
Analytic t0 extension enabled (--extend-time-using-t0).
Density options: centers='2.0e-10,4.0e-10' width='2.0e-11,5.0e-11' strength='7.0'
Completed 0 % :  mod = 2.3420784419200913e-16,  Error =-1.4210854715202004e-14
Completed 1 % :  mod = 2.906525021419503e-16,  Error =3.605865828149035e-08
Completed 2 % :  mod = 4.871930721007762e-16,  Error =7.211711050558733e-08
Completed 3 % :  mod = 9.185630685379748e-16,  Error =1.0817657880579645e-07
Completed 4 % :  mod = 1.7926849336718182e-15,  Error =1.4423531524698774e-07
Completed 5 % :  mod = 3.530889626553515e-15,  Error =1.8029496828830816e-07
Completed 6 % :  mod = 6.9710002595001405e-15,  Error =2.1635378999462773e-07
Completed 7 % :  mod = 1.3771166883140114e-14,  Error =2.524133364545378e-07
Completed 8 % :  mod = 2.720910274584556e-14,  Error =2.8847266264619975e-07
Completed 9 % :  mod = 5.3761957672550405e-14,  Error =3.245311503974335e-07
Completed 10 % :  mod = 1.062283323925841e-13,  Error =3.605903557968304e-07
Completed 11 % :  mod = 2.0989724008242977e-13,  Error =3.966499946272961e-07
Completed 12 % :  mod = 4.1473733209977074e-13,  Error =4.327086173816497e-07
Completed 13 % :  mod = 8.194804744729324e-13,  Error =4.687675172476702e-07
Completed 14 % :  mod = 1.619198979032367e-12,  Error =5.048255715678351e-07
Completed 15 % :  mod = 3.1992387717954798e-12,  Error =5.408819916397078e-07
Completed 16 % :  mod = 6.320243519253636e-12,  Error =5.769291533397336e-07
Completed 17 % :  mod = 1.2479281007974936e-11,  Error =6.129427418954947e-07
Completed 18 % :  mod = 2.458907764798436e-11,  Error =6.488233239565488e-07
Completed 19 % :  mod = 4.8059059937310243e-11,  Error =6.84199235934102e-07
Completed 20 % :  mod = 9.102925259213228e-11,  Error =7.1778718790938e-07
Completed 21 % :  mod = 1.5342421979071892e-10,  Error =7.464478315455381e-07
Completed 22 % :  mod = 1.8224241477680794e-10,  Error =7.688085332802075e-07
Completed 23 % :  mod = 1.2908109309923072e-10,  Error =7.930554417612257e-07
Completed 24 % :  mod = 7.265846322938518e-11,  Error =8.239959043976341e-07
Completed 25 % :  mod = 3.7645205788768114e-11,  Error =8.584984598769552e-07
Completed 26 % :  mod = 1.9172646352529164e-11,  Error =8.941372229287481e-07
Completed 27 % :  mod = 9.936718356697288e-12,  Error =9.300859318273069e-07
Completed 28 % :  mod = 5.261230363628638e-12,  Error =9.661154223294943e-07
Completed 28 % :  mod = 3.1845548479658657e-12,  Error =1.0021661651649083e-06
Completed 30 % :  mod = 2.659303700956559e-12,  Error =1.0382214696846859e-06
Completed 31 % :  mod = 3.3776321289027815e-12,  Error =1.07427594997489e-06
Completed 32 % :  mod = 5.7227069543710625e-12,  Error =1.110323673003677e-06
Completed 33 % :  mod = 1.0916125200742988e-11,  Error =1.1463465341421397e-06
Completed 34 % :  mod = 2.1125998282513185e-11,  Error =1.1822722854049061e-06
Completed 35 % :  mod = 4.134396016342757e-11,  Error =1.2178229624737469e-06
Completed 36 % :  mod = 7.955136998775659e-11,  Error =1.2520156147388661e-06
Completed 37 % :  mod = 1.3842578204736686e-10,  Error =1.2821368216009432e-06
Completed 38 % :  mod = 1.839871820135535e-10,  Error =1.3055264531658395e-06
Completed 39 % :  mod = 1.4428212998715721e-10,  Error =1.3284918765066323e-06
Completed 40 % :  mod = 8.345668602013503e-11,  Error =1.3580911470967294e-06
Completed 41 % :  mod = 4.37536407363732e-11,  Error =1.392079624906728e-06
Completed 42 % :  mod = 2.23045603134584e-11,  Error =1.4275738919877767e-06
Completed 43 % :  mod = 1.1347123178348197e-11,  Error =1.4634864839990769e-06
Completed 44 % :  mod = 5.75643355462971e-12,  Error =1.499507682467538e-06
Completed 45 % :  mod = 2.9420457038455044e-12,  Error =1.5355569189523521e-06
Completed 46 % :  mod = 1.5536674256522936e-12,  Error =1.571613900352986e-06
Completed 47 % :  mod = 9.062519990229782e-13,  Error =1.6076702706868673e-06
Completed 48 % :  mod = 6.980239581664308e-13,  Error =1.6437284031667332e-06
Completed 49 % :  mod = 8.27915930309876e-13,  Error =1.6797878927832244e-06
Completed 50 % :  mod = 1.3540240882420738e-12,  Error =1.715846117633646e-06
Completed 51 % :  mod = 2.5318730547226297e-12,  Error =1.7519027721846214e-06
Completed 52 % :  mod = 4.941041761409218e-12,  Error =1.7879544955690108e-06
Completed 53 % :  mod = 9.70316817890081e-12,  Error =1.823986288229662e-06
Completed 54 % :  mod = 1.913019165458708e-11,  Error =1.859937164283565e-06
Completed 55 % :  mod = 3.759498182901403e-11,  Error =1.8955794303110451e-06
Completed 56 % :  mod = 7.223790147653694e-11,  Error =1.93008816040674e-06
Completed 56 % :  mod = 1.2960612669553128e-10,  Error =1.961034215014479e-06
Completed 57 % :  mod = 1.8180237084558832e-10,  Error =1.9853041592909904e-06
Completed 59 % :  mod = 1.5331602933801722e-10,  Error =2.007640645729225e-06
Completed 60 % :  mod = 9.156360901056139e-11,  Error =2.036301090413417e-06
Completed 61 % :  mod = 4.792038851189035e-11,  Error =2.0698797484897113e-06
Completed 62 % :  mod = 2.476229601809939e-11,  Error =2.1052524559195263e-06
Completed 63 % :  mod = 1.2710203774196122e-11,  Error =2.141130124755364e-06
Completed 64 % :  mod = 6.6523169592716275e-12,  Error =2.177139919012916e-06
Completed 65 % :  mod = 3.922091370720711e-12,  Error =2.2131838974814855e-06
Completed 66 % :  mod = 3.01845723191734e-12,  Error =2.2492364095683115e-06
Completed 67 % :  mod = 3.552242743115273e-12,  Error =2.2852903498460364e-06
Completed 68 % :  mod = 5.859038345089819e-12,  Error =2.3213376749708914e-06
Completed 69 % :  mod = 1.0953623182784868e-11,  Error =2.357361822191706e-06
Completed 70 % :  mod = 2.1133152415538904e-11,  Error =2.3932861665798555e-06
Completed 71 % :  mod = 4.166754819962544e-11,  Error =2.4288347191259163e-06
Completed 72 % :  mod = 7.928404064647563e-11,  Error =2.463022887866373e-06
Completed 73 % :  mod = 1.387440109826956e-10,  Error =2.493120213387101e-06
Completed 74 % :  mod = 1.8449859044192854e-10,  Error =2.5165145558503355e-06
Completed 75 % :  mod = 1.4337386263510277e-10,  Error =2.5394751759222345e-06
Completed 76 % :  mod = 8.380379401403122e-11,  Error =2.5690882878848242e-06
Completed 77 % :  mod = 4.3766036198108006e-11,  Error =2.6030784496811066e-06
Completed 78 % :  mod = 2.2360573277030854e-11,  Error =2.638568659563134e-06
Completed 79 % :  mod = 1.1743109817959056e-11,  Error =2.6744767254172075e-06
Completed 80 % :  mod = 6.3916573391232005e-12,  Error =2.7104940443223313e-06
Completed 81 % :  mod = 4.229686535028363e-12,  Error =2.7465388683367564e-06
Completed 82 % :  mod = 4.1472847833587445e-12,  Error =2.7825896111721704e-06
Completed 83 % :  mod = 5.976636959623252e-12,  Error =2.8186369149807433e-06
Completed 84 % :  mod = 1.0670889007807153e-11,  Error =2.8546594634804023e-06
Completed 85 % :  mod = 2.0739688142290832e-11,  Error =2.8905917304200557e-06
Completed 86 % :  mod = 3.99360541958887e-11,  Error =2.926174410333715e-06
Completed 87 % :  mod = 7.669680341048652e-11,  Error =2.9604764435475772e-06
Completed 88 % :  mod = 1.3649511498370924e-10,  Error =2.990887821852084e-06
Completed 89 % :  mod = 1.8216172693475969e-10,  Error =3.014581729132715e-06
Completed 90 % :  mod = 1.4777579507899602e-10,  Error =3.037296224306374e-06
Completed 91 % :  mod = 8.664372263949596e-11,  Error =3.066589577827017e-06
Completed 92 % :  mod = 4.4917735772194844e-11,  Error =3.100430888025585e-06
Completed 93 % :  mod = 2.3652432922028216e-11,  Error =3.1358779182255603e-06
Completed 94 % :  mod = 1.2477056719166953e-11,  Error =3.1717693502741895e-06
Completed 95 % :  mod = 7.332392792665674e-12,  Error =3.207777524494304e-06
Completed 96 % :  mod = 5.919239461572156e-12,  Error =3.2438140706858576e-06
Completed 97 % :  mod = 7.214312103273165e-12,  Error =3.2798518176946345e-06
Completed 98 % :  mod = 1.1840173890407091e-11,  Error =3.3158641130626165e-06
Completed 99 % :  mod = 2.2620337764386957e-11,  Error =3.3517689672635242e-06
Completed 100 % :  mod = 4.336628890754261e-11,  Error =3.3872685918368006e-06
Finished 52/201 frames
Finished all frames!
