/opt/local/miniconda_23_9/lib/python3.11/site-packages/conda/base/context.py:201: FutureWarning: Adding 'defaults' to channel list implicitly is deprecated and will be removed in 25.3. 

To remove this warning, please choose a default channel explicitly with conda's regular configuration system, e.g. by adding 'defaults' to the list of channels:

  conda config --add channels defaults

For more information see https://docs.conda.io/projects/conda/en/stable/user-guide/configuration/use-condarc.html

  deprecated.topic(
JOB 13589 ARRAY_ID 32  -> i=32 ; range=[2.0e-10, 2.09e-10] ; intervals=40 (frames=41)
Completed 0 % :  mod = 1.656195121747213e-16,  Error =-1.4210854715202004e-14
Completed 1 % :  mod = 1.6853649093411624e-16,  Error =9.016602575684374e-09
Completed 2 % :  mod = 1.7739017829552271e-16,  Error =1.8033901483249792e-08
Completed 3 % :  mod = 1.924924474060625e-16,  Error =2.7051193285387853e-08
Completed 4 % :  mod = 2.1437527099066672e-16,  Error =3.606708531833647e-08
Completed 5 % :  mod = 2.4380948320423586e-16,  Error =4.5084085797952866e-08
Completed 6 % :  mod = 2.8183189890311863e-16,  Error =5.410219472423705e-08
Completed 7 % :  mod = 3.2978185424527396e-16,  Error =6.311888256504972e-08
Completed 8 % :  mod = 3.8934840111822867e-16,  Error =7.213589725552083e-08
Completed 9 % :  mod = 4.626297683453266e-16,  Error =8.11523506172307e-08
Completed 10 % :  mod = 5.522072976221193e-16,  Error =9.016910240688958e-08
Completed 11 % :  mod = 6.612363692772491e-16,  Error =9.918564103372773e-08
Completed 12 % :  mod = 7.935575287661686e-16,  Error =1.0820171780778765e-07
Completed 13 % :  mod = 9.538318055611377e-16,  Error =1.1721783010898434e-07
Completed 14 % :  mod = 1.1477048771216517e-15,  Error =1.2623458900407059e-07
Completed 15 % :  mod = 1.382005915152085e-15,  Error =1.3525097841693423e-07
Completed 16 % :  mod = 1.6649882047904626e-15,  Error =1.4426879602069675e-07
Completed 17 % :  mod = 2.0066198198048187e-15,  Error =1.5328558333749243e-07
Completed 18 % :  mod = 2.4189347384293495e-15,  Error =1.623021859131768e-07
Completed 19 % :  mod = 2.9164567905923437e-15,  Error =1.713191863927932e-07
Completed 20 % :  mod = 3.51671123143663e-15,  Error =1.803363716135209e-07
Completed 21 % :  mod = 4.240842049563717e-15,  Error =1.893531518248892e-07
Completed 22 % :  mod = 5.114356802023158e-15,  Error =1.983701380936509e-07
Completed 23 % :  mod = 6.168025111438994e-15,  Error =2.0738803385711435e-07
Completed 24 % :  mod = 7.438962504532957e-15,  Error =2.1640537539724392e-07
Completed 25 % :  mod = 8.9719378357061e-15,  Error =2.2542228350630467e-07
Completed 26 % :  mod = 1.0820950245096576e-14,  Error =2.3443947583245972e-07
Completed 27 % :  mod = 1.3051131307547493e-14,  Error =2.434565260500676e-07
Completed 28 % :  mod = 1.5741039275111303e-14,  Error =2.524739954878896e-07
Completed 28 % :  mod = 1.8985426264463794e-14,  Error =2.614907614884032e-07
Completed 30 % :  mod = 2.2898575925609268e-14,  Error =2.705063764096849e-07
Completed 31 % :  mod = 2.7618329061760215e-14,  Error =2.795236966335324e-07
Completed 32 % :  mod = 3.331093896891214e-14,  Error =2.885413010744742e-07
Completed 33 % :  mod = 4.0176927659306686e-14,  Error =2.9755751995708124e-07
Completed 34 % :  mod = 4.845814910100262e-14,  Error =3.065741793761845e-07
Completed 35 % :  mod = 5.844630817042066e-14,  Error =3.1559111590695466e-07
Completed 36 % :  mod = 7.049323543868559e-14,  Error =3.246079103291777e-07
Completed 37 % :  mod = 8.502327948253723e-14,  Error =3.3362563556238456e-07
Completed 38 % :  mod = 1.0254825284825508e-13,  Error =3.4264223813806893e-07
Completed 39 % :  mod = 1.236854576759017e-13,  Error =3.5165965073247207e-07
Completed 40 % :  mod = 1.491794249421374e-13,  Error =3.60676025934481e-07
Completed 41 % :  mod = 1.799281313636258e-13,  Error =3.696921737628145e-07
Completed 42 % :  mod = 2.1701461442667847e-13,  Error =3.7870930214012333e-07
Completed 43 % :  mod = 2.6174509393434613e-13,  Error =3.8772547839016624e-07
Completed 44 % :  mod = 3.1569493369775957e-13,  Error =3.9674173990533745e-07
Completed 45 % :  mod = 3.807640460460472e-13,  Error =4.057587119632444e-07
Completed 46 % :  mod = 4.592436623537862e-13,  Error =4.147745755744836e-07
Completed 47 % :  mod = 5.53896771664477e-13,  Error =4.237924997596565e-07
Completed 48 % :  mod = 6.680549731588981e-13,  Error =4.328088962779475e-07
Completed 49 % :  mod = 8.05735000348807e-13,  Error =4.418256125404696e-07
Completed 50 % :  mod = 9.71778752037073e-13,  Error =4.508422293270087e-07
Completed 51 % :  mod = 1.1720212898105901e-12,  Error =4.5985868268871855e-07
Completed 52 % :  mod = 1.4134918909811344e-12,  Error =4.6887586790944624e-07
Completed 53 % :  mod = 1.7046537869064508e-12,  Error =4.778919162617967e-07
Completed 54 % :  mod = 2.0556884882970548e-12,  Error =4.869073322311124e-07
Completed 55 % :  mod = 2.4788302632045644e-12,  Error =4.959238282253864e-07
Completed 56 % :  mod = 2.9887547740274328e-12,  Error =5.049388320799153e-07
Completed 56 % :  mod = 3.6030220012723254e-12,  Error =5.139538643561536e-07
Completed 57 % :  mod = 4.342565465719134e-12,  Error =5.229669639561507e-07
Completed 59 % :  mod = 5.232204111585524e-12,  Error =5.319773563883246e-07
Completed 60 % :  mod = 6.3011244894230934e-12,  Error =5.409851269178034e-07
Completed 61 % :  mod = 7.583230033608973e-12,  Error =5.499889468296715e-07
Completed 62 % :  mod = 9.117167163904639e-12,  Error =5.589872102973459e-07
Completed 63 % :  mod = 1.0945694319308474e-11,  Error =5.679765919808233e-07
Completed 64 % :  mod = 1.3113834756877547e-11,  Error =5.769539654920663e-07
Completed 65 % :  mod = 1.5664927328817666e-11,  Error =5.859151528397888e-07
Completed 66 % :  mod = 1.863327966007638e-11,  Error =5.948532617594537e-07
Completed 67 % :  mod = 2.2031770549768638e-11,  Error =6.037592115148982e-07
Completed 68 % :  mod = 2.5832849317393427e-11,  Error =6.126215481572217e-07
Completed 69 % :  mod = 2.994281984380457e-11,  Error =6.214298053919265e-07
Completed 70 % :  mod = 3.417343853890463e-11,  Error =6.301715060885726e-07
Completed 71 % :  mod = 3.822262343597471e-11,  Error =6.388371005527915e-07
Completed 72 % :  mod = 4.1685106424284865e-11,  Error =6.47426844579968e-07
Completed 73 % :  mod = 4.411476757639303e-11,  Error =6.559516947390875e-07
Completed 74 % :  mod = 4.513945422245055e-11,  Error =6.644368824026969e-07
Completed 75 % :  mod = 4.4586877557567527e-11,  Error =6.729158670282231e-07
Completed 76 % :  mod = 4.255109916033564e-11,  Error =6.814249005060447e-07
Completed 77 % :  mod = 3.935561910520449e-11,  Error =6.899932074588833e-07
Completed 78 % :  mod = 3.5437978843236646e-11,  Error =6.986361356098314e-07
Completed 79 % :  mod = 3.122514682776727e-11,  Error =7.073549426195314e-07
Completed 80 % :  mod = 2.7053661476166558e-11,  Error =7.161445623182772e-07
Completed 81 % :  mod = 2.3145166137933485e-11,  Error =7.249931215369543e-07
Completed 82 % :  mod = 1.96191419281844e-11,  Error =7.33887254966703e-07
Completed 83 % :  mod = 1.6520232761519884e-11,  Error =7.428171713286247e-07
Completed 84 % :  mod = 1.3845488141160532e-11,  Error =7.517726672290337e-07
Completed 85 % :  mod = 1.1565513357184117e-11,  Error =7.607458414327084e-07
Completed 86 % :  mod = 9.638735574157623e-12,  Error =7.697316846133617e-07
Completed 87 % :  mod = 8.0200983682185e-12,  Error =7.787277240822732e-07
Completed 88 % :  mod = 6.665885211642028e-12,  Error =7.877305350234565e-07
Completed 89 % :  mod = 5.536093072114589e-12,  Error =7.967375879047722e-07
Completed 90 % :  mod = 4.59536034147931e-12,  Error =8.057470921585264e-07
Completed 91 % :  mod = 3.8130962758779576e-12,  Error =8.147592538421122e-07
Completed 92 % :  mod = 3.1632043809846366e-12,  Error =8.237722468606989e-07
Completed 93 % :  mod = 2.6236265104813826e-12,  Error =8.327855027800979e-07
Completed 94 % :  mod = 2.1758326618578756e-12,  Error =8.418004213694985e-07
Completed 95 % :  mod = 1.8043213837783966e-12,  Error =8.508164910381311e-07
Completed 96 % :  mod = 1.4961614315948699e-12,  Error =8.598326459718919e-07
Completed 97 % :  mod = 1.240586410099038e-12,  Error =8.688490495956103e-07
Completed 98 % :  mod = 1.0286441719958338e-12,  Error =8.778648492580032e-07
Completed 99 % :  mod = 8.528978295290955e-13,  Error =8.868822121144149e-07
Completed 100 % :  mod = 7.071731192121646e-13,  Error =8.958985233675776e-07
Finished 33/41 frames
Finished all frames!
