/opt/local/miniconda_23_9/lib/python3.11/site-packages/conda/base/context.py:201: FutureWarning: Adding 'defaults' to channel list implicitly is deprecated and will be removed in 25.3. 

To remove this warning, please choose a default channel explicitly with conda's regular configuration system, e.g. by adding 'defaults' to the list of channels:

  conda config --add channels defaults

For more information see https://docs.conda.io/projects/conda/en/stable/user-guide/configuration/use-condarc.html

  deprecated.topic(
JOB 13890 ARRAY_ID 19  -> i=19 ; range=[1.9e-10, 5.0e-10] ; intervals=200 (frames=201)
Analytic t0 extension enabled (--extend-time-using-t0).
Density options: centers='2.0e-10,4.0e-10' width='2.0e-11,5.0e-11' strength='7.0'
Extending simulation time for p0=2.072e-10 from 10000000000.0 to 2.082e+10
Completed 0 % :  mod = 1.6575176605035692e-16,  Error =-1.4210854715202004e-14
Completed 1 % :  mod = 1.7883343842711308e-16,  Error =1.883277178649223e-08
Completed 2 % :  mod = 2.2014060152163494e-16,  Error =3.766382405956392e-08
Completed 3 % :  mod = 2.961928204694512e-16,  Error =5.649622636383356e-08
Completed 4 % :  mod = 4.1899349791078817e-16,  Error =7.53276552245552e-08
Completed 5 % :  mod = 6.079244153783367e-16,  Error =9.415929014267022e-08
Completed 6 % :  mod = 8.928047591820488e-16,  Error =1.1298999424980138e-07
Completed 7 % :  mod = 1.3185975420895957e-15,  Error =1.3182226865637858e-07
Completed 8 % :  mod = 1.9525061417767046e-15,  Error =1.5065366198996344e-07
Completed 9 % :  mod = 2.894581103353378e-15,  Error =1.6948506242897565e-07
Completed 10 % :  mod = 4.293511243646524e-15,  Error =1.883168607719199e-07
Completed 11 % :  mod = 6.370091370725995e-15,  Error =2.0714772119845293e-07
Completed 12 % :  mod = 9.452070582031288e-15,  Error =2.2597858873041332e-07
Completed 13 % :  mod = 1.402588125669089e-14,  Error =2.44809541527502e-07
Completed 14 % :  mod = 2.0813413100603544e-14,  Error =2.636413611867283e-07
Completed 15 % :  mod = 3.0885949380895466e-14,  Error =2.824736071715961e-07
Completed 16 % :  mod = 4.583324720993865e-14,  Error =3.013043397004367e-07
Completed 17 % :  mod = 6.801444544108652e-14,  Error =3.201357756665857e-07
Completed 18 % :  mod = 1.0093230644273225e-13,  Error =3.389674247955554e-07
Completed 19 % :  mod = 1.4977897316440222e-13,  Error =3.57799130767944e-07
Completed 20 % :  mod = 2.2226487283637006e-13,  Error =3.7663044594182793e-07
Completed 21 % :  mod = 3.2982926547163504e-13,  Error =3.954619884893873e-07
Completed 22 % :  mod = 4.894449953570086e-13,  Error =4.142935097206646e-07
Completed 23 % :  mod = 7.262907665758527e-13,  Error =4.3312453357202685e-07
Completed 24 % :  mod = 1.0777036662817662e-12,  Error =4.519551524140297e-07
Completed 25 % :  mod = 1.5990020225549974e-12,  Error =4.707859702079986e-07
Completed 26 % :  mod = 2.371987543683435e-12,  Error =4.896143011023923e-07
Completed 27 % :  mod = 3.517110284729684e-12,  Error =5.084405216848609e-07
Completed 28 % :  mod = 5.210055246210581e-12,  Error =5.272624505892054e-07
Completed 29 % :  mod = 7.701644050926488e-12,  Error =5.460690175596028e-07
Completed 30 % :  mod = 1.1332516320657475e-11,  Error =5.648496426147176e-07
Completed 31 % :  mod = 1.6510142355691148e-11,  Error =5.835725218616972e-07
Completed 32 % :  mod = 2.3552900554779315e-11,  Error =6.02180996622792e-07
Completed 33 % :  mod = 3.220283899428278e-11,  Error =6.20578795462734e-07
Completed 34 % :  mod = 4.0710034911345323e-11,  Error =6.386624420429143e-07
Completed 35 % :  mod = 4.549686403749863e-11,  Error =6.564395320651784e-07
Completed 36 % :  mod = 4.366338392547529e-11,  Error =6.741419298350593e-07
Completed 37 % :  mod = 3.639782039424142e-11,  Error =6.920673101262764e-07
Completed 38 % :  mod = 2.7470813115455008e-11,  Error =7.103263968133433e-07
Completed 39 % :  mod = 1.9575357273993057e-11,  Error =7.288486614243084e-07
Completed 40 % :  mod = 1.3544079581141913e-11,  Error =7.475286452063301e-07
Completed 41 % :  mod = 9.23910566743891e-12,  Error =7.662891476911682e-07
Completed 42 % :  mod = 6.260900810971196e-12,  Error =7.850874794712581e-07
Completed 43 % :  mod = 4.229827712483211e-12,  Error =8.039049603780768e-07
Completed 44 % :  mod = 2.8536820207742157e-12,  Error =8.227293335494323e-07
Completed 45 % :  mod = 1.9240427860129954e-12,  Error =8.415590642130155e-07
Completed 46 % :  mod = 1.296883849203445e-12,  Error =8.603904362303183e-07
Completed 47 % :  mod = 8.740480848619873e-13,  Error =8.792219787778777e-07
Completed 48 % :  mod = 5.890524907561149e-13,  Error =8.980528960478296e-07
Completed 49 % :  mod = 3.969935281114289e-13,  Error =9.168841828000041e-07
Completed 50 % :  mod = 2.675820651867981e-13,  Error =9.357162653600426e-07
Completed 51 % :  mod = 1.8040020536161472e-13,  Error =9.54548625031748e-07
Completed 52 % :  mod = 1.2169015365704641e-13,  Error =9.73380892332898e-07
Completed 53 % :  mod = 8.21863107823251e-14,  Error =9.922119090788328e-07
Completed 54 % :  mod = 5.565290802153767e-14,  Error =1.011043387677546e-06
Completed 55 % :  mod = 3.790479102388797e-14,  Error =1.029875143387926e-06
Completed 56 % :  mod = 2.6139226215259672e-14,  Error =1.048706138817579e-06
Completed 57 % :  mod = 1.8499245732880508e-14,  Error =1.0675375889945826e-06
Completed 58 % :  mod = 1.3779023710743504e-14,  Error =1.0863690249607316e-06
Completed 59 % :  mod = 1.1233562145083961e-14,  Error =1.1051989901034176e-06
Completed 60 % :  mod = 1.0461107816281404e-14,  Error =1.1240300210602072e-06
Completed 61 % :  mod = 1.1339743322501794e-14,  Error =1.1428614428155015e-06
Completed 62 % :  mod = 1.4008144793799946e-14,  Error =1.1616927437785307e-06
Completed 63 % :  mod = 1.888746927739841e-14,  Error =1.180523192090277e-06
Completed 64 % :  mod = 2.6747826186200847e-14,  Error =1.1993531927600998e-06
Completed 65 % :  mod = 3.8829823718341446e-14,  Error =1.218184593199112e-06
Completed 66 % :  mod = 5.704037253598339e-14,  Error =1.2370165691777402e-06
Completed 67 % :  mod = 8.4253645817393e-14,  Error =1.2558479554058977e-06
Completed 68 % :  mod = 1.247646805943649e-13,  Error =1.2746799171736711e-06
Completed 69 % :  mod = 1.8496716073093587e-13,  Error =1.2935123265833681e-06
Completed 70 % :  mod = 2.7436218655188553e-13,  Error =1.31234324385332e-06
Completed 71 % :  mod = 4.0705668985617974e-13,  Error =1.331174601659768e-06
Completed 72 % :  mod = 6.039976211551802e-13,  Error =1.3500062223670284e-06
Completed 73 % :  mod = 8.962236282956993e-13,  Error =1.368836258563988e-06
Completed 74 % :  mod = 1.3297811028111376e-12,  Error =1.3876674245238974e-06
Completed 75 % :  mod = 1.9728254959918834e-12,  Error =1.4064970130789334e-06
Completed 76 % :  mod = 2.925956619059568e-12,  Error =1.4253260331997808e-06
Completed 77 % :  mod = 4.33669826766293e-12,  Error =1.4441508682239146e-06
Completed 78 % :  mod = 6.418250993578824e-12,  Error =1.4629662814513722e-06
Completed 79 % :  mod = 9.468604416754081e-12,  Error =1.4817622897567162e-06
Completed 80 % :  mod = 1.3871949784575208e-11,  Error =1.5005193247930038e-06
Completed 81 % :  mod = 2.002301188668805e-11,  Error =1.5191904694233926e-06
Completed 82 % :  mod = 2.8024454406960062e-11,  Error =1.5377004771721658e-06
Completed 83 % :  mod = 3.6948082876316825e-11,  Error =1.55594023709682e-06
Completed 84 % :  mod = 4.39761209472049e-11,  Error =1.573846915903232e-06
Completed 85 % :  mod = 4.5376337623652204e-11,  Error =1.5915451569981087e-06
Completed 86 % :  mod = 4.023755950405176e-11,  Error =1.6093371257852596e-06
Completed 87 % :  mod = 3.162929689459752e-11,  Error =1.6274424581297353e-06
Completed 88 % :  mod = 2.30502242163216e-11,  Error =1.6458572744681987e-06
Completed 89 % :  mod = 1.612816245676116e-11,  Error =1.6644745244320802e-06
Completed 90 % :  mod = 1.1060392499605023e-11,  Error =1.6832050917514607e-06
Completed 91 % :  mod = 7.513630198433336e-12,  Error =1.701988011859612e-06
Completed 92 % :  mod = 5.081914914002113e-12,  Error =1.7207966891419346e-06
Completed 93 % :  mod = 3.430321080047902e-12,  Error =1.7396190159502112e-06
Completed 94 % :  mod = 2.3133778271461237e-12,  Error =1.7584460820785353e-06
Completed 95 % :  mod = 1.5594833079158483e-12,  Error =1.7772752727296393e-06
Completed 96 % :  mod = 1.0510884152969028e-12,  Error =1.7961050389203592e-06
Completed 97 % :  mod = 7.08393558080393e-13,  Error =1.8149363256725337e-06
Completed 98 % :  mod = 4.774458144867761e-13,  Error =1.833766972936246e-06
Completed 99 % :  mod = 3.218357407636691e-13,  Error =1.8525982525829932e-06
Completed 100 % :  mod = 2.1701584723520842e-13,  Error =1.8714286866838847e-06
Finished 20/201 frames
Finished all frames!
