/opt/local/miniconda_23_9/lib/python3.11/site-packages/conda/base/context.py:201: FutureWarning: Adding 'defaults' to channel list implicitly is deprecated and will be removed in 25.3. 

To remove this warning, please choose a default channel explicitly with conda's regular configuration system, e.g. by adding 'defaults' to the list of channels:

  conda config --add channels defaults

For more information see https://docs.conda.io/projects/conda/en/stable/user-guide/configuration/use-condarc.html

  deprecated.topic(
JOB 13529 ARRAY_ID 175  -> i=175 ; range=[1.9e-10, 6.0e-10] ; intervals=200 (frames=201)
Density options: centers='2.0e-10,4.0e-10' width='5e-11,5e-11' strength=''
Completed 0 % :  mod = 3.775761937531509e-16,  Error =-1.4210854715202004e-14
Completed 1 % :  mod = 6.647438341222399e-16,  Error =2.43572870317621e-07
Completed 2 % :  mod = 1.9630606375885878e-15,  Error =4.871454706290024e-07
Completed 3 % :  mod = 6.247410577604811e-15,  Error =7.307178009341442e-07
Completed 4 % :  mod = 2.003476558571709e-14,  Error =9.74290429667235e-07
Completed 5 % :  mod = 6.429722350915482e-14,  Error =1.2178626604963938e-06
Completed 6 % :  mod = 2.063628960869793e-13,  Error =1.4614351613317922e-06
Completed 7 % :  mod = 6.623293750486216e-13,  Error =1.7050080742819773e-06
Completed 8 % :  mod = 2.1257698373211267e-12,  Error =1.948577860844125e-06
Completed 9 % :  mod = 6.822657523773463e-12,  Error =2.192125393207789e-06
Completed 10 % :  mod = 2.1894743763236313e-11,  Error =2.4354371248591633e-06
Completed 11 % :  mod = 7.017242033108959e-11,  Error =2.676359450504151e-06
Completed 12 % :  mod = 2.2030930295458588e-10,  Error =2.8959712281562133e-06
Completed 13 % :  mod = 4.3043341733105157e-10,  Error =3.0335181548934997e-06
Completed 14 % :  mod = 1.351961240213523e-10,  Error =3.1969918197205516e-06
Completed 15 % :  mod = 7.785946559628304e-11,  Error =3.424648184591206e-06
Completed 16 % :  mod = 1.2364607598922806e-10,  Error =3.658234525971693e-06
Completed 17 % :  mod = 2.5465420980532106e-10,  Error =3.863750350774353e-06
Completed 18 % :  mod = 3.5919021849161943e-10,  Error =3.9832703251363455e-06
Completed 19 % :  mod = 1.4618363262472333e-10,  Error =4.168281272143304e-06
Completed 20 % :  mod = 6.078798249301923e-11,  Error =4.399945666477834e-06
Completed 21 % :  mod = 8.81970097886968e-11,  Error =4.636193764895324e-06
Completed 22 % :  mod = 2.8199470307802046e-10,  Error =4.845824257415643e-06
Completed 23 % :  mod = 3.828320254811717e-10,  Error =4.978746247275012e-06
Completed 24 % :  mod = 1.1310543658987595e-10,  Error =5.156670390249474e-06
Completed 25 % :  mod = 8.228822606491747e-11,  Error =5.387440502602203e-06
Completed 26 % :  mod = 1.452391963457071e-10,  Error =5.619204038964654e-06
Completed 27 % :  mod = 2.8353482567720733e-10,  Error =5.813560306933141e-06
Completed 28 % :  mod = 3.13986506933696e-10,  Error =5.9316918097351845e-06
Completed 28 % :  mod = 1.6191411577071927e-10,  Error =6.1239600626095125e-06
Completed 30 % :  mod = 1.2189581387701901e-10,  Error =6.346277722002469e-06
Completed 31 % :  mod = 2.4775125967664675e-10,  Error =6.543363696209781e-06
Completed 32 % :  mod = 4.2163270936043884e-10,  Error =6.6754049115047565e-06
Completed 33 % :  mod = 1.7494041043364332e-10,  Error =6.846565746343458e-06
Completed 34 % :  mod = 1.5784625100530948e-10,  Error =7.049426436367412e-06
Completed 35 % :  mod = 4.0785325038619925e-10,  Error =7.207121889507562e-06
Completed 36 % :  mod = 2.6875406036473383e-10,  Error =7.354139306414709e-06
Completed 37 % :  mod = 1.3535983084409263e-10,  Error =7.556544360909356e-06
Completed 38 % :  mod = 1.6283565651610585e-10,  Error =7.77170018295692e-06
Completed 39 % :  mod = 4.4316191293038304e-10,  Error =7.926652678236223e-06
Completed 40 % :  mod = 2.177030304945463e-10,  Error =8.066137752393843e-06
Completed 41 % :  mod = 9.317262404786839e-11,  Error =8.27906620770591e-06
Completed 42 % :  mod = 1.28750523211423e-10,  Error =8.509780862198113e-06
Completed 43 % :  mod = 2.922691376801286e-10,  Error =8.713880546906694e-06
Completed 44 % :  mod = 3.555151607364542e-10,  Error =8.839732956289481e-06
Completed 45 % :  mod = 1.477277279064133e-10,  Error =9.021375511508722e-06
Completed 46 % :  mod = 6.437293102946503e-11,  Error =9.252416660388008e-06
Completed 47 % :  mod = 9.34482947596275e-11,  Error =9.486306794315169e-06
Completed 48 % :  mod = 3.037233387435189e-10,  Error =9.688051591183466e-06
Completed 49 % :  mod = 3.4309734532420997e-10,  Error =9.81020326662474e-06
Completed 50 % :  mod = 1.6550302954014957e-10,  Error =9.995049730093797e-06
Completed 51 % :  mod = 9.16681537887037e-11,  Error =1.0222504336354632e-05
Completed 52 % :  mod = 1.761186808712008e-10,  Error =1.0440074021289547e-05
Completed 53 % :  mod = 4.631970774836163e-10,  Error =1.059413613546667e-05
Completed 54 % :  mod = 1.6565272223178888e-10,  Error =1.0733709132182412e-05
Completed 55 % :  mod = 1.398706756831492e-10,  Error =1.0943669956020585e-05
Completed 56 % :  mod = 2.786659345012524e-10,  Error =1.1151463588987554e-05
Completed 56 % :  mod = 3.447391869424557e-10,  Error =1.1306359859020176e-05
Completed 57 % :  mod = 1.7101022575787278e-10,  Error =1.1454358919138485e-05
Completed 59 % :  mod = 1.991216844211637e-10,  Error =1.1655011483924227e-05
Completed 60 % :  mod = 3.5921978217147254e-10,  Error =1.1835930813219875e-05
Completed 61 % :  mod = 2.527574264197579e-10,  Error =1.196206751075124e-05
Completed 62 % :  mod = 1.462890813846336e-10,  Error =1.2151668400406379e-05
Completed 63 % :  mod = 1.721437089149976e-10,  Error =1.2372815923811231e-05
Completed 64 % :  mod = 2.573665804948275e-10,  Error =1.2569906168380385e-05
Completed 65 % :  mod = 3.191624835465787e-10,  Error =1.268779033125611e-05
Completed 66 % :  mod = 1.80468667591873e-10,  Error =1.2873313387729013e-05
Completed 67 % :  mod = 9.557044839331131e-11,  Error =1.3099186894294235e-05
Completed 68 % :  mod = 1.5576176383203565e-10,  Error =1.3318379544102754e-05
Completed 69 % :  mod = 4.693463905643448e-10,  Error =1.3466280144314169e-05
Completed 70 % :  mod = 1.7739996198232888e-10,  Error =1.3612483812153187e-05
Completed 71 % :  mod = 7.715884922523401e-11,  Error =1.3832781313283249e-05
Completed 72 % :  mod = 1.0282357339707676e-10,  Error =1.4068378796139314e-05
Completed 73 % :  mod = 2.037953217500079e-10,  Error =1.4289101841313823e-05
Completed 74 % :  mod = 3.9541077393588996e-10,  Error =1.4433267494950996e-05
Completed 75 % :  mod = 1.6047390201933158e-10,  Error =1.4592236844634954e-05
Completed 76 % :  mod = 7.079527387441765e-11,  Error =1.481932738300884e-05
Completed 77 % :  mod = 8.188914469346809e-11,  Error =1.5056338639851674e-05
Completed 78 % :  mod = 1.8157326780050598e-10,  Error =1.527867974715491e-05
Completed 79 % :  mod = 4.48624697553278e-10,  Error =1.5423920928014923e-05
Completed 80 % :  mod = 1.7176001925737257e-10,  Error =1.5573783841205113e-05
Completed 81 % :  mod = 6.966801852122058e-11,  Error =1.5797343991152957e-05
Completed 82 % :  mod = 8.487976441012583e-11,  Error =1.6033584451236038e-05
Completed 83 % :  mod = 2.0113313324195594e-10,  Error =1.6255058575609382e-05
Completed 84 % :  mod = 3.957737416650702e-10,  Error =1.6398698150510427e-05
Completed 85 % :  mod = 1.7375038171796147e-10,  Error =1.6556802584943853e-05
Completed 86 % :  mod = 7.181337289432802e-11,  Error =1.6784658747326375e-05
Completed 87 % :  mod = 4.3346518697108714e-11,  Error =1.7024452148461933e-05
Completed 88 % :  mod = 9.925341388843651e-11,  Error =1.726017982406347e-05
Completed 89 % :  mod = 3.4758122231305405e-10,  Error =1.7454064931143876e-05
Completed 90 % :  mod = 3.206866548934634e-10,  Error =1.7579323099425892e-05
Completed 91 % :  mod = 1.1257423715226802e-10,  Error =1.777847408135358e-05
Completed 92 % :  mod = 5.65214555751789e-11,  Error =1.801366266107607e-05
Completed 93 % :  mod = 1.0597165038243145e-10,  Error =1.8248401815412763e-05
Completed 94 % :  mod = 3.1160628485302284e-10,  Error =1.8448826835992804e-05
Completed 95 % :  mod = 3.2333253267608237e-10,  Error =1.856866494165388e-05
Completed 96 % :  mod = 1.2241786379133856e-10,  Error =1.876279254986457e-05
Completed 97 % :  mod = 5.1499978868272364e-11,  Error =1.8998620959109758e-05
Completed 98 % :  mod = 3.9782425204222196e-11,  Error =1.9239838238149787e-05
Completed 99 % :  mod = 1.0719485333041693e-10,  Error =1.9476190281864092e-05
Completed 100 % :  mod = 3.104019113101599e-10,  Error =1.9673187054536356e-05
Finished 176/201 frames
Finished all frames!
