/opt/local/miniconda_23_9/lib/python3.11/site-packages/conda/base/context.py:201: FutureWarning: Adding 'defaults' to channel list implicitly is deprecated and will be removed in 25.3. 

To remove this warning, please choose a default channel explicitly with conda's regular configuration system, e.g. by adding 'defaults' to the list of channels:

  conda config --add channels defaults

For more information see https://docs.conda.io/projects/conda/en/stable/user-guide/configuration/use-condarc.html

  deprecated.topic(
JOB 13904 ARRAY_ID 33  -> i=33 ; range=[1.9e-10, 5.0e-10] ; intervals=200 (frames=201)
Analytic t0 extension enabled (--extend-time-using-t0).
Density options: centers='2.0e-10,4.0e-10' width='2.0e-11,5.0e-11' strength='7.0'
Extending simulation time for p0=2.231e-10 from 10000000000.0 to 1.206e+10
Completed 0 % :  mod = 1.7849123049897744e-16,  Error =-1.4210854715202004e-14
Completed 1 % :  mod = 1.9370637590042438e-16,  Error =1.4670938242034026e-08
Completed 2 % :  mod = 2.4194578593394494e-16,  Error =2.9342494656248164e-08
Completed 3 % :  mod = 3.314241296378476e-16,  Error =4.4012203659349325e-08
Completed 4 % :  mod = 4.774112642589438e-16,  Error =5.868322716651164e-08
Completed 5 % :  mod = 7.047904352779939e-16,  Error =7.335435014965697e-08
Completed 6 % :  mod = 1.0522914063850687e-15,  Error =8.802427231557886e-08
Completed 7 % :  mod = 1.5792167347237104e-15,  Error =1.026957932026562e-07
Completed 8 % :  mod = 2.3752962176499546e-15,  Error =1.1736540272977436e-07
Completed 9 % :  mod = 3.576384295391039e-15,  Error =1.3203722204480073e-07
Completed 10 % :  mod = 5.387196596469888e-15,  Error =1.4670868608845922e-07
Completed 11 % :  mod = 8.116175788707811e-15,  Error =1.613791127397235e-07
Completed 12 % :  mod = 1.2229034070117894e-14,  Error =1.7605029967171504e-07
Completed 13 % :  mod = 1.8426147611129606e-14,  Error =1.9072042078960294e-07
Completed 14 % :  mod = 2.7765080678771384e-14,  Error =2.053922401046293e-07
Completed 15 % :  mod = 4.183757614724697e-14,  Error =2.2006217648140591e-07
Completed 16 % :  mod = 6.304065466040673e-14,  Error =2.347314307371562e-07
Completed 17 % :  mod = 9.499270481251068e-14,  Error =2.494024187171817e-07
Completed 18 % :  mod = 1.4313479013499147e-13,  Error =2.6407285247387335e-07
Completed 19 % :  mod = 2.1568245729315528e-13,  Error =2.787442880958224e-07
Completed 20 % :  mod = 3.250004755102515e-13,  Error =2.934144447408471e-07
Completed 21 % :  mod = 4.897081157478767e-13,  Error =3.0808423900907655e-07
Completed 22 % :  mod = 7.379090212168631e-13,  Error =3.227550209317087e-07
Completed 23 % :  mod = 1.111854004197742e-12,  Error =3.3742656313506814e-07
Completed 24 % :  mod = 1.6753064930366151e-12,  Error =3.5209728821428143e-07
Completed 25 % :  mod = 2.524124685127888e-12,  Error =3.667668835305449e-07
Completed 26 % :  mod = 3.8022839058753016e-12,  Error =3.8143218006325696e-07
Completed 27 % :  mod = 5.725832346252286e-12,  Error =3.9609464863588073e-07
Completed 28 % :  mod = 8.615541149888484e-12,  Error =4.1074829226772636e-07
Completed 29 % :  mod = 1.2939549163379313e-11,  Error =4.2537477185078387e-07
Completed 30 % :  mod = 1.935451446773858e-11,  Error =4.3994850074113856e-07
Completed 31 % :  mod = 2.8683438313228152e-11,  Error =4.544037182085958e-07
Completed 32 % :  mod = 4.1659139347780116e-11,  Error =4.6861396185704507e-07
Completed 33 % :  mod = 5.797897029130179e-11,  Error =4.823637311801576e-07
Completed 34 % :  mod = 7.430268627490526e-11,  Error =4.954099637188847e-07
Completed 35 % :  mod = 8.318859882307395e-11,  Error =5.077777913697901e-07
Completed 36 % :  mod = 7.864914990138753e-11,  Error =5.200159449714192e-07
Completed 37 % :  mod = 6.391860408344502e-11,  Error =5.328004064608649e-07
Completed 38 % :  mod = 4.699581646560121e-11,  Error =5.46328301709309e-07
Completed 39 % :  mod = 3.272997101682978e-11,  Error =5.604078268106605e-07
Completed 40 % :  mod = 2.2201583582591707e-11,  Error =5.747972764424958e-07
Completed 41 % :  mod = 1.487899616311528e-11,  Error =5.893384553701253e-07
Completed 42 % :  mod = 9.917100312342116e-12,  Error =6.03951129107827e-07
Completed 43 % :  mod = 6.5939422312722425e-12,  Error =6.185970420347076e-07
Completed 44 % :  mod = 4.379818364151815e-12,  Error =6.332561000021997e-07
Completed 45 % :  mod = 2.90769027726752e-12,  Error =6.479217873334164e-07
Completed 46 % :  mod = 1.9300362886061154e-12,  Error =6.625886612710019e-07
Completed 47 % :  mod = 1.2809425887012967e-12,  Error =6.772584697500861e-07
Completed 48 % :  mod = 8.501197834306938e-13,  Error =6.919289319284871e-07
Completed 49 % :  mod = 5.642178743278335e-13,  Error =7.065984277687676e-07
Completed 50 % :  mod = 3.7446897585633866e-13,  Error =7.212687052060573e-07
Completed 51 % :  mod = 2.485587475754714e-13,  Error =7.359398850326215e-07
Completed 52 % :  mod = 1.650290457259796e-13,  Error =7.506097361442698e-07
Completed 53 % :  mod = 1.0962597175275539e-13,  Error =7.652814417724585e-07
Completed 54 % :  mod = 7.291506959555371e-14,  Error =7.799510370887219e-07
Completed 55 % :  mod = 4.863140023594758e-14,  Error =7.946216697973796e-07
Completed 56 % :  mod = 3.2638673643001514e-14,  Error =8.092922243463363e-07
Completed 57 % :  mod = 2.221109369659009e-14,  Error =8.239624094130704e-07
Completed 58 % :  mod = 1.5569152161254937e-14,  Error =8.38633617661344e-07
Completed 59 % :  mod = 1.1581775296829857e-14,  Error =8.533029998147867e-07
Completed 60 % :  mod = 9.568493778995818e-15,  Error =8.679744780693e-07
Completed 61 % :  mod = 9.186506403554779e-15,  Error =8.826458710586849e-07
Completed 62 % :  mod = 1.0370529687046058e-14,  Error =8.973155232183672e-07
Completed 63 % :  mod = 1.3322625306227764e-14,  Error =9.119867385720681e-07
Completed 64 % :  mod = 1.8545495614153475e-14,  Error =9.266564191534599e-07
Completed 65 % :  mod = 2.69304306296814e-14,  Error =9.413274213443401e-07
Completed 66 % :  mod = 3.9906625969152805e-14,  Error =9.55998515905776e-07
Completed 67 % :  mod = 5.968437761311576e-14,  Error =9.70668978084177e-07
Completed 68 % :  mod = 8.963883131543728e-14,  Error =9.853399518533479e-07
Completed 69 % :  mod = 1.3487079184238142e-13,  Error =1.0000104708751678e-06
Completed 70 % :  mod = 2.030991816647555e-13,  Error =1.0146809472644236e-06
Completed 71 % :  mod = 3.0595286551527645e-13,  Error =1.029351871295603e-06
Completed 72 % :  mod = 4.609503452911501e-13,  Error =1.0440218005669522e-06
Completed 73 % :  mod = 6.945384837105058e-13,  Error =1.0586927672306956e-06
Completed 74 % :  mod = 1.0465173911381281e-12,  Error =1.0733626538694807e-06
Completed 75 % :  mod = 1.5767986043203541e-12,  Error =1.0880318370709574e-06
Completed 76 % :  mod = 2.375730075279691e-12,  Error =1.1027011197484171e-06
Completed 77 % :  mod = 3.578853530393772e-12,  Error =1.1173673541975404e-06
Completed 78 % :  mod = 5.38975340113842e-12,  Error =1.1320319188712347e-06
Completed 79 % :  mod = 8.111177595136533e-12,  Error =1.1466861593589783e-06
Completed 80 % :  mod = 1.218658705931367e-11,  Error =1.1613176624791777e-06
Completed 81 % :  mod = 1.8243532028705264e-11,  Error =1.1759033569092026e-06
Completed 82 % :  mod = 2.7087388560909853e-11,  Error =1.1903817735969824e-06
Completed 83 % :  mod = 3.950076554964023e-11,  Error =1.2046406823174038e-06
Completed 84 % :  mod = 5.543607806858438e-11,  Error =1.2184749920152171e-06
Completed 85 % :  mod = 7.214670659669516e-11,  Error =1.2316343926954687e-06
Completed 86 % :  mod = 8.266108636683384e-11,  Error =1.2440793639711956e-06
Completed 87 % :  mod = 8.014496092661756e-11,  Error =1.2562886766431802e-06
Completed 88 % :  mod = 6.641294168127628e-11,  Error =1.268965249323628e-06
Completed 89 % :  mod = 4.9395067156504725e-11,  Error =1.282391409063166e-06
Completed 90 % :  mod = 3.4602457488595715e-11,  Error =1.2964054647568446e-06
Completed 91 % :  mod = 2.353625821987014e-11,  Error =1.3107622862662538e-06
Completed 92 % :  mod = 1.5793105338131925e-11,  Error =1.3252885935344239e-06
Completed 93 % :  mod = 1.0532217981208152e-11,  Error =1.3398949647580594e-06
Completed 94 % :  mod = 7.0046626533271435e-12,  Error =1.354537502606945e-06
Completed 95 % :  mod = 4.653133219214285e-12,  Error =1.3691945639493497e-06
Completed 96 % :  mod = 3.089290114559012e-12,  Error =1.3838595194215486e-06
Completed 97 % :  mod = 2.050555327132354e-12,  Error =1.398529072105248e-06
Completed 98 % :  mod = 1.3609962537499722e-12,  Error =1.4131976584508266e-06
Completed 99 % :  mod = 9.032636697641043e-13,  Error =1.4278683693191851e-06
Completed 100 % :  mod = 5.995069197359603e-13,  Error =1.4425380356897222e-06
Finished 34/201 frames
Finished all frames!
