/opt/local/miniconda_23_9/lib/python3.11/site-packages/conda/base/context.py:201: FutureWarning: Adding 'defaults' to channel list implicitly is deprecated and will be removed in 25.3. 

To remove this warning, please choose a default channel explicitly with conda's regular configuration system, e.g. by adding 'defaults' to the list of channels:

  conda config --add channels defaults

For more information see https://docs.conda.io/projects/conda/en/stable/user-guide/configuration/use-condarc.html

  deprecated.topic(
JOB 13981 ARRAY_ID 110  -> i=110 ; range=[1.9e-10, 5.0e-10] ; intervals=200 (frames=201)
Analytic t0 extension enabled (--extend-time-using-t0).
Density options: centers='2.0e-10,4.0e-10' width='2.0e-11,5.0e-11' strength='7.0'
Completed 0 % :  mod = 3.082551720326335e-16,  Error =-1.4210854715202004e-14
Completed 1 % :  mod = 4.624430631345206e-16,  Error =1.0820605922390314e-07
Completed 2 % :  mod = 1.0792549565124793e-15,  Error =2.1641211844780628e-07
Completed 3 % :  mod = 2.7757440835531917e-15,  Error =3.246171118576058e-07
Completed 4 % :  mod = 7.249063384255932e-15,  Error =4.3282258133103824e-07
Completed 5 % :  mod = 1.8974282473809795e-14,  Error =5.410286547657961e-07
Completed 6 % :  mod = 4.968120823391024e-14,  Error =6.492347210951266e-07
Completed 7 % :  mod = 1.300887790534637e-13,  Error =7.574410147981325e-07
Completed 8 % :  mod = 3.406359785925667e-13,  Error =8.656469390189159e-07
Completed 9 % :  mod = 8.919514877000328e-13,  Error =9.738530408753832e-07
Completed 10 % :  mod = 2.3355502749398867e-12,  Error =1.0820571958447545e-06
Completed 11 % :  mod = 6.115303811017668e-12,  Error =1.1902480139269755e-06
Completed 12 % :  mod = 1.600719548056758e-11,  Error =1.298348252021242e-06
Completed 13 % :  mod = 4.181239458717484e-11,  Error =1.4058291597507377e-06
Completed 14 % :  mod = 1.0760965630572922e-10,  Error =1.509308596325809e-06
Completed 15 % :  mod = 2.4636859516736696e-10,  Error =1.5934343053913835e-06
Completed 16 % :  mod = 2.67014165139603e-10,  Error =1.6502151680697352e-06
Completed 17 % :  mod = 1.1282356619896696e-10,  Error =1.7321083305432694e-06
Completed 18 % :  mod = 4.778495911383498e-11,  Error =1.8345862855539963e-06
Completed 19 % :  mod = 3.1572626367787847e-11,  Error =1.94150207732946e-06
Completed 20 % :  mod = 4.028173987474633e-11,  Error =2.0487155154569336e-06
Completed 21 % :  mod = 8.296880214601805e-11,  Error =2.1534943641654536e-06
Completed 22 % :  mod = 2.1786511528943106e-10,  Error =2.2441310463250375e-06
Completed 23 % :  mod = 2.9297325890466213e-10,  Error =2.305186256990055e-06
Completed 24 % :  mod = 1.313004721597026e-10,  Error =2.3778233426696715e-06
Completed 25 % :  mod = 7.228574611248827e-11,  Error =2.477109340759398e-06
Completed 26 % :  mod = 4.991583317686573e-11,  Error =2.5826072658219346e-06
Completed 27 % :  mod = 6.895264948417707e-11,  Error =2.687645363153024e-06
Completed 28 % :  mod = 1.7831508328246532e-10,  Error =2.7831273712308757e-06
Completed 28 % :  mod = 3.0550310826919563e-10,  Error =2.8513259024975923e-06
Completed 30 % :  mod = 1.6328439767495632e-10,  Error =2.913958432770869e-06
Completed 31 % :  mod = 1.0273366864238964e-10,  Error =3.0072422489979544e-06
Completed 32 % :  mod = 7.443589137451837e-11,  Error =3.109984902494034e-06
Completed 33 % :  mod = 1.0107518758942768e-10,  Error =3.2110415872921294e-06
Completed 34 % :  mod = 2.541700658977864e-10,  Error =3.2937334708549315e-06
Completed 35 % :  mod = 2.7616778803850296e-10,  Error =3.354344769945783e-06
Completed 36 % :  mod = 1.1275372211169054e-10,  Error =3.433030300925566e-06
Completed 37 % :  mod = 8.23723277483805e-11,  Error =3.532355599134007e-06
Completed 38 % :  mod = 1.1413256822850211e-10,  Error =3.6337153304089043e-06
Completed 39 % :  mod = 1.8082980812910364e-10,  Error =3.7242694830297296e-06
Completed 40 % :  mod = 2.8959156687746204e-10,  Error =3.7840816276002442e-06
Completed 41 % :  mod = 1.7465933745266592e-10,  Error =3.855600880342536e-06
Completed 42 % :  mod = 7.051634506153648e-11,  Error =3.9520575185747475e-06
Completed 43 % :  mod = 5.691944143577992e-11,  Error =4.056406837094073e-06
Completed 44 % :  mod = 1.1296971888155324e-10,  Error =4.159116549828923e-06
Completed 45 % :  mod = 2.0200752549643621e-10,  Error =4.247850647232099e-06
Completed 46 % :  mod = 2.85629411604602e-10,  Error =4.305291746220519e-06
Completed 47 % :  mod = 1.5420945300230803e-10,  Error =4.380352002897325e-06
Completed 48 % :  mod = 6.043288637204934e-11,  Error =4.479141438196166e-06
Completed 49 % :  mod = 5.127926227941267e-11,  Error =4.584318965328293e-06
Completed 50 % :  mod = 1.0160423039217332e-10,  Error =4.688188049328801e-06
Completed 51 % :  mod = 1.822882615547816e-10,  Error =4.780061097164889e-06
Completed 52 % :  mod = 3.0448098269073384e-10,  Error =4.840092714175626e-06
Completed 53 % :  mod = 1.583036205685278e-10,  Error =4.911195439660787e-06
Completed 54 % :  mod = 6.06619811641587e-11,  Error =5.008961053931671e-06
Completed 55 % :  mod = 4.4330926192558155e-11,  Error =5.11466793540194e-06
Completed 56 % :  mod = 6.30527357786527e-11,  Error =5.220844229825161e-06
Completed 56 % :  mod = 1.1294933745461436e-10,  Error =5.322319651668295e-06
Completed 57 % :  mod = 2.767221972192315e-10,  Error =5.401027003415493e-06
Completed 59 % :  mod = 2.446571624487917e-10,  Error =5.459679258024153e-06
Completed 60 % :  mod = 9.363019785415957e-11,  Error =5.5456102572293275e-06
Completed 61 % :  mod = 4.988747627046726e-11,  Error =5.649222721615388e-06
Completed 62 % :  mod = 3.7090768507902495e-11,  Error =5.75610380337821e-06
Completed 63 % :  mod = 4.970688936918796e-11,  Error =5.862687359581287e-06
Completed 64 % :  mod = 1.2556663687821172e-10,  Error =5.963908478179292e-06
Completed 65 % :  mod = 2.8326640727426806e-10,  Error =6.04232329237675e-06
Completed 66 % :  mod = 2.2433989560394061e-10,  Error =6.099287276128962e-06
Completed 67 % :  mod = 1.0624527201286517e-10,  Error =6.186426752208263e-06
Completed 68 % :  mod = 3.805214339402763e-11,  Error =6.290431777244976e-06
Completed 69 % :  mod = 1.827354379157345e-11,  Error =6.3978322302205015e-06
Completed 70 % :  mod = 2.513598859862752e-11,  Error =6.505662675238e-06
Completed 71 % :  mod = 4.645402746313213e-11,  Error =6.612928579841082e-06
Completed 72 % :  mod = 1.0375653536923164e-10,  Error =6.7161016303884935e-06
Completed 73 % :  mod = 2.5753902081522765e-10,  Error =6.799426749637405e-06
Completed 74 % :  mod = 2.594286327483414e-10,  Error =6.856579936709295e-06
Completed 75 % :  mod = 1.085679829534623e-10,  Error =6.939146160789278e-06
Completed 76 % :  mod = 4.9548023321952965e-11,  Error =7.0420581437247165e-06
Completed 77 % :  mod = 2.398908032306053e-11,  Error =7.1492102904358035e-06
Completed 78 % :  mod = 2.355516559963278e-11,  Error =7.25688090597032e-06
Completed 79 % :  mod = 5.5722003121534276e-11,  Error =7.3636711377389474e-06
Completed 80 % :  mod = 1.4223672603860664e-10,  Error =7.464290540326601e-06
Completed 81 % :  mod = 2.7080279068934043e-10,  Error =7.54061435515041e-06
Completed 82 % :  mod = 2.2202363071084476e-10,  Error =7.598304293310321e-06
Completed 83 % :  mod = 1.0290038563457645e-10,  Error =7.68708675735752e-06
Completed 84 % :  mod = 4.9078663500624865e-11,  Error =7.790402740681657e-06
Completed 85 % :  mod = 5.868324653147954e-11,  Error =7.896155466369237e-06
Completed 86 % :  mod = 1.243818100684148e-10,  Error =7.998134194053819e-06
Completed 87 % :  mod = 2.3005801553156278e-10,  Error =8.08188818268718e-06
Completed 88 % :  mod = 2.6381284828819834e-10,  Error =8.137641245298255e-06
Completed 89 % :  mod = 1.3067210939083464e-10,  Error =8.218742742371887e-06
Completed 90 % :  mod = 6.307022042513611e-11,  Error =8.319173716131445e-06
Completed 91 % :  mod = 7.039517287663874e-11,  Error =8.423598842455249e-06
Completed 92 % :  mod = 1.464216683795573e-10,  Error =8.523092589030057e-06
Completed 93 % :  mod = 2.486427638314893e-10,  Error =8.600971860062145e-06
Completed 94 % :  mod = 2.3223325373908709e-10,  Error =8.65811745143219e-06
Completed 95 % :  mod = 1.3190650709306014e-10,  Error =8.743541769717922e-06
Completed 96 % :  mod = 7.806069796547469e-11,  Error =8.843232812694168e-06
Completed 97 % :  mod = 1.1506227603185024e-10,  Error =8.942484363672065e-06
Completed 98 % :  mod = 2.737706385586014e-10,  Error =9.024674618274275e-06
Completed 99 % :  mod = 2.371225012079156e-10,  Error =9.083302231260859e-06
Completed 100 % :  mod = 1.194400424320653e-10,  Error =9.163580983795327e-06
Finished 111/201 frames
Finished all frames!
