/opt/local/miniconda_23_9/lib/python3.11/site-packages/conda/base/context.py:201: FutureWarning: Adding 'defaults' to channel list implicitly is deprecated and will be removed in 25.3. 

To remove this warning, please choose a default channel explicitly with conda's regular configuration system, e.g. by adding 'defaults' to the list of channels:

  conda config --add channels defaults

For more information see https://docs.conda.io/projects/conda/en/stable/user-guide/configuration/use-condarc.html

  deprecated.topic(
JOB 14027 ARRAY_ID 156  -> i=156 ; range=[1.9e-10, 5.0e-10] ; intervals=200 (frames=201)
Analytic t0 extension enabled (--extend-time-using-t0).
Density options: centers='2.0e-10,4.0e-10' width='2.0e-11,5.0e-11' strength='7.0'
Completed 0 % :  mod = 3.417317895333673e-16,  Error =-1.4210854715202004e-14
Completed 1 % :  mod = 5.54884884056688e-16,  Error =1.6343673792107438e-07
Completed 2 % :  mod = 1.4602500067479225e-15,  Error =3.2687444928569676e-07
Completed 3 % :  mod = 4.187258972381488e-15,  Error =4.903114287913013e-07
Completed 4 % :  mod = 1.2137821816521846e-14,  Error =6.537486569868634e-07
Completed 5 % :  mod = 3.523016762254832e-14,  Error =8.171859917638358e-07
Completed 6 % :  mod = 1.0227171248318407e-13,  Error =9.806239305021336e-07
Completed 7 % :  mod = 2.968959398102607e-13,  Error =1.1440616916047475e-06
Completed 8 % :  mod = 8.618937317110563e-13,  Error =1.3074989624328737e-06
Completed 9 % :  mod = 2.5020819626285915e-12,  Error =1.470933455038903e-06
Completed 10 % :  mod = 7.263307995728962e-12,  Error =1.6343457076573031e-06
Completed 11 % :  mod = 2.1078589370111082e-11,  Error =1.7975703201500437e-06
Completed 12 % :  mod = 6.101916196067432e-11,  Error =1.9592474842511365e-06
Completed 13 % :  mod = 1.7241721870516325e-10,  Error =2.1092892552587728e-06
Completed 14 % :  mod = 3.6098331609634054e-10,  Error =2.212004105217602e-06
Completed 15 % :  mod = 1.7281278484525337e-10,  Error =2.3082313020950096e-06
Completed 16 % :  mod = 8.452230767010538e-11,  Error =2.455371223675229e-06
Completed 17 % :  mod = 5.097519681269183e-11,  Error =2.6148480714027755e-06
Completed 18 % :  mod = 7.592059614456335e-11,  Error =2.7738030041746242e-06
Completed 19 % :  mod = 2.301195869092e-10,  Error =2.915102193412622e-06
Completed 20 % :  mod = 3.5786931700400145e-10,  Error =3.0097185330646425e-06
Completed 21 % :  mod = 1.3406382691747934e-10,  Error =3.1165800109533848e-06
Completed 22 % :  mod = 9.968924407829636e-11,  Error =3.2646392895685494e-06
Completed 23 % :  mod = 1.4641639402067995e-10,  Error =3.416110509135706e-06
Completed 24 % :  mod = 2.390349843629106e-10,  Error =3.5445877344386645e-06
Completed 25 % :  mod = 2.955312460886656e-10,  Error =3.6260413196487207e-06
Completed 26 % :  mod = 1.6696091124158562e-10,  Error =3.7482959172052688e-06
Completed 27 % :  mod = 9.780401650615611e-11,  Error =3.896092692912134e-06
Completed 28 % :  mod = 1.601973376378909e-10,  Error =4.0396067291226245e-06
Completed 28 % :  mod = 3.909182423144241e-10,  Error =4.143780216736559e-06
Completed 30 % :  mod = 1.849606841855894e-10,  Error =4.235969527144334e-06
Completed 31 % :  mod = 9.480787577724388e-11,  Error =4.374859429390199e-06
Completed 32 % :  mod = 1.3022480895515996e-10,  Error =4.527643234553125e-06
Completed 33 % :  mod = 2.0309294882302536e-10,  Error =4.668138039676251e-06
Completed 34 % :  mod = 3.198531954287839e-10,  Error =4.75868486660147e-06
Completed 35 % :  mod = 1.8145716266149816e-10,  Error =4.868545005365377e-06
Completed 36 % :  mod = 5.7790414803876875e-11,  Error =5.0190773492886365e-06
Completed 37 % :  mod = 4.7331511611908855e-11,  Error =5.178714609144208e-06
Completed 38 % :  mod = 1.257840979416383e-10,  Error =5.335311790588548e-06
Completed 39 % :  mod = 2.6998060719199413e-10,  Error =5.46660049849379e-06
Completed 40 % :  mod = 3.0059555262879405e-10,  Error =5.548935241961317e-06
Completed 41 % :  mod = 1.2061784528366314e-10,  Error =5.674855700021908e-06
Completed 42 % :  mod = 4.189494582202785e-11,  Error =5.83128548470313e-06
Completed 43 % :  mod = 3.8127068773166483e-11,  Error =5.992972624824233e-06
Completed 44 % :  mod = 8.079424035273686e-11,  Error =6.153675521147761e-06
Completed 45 % :  mod = 1.6462735068545196e-10,  Error =6.302825553916591e-06
Completed 46 % :  mod = 3.6541264600035375e-10,  Error =6.403569770441209e-06
Completed 47 % :  mod = 1.720308519861342e-10,  Error =6.5016945285378824e-06
Completed 48 % :  mod = 6.849450173796367e-11,  Error =6.6495751056550034e-06
Completed 49 % :  mod = 4.887945384860832e-11,  Error =6.809835689125521e-06
Completed 50 % :  mod = 6.083285808823786e-11,  Error =6.9708667282952774e-06
Completed 51 % :  mod = 1.4323101576785088e-10,  Error =7.123698694044833e-06
Completed 52 % :  mod = 3.4088273903999793e-10,  Error =7.238141819243538e-06
Completed 53 % :  mod = 2.0718846483550053e-10,  Error =7.3242147280438985e-06
Completed 54 % :  mod = 1.1298874829466207e-10,  Error =7.463390566897488e-06
Completed 55 % :  mod = 8.230824873978285e-11,  Error =7.6193433500293395e-06
Completed 56 % :  mod = 1.1217275146826087e-10,  Error =7.772684845974709e-06
Completed 56 % :  mod = 3.3039536628329146e-10,  Error =7.892714620538754e-06
Completed 57 % :  mod = 2.6600247574509935e-10,  Error =7.980291229614522e-06
Completed 59 % :  mod = 8.445736171000521e-11,  Error =8.114249617108271e-06
Completed 60 % :  mod = 5.89508368206973e-11,  Error =8.272148662058498e-06
Completed 61 % :  mod = 7.090409411023581e-11,  Error =8.432561060089938e-06
Completed 62 % :  mod = 1.2256934805789947e-10,  Error =8.586404646848678e-06
Completed 63 % :  mod = 3.305872584669357e-10,  Error =8.701682638445618e-06
Completed 64 % :  mod = 2.4044009312144776e-10,  Error =8.790515074963423e-06
Completed 65 % :  mod = 9.378257473126686e-11,  Error =8.929257376166788e-06
Completed 66 % :  mod = 6.378119122554634e-11,  Error =9.086774070965475e-06
Completed 67 % :  mod = 9.732779085618549e-11,  Error =9.244262898278066e-06
Completed 68 % :  mod = 2.3714693702755684e-10,  Error =9.383068004353845e-06
Completed 69 % :  mod = 3.311720997411556e-10,  Error =9.471389866178015e-06
Completed 70 % :  mod = 1.234159043169819e-10,  Error =9.58695670050247e-06
Completed 71 % :  mod = 6.579680542785054e-11,  Error =9.741036386401447e-06
Completed 72 % :  mod = 5.225299188023807e-11,  Error =9.901943727186335e-06
Completed 73 % :  mod = 6.903159564738814e-11,  Error =1.0061634853286705e-05
Completed 74 % :  mod = 2.1262188877757448e-10,  Error =1.0204938135416342e-05
Completed 75 % :  mod = 3.633974149995535e-10,  Error =1.0299693350646066e-05
Completed 76 % :  mod = 1.3469637407212157e-10,  Error =1.0405109634348264e-05
Completed 77 % :  mod = 1.0096924894711383e-10,  Error =1.0554054952649494e-05
Completed 78 % :  mod = 1.1305097435471975e-10,  Error =1.0709092336469439e-05
Completed 79 % :  mod = 1.829614747862127e-10,  Error =1.0849688159453308e-05
Completed 80 % :  mod = 3.6346237247571095e-10,  Error =1.0938018817796547e-05
Completed 81 % :  mod = 1.5379727156257175e-10,  Error =1.1047936098407263e-05
Completed 82 % :  mod = 6.87228603949755e-11,  Error =1.1198140128954037e-05
Completed 83 % :  mod = 7.095862975679704e-11,  Error =1.1357591390037669e-05
Completed 84 % :  mod = 1.2007414194881335e-10,  Error =1.1513061195955743e-05
Completed 85 % :  mod = 2.6702694246588504e-10,  Error =1.1640305615401303e-05
Completed 86 % :  mod = 2.925130995304139e-10,  Error =1.1722559058569004e-05
Completed 87 % :  mod = 1.303049624092473e-10,  Error =1.1849767666660682e-05
Completed 88 % :  mod = 8.893680235581361e-11,  Error =1.2001506988212896e-05
Completed 89 % :  mod = 1.482357070424848e-10,  Error =1.215088293804456e-05
Completed 90 % :  mod = 3.4697175316868794e-10,  Error =1.2266185869691526e-05
Completed 91 % :  mod = 2.2462043876866358e-10,  Error =1.2351460156878602e-05
Completed 92 % :  mod = 9.413320394873262e-11,  Error =1.248729635960899e-05
Completed 93 % :  mod = 7.697962185532293e-11,  Error =1.2643763405151276e-05
Completed 94 % :  mod = 1.0918405342930354e-10,  Error =1.2799927517903598e-05
Completed 95 % :  mod = 2.4229290207081047e-10,  Error =1.2932447660318758e-05
Completed 96 % :  mod = 3.5960029305983634e-10,  Error =1.3021050449424365e-05
Completed 97 % :  mod = 1.1685208478554986e-10,  Error =1.3138619237906823e-05
Completed 98 % :  mod = 8.455638723056934e-11,  Error =1.3287174759568643e-05
Completed 99 % :  mod = 2.1237284165444198e-10,  Error =1.3432575592275953e-05
Completed 100 % :  mod = 3.0501330785718544e-10,  Error =1.3544552452060543e-05
Finished 157/201 frames
Finished all frames!
