/opt/local/miniconda_23_9/lib/python3.11/site-packages/conda/base/context.py:201: FutureWarning: Adding 'defaults' to channel list implicitly is deprecated and will be removed in 25.3. 

To remove this warning, please choose a default channel explicitly with conda's regular configuration system, e.g. by adding 'defaults' to the list of channels:

  conda config --add channels defaults

For more information see https://docs.conda.io/projects/conda/en/stable/user-guide/configuration/use-condarc.html

  deprecated.topic(
JOB 13355 ARRAY_ID 1  -> i=1 ; range=[1.9e-10, 6.0e-10] ; intervals=200 (frames=201)
Density options: centers='2.0e-10,4.0e-10' width='5e-11,5e-11' strength=''
Completed 0 % :  mod = 1.5290621703234496e-16,  Error =-1.4210854715202004e-14
Completed 1 % :  mod = 1.4952909842940086e-16,  Error =6.550365583279927e-09
Completed 2 % :  mod = 1.3954691523486305e-16,  Error =1.310112907049188e-08
Completed 3 % :  mod = 1.2340060357057722e-16,  Error =1.965275941984146e-08
Completed 4 % :  mod = 1.0180339500833232e-16,  Error =2.6203267111668538e-08
Completed 5 % :  mod = 7.570927358816453e-17,  Error =3.275435744853894e-08
Completed 6 % :  mod = 4.627089372847662e-17,  Error =3.9305319887716905e-08
Completed 7 % :  mod = 1.478862429764227e-17,  Error =4.585590573924492e-08
Completed 8 % :  mod = 1.7346900423704235e-17,  Error =5.240713818466247e-08
Completed 9 % :  mod = 4.8716170210322574e-17,  Error =5.8957724036190484e-08
Completed 10 % :  mod = 7.79335248253969e-17,  Error =6.550857989395809e-08
Completed 11 % :  mod = 1.0370837660450182e-16,  Error =7.205915153463138e-08
Completed 12 % :  mod = 1.2490217000918522e-16,  Error =7.861032713663008e-08
Completed 13 % :  mod = 1.405787310768786e-16,  Error =8.51607779850383e-08
Completed 14 % :  mod = 1.5004559662132388e-16,  Error =9.171218806613979e-08
Completed 15 % :  mod = 1.5288457405841266e-16,  Error =9.826246127886407e-08
Completed 16 % :  mod = 1.4897027045870258e-16,  Error =1.0481351608859768e-07
Completed 17 % :  mod = 1.384755944358641e-16,  Error =1.1136505406739161e-07
Completed 18 % :  mod = 1.2186410369203866e-16,  Error =1.179162296693903e-07
Completed 19 % :  mod = 9.98695907690075e-17,  Error =1.244679737055776e-07
Completed 20 % :  mod = 7.346359687380217e-17,  Error =1.310183961322764e-07
Completed 21 % :  mod = 4.381252644135276e-17,  Error =1.3756881855897518e-07
Completed 22 % :  mod = 1.2226163309765033e-17,  Error =1.4411984494699936e-07
Completed 23 % :  mod = 1.9900263407120365e-17,  Error =1.5067084291331412e-07
Completed 24 % :  mod = 5.114765138750268e-17,  Error =1.5722211799129582e-07
Completed 25 % :  mod = 8.013571525909006e-17,  Error =1.6377211409235315e-07
Completed 26 % :  mod = 1.0558400362868335e-16,  Error =1.7032268573302645e-07
Completed 27 % :  mod = 1.263683853850509e-16,  Error =1.7687292341861394e-07
Completed 28 % :  mod = 1.4157076227146612e-16,  Error =1.8342304031193635e-07
Completed 28 % :  mod = 1.5051963056592329e-16,  Error =1.8997452144731142e-07
Completed 30 % :  mod = 1.528196710894075e-16,  Error =1.965249296631555e-07
Completed 31 % :  mod = 1.483692889503983e-16,  Error =2.0307636106053906e-07
Completed 32 % :  mod = 1.373650932965734e-16,  Error =2.0962723823458873e-07
Completed 33 % :  mod = 1.2029313669663989e-16,  Error =2.1617741907675736e-07
Completed 34 % :  mod = 9.79075365540052e-17,  Error =2.227295254897399e-07
Completed 35 % :  mod = 7.119713450651364e-17,  Error =2.2928044529635372e-07
Completed 36 % :  mod = 4.134177517478443e-17,  Error =2.358311519401468e-07
Completed 37 % :  mod = 9.660255770468018e-18,  Error =2.4238298834688976e-07
Completed 38 % :  mod = 2.2447981037952186e-17,  Error =2.489338086775206e-07
Completed 39 % :  mod = 5.356464790837394e-17,  Error =2.55485396394306e-07
Completed 40 % :  mod = 8.231521809313485e-17,  Error =2.6203642988775755e-07
Completed 41 % :  mod = 1.0742973319190113e-16,  Error =2.6858897683723626e-07
Completed 42 % :  mod = 1.2779883254065162e-16,  Error =2.7513936373679826e-07
Completed 43 % :  mod = 1.4252272592285613e-16,  Error =2.8169055354965167e-07
Completed 44 % :  mod = 1.509510506986046e-16,  Error =2.882419423144711e-07
Completed 45 % :  mod = 1.5271151794809922e-16,  Error =2.9479322449788015e-07
Completed 46 % :  mod = 1.4772632766411542e-16,  Error =3.0134431483475055e-07
Completed 47 % :  mod = 1.3621570856803568e-16,  Error =3.078945738366201e-07
Completed 48 % :  mod = 1.1868812496348117e-16,  Error =3.1444523784784906e-07
Completed 49 % :  mod = 9.591778336901094e-17,  Error =3.209967545103609e-07
Completed 50 % :  mod = 6.891052863694822e-17,  Error =3.275471271990682e-07
Completed 51 % :  mod = 3.8859333933305563e-17,  Error =3.3409816069251974e-07
Completed 52 % :  mod = 7.091622257462335e-18,  Error =3.4064964893332217e-07
Completed 53 % :  mod = 2.4989331497717667e-17,  Error =3.4720156349976605e-07
Completed 54 % :  mod = 5.596645387768113e-17,  Error =3.5375295937001283e-07
Completed 55 % :  mod = 8.447141077072274e-17,  Error =3.603036233812418e-07
Completed 56 % :  mod = 1.0924503962087587e-16,  Error =3.6685493398636027e-07
Completed 56 % :  mod = 1.2919306764188992e-16,  Error =3.734072251404541e-07
Completed 57 % :  mod = 1.4343433608505062e-16,  Error =3.799578465191189e-07
Completed 59 % :  mod = 1.5133973506192623e-16,  Error =3.865084678977837e-07
Completed 60 % :  mod = 1.5256011122236782e-16,  Error =3.930591603307221e-07
Completed 61 % :  mod = 1.4704154195471276e-16,  Error =3.996102648784472e-07
Completed 62 % :  mod = 1.350277709673996e-16,  Error =4.0616084362454785e-07
Completed 63 % :  mod = 1.1704951087909386e-16,  Error =4.127121115971022e-07
Completed 64 % :  mod = 9.390088656240849e-17,  Error =4.192638911604263e-07
Completed 65 % :  mod = 6.66044283950916e-17,  Error =4.258149246538778e-07
Completed 66 % :  mod = 3.636590375248529e-17,  Error =4.3236548918912376e-07
Completed 67 % :  mod = 4.5209957561682816e-18,  Error =4.3891668610740453e-07
Completed 68 % :  mod = 2.7523605582439123e-17,  Error =4.454670587961118e-07
Completed 69 % :  mod = 5.835241075625907e-17,  Error =4.52017410168537e-07
Completed 70 % :  mod = 8.660367569812888e-17,  Error =4.585691257830149e-07
Completed 71 % :  mod = 1.110294365851062e-16,  Error =4.651194629445854e-07
Completed 72 % :  mod = 1.3055074425518552e-16,  Error =4.7167080907684067e-07
Completed 73 % :  mod = 1.4430533653885485e-16,  Error =4.782224891641818e-07
Completed 74 % :  mod = 1.5168560445334455e-16,  Error =4.847737855584455e-07
Completed 75 % :  mod = 1.5236554024771945e-16,  Error =4.91325373275231e-07
Completed 76 % :  mod = 1.4631513417124765e-16,  Error =4.978758525453486e-07
Completed 77 % :  mod = 1.338016281173176e-16,  Error =5.044266586651247e-07
Completed 78 % :  mod = 1.153777775169557e-16,  Error =5.109772871492169e-07
Completed 79 % :  mod = 9.18574146657726e-17,  Error =5.175276314162147e-07
Completed 80 % :  mod = 6.427947810294219e-17,  Error =5.240791978167181e-07
Completed 81 % :  mod = 3.3862176103616924e-17,  Error =5.306303307861526e-07
Completed 82 % :  mod = 1.949102944753986e-18,  Error =5.371810587462278e-07
Completed 83 % :  mod = 3.005008302459817e-17,  Error =5.4373168723032e-07
Completed 84 % :  mod = 6.072186744956811e-17,  Error =5.502831257331309e-07
Completed 85 % :  mod = 8.871141870117953e-17,  Error =5.568347347661984e-07
Completed 86 % :  mod = 1.1278239262104853e-16,  Error =5.633859458953339e-07
Completed 87 % :  mod = 1.3187148058498694e-16,  Error =5.699365317468619e-07
Completed 88 % :  mod = 1.4513548972833667e-16,  Error =5.7648735918292e-07
Completed 89 % :  mod = 1.5198851969972148e-16,  Error =5.83038797685731e-07
Completed 90 % :  mod = 1.5212784441863078e-16,  Error =5.895899377605929e-07
Completed 91 % :  mod = 1.4554732041465513e-16,  Error =5.961409712540444e-07
Completed 92 % :  mod = 1.3253761006285409e-16,  Error =6.026924239677101e-07
Completed 93 % :  mod = 1.136733924926067e-16,  Error =6.092438056271021e-07
Completed 94 % :  mod = 8.978795968192793e-17,  Error =6.157960044106403e-07
Completed 95 % :  mod = 6.193635765126471e-17,  Error =6.223467252652881e-07
Completed 96 % :  mod = 3.134887885394072e-17,  Error =6.288977942858764e-07
Completed 97 % :  mod = 6.233360126597474e-19,  Error =6.354492398941147e-07
Completed 98 % :  mod = 3.256802949460602e-17,  Error =6.420000246976088e-07
Completed 99 % :  mod = 6.307411702837725e-17,  Error =6.485504044917434e-07
Completed 100 % :  mod = 9.079405268843491e-17,  Error =6.551015943045968e-07
Finished 2/201 frames
Finished all frames!
