/opt/local/miniconda_23_9/lib/python3.11/site-packages/conda/base/context.py:201: FutureWarning: Adding 'defaults' to channel list implicitly is deprecated and will be removed in 25.3. 

To remove this warning, please choose a default channel explicitly with conda's regular configuration system, e.g. by adding 'defaults' to the list of channels:

  conda config --add channels defaults

For more information see https://docs.conda.io/projects/conda/en/stable/user-guide/configuration/use-condarc.html

  deprecated.topic(
JOB 13990 ARRAY_ID 119  -> i=119 ; range=[1.9e-10, 5.0e-10] ; intervals=200 (frames=201)
Analytic t0 extension enabled (--extend-time-using-t0).
Density options: centers='2.0e-10,4.0e-10' width='2.0e-11,5.0e-11' strength='7.0'
Completed 0 % :  mod = 3.1473301428146263e-16,  Error =-1.4210854715202004e-14
Completed 1 % :  mod = 4.79586442644445e-16,  Error =1.1759253482068743e-07
Completed 2 % :  mod = 1.1468432792815691e-15,  Error =2.3518508385222958e-07
Completed 3 % :  mod = 3.0155060119090583e-15,  Error =3.527775049860793e-07
Completed 4 % :  mod = 8.043141534812775e-15,  Error =4.703700611230488e-07
Completed 5 % :  mod = 2.149658195242629e-14,  Error =5.87962730946856e-07
Completed 6 % :  mod = 5.746933326833238e-14,  Error =7.055548607581841e-07
Completed 7 % :  mod = 1.5364559561082956e-13,  Error =8.231472889974611e-07
Completed 8 % :  mod = 4.1077726978457336e-13,  Error =9.407403780414825e-07
Completed 9 % :  mod = 1.098227903354918e-12,  Error =1.058333033654435e-06
Completed 10 % :  mod = 2.9361254738496876e-12,  Error =1.1759207225736645e-06
Completed 11 % :  mod = 7.849252402321817e-12,  Error =1.2934872728465052e-06
Completed 12 % :  mod = 2.097385329920167e-11,  Error =1.4108915564747804e-06
Completed 13 % :  mod = 5.585418394408647e-11,  Error =1.5271578277520348e-06
Completed 14 % :  mod = 1.4493555240580502e-10,  Error =1.636068944321778e-06
Completed 15 % :  mod = 3.0041556539318156e-10,  Error =1.7156329121803537e-06
Completed 16 % :  mod = 2.0508490831324983e-10,  Error =1.7802359053575856e-06
Completed 17 % :  mod = 9.171381524687177e-11,  Error =1.880414529864538e-06
Completed 18 % :  mod = 3.8113983662015977e-11,  Error =1.9944414901829077e-06
Completed 19 % :  mod = 3.431413411564805e-11,  Error =2.1108369239186686e-06
Completed 20 % :  mod = 7.07234032921414e-11,  Error =2.2261856784666634e-06
Completed 21 % :  mod = 1.5273242477382896e-10,  Error =2.33319426001799e-06
Completed 22 % :  mod = 3.057551742707711e-10,  Error =2.408106198004134e-06
Completed 23 % :  mod = 1.9514512309278526e-10,  Error =2.4767109678691668e-06
Completed 24 % :  mod = 7.67663170468254e-11,  Error =2.5795584335241983e-06
Completed 25 % :  mod = 3.080468992751803e-11,  Error =2.6945220668039838e-06
Completed 26 % :  mod = 2.194029156624796e-11,  Error =2.8115031582842676e-06
Completed 27 % :  mod = 3.385941755484442e-11,  Error =2.9284718365829576e-06
Completed 28 % :  mod = 7.355239952905284e-11,  Error =3.0434288049718816e-06
Completed 28 % :  mod = 1.964131833529295e-10,  Error =3.1457780451660255e-06
Completed 30 % :  mod = 3.162518863352048e-10,  Error =3.21476782261243e-06
Completed 31 % :  mod = 1.4525953044899596e-10,  Error =3.2889498342569823e-06
Completed 32 % :  mod = 8.031097082542501e-11,  Error =3.3951369573514967e-06
Completed 33 % :  mod = 5.582972161766201e-11,  Error =3.5092967465288893e-06
Completed 34 % :  mod = 7.722298269639529e-11,  Error =3.6227763686724757e-06
Completed 35 % :  mod = 2.0312332817171016e-10,  Error =3.7234339345104672e-06
Completed 36 % :  mod = 3.19289955998479e-10,  Error =3.793200448853895e-06
Completed 37 % :  mod = 1.4293717580872606e-10,  Error =3.866549000974828e-06
Completed 38 % :  mod = 9.743189759450122e-11,  Error =3.9705932337597005e-06
Completed 39 % :  mod = 1.009569712569339e-10,  Error =4.0812301094206305e-06
Completed 40 % :  mod = 1.5092488667620032e-10,  Error =4.184615733038299e-06
Completed 41 % :  mod = 3.0746370214258704e-10,  Error =4.256284078962835e-06
Completed 42 % :  mod = 2.0254022469241927e-10,  Error =4.327861077513262e-06
Completed 43 % :  mod = 7.762578216567205e-11,  Error =4.4297328400944025e-06
Completed 44 % :  mod = 5.17651008526857e-11,  Error =4.543348531171887e-06
Completed 45 % :  mod = 8.425770315740585e-11,  Error =4.657194004664689e-06
Completed 46 % :  mod = 1.6444233188919185e-10,  Error =4.761819127452327e-06
Completed 47 % :  mod = 3.0479020470754484e-10,  Error =4.832893807815708e-06
Completed 48 % :  mod = 1.8887665844356195e-10,  Error =4.904797002325267e-06
Completed 49 % :  mod = 6.998302830013263e-11,  Error =5.009131506028552e-06
Completed 50 % :  mod = 2.8653495434189954e-11,  Error =5.124312373538942e-06
Completed 51 % :  mod = 2.8875662437570684e-11,  Error =5.241135134781416e-06
Completed 52 % :  mod = 5.3838061710730104e-11,  Error =5.357417016682575e-06
Completed 53 % :  mod = 1.1719602169010196e-10,  Error =5.468491288240784e-06
Completed 54 % :  mod = 2.844761210476371e-10,  Error =5.555102042364979e-06
Completed 55 % :  mod = 2.41930270658806e-10,  Error =5.6169258968452596e-06
Completed 56 % :  mod = 9.708148016278358e-11,  Error =5.711497507832064e-06
Completed 56 % :  mod = 4.194507920445289e-11,  Error =5.824793888109525e-06
Completed 57 % :  mod = 2.0703895014559435e-11,  Error =5.941654009689046e-06
Completed 59 % :  mod = 1.4176870299271735e-11,  Error =6.058990180690671e-06
Completed 60 % :  mod = 2.9055923363841344e-11,  Error =6.176091005727358e-06
Completed 61 % :  mod = 8.277089253679269e-11,  Error =6.291053963991544e-06
Completed 62 % :  mod = 1.9240153808527562e-10,  Error =6.393427675277508e-06
Completed 63 % :  mod = 3.1317158758149606e-10,  Error =6.460970958244161e-06
Completed 64 % :  mod = 1.4847277914559169e-10,  Error =6.536710571936055e-06
Completed 65 % :  mod = 6.300629992109527e-11,  Error =6.644105738473627e-06
Completed 66 % :  mod = 3.406635489489922e-11,  Error =6.7597087820558954e-06
Completed 67 % :  mod = 3.3081916587667104e-11,  Error =6.876461611682316e-06
Completed 68 % :  mod = 6.243625833931501e-11,  Error =6.992024459862023e-06
Completed 69 % :  mod = 1.6009962346472412e-10,  Error =7.0991980791745846e-06
Completed 70 % :  mod = 2.980024723070039e-10,  Error =7.1753575738853215e-06
Completed 71 % :  mod = 1.915270463538361e-10,  Error =7.242878332647251e-06
Completed 72 % :  mod = 9.299995610384264e-11,  Error =7.344976815204518e-06
Completed 73 % :  mod = 4.428600543003336e-11,  Error =7.458822523176423e-06
Completed 74 % :  mod = 5.438207991155085e-11,  Error =7.573931455340244e-06
Completed 75 % :  mod = 1.4555309890601842e-10,  Error =7.683522547097255e-06
Completed 76 % :  mod = 2.6199891728673455e-10,  Error =7.76910421507182e-06
Completed 77 % :  mod = 2.3618346959629156e-10,  Error =7.830283351495382e-06
Completed 78 % :  mod = 1.272691267110671e-10,  Error =7.924289242566829e-06
Completed 79 % :  mod = 6.344784094731073e-11,  Error =8.034462780415197e-06
Completed 80 % :  mod = 9.537211756013657e-11,  Error =8.145447537799555e-06
Completed 81 % :  mod = 2.4723760732299173e-10,  Error =8.241803939768033e-06
Completed 82 % :  mod = 2.720415715191543e-10,  Error =8.308311713278727e-06
Completed 83 % :  mod = 1.365013781468912e-10,  Error =8.388802108072468e-06
Completed 84 % :  mod = 8.690383176471413e-11,  Error =8.49642054134847e-06
Completed 85 % :  mod = 7.584411339217476e-11,  Error =8.60904752642e-06
Completed 86 % :  mod = 1.3332651860480036e-10,  Error =8.715582154650292e-06
Completed 87 % :  mod = 3.2407179587030447e-10,  Error =8.79369561346266e-06
Completed 88 % :  mod = 2.0467048238856916e-10,  Error =8.859588213283587e-06
Completed 89 % :  mod = 8.786095855476614e-11,  Error =8.958332315955886e-06
Completed 90 % :  mod = 4.841947639792403e-11,  Error =9.072054247383221e-06
Completed 91 % :  mod = 4.3339334183009645e-11,  Error =9.187958141865238e-06
Completed 92 % :  mod = 8.322097921373822e-11,  Error =9.301660107041698e-06
Completed 93 % :  mod = 2.270063395155087e-10,  Error =9.400228066169802e-06
Completed 94 % :  mod = 2.999378737002338e-10,  Error =9.466788569056916e-06
Completed 95 % :  mod = 1.3096065289449866e-10,  Error =9.545931156651477e-06
Completed 96 % :  mod = 7.6791173117316e-11,  Error =9.653832670153406e-06
Completed 97 % :  mod = 6.493866926241096e-11,  Error =9.767688972317501e-06
Completed 98 % :  mod = 1.0189471200271535e-10,  Error =9.878746610070266e-06
Completed 99 % :  mod = 2.612032643977989e-10,  Error =9.969030429601844e-06
Completed 100 % :  mod = 2.824808367600003e-10,  Error =1.0033670619691293e-05
Finished 120/201 frames
Finished all frames!
