/opt/local/miniconda_23_9/lib/python3.11/site-packages/conda/base/context.py:201: FutureWarning: Adding 'defaults' to channel list implicitly is deprecated and will be removed in 25.3. 

To remove this warning, please choose a default channel explicitly with conda's regular configuration system, e.g. by adding 'defaults' to the list of channels:

  conda config --add channels defaults

For more information see https://docs.conda.io/projects/conda/en/stable/user-guide/configuration/use-condarc.html

  deprecated.topic(
JOB 13896 ARRAY_ID 25  -> i=25 ; range=[1.9e-10, 5.0e-10] ; intervals=200 (frames=201)
Analytic t0 extension enabled (--extend-time-using-t0).
Density options: centers='2.0e-10,4.0e-10' width='2.0e-11,5.0e-11' strength='7.0'
Extending simulation time for p0=2.131e-10 from 10000000000.0 to 1.573e+10
Completed 0 % :  mod = 1.70492285718327e-16,  Error =-1.4210854715202004e-14
Completed 1 % :  mod = 1.845177092388578e-16,  Error =1.5930247343476367e-08
Completed 2 % :  mod = 2.289015641077233e-16,  Error =3.186150365763751e-08
Completed 3 % :  mod = 3.1094626094993125e-16,  Error =4.779234785701192e-08
Completed 4 % :  mod = 4.441399986879746e-16,  Error =6.372236072138548e-08
Completed 5 % :  mod = 6.504141021246867e-16,  Error =7.965320492075989e-08
Completed 6 % :  mod = 9.636998958888824e-16,  Error =9.558581126611898e-08
Completed 7 % :  mod = 1.4355418423673141e-15,  Error =1.1151679046861318e-07
Completed 8 % :  mod = 2.1435166970799323e-15,  Error =1.2744641253448208e-07
Completed 9 % :  mod = 3.2041977622000036e-15,  Error =1.4337811649056675e-07
Completed 10 % :  mod = 4.792060862011137e-15,  Error =1.5930877594882986e-07
Completed 11 % :  mod = 7.168354825432941e-15,  Error =1.7524018147696552e-07
Completed 12 % :  mod = 1.072377326748024e-14,  Error =1.9117042882044188e-07
Completed 13 % :  mod = 1.6043742082998765e-14,  Error =2.071020404059709e-07
Completed 14 % :  mod = 2.4003364311674803e-14,  Error =2.2303257196654158e-07
Completed 15 % :  mod = 3.591222425667691e-14,  Error =2.3896365775044615e-07
Completed 16 % :  mod = 5.3728290614963303e-14,  Error =2.548936066659735e-07
Completed 17 % :  mod = 8.038510050184723e-14,  Error =2.708252537786393e-07
Completed 18 % :  mod = 1.202675067416751e-13,  Error =2.867557284957911e-07
Completed 19 % :  mod = 1.7993718969324772e-13,  Error =3.026868142796957e-07
Completed 20 % :  mod = 2.692042385569455e-13,  Error =3.1861637239671836e-07
Completed 21 % :  mod = 4.027658471830093e-13,  Error =3.345469608007079e-07
Completed 22 % :  mod = 6.025877962643789e-13,  Error =3.5047855106995485e-07
Completed 23 % :  mod = 9.015320651825016e-13,  Error =3.6640948053445754e-07
Completed 24 % :  mod = 1.3487006423398148e-12,  Error =3.8233748966831627e-07
Completed 25 % :  mod = 2.0175612688532322e-12,  Error =3.982671898938861e-07
Completed 26 % :  mod = 3.0175957231503405e-12,  Error =4.141954192959929e-07
Completed 27 % :  mod = 4.511410967329454e-12,  Error =4.301189235889069e-07
Completed 28 % :  mod = 6.738925687330518e-12,  Error =4.460356564095491e-07
Completed 29 % :  mod = 1.0046434522187517e-11,  Error =4.619356488433368e-07
Completed 30 % :  mod = 1.4911784179477357e-11,  Error =4.777969095925982e-07
Completed 31 % :  mod = 2.192036713823545e-11,  Error =4.93576095550452e-07
Completed 32 % :  mod = 3.1560753890740506e-11,  Error =5.091891139841209e-07
Completed 33 % :  mod = 4.353345821824377e-11,  Error =5.244926200020927e-07
Completed 34 % :  mod = 5.5383633746779733e-11,  Error =5.39329654714038e-07
Completed 35 % :  mod = 6.191199202256332e-11,  Error =5.537131997357392e-07
Completed 36 % :  mod = 5.895780076361932e-11,  Error =5.679999404151204e-07
Completed 37 % :  mod = 4.852084253991631e-11,  Error =5.826377389439585e-07
Completed 38 % :  mod = 3.613205573165579e-11,  Error =5.977704233828263e-07
Completed 39 % :  mod = 2.5440899760537566e-11,  Error =6.132795746793818e-07
Completed 40 % :  mod = 1.7418879225917458e-11,  Error =6.290063367941912e-07
Completed 41 % :  mod = 1.177054115399784e-11,  Error =6.44843424879582e-07
Completed 42 % :  mod = 7.906068258800625e-12,  Error =6.607323328466919e-07
Completed 43 % :  mod = 5.296104308833876e-12,  Error =6.766436442262602e-07
Completed 44 % :  mod = 3.5433358380693476e-12,  Error =6.925652797917792e-07
Completed 45 % :  mod = 2.369363208764917e-12,  Error =7.084921023192692e-07
Completed 46 % :  mod = 1.5839672322567854e-12,  Error =7.244203672485128e-07
Completed 47 % :  mod = 1.0588323542025561e-12,  Error =7.403493427204921e-07
Completed 48 % :  mod = 7.077534290263029e-13,  Error =7.56279540325977e-07
Completed 49 % :  mod = 4.73086820673684e-13,  Error =7.722102708385137e-07
Completed 50 % :  mod = 3.1625465294310847e-13,  Error =7.881410866161787e-07
Completed 51 % :  mod = 2.1144032992791107e-13,  Error =8.040707228929023e-07
Completed 52 % :  mod = 1.4141309765861729e-13,  Error =8.20001474721721e-07
Completed 53 % :  mod = 9.46520975482918e-14,  Error =8.359325462947709e-07
Completed 54 % :  mod = 6.346560104166093e-14,  Error =8.518611949170918e-07
Completed 55 % :  mod = 4.2718575241624414e-14,  Error =8.677917477939445e-07
Completed 56 % :  mod = 2.899996937585115e-14,  Error =8.837230609515245e-07
Completed 57 % :  mod = 2.005268552921032e-14,  Error =8.996539335726084e-07
Completed 58 % :  mod = 1.4404917330598692e-14,  Error =9.15584344340914e-07
Completed 59 % :  mod = 1.1126718199229885e-14,  Error =9.31514783530929e-07
Completed 60 % :  mod = 9.679182315425337e-15,  Error =9.474458693148335e-07
Completed 61 % :  mod = 9.824148681718486e-15,  Error =9.633766211436523e-07
Completed 62 % :  mod = 1.1585300470732883e-14,  Error =9.793072663910607e-07
Completed 63 % :  mod = 1.5252624393190987e-14,  Error =9.952377055810757e-07
Completed 64 % :  mod = 2.1429440995660744e-14,  Error =1.0111682442470737e-06
Completed 65 % :  mod = 3.113201272121673e-14,  Error =1.0270997776729018e-06
Completed 66 % :  mod = 4.595553712765017e-14,  Error =1.0430293357899245e-06
Completed 67 % :  mod = 6.834081170647142e-14,  Error =1.0589608407940432e-06
Completed 68 % :  mod = 1.0197007488829736e-13,  Error =1.0748914505143148e-06
Completed 69 % :  mod = 1.5237623289551492e-13,  Error =1.0908213994298421e-06
Completed 70 % :  mod = 2.278464781932343e-13,  Error =1.1067508793871639e-06
Completed 71 % :  mod = 3.408067693748877e-13,  Error =1.1226826828192316e-06
Completed 72 % :  mod = 5.098358005518286e-13,  Error =1.1386138893954012e-06
Completed 73 % :  mod = 7.627349391667479e-13,  Error =1.1545443285854162e-06
Completed 74 % :  mod = 1.1410548334912346e-12,  Error =1.1704737445938918e-06
Completed 75 % :  mod = 1.7069906422005069e-12,  Error =1.186403927988522e-06
Completed 76 % :  mod = 2.5533072949180477e-12,  Error =1.2023314326370382e-06
Completed 77 % :  mod = 3.818052535542661e-12,  Error =1.218256400647988e-06
Completed 78 % :  mod = 5.705807553361071e-12,  Error =1.2341773327761985e-06
Completed 79 % :  mod = 8.51487167423712e-12,  Error =1.250085965409653e-06
Completed 80 % :  mod = 1.2666929330115631e-11,  Error =1.2659672208314987e-06
Completed 81 % :  mod = 1.871240061629135e-11,  Error =1.281788165385933e-06
Completed 82 % :  mod = 2.7227655552303444e-11,  Error =1.297485709983448e-06
Completed 83 % :  mod = 3.837030767463418e-11,  Error =1.3129392399946482e-06
Completed 84 % :  mod = 5.0767162504692954e-11,  Error =1.3279831421186827e-06
Completed 85 % :  mod = 6.02197789128472e-11,  Error =1.3425317177961915e-06
Completed 86 % :  mod = 6.135966684662875e-11,  Error =1.3567994159302543e-06
Completed 87 % :  mod = 5.3405181836050577e-11,  Error =1.371252096760145e-06
Completed 88 % :  mod = 4.120456173822221e-11,  Error =1.3861835199691086e-06
Completed 89 % :  mod = 2.956608758412409e-11,  Error =1.4015574194559122e-06
Completed 90 % :  mod = 2.043009387455632e-11,  Error =1.4172092335229536e-06
Completed 91 % :  mod = 1.386432175674282e-11,  Error =1.4330101834048037e-06
Completed 92 % :  mod = 9.330496003506455e-12,  Error =1.4488820454516826e-06
Completed 93 % :  mod = 6.255756658126446e-12,  Error =1.4647850790083794e-06
Completed 94 % :  mod = 4.187027022152966e-12,  Error =1.4807037302944082e-06
Completed 95 % :  mod = 2.8002805020467645e-12,  Error =1.496629792541171e-06
Completed 96 % :  mod = 1.872194686754324e-12,  Error =1.5125596206644332e-06
Completed 97 % :  mod = 1.25155315203433e-12,  Error =1.5284887808775238e-06
Completed 98 % :  mod = 8.365955736751383e-13,  Error =1.544419241383821e-06
Completed 99 % :  mod = 5.59226829875827e-13,  Error =1.5603506895445207e-06
Completed 100 % :  mod = 3.738600248641184e-13,  Error =1.5762804892460736e-06
Finished 26/201 frames
Finished all frames!
