/opt/local/miniconda_23_9/lib/python3.11/site-packages/conda/base/context.py:201: FutureWarning: Adding 'defaults' to channel list implicitly is deprecated and will be removed in 25.3. 

To remove this warning, please choose a default channel explicitly with conda's regular configuration system, e.g. by adding 'defaults' to the list of channels:

  conda config --add channels defaults

For more information see https://docs.conda.io/projects/conda/en/stable/user-guide/configuration/use-condarc.html

  deprecated.topic(
JOB 13906 ARRAY_ID 35  -> i=35 ; range=[1.9e-10, 5.0e-10] ; intervals=200 (frames=201)
Analytic t0 extension enabled (--extend-time-using-t0).
Density options: centers='2.0e-10,4.0e-10' width='2.0e-11,5.0e-11' strength='7.0'
Extending simulation time for p0=2.264e-10 from 10000000000.0 to 1.132e+10
Completed 0 % :  mod = 1.8113649102540032e-16,  Error =-1.4210854715202004e-14
Completed 1 % :  mod = 1.966965626772709e-16,  Error =1.4609561560519069e-08
Completed 2 % :  mod = 2.460500719823492e-16,  Error =2.9219421548987157e-08
Completed 3 % :  mod = 3.376761966607931e-16,  Error =4.382882679010436e-08
Completed 4 % :  mod = 4.87300318186844e-16,  Error =5.843683226203211e-08
Completed 5 % :  mod = 7.206553931925447e-16,  Error =7.304636540084175e-08
Completed 6 % :  mod = 1.077822615578565e-15,  Error =8.765563563883916e-08
Completed 7 % :  mod = 1.620165086100456e-15,  Error =1.0226479218999884e-07
Completed 8 % :  mod = 2.44077143619995e-15,  Error =1.168722434385927e-07
Completed 9 % :  mod = 3.680772876365121e-15,  Error =1.314808102392817e-07
Completed 10 % :  mod = 5.553149242039534e-15,  Error =1.460904499595017e-07
Completed 11 % :  mod = 8.379584053886985e-15,  Error =1.6069849095856625e-07
Completed 12 % :  mod = 1.2645213147774523e-14,  Error =1.753070151266911e-07
Completed 13 % :  mod = 1.908365665121354e-14,  Error =1.8991666195233847e-07
Completed 14 % :  mod = 2.8800766222497816e-14,  Error =2.0452537086157463e-07
Completed 15 % :  mod = 4.346440870556261e-14,  Error =2.1913299264042507e-07
Completed 16 % :  mod = 6.559649406313778e-14,  Error =2.3374234814355077e-07
Completed 17 % :  mod = 9.899836779105569e-14,  Error =2.483516183815482e-07
Completed 18 % :  mod = 1.4940860475419014e-13,  Error =2.6296140021031533e-07
Completed 19 % :  mod = 2.2547962730740028e-13,  Error =2.775696188450638e-07
Completed 20 % :  mod = 3.402940608163323e-13,  Error =2.9217890329391594e-07
Completed 21 % :  mod = 5.135708634744667e-13,  Error =3.0678827300789635e-07
Completed 22 % :  mod = 7.750753831598856e-13,  Error =3.2139737982106453e-07
Completed 23 % :  mod = 1.1696775377674824e-12,  Error =3.3600482396423104e-07
Completed 24 % :  mod = 1.7651898887532675e-12,  Error =3.5061345471376626e-07
Completed 25 % :  mod = 2.663715043978375e-12,  Error =3.652215312399676e-07
Completed 26 % :  mod = 4.018855611767447e-12,  Error =3.7982507450351477e-07
Completed 27 % :  mod = 6.061536967508066e-12,  Error =3.944253776921869e-07
Completed 28 % :  mod = 9.135277120948554e-12,  Error =4.0901405640170196e-07
Completed 29 % :  mod = 1.374311723334962e-11,  Error =4.2357600449349775e-07
Completed 30 % :  mod = 2.0591034651478293e-11,  Error =4.3807659722006065e-07
Completed 31 % :  mod = 3.057351623093509e-11,  Error =4.524505214931196e-07
Completed 32 % :  mod = 4.449576583025416e-11,  Error =4.6655354424274265e-07
Completed 33 % :  mod = 6.206685723145559e-11,  Error =4.801451325420203e-07
Completed 34 % :  mod = 7.970485646130457e-11,  Error =4.929571062461946e-07
Completed 35 % :  mod = 8.929707503748265e-11,  Error =5.050170841514046e-07
Completed 36 % :  mod = 8.427989720136857e-11,  Error =5.169372911950632e-07
Completed 37 % :  mod = 6.828357137278416e-11,  Error =5.294664262578408e-07
Completed 38 % :  mod = 5.005203671089728e-11,  Error =5.428215743563669e-07
Completed 39 % :  mod = 3.4769197416013475e-11,  Error =5.567852454646527e-07
Completed 40 % :  mod = 2.3535431407181734e-11,  Error =5.71089692869009e-07
Completed 41 % :  mod = 1.5744000636080304e-11,  Error =5.855586877601127e-07
Completed 42 % :  mod = 1.0475812564300893e-11,  Error =6.00106659476296e-07
Completed 43 % :  mod = 6.954108587984826e-12,  Error =6.146892204128562e-07
Completed 44 % :  mod = 4.611552093703655e-12,  Error =6.292861698398156e-07
Completed 45 % :  mod = 3.0568212034318696e-12,  Error =6.438884696535752e-07
Completed 46 % :  mod = 2.0257713437155294e-12,  Error =6.584961340649897e-07
Completed 47 % :  mod = 1.3423808710185704e-12,  Error =6.73104466386576e-07
Completed 48 % :  mod = 8.895367774831619e-13,  Error =6.877120384274349e-07
Completed 49 % :  mod = 5.894347690764649e-13,  Error =7.023211736623125e-07
Completed 50 % :  mod = 3.9059238424066243e-13,  Error =7.169302236320618e-07
Completed 51 % :  mod = 2.5885404257656793e-13,  Error =7.31539131493264e-07
Completed 52 % :  mod = 1.7159267952913092e-13,  Error =7.461479469839105e-07
Completed 53 % :  mod = 1.13801869743634e-13,  Error =7.607573024870362e-07
Completed 54 % :  mod = 7.556315691695611e-14,  Error =7.75366281402512e-07
Completed 55 % :  mod = 5.030656690975604e-14,  Error =7.899749050466198e-07
Completed 56 % :  mod = 3.369386806983503e-14,  Error =8.045834931635909e-07
Completed 57 % :  mod = 2.2868181248602358e-14,  Error =8.191934099954779e-07
Completed 58 % :  mod = 1.5971440532972426e-14,  Error =8.338035044630487e-07
Completed 59 % :  mod = 1.1818908759114073e-14,  Error =8.484119931040368e-07
Completed 60 % :  mod = 9.696416460584998e-15,  Error =8.63021575980838e-07
Completed 61 % :  mod = 9.23983531967103e-15,  Error =8.776314430747334e-07
Completed 62 % :  mod = 1.0370729411407622e-14,  Error =8.922407133127308e-07
Completed 63 % :  mod = 1.3283003182005726e-14,  Error =9.068485340435473e-07
Completed 64 % :  mod = 1.8477492940485535e-14,  Error =9.214575911187239e-07
Completed 65 % :  mod = 2.6846544780376496e-14,  Error =9.360679555925344e-07
Completed 66 % :  mod = 3.982804500199695e-14,  Error =9.506775455747629e-07
Completed 67 % :  mod = 5.964993491690197e-14,  Error =9.652857215769473e-07
Completed 68 % :  mod = 8.972125991455659e-14,  Error =9.79894821284688e-07
Completed 69 % :  mod = 1.3520744560782274e-13,  Error =9.945043686343524e-07
Completed 70 % :  mod = 2.0391550808020883e-13,  Error =1.0091123598954255e-06
Completed 71 % :  mod = 3.076609612093495e-13,  Error =1.0237226177878256e-06
Completed 72 % :  mod = 4.642629905479134e-13,  Error =1.038331511438173e-06
Completed 73 % :  mod = 7.006247714237858e-13,  Error =1.0529405471970676e-06
Completed 74 % :  mod = 1.057301448407689e-12,  Error =1.0675487303046793e-06
Completed 75 % :  mod = 1.5955952283553538e-12,  Error =1.0821573397379325e-06
Completed 76 % :  mod = 2.407836581287746e-12,  Error =1.0967649899384924e-06
Completed 77 % :  mod = 3.633111843248141e-12,  Error =1.111371183526444e-06
Completed 78 % :  mod = 5.480133200223005e-12,  Error =1.1259715222422528e-06
Completed 79 % :  mod = 8.261154826874568e-12,  Error =1.1405633983940788e-06
Completed 80 % :  mod = 1.2435342842618152e-11,  Error =1.1551347256499866e-06
Completed 81 % :  mod = 1.8656127167392363e-11,  Error =1.169656208332981e-06
Completed 82 % :  mod = 2.7782076602087154e-11,  Error =1.1840721469980053e-06
Completed 83 % :  mod = 4.0694108545799834e-11,  Error =1.198258772205918e-06
Completed 84 % :  mod = 5.752889548827556e-11,  Error =1.2120032764073585e-06
Completed 85 % :  mod = 7.575134459664178e-11,  Error =1.2250231478105889e-06
Completed 86 % :  mod = 8.818028319449166e-11,  Error =1.2372334907695404e-06
Completed 87 % :  mod = 8.684541234414821e-11,  Error =1.249108812828581e-06
Completed 88 % :  mod = 7.272833242156821e-11,  Error =1.2614450142223177e-06
Completed 89 % :  mod = 5.43666300524366e-11,  Error =1.2746077544534273e-06
Completed 90 % :  mod = 3.814321065587597e-11,  Error =1.288449382741419e-06
Completed 91 % :  mod = 2.5939685952418506e-11,  Error =1.30268984577242e-06
Completed 92 % :  mod = 1.7388746932549843e-11,  Error =1.317129260769434e-06
Completed 93 % :  mod = 1.158100148019104e-11,  Error =1.3316633484805607e-06
Completed 94 % :  mod = 7.690963604049956e-12,  Error =1.3462398271713027e-06
Completed 95 % :  mod = 5.101116237164584e-12,  Error =1.3608340054815926e-06
Completed 96 % :  mod = 3.381594019733655e-12,  Error =1.3754356089634712e-06
Completed 97 % :  mod = 2.2410867974898985e-12,  Error =1.3900428257329622e-06
Completed 98 % :  mod = 1.485094164087493e-12,  Error =1.4046505185660862e-06
Completed 99 % :  mod = 9.840844641268911e-13,  Error =1.4192595116924167e-06
Completed 100 % :  mod = 6.521241758710097e-13,  Error =1.4338679079628491e-06
Finished 36/201 frames
Finished all frames!
