/opt/local/miniconda_23_9/lib/python3.11/site-packages/conda/base/context.py:201: FutureWarning: Adding 'defaults' to channel list implicitly is deprecated and will be removed in 25.3. 

To remove this warning, please choose a default channel explicitly with conda's regular configuration system, e.g. by adding 'defaults' to the list of channels:

  conda config --add channels defaults

For more information see https://docs.conda.io/projects/conda/en/stable/user-guide/configuration/use-condarc.html

  deprecated.topic(
JOB 13941 ARRAY_ID 70  -> i=70 ; range=[1.9e-10, 5.0e-10] ; intervals=200 (frames=201)
Analytic t0 extension enabled (--extend-time-using-t0).
Density options: centers='2.0e-10,4.0e-10' width='2.0e-11,5.0e-11' strength='7.0'
Completed 0 % :  mod = 2.7195358943099005e-16,  Error =-1.4210854715202004e-14
Completed 1 % :  mod = 3.7277684282866696e-16,  Error =6.55518803682753e-08
Completed 2 % :  mod = 7.500044261723435e-16,  Error =1.3110522445458628e-07
Completed 3 % :  mod = 1.683340775944971e-15,  Error =1.966576874679049e-07
Completed 4 % :  mod = 3.864830513640939e-15,  Error =2.622096531013085e-07
Completed 5 % :  mod = 8.911991534091332e-15,  Error =3.2776264902167895e-07
Completed 6 % :  mod = 2.056716241255893e-14,  Error =3.933152754598268e-07
Completed 7 % :  mod = 4.747234899184671e-14,  Error =4.588683353290435e-07
Completed 8 % :  mod = 1.0957704451334971e-13,  Error =5.244194767328736e-07
Completed 9 % :  mod = 2.529302300364442e-13,  Error =5.899713144685848e-07
Completed 10 % :  mod = 5.838241266098641e-13,  Error =6.555234222105355e-07
Completed 11 % :  mod = 1.3476025613888176e-12,  Error =7.210746417740665e-07
Completed 12 % :  mod = 3.1105210489252385e-12,  Error =7.866229765340904e-07
Completed 13 % :  mod = 7.178921972743681e-12,  Error =8.521573349185019e-07
Completed 14 % :  mod = 1.6559385940328522e-11,  Error =9.176136117616807e-07
Completed 15 % :  mod = 3.8083941672947055e-11,  Error =9.826531623957635e-07
Completed 16 % :  mod = 8.62003526271649e-11,  Error =1.0455891086280644e-06
Completed 17 % :  mod = 1.787364495960497e-10,  Error =1.0998584940580258e-06
Completed 18 % :  mod = 2.42505970861942e-10,  Error =1.137956040508925e-06
Completed 19 % :  mod = 1.4115788367538134e-10,  Error =1.180594267680135e-06
Completed 20 % :  mod = 6.850141333115827e-11,  Error =1.238815350745881e-06
Completed 21 % :  mod = 3.057037949630074e-11,  Error =1.3027425538325588e-06
Completed 22 % :  mod = 1.547361633690091e-11,  Error =1.367930302365039e-06
Completed 23 % :  mod = 1.281250635199463e-11,  Error =1.4333515139242081e-06
Completed 24 % :  mod = 1.8967299898977626e-11,  Error =1.4987403105237718e-06
Completed 25 % :  mod = 3.7638801733851024e-11,  Error =1.563736432785845e-06
Completed 26 % :  mod = 8.704447391753524e-11,  Error =1.6266680731291672e-06
Completed 27 % :  mod = 1.7675520678853174e-10,  Error =1.681216097892957e-06
Completed 28 % :  mod = 2.3954640287857184e-10,  Error =1.7193793624414866e-06
Completed 28 % :  mod = 1.4616018690599043e-10,  Error =1.761860787041769e-06
Completed 30 % :  mod = 6.779061781248427e-11,  Error =1.8199321658585177e-06
Completed 31 % :  mod = 2.946936231033742e-11,  Error =1.8838715050151222e-06
Completed 32 % :  mod = 1.3132271857753683e-11,  Error =1.949111499754963e-06
Completed 33 % :  mod = 6.045238048837259e-12,  Error =2.0146011507904404e-06
Completed 34 % :  mod = 3.5007790880645995e-12,  Error =2.080138450821778e-06
Completed 35 % :  mod = 3.673595238380256e-12,  Error =2.145682479692823e-06
Completed 36 % :  mod = 6.4748444614717685e-12,  Error =2.21121781862621e-06
Completed 37 % :  mod = 1.3892987813378266e-11,  Error =2.27669834629296e-06
Completed 38 % :  mod = 3.202991366643459e-11,  Error =2.34188735959151e-06
Completed 39 % :  mod = 7.261873341515581e-11,  Error =2.405588226395139e-06
Completed 40 % :  mod = 1.5438191973544925e-10,  Error =2.4626770525060238e-06
Completed 41 % :  mod = 2.4455269166766864e-10,  Error =2.503730414105121e-06
Completed 42 % :  mod = 1.648889535116004e-10,  Error =2.5429527354958736e-06
Completed 43 % :  mod = 8.160436715360031e-11,  Error =2.5986599609950645e-06
Completed 44 % :  mod = 3.5454551220392e-11,  Error =2.661935177172836e-06
Completed 45 % :  mod = 1.71303833404118e-11,  Error =2.7270064890672074e-06
Completed 46 % :  mod = 1.1518433574844355e-11,  Error =2.79242341605368e-06
Completed 47 % :  mod = 1.3693098264929043e-11,  Error =2.85787264431292e-06
Completed 48 % :  mod = 2.5795709714362097e-11,  Error =2.923156124268189e-06
Completed 49 % :  mod = 5.896362937491648e-11,  Error =2.9875027678372135e-06
Completed 50 % :  mod = 1.2471456281071735e-10,  Error =3.047475175321779e-06
Completed 51 % :  mod = 2.2691303928201828e-10,  Error =3.093455170244397e-06
Completed 52 % :  mod = 2.0413247832214672e-10,  Error =3.1300823692959057e-06
Completed 53 % :  mod = 9.891569109364158e-11,  Error =3.181440206390107e-06
Completed 54 % :  mod = 4.538935008811995e-11,  Error =3.243379921968881e-06
Completed 55 % :  mod = 2.3863027881122797e-11,  Error =3.308129400636517e-06
Completed 56 % :  mod = 1.6805593400301547e-11,  Error =3.3734170585830725e-06
Completed 56 % :  mod = 2.2645618610409827e-11,  Error =3.438704162306294e-06
Completed 57 % :  mod = 4.801906482361498e-11,  Error =3.5034276137935194e-06
Completed 59 % :  mod = 1.0003124672752688e-10,  Error =3.5653422187920114e-06
Completed 60 % :  mod = 1.9763617331751564e-10,  Error =3.6164382279935126e-06
Completed 61 % :  mod = 2.3673287263355875e-10,  Error =3.6531567673137033e-06
Completed 62 % :  mod = 1.209020137958725e-10,  Error =3.6991320726542654e-06
Completed 63 % :  mod = 6.113270240555497e-11,  Error =3.7588686012668404e-06
Completed 64 % :  mod = 3.4940709376213943e-11,  Error =3.822944641740378e-06
Completed 65 % :  mod = 2.911759541708508e-11,  Error =3.887836065530337e-06
Completed 66 % :  mod = 4.727895762622158e-11,  Error =3.952364018289245e-06
Completed 67 % :  mod = 1.0476877650112939e-10,  Error =4.014242186656247e-06
Completed 68 % :  mod = 1.864984084517806e-10,  Error =4.066213065812008e-06
Completed 69 % :  mod = 2.3610286996179274e-10,  Error =4.102653996085337e-06
Completed 70 % :  mod = 1.341849393019813e-10,  Error =4.14798105907721e-06
Completed 71 % :  mod = 6.049628430483125e-11,  Error =4.207095912533987e-06
Completed 72 % :  mod = 3.606674182719918e-11,  Error =4.271049590442999e-06
Completed 73 % :  mod = 3.0887387131452654e-11,  Error =4.3359121946195955e-06
Completed 74 % :  mod = 4.529533396585967e-11,  Error =4.4004574277778374e-06
Completed 75 % :  mod = 1.0128936262694655e-10,  Error =4.4624022166317445e-06
Completed 76 % :  mod = 1.9427153228816395e-10,  Error =4.51467699491559e-06
Completed 77 % :  mod = 2.2651945538469132e-10,  Error =4.551326000523659e-06
Completed 78 % :  mod = 1.3678237946949585e-10,  Error =4.596460243533329e-06
Completed 79 % :  mod = 6.03740294675568e-11,  Error =4.655766531413974e-06
Completed 80 % :  mod = 2.8904379662848672e-11,  Error =4.719920042361991e-06
Completed 81 % :  mod = 1.8664440988941928e-11,  Error =4.78510112600361e-06
Completed 82 % :  mod = 2.0200811149278728e-11,  Error =4.8504121252790355e-06
Completed 83 % :  mod = 3.628444333199893e-11,  Error =4.9154077856883305e-06
Completed 84 % :  mod = 8.323968772740479e-11,  Error =4.978597480942426e-06
Completed 85 % :  mod = 1.649375220227283e-10,  Error =5.034273435455816e-06
Completed 86 % :  mod = 2.4230851320176163e-10,  Error =5.073410122236055e-06
Completed 87 % :  mod = 1.564830939240354e-10,  Error =5.114586713261815e-06
Completed 88 % :  mod = 7.177215806860984e-11,  Error =5.1716708426852165e-06
Completed 89 % :  mod = 3.199356106737313e-11,  Error =5.235370927891836e-06
Completed 90 % :  mod = 1.4362173523006368e-11,  Error =5.300556281895297e-06
Completed 91 % :  mod = 7.055327299215652e-12,  Error =5.3660311962744345e-06
Completed 92 % :  mod = 5.081632904362207e-12,  Error =5.431559529256447e-06
Completed 93 % :  mod = 6.931489234105111e-12,  Error =5.497088125139271e-06
Completed 94 % :  mod = 1.376452351290013e-11,  Error =5.562567885419867e-06
Completed 95 % :  mod = 3.1017547905117853e-11,  Error =5.627777156291813e-06
Completed 96 % :  mod = 7.055943583251167e-11,  Error =5.691590601486496e-06
Completed 97 % :  mod = 1.494835983020142e-10,  Error =5.74915699758094e-06
Completed 98 % :  mod = 2.4362424522523593e-10,  Error =5.790838407904175e-06
Completed 99 % :  mod = 1.7028624110129662e-10,  Error =5.82955677685959e-06
Completed 100 % :  mod = 8.36506755968614e-11,  Error =5.8847234569725515e-06
Finished 71/201 frames
Finished all frames!
