/opt/local/miniconda_23_9/lib/python3.11/site-packages/conda/base/context.py:201: FutureWarning: Adding 'defaults' to channel list implicitly is deprecated and will be removed in 25.3. 

To remove this warning, please choose a default channel explicitly with conda's regular configuration system, e.g. by adding 'defaults' to the list of channels:

  conda config --add channels defaults

For more information see https://docs.conda.io/projects/conda/en/stable/user-guide/configuration/use-condarc.html

  deprecated.topic(
JOB 13422 ARRAY_ID 68  -> i=68 ; range=[1.9e-10, 6.0e-10] ; intervals=200 (frames=201)
Density options: centers='2.0e-10,4.0e-10' width='5e-11,5e-11' strength=''
Completed 0 % :  mod = 2.409290311897276e-16,  Error =-1.4210854715202004e-14
Completed 1 % :  mod = 3.0447283822371744e-16,  Error =4.037985235072483e-08
Completed 2 % :  mod = 5.286229718409984e-16,  Error =8.075959101461194e-08
Completed 3 % :  mod = 1.0316163452837452e-15,  Error =1.2113971337157636e-07
Completed 4 % :  mod = 2.0787768546056035e-15,  Error =1.615197646742672e-07
Completed 5 % :  mod = 4.222471032178151e-15,  Error =2.0190085336935226e-07
Completed 6 % :  mod = 8.593475763932046e-15,  Error =2.422807199309318e-07
Completed 7 % :  mod = 1.7497451614829442e-14,  Error =2.826604585948189e-07
Completed 8 % :  mod = 3.563115526288553e-14,  Error =3.23041845717853e-07
Completed 9 % :  mod = 7.255992987897924e-14,  Error =3.6342234466246737e-07
Completed 10 % :  mod = 1.4776331804021993e-13,  Error =4.0380321308930434e-07
Completed 11 % :  mod = 3.009102506780251e-13,  Error =4.441830441237471e-07
Completed 12 % :  mod = 6.127833970694115e-13,  Error =4.845626833116512e-07
Completed 13 % :  mod = 1.2478860652928845e-12,  Error =5.249422656561364e-07
Completed 14 % :  mod = 2.541172639883557e-12,  Error =5.653209385059199e-07
Completed 15 % :  mod = 5.1743672355917795e-12,  Error =6.056937991161249e-07
Completed 16 % :  mod = 1.0532473332089274e-11,  Error =6.460401991148501e-07
Completed 17 % :  mod = 2.1408274011386302e-11,  Error =6.862800177032113e-07
Completed 18 % :  mod = 4.325688848440051e-11,  Error =7.26087797886521e-07
Completed 19 % :  mod = 8.528457284421548e-11,  Error =7.642369226346091e-07
Completed 20 % :  mod = 1.522794388351194e-10,  Error =7.972464999284057e-07
Completed 21 % :  mod = 1.9426989606090488e-10,  Error =8.22336104988608e-07
Completed 22 % :  mod = 1.3889008465840118e-10,  Error =8.485214806341901e-07
Completed 23 % :  mod = 7.661489787519078e-11,  Error =8.827831550206611e-07
Completed 24 % :  mod = 3.832439870626593e-11,  Error =9.213850518108302e-07
Completed 25 % :  mod = 1.906021753276475e-11,  Error =9.613125655505428e-07
Completed 26 % :  mod = 9.766001502906446e-12,  Error =1.001578930015512e-06
Completed 27 % :  mod = 5.334284177699838e-12,  Error =1.0419288045682151e-06
Completed 28 % :  mod = 3.8323520280634354e-12,  Error =1.0822972669188857e-06
Completed 28 % :  mod = 4.377538309566608e-12,  Error =1.1226687277599012e-06
Completed 30 % :  mod = 7.128983862540716e-12,  Error =1.163031747353216e-06
Completed 31 % :  mod = 1.3665632325613834e-11,  Error =1.2033527596599924e-06
Completed 32 % :  mod = 2.760691197112307e-11,  Error =1.2435013090339453e-06
Completed 33 % :  mod = 5.4612860188159604e-11,  Error =1.2829577471507037e-06
Completed 34 % :  mod = 1.0609247667538956e-10,  Error =1.319867386939677e-06
Completed 35 % :  mod = 1.757903840149519e-10,  Error =1.350079237738555e-06
Completed 36 % :  mod = 1.827889385163955e-10,  Error =1.3739715143401554e-06
Completed 37 % :  mod = 1.1546925919640885e-10,  Error =1.402961828489424e-06
Completed 38 % :  mod = 6.030185463227167e-11,  Error =1.4392262315254811e-06
Completed 39 % :  mod = 3.015392980392053e-11,  Error =1.4784923649813209e-06
Completed 40 % :  mod = 1.4861556705236232e-11,  Error =1.5185952619845011e-06
Completed 41 % :  mod = 7.310638309470102e-12,  Error =1.5589075275102005e-06
Completed 42 % :  mod = 3.637137481613861e-12,  Error =1.5992709450074472e-06
Completed 43 % :  mod = 1.855511812558057e-12,  Error =1.6396467685808602e-06
Completed 44 % :  mod = 1.0604307931290475e-12,  Error =1.6800253703763701e-06
Completed 45 % :  mod = 8.274251882953542e-13,  Error =1.7204047537688893e-06
Completed 46 % :  mod = 1.0256631603325013e-12,  Error =1.760783987947434e-06
Completed 47 % :  mod = 1.7647211496949598e-12,  Error =1.8011635773973467e-06
Completed 48 % :  mod = 3.4460099566190643e-12,  Error =1.8415391949133664e-06
Completed 49 % :  mod = 6.923189956727035e-12,  Error =1.8819038345441186e-06
Completed 50 % :  mod = 1.404716254075663e-11,  Error =1.9222235394522613e-06
Completed 51 % :  mod = 2.8554944036008134e-11,  Error =1.9623554692316247e-06
Completed 52 % :  mod = 5.717990643214132e-11,  Error =2.001734351608775e-06
Completed 53 % :  mod = 1.1010217728045644e-10,  Error =2.038372919344056e-06
Completed 54 % :  mod = 1.788578106027598e-10,  Error =2.0680379719806297e-06
Completed 55 % :  mod = 1.8032563735463892e-10,  Error =2.091900462630747e-06
Completed 56 % :  mod = 1.1097317487931307e-10,  Error =2.121432316926075e-06
Completed 56 % :  mod = 5.774155107889739e-11,  Error =2.1579939968319195e-06
Completed 57 % :  mod = 2.907319762529099e-11,  Error =2.197347889421053e-06
Completed 59 % :  mod = 1.4309906898926289e-11,  Error =2.2374713211092967e-06
Completed 60 % :  mod = 7.321973225365101e-12,  Error =2.2777870327672645e-06
Completed 61 % :  mod = 4.1400357035655e-12,  Error =2.3181502655234e-06
Completed 62 % :  mod = 3.080955218771041e-12,  Error =2.3585229982359124e-06
Completed 63 % :  mod = 3.6903722931460855e-12,  Error =2.3988967541299644e-06
Completed 64 % :  mod = 6.280145950987762e-12,  Error =2.439263745657172e-06
Completed 65 % :  mod = 1.2029905445534677e-11,  Error =2.4795976969471667e-06
Completed 66 % :  mod = 2.424877472991314e-11,  Error =2.519797078548436e-06
Completed 67 % :  mod = 4.8919764288319196e-11,  Error =2.5594514454496675e-06
Completed 68 % :  mod = 9.461360867088144e-11,  Error =2.597051022235064e-06
Completed 69 % :  mod = 1.6466211108915773e-10,  Error =2.628703683171807e-06
Completed 70 % :  mod = 1.909178244514918e-10,  Error =2.653040397149198e-06
Completed 71 % :  mod = 1.261292505484919e-10,  Error =2.6805336048596473e-06
Completed 72 % :  mod = 6.865674707571444e-11,  Error =2.7158623225886913e-06
Completed 73 % :  mod = 3.427557571296542e-11,  Error =2.7548203505034508e-06
Completed 74 % :  mod = 1.7221253195366605e-11,  Error =2.794834074393293e-06
Completed 75 % :  mod = 9.508837489041659e-12,  Error =2.8351164189643896e-06
Completed 76 % :  mod = 6.3703931671619965e-12,  Error =2.875462520535166e-06
Completed 77 % :  mod = 6.677538079388695e-12,  Error =2.9158196568346284e-06
Completed 78 % :  mod = 1.0731658638742858e-11,  Error =2.9561596974758686e-06
Completed 79 % :  mod = 2.0059498880228727e-11,  Error =2.9964124266257386e-06
Completed 80 % :  mod = 3.957982067006986e-11,  Error =3.036301649217421e-06
Completed 81 % :  mod = 7.95542937567949e-11,  Error =3.0747771049277617e-06
Completed 82 % :  mod = 1.422103204066226e-10,  Error =3.10871196518292e-06
Completed 83 % :  mod = 1.9425114600045413e-10,  Error =3.1345440945074188e-06
Completed 84 % :  mod = 1.4939182757453762e-10,  Error =3.159935182850404e-06
Completed 85 % :  mod = 8.229825190900617e-11,  Error =3.1932986388483187e-06
Completed 86 % :  mod = 4.193061317247123e-11,  Error =3.2315849622932546e-06
Completed 87 % :  mod = 2.0822817628950763e-11,  Error =3.2714288096258315e-06
Completed 88 % :  mod = 1.0292669005304742e-11,  Error =3.311676081807491e-06
Completed 89 % :  mod = 5.349121529228026e-12,  Error =3.3520229294481396e-06
Completed 90 % :  mod = 3.134515727204173e-12,  Error =3.392393495005308e-06
Completed 91 % :  mod = 2.569076925297449e-12,  Error =3.4327691054159004e-06
Completed 92 % :  mod = 3.393462677080337e-12,  Error =3.473144602139655e-06
Completed 93 % :  mod = 5.996161179598882e-12,  Error =3.5135126097429747e-06
Completed 94 % :  mod = 1.1673458160404321e-11,  Error =3.5538501776954945e-06
Completed 95 % :  mod = 2.3693125886113107e-11,  Error =3.594058647138354e-06
Completed 96 % :  mod = 4.748910815448558e-11,  Error =3.633749365405947e-06
Completed 97 % :  mod = 9.267999263457779e-11,  Error =3.6714732658538196e-06
Completed 98 % :  mod = 1.623525720333749e-10,  Error =3.7034296340721085e-06
Completed 99 % :  mod = 1.9135699972136744e-10,  Error =3.7278868632029116e-06
Completed 100 % :  mod = 1.2915618405637868e-10,  Error =3.7550942479924743e-06
Finished 69/201 frames
Finished all frames!
