/opt/local/miniconda_23_9/lib/python3.11/site-packages/conda/base/context.py:201: FutureWarning: Adding 'defaults' to channel list implicitly is deprecated and will be removed in 25.3. 

To remove this warning, please choose a default channel explicitly with conda's regular configuration system, e.g. by adding 'defaults' to the list of channels:

  conda config --add channels defaults

For more information see https://docs.conda.io/projects/conda/en/stable/user-guide/configuration/use-condarc.html

  deprecated.topic(
JOB 13961 ARRAY_ID 90  -> i=90 ; range=[1.9e-10, 5.0e-10] ; intervals=200 (frames=201)
Analytic t0 extension enabled (--extend-time-using-t0).
Density options: centers='2.0e-10,4.0e-10' width='2.0e-11,5.0e-11' strength='7.0'
Completed 0 % :  mod = 2.9254048636560394e-16,  Error =-1.4210854715202004e-14
Completed 1 % :  mod = 4.2230647496448094e-16,  Error =8.777260518399999e-08
Completed 2 % :  mod = 9.267284268584272e-16,  Error =1.7554323505919456e-07
Completed 3 % :  mod = 2.2533123503544335e-15,  Error =2.633147104802447e-07
Completed 4 % :  mod = 5.5789584437860446e-15,  Error =3.510856316779609e-07
Completed 5 % :  mod = 1.3854066993199759e-14,  Error =4.388578531688836e-07
Completed 6 % :  mod = 3.442003323073162e-14,  Error =5.266294280659167e-07
Completed 7 % :  mod = 8.552228308564275e-14,  Error =6.144002995256415e-07
Completed 8 % :  mod = 2.1249698205501983e-13,  Error =7.021717181032727e-07
Completed 9 % :  mod = 5.27991532583424e-13,  Error =7.89943037204921e-07
Completed 10 % :  mod = 1.3118983078055545e-12,  Error =8.777135462878505e-07
Completed 11 % :  mod = 3.259616291026575e-12,  Error =9.654808863501785e-07
Completed 12 % :  mod = 8.098227968406962e-12,  Error =1.0532267751273139e-06
Completed 13 % :  mod = 2.010708242301288e-11,  Error =1.1408420306224798e-06
Completed 14 % :  mod = 4.97354018280567e-11,  Error =1.2276559928636743e-06
Completed 15 % :  mod = 1.200906243926924e-10,  Error =1.309922936343355e-06
Completed 16 % :  mod = 2.4636612544989945e-10,  Error =1.3742092050961219e-06
Completed 17 % :  mod = 2.3005124515305107e-10,  Error =1.4211585153134365e-06
Completed 18 % :  mod = 1.0504889259853049e-10,  Error =1.4897208941988538e-06
Completed 19 % :  mod = 4.3869034697233405e-11,  Error =1.5731235762928009e-06
Completed 20 % :  mod = 2.4841512585314432e-11,  Error =1.6599827574736992e-06
Completed 21 % :  mod = 2.3651825257659604e-11,  Error =1.7473400575340747e-06
Completed 22 % :  mod = 4.121193732050615e-11,  Error =1.8342727656772695e-06
Completed 23 % :  mod = 1.0229525186222167e-10,  Error =1.9181046937433166e-06
Completed 24 % :  mod = 2.158019557027794e-10,  Error =1.988341551850681e-06
Completed 25 % :  mod = 2.555226370541426e-10,  Error =2.0355009695549597e-06
Completed 26 % :  mod = 1.2871153034464114e-10,  Error =2.0980006709692134e-06
Completed 27 % :  mod = 5.235264291350724e-11,  Error =2.1795109077515917e-06
Completed 28 % :  mod = 2.2752721446170688e-11,  Error =2.2661637260057432e-06
Completed 28 % :  mod = 1.1090725372725344e-11,  Error =2.35372030488179e-06
Completed 30 % :  mod = 9.118738093052389e-12,  Error =2.441415936971225e-06
Completed 31 % :  mod = 1.5830091462750548e-11,  Error =2.5290678351552742e-06
Completed 32 % :  mod = 3.664768742521084e-11,  Error =2.6163113204802357e-06
Completed 33 % :  mod = 8.594488820361908e-11,  Error =2.70112624889407e-06
Completed 34 % :  mod = 1.9996113965300033e-10,  Error =2.7740975383494515e-06
Completed 35 % :  mod = 2.728258028759496e-10,  Error =2.823574554611241e-06
Completed 36 % :  mod = 1.3467724385772037e-10,  Error =2.8821106852205958e-06
Completed 37 % :  mod = 6.536001215710269e-11,  Error =2.962070112744186e-06
Completed 38 % :  mod = 3.241866833683473e-11,  Error =3.0481247463853833e-06
Completed 39 % :  mod = 2.7553244139915956e-11,  Error =3.1352072653589858e-06
Completed 40 % :  mod = 5.19017137864217e-11,  Error =3.2217491963137945e-06
Completed 41 % :  mod = 1.1934723369192718e-10,  Error =3.304249958091532e-06
Completed 42 % :  mod = 2.2660395030246525e-10,  Error =3.3702081410069695e-06
Completed 43 % :  mod = 2.470228579098649e-10,  Error =3.4170279477052645e-06
Completed 44 % :  mod = 1.1522381577299623e-10,  Error =3.483408136162325e-06
Completed 45 % :  mod = 5.4179682356437526e-11,  Error =3.5653600605201063e-06
Completed 46 % :  mod = 5.128744462386756e-11,  Error =3.651034042206902e-06
Completed 47 % :  mod = 8.173282619416359e-11,  Error =3.735804291693512e-06
Completed 48 % :  mod = 1.5070747986824133e-10,  Error =3.812709898909361e-06
Completed 49 % :  mod = 2.892770904996896e-10,  Error =3.866489770132375e-06
Completed 50 % :  mod = 1.726365372383281e-10,  Error =3.919096329241256e-06
Completed 51 % :  mod = 7.764885432627008e-11,  Error =3.994616015745578e-06
Completed 52 % :  mod = 4.3108848243254406e-11,  Error =4.079676607204874e-06
Completed 53 % :  mod = 3.356215212761038e-11,  Error =4.166414036888e-06
Completed 54 % :  mod = 5.4709774558819127e-11,  Error =4.252565013018739e-06
Completed 55 % :  mod = 1.3774892351159202e-10,  Error =4.33358000861972e-06
Completed 56 % :  mod = 2.469632777043495e-10,  Error =4.3964876610402825e-06
Completed 56 % :  mod = 2.1430735140901174e-10,  Error =4.443123302166896e-06
Completed 57 % :  mod = 1.1385500760173877e-10,  Error =4.512668191125613e-06
Completed 59 % :  mod = 4.982519843787649e-11,  Error =4.5955299938782446e-06
Completed 60 % :  mod = 4.589636624042987e-11,  Error =4.681406494455587e-06
Completed 61 % :  mod = 8.747323574833391e-11,  Error =4.766093674390959e-06
Completed 62 % :  mod = 1.6107620066230961e-10,  Error =4.842603367194442e-06
Completed 63 % :  mod = 2.7166164328947317e-10,  Error =4.8952467750496e-06
Completed 64 % :  mod = 1.7677690611528157e-10,  Error =4.9493971658876035e-06
Completed 65 % :  mod = 7.118810384648213e-11,  Error =5.026069054281379e-06
Completed 66 % :  mod = 3.529542136278806e-11,  Error =5.111538051494335e-06
Completed 67 % :  mod = 2.699136200032516e-11,  Error =5.198611255252672e-06
Completed 68 % :  mod = 3.867816016799241e-11,  Error =5.285580286340519e-06
Completed 69 % :  mod = 8.478141701623029e-11,  Error =5.370280177885434e-06
Completed 70 % :  mod = 2.0132113820430038e-10,  Error =5.443774867330831e-06
Completed 71 % :  mod = 2.651933954525503e-10,  Error =5.4939659648312045e-06
Completed 72 % :  mod = 1.4076567970952375e-10,  Error =5.551727156216657e-06
Completed 73 % :  mod = 6.90346892937923e-11,  Error =5.63131011688256e-06
Completed 74 % :  mod = 3.3392613319075515e-11,  Error =5.717192621546019e-06
Completed 75 % :  mod = 3.1179602231358545e-11,  Error =5.8041357178240105e-06
Completed 76 % :  mod = 6.297181858719235e-11,  Error =5.890256382201642e-06
Completed 77 % :  mod = 1.3297367201530502e-10,  Error =5.9710175577265545e-06
Completed 78 % :  mod = 2.511999340132225e-10,  Error =6.031713724041765e-06
Completed 79 % :  mod = 2.204339505352527e-10,  Error =6.080422927823292e-06
Completed 80 % :  mod = 9.497924790795268e-11,  Error =6.151488513239656e-06
Completed 81 % :  mod = 4.579478943872253e-11,  Error =6.23516999809226e-06
Completed 82 % :  mod = 4.4018608567981026e-11,  Error =6.32144418233338e-06
Completed 83 % :  mod = 7.047685636287601e-11,  Error =6.406956437388089e-06
Completed 84 % :  mod = 1.3697489961997845e-10,  Error =6.485998603977805e-06
Completed 85 % :  mod = 2.8339368614430064e-10,  Error =6.54340578165602e-06
Completed 86 % :  mod = 1.8912192934942853e-10,  Error =6.59335331931743e-06
Completed 87 % :  mod = 8.551168188901911e-11,  Error =6.666758743278933e-06
Completed 88 % :  mod = 4.0845783514140593e-11,  Error =6.751551232753172e-06
Completed 89 % :  mod = 2.1582075593009795e-11,  Error =6.838616464222014e-06
Completed 90 % :  mod = 2.4924568127182176e-11,  Error =6.925943210944752e-06
Completed 91 % :  mod = 5.645180683250762e-11,  Error =7.012479628087931e-06
Completed 92 % :  mod = 1.2146706064486342e-10,  Error =7.094365017223936e-06
Completed 93 % :  mod = 2.457210407813322e-10,  Error =7.157639977606323e-06
Completed 94 % :  mod = 2.331671672335192e-10,  Error =7.205373805163617e-06
Completed 95 % :  mod = 9.960396358240974e-11,  Error =7.274366346621264e-06
Completed 96 % :  mod = 4.717232326380794e-11,  Error =7.357675279706655e-06
Completed 97 % :  mod = 3.7443374140792265e-11,  Error =7.444160907255082e-06
Completed 98 % :  mod = 4.9440321429424104e-11,  Error =7.530620209195149e-06
Completed 99 % :  mod = 9.870106586565813e-11,  Error =7.6138137501402525e-06
Completed 100 % :  mod = 2.3668102147311566e-10,  Error =7.68207848267366e-06
Finished 91/201 frames
Finished all frames!
