/opt/local/miniconda_23_9/lib/python3.11/site-packages/conda/base/context.py:201: FutureWarning: Adding 'defaults' to channel list implicitly is deprecated and will be removed in 25.3. 

To remove this warning, please choose a default channel explicitly with conda's regular configuration system, e.g. by adding 'defaults' to the list of channels:

  conda config --add channels defaults

For more information see https://docs.conda.io/projects/conda/en/stable/user-guide/configuration/use-condarc.html

  deprecated.topic(
JOB 13883 ARRAY_ID 12  -> i=12 ; range=[1.9e-10, 5.0e-10] ; intervals=200 (frames=201)
Analytic t0 extension enabled (--extend-time-using-t0).
Density options: centers='2.0e-10,4.0e-10' width='2.0e-11,5.0e-11' strength='7.0'
Extending simulation time for p0=2.009e-10 from 10000000000.0 to 5.464e+10
Completed 0 % :  mod = 1.6071124379404307e-16,  Error =-1.4210854715202004e-14
Completed 1 % :  mod = 1.71493734467586e-16,  Error =4.3679115435679705e-08
Completed 2 % :  mod = 2.052880697668547e-16,  Error =8.735960221883943e-08
Completed 3 % :  mod = 2.6662893022067393e-16,  Error =1.310416877231546e-07
Completed 4 % :  mod = 3.6374515788336523e-16,  Error =1.7472194002721153e-07
Completed 5 % :  mod = 5.096718761630988e-16,  Error =2.1840291708485893e-07
Completed 6 % :  mod = 7.239888324198454e-16,  Error =2.620830059640866e-07
Completed 7 % :  mod = 1.0354473143141497e-15,  Error =3.057623985114333e-07
Completed 8 % :  mod = 1.4858518743814273e-15,  Error =3.4944160631766863e-07
Completed 9 % :  mod = 2.135635344863849e-15,  Error =3.931241465693347e-07
Completed 10 % :  mod = 3.0719684430235323e-15,  Error =4.3680390859890394e-07
Completed 11 % :  mod = 4.420527709738669e-15,  Error =4.804835640470628e-07
Completed 12 % :  mod = 6.3622553756146325e-15,  Error =5.241630915975293e-07
Completed 13 % :  mod = 9.157641051875365e-15,  Error =5.678415107013279e-07
Completed 14 % :  mod = 1.3181886745348374e-14,  Error =6.115210950952132e-07
Completed 15 % :  mod = 1.897494224785222e-14,  Error =6.552024700567927e-07
Completed 16 % :  mod = 2.7313962268142725e-14,  Error =6.988831771082005e-07
Completed 17 % :  mod = 3.931821268546865e-14,  Error =7.425643460123865e-07
Completed 18 % :  mod = 5.659831304253336e-14,  Error =7.8624614019418e-07
Completed 19 % :  mod = 8.147231476159518e-14,  Error =8.299257316934927e-07
Completed 20 % :  mod = 1.172784459434994e-13,  Error =8.736053871416516e-07
Completed 21 % :  mod = 1.6881974155602715e-13,  Error =9.172850639060925e-07
Completed 22 % :  mod = 2.430069564961689e-13,  Error =9.609644351371571e-07
Completed 23 % :  mod = 3.4978660779713726e-13,  Error =1.0046471601299345e-06
Completed 24 % :  mod = 5.034528383988366e-13,  Error =1.0483282650852743e-06
Completed 25 % :  mod = 7.24522211833237e-13,  Error =1.092008034220271e-06
Completed 26 % :  mod = 1.0423741137586511e-12,  Error =1.1356871283396686e-06
Completed 27 % :  mod = 1.4987842042151935e-12,  Error =1.1793667056281265e-06
Completed 28 % :  mod = 2.1523937915526693e-12,  Error =1.223042339404401e-06
Completed 29 % :  mod = 3.0832933651334052e-12,  Error =1.2667129638543884e-06
Completed 30 % :  mod = 4.3940920401253754e-12,  Error =1.3103763265576163e-06
Completed 31 % :  mod = 6.19709143585268e-12,  Error =1.354017115318129e-06
Completed 32 % :  mod = 8.561050419595424e-12,  Error =1.3976242101421121e-06
Completed 33 % :  mod = 1.1373330115492384e-11,  Error =1.4411685356208181e-06
Completed 34 % :  mod = 1.4115437989375604e-11,  Error =1.4846203200136188e-06
Completed 35 % :  mod = 1.5803259131945066e-11,  Error =1.5279859653105632e-06
Completed 36 % :  mod = 1.5573083824954495e-11,  Error =1.5713165453234978e-06
Completed 37 % :  mod = 1.3554632112984864e-11,  Error =1.6147002952493494e-06
Completed 38 % :  mod = 1.0724567975876198e-11,  Error =1.6581758330858065e-06
Completed 39 % :  mod = 7.98543598697549e-12,  Error =1.701737055270769e-06
Completed 40 % :  mod = 5.746555348547713e-12,  Error =1.745355355353695e-06
Completed 41 % :  mod = 4.062467266981583e-12,  Error =1.78900501168755e-06
Completed 42 % :  mod = 2.846366618179192e-12,  Error =1.832667919643427e-06
Completed 43 % :  mod = 1.985569727110453e-12,  Error =1.8763404980859377e-06
Completed 44 % :  mod = 1.3821548248945846e-12,  Error =1.920016941880931e-06
Completed 45 % :  mod = 9.61132350791397e-13,  Error =1.9636944657008826e-06
Completed 46 % :  mod = 6.680507564303116e-13,  Error =2.0073745545801103e-06
Completed 47 % :  mod = 4.64269466810454e-13,  Error =2.0510539400220296e-06
Completed 48 % :  mod = 3.226660931273857e-13,  Error =2.094734483648608e-06
Completed 49 % :  mod = 2.2432101903144212e-13,  Error =2.138413918828519e-06
Completed 50 % :  mod = 1.5606462979746165e-13,  Error =2.18209397218061e-06
Completed 51 % :  mod = 1.0874403541874826e-13,  Error =2.225776114528344e-06
Completed 52 % :  mod = 7.601388451990051e-14,  Error =2.2694561607750074e-06
Completed 53 % :  mod = 5.3483570132521454e-14,  Error =2.3131349706773108e-06
Completed 54 % :  mod = 3.812933679685486e-14,  Error =2.3568182356825673e-06
Completed 55 % :  mod = 2.7891468264466018e-14,  Error =2.4004976779679055e-06
Completed 56 % :  mod = 2.1396314840161587e-14,  Error =2.4441764665539267e-06
Completed 57 % :  mod = 1.777209061696097e-14,  Error =2.487856093580376e-06
Completed 58 % :  mod = 1.653262985244305e-14,  Error =2.531535507444005e-06
Completed 59 % :  mod = 1.75115771226029e-14,  Error =2.5752145447199837e-06
Completed 60 % :  mod = 2.0840329408171425e-14,  Error =2.618895045713998e-06
Completed 61 % :  mod = 2.6965558300667066e-14,  Error =2.6625753264397645e-06
Completed 62 % :  mod = 3.6709174180417575e-14,  Error =2.7062548255685215e-06
Completed 63 % :  mod = 5.137827924125625e-14,  Error =2.749935013923732e-06
Completed 64 % :  mod = 7.294171179992012e-14,  Error =2.7936163675690295e-06
Completed 65 % :  mod = 1.0429248171457599e-13,  Error =2.837296328550565e-06
Completed 66 % :  mod = 1.4963558224221953e-13,  Error =2.8809757850467577e-06
Completed 67 % :  mod = 2.1505455435000408e-13,  Error =2.92465588813684e-06
Completed 68 % :  mod = 3.093194073058512e-13,  Error =2.968335699904401e-06
Completed 69 % :  mod = 4.4505346203593833e-13,  Error =3.0120145382284136e-06
Completed 70 % :  mod = 6.404075097326748e-13,  Error =3.055694961062727e-06
Completed 71 % :  mod = 9.21391016625416e-13,  Error =3.099377337889564e-06
Completed 72 % :  mod = 1.3250969797794055e-12,  Error =3.1430570714974237e-06
Completed 73 % :  mod = 1.9039226020652088e-12,  Error =3.1867346024228027e-06
Completed 74 % :  mod = 2.730237940574668e-12,  Error =3.2304080406220237e-06
Completed 75 % :  mod = 3.899372454717345e-12,  Error =3.2740741602310663e-06
Completed 76 % :  mod = 5.523538042748188e-12,  Error =3.3177248255356062e-06
Completed 77 % :  mod = 7.696518285443954e-12,  Error =3.3613439072155415e-06
Completed 78 % :  mod = 1.0389525889181424e-11,  Error =3.4049066925945226e-06
Completed 79 % :  mod = 1.3246662148331609e-11,  Error =3.448390067717355e-06
Completed 80 % :  mod = 1.541614517252152e-11,  Error =3.491781214393086e-06
Completed 81 % :  mod = 1.5883670765692e-11,  Error =3.535114821318075e-06
Completed 82 % :  mod = 1.4386966874949215e-11,  Error =3.5784735104016363e-06
Completed 83 % :  mod = 1.1710667973273745e-11,  Error =3.62191703118242e-06
Completed 84 % :  mod = 8.870002522261035e-12,  Error =3.665449710865687e-06
Completed 85 % :  mod = 6.442582116738174e-12,  Error =3.7090499418468426e-06
Completed 86 % :  mod = 4.576169918574768e-12,  Error =3.7526900555917564e-06
Completed 87 % :  mod = 3.2138940071990757e-12,  Error =3.7963498513704508e-06
Completed 88 % :  mod = 2.244550381716439e-12,  Error =3.840018074185991e-06
Completed 89 % :  mod = 1.563312698745201e-12,  Error =3.883694247974745e-06
Completed 90 % :  mod = 1.087424711531876e-12,  Error =3.927372766554527e-06
Completed 91 % :  mod = 7.559693125749051e-13,  Error =3.971051313556018e-06
Completed 92 % :  mod = 5.254469964804101e-13,  Error =4.014730109247466e-06
Completed 93 % :  mod = 3.652646545536804e-13,  Error =4.0584098499607535e-06
Completed 94 % :  mod = 2.540413122278256e-13,  Error =4.102088603019638e-06
Completed 95 % :  mod = 1.7688562287198817e-13,  Error =4.145768592422883e-06
Completed 96 % :  mod = 1.234593111434787e-13,  Error =4.189448873148649e-06
Completed 97 % :  mod = 8.659804310020433e-14,  Error =4.233126482233729e-06
Completed 98 % :  mod = 6.135557273007011e-14,  Error =4.276809619341293e-06
Completed 99 % :  mod = 4.4345975899157853e-14,  Error =4.3204910156191545e-06
Completed 100 % :  mod = 3.328710599077773e-14,  Error =4.364172987436632e-06
Finished 13/201 frames
Finished all frames!
