/opt/local/miniconda_23_9/lib/python3.11/site-packages/conda/base/context.py:201: FutureWarning: Adding 'defaults' to channel list implicitly is deprecated and will be removed in 25.3. 

To remove this warning, please choose a default channel explicitly with conda's regular configuration system, e.g. by adding 'defaults' to the list of channels:

  conda config --add channels defaults

For more information see https://docs.conda.io/projects/conda/en/stable/user-guide/configuration/use-condarc.html

  deprecated.topic(
JOB 14009 ARRAY_ID 138  -> i=138 ; range=[1.9e-10, 5.0e-10] ; intervals=200 (frames=201)
Analytic t0 extension enabled (--extend-time-using-t0).
Density options: centers='2.0e-10,4.0e-10' width='2.0e-11,5.0e-11' strength='7.0'
Completed 0 % :  mod = 3.2819296979402425e-16,  Error =-1.4210854715202004e-14
Completed 1 % :  mod = 5.163430534753435e-16,  Error =1.3903598983233678e-07
Completed 2 % :  mod = 1.2965227991611942e-15,  Error =2.7807183045069905e-07
Completed 3 % :  mod = 3.563272335951251e-15,  Error =4.1710828924124144e-07
Completed 4 % :  mod = 9.915605973508933e-15,  Error =5.561429645695171e-07
Completed 5 % :  mod = 2.7636995527070877e-14,  Error =6.951789330855718e-07
Completed 6 % :  mod = 7.704646818720148e-14,  Error =8.342153066109859e-07
Completed 7 % :  mod = 2.147960308312392e-13,  Error =9.732513177596047e-07
Completed 8 % :  mod = 5.98826669474038e-13,  Error =1.1122874283842066e-06
Completed 9 % :  mod = 1.6694568137226442e-12,  Error =1.2513224092458586e-06
Completed 10 % :  mod = 4.654160292180564e-12,  Error =1.3903480677868174e-06
Completed 11 % :  mod = 1.297316020561603e-11,  Error =1.5293079229650175e-06
Completed 12 % :  mod = 3.612167297383835e-11,  Error =1.667756123424624e-06
Completed 13 % :  mod = 9.967373744651965e-11,  Error =1.802390102056961e-06
Completed 14 % :  mod = 2.5234364051844234e-10,  Error =1.9148813237279683e-06
Completed 15 % :  mod = 3.0432897979044065e-10,  Error =1.9871643814894924e-06
Completed 16 % :  mod = 1.1648254865397633e-10,  Error =2.0912466993650014e-06
Completed 17 % :  mod = 5.122037497548244e-11,  Error =2.2230925011967884e-06
Completed 18 % :  mod = 4.620954831409264e-11,  Error =2.3600290859349116e-06
Completed 19 % :  mod = 8.157053416113625e-11,  Error =2.495559876081188e-06
Completed 20 % :  mod = 1.841790198336892e-10,  Error =2.617340811639224e-06
Completed 21 % :  mod = 3.564213761372777e-10,  Error =2.6971234063921656e-06
Completed 22 % :  mod = 1.5064791916806592e-10,  Error =2.7852157344909756e-06
Completed 23 % :  mod = 7.361011196281749e-11,  Error =2.9110537340670817e-06
Completed 24 % :  mod = 6.71003154043091e-11,  Error =3.045987014616003e-06
Completed 25 % :  mod = 1.0655289639365259e-10,  Error =3.1785143832507856e-06
Completed 26 % :  mod = 2.392765368773439e-10,  Error =3.2887714453977424e-06
Completed 27 % :  mod = 3.237592568465583e-10,  Error =3.3632621665447004e-06
Completed 28 % :  mod = 1.243473810157201e-10,  Error =3.464874730241263e-06
Completed 28 % :  mod = 7.914751044274538e-11,  Error =3.59182990194995e-06
Completed 30 % :  mod = 1.634895655361137e-10,  Error =3.7181795562446496e-06
Completed 31 % :  mod = 2.826506079014233e-10,  Error =3.82097994133801e-06
Completed 32 % :  mod = 2.2894743759179071e-10,  Error =3.891073063755357e-06
Completed 33 % :  mod = 1.495670763199832e-10,  Error =4.000039005802591e-06
Completed 34 % :  mod = 8.441620750622817e-11,  Error =4.1287261609568304e-06
Completed 35 % :  mod = 1.1499362494279751e-10,  Error =4.256144585212951e-06
Completed 36 % :  mod = 3.2089618040578745e-10,  Error =4.354910458914674e-06
Completed 37 % :  mod = 2.534485657244631e-10,  Error =4.432445265933893e-06
Completed 38 % :  mod = 9.808630196833435e-11,  Error =4.544372046666467e-06
Completed 39 % :  mod = 6.948914232646577e-11,  Error =4.676669000502898e-06
Completed 40 % :  mod = 1.0525105158727238e-10,  Error =4.8092952624756435e-06
Completed 41 % :  mod = 2.0557329507093657e-10,  Error =4.926046820230567e-06
Completed 42 % :  mod = 3.2072120672614127e-10,  Error =4.999410563755191e-06
Completed 43 % :  mod = 1.5732668723186e-10,  Error =5.095530717369456e-06
Completed 44 % :  mod = 6.672231232654412e-11,  Error =5.22348351950086e-06
Completed 45 % :  mod = 5.5498497652364023e-11,  Error =5.358823017331815e-06
Completed 46 % :  mod = 1.2159692531521778e-10,  Error =5.490837487798217e-06
Completed 47 % :  mod = 2.465473915847152e-10,  Error =5.600013508910706e-06
Completed 48 % :  mod = 2.885639596216747e-10,  Error =5.670786009659423e-06
Completed 49 % :  mod = 1.4415123668096437e-10,  Error =5.775621580994539e-06
Completed 50 % :  mod = 7.159861812295358e-11,  Error =5.904193251637935e-06
Completed 51 % :  mod = 1.1195591170756752e-10,  Error =6.033985179954016e-06
Completed 52 % :  mod = 2.838930995784372e-10,  Error =6.143670503888643e-06
Completed 53 % :  mod = 2.630281041495058e-10,  Error =6.216961061511483e-06
Completed 54 % :  mod = 1.2523173750902963e-10,  Error =6.321254758745454e-06
Completed 55 % :  mod = 6.604424611714692e-11,  Error =6.452867737039014e-06
Completed 56 % :  mod = 4.6604358111289004e-11,  Error =6.589238935816866e-06
Completed 56 % :  mod = 9.411093403668596e-11,  Error =6.722648549839505e-06
Completed 57 % :  mod = 2.729015632362216e-10,  Error =6.834711101078028e-06
Completed 59 % :  mod = 2.878480400692845e-10,  Error =6.908650476589173e-06
Completed 60 % :  mod = 1.1741096949163453e-10,  Error =7.012142717144343e-06
Completed 61 % :  mod = 5.642675635460224e-11,  Error =7.1443360738498995e-06
Completed 62 % :  mod = 3.177278159386306e-11,  Error =7.281643433998397e-06
Completed 63 % :  mod = 5.515483655052368e-11,  Error =7.41853600061404e-06
Completed 64 % :  mod = 1.5964139581564226e-10,  Error =7.547116915418428e-06
Completed 65 % :  mod = 3.2228067464089304e-10,  Error =7.641621138532173e-06
Completed 66 % :  mod = 2.0143517568376848e-10,  Error =7.716496995158195e-06
Completed 67 % :  mod = 1.034734511719644e-10,  Error =7.835331203409623e-06
Completed 68 % :  mod = 5.444693530006664e-11,  Error =7.96901502297942e-06
Completed 69 % :  mod = 8.163829873584057e-11,  Error =8.102971250423252e-06
Completed 70 % :  mod = 2.2994896539351262e-10,  Error =8.221422184817584e-06
Completed 71 % :  mod = 3.269056498308232e-10,  Error =8.302722271480434e-06
Completed 72 % :  mod = 1.38490387289761e-10,  Error =8.392669776924322e-06
Completed 73 % :  mod = 9.836234351625694e-11,  Error =8.517424028298137e-06
Completed 74 % :  mod = 1.2854272122111894e-10,  Error =8.646632913666963e-06
Completed 75 % :  mod = 2.0480716863577387e-10,  Error =8.75972391867208e-06
Completed 76 % :  mod = 3.1422184279551003e-10,  Error =8.83198238454952e-06
Completed 77 % :  mod = 1.6951907520679832e-10,  Error =8.929257610645891e-06
Completed 78 % :  mod = 7.907438202492562e-11,  Error =9.054377898110033e-06
Completed 79 % :  mod = 1.1195899483963932e-10,  Error =9.1834927999912e-06
Completed 80 % :  mod = 2.788094089617334e-10,  Error =9.29404970406722e-06
Completed 81 % :  mod = 2.6911064771149494e-10,  Error =9.3689928704066e-06
Completed 82 % :  mod = 1.254505938547309e-10,  Error =9.470947112788508e-06
Completed 83 % :  mod = 7.880653550136599e-11,  Error =9.601307866091702e-06
Completed 84 % :  mod = 7.166052967907669e-11,  Error =9.735920805553633e-06
Completed 85 % :  mod = 1.385122455449851e-10,  Error =9.862898593837599e-06
Completed 86 % :  mod = 3.5355463354115145e-10,  Error =9.954735851636087e-06
Completed 87 % :  mod = 1.9418244652560785e-10,  Error =1.003185008841001e-05
Completed 88 % :  mod = 8.77401838419108e-11,  Error =1.0151508362810091e-05
Completed 89 % :  mod = 4.9402477339001266e-11,  Error =1.0286757600397323e-05
Completed 90 % :  mod = 4.2651689017728744e-11,  Error =1.0424002155673406e-05
Completed 91 % :  mod = 9.541103133472894e-11,  Error =1.0557783724607361e-05
Completed 92 % :  mod = 2.7032552669757165e-10,  Error =1.0669822387399108e-05
Completed 93 % :  mod = 2.883685397572886e-10,  Error =1.0742976463973264e-05
Completed 94 % :  mod = 1.1679683614119007e-10,  Error =1.0847221318499578e-05
Completed 95 % :  mod = 5.122806501865499e-11,  Error =1.0979798680921249e-05
Completed 96 % :  mod = 2.3194857995296495e-11,  Error =1.1117559431284008e-05
Completed 97 % :  mod = 3.317135107945769e-11,  Error =1.1255687347500043e-05
Completed 98 % :  mod = 9.145433952470122e-11,  Error =1.1391135203098202e-05
Completed 99 % :  mod = 2.248781740395915e-10,  Error =1.1509509093343695e-05
Completed 100 % :  mod = 3.213847428889738e-10,  Error =1.1585270797809244e-05
Finished 139/201 frames
Finished all frames!
