/opt/local/miniconda_23_9/lib/python3.11/site-packages/conda/base/context.py:201: FutureWarning: Adding 'defaults' to channel list implicitly is deprecated and will be removed in 25.3. 

To remove this warning, please choose a default channel explicitly with conda's regular configuration system, e.g. by adding 'defaults' to the list of channels:

  conda config --add channels defaults

For more information see https://docs.conda.io/projects/conda/en/stable/user-guide/configuration/use-condarc.html

  deprecated.topic(
JOB 13916 ARRAY_ID 45  -> i=45 ; range=[1.9e-10, 5.0e-10] ; intervals=200 (frames=201)
Analytic t0 extension enabled (--extend-time-using-t0).
Density options: centers='2.0e-10,4.0e-10' width='2.0e-11,5.0e-11' strength='7.0'
Completed 0 % :  mod = 2.0979175532113924e-16,  Error =-1.4210854715202004e-14
Completed 1 % :  mod = 2.432906153983518e-16,  Error =2.3214674627070053e-08
Completed 2 % :  mod = 3.54485171295794e-16,  Error =4.642951978439669e-08
Completed 3 % :  mod = 5.788857860593015e-16,  Error =6.96440167757828e-08
Completed 4 % :  mod = 9.881555692811709e-16,  Error =9.285801638725388e-08
Completed 5 % :  mod = 1.7129962381894853e-15,  Error =1.1607269101432394e-07
Completed 6 % :  mod = 2.9848881580056656e-15,  Error =1.3928725195455627e-07
Completed 7 % :  mod = 5.210014392163274e-15,  Error =1.6250173473508767e-07
Completed 8 % :  mod = 9.098976672329225e-15,  Error =1.8571589777138797e-07
Completed 9 % :  mod = 1.589372849392445e-14,  Error =2.089306434527316e-07
Completed 10 % :  mod = 2.7764197174913934e-14,  Error =2.3214563782403275e-07
Completed 11 % :  mod = 4.850125722111384e-14,  Error =2.553608453581546e-07
Completed 12 % :  mod = 8.472735711197437e-14,  Error =2.785755626177888e-07
Completed 13 % :  mod = 1.480114098096931e-13,  Error =3.017901164525938e-07
Completed 14 % :  mod = 2.5856330511475696e-13,  Error =3.2500628321940894e-07
Completed 15 % :  mod = 4.5168768820908073e-13,  Error =3.482212918015648e-07
Completed 16 % :  mod = 7.890569163111096e-13,  Error =3.714357390549594e-07
Completed 17 % :  mod = 1.3783972566104751e-12,  Error =3.946506552665596e-07
Completed 18 % :  mod = 2.4078432262209955e-12,  Error =4.1786474724858635e-07
Completed 19 % :  mod = 4.2057609483411295e-12,  Error =4.410743983385146e-07
Completed 20 % :  mod = 7.344238227951203e-12,  Error =4.642752742256562e-07
Completed 21 % :  mod = 1.281446861967734e-11,  Error =4.874468686466571e-07
Completed 22 % :  mod = 2.2304542324898413e-11,  Error =5.105318763298783e-07
Completed 23 % :  mod = 3.8535867882328875e-11,  Error =5.333571024834782e-07
Completed 24 % :  mod = 6.511352244267144e-11,  Error =5.55447464023473e-07
Completed 25 % :  mod = 1.031612484035083e-10,  Error =5.757397616434901e-07
Completed 26 % :  mod = 1.3851025647377117e-10,  Error =5.93027657203038e-07
Completed 27 % :  mod = 1.3678824177752823e-10,  Error =6.085875625672088e-07
Completed 28 % :  mod = 1.0004540024275359e-10,  Error =6.261077061253673e-07
Completed 28 % :  mod = 6.266709664164781e-11,  Error =6.465851711823234e-07
Completed 30 % :  mod = 3.702693733430919e-11,  Error =6.687598670396255e-07
Completed 31 % :  mod = 2.1390514195605095e-11,  Error =6.916148009850076e-07
Completed 32 % :  mod = 1.2293501417030953e-11,  Error =7.147101470650341e-07
Completed 33 % :  mod = 7.0523119151716275e-12,  Error =7.378853439377053e-07
Completed 34 % :  mod = 4.0407510149083734e-12,  Error =7.610864471985224e-07
Completed 35 % :  mod = 2.3272249199998223e-12,  Error =7.842975904281957e-07
Completed 36 % :  mod = 1.3525481603421355e-12,  Error =8.075111352923159e-07
Completed 37 % :  mod = 8.09372525576597e-13,  Error =8.307255612294284e-07
Completed 38 % :  mod = 5.262481557408962e-13,  Error =8.539404348084645e-07
Completed 39 % :  mod = 4.1016871446427297e-13,  Error =8.77155535761176e-07
Completed 40 % :  mod = 4.2503554925472706e-13,  Error =9.00369791168032e-07
Completed 41 % :  mod = 5.764412407517639e-13,  Error =9.23584366319119e-07
Completed 42 % :  mod = 9.111538840431145e-13,  Error =9.467987780453768e-07
Completed 43 % :  mod = 1.5362059764145694e-12,  Error =9.700123939637706e-07
Completed 44 % :  mod = 2.655158713299068e-12,  Error =9.932247451160947e-07
Completed 45 % :  mod = 4.615670238624314e-12,  Error =1.0164338561935438e-06
Completed 46 % :  mod = 8.049385289583358e-12,  Error =1.0396312433158528e-06
Completed 47 % :  mod = 1.4047330697439779e-11,  Error =1.0627935580487247e-06
Completed 48 % :  mod = 2.4401815272506338e-11,  Error =1.0858523040724322e-06
Completed 49 % :  mod = 4.209141332900759e-11,  Error =1.108601466626169e-06
Completed 50 % :  mod = 7.067642723415115e-11,  Error =1.1304887195251467e-06
Completed 51 % :  mod = 1.0985033011248179e-10,  Error =1.1503473800189568e-06
Completed 52 % :  mod = 1.4164518671426614e-10,  Error =1.1671545507851988e-06
Completed 53 % :  mod = 1.3213518572878104e-10,  Error =1.1827988757318053e-06
Completed 54 % :  mod = 9.333021370546157e-11,  Error =1.200837999704163e-06
Completed 55 % :  mod = 5.764853822268211e-11,  Error =1.221689750252608e-06
Completed 56 % :  mod = 3.386018559589763e-11,  Error =1.2440273664537926e-06
Completed 56 % :  mod = 1.9541571012327085e-11,  Error =1.2669421707300899e-06
Completed 57 % :  mod = 1.1221565982631353e-11,  Error =1.2900569501539394e-06
Completed 59 % :  mod = 6.429251882277728e-12,  Error =1.3132380303204627e-06
Completed 60 % :  mod = 3.681527864028087e-12,  Error =1.3364420965444879e-06
Completed 61 % :  mod = 2.1097708031591997e-12,  Error =1.3596541350580083e-06
Completed 62 % :  mod = 1.2097797525814808e-12,  Error =1.38286735307247e-06
Completed 63 % :  mod = 6.966950597543578e-13,  Error =1.4060814734762062e-06
Completed 64 % :  mod = 4.06174975217692e-13,  Error =1.4292961196815668e-06
Completed 65 % :  mod = 2.450827811287443e-13,  Error =1.4525100695550464e-06
Completed 66 % :  mod = 1.6245444570493184e-13,  Error =1.4757251278751937e-06
Completed 67 % :  mod = 1.3167048464416283e-13,  Error =1.4989396035502978e-06
Completed 68 % :  mod = 1.4285423798473992e-13,  Error =1.5221539300114273e-06
Completed 69 % :  mod = 1.9975351853369231e-13,  Error =1.5453693009703784e-06
Completed 70 % :  mod = 3.204730143784802e-13,  Error =1.5685846932456116e-06
Completed 71 % :  mod = 5.432861691846747e-13,  Error =1.5917995312975108e-06
Completed 72 % :  mod = 9.399815853019968e-13,  Error =1.6150136872283838e-06
Completed 73 % :  mod = 1.6367301985187131e-12,  Error =1.6382284400151548e-06
Completed 74 % :  mod = 2.855132280391724e-12,  Error =1.6614414164450864e-06
Completed 75 % :  mod = 4.986824169744366e-12,  Error =1.6846494332867223e-06
Completed 76 % :  mod = 8.704282003230873e-12,  Error =1.7078439285000968e-06
Completed 77 % :  mod = 1.5177564093632925e-11,  Error =1.7309985622659951e-06
Completed 78 % :  mod = 2.6387680414482373e-11,  Error =1.7540312740038644e-06
Completed 79 % :  mod = 4.537372660185528e-11,  Error =1.7767058579920558e-06
Completed 80 % :  mod = 7.567246535956686e-11,  Error =1.7983915654440352e-06
Completed 81 % :  mod = 1.1564398518051376e-10,  Error =1.8178488900844059e-06
Completed 82 % :  mod = 1.4321172404724447e-10,  Error =1.834285214386e-06
Completed 83 % :  mod = 1.274817821048558e-10,  Error =1.8500919765074286e-06
Completed 84 % :  mod = 8.773505785596198e-11,  Error =1.868580469022163e-06
Completed 85 % :  mod = 5.353974506411126e-11,  Error =1.8897217088920115e-06
Completed 86 % :  mod = 3.1368449026087254e-11,  Error =1.9121794068155396e-06
Completed 87 % :  mod = 1.808415791337262e-11,  Error =1.935137156294786e-06
Completed 88 % :  mod = 1.0372001628149787e-11,  Error =1.95826730475801e-06
Completed 89 % :  mod = 5.957755961042813e-12,  Error =1.9814543463780865e-06
Completed 90 % :  mod = 3.4206278777736215e-12,  Error =2.0046584126021116e-06
Completed 91 % :  mod = 1.9802462405769273e-12,  Error =2.0278700247899906e-06
Completed 92 % :  mod = 1.173746182330755e-12,  Error =2.0510830509579137e-06
Completed 93 % :  mod = 7.388121048906389e-13,  Error =2.074297988485796e-06
Completed 94 % :  mod = 5.415341344458517e-13,  Error =2.0975127270617122e-06
Completed 95 % :  mod = 5.17337420086281e-13,  Error =2.1207263287692513e-06
Completed 96 % :  mod = 6.571379371455081e-13,  Error =2.1439397173139696e-06
Completed 97 % :  mod = 1.0076880266920212e-12,  Error =2.1671537737688595e-06
Completed 98 % :  mod = 1.6813165151647231e-12,  Error =2.1903687397184513e-06
Completed 99 % :  mod = 2.8867250414231037e-12,  Error =2.2135822703717167e-06
Completed 100 % :  mod = 5.0201624021696585e-12,  Error =2.236790571430447e-06
Finished 46/201 frames
Finished all frames!
