/opt/local/miniconda_23_9/lib/python3.11/site-packages/conda/base/context.py:201: FutureWarning: Adding 'defaults' to channel list implicitly is deprecated and will be removed in 25.3. 

To remove this warning, please choose a default channel explicitly with conda's regular configuration system, e.g. by adding 'defaults' to the list of channels:

  conda config --add channels defaults

For more information see https://docs.conda.io/projects/conda/en/stable/user-guide/configuration/use-condarc.html

  deprecated.topic(
JOB 13449 ARRAY_ID 95  -> i=95 ; range=[1.9e-10, 6.0e-10] ; intervals=200 (frames=201)
Density options: centers='2.0e-10,4.0e-10' width='5e-11,5e-11' strength=''
Completed 0 % :  mod = 2.878828165907993e-16,  Error =-1.4210854715202004e-14
Completed 1 % :  mod = 4.108006077108276e-16,  Error =8.231400983049753e-08
Completed 2 % :  mod = 8.845187999962378e-16,  Error =1.6462817598039692e-07
Completed 3 % :  mod = 2.113565834059617e-15,  Error =2.46940686565722e-07
Completed 4 % :  mod = 5.147478129786067e-15,  Error =3.292549166644676e-07
Completed 5 % :  mod = 1.257704461529478e-14,  Error =4.1156853569646046e-07
Completed 6 % :  mod = 3.0746693389528134e-14,  Error =4.938828510603344e-07
Completed 7 % :  mod = 7.51722727304883e-14,  Error =5.761968466799772e-07
Completed 8 % :  mod = 1.8379069578320163e-13,  Error =6.585098404343626e-07
Completed 9 % :  mod = 4.4935577431886483e-13,  Error =7.40823928424561e-07
Completed 10 % :  mod = 1.098642699393363e-12,  Error =8.231357355725777e-07
Completed 11 % :  mod = 2.686071773591438e-12,  Error =9.054472016600812e-07
Completed 12 % :  mod = 6.5667219562167785e-12,  Error =9.877445137362884e-07
Completed 13 % :  mod = 1.6047206198798244e-11,  Error =1.0699598576024982e-06
Completed 14 % :  mod = 3.9117341377249315e-11,  Error =1.1516931976984779e-06
Completed 15 % :  mod = 9.391967030600616e-11,  Error =1.2306856831401092e-06
Completed 16 % :  mod = 2.0467255879946884e-10,  Error =1.2973777714364587e-06
Completed 17 % :  mod = 2.605914808403914e-10,  Error =1.342758160660651e-06
Completed 18 % :  mod = 1.2871964322132233e-10,  Error =1.3995978420666688e-06
Completed 19 % :  mod = 5.884547497462992e-11,  Error =1.4751985375482946e-06
Completed 20 % :  mod = 2.7931207223763322e-11,  Error =1.5561474313585677e-06
Completed 21 % :  mod = 1.8650113868607616e-11,  Error =1.6380663794279826e-06
Completed 22 % :  mod = 2.7088635146708108e-11,  Error =1.719986052250988e-06
Completed 23 % :  mod = 6.046747181468785e-11,  Error =1.8009195130730404e-06
Completed 24 % :  mod = 1.2907406751638337e-10,  Error =1.8765447720170414e-06
Completed 25 % :  mod = 2.556985129995472e-10,  Error =1.933225348693668e-06
Completed 26 % :  mod = 2.0956124055088946e-10,  Error =1.97892858011528e-06
Completed 27 % :  mod = 9.219056576399539e-11,  Error =2.0456573892602137e-06
Completed 28 % :  mod = 4.022043496225189e-11,  Error =2.1245757721999325e-06
Completed 28 % :  mod = 2.090915860401915e-11,  Error =2.2061982463128516e-06
Completed 30 % :  mod = 1.7036126704774554e-11,  Error =2.2882581944827507e-06
Completed 31 % :  mod = 2.7707158905123853e-11,  Error =2.3701910691897865e-06
Completed 32 % :  mod = 6.553417123739648e-11,  Error =2.450903622275291e-06
Completed 33 % :  mod = 1.4306887129869262e-10,  Error =2.52533405387112e-06
Completed 34 % :  mod = 2.6049991393094207e-10,  Error =2.57942500070385e-06
Completed 35 % :  mod = 1.9372140036591106e-10,  Error =2.6263970767104183e-06
Completed 36 % :  mod = 8.592862891326059e-11,  Error =2.695313440881364e-06
Completed 37 % :  mod = 3.628321742710421e-11,  Error =2.7747581441417424e-06
Completed 38 % :  mod = 2.0351567845264506e-11,  Error =2.8564675886855184e-06
Completed 39 % :  mod = 1.9003856321609982e-11,  Error =2.9385156352645936e-06
Completed 40 % :  mod = 3.21707244315034e-11,  Error =3.0203283003515935e-06
Completed 41 % :  mod = 7.76303658340112e-11,  Error =3.100379309728396e-06
Completed 42 % :  mod = 1.7097218767146446e-10,  Error =3.171885538222341e-06
Completed 43 % :  mod = 2.6468414543488723e-10,  Error =3.221330807434697e-06
Completed 44 % :  mod = 1.634129141368751e-10,  Error =3.272119911912341e-06
Completed 45 % :  mod = 7.303396337223975e-11,  Error =3.3445687321886908e-06
Completed 46 % :  mod = 3.003384080626793e-11,  Error =3.4248794023028495e-06
Completed 47 % :  mod = 1.6553105274978604e-11,  Error =3.506777161987884e-06
Completed 48 % :  mod = 1.5703657089497213e-11,  Error =3.588912257157517e-06
Completed 49 % :  mod = 2.648081978277568e-11,  Error =3.670892759544131e-06
Completed 50 % :  mod = 6.202420304328025e-11,  Error =3.7516969300099845e-06
Completed 51 % :  mod = 1.4599827613157313e-10,  Error =3.826336048007306e-06
Completed 52 % :  mod = 2.5465196251332035e-10,  Error =3.881279212691879e-06
Completed 53 % :  mod = 1.9525286119661472e-10,  Error =3.927553173355136e-06
Completed 54 % :  mod = 9.285639010990105e-11,  Error =3.995931962208488e-06
Completed 55 % :  mod = 4.047242190235813e-11,  Error =4.074920461505371e-06
Completed 56 % :  mod = 3.1638469227529645e-11,  Error =4.1562416157603366e-06
Completed 56 % :  mod = 4.7527934561006815e-11,  Error =4.237491957326256e-06
Completed 57 % :  mod = 9.010390998657028e-11,  Error =4.316191962061566e-06
Completed 59 % :  mod = 2.0569967633441833e-10,  Error =4.382640724998055e-06
Completed 60 % :  mod = 2.6615229175515744e-10,  Error =4.429108365400225e-06
Completed 61 % :  mod = 1.2592339102000274e-10,  Error =4.484957081274388e-06
Completed 62 % :  mod = 7.092271669205688e-11,  Error =4.5596575191098054e-06
Completed 63 % :  mod = 4.9896238210536094e-11,  Error =4.639555825747266e-06
Completed 64 % :  mod = 6.11651687694857e-11,  Error =4.719558127419532e-06
Completed 65 % :  mod = 1.339353284352237e-10,  Error =4.79452598511898e-06
Completed 66 % :  mod = 2.597261617016277e-10,  Error =4.852504517316447e-06
Completed 67 % :  mod = 1.9855215794948906e-10,  Error =4.8969692940659115e-06
Completed 68 % :  mod = 1.095510671415615e-10,  Error =4.9621746214256746e-06
Completed 69 % :  mod = 5.1253232962327664e-11,  Error =5.040058823624349e-06
Completed 70 % :  mod = 3.816379989380125e-11,  Error =5.120849309037112e-06
Completed 71 % :  mod = 6.380642731418439e-11,  Error =5.201249017261489e-06
Completed 72 % :  mod = 1.3430350645291694e-10,  Error =5.2768733951324975e-06
Completed 73 % :  mod = 2.3161298892961482e-10,  Error =5.335124384941992e-06
Completed 74 % :  mod = 2.2495657859966365e-10,  Error =5.380246186348359e-06
Completed 75 % :  mod = 1.0791283646369217e-10,  Error =5.445037231766037e-06
Completed 76 % :  mod = 5.58804312026756e-11,  Error =5.52212164706134e-06
Completed 77 % :  mod = 6.452581166842664e-11,  Error =5.601724922144058e-06
Completed 78 % :  mod = 1.1653142006469713e-10,  Error =5.678671975317684e-06
Completed 79 % :  mod = 1.9561223621027353e-10,  Error =5.742724241031283e-06
Completed 80 % :  mod = 2.624347342610198e-10,  Error =5.787452558081441e-06
Completed 81 % :  mod = 1.3418338826635253e-10,  Error =5.845654854397253e-06
Completed 82 % :  mod = 6.850666604712518e-11,  Error =5.919731691506058e-06
Completed 83 % :  mod = 7.689076546002205e-11,  Error =5.998158080444682e-06
Completed 84 % :  mod = 1.2588563389701769e-10,  Error =6.07392384921468e-06
Completed 85 % :  mod = 1.9937883256473527e-10,  Error =6.135981010402247e-06
Completed 86 % :  mod = 2.575770316208182e-10,  Error =6.180953498358122e-06
Completed 87 % :  mod = 1.3099051764301525e-10,  Error =6.240455228123665e-06
Completed 88 % :  mod = 7.377434736961506e-11,  Error =6.3141493455987074e-06
Completed 89 % :  mod = 1.0168807875106296e-10,  Error =6.390813723555766e-06
Completed 90 % :  mod = 1.720465711176161e-10,  Error =6.4615637000997594e-06
Completed 91 % :  mod = 2.264679388112646e-10,  Error =6.5138150304733244e-06
Completed 92 % :  mod = 1.9954842288824172e-10,  Error =6.56309455138171e-06
Completed 93 % :  mod = 1.0505762070464993e-10,  Error =6.6311761344195475e-06
Completed 94 % :  mod = 7.463672253671513e-11,  Error =6.707103061387443e-06
Completed 95 % :  mod = 1.3148483322968726e-10,  Error =6.78126863107309e-06
Completed 96 % :  mod = 2.387150556891926e-10,  Error =6.842945168727965e-06
Completed 97 % :  mod = 2.0970774488250683e-10,  Error =6.887814215872368e-06
Completed 98 % :  mod = 1.373584896198941e-10,  Error =6.9477786652782925e-06
Completed 99 % :  mod = 7.895854031127046e-11,  Error =7.02258475371309e-06
Completed 100 % :  mod = 7.051969163068922e-11,  Error =7.100713744989662e-06
Finished 96/201 frames
Finished all frames!
