/opt/local/miniconda_23_9/lib/python3.11/site-packages/conda/base/context.py:201: FutureWarning: Adding 'defaults' to channel list implicitly is deprecated and will be removed in 25.3. 

To remove this warning, please choose a default channel explicitly with conda's regular configuration system, e.g. by adding 'defaults' to the list of channels:

  conda config --add channels defaults

For more information see https://docs.conda.io/projects/conda/en/stable/user-guide/configuration/use-condarc.html

  deprecated.topic(
JOB 13560 ARRAY_ID 3  -> i=3 ; range=[2.0e-10, 2.09e-10] ; intervals=40 (frames=41)
Completed 0 % :  mod = 1.6052682925314835e-16,  Error =-1.4210854715202004e-14
Completed 1 % :  mod = 1.6079119865846214e-16,  Error =7.95743204662358e-09
Completed 2 % :  mod = 1.615851779472873e-16,  Error =1.5915922801923443e-08
Completed 3 % :  mod = 1.6291137630576977e-16,  Error =2.3873624854786613e-08
Completed 4 % :  mod = 1.6477416972614511e-16,  Error =3.183210850465912e-08
Completed 5 % :  mod = 1.671796868929693e-16,  Error =3.979031504286468e-08
Completed 6 % :  mod = 1.701358566943052e-16,  Error =4.774799577944577e-08
Completed 7 % :  mod = 1.7365241520105888e-16,  Error =5.570573335944573e-08
Completed 8 % :  mod = 1.7774094542334796e-16,  Error =6.366394700307865e-08
Completed 9 % :  mod = 1.8241491127660536e-16,  Error =7.162191195675405e-08
Completed 10 % :  mod = 1.8768971026264468e-16,  Error =7.958092851367837e-08
Completed 11 % :  mod = 1.935827128641368e-16,  Error =8.753968216979047e-08
Completed 12 % :  mod = 2.0011332685790253e-16,  Error =9.549740553893571e-08
Completed 13 % :  mod = 2.0730307258834835e-16,  Error =1.0345579681825257e-07
Completed 14 % :  mod = 2.151756232925213e-16,  Error =1.1141363387423553e-07
Completed 15 % :  mod = 2.2375690999695034e-16,  Error =1.1937144250850906e-07
Completed 16 % :  mod = 2.3307520666555073e-16,  Error =1.2732907350709866e-07
Completed 17 % :  mod = 2.4316119694275967e-16,  Error =1.3528762110581738e-07
Completed 18 % :  mod = 2.540480972483512e-16,  Error =1.432459342254333e-07
Completed 19 % :  mod = 2.6577177444387836e-16,  Error =1.5120438945359638e-07
Completed 20 % :  mod = 2.783708444222624e-16,  Error =1.5916207729560483e-07
Completed 21 % :  mod = 2.91886801251366e-16,  Error =1.671195093422284e-07
Completed 22 % :  mod = 3.063641589837694e-16,  Error =1.7507760219359625e-07
Completed 23 % :  mod = 3.218506137324719e-16,  Error =1.8303630611171684e-07
Completed 24 % :  mod = 3.3839717188388647e-16,  Error =1.9099460502047805e-07
Completed 25 % :  mod = 3.560583239608651e-16,  Error =1.9895194469654598e-07
Completed 26 % :  mod = 3.748922544680802e-16,  Error =2.0690964674940915e-07
Completed 27 % :  mod = 3.9496099336947443e-16,  Error =2.14868038028726e-07
Completed 28 % :  mod = 4.1633063978891747e-16,  Error =2.228262232506495e-07
Completed 28 % :  mod = 4.3907158353951393e-16,  Error =2.3078342081817027e-07
Completed 30 % :  mod = 4.632587260325256e-16,  Error =2.3874092391906743e-07
Completed 31 % :  mod = 4.88971735617687e-16,  Error =2.4669866860449474e-07
Completed 32 % :  mod = 5.162953036473033e-16,  Error =2.5465653408218714e-07
Completed 33 % :  mod = 5.453194242183943e-16,  Error =2.626151882623162e-07
Completed 34 % :  mod = 5.761397040035322e-16,  Error =2.705730750562907e-07
Completed 35 % :  mod = 6.088576560550555e-16,  Error =2.785310684316755e-07
Completed 36 % :  mod = 6.435810372947592e-16,  Error =2.8648847205658967e-07
Completed 37 % :  mod = 6.80424233204578e-16,  Error =2.9444684201962446e-07
Completed 38 % :  mod = 7.195085919558552e-16,  Error =3.024045156507782e-07
Completed 39 % :  mod = 7.609628346392278e-16,  Error =3.1036343983714687e-07
Completed 40 % :  mod = 8.049235174000949e-16,  Error =3.1832204427928446e-07
Completed 41 % :  mod = 8.515354356714434e-16,  Error =3.2628027923919944e-07
Completed 42 % :  mod = 9.009521092118792e-16,  Error =3.342383649851399e-07
Completed 43 % :  mod = 9.533363075204135e-16,  Error =3.421959817728748e-07
Completed 44 % :  mod = 1.0088605807830173e-15,  Error =3.50154856221252e-07
Completed 45 % :  mod = 1.0677078140836329e-15,  Error =3.581134677688169e-07
Completed 46 % :  mod = 1.1300718248870693e-15,  Error =3.660708145503122e-07
Completed 47 % :  mod = 1.1961580285058056e-15,  Error =3.740283247566367e-07
Completed 48 % :  mod = 1.266184113854852e-15,  Error =3.819862897103121e-07
Completed 49 % :  mod = 1.3403807135197457e-15,  Error =3.8994423334770545e-07
Completed 50 % :  mod = 1.4189922114984178e-15,  Error =3.979022906719365e-07
Completed 51 % :  mod = 1.5022775529076167e-15,  Error =4.058600069356544e-07
Completed 52 % :  mod = 1.590511049139836e-15,  Error =4.138165436984309e-07
Completed 53 % :  mod = 1.6839833198152373e-15,  Error =4.2177460102266195e-07
Completed 54 % :  mod = 1.7830022535519318e-15,  Error =4.297327222957392e-07
Completed 55 % :  mod = 1.8878939834187173e-15,  Error =4.3769029645090995e-07
Completed 56 % :  mod = 1.9990040054383633e-15,  Error =4.456473163827468e-07
Completed 56 % :  mod = 2.1166982951780398e-15,  Error =4.5360611267142303e-07
Completed 57 % :  mod = 2.24136449801052e-15,  Error =4.6156420552279087e-07
Completed 59 % :  mod = 2.3734132482087646e-15,  Error =4.695214315120211e-07
Completed 60 % :  mod = 2.5132794795102024e-15,  Error =4.77478195648473e-07
Completed 61 % :  mod = 2.6614238704597567e-15,  Error =4.854357413819343e-07
Completed 62 % :  mod = 2.8183343953734927e-15,  Error =4.933928039463353e-07
Completed 63 % :  mod = 2.984527868788219e-15,  Error =5.013513728613361e-07
Completed 64 % :  mod = 3.1605516850223154e-15,  Error =5.093100128306105e-07
Completed 65 % :  mod = 3.3469856570499343e-15,  Error =5.172680417331321e-07
Completed 66 % :  mod = 3.544443832679432e-15,  Error =5.252252179843708e-07
Completed 67 % :  mod = 3.7535765888195844e-15,  Error =5.331831900434736e-07
Completed 68 % :  mod = 3.97507279233384e-15,  Error =5.411416239553546e-07
Completed 69 % :  mod = 4.209661973095488e-15,  Error =5.490992975865083e-07
Completed 70 % :  mod = 4.4581168177304114e-15,  Error =5.570572199076196e-07
Completed 71 % :  mod = 4.721255697377639e-15,  Error =5.650154903946714e-07
Completed 72 % :  mod = 4.999945310686501e-15,  Error =5.729734837700562e-07
Completed 73 % :  mod = 5.295103614569237e-15,  Error =5.809318963656551e-07
Completed 74 % :  mod = 5.607702795020165e-15,  Error =5.888896765782192e-07
Completed 75 % :  mod = 5.9387724626694876e-15,  Error =5.968475420559116e-07
Completed 76 % :  mod = 6.289403110191453e-15,  Error =6.048066296671095e-07
Completed 77 % :  mod = 6.660749631802767e-15,  Error =6.127636495989464e-07
Completed 78 % :  mod = 7.054035128551907e-15,  Error =6.207221261433915e-07
Completed 79 % :  mod = 7.470555035174891e-15,  Error =6.286796434551434e-07
Completed 80 % :  mod = 7.911681264218454e-15,  Error =6.366375231436905e-07
Completed 81 % :  mod = 8.378866745607246e-15,  Error =6.445957225764687e-07
Completed 82 % :  mod = 8.873650334771695e-15,  Error =6.525545686031364e-07
Completed 83 % :  mod = 9.397661713434646e-15,  Error =6.605132938375391e-07
Completed 84 % :  mod = 9.952626834682836e-15,  Error =6.684712232640777e-07
Completed 85 % :  mod = 1.0540373658171973e-14,  Error =6.764287761029664e-07
Completed 86 % :  mod = 1.1162838067880238e-14,  Error =6.843868547434795e-07
Completed 87 % :  mod = 1.1822070310210085e-14,  Error =6.923443720552314e-07
Completed 88 % :  mod = 1.2520241764564956e-14,  Error =7.003024720120266e-07
Completed 89 % :  mod = 1.3259652012486492e-14,  Error =7.082606146013859e-07
Completed 90 % :  mod = 1.4042736513632128e-14,  Error =7.162178903286076e-07
Completed 91 % :  mod = 1.4872074577314648e-14,  Error =7.241755213271972e-07
Completed 92 % :  mod = 1.5750397800726718e-14,  Error =7.321332446963424e-07
Completed 93 % :  mod = 1.6680599188296943e-14,  Error =7.400912664934367e-07
Completed 94 % :  mod = 1.7665742615153064e-14,  Error =7.480487624889065e-07
Completed 95 % :  mod = 1.8709072849293955e-14,  Error =7.560066919154451e-07
Completed 96 % :  mod = 1.9814026385122412e-14,  Error =7.639659074243355e-07
Completed 97 % :  mod = 2.0984242665287532e-14,  Error =7.719245616044645e-07
Completed 98 % :  mod = 2.2223576035047227e-14,  Error =7.798822139193362e-07
Completed 99 % :  mod = 2.353610855715707e-14,  Error =7.878400509753192e-07
Completed 100 % :  mod = 2.4926163355689447e-14,  Error =7.957982575135247e-07
Finished 4/41 frames
Finished all frames!
