/opt/local/miniconda_23_9/lib/python3.11/site-packages/conda/base/context.py:201: FutureWarning: Adding 'defaults' to channel list implicitly is deprecated and will be removed in 25.3. 

To remove this warning, please choose a default channel explicitly with conda's regular configuration system, e.g. by adding 'defaults' to the list of channels:

  conda config --add channels defaults

For more information see https://docs.conda.io/projects/conda/en/stable/user-guide/configuration/use-condarc.html

  deprecated.topic(
JOB 13951 ARRAY_ID 80  -> i=80 ; range=[1.9e-10, 5.0e-10] ; intervals=200 (frames=201)
Analytic t0 extension enabled (--extend-time-using-t0).
Density options: centers='2.0e-10,4.0e-10' width='2.0e-11,5.0e-11' strength='7.0'
Completed 0 % :  mod = 2.832473309728427e-16,  Error =-1.4210854715202004e-14
Completed 1 % :  mod = 3.995246713350577e-16,  Error =7.713919814023029e-08
Completed 2 % :  mod = 8.438239330517278e-16,  Error =1.542778917951182e-07
Completed 3 % :  mod = 1.9809283414208094e-15,  Error =2.3141726046560507e-07
Completed 4 % :  mod = 4.744435249615536e-15,  Error =3.085556343762619e-07
Completed 5 % :  mod = 1.1403268007601564e-14,  Error =3.8569537252897135e-07
Completed 6 % :  mod = 2.7424531130511063e-14,  Error =4.6283501831112517e-07
Completed 7 % :  mod = 6.596216924039218e-14,  Error =5.399740246048168e-07
Completed 8 % :  mod = 1.5865675000804986e-13,  Error =6.171126827325679e-07
Completed 9 % :  mod = 3.8161324493595696e-13,  Error =6.942503389950616e-07
Completed 10 % :  mod = 9.178842832575334e-13,  Error =7.713889402793939e-07
Completed 11 % :  mod = 2.2077445816554943e-12,  Error =8.485255307277839e-07
Completed 12 % :  mod = 5.30992834610443e-12,  Error =9.256533459733873e-07
Completed 13 % :  mod = 1.276752053989289e-11,  Error =1.0027321835082148e-06
Completed 14 % :  mod = 3.064909979225226e-11,  Error =1.0795195635182608e-06
Completed 15 % :  mod = 7.287817950862827e-11,  Error =1.1546906009129998e-06
Completed 16 % :  mod = 1.6361077873942708e-10,  Error =1.2220373193372325e-06
Completed 17 % :  mod = 2.624650361603657e-10,  Error =1.2694224409415256e-06
Completed 18 % :  mod = 1.6340765363746277e-10,  Error =1.3159425265030222e-06
Completed 19 % :  mod = 7.849705888741046e-11,  Error =1.3828705007767894e-06
Completed 20 % :  mod = 3.315502331230152e-11,  Error =1.4578033997736384e-06
Completed 21 % :  mod = 1.8416635436952396e-11,  Error =1.5344448769383234e-06
Completed 22 % :  mod = 1.9368661135542516e-11,  Error =1.6113372112158686e-06
Completed 23 % :  mod = 3.41289463785692e-11,  Error =1.6879731816743515e-06
Completed 24 % :  mod = 7.452907632593781e-11,  Error =1.762877715805189e-06
Completed 25 % :  mod = 1.7434814202348717e-10,  Error =1.8294385597528162e-06
Completed 26 % :  mod = 2.5781136563544464e-10,  Error =1.8763292644052854e-06
Completed 27 % :  mod = 1.5720203984081429e-10,  Error =1.9235366153225186e-06
Completed 28 % :  mod = 8.055086030697014e-11,  Error =1.99092493602393e-06
Completed 28 % :  mod = 3.719397835546506e-11,  Error =2.0656854715639383e-06
Completed 30 % :  mod = 3.059336727595033e-11,  Error =2.1419505600306366e-06
Completed 31 % :  mod = 5.3740730353312836e-11,  Error =2.217861201359028e-06
Completed 32 % :  mod = 1.0630215662927213e-10,  Error =2.290545140226641e-06
Completed 33 % :  mod = 2.1075329590584675e-10,  Error =2.349719203209588e-06
Completed 34 % :  mod = 2.511270118523504e-10,  Error =2.3921763201428803e-06
Completed 35 % :  mod = 1.1595316697430076e-10,  Error =2.447844359210194e-06
Completed 36 % :  mod = 6.114921068369097e-11,  Error =2.518787404426348e-06
Completed 37 % :  mod = 5.099775438962576e-11,  Error =2.5938297198990767e-06
Completed 38 % :  mod = 6.578921823936496e-11,  Error =2.6686940870490616e-06
Completed 39 % :  mod = 1.2697248396469354e-10,  Error =2.7385657546119546e-06
Completed 40 % :  mod = 2.6208532807678476e-10,  Error =2.7918186376041376e-06
Completed 41 % :  mod = 1.9501089917081018e-10,  Error =2.8346078693175514e-06
Completed 42 % :  mod = 9.98808365049793e-11,  Error =2.895984415829389e-06
Completed 43 % :  mod = 5.077930761823003e-11,  Error =2.969257423046656e-06
Completed 44 % :  mod = 3.105501385260652e-11,  Error =3.0452415558102075e-06
Completed 45 % :  mod = 4.179926467180961e-11,  Error =3.1213594837709024e-06
Completed 46 % :  mod = 9.385193597147894e-11,  Error =3.1953699775044697e-06
Completed 47 % :  mod = 1.763023109852187e-10,  Error =3.259889808759908e-06
Completed 48 % :  mod = 2.6076960010693615e-10,  Error =3.3037700717386542e-06
Completed 49 % :  mod = 1.5117287803105073e-10,  Error =3.3541388546609596e-06
Completed 50 % :  mod = 6.409570931886529e-11,  Error =3.4229220418069417e-06
Completed 51 % :  mod = 3.318952804890111e-11,  Error =3.49828609813585e-06
Completed 52 % :  mod = 2.3195550845724255e-11,  Error =3.5748971427551623e-06
Completed 53 % :  mod = 2.95789569656992e-11,  Error =3.6515339729703555e-06
Completed 54 % :  mod = 6.543774388008101e-11,  Error =3.7270051649329616e-06
Completed 55 % :  mod = 1.4504760470899767e-10,  Error =3.7965873502798786e-06
Completed 56 % :  mod = 2.454248820204762e-10,  Error =3.847793678346534e-06
Completed 56 % :  mod = 1.961911054382779e-10,  Error =3.891686453982857e-06
Completed 57 % :  mod = 9.123117974994412e-11,  Error =3.955465963656479e-06
Completed 59 % :  mod = 4.1155739302507594e-11,  Error =4.029319825349376e-06
Completed 60 % :  mod = 3.322828912277241e-11,  Error =4.105446031132942e-06
Completed 61 % :  mod = 4.754796693439127e-11,  Error =4.181525291357957e-06
Completed 62 % :  mod = 8.751644731856979e-11,  Error =4.2552095678161095e-06
Completed 63 % :  mod = 2.0304901350718166e-10,  Error =4.317723757196745e-06
Completed 64 % :  mod = 2.559899647095165e-10,  Error =4.36185520413801e-06
Completed 65 % :  mod = 1.285207994726029e-10,  Error =4.413486983878556e-06
Completed 66 % :  mod = 7.383566272835953e-11,  Error =4.483096304852552e-06
Completed 67 % :  mod = 4.5472867224649413e-11,  Error =4.557952337336246e-06
Completed 68 % :  mod = 5.12261048381661e-11,  Error =4.633306680545957e-06
Completed 69 % :  mod = 1.1397123903820289e-10,  Error =4.70546814312911e-06
Completed 70 % :  mod = 2.209056256992818e-10,  Error =4.7651030854467535e-06
Completed 71 % :  mod = 2.2580641770228318e-10,  Error =4.806730899531431e-06
Completed 72 % :  mod = 1.3033698050369486e-10,  Error =4.862627392299146e-06
Completed 73 % :  mod = 5.489526092915499e-11,  Error =4.9339277055082675e-06
Completed 74 % :  mod = 3.125626631376295e-11,  Error =5.009639053810133e-06
Completed 75 % :  mod = 3.5152485962302255e-11,  Error =5.086035997692306e-06
Completed 76 % :  mod = 6.01406789474535e-11,  Error =5.161628941152685e-06
Completed 77 % :  mod = 1.2342163460607314e-10,  Error =5.232325243298419e-06
Completed 78 % :  mod = 2.5500091235337803e-10,  Error =5.28603991512e-06
Completed 79 % :  mod = 2.0422347254155585e-10,  Error =5.328771663926091e-06
Completed 80 % :  mod = 9.689143260206042e-11,  Error =5.390203845934138e-06
Completed 81 % :  mod = 4.339502838115508e-11,  Error =5.4638118172078975e-06
Completed 82 % :  mod = 1.864250221279729e-11,  Error =5.540237872025955e-06
Completed 83 % :  mod = 1.3911002301695934e-11,  Error =5.617178388206412e-06
Completed 84 % :  mod = 1.931100700779269e-11,  Error =5.694139325385095e-06
Completed 85 % :  mod = 3.664314444373855e-11,  Error =5.770711467789624e-06
Completed 86 % :  mod = 8.472754076056825e-11,  Error =5.8450382667274425e-06
Completed 87 % :  mod = 1.9286760797289535e-10,  Error =5.909182483776476e-06
Completed 88 % :  mod = 2.5529627766192603e-10,  Error =5.953472971498286e-06
Completed 89 % :  mod = 1.4029542740942338e-10,  Error =6.004056388064782e-06
Completed 90 % :  mod = 6.781136841165099e-11,  Error =6.0735055882332745e-06
Completed 91 % :  mod = 3.0124654524970596e-11,  Error =6.1489400593472965e-06
Completed 92 % :  mod = 2.2696361093412572e-11,  Error =6.225559289418925e-06
Completed 93 % :  mod = 3.4041960820290056e-11,  Error =6.302155163950829e-06
Completed 94 % :  mod = 6.744913995620451e-11,  Error =6.377474967678154e-06
Completed 95 % :  mod = 1.4513826633668169e-10,  Error =6.446215785160803e-06
Completed 96 % :  mod = 2.665546794907524e-10,  Error =6.495893373426043e-06
Completed 97 % :  mod = 1.7740062988468497e-10,  Error =6.540413842515136e-06
Completed 98 % :  mod = 8.632863563772696e-11,  Error =6.605285840066699e-06
Completed 99 % :  mod = 3.693259507118497e-11,  Error =6.6797538949003865e-06
Completed 100 % :  mod = 1.798084469933103e-11,  Error =6.756316338396573e-06
Finished 81/201 frames
Finished all frames!
