/opt/local/miniconda_23_9/lib/python3.11/site-packages/conda/base/context.py:201: FutureWarning: Adding 'defaults' to channel list implicitly is deprecated and will be removed in 25.3. 

To remove this warning, please choose a default channel explicitly with conda's regular configuration system, e.g. by adding 'defaults' to the list of channels:

  conda config --add channels defaults

For more information see https://docs.conda.io/projects/conda/en/stable/user-guide/configuration/use-condarc.html

  deprecated.topic(
JOB 13911 ARRAY_ID 40  -> i=40 ; range=[1.9e-10, 5.0e-10] ; intervals=200 (frames=201)
Analytic t0 extension enabled (--extend-time-using-t0).
Density options: centers='2.0e-10,4.0e-10' width='2.0e-11,5.0e-11' strength='7.0'
Completed 0 % :  mod = 1.9068291423247427e-16,  Error =-1.4210854715202004e-14
Completed 1 % :  mod = 2.0926046238357526e-16,  Error =1.5843447442875913e-08
Completed 2 % :  mod = 2.6861299002490956e-16,  Error =3.168694462374333e-08
Completed 3 % :  mod = 3.8030549386525522e-16,  Error =4.7531031555081427e-08
Completed 4 % :  mod = 5.661015781705771e-16,  Error =6.337424451885454e-08
Completed 5 % :  mod = 8.622041225261185e-16,  Error =7.921774169972196e-08
Completed 6 % :  mod = 1.3263095197694768e-15,  Error =9.506096887434978e-08
Completed 7 % :  mod = 2.0488500020535313e-15,  Error =1.1090564555615856e-07
Completed 8 % :  mod = 3.1706145727137024e-15,  Error =1.267493558998467e-07
Completed 9 % :  mod = 4.910182158461336e-15,  Error =1.4259233438451702e-07
Completed 10 % :  mod = 7.606512321559422e-15,  Error =1.5843606604448723e-07
Completed 11 % :  mod = 1.178499244636581e-14,  Error =1.742803945603555e-07
Completed 12 % :  mod = 1.8259810904722672e-14,  Error =1.901239272683597e-07
Completed 13 % :  mod = 2.8292603842333473e-14,  Error =2.0596814209739023e-07
Completed 14 % :  mod = 4.383828817875194e-14,  Error =2.2181199454962552e-07
Completed 15 % :  mod = 6.792598139783026e-14,  Error =2.3765606016468155e-07
Completed 16 % :  mod = 1.0524922919520817e-13,  Error =2.534998344572159e-07
Completed 17 % :  mod = 1.6308053994276215e-13,  Error =2.693432534783824e-07
Completed 18 % :  mod = 2.5268839362451845e-13,  Error =2.85187091719763e-07
Completed 19 % :  mod = 3.9153271533371277e-13,  Error =3.010306173223398e-07
Completed 20 % :  mod = 6.06666167853286e-13,  Error =3.168735034364545e-07
Completed 21 % :  mod = 9.400023788661818e-13,  Error =3.3271697219561247e-07
Completed 22 % :  mod = 1.456471548317813e-12,  Error =3.485597659391715e-07
Completed 23 % :  mod = 2.2566299526796147e-12,  Error =3.644015720283278e-07
Completed 24 % :  mod = 3.4960962155548497e-12,  Error =3.8024315074380866e-07
Completed 25 % :  mod = 5.415288981003003e-12,  Error =3.960807077874051e-07
Completed 26 % :  mod = 8.384101080642494e-12,  Error =4.1190833144355565e-07
Completed 27 % :  mod = 1.2965932584174037e-11,  Error =4.277116190110064e-07
Completed 28 % :  mod = 1.9997898465206787e-11,  Error =4.434604505831885e-07
Completed 28 % :  mod = 3.064694209309628e-11,  Error =4.5907907519904256e-07
Completed 30 % :  mod = 4.626498023715936e-11,  Error =4.744050983163106e-07
Completed 31 % :  mod = 6.747657105116394e-11,  Error =4.891216462965531e-07
Completed 32 % :  mod = 9.140319089306292e-11,  Error =5.027813685387628e-07
Completed 33 % :  mod = 1.0793910665891949e-10,  Error =5.152138626840497e-07
Completed 34 % :  mod = 1.050396442967128e-10,  Error =5.271727872013798e-07
Completed 35 % :  mod = 8.513481182672263e-11,  Error =5.399056703936367e-07
Completed 36 % :  mod = 6.128212973932126e-11,  Error =5.538920646586121e-07
Completed 37 % :  mod = 4.151372710321625e-11,  Error =5.688140163329081e-07
Completed 38 % :  mod = 2.735148819350923e-11,  Error =5.842424712909633e-07
Completed 39 % :  mod = 1.780670619282884e-11,  Error =5.999065422201966e-07
Completed 40 % :  mod = 1.1534567882081848e-11,  Error =6.156740255391924e-07
Completed 41 % :  mod = 7.455169218540849e-12,  Error =6.314861948908401e-07
Completed 42 % :  mod = 4.814633208621451e-12,  Error =6.473171865195582e-07
Completed 43 % :  mod = 3.108168308168029e-12,  Error =6.631556672687111e-07
Completed 44 % :  mod = 2.0061231676685724e-12,  Error =6.789970328213712e-07
Completed 45 % :  mod = 1.2948992845873218e-12,  Error =6.948395565586907e-07
Completed 46 % :  mod = 8.358085898597329e-13,  Error =7.106829826852845e-07
Completed 47 % :  mod = 5.395603835741806e-13,  Error =7.265264798661519e-07
Completed 48 % :  mod = 3.484826506970213e-13,  Error =7.423698278330448e-07
Completed 49 % :  mod = 2.2527016699259724e-13,  Error =7.58213460017032e-07
Completed 50 % :  mod = 1.4596506552641557e-13,  Error =7.740574901049513e-07
Completed 51 % :  mod = 9.510546318313465e-14,  Error =7.899017404611186e-07
Completed 52 % :  mod = 6.276852706929459e-14,  Error =8.057448326326266e-07
Completed 53 % :  mod = 4.266799380063948e-14,  Error =8.215884435003318e-07
Completed 54 % :  mod = 3.088048549602112e-14,  Error =8.374321112114558e-07
Completed 55 % :  mod = 2.510817100769339e-14,  Error =8.532755515489043e-07
Completed 56 % :  mod = 2.423042656989715e-14,  Error =8.69119212154601e-07
Completed 56 % :  mod = 2.8073590766258713e-14,  Error =8.849630930285457e-07
Completed 57 % :  mod = 3.738498935259906e-14,  Error =9.008069312699263e-07
Completed 59 % :  mod = 5.3984440603170365e-14,  Error =9.16651408999769e-07
Completed 60 % :  mod = 8.110101527031987e-14,  Error =9.324942524813196e-07
Completed 61 % :  mod = 1.2401611163674806e-13,  Error =9.48338545470051e-07
Completed 62 % :  mod = 1.9110867919445439e-13,  Error =9.641818010663883e-07
Completed 63 % :  mod = 2.9542378889216934e-13,  Error =9.800254900937944e-07
Completed 64 % :  mod = 4.573026781956366e-13,  Error =9.958689020095335e-07
Completed 65 % :  mod = 7.083204417282535e-13,  Error =1.0117119089159132e-06
Completed 66 % :  mod = 1.097270791930998e-12,  Error =1.0275550010874213e-06
Completed 67 % :  mod = 1.7000440132365999e-12,  Error =1.043397233502219e-06
Completed 68 % :  mod = 2.6339516313092917e-12,  Error =1.059239032485948e-06
Completed 69 % :  mod = 4.0802029426214225e-12,  Error =1.075078309042965e-06
Completed 70 % :  mod = 6.319500460497631e-12,  Error =1.0909128604907892e-06
Completed 71 % :  mod = 9.781138743659322e-12,  Error =1.1067328102853935e-06
Completed 72 % :  mod = 1.5115337528439305e-11,  Error =1.1225216383081715e-06
Completed 73 % :  mod = 2.327548843411248e-11,  Error =1.1382349995869845e-06
Completed 74 % :  mod = 3.55287484954494e-11,  Error =1.1537744981637843e-06
Completed 75 % :  mod = 5.314616424454447e-11,  Error =1.168929514960837e-06
Completed 76 % :  mod = 7.596141184881442e-11,  Error =1.1833251960524649e-06
Completed 77 % :  mod = 9.882094649053045e-11,  Error =1.1965346615738781e-06
Completed 78 % :  mod = 1.0943607000230365e-10,  Error =1.2086598530913761e-06
Completed 79 % :  mod = 9.930030606614107e-11,  Error =1.2207673663056084e-06
Completed 80 % :  mod = 7.657137665124606e-11,  Error =1.2339442250208776e-06
Completed 81 % :  mod = 5.366412456953058e-11,  Error =1.2483139499863682e-06
Completed 82 % :  mod = 3.590183266410477e-11,  Error =1.2634564470204168e-06
Completed 83 % :  mod = 2.352688085633845e-11,  Error =1.2789901475684928e-06
Completed 84 % :  mod = 1.5281494467613958e-11,  Error =1.2947017893338852e-06
Completed 85 % :  mod = 9.888872089962586e-12,  Error =1.310489835759654e-06
Completed 86 % :  mod = 6.38922499286606e-12,  Error =1.3263091105386593e-06
Completed 87 % :  mod = 4.12541902704621e-12,  Error =1.342144088312125e-06
Completed 88 % :  mod = 2.662995472167073e-12,  Error =1.3579841109390145e-06
Completed 89 % :  mod = 1.7187986899459843e-12,  Error =1.3738255262296661e-06
Completed 90 % :  mod = 1.1093423653307845e-12,  Error =1.3896680215452761e-06
Completed 91 % :  mod = 7.159933176807101e-13,  Error =1.4055104671228946e-06
Completed 92 % :  mod = 4.621451554207828e-13,  Error =1.421353246655599e-06
Completed 93 % :  mod = 2.983448236390537e-13,  Error =1.4371963246162522e-06
Completed 94 % :  mod = 1.9267584376517134e-13,  Error =1.4530394452094697e-06
Completed 95 % :  mod = 1.245504969191353e-13,  Error =1.4688827576492258e-06
Completed 96 % :  mod = 8.069414498699115e-14,  Error =1.4847263969386404e-06
Completed 97 % :  mod = 5.256102222870919e-14,  Error =1.5005704767645511e-06
Completed 98 % :  mod = 3.4669731825738244e-14,  Error =1.5164131639266998e-06
Completed 99 % :  mod = 2.3533886018597297e-14,  Error =1.5322562774144899e-06
Completed 100 % :  mod = 1.6983646971341883e-14,  Error =1.5481001227612978e-06
Finished 41/201 frames
Finished all frames!
