/opt/local/miniconda_23_9/lib/python3.11/site-packages/conda/base/context.py:201: FutureWarning: Adding 'defaults' to channel list implicitly is deprecated and will be removed in 25.3. 

To remove this warning, please choose a default channel explicitly with conda's regular configuration system, e.g. by adding 'defaults' to the list of channels:

  conda config --add channels defaults

For more information see https://docs.conda.io/projects/conda/en/stable/user-guide/configuration/use-condarc.html

  deprecated.topic(
JOB 13584 ARRAY_ID 27  -> i=27 ; range=[2.0e-10, 2.09e-10] ; intervals=40 (frames=41)
Completed 0 % :  mod = 1.6474146347001386e-16,  Error =-1.4210854715202004e-14
Completed 1 % :  mod = 1.6718850112278152e-16,  Error =8.827356623442029e-09
Completed 2 % :  mod = 1.746023020604247e-16,  Error =1.765476298487556e-08
Completed 3 % :  mod = 1.872031184755758e-16,  Error =2.6481849602078e-08
Completed 4 % :  mod = 2.0536529141973475e-16,  Error =3.530887937586158e-08
Completed 5 % :  mod = 2.2962837028205095e-16,  Error =4.413607967990174e-08
Completed 6 % :  mod = 2.607131571980746e-16,  Error =5.2963926577831444e-08
Completed 7 % :  mod = 2.9954310450614346e-16,  Error =6.179077871593108e-08
Completed 8 % :  mod = 3.472717583770594e-16,  Error =7.061820639364669e-08
Completed 9 % :  mod = 4.053170150515913e-16,  Error =7.944585433961038e-08
Completed 10 % :  mod = 4.754032657960821e-16,  Error =8.82727420048468e-08
Completed 11 % :  mod = 5.596126017605103e-16,  Error =9.710008441743412e-08
Completed 12 % :  mod = 6.604466823320201e-16,  Error =1.0592715682378184e-07
Completed 13 % :  mod = 7.809010466630091e-16,  Error =1.1475410133243713e-07
Completed 14 % :  mod = 9.245541035191855e-16,  Error =1.2358085399455376e-07
Completed 15 % :  mod = 1.0956734361891953e-15,  Error =1.324082603559873e-07
Completed 16 % :  mod = 1.2993425943315767e-15,  Error =1.412355032925916e-07
Completed 17 % :  mod = 1.541612092848751e-15,  Error =1.5006325781996566e-07
Completed 18 % :  mod = 1.8296791751396334e-15,  Error =1.588900104820823e-07
Completed 19 % :  mod = 2.1721016306542817e-15,  Error =1.6771752342492618e-07
Completed 20 % :  mod = 2.579051998094384e-15,  Error =1.7654469530725692e-07
Completed 21 % :  mod = 3.0626197943065227e-15,  Error =1.8537258483775076e-07
Completed 22 % :  mod = 3.637170666384774e-15,  Error =1.9420003383174844e-07
Completed 23 % :  mod = 4.319773126962591e-15,  Error =2.0302747572031876e-07
Completed 24 % :  mod = 5.130705661371534e-15,  Error =2.118553013019664e-07
Completed 25 % :  mod = 6.094059126368459e-15,  Error =2.206818408012623e-07
Completed 26 % :  mod = 7.238452426284508e-15,  Error =2.295089984727383e-07
Completed 27 % :  mod = 8.597882739561616e-15,  Error =2.3833564455344458e-07
Completed 28 % :  mod = 1.0212735464352718e-14,  Error =2.471627524869291e-07
Completed 28 % :  mod = 1.213098396924381e-14,  Error =2.559905496468673e-07
Completed 30 % :  mod = 1.4409614800737356e-14,  Error =2.648174728392405e-07
Completed 31 % :  mod = 1.7116320558627105e-14,  Error =2.7364378496486097e-07
Completed 32 % :  mod = 2.033151089614429e-14,  Error =2.824712765914228e-07
Completed 33 % :  mod = 2.4150701283046445e-14,  Error =2.9129842715747145e-07
Completed 34 % :  mod = 2.868735049805849e-14,  Error =3.0012550666924653e-07
Completed 35 % :  mod = 3.4076231157069245e-14,  Error =3.0895365199512526e-07
Completed 36 % :  mod = 4.047743340285041e-14,  Error =3.177802199161306e-07
Completed 37 % :  mod = 4.808112065451548e-14,  Error =3.2660766891012827e-07
Completed 38 % :  mod = 5.7113178635526e-14,  Error =3.3543426525284303e-07
Completed 39 % :  mod = 6.7841925463958e-14,  Error =3.4426243189500383e-07
Completed 40 % :  mod = 8.058608204414521e-14,  Error =3.5308950430135155e-07
Completed 41 % :  mod = 9.572423928920372e-14,  Error =3.619168609247936e-07
Completed 42 % :  mod = 1.137061031074111e-13,  Error =3.707450773049459e-07
Completed 43 % :  mod = 1.3506585072672237e-13,  Error =3.795722136601398e-07
Completed 44 % :  mod = 1.604379941626221e-13,  Error =3.883995631781545e-07
Completed 45 % :  mod = 1.9057622050670364e-13,  Error =3.9722628031313434e-07
Completed 46 % :  mod = 2.2637576626407575e-13,  Error =4.06054404322731e-07
Completed 47 % :  mod = 2.6889998600379485e-13,  Error =4.148823293803616e-07
Completed 48 % :  mod = 3.1941189730154785e-13,  Error =4.237092596781622e-07
Completed 49 % :  mod = 3.794116270301549e-13,  Error =4.325366020907495e-07
Completed 50 % :  mod = 4.5068085085086466e-13,  Error =4.413640795064566e-07
Completed 51 % :  mod = 5.353355119348247e-13,  Error =4.501903561049403e-07
Completed 52 % :  mod = 6.358883276668831e-13,  Error =4.590179685237672e-07
Completed 53 % :  mod = 7.553228450124875e-13,  Error =4.6784506935182435e-07
Completed 54 % :  mod = 8.971810834959852e-13,  Error =4.7667206359847114e-07
Completed 55 % :  mod = 1.0656670996322396e-12,  Error =4.854985249380661e-07
Completed 56 % :  mod = 1.2657690973956247e-12,  Error =4.94325163913345e-07
Completed 56 % :  mod = 1.5034029559653256e-12,  Error =5.031512699815721e-07
Completed 57 % :  mod = 1.7855801729065544e-12,  Error =5.119775323692011e-07
Completed 59 % :  mod = 2.1206030957012884e-12,  Error =5.208040150250781e-07
Completed 60 % :  mod = 2.518289707156805e-12,  Error =5.296299434576213e-07
Completed 61 % :  mod = 2.990228747869201e-12,  Error =5.384547492326419e-07
Completed 62 % :  mod = 3.5500629435956858e-12,  Error =5.472777502291137e-07
Completed 63 % :  mod = 4.213792469540437e-12,  Error =5.561010851806714e-07
Completed 64 % :  mod = 5.000080756993229e-12,  Error =5.649218550729529e-07
Completed 65 % :  mod = 5.930527514525521e-12,  Error =5.737412180906176e-07
Completed 66 % :  mod = 7.029845047323373e-12,  Error =5.825577460427667e-07
Completed 67 % :  mod = 8.325827203461628e-12,  Error =5.91369094138372e-07
Completed 68 % :  mod = 9.848926825546088e-12,  Error =6.001751344797412e-07
Completed 69 % :  mod = 1.1631147278270446e-11,  Error =6.089713906476391e-07
Completed 70 % :  mod = 1.3703798994000554e-11,  Error =6.177560223363798e-07
Completed 71 % :  mod = 1.609347994400482e-11,  Error =6.265239065328387e-07
Completed 72 % :  mod = 1.881545742422935e-11,  Error =6.352708226131654e-07
Completed 73 % :  mod = 2.186359661688762e-11,  Error =6.439879882691457e-07
Completed 74 % :  mod = 2.5196400375177348e-11,  Error =6.526673743678657e-07
Completed 75 % :  mod = 2.872009880009895e-11,  Error =6.613007954570094e-07
Completed 76 % :  mod = 3.227260385496852e-11,  Error =6.698827448303746e-07
Completed 77 % :  mod = 3.5616439095237176e-11,  Error =6.784051436170557e-07
Completed 78 % :  mod = 3.845241686363597e-11,  Error =6.868687449923527e-07
Completed 79 % :  mod = 4.046392109301575e-11,  Error =6.952846760555076e-07
Completed 80 % :  mod = 4.1388942070142766e-11,  Error =7.036689879669211e-07
Completed 81 % :  mod = 4.109608548932022e-11,  Error =7.120464928789261e-07
Completed 82 % :  mod = 3.9627707990715717e-11,  Error =7.204423866369325e-07
Completed 83 % :  mod = 3.7185662232693654e-11,  Error =7.288783407943811e-07
Completed 84 % :  mod = 3.4068000406141804e-11,  Error =7.373680546152173e-07
Completed 85 % :  mod = 3.059061932965099e-11,  Error =7.459179371949176e-07
Completed 86 % :  mod = 2.702682380821356e-11,  Error =7.545241942352732e-07
Completed 87 % :  mod = 2.3578327402852527e-11,  Error =7.631809779695686e-07
Completed 88 % :  mod = 2.0373007498411048e-11,  Error =7.718801455780522e-07
Completed 89 % :  mod = 1.7477552461632035e-11,  Error =7.806119910469533e-07
Completed 90 % :  mod = 1.4914644419084617e-11,  Error =7.893701692296418e-07
Completed 91 % :  mod = 1.2678724198066706e-11,  Error =7.981464520412374e-07
Completed 92 % :  mod = 1.0748102945719412e-11,  Error =8.06937002550967e-07
Completed 93 % :  mod = 9.093293567733939e-12,  Error =8.157375859241256e-07
Completed 94 % :  mod = 7.682280755183062e-12,  Error =8.245462197464803e-07
Completed 95 % :  mod = 6.483602011311603e-12,  Error =8.333600902687976e-07
Completed 96 % :  mod = 5.4679830607642875e-12,  Error =8.421778474598796e-07
Completed 97 % :  mod = 4.60907423913995e-12,  Error =8.509996760608374e-07
Completed 98 % :  mod = 3.883657641876673e-12,  Error =8.598216822974791e-07
Completed 99 % :  mod = 3.2715617143974263e-12,  Error =8.686453440986952e-07
Completed 100 % :  mod = 2.7554284631734987e-12,  Error =8.774704340908102e-07
Finished 28/41 frames
Finished all frames!
