/opt/local/miniconda_23_9/lib/python3.11/site-packages/conda/base/context.py:201: FutureWarning: Adding 'defaults' to channel list implicitly is deprecated and will be removed in 25.3. 

To remove this warning, please choose a default channel explicitly with conda's regular configuration system, e.g. by adding 'defaults' to the list of channels:

  conda config --add channels defaults

For more information see https://docs.conda.io/projects/conda/en/stable/user-guide/configuration/use-condarc.html

  deprecated.topic(
JOB 13579 ARRAY_ID 22  -> i=22 ; range=[2.0e-10, 2.09e-10] ; intervals=40 (frames=41)
Completed 0 % :  mod = 1.6386341471360764e-16,  Error =-1.4210854715202004e-14
Completed 1 % :  mod = 1.6584576592458925e-16,  Error =8.639688076073071e-09
Completed 2 % :  mod = 1.718407812989075e-16,  Error =1.7279717212659307e-08
Completed 3 % :  mod = 1.8199351393631e-16,  Error =2.5919469237578596e-08
Completed 4 % :  mod = 1.9654960173713924e-16,  Error =3.4559967332370434e-08
Completed 5 % :  mod = 2.1586124295507778e-16,  Error =4.3200479638016986e-08
Completed 6 % :  mod = 2.4039568265664264e-16,  Error =5.1840885362253175e-08
Completed 7 % :  mod = 2.707465250881463e-16,  Error =6.048089318255734e-08
Completed 8 % :  mod = 3.076481323052217e-16,  Error =6.912107153311808e-08
Completed 9 % :  mod = 3.519933326104723e-16,  Error =7.77614062030807e-08
Completed 10 % :  mod = 4.0485505773714e-16,  Error =8.64015419210773e-08
Completed 11 % :  mod = 4.675123235064709e-16,  Error =9.504168474450125e-08
Completed 12 % :  mod = 5.41481117734065e-16,  Error =1.0368198388732708e-07
Completed 13 % :  mod = 6.285511292721213e-16,  Error =1.1232256014181985e-07
Completed 14 % :  mod = 7.308290453310363e-16,  Error =1.2096269585981645e-07
Completed 15 % :  mod = 8.507894771640078e-16,  Error =1.296033431685828e-07
Completed 16 % :  mod = 9.91334901089739e-16,  Error =1.3824327282918603e-07
Completed 17 % :  mod = 1.1558658322563058e-15,  Error =1.468837496076958e-07
Completed 18 % :  mod = 1.3483631129303863e-15,  Error =1.5552489429637717e-07
Completed 19 % :  mod = 1.5734842584108055e-15,  Error =1.6416549897257937e-07
Completed 20 % :  mod = 1.8366761120486296e-15,  Error =1.7280525810292602e-07
Completed 21 % :  mod = 2.14430661832407e-15,  Error =1.814456638271622e-07
Completed 22 % :  mod = 2.5038189740540894e-15,  Error =1.900864887716125e-07
Completed 23 % :  mod = 2.923911636697271e-15,  Error =1.987272284509345e-07
Completed 24 % :  mod = 3.4147487902243204e-15,  Error =2.0736631967110952e-07
Completed 25 % :  mod = 3.988206341963098e-15,  Error =2.1600609301231088e-07
Completed 26 % :  mod = 4.658159189397261e-15,  Error =2.2464677584821402e-07
Completed 27 % :  mod = 5.440816935812267e-15,  Error =2.3328716025616814e-07
Completed 28 % :  mod = 6.355116118248741e-15,  Error =2.419282267851486e-07
Completed 28 % :  mod = 7.423178346706315e-15,  Error =2.5056813512946974e-07
Completed 30 % :  mod = 8.670845550642628e-15,  Error =2.5920912349874925e-07
Completed 31 % :  mod = 1.0128305240042068e-14,  Error =2.678501402897382e-07
Completed 32 % :  mod = 1.18308208654682e-14,  Error =2.7648952993786224e-07
Completed 33 % :  mod = 1.3819585046025127e-14,  Error =2.851293530170551e-07
Completed 34 % :  mod = 1.614271623767489e-14,  Error =2.9376980137385544e-07
Completed 35 % :  mod = 1.8856422906714587e-14,  Error =3.024109318516821e-07
Completed 36 % :  mod = 2.2026363537746524e-14,  Error =3.110514867898928e-07
Completed 37 % :  mod = 2.5729235240248485e-14,  Error =3.196919067249837e-07
Completed 38 % :  mod = 3.0054629366150586e-14,  Error =3.283323266600746e-07
Completed 39 % :  mod = 3.510719916837353e-14,  Error =3.369728673874306e-07
Completed 40 % :  mod = 4.1009191850883163e-14,  Error =3.45613536012479e-07
Completed 41 % :  mod = 4.790340618269744e-14,  Error =3.5425415489953593e-07
Completed 42 % :  mod = 5.5956647379687084e-14,  Error =3.6289472404860135e-07
Completed 43 % :  mod = 6.536376264204059e-14,  Error =3.71535854526428e-07
Completed 44 % :  mod = 7.635235502005323e-14,  Error =3.8017588366301425e-07
Completed 45 % :  mod = 8.918828951623191e-14,  Error =3.888165096554985e-07
Completed 46 % :  mod = 1.0418212440763012e-13,  Error =3.974572706511026e-07
Completed 47 % :  mod = 1.2169662321870032e-13,  Error =4.0609803164670666e-07
Completed 48 % :  mod = 1.4215552863287558e-13,  Error =4.1473860079577207e-07
Completed 49 % :  mod = 1.66053809722165e-13,  Error =4.2337937600223086e-07
Completed 50 % :  mod = 1.9396962954042146e-13,  Error =4.3202010147069814e-07
Completed 51 % :  mod = 2.2657832069372062e-13,  Error =4.406604290352334e-07
Completed 52 % :  mod = 2.646687039787173e-13,  Error =4.4930052212066585e-07
Completed 53 % :  mod = 3.0916214043354585e-13,  Error =4.579408638960558e-07
Completed 54 % :  mod = 3.611347702892315e-13,  Error =4.665805874992657e-07
Completed 55 % :  mod = 4.2184346496566155e-13,  Error =4.7522111401576694e-07
Completed 56 % :  mod = 4.927561012461615e-13,  Error =4.838618608005163e-07
Completed 56 % :  mod = 5.755868599197339e-13,  Error =4.925017975665469e-07
Completed 57 % :  mod = 6.723373551261187e-13,  Error =5.011424590861679e-07
Completed 59 % :  mod = 7.853445130883517e-13,  Error =5.097826871747202e-07
Completed 60 % :  mod = 9.173362368485848e-13,  Error =5.184230360555375e-07
Completed 61 % :  mod = 1.0714960102326508e-12,  Error =5.270640102139623e-07
Completed 62 % :  mod = 1.2515376955482315e-12,  Error =5.357036840791807e-07
Completed 63 % :  mod = 1.4617918433475157e-12,  Error =5.443434787366641e-07
Completed 64 % :  mod = 1.7073048216332624e-12,  Error =5.529834368189768e-07
Completed 65 % :  mod = 1.9939519211085453e-12,  Error =5.616228122562461e-07
Completed 66 % :  mod = 2.3285652008295253e-12,  Error =5.702621095338145e-07
Completed 67 % :  mod = 2.7190760405444915e-12,  Error =5.789014778656565e-07
Completed 68 % :  mod = 3.17467089897898e-12,  Error =5.875398301213863e-07
Completed 69 % :  mod = 3.705956231676175e-12,  Error =5.96177642364637e-07
Completed 70 % :  mod = 4.325124264134359e-12,  Error =6.048137635161766e-07
Completed 71 % :  mod = 5.046104383140416e-12,  Error =6.134488259590398e-07
Completed 72 % :  mod = 5.884673877508232e-12,  Error =6.220810817580968e-07
Completed 73 % :  mod = 6.858484599546292e-12,  Error =6.307110709258268e-07
Completed 74 % :  mod = 7.986936102001688e-12,  Error =6.393373226387666e-07
Completed 75 % :  mod = 9.290787636521527e-12,  Error =6.479572576267856e-07
Completed 76 % :  mod = 1.0791347941683507e-11,  Error =6.565710535255675e-07
Completed 77 % :  mod = 1.2509012115054273e-11,  Error =6.651759889564346e-07
Completed 78 % :  mod = 1.4460835222775163e-11,  Error =6.737679001389552e-07
Completed 79 % :  mod = 1.6656765348432137e-11,  Error =6.823448401860333e-07
Completed 80 % :  mod = 1.9094159595103265e-11,  Error =6.909010252797998e-07
Completed 81 % :  mod = 2.175038274571943e-11,  Error =6.994318013653356e-07
Completed 82 % :  mod = 2.4573810009714165e-11,  Error =7.079323864900289e-07
Completed 83 % :  mod = 2.7474613741727224e-11,  Error =7.163949291566496e-07
Completed 84 % :  mod = 3.031835417987924e-11,  Error =7.248170419416056e-07
Completed 85 % :  mod = 3.292716630230188e-11,  Error =7.331955202971585e-07
Completed 86 % :  mod = 3.5093913835168394e-11,  Error =7.415327161197638e-07
Completed 87 % :  mod = 3.661206350838029e-11,  Error =7.49837205660242e-07
Completed 88 % :  mod = 3.7317149232445826e-11,  Error =7.581195475836466e-07
Completed 89 % :  mod = 3.7127036929125376e-11,  Error =7.663975480909357e-07
Completed 90 % :  mod = 3.6064237665950974e-11,  Error =7.746859083113122e-07
Completed 91 % :  mod = 3.4249651451227745e-11,  Error =7.83002846560521e-07
Completed 92 % :  mod = 3.187080287176063e-11,  Error =7.913570030382289e-07
Completed 93 % :  mod = 2.9139063436934633e-11,  Error =7.997532662784579e-07
Completed 94 % :  mod = 2.625198325829754e-11,  Error =8.081919702362939e-07
Completed 95 % :  mod = 2.3370017056208935e-11,  Error =8.166706493284437e-07
Completed 96 % :  mod = 2.0608410002827866e-11,  Error =8.251842018580646e-07
Completed 97 % :  mod = 1.8039878368411682e-11,  Error =8.337275190228866e-07
Completed 98 % :  mod = 1.570268835721899e-11,  Error =8.422933888141415e-07
Completed 99 % :  mod = 1.3610040459114594e-11,  Error =8.50877967195629e-07
Completed 100 % :  mod = 1.175848804226942e-11,  Error =8.594759108859762e-07
Finished 23/41 frames
Finished all frames!
