/opt/local/miniconda_23_9/lib/python3.11/site-packages/conda/base/context.py:201: FutureWarning: Adding 'defaults' to channel list implicitly is deprecated and will be removed in 25.3. 

To remove this warning, please choose a default channel explicitly with conda's regular configuration system, e.g. by adding 'defaults' to the list of channels:

  conda config --add channels defaults

For more information see https://docs.conda.io/projects/conda/en/stable/user-guide/configuration/use-condarc.html

  deprecated.topic(
JOB 13875 ARRAY_ID 4  -> i=4 ; range=[1.9e-10, 5.0e-10] ; intervals=200 (frames=201)
Analytic t0 extension enabled (--extend-time-using-t0).
Density options: centers='2.0e-10,4.0e-10' width='2.0e-11,5.0e-11' strength='7.0'
Completed 0 % :  mod = 1.5500223790383875e-16,  Error =-1.4210854715202004e-14
Completed 1 % :  mod = 1.525877204432633e-16,  Error =6.917311168308515e-09
Completed 2 % :  mod = 1.4541938628297342e-16,  Error =1.3834963397130196e-08
Completed 3 % :  mod = 1.3372056281462497e-16,  Error =2.0753141427576338e-08
Completed 4 % :  mod = 1.1785572913226236e-16,  Error =2.7670481017594284e-08
Completed 5 % :  mod = 9.831914328117281e-17,  Error =3.458885089457908e-08
Completed 6 % :  mod = 7.571945618150506e-17,  Error =4.150702181959787e-08
Completed 7 % :  mod = 5.076075900758056e-17,  Error =4.842457457243654e-08
Completed 8 % :  mod = 2.4220630176327878e-17,  Error =5.53430510308317e-08
Completed 9 % :  mod = 3.0740800032583147e-18,  Error =6.226096616046561e-08
Completed 10 % :  mod = 3.027302872410016e-17,  Error =6.917899497693725e-08
Completed 11 % :  mod = 5.65288254384248e-17,  Error =7.609710905853717e-08
Completed 12 % :  mod = 8.102348162993498e-17,  Error =8.301467602223056e-08
Completed 13 % :  mod = 1.0299389123369939e-16,  Error =8.993267641699276e-08
Completed 14 % :  mod = 1.2175556405058918e-16,  Error =9.685057733577196e-08
Completed 15 % :  mod = 1.3672397434830983e-16,  Error =1.0376784587151633e-07
Completed 16 % :  mod = 1.4743280862081042e-16,  Error =1.1068552652204744e-07
Completed 17 % :  mod = 1.5354843587232928e-16,  Error =1.1760302243146725e-07
Completed 18 % :  mod = 1.5488030538109141e-16,  Error =1.2452090203396438e-07
Completed 19 % :  mod = 1.5138694070852098e-16,  Error =1.314380426720163e-07
Completed 20 % :  mod = 1.4317718041846133e-16,  Error =1.3835573042797478e-07
Completed 21 % :  mod = 1.305067780029659e-16,  Error =1.4527297054200972e-07
Completed 22 % :  mod = 1.1377049026163063e-16,  Error =1.521905375057031e-07
Completed 23 % :  mod = 9.348972118779646e-17,  Error =1.591086586927304e-07
Completed 24 % :  mod = 7.029631543239779e-17,  Error =1.6602664487663787e-07
Completed 25 % :  mod = 4.4912860858830947e-17,  Error =1.7294493659392174e-07
Completed 26 % :  mod = 1.8130149422225783e-17,  Error =1.798626740878717e-07
Completed 27 % :  mod = 9.217393041578113e-18,  Error =1.8678050395237733e-07
Completed 28 % :  mod = 3.627776460798926e-17,  Error =1.936979217020962e-07
Completed 28 % :  mod = 6.220793123102716e-17,  Error =2.0061639105506401e-07
Completed 30 % :  mod = 8.620002629335766e-17,  Error =2.0753449092580922e-07
Completed 31 % :  mod = 1.0750658157952975e-16,  Error =2.1445249132057143e-07
Completed 32 % :  mod = 1.254638214058081e-16,  Error =2.2137062671845342e-07
Completed 33 % :  mod = 1.395122796316518e-16,  Error =2.2828876922176278e-07
Completed 34 % :  mod = 1.492142791751299e-16,  Error =2.352065635591316e-07
Completed 35 % :  mod = 1.5426756772342758e-16,  Error =2.421240168359873e-07
Completed 36 % :  mod = 1.545147068531843e-16,  Error =2.4904200301989476e-07
Completed 37 % :  mod = 1.4994800337111303e-16,  Error =2.559587954920062e-07
Completed 38 % :  mod = 1.4070971926277943e-16,  Error =2.6287549559356194e-07
Completed 39 % :  mod = 1.2708767155703224e-16,  Error =2.6979311229524683e-07
Completed 40 % :  mod = 1.0950627070294563e-16,  Error =2.7671136137996655e-07
Completed 41 % :  mod = 8.851323232686884e-17,  Error =2.836294683561391e-07
Completed 42 % :  mod = 6.476258694264435e-17,  Error =2.9054687900043064e-07
Completed 43 % :  mod = 3.8994304270072805e-17,  Error =2.974645809672438e-07
Completed 44 % :  mod = 1.2011163558926016e-17,  Error =3.043820626658089e-07
Completed 45 % :  mod = 1.5346186992196074e-17,  Error =3.112998641086051e-07
Completed 46 % :  mod = 4.2225422599769145e-17,  Error =3.182175944971277e-07
Completed 47 % :  mod = 6.778914278307329e-17,  Error =3.251358506872748e-07
Completed 48 % :  mod = 9.124091969527261e-17,  Error =3.3205416372084073e-07
Completed 49 % :  mod = 1.1185011612673123e-16,  Error =3.3897130435889267e-07
Completed 50 % :  mod = 1.2897467283162426e-16,  Error =3.458889281660049e-07
Completed 51 % :  mod = 1.42081065397589e-16,  Error =3.528066798708096e-07
Completed 52 % :  mod = 1.507609729690436e-16,  Error =3.597251634346321e-07
Completed 53 % :  mod = 1.5474399547702093e-16,  Error =3.6664243907580385e-07
Completed 54 % :  mod = 1.5390600924902976e-16,  Error =3.735605815791132e-07
Completed 55 % :  mod = 1.4827313478765814e-16,  Error =3.804785180250292e-07
Completed 56 % :  mod = 1.3802088586021698e-16,  Error =3.8739685948030456e-07
Completed 56 % :  mod = 1.2346863323059905e-16,  Error =3.9431476039908375e-07
Completed 57 % :  mod = 1.0506975914203803e-16,  Error =4.012320289348281e-07
Completed 59 % :  mod = 8.339748916078156e-17,  Error =4.081497664287781e-07
Completed 60 % :  mod = 5.9126991160455e-17,  Error =4.150683849957204e-07
Completed 61 % :  mod = 3.30144226303503e-17,  Error =4.219859377485591e-07
Completed 62 % :  mod = 5.873302364625978e-18,  Error =4.289040020921675e-07
Completed 63 % :  mod = 2.1450810828712813e-17,  Error =4.3582092246197135e-07
Completed 64 % :  mod = 4.81066144062825e-17,  Error =4.427389797001524e-07
Completed 65 % :  mod = 7.32636872237816e-17,  Error =4.496569800949146e-07
Completed 66 % :  mod = 9.613826510426329e-17,  Error =4.565749307516853e-07
Completed 67 % :  mod = 1.160176682054072e-16,  Error =4.634928458813192e-07
Completed 68 % :  mod = 1.3228260289450833e-16,  Error =4.704109883846286e-07
Completed 69 % :  mod = 1.4442632721307722e-16,  Error =4.773288111437068e-07
Completed 70 % :  mod = 1.5207047902955992e-16,  Error =4.842466694299219e-07
Completed 71 % :  mod = 1.549769519230912e-16,  Error =4.911644566618634e-07
Completed 72 % :  mod = 1.5305517551025835e-16,  Error =4.980817394084625e-07
Completed 73 % :  mod = 1.4636500452848695e-16,  Error =5.050001519180114e-07
Completed 74 % :  mod = 1.3511491051582416e-16,  Error =5.119180102042264e-07
Completed 75 % :  mod = 1.1965535340589523e-16,  Error =5.188356766439028e-07
Completed 76 % :  mod = 1.0046797208675502e-16,  Error =5.257538191472122e-07
Completed 77 % :  mod = 7.815056802254166e-17,  Error =5.326723311327441e-07
Completed 78 % :  mod = 5.3398392049876296e-17,  Error =5.395898767801555e-07
Completed 79 % :  mod = 2.6982616692228737e-17,  Error =5.465065342491471e-07
Completed 80 % :  mod = 2.737772406130806e-19,  Error =5.534252167649356e-07
Completed 81 % :  mod = 2.7521671375673033e-17,  Error =5.60342684252646e-07
Completed 82 % :  mod = 5.391212228867455e-17,  Error =5.672602370054847e-07
Completed 83 % :  mod = 7.862295034595174e-17,  Error =5.741776476497762e-07
Completed 84 % :  mod = 1.0088433608472179e-16,  Error =5.810956551499658e-07
Completed 85 % :  mod = 1.200026867002026e-16,  Error =5.880136697555827e-07
Completed 86 % :  mod = 1.3538239642749331e-16,  Error =5.949308530261987e-07
Completed 87 % :  mod = 1.4654433821586664e-16,  Error =6.018487539449779e-07
Completed 88 % :  mod = 1.5314072718209953e-16,  Error =6.087672304033731e-07
Completed 89 % :  mod = 1.5496608313173376e-16,  Error =6.156842147220232e-07
Completed 90 % :  mod = 1.5196354132676421e-16,  Error =6.226011777243912e-07
Completed 91 % :  mod = 1.4422661039953694e-16,  Error =6.295192989114184e-07
Completed 92 % :  mod = 1.3199637208788175e-16,  Error =6.364371998301976e-07
Completed 93 % :  mod = 1.1565384387651644e-16,  Error =6.433555057583362e-07
Completed 94 % :  mod = 9.57081321163139e-17,  Error =6.502734848368164e-07
Completed 95 % :  mod = 7.278069382747368e-17,  Error =6.571913715447408e-07
Completed 96 % :  mod = 4.7585801898778355e-17,  Error =6.641093577286483e-07
Completed 97 % :  mod = 2.0908366927804946e-17,  Error =6.710268820597776e-07
Completed 98 % :  mod = 6.4204310546318275e-18,  Error =6.779451595662067e-07
Completed 99 % :  mod = 3.354921159507445e-17,  Error =6.848630107469944e-07
Completed 100 % :  mod = 5.96327890990704e-17,  Error =6.917802650718841e-07
Finished 5/201 frames
Finished all frames!
