/opt/local/miniconda_23_9/lib/python3.11/site-packages/conda/base/context.py:201: FutureWarning: Adding 'defaults' to channel list implicitly is deprecated and will be removed in 25.3. 

To remove this warning, please choose a default channel explicitly with conda's regular configuration system, e.g. by adding 'defaults' to the list of channels:

  conda config --add channels defaults

For more information see https://docs.conda.io/projects/conda/en/stable/user-guide/configuration/use-condarc.html

  deprecated.topic(
JOB 14062 ARRAY_ID 191  -> i=191 ; range=[1.9e-10, 5.0e-10] ; intervals=200 (frames=201)
Analytic t0 extension enabled (--extend-time-using-t0).
Density options: centers='2.0e-10,4.0e-10' width='2.0e-11,5.0e-11' strength='7.0'
Completed 0 % :  mod = 3.800412455385036e-16,  Error =-1.4210854715202004e-14
Completed 1 % :  mod = 6.727256915227841e-16,  Error =2.4999581427209705e-07
Completed 2 % :  mod = 2.0015942183874905e-15,  Error =4.999920903969723e-07
Completed 3 % :  mod = 6.413472861777049e-15,  Error =7.499890273265919e-07
Completed 4 % :  mod = 2.0703878156046556e-14,  Error =9.99984244742791e-07
Completed 5 % :  mod = 6.688399720300882e-14,  Error =1.2499794550535626e-06
Completed 6 % :  mod = 2.1608401835049935e-13,  Error =1.499975773811002e-06
Completed 7 % :  mod = 6.981132751786892e-13,  Error =1.7499713749202783e-06
Completed 8 % :  mod = 2.2554278369430277e-12,  Error =1.999963899379509e-06
Completed 9 % :  mod = 7.286633517626876e-12,  Error =2.249930268760636e-06
Completed 10 % :  mod = 2.3538105135334854e-11,  Error =2.499622297591486e-06
Completed 11 % :  mod = 7.59298233640207e-11,  Error =2.746494132566113e-06
Completed 12 % :  mod = 2.3899273168574454e-10,  Error =2.9684489462056263e-06
Completed 13 % :  mod = 4.2504592146390136e-10,  Error =3.104212709104104e-06
Completed 14 % :  mod = 1.2847238319746286e-10,  Error =3.2798182374449425e-06
Completed 15 % :  mod = 7.303192375122621e-11,  Error =3.5149671901990587e-06
Completed 16 % :  mod = 1.3829401961636735e-10,  Error =3.7533574257508917e-06
Completed 17 % :  mod = 2.990689166642629e-10,  Error =3.955936072941313e-06
Completed 18 % :  mod = 3.1081263239813413e-10,  Error =4.0756138375286355e-06
Completed 19 % :  mod = 1.4615622653529693e-10,  Error =4.275409395404495e-06
Completed 20 % :  mod = 7.344843799753715e-11,  Error =4.513285105645082e-06
Completed 21 % :  mod = 1.2317638235961602e-10,  Error =4.748953614353013e-06
Completed 22 % :  mod = 4.205270921706599e-10,  Error =4.9281959491054295e-06
Completed 23 % :  mod = 2.439836492896809e-10,  Error =5.061442614362477e-06
Completed 24 % :  mod = 7.856558744889462e-11,  Error =5.281367592147035e-06
Completed 25 % :  mod = 3.090318003938462e-11,  Error =5.52785592589089e-06
Completed 26 % :  mod = 1.4473800014941595e-11,  Error =5.777389368688546e-06
Completed 27 % :  mod = 1.5182992076593113e-11,  Error =6.0271164770142605e-06
Completed 28 % :  mod = 4.511141160969599e-11,  Error =6.2757476584351934e-06
Completed 28 % :  mod = 1.561038936965933e-10,  Error =6.5134941564792825e-06
Completed 30 % :  mod = 4.060675210942629e-10,  Error =6.685953366059039e-06
Completed 31 % :  mod = 2.0777751497392838e-10,  Error =6.822898797054222e-06
Completed 32 % :  mod = 1.0837089345554385e-10,  Error =7.045973404729011e-06
Completed 33 % :  mod = 8.492637632626802e-11,  Error =7.2867146698740726e-06
Completed 34 % :  mod = 1.758761218719608e-10,  Error =7.512067249137999e-06
Completed 35 % :  mod = 4.644811028886102e-10,  Error =7.656103484521282e-06
Completed 36 % :  mod = 1.623090880294064e-10,  Error =7.814727680965916e-06
Completed 37 % :  mod = 7.694869865566082e-11,  Error =8.044788380345835e-06
Completed 38 % :  mod = 1.093303419806105e-10,  Error =8.285833040133639e-06
Completed 39 % :  mod = 2.3984635728670167e-10,  Error =8.50504466853863e-06
Completed 40 % :  mod = 3.8833481330899973e-10,  Error =8.638081240519568e-06
Completed 41 % :  mod = 1.31175871693376e-10,  Error =8.818881781280652e-06
Completed 42 % :  mod = 4.537447486877317e-11,  Error =9.058779397719263e-06
Completed 43 % :  mod = 2.343251827439624e-11,  Error =9.307437601080437e-06
Completed 44 % :  mod = 2.916975593951304e-11,  Error =9.556741467520169e-06
Completed 45 % :  mod = 7.810684756501383e-11,  Error =9.803191353796592e-06
Completed 46 % :  mod = 2.416426781687348e-10,  Error =1.0024544870645968e-05
Completed 47 % :  mod = 4.148819325039924e-10,  Error =1.0158563490847428e-05
Completed 48 % :  mod = 1.2507691936643577e-10,  Error =1.033699816588296e-05
Completed 49 % :  mod = 6.592493641732319e-11,  Error =1.057443488861054e-05
Completed 50 % :  mod = 9.430581259581333e-11,  Error =1.0818041729976358e-05
Completed 51 % :  mod = 2.06636871371636e-10,  Error =1.1043087603468393e-05
Completed 52 % :  mod = 4.143278703717516e-10,  Error =1.1182428551137491e-05
Completed 53 % :  mod = 1.4460878238167252e-10,  Error =1.1353265897184883e-05
Completed 54 % :  mod = 5.298860224606772e-11,  Error =1.1590874905209603e-05
Completed 55 % :  mod = 2.6229304517030465e-11,  Error =1.1839181532025123e-05
Completed 56 % :  mod = 3.206241213603281e-11,  Error =1.208824162546307e-05
Completed 56 % :  mod = 9.30161849368819e-11,  Error =1.2333247788376411e-05
Completed 57 % :  mod = 2.884649309080619e-10,  Error =1.2544918604362465e-05
Completed 59 % :  mod = 3.6865624164455536e-10,  Error =1.2670999886665868e-05
Completed 60 % :  mod = 1.166767768966243e-10,  Error =1.2864891544950297e-05
Completed 61 % :  mod = 5.502339850711077e-11,  Error =1.3105191065676536e-05
Completed 62 % :  mod = 8.805409057103363e-11,  Error =1.3349388630956582e-05
Completed 63 % :  mod = 2.3081686266498703e-10,  Error =1.3573116490306347e-05
Completed 64 % :  mod = 4.035672912327748e-10,  Error =1.371334423083681e-05
Completed 65 % :  mod = 1.3372604428591356e-10,  Error =1.3886071023705426e-05
Completed 66 % :  mod = 6.703513062945325e-11,  Error =1.412317551086062e-05
Completed 67 % :  mod = 6.855544834590018e-11,  Error =1.4368741638293159e-05
Completed 68 % :  mod = 1.368402547630408e-10,  Error =1.4605153410229832e-05
Completed 69 % :  mod = 4.1950371868359197e-10,  Error =1.4774707658204989e-05
Completed 70 % :  mod = 2.1859226951282903e-10,  Error =1.4915846058727311e-05
Completed 71 % :  mod = 7.56724168875388e-11,  Error =1.5141853978661857e-05
Completed 72 % :  mod = 3.4776177395841355e-11,  Error =1.538822381519367e-05
Completed 73 % :  mod = 5.2686751622920244e-11,  Error =1.5635929024426787e-05
Completed 74 % :  mod = 1.6142359812470913e-10,  Error =1.587327915331116e-05
Completed 75 % :  mod = 3.846205647762341e-10,  Error =1.605048723973823e-05
Completed 76 % :  mod = 2.1029228888479982e-10,  Error =1.6183345998399545e-05
Completed 77 % :  mod = 1.3803521671889378e-10,  Error =1.6400536651417497e-05
Completed 78 % :  mod = 1.5030403385163464e-10,  Error =1.663167164878132e-05
Completed 79 % :  mod = 2.759543462241703e-10,  Error =1.682343522446672e-05
Completed 80 % :  mod = 3.378038077183623e-10,  Error =1.6953900257021814e-05
Completed 81 % :  mod = 1.8833412894028775e-10,  Error =1.714675041597502e-05
Completed 82 % :  mod = 1.762946773055339e-10,  Error =1.7355035126342955e-05
Completed 83 % :  mod = 3.560690563619921e-10,  Error =1.7502893754794968e-05
Completed 84 % :  mod = 2.5193915569797823e-10,  Error =1.766535382330403e-05
Completed 85 % :  mod = 1.3186943582449512e-10,  Error =1.7884696802639155e-05
Completed 86 % :  mod = 1.4954431325113967e-10,  Error =1.810786368139361e-05
Completed 87 % :  mod = 4.551306462704623e-10,  Error =1.8260594508490158e-05
Completed 88 % :  mod = 1.929608498609292e-10,  Error =1.8412886326757416e-05
Completed 89 % :  mod = 7.143319450700418e-11,  Error =1.863915204580735e-05
Completed 90 % :  mod = 9.21822672267167e-11,  Error =1.8882502715200644e-05
Completed 91 % :  mod = 1.8019232956381517e-10,  Error =1.9115119371804212e-05
Completed 92 % :  mod = 3.9225432110990823e-10,  Error =1.928453053068324e-05
Completed 93 % :  mod = 1.9454825137054416e-10,  Error =1.9423141942809252e-05
Completed 94 % :  mod = 1.209676738962006e-10,  Error =1.964049174318916e-05
Completed 95 % :  mod = 2.0385735481717464e-10,  Error =1.986520620533838e-05
Completed 96 % :  mod = 3.190653915901359e-10,  Error =2.0037221283075723e-05
Completed 97 % :  mod = 2.4384618017959134e-10,  Error =2.0178426105132985e-05
Completed 98 % :  mod = 2.088526093096546e-10,  Error =2.0384512289695067e-05
Completed 99 % :  mod = 2.2093536461269645e-10,  Error =2.0589182753383284e-05
Completed 100 % :  mod = 3.354844707228778e-10,  Error =2.0721478009022576e-05
Finished 192/201 frames
Finished all frames!
