/opt/local/miniconda_23_9/lib/python3.11/site-packages/conda/base/context.py:201: FutureWarning: Adding 'defaults' to channel list implicitly is deprecated and will be removed in 25.3. 

To remove this warning, please choose a default channel explicitly with conda's regular configuration system, e.g. by adding 'defaults' to the list of channels:

  conda config --add channels defaults

For more information see https://docs.conda.io/projects/conda/en/stable/user-guide/configuration/use-condarc.html

  deprecated.topic(
JOB 13442 ARRAY_ID 88  -> i=88 ; range=[1.9e-10, 6.0e-10] ; intervals=200 (frames=201)
Density options: centers='2.0e-10,4.0e-10' width='5e-11,5e-11' strength=''
Completed 0 % :  mod = 2.788325409680256e-16,  Error =-1.4210854715202004e-14
Completed 1 % :  mod = 3.889469985427963e-16,  Error =7.244051403176854e-08
Completed 2 % :  mod = 8.062615191606294e-16,  Error =1.4488097832554558e-07
Completed 3 % :  mod = 1.8603815570271605e-15,  Error =2.173223023760329e-07
Completed 4 % :  mod = 4.38387749842618e-15,  Error =2.897632782605797e-07
Completed 5 % :  mod = 1.036986954790679e-14,  Error =3.622046378382038e-07
Completed 6 % :  mod = 2.454624400338261e-14,  Error =4.3464598320497316e-07
Completed 7 % :  mod = 5.810985581720295e-14,  Error =5.070871722523407e-07
Completed 8 % :  mod = 1.3757008046264203e-13,  Error =5.795287378873581e-07
Completed 9 % :  mod = 3.256865234467075e-13,  Error =6.519698558804521e-07
Completed 10 % :  mod = 7.710373456606174e-13,  Error =7.244101496439725e-07
Completed 11 % :  mod = 1.8253596321816217e-12,  Error =7.968503581423647e-07
Completed 12 % :  mod = 4.321222377533179e-12,  Error =8.692839799095964e-07
Completed 13 % :  mod = 1.022778219402369e-11,  Error =9.416867712275234e-07
Completed 14 % :  mod = 2.4181811517320777e-11,  Error =1.0139139305920253e-06
Completed 15 % :  mod = 5.6827808892805995e-11,  Error =1.0851791216737183e-06
Completed 16 % :  mod = 1.2896455857686283e-10,  Error =1.1516229676544754e-06
Completed 17 % :  mod = 2.3886188444048486e-10,  Error =1.2022382449572433e-06
Completed 18 % :  mod = 2.0398860601327994e-10,  Error =1.2421967880982265e-06
Completed 19 % :  mod = 9.907202272755357e-11,  Error =1.2998308491773969e-06
Completed 20 % :  mod = 4.2268097657434756e-11,  Error =1.3687165534292944e-06
Completed 21 % :  mod = 2.165789463158858e-11,  Error =1.440420220433225e-06
Completed 22 % :  mod = 1.5359006461833955e-11,  Error =1.5126326076142504e-06
Completed 23 % :  mod = 2.0629787857196022e-11,  Error =1.58484579060314e-06
Completed 24 % :  mod = 4.4422873106866085e-11,  Error =1.6565319143069246e-06
Completed 25 % :  mod = 9.987217282799769e-11,  Error =1.725411259201337e-06
Completed 26 % :  mod = 1.9755478127111893e-10,  Error =1.7828536016395446e-06
Completed 27 % :  mod = 2.48463646349166e-10,  Error =1.8228918889917622e-06
Completed 28 % :  mod = 1.26111550636021e-10,  Error =1.8733911133494985e-06
Completed 28 % :  mod = 5.959611966035857e-11,  Error =1.939512046078562e-06
Completed 30 % :  mod = 3.410345237409095e-11,  Error =2.010455503409503e-06
Completed 31 % :  mod = 2.8549949653697377e-11,  Error =2.0822510435891672e-06
Completed 32 % :  mod = 4.6196114935848285e-11,  Error =2.1536554868362145e-06
Completed 33 % :  mod = 1.0810156601555643e-10,  Error =2.2220842410547448e-06
Completed 34 % :  mod = 1.9984499301467763e-10,  Error =2.279093415324951e-06
Completed 35 % :  mod = 2.3841674906320626e-10,  Error =2.318517978494583e-06
Completed 36 % :  mod = 1.3142707008677353e-10,  Error =2.3697834663494177e-06
Completed 37 % :  mod = 5.60796152693353e-11,  Error =2.436069195255186e-06
Completed 38 % :  mod = 3.183160708384653e-11,  Error =2.507099722492967e-06
Completed 39 % :  mod = 2.7428862278382625e-11,  Error =2.5789736497472404e-06
Completed 40 % :  mod = 4.094455102904212e-11,  Error =2.6505819690214594e-06
Completed 41 % :  mod = 9.237463141843402e-11,  Error =2.7198353365065486e-06
Completed 42 % :  mod = 1.930977210753301e-10,  Error =2.779275675379722e-06
Completed 43 % :  mod = 2.4111310591148995e-10,  Error =2.8203445765484503e-06
Completed 44 % :  mod = 1.4181656023655692e-10,  Error =2.868756958207541e-06
Completed 45 % :  mod = 6.385198336095898e-11,  Error =2.9340942049316254e-06
Completed 46 % :  mod = 2.7856021159576315e-11,  Error =3.005028652580677e-06
Completed 47 % :  mod = 1.634235004905356e-11,  Error =3.077120091177221e-06
Completed 48 % :  mod = 1.6418203135970097e-11,  Error =3.149383573486375e-06
Completed 49 % :  mod = 2.817569504077127e-11,  Error =3.221469675906974e-06
Completed 50 % :  mod = 6.472644850296144e-11,  Error =3.292364773699319e-06
Completed 51 % :  mod = 1.4348924036083078e-10,  Error =3.3575320443901546e-06
Completed 52 % :  mod = 2.421326478462026e-10,  Error =3.4056175479690864e-06
Completed 53 % :  mod = 1.9086187069721891e-10,  Error =3.4468744161131326e-06
Completed 54 % :  mod = 9.120201035396342e-11,  Error =3.5065903745135074e-06
Completed 55 % :  mod = 4.0354223869331445e-11,  Error =3.5759315082373178e-06
Completed 56 % :  mod = 2.6885969742294708e-11,  Error =3.6475661673307513e-06
Completed 56 % :  mod = 3.109157968826484e-11,  Error =3.719462945639407e-06
Completed 57 % :  mod = 5.480136539108524e-11,  Error =3.790560278105204e-06
Completed 59 % :  mod = 1.2827384472654161e-10,  Error =3.857117931715948e-06
Completed 60 % :  mod = 2.3609393043050304e-10,  Error =3.908961168974656e-06
Completed 61 % :  mod = 2.0365726801231336e-10,  Error =3.948247140783678e-06
Completed 62 % :  mod = 1.0960820744912955e-10,  Error =4.004746323005293e-06
Completed 63 % :  mod = 4.646375999660614e-11,  Error =4.073062640941316e-06
Completed 64 % :  mod = 2.7237643470399278e-11,  Error =4.144497509628309e-06
Completed 65 % :  mod = 2.942000795885918e-11,  Error =4.216410829371853e-06
Completed 66 % :  mod = 4.9452591677668206e-11,  Error =4.287788243573232e-06
Completed 67 % :  mod = 1.054500509874362e-10,  Error =4.355805607758612e-06
Completed 68 % :  mod = 2.2429800957540288e-10,  Error =4.410985944502954e-06
Completed 69 % :  mod = 2.2561574519389575e-10,  Error =4.450719728765762e-06
Completed 70 % :  mod = 1.161525119567136e-10,  Error =4.503687286216973e-06
Completed 71 % :  mod = 5.386427353754858e-11,  Error =4.5711197387277025e-06
Completed 72 % :  mod = 2.3639930580580217e-11,  Error =4.642511690633455e-06
Completed 73 % :  mod = 1.4682649680418886e-11,  Error =4.714689112006454e-06
Completed 74 % :  mod = 1.752428864250515e-11,  Error =4.786956239399842e-06
Completed 75 % :  mod = 3.230706697453815e-11,  Error =4.858964771869978e-06
Completed 76 % :  mod = 7.191503380197985e-11,  Error =4.929420406085683e-06
Completed 77 % :  mod = 1.6397692369100833e-10,  Error =4.992594057284805e-06
Completed 78 % :  mod = 2.4958129061279384e-10,  Error =5.037728321610757e-06
Completed 79 % :  mod = 1.6569215589295745e-10,  Error =5.0810886804697475e-06
Completed 80 % :  mod = 8.332469284563736e-11,  Error =5.143290351838914e-06
Completed 81 % :  mod = 3.69245137870066e-11,  Error =5.213254517855148e-06
Completed 82 % :  mod = 2.649111314500951e-11,  Error =5.284958731976985e-06
Completed 83 % :  mod = 3.784284216560897e-11,  Error =5.356717480253792e-06
Completed 84 % :  mod = 7.04718494530006e-11,  Error =5.4271164202646105e-06
Completed 85 % :  mod = 1.5278805744282665e-10,  Error =5.490639765071137e-06
Completed 86 % :  mod = 2.6136011957796535e-10,  Error =5.536631448421758e-06
Completed 87 % :  mod = 1.658603441527743e-10,  Error =5.578999584088251e-06
Completed 88 % :  mod = 8.807642183532781e-11,  Error =5.6401478616407985e-06
Completed 89 % :  mod = 4.268704011264683e-11,  Error =5.7097785699511405e-06
Completed 90 % :  mod = 3.000202516136714e-11,  Error =5.7812812812585435e-06
Completed 91 % :  mod = 4.594097701559312e-11,  Error =5.852703964137618e-06
Completed 92 % :  mod = 9.537417343649375e-11,  Error =5.921860264379575e-06
Completed 93 % :  mod = 1.783789595581657e-10,  Error =5.9812235733147645e-06
Completed 94 % :  mod = 2.588830146728314e-10,  Error =6.022232767577407e-06
Completed 95 % :  mod = 1.4038867540959178e-10,  Error =6.070246286071779e-06
Completed 96 % :  mod = 6.656117620166201e-11,  Error =6.1348372355496394e-06
Completed 97 % :  mod = 4.1347378595893976e-11,  Error =6.205287036209484e-06
Completed 98 % :  mod = 3.786348267110403e-11,  Error =6.276716817410488e-06
Completed 99 % :  mod = 6.23946978733635e-11,  Error =6.347263195038977e-06
Completed 100 % :  mod = 1.4815256119773341e-10,  Error =6.41231957843047e-06
Finished 89/201 frames
Finished all frames!
