/opt/local/miniconda_23_9/lib/python3.11/site-packages/conda/base/context.py:201: FutureWarning: Adding 'defaults' to channel list implicitly is deprecated and will be removed in 25.3. 

To remove this warning, please choose a default channel explicitly with conda's regular configuration system, e.g. by adding 'defaults' to the list of channels:

  conda config --add channels defaults

For more information see https://docs.conda.io/projects/conda/en/stable/user-guide/configuration/use-condarc.html

  deprecated.topic(
JOB 13423 ARRAY_ID 69  -> i=69 ; range=[1.9e-10, 6.0e-10] ; intervals=200 (frames=201)
Density options: centers='2.0e-10,4.0e-10' width='5e-11,5e-11' strength=''
Completed 0 % :  mod = 2.433018462363236e-16,  Error =-1.4210854715202004e-14
Completed 1 % :  mod = 3.0943389478954697e-16,  Error =4.199494441081697e-08
Completed 2 % :  mod = 5.437808329170745e-16,  Error =8.398914275176139e-08
Completed 3 % :  mod = 1.0737386876341077e-15,  Error =1.2598445664480096e-07
Completed 4 % :  mod = 2.1874038905819396e-15,  Error =1.6797923052536134e-07
Completed 5 % :  mod = 4.4901887178903894e-15,  Error =2.0997283201040773e-07
Completed 6 % :  mod = 9.233936352528635e-15,  Error =2.5196694508622386e-07
Completed 7 % :  mod = 1.8997449624800852e-14,  Error =2.93962131081571e-07
Completed 8 % :  mod = 3.908838340371746e-14,  Error =3.359567202210201e-07
Completed 9 % :  mod = 8.042859818540796e-14,  Error =3.7795067697743434e-07
Completed 10 % :  mod = 1.6549150587452967e-13,  Error =4.1994539401457587e-07
Completed 11 % :  mod = 3.405189964768484e-13,  Error =4.6193993341603345e-07
Completed 12 % :  mod = 7.006586336961009e-13,  Error =5.039340962298411e-07
Completed 13 % :  mod = 1.44168018141734e-12,  Error =5.459277545583063e-07
Completed 14 % :  mod = 2.9663329144233706e-12,  Error =5.879197573221973e-07
Completed 15 % :  mod = 6.102702276356318e-12,  Error =6.299035959500543e-07
Completed 16 % :  mod = 1.2549268411278326e-11,  Error =6.718497616020613e-07
Completed 17 % :  mod = 2.575385233735901e-11,  Error =7.136385846706617e-07
Completed 18 % :  mod = 5.240506124817175e-11,  Error =7.54783748391219e-07
Completed 19 % :  mod = 1.0287866881619839e-10,  Error =7.934863006653359e-07
Completed 20 % :  mod = 1.74640680339491e-10,  Error =8.253772563193706e-07
Completed 21 % :  mod = 1.8957591933517458e-10,  Error =8.50146840036814e-07
Completed 22 % :  mod = 1.1867375520467917e-10,  Error =8.798224655492959e-07
Completed 23 % :  mod = 6.205958190463607e-11,  Error =9.173606656531774e-07
Completed 24 % :  mod = 3.093189213500947e-11,  Error =9.58164967812536e-07
Completed 25 % :  mod = 1.5115708411624175e-11,  Error =9.998637224839513e-07
Completed 26 % :  mod = 7.916227034564294e-12,  Error =1.0417836406872993e-06
Completed 27 % :  mod = 4.827245168842456e-12,  Error =1.0837556345677513e-06
Completed 28 % :  mod = 4.319483341375199e-12,  Error =1.1257386205443254e-06
Completed 28 % :  mod = 6.253117230490427e-12,  Error =1.1677175137947415e-06
Completed 30 % :  mod = 1.1593448127515923e-11,  Error =1.2096675945372226e-06
Completed 31 % :  mod = 2.2855519171778547e-11,  Error =1.2514962506315896e-06
Completed 32 % :  mod = 4.689029622098621e-11,  Error =1.2928132164802264e-06
Completed 33 % :  mod = 9.254339484887214e-11,  Error =1.3321592078341382e-06
Completed 34 % :  mod = 1.6210502916916062e-10,  Error =1.3655266783985098e-06
Completed 35 % :  mod = 1.9700159722809475e-10,  Error =1.3908411560237255e-06
Completed 36 % :  mod = 1.3024437087116375e-10,  Error =1.4190046400130996e-06
Completed 37 % :  mod = 7.003132874704796e-11,  Error =1.4555340897004498e-06
Completed 38 % :  mod = 3.525493596290753e-11,  Error =1.496015443080978e-06
Completed 39 % :  mod = 1.747272091386052e-11,  Error =1.5376226230046086e-06
Completed 40 % :  mod = 9.995171225125581e-12,  Error =1.5795126486750632e-06
Completed 41 % :  mod = 7.546937357810647e-12,  Error =1.621465287371393e-06
Completed 42 % :  mod = 9.033035019888311e-12,  Error =1.6634218766853337e-06
Completed 43 % :  mod = 1.5794667552323685e-11,  Error =1.7053320462423471e-06
Completed 44 % :  mod = 3.1003013103147455e-11,  Error =1.7470269995101262e-06
Completed 45 % :  mod = 6.073183760665669e-11,  Error =1.787843686429369e-06
Completed 46 % :  mod = 1.1950523505083563e-10,  Error =1.8254377565085633e-06
Completed 47 % :  mod = 1.8737112955264699e-10,  Error =1.8553040348479044e-06
Completed 48 % :  mod = 1.750283521513165e-10,  Error =1.8799773826572164e-06
Completed 49 % :  mod = 1.0563200719514256e-10,  Error =1.9117466081297607e-06
Completed 50 % :  mod = 5.263516748920712e-11,  Error =1.950338415213082e-06
Completed 51 % :  mod = 2.70249660149087e-11,  Error =1.9914394684406034e-06
Completed 52 % :  mod = 1.4376408028516173e-11,  Error =2.0332004950773808e-06
Completed 53 % :  mod = 9.190217716095903e-12,  Error =2.07511922667436e-06
Completed 54 % :  mod = 9.452187503250487e-12,  Error =2.1170672894754716e-06
Completed 55 % :  mod = 1.4819281655739054e-11,  Error =2.1589831362689438e-06
Completed 56 % :  mod = 2.7284480389854807e-11,  Error =2.200730072843271e-06
Completed 56 % :  mod = 5.556461713496582e-11,  Error =2.241768591204618e-06
Completed 57 % :  mod = 1.0789719712290303e-10,  Error =2.280177945124251e-06
Completed 59 % :  mod = 1.7623057529203735e-10,  Error =2.311479015304485e-06
Completed 60 % :  mod = 1.8852188756676564e-10,  Error =2.336171974093304e-06
Completed 61 % :  mod = 1.1412736168367364e-10,  Error =2.3664285180302613e-06
Completed 62 % :  mod = 5.956903717389856e-11,  Error =2.404238436781725e-06
Completed 63 % :  mod = 3.14903866471046e-11,  Error =2.4450971594092152e-06
Completed 64 % :  mod = 1.6949856543310888e-11,  Error =2.48677235958894e-06
Completed 65 % :  mod = 1.2846138888585014e-11,  Error =2.5286431863946746e-06
Completed 66 % :  mod = 1.5975989771330784e-11,  Error =2.5705281672117053e-06
Completed 67 % :  mod = 2.638396564354853e-11,  Error =2.612277697267018e-06
Completed 68 % :  mod = 5.125718612377011e-11,  Error =2.6534199477623588e-06
Completed 69 % :  mod = 1.0257175752582873e-10,  Error =2.6922508382654087e-06
Completed 70 % :  mod = 1.6827357365505993e-10,  Error =2.724567373491027e-06
Completed 71 % :  mod = 1.9260257539155528e-10,  Error =2.749383284594842e-06
Completed 72 % :  mod = 1.236034007407936e-10,  Error =2.778680453729976e-06
Completed 73 % :  mod = 6.359096119025554e-11,  Error =2.8158658835764072e-06
Completed 74 % :  mod = 3.412770713122452e-11,  Error =2.856534877082595e-06
Completed 75 % :  mod = 1.8506277231527762e-11,  Error =2.898157092090514e-06
Completed 76 % :  mod = 1.3678443466718267e-11,  Error =2.9400079668562284e-06
Completed 77 % :  mod = 1.7025476432931693e-11,  Error =2.981877464947047e-06
Completed 78 % :  mod = 2.8442747460614978e-11,  Error =3.0235952763746354e-06
Completed 79 % :  mod = 5.376415457243389e-11,  Error =3.064631258098416e-06
Completed 80 % :  mod = 1.0850987419082053e-10,  Error =3.103086335443095e-06
Completed 81 % :  mod = 1.748254702650208e-10,  Error =3.1346639843832236e-06
Completed 82 % :  mod = 1.864847790553328e-10,  Error =3.159284233333892e-06
Completed 83 % :  mod = 1.1907754179442086e-10,  Error =3.189362949740371e-06
Completed 84 % :  mod = 5.982073892729935e-11,  Error =3.227010324735602e-06
Completed 85 % :  mod = 3.20351424608711e-11,  Error =3.26781688642086e-06
Completed 86 % :  mod = 1.8021141420746723e-11,  Error =3.3094762201812955e-06
Completed 87 % :  mod = 1.3532455702623994e-11,  Error =3.351335131185351e-06
Completed 88 % :  mod = 1.7342516854641607e-11,  Error =3.3932000889080882e-06
Completed 89 % :  mod = 3.020700194488713e-11,  Error =3.4348927400174034e-06
Completed 90 % :  mod = 5.629071926127304e-11,  Error =3.4758313773863847e-06
Completed 91 % :  mod = 1.1288011873722943e-10,  Error =3.513933712895323e-06
Completed 92 % :  mod = 1.8143434718876155e-10,  Error =3.5448328219445102e-06
Completed 93 % :  mod = 1.805079253123345e-10,  Error =3.5694022955112814e-06
Completed 94 % :  mod = 1.14308164265978e-10,  Error =3.600161967654003e-06
Completed 95 % :  mod = 5.7026617194216904e-11,  Error =3.6382096482157067e-06
Completed 96 % :  mod = 2.9832837241903585e-11,  Error =3.679136106882197e-06
Completed 97 % :  mod = 1.7001123346000966e-11,  Error =3.7208340302186116e-06
Completed 98 % :  mod = 1.2422381976931677e-11,  Error =3.762711450860934e-06
Completed 99 % :  mod = 1.5314580915866114e-11,  Error =3.804599501222583e-06
Completed 100 % :  mod = 2.694303187733031e-11,  Error =3.84635329453431e-06
Finished 70/201 frames
Finished all frames!
