/opt/local/miniconda_23_9/lib/python3.11/site-packages/conda/base/context.py:201: FutureWarning: Adding 'defaults' to channel list implicitly is deprecated and will be removed in 25.3. 

To remove this warning, please choose a default channel explicitly with conda's regular configuration system, e.g. by adding 'defaults' to the list of channels:

  conda config --add channels defaults

For more information see https://docs.conda.io/projects/conda/en/stable/user-guide/configuration/use-condarc.html

  deprecated.topic(
JOB 14001 ARRAY_ID 130  -> i=130 ; range=[1.9e-10, 5.0e-10] ; intervals=200 (frames=201)
Analytic t0 extension enabled (--extend-time-using-t0).
Density options: centers='2.0e-10,4.0e-10' width='2.0e-11,5.0e-11' strength='7.0'
Completed 0 % :  mod = 3.2250361885254753e-16,  Error =-1.4210854715202004e-14
Completed 1 % :  mod = 5.00618271034962e-16,  Error =1.2964225248879302e-07
Completed 2 % :  mod = 1.2317031481300172e-15,  Error =2.5928461866442376e-07
Completed 3 % :  mod = 3.3232960494265077e-15,  Error =3.889262814027461e-07
Completed 4 % :  mod = 9.085717365087273e-15,  Error =5.185693225939758e-07
Completed 5 % :  mod = 2.4883991416003146e-14,  Error =6.482125343154621e-07
Completed 6 % :  mod = 6.816849050756493e-14,  Error =7.778546304848533e-07
Completed 7 % :  mod = 1.8675016761313202e-13,  Error =9.074972453504415e-07
Completed 8 % :  mod = 5.116112009336603e-13,  Error =1.037139170989576e-06
Completed 9 % :  mod = 1.4015820818519112e-12,  Error =1.1667809758364456e-06
Completed 10 % :  mod = 3.83964516517828e-12,  Error =1.296416698437497e-06
Completed 11 % :  mod = 1.0517652462415722e-11,  Error =1.4260114937769686e-06
Completed 12 % :  mod = 2.8787829395656687e-11,  Error =1.5552897494330864e-06
Completed 13 % :  mod = 7.832556086040758e-11,  Error =1.6822567232566144e-06
Completed 14 % :  mod = 2.0243942286837583e-10,  Error =1.7948652413224409e-06
Completed 15 % :  mod = 3.279940192439548e-10,  Error =1.8681957172361763e-06
Completed 16 % :  mod = 1.4119918117116052e-10,  Error =1.9532318518145075e-06
Completed 17 % :  mod = 6.662859033074706e-11,  Error =2.0725894884776608e-06
Completed 18 % :  mod = 3.968774077003666e-11,  Error =2.1999204307121545e-06
Completed 19 % :  mod = 5.053685846329548e-11,  Error =2.327700599380478e-06
Completed 20 % :  mod = 1.2666101745805076e-10,  Error =2.4499199255956228e-06
Completed 21 % :  mod = 2.968852597746882e-10,  Error =2.5455696714971054e-06
Completed 22 % :  mod = 2.3721241625789496e-10,  Error =2.6124210492639577e-06
Completed 23 % :  mod = 1.0577115024170186e-10,  Error =2.717705413601834e-06
Completed 24 % :  mod = 3.9124957341837973e-11,  Error =2.8427331884017804e-06
Completed 25 % :  mod = 2.498814001314268e-11,  Error =2.97139237659394e-06
Completed 26 % :  mod = 4.010762238259338e-11,  Error =3.1001318774315223e-06
Completed 27 % :  mod = 9.057228757091061e-11,  Error =3.225981693333324e-06
Completed 28 % :  mod = 2.191158832005624e-10,  Error =3.3341857559321397e-06
Completed 28 % :  mod = 3.2589441187664306e-10,  Error =3.4042355920860246e-06
Completed 30 % :  mod = 1.2859592638513058e-10,  Error =3.4943965516731623e-06
Completed 31 % :  mod = 6.646111817527216e-11,  Error =3.6142493442525847e-06
Completed 32 % :  mod = 7.347548374867497e-11,  Error =3.7399062264853455e-06
Completed 33 % :  mod = 1.2774018142091606e-10,  Error =3.861165879470718e-06
Completed 34 % :  mod = 2.640065286865783e-10,  Error =3.9557393947120545e-06
Completed 35 % :  mod = 2.733893467179771e-10,  Error =4.0259830527134e-06
Completed 36 % :  mod = 1.1163104594228461e-10,  Error =4.12879142430711e-06
Completed 37 % :  mod = 7.178964501803552e-11,  Error =4.249491944108286e-06
Completed 38 % :  mod = 1.5079577075098302e-10,  Error =4.368074925764631e-06
Completed 39 % :  mod = 2.8697494513873173e-10,  Error =4.463846302371621e-06
Completed 40 % :  mod = 2.2729909758338435e-10,  Error =4.52991346833187e-06
Completed 41 % :  mod = 1.3411306152234273e-10,  Error =4.6319046305143274e-06
Completed 42 % :  mod = 6.824097398770781e-11,  Error =4.753632730114532e-06
Completed 43 % :  mod = 8.344078530431009e-11,  Error =4.877163412686514e-06
Completed 44 % :  mod = 2.2676946042032356e-10,  Error =4.986066237222531e-06
Completed 45 % :  mod = 3.2218226204956036e-10,  Error =5.06224992591342e-06
Completed 46 % :  mod = 1.393194146148652e-10,  Error =5.1453021114866715e-06
Completed 47 % :  mod = 1.0607593105089644e-10,  Error =5.259819964464896e-06
Completed 48 % :  mod = 1.451163850623801e-10,  Error =5.377875638146179e-06
Completed 49 % :  mod = 2.1765166426697285e-10,  Error =5.478759426580382e-06
Completed 50 % :  mod = 2.802655233836831e-10,  Error =5.545392859573894e-06
Completed 51 % :  mod = 1.7441456531661247e-10,  Error =5.6390234135506034e-06
Completed 52 % :  mod = 9.289235486847479e-11,  Error =5.754138925340158e-06
Completed 53 % :  mod = 1.3681007346736615e-10,  Error =5.868997881464111e-06
Completed 54 % :  mod = 3.347183850481957e-10,  Error =5.959026530888423e-06
Completed 55 % :  mod = 2.0792625873947995e-10,  Error =6.029150213748835e-06
Completed 56 % :  mod = 1.0861107277989111e-10,  Error =6.132952783843848e-06
Completed 56 % :  mod = 9.927361121343029e-11,  Error =6.254564631547055e-06
Completed 57 % :  mod = 1.1762835820505082e-10,  Error =6.375149737891661e-06
Completed 59 % :  mod = 2.400901717877504e-10,  Error =6.473015332630894e-06
Completed 60 % :  mod = 3.080868997743207e-10,  Error =6.543648851220496e-06
Completed 61 % :  mod = 1.1831272597743571e-10,  Error =6.640426434501023e-06
Completed 62 % :  mod = 9.153187825401238e-11,  Error =6.757102049448349e-06
Completed 63 % :  mod = 2.0283967417225504e-10,  Error =6.869293251554609e-06
Completed 64 % :  mod = 2.96095185484611e-10,  Error =6.956173415062494e-06
Completed 65 % :  mod = 1.85031118352026e-10,  Error =7.026524826869718e-06
Completed 66 % :  mod = 1.4959604654207688e-10,  Error =7.130910546493396e-06
Completed 67 % :  mod = 1.4956237485239984e-10,  Error =7.244933890149241e-06
Completed 68 % :  mod = 1.9836663447201745e-10,  Error =7.34484448372541e-06
Completed 69 % :  mod = 3.010798853972218e-10,  Error =7.413937190392517e-06
Completed 70 % :  mod = 1.875893416029252e-10,  Error =7.5039680638155914e-06
Completed 71 % :  mod = 1.0671058537385168e-10,  Error =7.614058809224389e-06
Completed 72 % :  mod = 1.8508646786450433e-10,  Error =7.720757295714975e-06
Completed 73 % :  mod = 3.4618068439132017e-10,  Error =7.80293837010504e-06
Completed 74 % :  mod = 1.6888989966792896e-10,  Error =7.877552953061695e-06
Completed 75 % :  mod = 1.284031232956734e-10,  Error =7.981184346306236e-06
Completed 76 % :  mod = 2.0129751429503471e-10,  Error =8.091673613819239e-06
Completed 77 % :  mod = 2.3500829674993497e-10,  Error =8.18547077585663e-06
Completed 78 % :  mod = 2.267359949189351e-10,  Error =8.253280043390987e-06
Completed 79 % :  mod = 2.0190613897318612e-10,  Error =8.34901855029102e-06
Completed 80 % :  mod = 1.3492850419736703e-10,  Error =8.4588566053867e-06
Completed 81 % :  mod = 1.8212207772977132e-10,  Error =8.558563543203945e-06
Completed 82 % :  mod = 3.424005693223921e-10,  Error =8.631881527776386e-06
Completed 83 % :  mod = 1.7336809150236882e-10,  Error =8.71717098505087e-06
Completed 84 % :  mod = 1.17637831529414e-10,  Error =8.82245733180298e-06
Completed 85 % :  mod = 2.350658736988321e-10,  Error =8.924577969082748e-06
Completed 86 % :  mod = 3.0657170820712146e-10,  Error =9.006727232474532e-06
Completed 87 % :  mod = 1.646909688615122e-10,  Error =9.08324683734918e-06
Completed 88 % :  mod = 1.5994345643724157e-10,  Error =9.184005598683598e-06
Completed 89 % :  mod = 2.480184646365623e-10,  Error =9.285730762087496e-06
Completed 90 % :  mod = 2.3331322578903816e-10,  Error =9.367817440875115e-06
Completed 91 % :  mod = 1.8599069263593848e-10,  Error =9.445416317532818e-06
Completed 92 % :  mod = 2.2613901518401218e-10,  Error =9.545583033343519e-06
Completed 93 % :  mod = 1.889071056314505e-10,  Error =9.645022736037845e-06
Completed 94 % :  mod = 2.3135847904106106e-10,  Error =9.72130867182841e-06
Completed 95 % :  mod = 2.581530150008796e-10,  Error =9.804454755624192e-06
Completed 96 % :  mod = 1.4326424317209036e-10,  Error =9.906852916685693e-06
Completed 97 % :  mod = 1.646826326630805e-10,  Error =1.000770983239363e-05
Completed 98 % :  mod = 3.2160709067192435e-10,  Error =1.0084404856058882e-05
Completed 99 % :  mod = 2.2013616547064695e-10,  Error =1.0166025688818081e-05
Completed 100 % :  mod = 1.2443363459460914e-10,  Error =1.0268162441207096e-05
Finished 131/201 frames
Finished all frames!
