/opt/local/miniconda_23_9/lib/python3.11/site-packages/conda/base/context.py:201: FutureWarning: Adding 'defaults' to channel list implicitly is deprecated and will be removed in 25.3. 

To remove this warning, please choose a default channel explicitly with conda's regular configuration system, e.g. by adding 'defaults' to the list of channels:

  conda config --add channels defaults

For more information see https://docs.conda.io/projects/conda/en/stable/user-guide/configuration/use-condarc.html

  deprecated.topic(
JOB 14011 ARRAY_ID 140  -> i=140 ; range=[1.9e-10, 5.0e-10] ; intervals=200 (frames=201)
Analytic t0 extension enabled (--extend-time-using-t0).
Density options: centers='2.0e-10,4.0e-10' width='2.0e-11,5.0e-11' strength='7.0'
Completed 0 % :  mod = 3.296342432962772e-16,  Error =-1.4210854715202004e-14
Completed 1 % :  mod = 5.203706348587506e-16,  Error =1.4149453164691295e-07
Completed 2 % :  mod = 1.3133115584843013e-15,  Error =2.829895677791683e-07
Completed 3 % :  mod = 3.626096457285023e-15,  Error =4.244826783406097e-07
Completed 4 % :  mod = 1.0135220666831997e-14,  Error =5.659771247223944e-07
Completed 5 % :  mod = 2.8373438576288573e-14,  Error =7.074712300436659e-07
Completed 6 % :  mod = 7.944712481903282e-14,  Error =8.489658966936986e-07
Completed 7 % :  mod = 2.2246184626580753e-13,  Error =9.904600659638163e-07
Completed 8 % :  mod = 6.229227255985038e-13,  Error =1.1319553649968839e-06
Completed 9 % :  mod = 1.7442627673394493e-12,  Error =1.2734473315845207e-06
Completed 10 % :  mod = 4.884061902090527e-12,  Error =1.4149305016530889e-06
Completed 11 % :  mod = 1.3673623804105008e-11,  Error =1.5563394839546163e-06
Completed 12 % :  mod = 3.82348144272945e-11,  Error =1.6971724576819724e-06
Completed 13 % :  mod = 1.0585184085144516e-10,  Error =1.8336869516133447e-06
Completed 14 % :  mod = 2.655908038217549e-10,  Error =1.945715844442475e-06
Completed 15 % :  mod = 2.9273731169007844e-10,  Error =2.018631491296219e-06
Completed 16 % :  mod = 1.1237861333224994e-10,  Error =2.1276538504366727e-06
Completed 17 % :  mod = 4.860353854097186e-11,  Error =2.262537122987851e-06
Completed 18 % :  mod = 4.816950640629774e-11,  Error =2.4018979942752594e-06
Completed 19 % :  mod = 9.267820371298193e-11,  Error =2.5391643134753394e-06
Completed 20 % :  mod = 2.0298928199069331e-10,  Error =2.659630787604783e-06
Completed 21 % :  mod = 3.48484216757227e-10,  Error =2.736433884820144e-06
Completed 22 % :  mod = 1.4025839989726272e-10,  Error =2.8321455829427578e-06
Completed 23 % :  mod = 6.844585620780017e-11,  Error =2.9618767882766406e-06
Completed 24 % :  mod = 8.231307678272213e-11,  Error =3.098468560835954e-06
Completed 25 % :  mod = 1.5127952931997016e-10,  Error =3.2287756965843073e-06
Completed 26 % :  mod = 2.8725778316884345e-10,  Error =3.325458330039055e-06
Completed 27 % :  mod = 2.399330230200325e-10,  Error =3.404787001670684e-06
Completed 28 % :  mod = 1.0618327052708624e-10,  Error =3.5236176429975785e-06
Completed 28 % :  mod = 7.574449234772545e-11,  Error =3.6566275909422075e-06
Completed 30 % :  mod = 1.6731863920262316e-10,  Error =3.783555847292064e-06
Completed 31 % :  mod = 3.3965410925720884e-10,  Error =3.8787288403341336e-06
Completed 32 % :  mod = 1.9237988520918862e-10,  Error =3.954633093883331e-06
Completed 33 % :  mod = 1.1445245880679791e-10,  Error =4.072791433884504e-06
Completed 34 % :  mod = 9.463629925283831e-11,  Error =4.205652416544581e-06
Completed 35 % :  mod = 1.408722347641348e-10,  Error =4.333636731246315e-06
Completed 36 % :  mod = 3.1542726465222714e-10,  Error =4.4262989362664484e-06
Completed 37 % :  mod = 2.3769970921298145e-10,  Error =4.508805432124063e-06
Completed 38 % :  mod = 8.59474736395309e-11,  Error =4.629324713789629e-06
Completed 39 % :  mod = 5.415727032591049e-11,  Error =4.765296097275495e-06
Completed 40 % :  mod = 1.1565837923326469e-10,  Error =4.90018265963954e-06
Completed 41 % :  mod = 2.367088694908567e-10,  Error =5.016587152795182e-06
Completed 42 % :  mod = 2.9416155568157443e-10,  Error =5.089303819261204e-06
Completed 43 % :  mod = 1.4984458133455852e-10,  Error =5.192040788415397e-06
Completed 44 % :  mod = 4.972231023759653e-11,  Error =5.324912677906468e-06
Completed 45 % :  mod = 3.4338768081336897e-11,  Error =5.464210666161762e-06
Completed 46 % :  mod = 8.05306169416646e-11,  Error =5.602771501855841e-06
Completed 47 % :  mod = 1.7168687247405985e-10,  Error =5.730682666182929e-06
Completed 48 % :  mod = 3.3052545057012513e-10,  Error =5.817050599432605e-06
Completed 49 % :  mod = 1.854075797677201e-10,  Error =5.902819928849112e-06
Completed 50 % :  mod = 6.393284140896614e-11,  Error =6.030231922693474e-06
Completed 51 % :  mod = 2.7181940894530342e-11,  Error =6.169285668988778e-06
Completed 52 % :  mod = 3.570917059334461e-11,  Error =6.309946058991045e-06
Completed 53 % :  mod = 6.266317965800752e-11,  Error =6.449589413648482e-06
Completed 54 % :  mod = 1.4157562992062232e-10,  Error =6.580838871173e-06
Completed 55 % :  mod = 3.330204429532402e-10,  Error =6.674933771932956e-06
Completed 56 % :  mod = 1.994306227993535e-10,  Error =6.754166747668933e-06
Completed 56 % :  mod = 8.88194625247617e-11,  Error =6.877426642404316e-06
Completed 57 % :  mod = 4.6134587239488916e-11,  Error =7.015230927720495e-06
Completed 59 % :  mod = 4.295876453332497e-11,  Error =7.154890731442265e-06
Completed 60 % :  mod = 1.0838871913329211e-10,  Error =7.290688039063298e-06
Completed 61 % :  mod = 2.5411563031199073e-10,  Error =7.403933025784681e-06
Completed 62 % :  mod = 2.9037569221181935e-10,  Error =7.475743515783506e-06
Completed 63 % :  mod = 1.349242084284825e-10,  Error =7.582483050327937e-06
Completed 64 % :  mod = 5.886435760963686e-11,  Error =7.715715518941124e-06
Completed 65 % :  mod = 6.017884155960437e-11,  Error =7.853390677325933e-06
Completed 66 % :  mod = 1.551770432454871e-10,  Error =7.984738267907687e-06
Completed 67 % :  mod = 2.852132689629965e-10,  Error =8.084885095627214e-06
Completed 68 % :  mod = 2.3241295124243452e-10,  Error =8.1602929355995e-06
Completed 69 % :  mod = 1.3444880472852308e-10,  Error =8.276736153334241e-06
Completed 70 % :  mod = 8.30020988498805e-11,  Error =8.408272549331741e-06
Completed 71 % :  mod = 1.5644723720774123e-10,  Error =8.533036215396805e-06
Completed 72 % :  mod = 3.6740492305558005e-10,  Error =8.623823170239575e-06
Completed 73 % :  mod = 1.7805268446518709e-10,  Error =8.703259744891056e-06
Completed 74 % :  mod = 1.0534012782869052e-10,  Error =8.823096713683753e-06
Completed 75 % :  mod = 1.0685789419349985e-10,  Error =8.956124318615366e-06
Completed 76 % :  mod = 1.5255005402687473e-10,  Error =9.08302060764754e-06
Completed 77 % :  mod = 3.0643409924111226e-10,  Error =9.172853580707852e-06
Completed 78 % :  mod = 2.2188943017765285e-10,  Error =9.257475490187517e-06
Completed 79 % :  mod = 8.685286501922813e-11,  Error =9.380083930921046e-06
Completed 80 % :  mod = 6.530872423763236e-11,  Error =9.51553185046805e-06
Completed 81 % :  mod = 1.4382978210357702e-10,  Error =9.647077085617184e-06
Completed 82 % :  mod = 2.939355143138938e-10,  Error =9.752534957385706e-06
Completed 83 % :  mod = 2.35917036613006e-10,  Error =9.823759121729836e-06
Completed 84 % :  mod = 1.268814529383749e-10,  Error =9.93693158335418e-06
Completed 85 % :  mod = 6.248934201487364e-11,  Error =1.0071151677948365e-05
Completed 86 % :  mod = 7.375268866204515e-11,  Error =1.020773876803105e-05
Completed 87 % :  mod = 2.0670706467671978e-10,  Error =1.0331772202221146e-05
Completed 88 % :  mod = 3.3452586259538727e-10,  Error =1.0419067166367313e-05
Completed 89 % :  mod = 1.5234229798753752e-10,  Error =1.0503817357232492e-05
Completed 90 % :  mod = 1.1720700501441253e-10,  Error =1.0627535225182783e-05
Completed 91 % :  mod = 1.3320015894471493e-10,  Error =1.0757714441922417e-05
Completed 92 % :  mod = 1.9880229189877794e-10,  Error =1.0871980833826456e-05
Completed 93 % :  mod = 3.2367317429240536e-10,  Error =1.0945818928576045e-05
Completed 94 % :  mod = 1.6791487486807668e-10,  Error =1.104444448429831e-05
Completed 95 % :  mod = 8.852350340000731e-11,  Error =1.11701958616095e-05
Completed 96 % :  mod = 1.4110339324720768e-10,  Error =1.1298200540466041e-05
Completed 97 % :  mod = 3.1473316689972837e-10,  Error =1.1401976522051882e-05
Completed 98 % :  mod = 2.349901772545975e-10,  Error =1.1476046609004698e-05
Completed 99 % :  mod = 1.1230269915942449e-10,  Error =1.15876393138592e-05
Completed 100 % :  mod = 7.805816511085216e-11,  Error =1.1721439250322874e-05
Finished 141/201 frames
Finished all frames!
