/opt/local/miniconda_23_9/lib/python3.11/site-packages/conda/base/context.py:201: FutureWarning: Adding 'defaults' to channel list implicitly is deprecated and will be removed in 25.3. 

To remove this warning, please choose a default channel explicitly with conda's regular configuration system, e.g. by adding 'defaults' to the list of channels:

  conda config --add channels defaults

For more information see https://docs.conda.io/projects/conda/en/stable/user-guide/configuration/use-condarc.html

  deprecated.topic(
JOB 14043 ARRAY_ID 172  -> i=172 ; range=[1.9e-10, 5.0e-10] ; intervals=200 (frames=201)
Analytic t0 extension enabled (--extend-time-using-t0).
Density options: centers='2.0e-10,4.0e-10' width='2.0e-11,5.0e-11' strength='7.0'
Completed 0 % :  mod = 3.55862364460161e-16,  Error =-1.4210854715202004e-14
Completed 1 % :  mod = 5.96821595497065e-16,  Error =1.9219281455207238e-07
Completed 2 % :  mod = 1.6460128027204558e-15,  Error =3.843867446562399e-07
Completed 3 % :  mod = 4.924279198555519e-15,  Error =5.765799571122443e-07
Completed 4 % :  mod = 1.487113808892005e-14,  Error =7.687728071914535e-07
Completed 5 % :  mod = 4.495689573488477e-14,  Error =9.60965763852073e-07
Completed 6 % :  mod = 1.3592450093495508e-13,  Error =1.1531587844615387e-06
Completed 7 % :  mod = 4.1096472093537866e-13,  Error =1.3453515279593375e-06
Completed 8 % :  mod = 1.2425435257144975e-12,  Error =1.5375443922494014e-06
Completed 9 % :  mod = 3.756780703475982e-12,  Error =1.729730890076553e-06
Completed 10 % :  mod = 1.1357782202898072e-11,  Error =1.921858881814842e-06
Completed 11 % :  mod = 3.431835188159367e-11,  Error =2.1134609937689675e-06
Completed 12 % :  mod = 1.031220686514833e-10,  Error =2.3004301752393985e-06
Completed 13 % :  mod = 2.8741901124152837e-10,  Error =2.4559268112511745e-06
Completed 14 % :  mod = 3.236088135193284e-10,  Error =2.553366655888567e-06
Completed 15 % :  mod = 1.1418910855210167e-10,  Error =2.704267444642028e-06
Completed 16 % :  mod = 5.464295256963661e-11,  Error =2.8879988676067114e-06
Completed 17 % :  mod = 8.993525335840833e-11,  Error =3.074602240360491e-06
Completed 18 % :  mod = 2.2459688101177815e-10,  Error =3.2444549233900943e-06
Completed 19 % :  mod = 3.5506538121367123e-10,  Error =3.3541317634444567e-06
Completed 20 % :  mod = 1.4601467092670338e-10,  Error =3.483294804595971e-06
Completed 21 % :  mod = 7.115007482087738e-11,  Error =3.6630434365747533e-06
Completed 22 % :  mod = 5.945598644670345e-11,  Error =3.8512646298727304e-06
Completed 23 % :  mod = 1.1378954424176512e-10,  Error =4.034490551418912e-06
Completed 24 % :  mod = 3.472093668759158e-10,  Error =4.177660869686406e-06
Completed 25 % :  mod = 2.7419820773538745e-10,  Error =4.279205434443156e-06
Completed 26 % :  mod = 8.772892093245466e-11,  Error =4.440572020314448e-06
Completed 27 % :  mod = 3.7658867549393046e-11,  Error =4.628050163546504e-06
Completed 28 % :  mod = 3.9551057973720483e-11,  Error =4.8187747410111115e-06
Completed 28 % :  mod = 8.306403624062141e-11,  Error =5.007167509063493e-06
Completed 30 % :  mod = 2.1692483296808722e-10,  Error =5.174854315725952e-06
Completed 31 % :  mod = 3.9642271494577165e-10,  Error =5.279672173230665e-06
Completed 32 % :  mod = 1.3600128727264707e-10,  Error =5.410564369867643e-06
Completed 33 % :  mod = 7.460477965280451e-11,  Error =5.588208594531352e-06
Completed 34 % :  mod = 1.2634755690610087e-10,  Error =5.770862678389221e-06
Completed 35 % :  mod = 2.519993443359966e-10,  Error =5.931100957923263e-06
Completed 36 % :  mod = 3.2351970032299856e-10,  Error =6.027928264984439e-06
Completed 37 % :  mod = 1.4224636162171894e-10,  Error =6.171521384601419e-06
Completed 38 % :  mod = 4.515474506595539e-11,  Error =6.3548099404897584e-06
Completed 39 % :  mod = 3.183354927705208e-11,  Error =6.545101804533715e-06
Completed 40 % :  mod = 7.49973919045722e-11,  Error =6.734387298479305e-06
Completed 41 % :  mod = 1.8475834433591693e-10,  Error =6.909823198952836e-06
Completed 42 % :  mod = 3.784965620151814e-10,  Error =7.025251179015868e-06
Completed 43 % :  mod = 1.6702811393932964e-10,  Error =7.145547805009755e-06
Completed 44 % :  mod = 6.744143916737698e-11,  Error =7.323112448887059e-06
Completed 45 % :  mod = 3.6117586915223354e-11,  Error =7.512514208940502e-06
Completed 46 % :  mod = 5.809487547383641e-11,  Error =7.702187645008962e-06
Completed 47 % :  mod = 1.7379698233907667e-10,  Error =7.88084686575985e-06
Completed 48 % :  mod = 3.7010298371419256e-10,  Error =8.009779669748696e-06
Completed 49 % :  mod = 1.8659887645410164e-10,  Error =8.115431768374037e-06
Completed 50 % :  mod = 1.1657301151203168e-10,  Error =8.283507810347146e-06
Completed 51 % :  mod = 1.127988697437441e-10,  Error =8.464692641041438e-06
Completed 52 % :  mod = 1.9024101692349212e-10,  Error =8.629558230666134e-06
Completed 53 % :  mod = 3.9803584394641106e-10,  Error =8.732653213883168e-06
Completed 54 % :  mod = 1.643804566435369e-10,  Error =8.861655118153067e-06
Completed 55 % :  mod = 7.69066507338379e-11,  Error =9.036090496294946e-06
Completed 56 % :  mod = 1.3429166119548476e-10,  Error =9.2163443881077e-06
Completed 56 % :  mod = 3.0610003420197663e-10,  Error =9.368744038340537e-06
Completed 57 % :  mod = 2.8904746286733454e-10,  Error =9.465654102314147e-06
Completed 59 % :  mod = 1.170787636383312e-10,  Error =9.617166462305704e-06
Completed 60 % :  mod = 4.1834290145217897e-11,  Error =9.802508010636757e-06
Completed 61 % :  mod = 3.728730599248167e-11,  Error =9.992910975142877e-06
Completed 62 % :  mod = 8.227905702089403e-11,  Error =1.0181523521168856e-05
Completed 63 % :  mod = 2.2323800810702475e-10,  Error =1.0351566295696557e-05
Completed 64 % :  mod = 3.7496079242736887e-10,  Error =1.0460374433307607e-05
Completed 65 % :  mod = 1.3262399668895673e-10,  Error =1.058983463764207e-05
Completed 66 % :  mod = 7.023883625482507e-11,  Error =1.0769556432421723e-05
Completed 67 % :  mod = 7.708320423312697e-11,  Error =1.0957042967163488e-05
Completed 68 % :  mod = 1.3535246927750074e-10,  Error =1.1137027797758492e-05
Completed 69 % :  mod = 3.6846005243485877e-10,  Error =1.126712800214591e-05
Completed 70 % :  mod = 2.3147940569472692e-10,  Error =1.1375467614982426e-05
Completed 71 % :  mod = 7.31356767136743e-11,  Error =1.1545158784542764e-05
Completed 72 % :  mod = 3.4019978886531315e-11,  Error =1.1733766974941773e-05
Completed 73 % :  mod = 4.831507789542494e-11,  Error =1.1924350332037648e-05
Completed 74 % :  mod = 1.0907192151004715e-10,  Error =1.2110643183405045e-05
Completed 75 % :  mod = 2.653324720979539e-10,  Error =1.2266759014778472e-05
Completed 76 % :  mod = 3.3779156488933913e-10,  Error =1.2363890348865425e-05
Completed 77 % :  mod = 1.2504594248452683e-10,  Error =1.2511672537129925e-05
Completed 78 % :  mod = 7.431826569235238e-11,  Error =1.2691643860307522e-05
Completed 79 % :  mod = 1.5885894984453894e-10,  Error =1.2869462963749356e-05
Completed 80 % :  mod = 3.5569364432082903e-10,  Error =1.3008300818739826e-05
Completed 81 % :  mod = 2.3027953770385082e-10,  Error =1.3105746880626157e-05
Completed 82 % :  mod = 1.1282045180164463e-10,  Error =1.3266835118486142e-05
Completed 83 % :  mod = 7.139819551705417e-11,  Error =1.345086635495818e-05
Completed 84 % :  mod = 1.1729964140262664e-10,  Error =1.3632526489004704e-05
Completed 85 % :  mod = 3.2914858149838125e-10,  Error =1.3775172988061968e-05
Completed 86 % :  mod = 2.979410321302152e-10,  Error =1.3879683969264534e-05
Completed 87 % :  mod = 1.0223783001223928e-10,  Error =1.4037595605032038e-05
Completed 88 % :  mod = 6.59481955034431e-11,  Error =1.4220689358523941e-05
Completed 89 % :  mod = 1.6791940037115293e-10,  Error =1.4398526161585323e-05
Completed 90 % :  mod = 3.4821985401941847e-10,  Error =1.4535816738714402e-05
Completed 91 % :  mod = 2.12067813786015e-10,  Error =1.4633486976833865e-05
Completed 92 % :  mod = 1.533808165501115e-10,  Error =1.4793842318283623e-05
Completed 93 % :  mod = 1.168035058660199e-10,  Error =1.497171320608004e-05
Completed 94 % :  mod = 1.9169733705223457e-10,  Error =1.5132807604345544e-05
Completed 95 % :  mod = 3.963080259516391e-10,  Error =1.523440405293286e-05
Completed 96 % :  mod = 1.6096432888139434e-10,  Error =1.5365180331627926e-05
Completed 97 % :  mod = 9.932976434970048e-11,  Error =1.5536701816643017e-05
Completed 98 % :  mod = 1.865203983299903e-10,  Error =1.5708352520960034e-05
Completed 99 % :  mod = 3.720790490060955e-10,  Error =1.5839270169237807e-05
Completed 100 % :  mod = 2.0589910971526267e-10,  Error =1.5940349840093404e-05
Finished 173/201 frames
Finished all frames!
