/opt/local/miniconda_23_9/lib/python3.11/site-packages/conda/base/context.py:201: FutureWarning: Adding 'defaults' to channel list implicitly is deprecated and will be removed in 25.3. 

To remove this warning, please choose a default channel explicitly with conda's regular configuration system, e.g. by adding 'defaults' to the list of channels:

  conda config --add channels defaults

For more information see https://docs.conda.io/projects/conda/en/stable/user-guide/configuration/use-condarc.html

  deprecated.topic(
JOB 13516 ARRAY_ID 162  -> i=162 ; range=[1.9e-10, 6.0e-10] ; intervals=200 (frames=201)
Density options: centers='2.0e-10,4.0e-10' width='5e-11,5e-11' strength=''
Completed 0 % :  mod = 3.5679482210703244e-16,  Error =-1.4210854715202004e-14
Completed 1 % :  mod = 5.996511638580836e-16,  Error =1.94215324711422e-07
Completed 2 % :  mod = 1.6588259150915175e-15,  Error =3.884309549562204e-07
Completed 3 % :  mod = 4.976197118254684e-15,  Error =5.826470399483696e-07
Completed 4 % :  mod = 1.506777573907031e-14,  Error =7.768626844040227e-07
Completed 5 % :  mod = 4.5671451493794255e-14,  Error =9.71079288092369e-07
Completed 6 % :  mod = 1.3844868582753827e-13,  Error =1.1652950107077231e-06
Completed 7 % :  mod = 4.1969915065528157e-13,  Error =1.3595101790997433e-06
Completed 8 % :  mod = 1.2722943312694778e-12,  Error =1.5537249851149681e-06
Completed 9 % :  mod = 3.8568626200816625e-12,  Error =1.7479331901881778e-06
Completed 10 % :  mod = 1.1691043226347636e-11,  Error =1.9420798764713254e-06
Completed 11 % :  mod = 3.541745686443326e-11,  Error =2.1356634434255284e-06
Completed 12 % :  mod = 1.0667053794246736e-10,  Error =2.324279279264374e-06
Completed 13 % :  mod = 2.961426834745088e-10,  Error =2.479567164925811e-06
Completed 14 % :  mod = 3.142824666087693e-10,  Error =2.577770388256795e-06
Completed 15 % :  mod = 1.1301914480325582e-10,  Error =2.7324610059054066e-06
Completed 16 % :  mod = 5.4460644577479364e-11,  Error =2.918461724732424e-06
Completed 17 % :  mod = 9.28032458908636e-11,  Error =3.106723404755485e-06
Completed 18 % :  mod = 2.4048171696314255e-10,  Error =3.276027030096884e-06
Completed 19 % :  mod = 3.5256005598601543e-10,  Error =3.3839094157883665e-06
Completed 20 % :  mod = 1.351609611777287e-10,  Error =3.5188113187700765e-06
Completed 21 % :  mod = 6.549522779732854e-11,  Error =3.7020039798107973e-06
Completed 22 % :  mod = 5.545247711367602e-11,  Error =3.892831301754995e-06
Completed 23 % :  mod = 1.0432955773422563e-10,  Error =4.079501714215894e-06
Completed 24 % :  mod = 3.2382433186515154e-10,  Error =4.23004745897515e-06
Completed 25 % :  mod = 3.0535160806853774e-10,  Error =4.33224585805192e-06
Completed 26 % :  mod = 9.654944288240042e-11,  Error =4.4897856525949464e-06
Completed 27 % :  mod = 5.258552275045145e-11,  Error =4.6770398611784e-06
Completed 28 % :  mod = 8.987053590668769e-11,  Error =4.866246349877201e-06
Completed 28 % :  mod = 2.0453496506470745e-10,  Error =5.0397634652199486e-06
Completed 30 % :  mod = 3.6691068401664756e-10,  Error =5.150529347019983e-06
Completed 31 % :  mod = 1.5559203028752387e-10,  Error =5.279441325001244e-06
Completed 32 % :  mod = 5.945587608718069e-11,  Error =5.461443720378156e-06
Completed 33 % :  mod = 2.8586732879871606e-11,  Error =5.6536075163649e-06
Completed 34 % :  mod = 4.181418213588466e-11,  Error =5.8464344121489376e-06
Completed 35 % :  mod = 1.213642893926521e-10,  Error =6.03381479180598e-06
Completed 36 % :  mod = 2.984341094877117e-10,  Error =6.187018854575399e-06
Completed 37 % :  mod = 2.937565675496821e-10,  Error =6.283134943885216e-06
Completed 38 % :  mod = 1.2111753617477945e-10,  Error =6.439651450307338e-06
Completed 39 % :  mod = 5.858443849302866e-11,  Error =6.625320693842696e-06
Completed 40 % :  mod = 9.637294090859092e-11,  Error =6.812470800809933e-06
Completed 41 % :  mod = 2.796877368907065e-10,  Error =6.975260433250696e-06
Completed 42 % :  mod = 3.397290325176294e-10,  Error =7.079883936000897e-06
Completed 43 % :  mod = 1.1333445642181434e-10,  Error =7.223114465659819e-06
Completed 44 % :  mod = 6.521293963074812e-11,  Error =7.407922410607171e-06
Completed 45 % :  mod = 7.833109048255791e-11,  Error =7.597661955571766e-06
Completed 46 % :  mod = 1.4864424155677364e-10,  Error =7.777409074094521e-06
Completed 47 % :  mod = 3.8917061203942873e-10,  Error =7.901078753036472e-06
Completed 48 % :  mod = 1.9820082191329443e-10,  Error =8.015473163425213e-06
Completed 49 % :  mod = 6.679507447390734e-11,  Error =8.191444457850139e-06
Completed 50 % :  mod = 2.43470136852944e-11,  Error =8.38332185537638e-06
Completed 51 % :  mod = 1.3488875716992685e-11,  Error =8.577195778514124e-06
Completed 52 % :  mod = 1.5355996561379902e-11,  Error =8.771201954971275e-06
Completed 53 % :  mod = 4.0105897107714303e-11,  Error =8.964455972204632e-06
Completed 54 % :  mod = 1.2738634635621552e-10,  Error =9.150876351782244e-06
Completed 55 % :  mod = 3.3534312739414304e-10,  Error =9.29633861090906e-06
Completed 56 % :  mod = 2.6001873280827914e-10,  Error =9.39546291078841e-06
Completed 56 % :  mod = 1.0763275120388706e-10,  Error =9.559063990138839e-06
Completed 57 % :  mod = 4.9540099403553403e-11,  Error =9.746863760540236e-06
Completed 59 % :  mod = 8.038195995987691e-11,  Error =9.93581548414113e-06
Completed 60 % :  mod = 2.479680997800133e-10,  Error =1.0105271641691616e-05
Completed 61 % :  mod = 3.61103152516037e-10,  Error =1.021628453656831e-05
Completed 62 % :  mod = 1.3149786869662095e-10,  Error =1.034797907095708e-05
Completed 63 % :  mod = 9.192800996816775e-11,  Error =1.0528125784503573e-05
Completed 64 % :  mod = 1.243827987697624e-10,  Error =1.0712432384707427e-05
Completed 65 % :  mod = 2.281244225230611e-10,  Error =1.0872618069868167e-05
Completed 66 % :  mod = 3.5517438288222233e-10,  Error =1.0970282623645744e-05
Completed 67 % :  mod = 1.5709976586303485e-10,  Error =1.1112130586354851e-05
Completed 68 % :  mod = 8.826374520627124e-11,  Error =1.1289470812414493e-05
Completed 69 % :  mod = 1.7477379333668047e-10,  Error =1.1463583319937243e-05
Completed 70 % :  mod = 3.9866625448621433e-10,  Error =1.1592531848236831e-05
Completed 71 % :  mod = 1.9327837483935923e-10,  Error =1.1697476274719065e-05
Completed 72 % :  mod = 1.0748763786365153e-10,  Error =1.186291989796473e-05
Completed 73 % :  mod = 1.3703404262759143e-10,  Error =1.2043726599131332e-05
Completed 74 % :  mod = 2.2811171655675106e-10,  Error =1.2205631151118723e-05
Completed 75 % :  mod = 3.334059099352163e-10,  Error =1.2303919604050861e-05
Completed 76 % :  mod = 1.7525165788067842e-10,  Error =1.2444080041973393e-05
Completed 77 % :  mod = 6.512443610342387e-11,  Error =1.2624922462123322e-05
Completed 78 % :  mod = 7.984204990545567e-11,  Error =1.2811492446473949e-05
Completed 79 % :  mod = 2.691641458544997e-10,  Error =1.2977728545138234e-05
Completed 80 % :  mod = 3.4803108263958993e-10,  Error =1.308765593677208e-05
Completed 81 % :  mod = 1.2978640199853238e-10,  Error =1.3221649595607232e-05
Completed 82 % :  mod = 1.0971994991874801e-10,  Error =1.3401165240622959e-05
Completed 83 % :  mod = 1.5074967091722656e-10,  Error =1.3581314284749624e-05
Completed 84 % :  mod = 2.7888060684667977e-10,  Error =1.372721452952419e-05
Completed 85 % :  mod = 2.7771837670182624e-10,  Error =1.3825805822875736e-05
Completed 86 % :  mod = 1.6474507966052991e-10,  Error =1.3978747446685702e-05
Completed 87 % :  mod = 1.4947420041756718e-10,  Error =1.4149396633911238e-05
Completed 88 % :  mod = 2.6183054923271407e-10,  Error =1.42919265684327e-05
Completed 89 % :  mod = 3.550469927362359e-10,  Error =1.4400411586734663e-05
Completed 90 % :  mod = 1.5569843773113433e-10,  Error =1.4545273593569163e-05
Completed 91 % :  mod = 1.5608554600251202e-10,  Error =1.4705838182749176e-05
Completed 92 % :  mod = 3.9074667588425845e-10,  Error =1.482842738198542e-05
Completed 93 % :  mod = 2.3695473872437905e-10,  Error =1.4944956511442342e-05
Completed 94 % :  mod = 1.3599147619228047e-10,  Error =1.5103737275978801e-05
Completed 95 % :  mod = 1.6593067469468906e-10,  Error =1.527413723323434e-05
Completed 96 % :  mod = 3.746075118027327e-10,  Error =1.5404917760974968e-05
Completed 97 % :  mod = 2.408041536903565e-10,  Error =1.5510128015705504e-05
Completed 98 % :  mod = 1.0632839877025539e-10,  Error =1.567087338116835e-05
Completed 99 % :  mod = 1.3893943371455658e-10,  Error =1.5850925912275216e-05
Completed 100 % :  mod = 2.6195101619760055e-10,  Error =1.601213838853255e-05
Finished 163/201 frames
Finished all frames!
