/opt/local/miniconda_23_9/lib/python3.11/site-packages/conda/base/context.py:201: FutureWarning: Adding 'defaults' to channel list implicitly is deprecated and will be removed in 25.3. 

To remove this warning, please choose a default channel explicitly with conda's regular configuration system, e.g. by adding 'defaults' to the list of channels:

  conda config --add channels defaults

For more information see https://docs.conda.io/projects/conda/en/stable/user-guide/configuration/use-condarc.html

  deprecated.topic(
JOB 13593 ARRAY_ID 36  -> i=36 ; range=[2.0e-10, 2.09e-10] ; intervals=40 (frames=41)
Completed 0 % :  mod = 1.6632195121086555e-16,  Error =-1.4210854715202004e-14
Completed 1 % :  mod = 1.6961867504440106e-16,  Error =9.171394310669712e-09
Completed 2 % :  mod = 1.796395352398279e-16,  Error =1.8343051522151654e-08
Completed 3 % :  mod = 1.9678178632030041e-16,  Error =2.7513983980043122e-08
Completed 4 % :  mod = 2.2172498791980995e-16,  Error =3.668449721772049e-08
Completed 5 % :  mod = 2.5545796347822735e-16,  Error =4.5855763630697766e-08
Completed 6 % :  mod = 2.993179719995958e-16,  Error =5.5026575296324154e-08
Completed 7 % :  mod = 3.5504374361598423e-16,  Error =6.419735854024111e-08
Completed 8 % :  mod = 4.248443932967886e-16,  Error =7.336823415471372e-08
Completed 9 % :  mod = 5.114870135887346e-16,  Error =8.253989136619566e-08
Completed 10 % :  mod = 6.184063466158873e-16,  Error =9.171023407361645e-08
Completed 11 % :  mod = 7.498409437470422e-16,  Error =1.0088145785402958e-07
Completed 12 % :  mod = 9.110012425440407e-16,  Error =1.1005136713038155e-07
Completed 13 % :  mod = 1.108276064078189e-15,  Error =1.1922293197130784e-07
Completed 14 % :  mod = 1.3494858933590752e-15,  Error =1.2839327467872863e-07
Completed 15 % :  mod = 1.6441929434376908e-15,  Error =1.375644771428597e-07
Completed 16 % :  mod = 2.0040802007891717e-15,  Error =1.4673499748596441e-07
Completed 17 % :  mod = 2.4434145369577934e-15,  Error =1.5590607205240303e-07
Completed 18 % :  mod = 2.979612340605196e-15,  Error =1.6507761557704725e-07
Completed 19 % :  mod = 3.6339299323906496e-15,  Error =1.7424798670617747e-07
Completed 20 % :  mod = 4.432306202745824e-15,  Error =1.8341896890206044e-07
Completed 21 % :  mod = 5.406390913491669e-15,  Error =1.925896526699944e-07
Completed 22 % :  mod = 6.594799371388596e-15,  Error =2.0176018722395384e-07
Completed 23 % :  mod = 8.044643277802745e-15,  Error =2.1093018887086146e-07
Completed 24 % :  mod = 9.813398305143154e-15,  Error =2.2010126343730008e-07
Completed 25 % :  mod = 1.1971182582764544e-14,  Error =2.2927311960074803e-07
Completed 26 % :  mod = 1.46035364460495e-14,  Error =2.384435475732971e-07
Completed 27 % :  mod = 1.7814813389917348e-14,  Error =2.4761386185900847e-07
Completed 28 % :  mod = 2.1732316877598e-14,  Error =2.56784716157199e-07
Completed 28 % :  mod = 2.6511347074807865e-14,  Error =2.6595618862756965e-07
Completed 30 % :  mod = 3.234135722908823e-14,  Error =2.751274408296922e-07
Completed 31 % :  mod = 3.9453463947816264e-14,  Error =2.842983164441648e-07
Completed 32 % :  mod = 4.812960918027853e-14,  Error =2.93469163636928e-07
Completed 33 % :  mod = 5.871373677181166e-14,  Error =3.0264066452900806e-07
Completed 34 % :  mod = 7.162542661290198e-14,  Error =3.118117390954467e-07
Completed 35 % :  mod = 8.737652679264255e-14,  Error =3.2098263602620136e-07
Completed 36 % :  mod = 1.0659144251108991e-13,  Error =3.301528721522118e-07
Completed 37 % :  mod = 1.3003188529961706e-13,  Error =3.3932457910168523e-07
Completed 38 % :  mod = 1.5862706230158128e-13,  Error =3.484952557641918e-07
Completed 39 % :  mod = 1.9351049983670487e-13,  Error =3.576657690018692e-07
Completed 40 % :  mod = 2.3606495643326366e-13,  Error =3.668362396069824e-07
Completed 41 % :  mod = 2.879771971910386e-13,  Error =3.760072004865833e-07
Completed 42 % :  mod = 3.5130478569340186e-13,  Error =3.851784668995606e-07
Completed 43 % :  mod = 4.285575135705213e-13,  Error =3.9434958409856335e-07
Completed 44 % :  mod = 5.227966450820742e-13,  Error =4.035201328633775e-07
Completed 45 % :  mod = 6.377558194558186e-13,  Error =4.1269073847161053e-07
Completed 46 % :  mod = 7.779882378127956e-13,  Error =4.2186169935121143e-07
Completed 47 % :  mod = 9.490456674889155e-13,  Error =4.3103194968807657e-07
Completed 48 % :  mod = 1.1576958122510298e-12,  Error =4.4020267608857466e-07
Completed 49 % :  mod = 1.4121856724160111e-12,  Error =4.4937261378663607e-07
Completed 50 % :  mod = 1.7225595335214192e-12,  Error =4.5854267227696255e-07
Completed 51 % :  mod = 2.1010409248009567e-12,  Error =4.6771314288207577e-07
Completed 52 % :  mod = 2.5624877780193395e-12,  Error =4.768823984591108e-07
Completed 53 % :  mod = 3.1249281402702245e-12,  Error =4.860500908421272e-07
Completed 54 % :  mod = 3.810178382655713e-12,  Error =4.952170655769805e-07
Completed 55 % :  mod = 4.644533684804265e-12,  Error =5.043836992513206e-07
Completed 56 % :  mod = 5.6594959326567734e-12,  Error =5.135483220897186e-07
Completed 56 % :  mod = 6.892457069575484e-12,  Error =5.22708326400334e-07
Completed 57 % :  mod = 8.387169588352086e-12,  Error =5.318629590078672e-07
Completed 59 % :  mod = 1.019368335913347e-11,  Error =5.41010969357103e-07
Completed 60 % :  mod = 1.2367170044614335e-11,  Error =5.501476891822676e-07
Completed 61 % :  mod = 1.496464551785418e-11,  Error =5.592676473042957e-07
Completed 62 % :  mod = 1.803800815361386e-11,  Error =5.683641788323257e-07
Completed 63 % :  mod = 2.162111159238038e-11,  Error =5.774290983140418e-07
Completed 64 % :  mod = 2.570816907495438e-11,  Error =5.864489622808833e-07
Completed 65 % :  mod = 3.022170930275141e-11,  Error =5.954088422299719e-07
Completed 66 % :  mod = 3.497267158856923e-11,  Error =6.042931630645398e-07
Completed 67 % :  mod = 3.9625530085781306e-11,  Error =6.130895329192754e-07
Completed 68 % :  mod = 4.369663747496303e-11,  Error =6.217929993113103e-07
Completed 69 % :  mod = 4.662222294633401e-11,  Error =6.304144477553564e-07
Completed 70 % :  mod = 4.790900575927643e-11,  Error =6.389839697362731e-07
Completed 71 % :  mod = 4.7315379409825755e-11,  Error =6.475443967701722e-07
Completed 72 % :  mod = 4.4954716413118186e-11,  Error =6.561412959626978e-07
Completed 73 % :  mod = 4.124576777576863e-11,  Error =6.648116226415368e-07
Completed 74 % :  mod = 3.674716688937956e-11,  Error =6.735724653594843e-07
Completed 75 % :  mod = 3.198514913509909e-11,  Error =6.824246838732506e-07
Completed 76 % :  mod = 2.7353417886561133e-11,  Error =6.913577834666285e-07
Completed 77 % :  mod = 2.3092727697461837e-11,  Error =7.003565727359273e-07
Completed 78 % :  mod = 1.931745096022652e-11,  Error =7.094055902712171e-07
Completed 79 % :  mod = 1.605587766175634e-11,  Error =7.184919681435531e-07
Completed 80 % :  mod = 1.3285905210565153e-11,  Error =7.276045508319839e-07
Completed 81 % :  mod = 1.0960464274973334e-11,  Error =7.367354442067153e-07
Completed 82 % :  mod = 9.023374788553276e-12,  Error =7.458797597337252e-07
Completed 83 % :  mod = 7.4182358925891e-12,  Error =7.550317846494181e-07
Completed 84 % :  mod = 6.0928589524938326e-12,  Error =7.641905810373828e-07
Completed 85 % :  mod = 5.0010855561091395e-12,  Error =7.733526388165046e-07
Completed 86 % :  mod = 4.103180734360574e-12,  Error =7.825175032394327e-07
Completed 87 % :  mod = 3.365513437043098e-12,  Error =7.916847266642435e-07
Completed 88 % :  mod = 2.7599266977342086e-12,  Error =8.008523337821316e-07
Completed 89 % :  mod = 2.2630132542895906e-12,  Error =8.100210848738243e-07
Completed 90 % :  mod = 1.8554050955710885e-12,  Error =8.191910438881678e-07
Completed 91 % :  mod = 1.5211260613087163e-12,  Error =8.283608323722547e-07
Completed 92 % :  mod = 1.2470250503489884e-12,  Error =8.375309548114274e-07
Completed 93 % :  mod = 1.022291415237505e-12,  Error =8.467011483048736e-07
Completed 94 % :  mod = 8.380466673235036e-13,  Error =8.558716118045595e-07
Completed 95 % :  mod = 6.87003685557296e-13,  Error =8.650425087353142e-07
Completed 96 % :  mod = 5.631839958350151e-13,  Error =8.742133346117953e-07
Completed 97 % :  mod = 4.616841630448795e-13,  Error =8.833841818045585e-07
Completed 98 % :  mod = 3.7848327629325215e-13,  Error =8.925544463522783e-07
Completed 99 % :  mod = 3.1028457982585286e-13,  Error =9.017247890596991e-07
Completed 100 % :  mod = 2.543853485843182e-13,  Error =9.108963681114801e-07
Finished 37/41 frames
Finished all frames!
