/opt/local/miniconda_23_9/lib/python3.11/site-packages/conda/base/context.py:201: FutureWarning: Adding 'defaults' to channel list implicitly is deprecated and will be removed in 25.3. 

To remove this warning, please choose a default channel explicitly with conda's regular configuration system, e.g. by adding 'defaults' to the list of channels:

  conda config --add channels defaults

For more information see https://docs.conda.io/projects/conda/en/stable/user-guide/configuration/use-condarc.html

  deprecated.topic(
JOB 13419 ARRAY_ID 65  -> i=65 ; range=[1.9e-10, 6.0e-10] ; intervals=200 (frames=201)
Density options: centers='2.0e-10,4.0e-10' width='5e-11,5e-11' strength=''
Completed 0 % :  mod = 2.3383309270382897e-16,  Error =-1.4210854715202004e-14
Completed 1 % :  mod = 2.8989198504893866e-16,  Error =3.582945851121622e-08
Completed 2 % :  mod = 4.84947658584945e-16,  Error =7.165859727820134e-08
Completed 3 % :  mod = 9.125249831099318e-16,  Error =1.0748789236458833e-07
Completed 4 % :  mod = 1.7776378133648016e-15,  Error =1.4331648401366692e-07
Completed 5 % :  mod = 3.4950885819006704e-15,  Error =1.791447417076597e-07
Completed 6 % :  mod = 6.8883568708372626e-15,  Error =2.1497324809161e-07
Completed 7 % :  mod = 1.3584439631072688e-14,  Error =2.508018539515433e-07
Completed 8 % :  mod = 2.679396011138269e-14,  Error =2.8663038875720304e-07
Completed 9 % :  mod = 5.285059015468962e-14,  Error =3.2245905856598256e-07
Completed 10 % :  mod = 1.0424790233907743e-13,  Error =3.5828664124437637e-07
Completed 11 % :  mod = 2.0562973659458585e-13,  Error =3.9411590080362657e-07
Completed 12 % :  mod = 4.056061861362253e-13,  Error =4.2994572169163803e-07
Completed 13 % :  mod = 8.000596065621873e-13,  Error =4.657751375702901e-07
Completed 14 % :  mod = 1.5781069235079547e-12,  Error =5.016025355075726e-07
Completed 15 % :  mod = 3.1126913786699836e-12,  Error =5.374274749669894e-07
Completed 16 % :  mod = 6.138743489479729e-12,  Error =5.732458632223825e-07
Completed 17 % :  mod = 1.2100524928495976e-11,  Error =6.090320283647088e-07
Completed 18 % :  mod = 2.3805558077069685e-11,  Error =6.446941540616535e-07
Completed 19 % :  mod = 4.6478139806609945e-11,  Error =6.798848275479941e-07
Completed 20 % :  mod = 8.811825096149733e-11,  Error =7.134043116252542e-07
Completed 21 % :  mod = 1.497728518288631e-10,  Error =7.422341283813694e-07
Completed 22 % :  mod = 1.8249629521499383e-10,  Error =7.646790720627905e-07
Completed 23 % :  mod = 1.324230027277216e-10,  Error =7.884490216270024e-07
Completed 24 % :  mod = 7.526092716241968e-11,  Error =8.188845868062344e-07
Completed 25 % :  mod = 3.908247409451268e-11,  Error =8.530474957524348e-07
Completed 26 % :  mod = 1.9977854028465644e-11,  Error =8.884247719720406e-07
Completed 27 % :  mod = 1.0348230504741313e-11,  Error =9.241349019362133e-07
Completed 28 % :  mod = 5.450737296108607e-12,  Error =9.59931703903294e-07
Completed 28 % :  mod = 3.245302090180682e-12,  Error =9.95751364030184e-07
Completed 30 % :  mod = 2.6002073198507283e-12,  Error =1.031577063770328e-06
Completed 31 % :  mod = 3.164731194627678e-12,  Error =1.067401449006411e-06
Completed 32 % :  mod = 5.257905393291619e-12,  Error =1.1032213365069765e-06
Completed 33 % :  mod = 9.939942135276082e-12,  Error =1.139019964568888e-06
Completed 34 % :  mod = 1.916512221444183e-11,  Error =1.174738564202471e-06
Completed 35 % :  mod = 3.754159741625064e-11,  Error =1.2101492927740765e-06
Completed 36 % :  mod = 7.238413259024268e-11,  Error =1.2444353743035208e-06
Completed 37 % :  mod = 1.2843313786499252e-10,  Error =1.275207672790657e-06
Completed 38 % :  mod = 1.8144771717940139e-10,  Error =1.2993587574783305e-06
Completed 39 % :  mod = 1.5362136400879652e-10,  Error =1.3215754819384529e-06
Completed 40 % :  mod = 9.141205118432104e-11,  Error =1.349997035049455e-06
Completed 41 % :  mod = 4.8392077147836825e-11,  Error =1.383335721527601e-06
Completed 42 % :  mod = 2.482261667613819e-11,  Error =1.418472876935084e-06
Completed 43 % :  mod = 1.260912640076528e-11,  Error =1.454120145183424e-06
Completed 44 % :  mod = 6.404754002773475e-12,  Error =1.4899028997206187e-06
Completed 45 % :  mod = 3.253195630137432e-12,  Error =1.5257194689866083e-06
Completed 46 % :  mod = 1.658939794319065e-12,  Error =1.5615456163686758e-06
Completed 47 % :  mod = 8.632787940402187e-13,  Error =1.5973735685292922e-06
Completed 48 % :  mod = 4.796949199709668e-13,  Error =1.6332014425302077e-06
Completed 49 % :  mod = 3.2641034091563536e-13,  Error =1.6690305173483466e-06
Completed 50 % :  mod = 3.3003344495461703e-13,  Error =1.704859563744776e-06
Completed 51 % :  mod = 4.915404240749241e-13,  Error =1.7406875301162472e-06
Completed 52 % :  mod = 8.882641284020727e-13,  Error =1.7765161430816079e-06
Completed 53 % :  mod = 1.7128588035621456e-12,  Error =1.812343931817395e-06
Completed 54 % :  mod = 3.355715904513951e-12,  Error =1.8481686439031364e-06
Completed 55 % :  mod = 6.605665415617276e-12,  Error =1.8839842539364327e-06
Completed 56 % :  mod = 1.3026067540713533e-11,  Error =1.919762667057512e-06
Completed 56 % :  mod = 2.5589059802401815e-11,  Error =1.9553992203213966e-06
Completed 57 % :  mod = 4.989420106276746e-11,  Error =1.9904929544622973e-06
Completed 59 % :  mod = 9.405879123162992e-11,  Error =2.023687997620982e-06
Completed 60 % :  mod = 1.5625446462811768e-10,  Error =2.051795462421069e-06
Completed 61 % :  mod = 1.8055367710410004e-10,  Error =2.073858908602233e-06
Completed 62 % :  mod = 1.2545741792812886e-10,  Error =2.0983115902595273e-06
Completed 63 % :  mod = 7.019000210484424e-11,  Error =2.129326610145199e-06
Completed 64 % :  mod = 3.647374954314043e-11,  Error =2.1637027813881105e-06
Completed 65 % :  mod = 1.8561727793106982e-11,  Error =2.1991394376641438e-06
Completed 66 % :  mod = 9.638895060388237e-12,  Error =2.2348659456383757e-06
Completed 67 % :  mod = 5.1282758324847325e-12,  Error =2.270666456638537e-06
Completed 68 % :  mod = 3.109444297335414e-12,  Error =2.306486948100428e-06
Completed 69 % :  mod = 2.6111837950295197e-12,  Error =2.342312107828093e-06
Completed 70 % :  mod = 3.333147924539322e-12,  Error =2.3781371822906294e-06
Completed 71 % :  mod = 5.63439628662686e-12,  Error =2.4139558831848262e-06
Completed 72 % :  mod = 1.0735663828517172e-11,  Error =2.44975079510823e-06
Completed 73 % :  mod = 2.0784562987657724e-11,  Error =2.4854526827766676e-06
Completed 74 % :  mod = 4.0501843870786964e-11,  Error =2.520793763949314e-06
Completed 75 % :  mod = 7.801800777095466e-11,  Error =2.5548312407863705e-06
Completed 76 % :  mod = 1.361891254249827e-10,  Error =2.5849437790270713e-06
Completed 77 % :  mod = 1.8290701627872474e-10,  Error =2.608381485913469e-06
Completed 78 % :  mod = 1.463191430774548e-10,  Error =2.6310701954912474e-06
Completed 79 % :  mod = 8.51185006722519e-11,  Error =2.660265565168629e-06
Completed 80 % :  mod = 4.474912939533617e-11,  Error =2.6939407149484396e-06
Completed 81 % :  mod = 2.293893930269828e-11,  Error =2.729179016114358e-06
Completed 82 % :  mod = 1.164369499689548e-11,  Error =2.7648537752611446e-06
Completed 83 % :  mod = 5.918347653957489e-12,  Error =2.8006428962612517e-06
Completed 84 % :  mod = 3.0198462627225223e-12,  Error =2.8364612560949354e-06
Completed 85 % :  mod = 1.5609376466352707e-12,  Error =2.8722870411002077e-06
Completed 86 % :  mod = 8.561764945148334e-13,  Error =2.908114929311978e-06
Completed 87 % :  mod = 5.602079146177578e-13,  Error =2.943943528066484e-06
Completed 88 % :  mod = 5.320839200585108e-13,  Error =2.9797719776070153e-06
Completed 89 % :  mod = 7.602704060208475e-13,  Error =3.015600547939812e-06
Completed 90 % :  mod = 1.3533925753457793e-12,  Error =3.051428933531497e-06
Completed 91 % :  mod = 2.59087991082629e-12,  Error =3.087256118305959e-06
Completed 92 % :  mod = 5.079126516356766e-12,  Error =3.1230776542656713e-06
Completed 93 % :  mod = 9.992929809916487e-12,  Error =3.15887755419908e-06
Completed 94 % :  mod = 1.9643606033452137e-11,  Error =3.1945916916242822e-06
Completed 95 % :  mod = 3.8537689952198785e-11,  Error =3.2299826031589873e-06
Completed 96 % :  mod = 7.390810730592368e-11,  Error =3.2641929337273723e-06
Completed 97 % :  mod = 1.3149306597806697e-10,  Error =3.294746633741852e-06
Completed 98 % :  mod = 1.8193013176671838e-10,  Error =3.318662017193219e-06
Completed 99 % :  mod = 1.5089925850130866e-10,  Error =3.341006731716334e-06
Completed 100 % :  mod = 8.966607295070362e-11,  Error =3.3696990016096606e-06
Finished 66/201 frames
Finished all frames!
