/opt/local/miniconda_23_9/lib/python3.11/site-packages/conda/base/context.py:201: FutureWarning: Adding 'defaults' to channel list implicitly is deprecated and will be removed in 25.3. 

To remove this warning, please choose a default channel explicitly with conda's regular configuration system, e.g. by adding 'defaults' to the list of channels:

  conda config --add channels defaults

For more information see https://docs.conda.io/projects/conda/en/stable/user-guide/configuration/use-condarc.html

  deprecated.topic(
JOB 13970 ARRAY_ID 99  -> i=99 ; range=[1.9e-10, 5.0e-10] ; intervals=200 (frames=201)
Analytic t0 extension enabled (--extend-time-using-t0).
Density options: centers='2.0e-10,4.0e-10' width='2.0e-11,5.0e-11' strength='7.0'
Completed 0 % :  mod = 2.999368615028728e-16,  Error =-1.4210854715202004e-14
Completed 1 % :  mod = 4.409430208421941e-16,  Error =9.698959502202342e-08
Completed 2 % :  mod = 9.965409811158122e-16,  Error =1.939804548101165e-07
Completed 3 % :  mod = 2.4891255970190432e-15,  Error =2.909716769750048e-07
Completed 4 % :  mod = 6.322083087104837e-15,  Error =3.8796281387476483e-07
Completed 5 % :  mod = 1.609930941065036e-14,  Error =4.84952721535592e-07
Completed 6 % :  mod = 4.101373367944155e-14,  Error =5.819430128894965e-07
Completed 7 % :  mod = 1.0449086701336458e-13,  Error =6.78933325559683e-07
Completed 8 % :  mod = 2.6621435695747755e-13,  Error =7.759234250670488e-07
Completed 9 % :  mod = 6.782424786978451e-13,  Error =8.729140859031759e-07
Completed 10 % :  mod = 1.7279726190620697e-12,  Error =9.69903673819772e-07
Completed 11 % :  mod = 4.402277668593127e-12,  Error =1.0668865968455066e-06
Completed 12 % :  mod = 1.1213587227344532e-11,  Error =1.1638258001767099e-06
Completed 13 % :  mod = 2.8532110305635165e-11,  Error =1.2604906061142174e-06
Completed 14 % :  mod = 7.207384615374056e-11,  Error =1.3554131328419317e-06
Completed 15 % :  mod = 1.7310554335334566e-10,  Error =1.4407821353756844e-06
Completed 16 % :  mod = 2.90842883527904e-10,  Error =1.4993700432341939e-06
Completed 17 % :  mod = 1.6132842881495917e-10,  Error =1.5584214736463764e-06
Completed 18 % :  mod = 7.57691931028999e-11,  Error =1.6444083641431462e-06
Completed 19 % :  mod = 3.278873322151412e-11,  Error =1.739152132529398e-06
Completed 20 % :  mod = 2.4300803082484164e-11,  Error =1.8354704707235214e-06
Completed 21 % :  mod = 4.241736012405514e-11,  Error =1.9315887485049643e-06
Completed 22 % :  mod = 9.418319250998354e-11,  Error =2.024990372717639e-06
Completed 23 % :  mod = 2.025774741013408e-10,  Error =2.1046145874947797e-06
Completed 24 % :  mod = 2.8979041600980004e-10,  Error =2.1577728119837047e-06
Completed 25 % :  mod = 1.3105938465038602e-10,  Error =2.224188506261271e-06
Completed 26 % :  mod = 6.380689197660909e-11,  Error =2.3129191575321784e-06
Completed 27 % :  mod = 4.936191795191486e-11,  Error =2.407539611226639e-06
Completed 28 % :  mod = 6.529024170485525e-11,  Error =2.5021128138291715e-06
Completed 28 % :  mod = 1.3350949647888397e-10,  Error =2.5905436871198617e-06
Completed 30 % :  mod = 2.922290819569446e-10,  Error =2.656279001200801e-06
Completed 31 % :  mod = 1.9843934707656948e-10,  Error =2.7096915289348544e-06
Completed 32 % :  mod = 9.28173987054065e-11,  Error =2.789814942616431e-06
Completed 33 % :  mod = 4.3053443160910746e-11,  Error =2.88328644160174e-06
Completed 34 % :  mod = 2.6128205140832833e-11,  Error =2.979358285415401e-06
Completed 35 % :  mod = 3.725911273085645e-11,  Error =3.075506846528242e-06
Completed 36 % :  mod = 8.932843542519689e-11,  Error =3.1694380808744427e-06
Completed 37 % :  mod = 1.854034217476908e-10,  Error =3.251916623980833e-06
Completed 38 % :  mod = 2.898911502219992e-10,  Error =3.3064401137039567e-06
Completed 39 % :  mod = 1.4923897806101833e-10,  Error =3.369948096576536e-06
Completed 40 % :  mod = 6.177788487888913e-11,  Error =3.4578944365648567e-06
Completed 41 % :  mod = 2.93271797690552e-11,  Error =3.553197011285647e-06
Completed 42 % :  mod = 2.016680438351271e-11,  Error =3.6497273185887025e-06
Completed 43 % :  mod = 2.9041320878018535e-11,  Error =3.7462316839764753e-06
Completed 44 % :  mod = 6.960729354357738e-11,  Error =3.841283373162696e-06
Completed 45 % :  mod = 1.5856271592892136e-10,  Error =3.928277067188901e-06
Completed 46 % :  mod = 2.8286072820663845e-10,  Error =3.989221092126627e-06
Completed 47 % :  mod = 1.8241251324950377e-10,  Error =4.046349829422979e-06
Completed 48 % :  mod = 7.877045540223807e-11,  Error =4.130703835869554e-06
Completed 49 % :  mod = 3.15261689344738e-11,  Error =4.225224223830537e-06
Completed 50 % :  mod = 1.9934126950276532e-11,  Error =4.3216614216134985e-06
Completed 51 % :  mod = 2.6422371949219896e-11,  Error =4.418256736471449e-06
Completed 52 % :  mod = 5.183540859938555e-11,  Error =4.514004032785124e-06
Completed 53 % :  mod = 1.2970987224858854e-10,  Error =4.604311342859546e-06
Completed 54 % :  mod = 2.683363310100143e-10,  Error =4.67364692724459e-06
Completed 55 % :  mod = 2.1715968125070466e-10,  Error =4.725161439012027e-06
Completed 56 % :  mod = 1.0389202591113558e-10,  Error =4.803346193682501e-06
Completed 56 % :  mod = 4.12956910418625e-11,  Error =4.896247851604585e-06
Completed 57 % :  mod = 2.4717816292166835e-11,  Error =4.992323361818762e-06
Completed 59 % :  mod = 3.2364356040951114e-11,  Error =5.088695637311957e-06
Completed 60 % :  mod = 6.439073655504381e-11,  Error =5.183831348176682e-06
Completed 61 % :  mod = 1.51258758613551e-10,  Error =5.2713354889988295e-06
Completed 62 % :  mod = 2.9335330692027184e-10,  Error =5.334189843608783e-06
Completed 63 % :  mod = 1.8069841827771236e-10,  Error =5.389107435860296e-06
Completed 64 % :  mod = 8.822696351432214e-11,  Error =5.471900685449782e-06
Completed 65 % :  mod = 3.9736050017542424e-11,  Error =5.565817239983062e-06
Completed 66 % :  mod = 3.009956275983831e-11,  Error =5.661825724700975e-06
Completed 67 % :  mod = 5.324424962055718e-11,  Error =5.757431182473738e-06
Completed 68 % :  mod = 1.2109286429784193e-10,  Error =5.848703111155373e-06
Completed 69 % :  mod = 2.367179126104629e-10,  Error =5.921189256241632e-06
Completed 70 % :  mod = 2.5283505889821543e-10,  Error =5.972754557603821e-06
Completed 71 % :  mod = 1.1368517658941148e-10,  Error =6.0471715315202346e-06
Completed 72 % :  mod = 5.5600994456322805e-11,  Error =6.138034130742653e-06
Completed 73 % :  mod = 6.295455421519771e-11,  Error =6.232238135339685e-06
Completed 74 % :  mod = 1.1518093261828329e-10,  Error =6.32366013775254e-06
Completed 75 % :  mod = 2.0596190428322503e-10,  Error =6.3998174510970784e-06
Completed 76 % :  mod = 2.808145137948259e-10,  Error =6.451729497314318e-06
Completed 77 % :  mod = 1.3240204035074378e-10,  Error =6.520956098654551e-06
Completed 78 % :  mod = 6.868312537596866e-11,  Error =6.608998113222242e-06
Completed 79 % :  mod = 8.839605180955562e-11,  Error =6.7011884823386936e-06
Completed 80 % :  mod = 1.5624154155405907e-10,  Error =6.788100556320842e-06
Completed 81 % :  mod = 2.397401829115303e-10,  Error =6.853604666900992e-06
Completed 82 % :  mod = 2.250574730528413e-10,  Error =6.90840465722431e-06
Completed 83 % :  mod = 1.1201955680103521e-10,  Error =6.986939112607615e-06
Completed 84 % :  mod = 7.513217913772451e-11,  Error =7.076434719976987e-06
Completed 85 % :  mod = 1.3543834095398042e-10,  Error =7.164250831692698e-06
Completed 86 % :  mod = 2.590547386838033e-10,  Error =7.2364128556046126e-06
Completed 87 % :  mod = 2.1845333351016404e-10,  Error =7.288142633399275e-06
Completed 88 % :  mod = 1.3062538365870307e-10,  Error =7.360813306434011e-06
Completed 89 % :  mod = 7.400258049436736e-11,  Error =7.450465020042429e-06
Completed 90 % :  mod = 7.212217969940975e-11,  Error =7.543209775917603e-06
Completed 91 % :  mod = 1.4732081767340232e-10,  Error =7.63023920313799e-06
Completed 92 % :  mod = 2.858560798865172e-10,  Error =7.69676000089703e-06
Completed 93 % :  mod = 1.9109194103159614e-10,  Error =7.74913490175777e-06
Completed 94 % :  mod = 1.1030173730651817e-10,  Error =7.827596895992883e-06
Completed 95 % :  mod = 6.918504049479243e-11,  Error =7.919032917413915e-06
Completed 96 % :  mod = 7.24761516823233e-11,  Error =8.012075120689133e-06
Completed 97 % :  mod = 1.5957005083676982e-10,  Error =8.097923917205208e-06
Completed 98 % :  mod = 2.920065443329141e-10,  Error =8.16191564467772e-06
Completed 99 % :  mod = 1.7394116783061872e-10,  Error =8.21570133524574e-06
Completed 100 % :  mod = 1.1121438997562897e-10,  Error =8.296082526726423e-06
Finished 100/201 frames
Finished all frames!
