/opt/local/miniconda_23_9/lib/python3.11/site-packages/conda/base/context.py:201: FutureWarning: Adding 'defaults' to channel list implicitly is deprecated and will be removed in 25.3. 

To remove this warning, please choose a default channel explicitly with conda's regular configuration system, e.g. by adding 'defaults' to the list of channels:

  conda config --add channels defaults

For more information see https://docs.conda.io/projects/conda/en/stable/user-guide/configuration/use-condarc.html

  deprecated.topic(
JOB 13468 ARRAY_ID 114  -> i=114 ; range=[1.9e-10, 6.0e-10] ; intervals=200 (frames=201)
Density options: centers='2.0e-10,4.0e-10' width='5e-11,5e-11' strength=''
Completed 0 % :  mod = 3.0803171084451355e-16,  Error =-1.4210854715202004e-14
Completed 1 % :  mod = 4.618579576520142e-16,  Error =1.0789201354555189e-07
Completed 2 % :  mod = 1.076973572634121e-15,  Error =2.1578482289896783e-07
Completed 3 % :  mod = 2.7677369000536402e-15,  Error =3.2367636038088676e-07
Completed 4 % :  mod = 7.222829818899449e-15,  Error =4.3156924789400364e-07
Completed 5 % :  mod = 1.8891860670392805e-14,  Error =5.394610624875895e-07
Completed 6 % :  mod = 4.9429494712854826e-14,  Error =6.473526141803632e-07
Completed 7 % :  mod = 1.2933576931489662e-13,  Error =7.552465248750195e-07
Completed 8 % :  mod = 3.384185397474732e-13,  Error =8.631392987012987e-07
Completed 9 % :  mod = 8.85502293252159e-13,  Error =9.71032591223775e-07
Completed 10 % :  mod = 2.3169813470476394e-12,  Error =1.078923020259026e-06
Completed 11 % :  mod = 6.062286827887197e-12,  Error =1.1868006311033241e-06
Completed 12 % :  mod = 1.585699249404138e-11,  Error =1.2945889267257371e-06
Completed 13 % :  mod = 4.1391672052380057e-11,  Error =1.4017722307357872e-06
Completed 14 % :  mod = 1.0648391343018531e-10,  Error =1.5050391226623105e-06
Completed 15 % :  mod = 2.443337399309018e-10,  Error =1.5892719389398735e-06
Completed 16 % :  mod = 2.6873971885349483e-10,  Error =1.6459488918485476e-06
Completed 17 % :  mod = 1.136850576519172e-10,  Error =1.7271873602453525e-06
Completed 18 % :  mod = 4.83387153327783e-11,  Error =1.8292548347176307e-06
Completed 19 % :  mod = 3.153277916885189e-11,  Error =1.935844494482808e-06
Completed 20 % :  mod = 3.9530997679643275e-11,  Error =2.042766396925799e-06
Completed 21 % :  mod = 8.138167061911178e-11,  Error =2.1473639790769994e-06
Completed 22 % :  mod = 2.140003859481673e-10,  Error =2.2383393840641475e-06
Completed 23 % :  mod = 2.937031452839448e-10,  Error =2.2997123849677337e-06
Completed 24 % :  mod = 1.3428073170615237e-10,  Error =2.3712564072297937e-06
Completed 25 % :  mod = 7.412575398432038e-11,  Error =2.469890937106811e-06
Completed 26 % :  mod = 5.016293861698827e-11,  Error =2.5749872349933867e-06
Completed 27 % :  mod = 6.867894809898498e-11,  Error =2.679693764662261e-06
Completed 28 % :  mod = 1.787254168405995e-10,  Error =2.7749426720902193e-06
Completed 28 % :  mod = 3.033838415806832e-10,  Error =2.8431580290089187e-06
Completed 30 % :  mod = 1.640364495165339e-10,  Error =2.905455289692327e-06
Completed 31 % :  mod = 1.0421752335177078e-10,  Error =2.998316944058388e-06
Completed 32 % :  mod = 7.508759108157258e-11,  Error =3.100637790964811e-06
Completed 33 % :  mod = 1.0207099663585391e-10,  Error =3.2011854216307256e-06
Completed 34 % :  mod = 2.5809201774007193e-10,  Error =3.283066149606384e-06
Completed 35 % :  mod = 2.719380059312632e-10,  Error =3.3434622395134284e-06
Completed 36 % :  mod = 1.1118505595042391e-10,  Error =3.4225482892225045e-06
Completed 37 % :  mod = 8.133159057531034e-11,  Error =3.5219046949919175e-06
Completed 38 % :  mod = 1.1052666162009469e-10,  Error =3.6232771165600752e-06
Completed 39 % :  mod = 1.7676677019269367e-10,  Error =3.7142346585028463e-06
Completed 40 % :  mod = 2.926411143994415e-10,  Error =3.7745280607737186e-06
Completed 41 % :  mod = 1.7581066329299814e-10,  Error =3.84504772910077e-06
Completed 42 % :  mod = 7.079588860663349e-11,  Error =3.940995910056699e-06
Completed 43 % :  mod = 5.4170785574527406e-11,  Error =4.0452421359304935e-06
Completed 44 % :  mod = 1.0109376994684305e-10,  Error =4.148505588830176e-06
Completed 45 % :  mod = 1.85611690584606e-10,  Error =4.239963018903836e-06
Completed 46 % :  mod = 2.958579802666924e-10,  Error =4.299676810148867e-06
Completed 47 % :  mod = 1.6352878063846804e-10,  Error =4.37088862526025e-06
Completed 48 % :  mod = 6.171658199381302e-11,  Error =4.468457980522089e-06
Completed 49 % :  mod = 3.773427726126514e-11,  Error =4.5739649010556604e-06
Completed 50 % :  mod = 5.7403006046269194e-11,  Error =4.680113157462529e-06
Completed 51 % :  mod = 1.0683187273535992e-10,  Error =4.78246789015202e-06
Completed 52 % :  mod = 2.507724655862153e-10,  Error =4.864842672702707e-06
Completed 53 % :  mod = 2.729919343104043e-10,  Error =4.92323306389153e-06
Completed 54 % :  mod = 1.0312656341216357e-10,  Error =5.004722197554656e-06
Completed 55 % :  mod = 5.749199703354844e-11,  Error =5.106298971213619e-06
Completed 56 % :  mod = 6.38411697709815e-11,  Error =5.211576912245164e-06
Completed 56 % :  mod = 9.693822244911999e-11,  Error =5.3144592726539486e-06
Completed 57 % :  mod = 2.1621936136083933e-10,  Error =5.401021567763564e-06
Completed 59 % :  mod = 3.0451949774514457e-10,  Error =5.460476337759701e-06
Completed 60 % :  mod = 1.216874631011974e-10,  Error =5.535630940300962e-06
Completed 61 % :  mod = 7.81234106584846e-11,  Error =5.633633548995931e-06
Completed 62 % :  mod = 1.0449649964966949e-10,  Error =5.735647548021916e-06
Completed 63 % :  mod = 1.6194600323371755e-10,  Error =5.8302040599755856e-06
Completed 64 % :  mod = 2.7668781097463224e-10,  Error =5.896101441749124e-06
Completed 65 % :  mod = 2.0120045880379537e-10,  Error =5.962208426524285e-06
Completed 66 % :  mod = 8.01592243296268e-11,  Error =6.055635530799464e-06
Completed 67 % :  mod = 5.6348943096545195e-11,  Error =6.159188799870208e-06
Completed 68 % :  mod = 1.0076231245606242e-10,  Error =6.262248568589257e-06
Completed 69 % :  mod = 1.9702847824332144e-10,  Error =6.353993775576328e-06
Completed 70 % :  mod = 2.7714884136288896e-10,  Error =6.4149315832651155e-06
Completed 71 % :  mod = 1.6183297353995236e-10,  Error =6.4861355539846954e-06
Completed 72 % :  mod = 6.592656385821975e-11,  Error =6.584112959728827e-06
Completed 73 % :  mod = 3.7098493145309405e-11,  Error =6.689717444885446e-06
Completed 74 % :  mod = 4.950792419771662e-11,  Error =6.79608120890407e-06
Completed 75 % :  mod = 1.0662670403468454e-10,  Error =6.899221126843713e-06
Completed 76 % :  mod = 2.1716156744554402e-10,  Error =6.985537815751286e-06
Completed 77 % :  mod = 2.901385585096305e-10,  Error =7.042632539366878e-06
Completed 78 % :  mod = 1.292839118786487e-10,  Error =7.120147500927487e-06
Completed 79 % :  mod = 6.281279642630655e-11,  Error =7.219668425761938e-06
Completed 80 % :  mod = 6.89374007607709e-11,  Error =7.324033532540852e-06
Completed 81 % :  mod = 1.2400737147612535e-10,  Error =7.425080291056929e-06
Completed 82 % :  mod = 2.2537390178620422e-10,  Error =7.507125012296001e-06
Completed 83 % :  mod = 2.780227545396774e-10,  Error =7.564487880529214e-06
Completed 84 % :  mod = 1.275480276192601e-10,  Error =7.644914511217848e-06
Completed 85 % :  mod = 7.260965602023778e-11,  Error =7.743419722316958e-06
Completed 86 % :  mod = 1.204698968351479e-10,  Error =7.843492447534572e-06
Completed 87 % :  mod = 2.300895046971289e-10,  Error =7.930675678835541e-06
Completed 88 % :  mod = 2.5156050637588186e-10,  Error =7.98966691206715e-06
Completed 89 % :  mod = 1.527437037935184e-10,  Error =8.06476789705357e-06
Completed 90 % :  mod = 7.25334594146485e-11,  Error =8.163343920841726e-06
Completed 91 % :  mod = 5.964777931252133e-11,  Error =8.267436449216348e-06
Completed 92 % :  mod = 1.201771539094326e-10,  Error =8.36840013107576e-06
Completed 93 % :  mod = 2.606238843646098e-10,  Error =8.451183518332073e-06
Completed 94 % :  mod = 2.4325491576526587e-10,  Error =8.507775923760619e-06
Completed 95 % :  mod = 1.196325998407114e-10,  Error =8.589414321136246e-06
Completed 96 % :  mod = 5.199179585150073e-11,  Error =8.691384294934323e-06
Completed 97 % :  mod = 3.5624759680387166e-11,  Error =8.79772949957669e-06
Completed 98 % :  mod = 5.185634772361554e-11,  Error =8.904081703065003e-06
Completed 99 % :  mod = 1.2045394721136266e-10,  Error =9.006042539283499e-06
Completed 100 % :  mod = 2.42907042602831e-10,  Error =9.087848631850193e-06
Finished 115/201 frames
Finished all frames!
