/opt/local/miniconda_23_9/lib/python3.11/site-packages/conda/base/context.py:201: FutureWarning: Adding 'defaults' to channel list implicitly is deprecated and will be removed in 25.3. 

To remove this warning, please choose a default channel explicitly with conda's regular configuration system, e.g. by adding 'defaults' to the list of channels:

  conda config --add channels defaults

For more information see https://docs.conda.io/projects/conda/en/stable/user-guide/configuration/use-condarc.html

  deprecated.topic(
JOB 13431 ARRAY_ID 77  -> i=77 ; range=[1.9e-10, 6.0e-10] ; intervals=200 (frames=201)
Density options: centers='2.0e-10,4.0e-10' width='5e-11,5e-11' strength=''
Completed 0 % :  mod = 2.607653228264174e-16,  Error =-1.4210854715202004e-14
Completed 1 % :  mod = 3.472791811856837e-16,  Error =5.5413032384876715e-08
Completed 2 % :  mod = 6.642259954841343e-16,  Error =1.1082546791385539e-07
Completed 3 % :  mod = 1.421912054784274e-15,  Error =1.6623796028625293e-07
Completed 4 % :  mod = 3.123090894715565e-15,  Error =2.216505308183514e-07
Completed 5 % :  mod = 6.896559462211447e-15,  Error =2.77063818998613e-07
Completed 6 % :  mod = 1.5246157844594158e-14,  Error =3.3247652453383125e-07
Completed 7 % :  mod = 3.371216243461628e-14,  Error =3.8788940770473346e-07
Completed 8 % :  mod = 7.454746948915643e-14,  Error =4.43301900077131e-07
Completed 9 % :  mod = 1.6484784899159698e-13,  Error =4.987134545331173e-07
Completed 10 % :  mod = 3.6453091713206157e-13,  Error =5.54126586393977e-07
Completed 11 % :  mod = 8.060926436032441e-13,  Error =6.09539185347785e-07
Completed 12 % :  mod = 1.7825114333948984e-12,  Error =6.649511234968486e-07
Completed 13 % :  mod = 3.941520253334234e-12,  Error =7.203583791692836e-07
Completed 14 % :  mod = 8.713994315885833e-12,  Error =7.75746052283921e-07
Completed 15 % :  mod = 1.9248175564544924e-11,  Error =8.310338373007653e-07
Completed 16 % :  mod = 4.23345177796219e-11,  Error =8.858449547233249e-07
Completed 17 % :  mod = 9.116043194054874e-11,  Error =9.384729722228258e-07
Completed 18 % :  mod = 1.768505725736388e-10,  Error =9.831870002585674e-07
Completed 19 % :  mod = 2.2288624223516603e-10,  Error =1.0154310672305655e-06
Completed 20 % :  mod = 1.3455409607120516e-10,  Error =1.0522968665327426e-06
Completed 21 % :  mod = 6.706037408214363e-11,  Error =1.1014266263487116e-06
Completed 22 % :  mod = 3.1024933127931997e-11,  Error =1.155349941939221e-06
Completed 23 % :  mod = 1.4905144632836226e-11,  Error =1.2104268165558096e-06
Completed 24 % :  mod = 9.376850299233674e-12,  Error =1.2657478336564054e-06
Completed 25 % :  mod = 9.594297257205874e-12,  Error =1.3211063247808852e-06
Completed 26 % :  mod = 1.5838872548762206e-11,  Error =1.3764170461172398e-06
Completed 27 % :  mod = 3.360256670796999e-11,  Error =1.4314441116880516e-06
Completed 28 % :  mod = 7.159981735431065e-11,  Error =1.4851409346761102e-06
Completed 28 % :  mod = 1.434918653460256e-10,  Error =1.5334145402334798e-06
Completed 30 % :  mod = 2.2701111119865544e-10,  Error =1.569063641682078e-06
Completed 31 % :  mod = 1.6592988482706638e-10,  Error =1.602024546798475e-06
Completed 32 % :  mod = 8.608557415642301e-11,  Error =1.6478519455631613e-06
Completed 33 % :  mod = 3.9702340142692335e-11,  Error =1.700821918859674e-06
Completed 34 % :  mod = 1.8379784993461826e-11,  Error =1.7556954077235787e-06
Completed 35 % :  mod = 9.735763845849847e-12,  Error =1.8109835266955088e-06
Completed 36 % :  mod = 7.011364266911741e-12,  Error =1.8663544594232917e-06
Completed 37 % :  mod = 8.921450823644264e-12,  Error =1.921728376430565e-06
Completed 38 % :  mod = 1.721395317265507e-11,  Error =1.9770338894886663e-06
Completed 39 % :  mod = 3.6243463257209444e-11,  Error =2.0319982567684747e-06
Completed 40 % :  mod = 7.711344224155211e-11,  Error =2.0853656224062433e-06
Completed 41 % :  mod = 1.5862907672674937e-10,  Error =2.132451236036559e-06
Completed 42 % :  mod = 2.246180872334605e-10,  Error =2.166768069855607e-06
Completed 43 % :  mod = 1.5422926521475855e-10,  Error =2.200901484172846e-06
Completed 44 % :  mod = 8.059032931436452e-11,  Error =2.2480654067180694e-06
Completed 45 % :  mod = 3.654205768012858e-11,  Error =2.301368674295645e-06
Completed 46 % :  mod = 1.9623353873910368e-11,  Error =2.3562717004210754e-06
Completed 47 % :  mod = 1.52441719688674e-11,  Error =2.4115022227988447e-06
Completed 48 % :  mod = 1.961540548972906e-11,  Error =2.466731373829134e-06
Completed 49 % :  mod = 3.7233150841157334e-11,  Error =2.521623720497246e-06
Completed 50 % :  mod = 8.141052273162332e-11,  Error =2.5748879011189274e-06
Completed 51 % :  mod = 1.5433888268302689e-10,  Error =2.6218992772442107e-06
Completed 52 % :  mod = 2.268012805756175e-10,  Error =2.6558684496080787e-06
Completed 53 % :  mod = 1.5633530107153168e-10,  Error =2.690322489229402e-06
Completed 54 % :  mod = 7.632819470866803e-11,  Error =2.737523281837184e-06
Completed 55 % :  mod = 3.622058566331761e-11,  Error =2.7909340758469625e-06
Completed 56 % :  mod = 1.6787522731217637e-11,  Error =2.8459076517606263e-06
Completed 56 % :  mod = 8.747446779565545e-12,  Error =2.9012169164843726e-06
Completed 57 % :  mod = 6.624453618865648e-12,  Error =2.9565942227804953e-06
Completed 59 % :  mod = 8.771648476447432e-12,  Error =3.011970413524523e-06
Completed 60 % :  mod = 1.6554457079977086e-11,  Error =3.0672814688159633e-06
Completed 61 % :  mod = 3.60293441948499e-11,  Error =3.122257801635442e-06
Completed 62 % :  mod = 7.661393728147617e-11,  Error =3.1756912548530636e-06
Completed 63 % :  mod = 1.5378331789251127e-10,  Error =3.2229885249535073e-06
Completed 64 % :  mod = 2.2823716142482863e-10,  Error =3.2574639661220317e-06
Completed 65 % :  mod = 1.5544192705018734e-10,  Error =3.2913926375499614e-06
Completed 66 % :  mod = 8.077650434691717e-11,  Error =3.338313476319854e-06
Completed 67 % :  mod = 3.7175718296112194e-11,  Error =3.3915923225436018e-06
Completed 68 % :  mod = 1.8173240055846385e-11,  Error =3.4465133467165288e-06
Completed 69 % :  mod = 1.1887134555183216e-11,  Error =3.5017870771980597e-06
Completed 70 % :  mod = 1.2557719453544824e-11,  Error =3.5571114693766503e-06
Completed 71 % :  mod = 2.1253124734306348e-11,  Error =3.612342275971514e-06
Completed 72 % :  mod = 4.585436535628324e-11,  Error =3.667050535227645e-06
Completed 73 % :  mod = 9.51651639852638e-11,  Error =3.7194079425262316e-06
Completed 74 % :  mod = 1.7980824190799387e-10,  Error =3.7633688094729223e-06
Completed 75 % :  mod = 2.2401749391354482e-10,  Error =3.7953097660192725e-06
Completed 76 % :  mod = 1.2843266330269096e-10,  Error =3.832884686971738e-06
Completed 77 % :  mod = 6.541764539185523e-11,  Error =3.882339150607095e-06
Completed 78 % :  mod = 3.318484251371072e-11,  Error =3.936276236515823e-06
Completed 79 % :  mod = 1.9588215197352826e-11,  Error =3.991258459734581e-06
Completed 80 % :  mod = 2.1206371906931554e-11,  Error =4.04640930895539e-06
Completed 81 % :  mod = 3.7537805724092815e-11,  Error =4.101306686266071e-06
Completed 82 % :  mod = 7.161727694914355e-11,  Error =4.154836361180969e-06
Completed 83 % :  mod = 1.493337951676116e-10,  Error =4.202691222587873e-06
Completed 84 % :  mod = 2.2770026494717758e-10,  Error =4.238223858976653e-06
Completed 85 % :  mod = 1.595402762290646e-10,  Error =4.271242566744604e-06
Completed 86 % :  mod = 8.953414843901256e-11,  Error =4.317244318485791e-06
Completed 87 % :  mod = 4.2393572833134415e-11,  Error =4.370070449510877e-06
Completed 88 % :  mod = 2.5613305757856587e-11,  Error =4.424735287500425e-06
Completed 89 % :  mod = 2.8085053555852716e-11,  Error =4.47971367378841e-06
Completed 90 % :  mod = 4.558574389390268e-11,  Error =4.534322343374697e-06
Completed 91 % :  mod = 8.679471408357857e-11,  Error =4.586873764367283e-06
Completed 92 % :  mod = 1.8074195231673266e-10,  Error =4.631762955398244e-06
Completed 93 % :  mod = 2.191362563603252e-10,  Error =4.664654468911067e-06
Completed 94 % :  mod = 1.358807872124958e-10,  Error =4.700899559395566e-06
Completed 95 % :  mod = 7.529894914955846e-11,  Error =4.749596421049773e-06
Completed 96 % :  mod = 3.700398547084986e-11,  Error =4.8031324126895925e-06
Completed 97 % :  mod = 2.841239680256224e-11,  Error =4.857846050754233e-06
Completed 98 % :  mod = 4.1445605013871055e-11,  Error =4.912535565892995e-06
Completed 99 % :  mod = 7.277475100651855e-11,  Error =4.965983897875503e-06
Completed 100 % :  mod = 1.405957888100048e-10,  Error =5.014089005328515e-06
Finished 78/201 frames
Finished all frames!
