/opt/local/miniconda_23_9/lib/python3.11/site-packages/conda/base/context.py:201: FutureWarning: Adding 'defaults' to channel list implicitly is deprecated and will be removed in 25.3. 

To remove this warning, please choose a default channel explicitly with conda's regular configuration system, e.g. by adding 'defaults' to the list of channels:

  conda config --add channels defaults

For more information see https://docs.conda.io/projects/conda/en/stable/user-guide/configuration/use-condarc.html

  deprecated.topic(
JOB 13567 ARRAY_ID 10  -> i=10 ; range=[2.0e-10, 2.09e-10] ; intervals=40 (frames=41)
Completed 0 % :  mod = 1.6175609760517488e-16,  Error =-1.4210854715202004e-14
Completed 1 % :  mod = 1.6264460952424565e-16,  Error =8.204580126403016e-09
Completed 2 % :  mod = 1.6531990849422793e-16,  Error =1.6409039460540953e-08
Completed 3 % :  mod = 1.698113861551409e-16,  Error =2.4613626692371326e-08
Completed 4 % :  mod = 1.761683804701021e-16,  Error =3.281822102962906e-08
Completed 5 % :  mod = 1.8446073598509608e-16,  Error =4.1021877450475586e-08
Completed 6 % :  mod = 1.947795445175142e-16,  Error =4.922664942341726e-08
Completed 7 % :  mod = 2.0723816543174133e-16,  Error =5.74307392753326e-08
Completed 8 % :  mod = 2.2197346997729116e-16,  Error =6.563537624515448e-08
Completed 9 % :  mod = 2.391473426733167e-16,  Error =7.383999189869428e-08
Completed 10 % :  mod = 2.5894844971736246e-16,  Error =8.204433044056714e-08
Completed 11 % :  mod = 2.815943157773884e-16,  Error =9.024866187701264e-08
Completed 12 % :  mod = 3.0733373382738856e-16,  Error =9.84529151537572e-08
Completed 13 % :  mod = 3.364494712687647e-16,  Error =1.0665792160580168e-07
Completed 14 % :  mod = 3.692613830245619e-16,  Error =1.1486290674156407e-07
Completed 15 % :  mod = 4.061299361043597e-16,  Error =1.230677852959161e-07
Completed 16 % :  mod = 4.474601722646954e-16,  Error =1.312727562208238e-07
Completed 17 % :  mod = 4.937061310471969e-16,  Error =1.394761000028666e-07
Completed 18 % :  mod = 5.453758584605894e-16,  Error =1.476807298672611e-07
Completed 19 % :  mod = 6.030369986699373e-16,  Error =1.5588466339977458e-07
Completed 20 % :  mod = 6.673230082943938e-16,  Error =1.6408960590297283e-07
Completed 21 % :  mod = 7.389401183728262e-16,  Error =1.7229476867441917e-07
Completed 22 % :  mod = 8.186750992633225e-16,  Error =1.8049950512022406e-07
Completed 23 % :  mod = 9.074039116599288e-16,  Error =1.8870478157850812e-07
Completed 24 % :  mod = 1.0061013131063923e-15,  Error =1.9690900643354325e-07
Completed 25 % :  mod = 1.1158515829614894e-15,  Error =2.0511340892426233e-07
Completed 26 % :  mod = 1.2378604143094034e-15,  Error =2.1331729982421166e-07
Completed 27 % :  mod = 1.3734681753710038e-15,  Error =2.215213044109987e-07
Completed 28 % :  mod = 1.5241646376614477e-15,  Error =2.2972606217308567e-07
Completed 28 % :  mod = 1.691605328006722e-15,  Error =2.379305215072236e-07
Completed 30 % :  mod = 1.8776297075953624e-15,  Error =2.461343484583267e-07
Completed 31 % :  mod = 2.084281424099885e-15,  Error =2.543390991149863e-07
Completed 32 % :  mod = 2.3138307274442057e-15,  Error =2.625436152925431e-07
Completed 33 % :  mod = 2.5687993895501714e-15,  Error =2.707482877895018e-07
Completed 34 % :  mod = 2.8519884593490386e-15,  Error =2.789532018709906e-07
Completed 35 % :  mod = 3.16650902666243e-15,  Error =2.8715732014461537e-07
Completed 36 % :  mod = 3.515816341851639e-15,  Error =2.9536168710819766e-07
Completed 37 % :  mod = 3.903747838105063e-15,  Error =3.0356588354152336e-07
Completed 38 % :  mod = 4.334565289215111e-15,  Error =3.1177088999356783e-07
Completed 39 % :  mod = 4.8130015695295435e-15,  Error =3.199752285354407e-07
Completed 40 % :  mod = 5.3443126983461584e-15,  Error =3.281806115751351e-07
Completed 41 % :  mod = 5.9343355891136644e-15,  Error =3.3638644225675307e-07
Completed 42 % :  mod = 6.589552129511074e-15,  Error =3.4459124975683153e-07
Completed 43 % :  mod = 7.317160418242056e-15,  Error =3.527957019855421e-07
Completed 44 % :  mod = 8.125153842260725e-15,  Error =3.609999339460046e-07
Completed 45 % :  mod = 9.022408884113314e-15,  Error =3.692051890880066e-07
Completed 46 % :  mod = 1.0018782646842588e-14,  Error =3.774107568688123e-07
Completed 47 % :  mod = 1.1125221115024523e-14,  Error =3.856152943626512e-07
Completed 48 % :  mod = 1.2353879423624044e-14,  Error =3.938199952813193e-07
Completed 49 % :  mod = 1.3718255432619609e-14,  Error =4.020245611968676e-07
Completed 50 % :  mod = 1.5233337913825005e-14,  Error =4.1022956764891205e-07
Completed 51 % :  mod = 1.6915771275378042e-14,  Error =4.1843347986514345e-07
Completed 52 % :  mod = 1.878403845990428e-14,  Error =4.266381026241106e-07
Completed 53 % :  mod = 2.0858663872859313e-14,  Error =4.348433932932494e-07
Completed 54 % :  mod = 2.316243891683828e-14,  Error =4.4304803026307127e-07
Completed 55 % :  mod = 2.572067242340146e-14,  Error =4.512522764343885e-07
Completed 56 % :  mod = 2.856146856575266e-14,  Error =4.5945624549403874e-07
Completed 56 % :  mod = 3.171603565208611e-14,  Error =4.6766015771027014e-07
Completed 57 % :  mod = 3.521902898543633e-14,  Error =4.758647804692373e-07
Completed 59 % :  mod = 3.9108931469175206e-14,  Error =4.840686926854687e-07
Completed 60 % :  mod = 4.342847641045591e-14,  Error =4.922735428181113e-07
Completed 61 % :  mod = 4.8225116887256203e-14,  Error =5.004785919027199e-07
Completed 62 % :  mod = 5.355154695938019e-14,  Error =5.086828593903192e-07
Completed 63 % :  mod = 5.946628054051453e-14,  Error =5.168881571648853e-07
Completed 64 % :  mod = 6.603429398097618e-14,  Error =5.25092353598211e-07
Completed 65 % :  mod = 7.332773970770462e-14,  Error =5.3329788585188e-07
Completed 66 % :  mod = 8.142673869911596e-14,  Error =5.415023309751632e-07
Completed 67 % :  mod = 9.042026019540664e-14,  Error =5.497069963666945e-07
Completed 68 % :  mod = 1.0040709862098401e-13,  Error =5.579110862186099e-07
Completed 69 % :  mod = 1.1149695831567248e-13,  Error =5.661165687342873e-07
Completed 70 % :  mod = 1.2381165767233626e-13,  Error =5.743214259723572e-07
Completed 71 % :  mod = 1.374864661389921e-13,  Error =5.825258497793584e-07
Completed 72 % :  mod = 1.5267158854127226e-13,  Error =5.907301527940945e-07
Completed 73 % :  mod = 1.6953381269163263e-13,  Error =5.989352516166946e-07
Completed 74 % :  mod = 1.8825833838562094e-13,  Error =6.071405564966881e-07
Completed 75 % :  mod = 2.0905080741383874e-13,  Error =6.153458969038184e-07
Completed 76 % :  mod = 2.321395563807917e-13,  Error =6.235497593820583e-07
Completed 77 % :  mod = 2.577781166627661e-13,  Error =6.317547160961112e-07
Completed 78 % :  mod = 2.8624798787250993e-13,  Error =6.399593885930699e-07
Completed 79 % :  mod = 3.1786171421868724e-13,  Error =6.481635637101135e-07
Completed 80 % :  mod = 3.529662961304755e-13,  Error =6.563678525139949e-07
Completed 81 % :  mod = 3.919469721053025e-13,  Error =6.645730152854412e-07
Completed 82 % :  mod = 4.3523140951524676e-13,  Error =6.727777588366735e-07
Completed 83 % :  mod = 4.83294346424413e-13,  Error =6.809816710529049e-07
Completed 84 % :  mod = 5.366627294644527e-13,  Error =6.891849366752467e-07
Completed 85 % :  mod = 5.95921396730757e-13,  Error =6.973887778372045e-07
Completed 86 % :  mod = 6.617193576363373e-13,  Error =7.055935213884368e-07
Completed 87 % :  mod = 7.347767240950102e-13,  Error =7.1379796651172e-07
Completed 88 % :  mod = 8.158923496041995e-13,  Error =7.220029871746192e-07
Completed 89 % :  mod = 9.059522331569753e-13,  Error =7.302073683490562e-07
Completed 90 % :  mod = 1.0059387433333974e-12,  Error =7.384109821373386e-07
Completed 91 % :  mod = 1.116940713645223e-12,  Error =7.466163225444689e-07
Completed 92 % :  mod = 1.240164450980684e-12,  Error =7.548202347607003e-07
Completed 93 % :  mod = 1.3769456841524898e-12,  Error =7.630251985801806e-07
Completed 94 % :  mod = 1.528762455481359e-12,  Error =7.712300273965411e-07
Completed 95 % :  mod = 1.6972489219171096e-12,  Error =7.794348348966196e-07
Completed 96 % :  mod = 1.884209978965144e-12,  Error =7.876375818227643e-07
Completed 97 % :  mod = 2.091636543848483e-12,  Error =7.958416219366882e-07
Completed 98 % :  mod = 2.3217212249858917e-12,  Error =8.040452996738168e-07
Completed 99 % :  mod = 2.5768739526902296e-12,  Error =8.122482384465002e-07
Completed 100 % :  mod = 2.8597369347014064e-12,  Error =8.204508361586704e-07
Finished 11/41 frames
Finished all frames!
