/opt/local/miniconda_23_9/lib/python3.11/site-packages/conda/base/context.py:201: FutureWarning: Adding 'defaults' to channel list implicitly is deprecated and will be removed in 25.3. 

To remove this warning, please choose a default channel explicitly with conda's regular configuration system, e.g. by adding 'defaults' to the list of channels:

  conda config --add channels defaults

For more information see https://docs.conda.io/projects/conda/en/stable/user-guide/configuration/use-condarc.html

  deprecated.topic(
JOB 14041 ARRAY_ID 170  -> i=170 ; range=[1.9e-10, 5.0e-10] ; intervals=200 (frames=201)
Analytic t0 extension enabled (--extend-time-using-t0).
Density options: centers='2.0e-10,4.0e-10' width='2.0e-11,5.0e-11' strength='7.0'
Completed 0 % :  mod = 3.5391179037468757e-16,  Error =-1.4210854715202004e-14
Completed 1 % :  mod = 5.909275675018061e-16,  Error =1.880139350873833e-07
Completed 2 % :  mod = 1.6194352240107529e-15,  Error =3.760275149033987e-07
Completed 3 % :  mod = 4.817024039350355e-15,  Error =5.640404339146698e-07
Completed 4 % :  mod = 1.4466563502589424e-14,  Error =7.520536442484627e-07
Completed 5 % :  mod = 4.349270426473381e-14,  Error =9.400679203963591e-07
Completed 6 % :  mod = 1.3077323143358472e-13,  Error =1.1280813509984e-06
Completed 7 % :  mod = 3.9321217302483663e-13,  Error =1.316095222136937e-06
Completed 8 % :  mod = 1.1823209426401216e-12,  Error =1.504108098515644e-06
Completed 9 % :  mod = 3.5550127055805402e-12,  Error =1.692116441631697e-06
Completed 10 % :  mod = 1.0688636041194272e-11,  Error =1.8800731709234242e-06
Completed 11 % :  mod = 3.2120250428867056e-11,  Error =2.0675736536190925e-06
Completed 12 % :  mod = 9.604552585787947e-11,  Error =2.2510756849669633e-06
Completed 13 % :  mod = 2.694519673741071e-10,  Error =2.406765027274105e-06
Completed 14 % :  mod = 3.411126019555334e-10,  Error =2.5032018555748436e-06
Completed 15 % :  mod = 1.1719765341077425e-10,  Error =2.646103233416852e-06
Completed 16 % :  mod = 5.604043550948837e-11,  Error =2.825054167487906e-06
Completed 17 % :  mod = 8.387917498106973e-11,  Error =3.008106773449981e-06
Completed 18 % :  mod = 1.9338910514906408e-10,  Error =3.178395473923956e-06
Completed 19 % :  mod = 3.5322806811046297e-10,  Error =3.2927191426779245e-06
Completed 20 % :  mod = 1.7368877503324467e-10,  Error =3.4105274551166076e-06
Completed 21 % :  mod = 8.268399010511455e-11,  Error =3.5825985165161e-06
Completed 22 % :  mod = 6.523055461455315e-11,  Error =3.7653417379601706e-06
Completed 23 % :  mod = 1.3183943323708693e-10,  Error =3.941675160490377e-06
Completed 24 % :  mod = 3.7674159220537356e-10,  Error =4.07346251307672e-06
Completed 25 % :  mod = 2.2956459839762708e-10,  Error =4.1741181320276155e-06
Completed 26 % :  mod = 8.272136069996908e-11,  Error =4.33714818370845e-06
Completed 27 % :  mod = 2.8995239984059915e-11,  Error =4.521719461081375e-06
Completed 28 % :  mod = 1.6173187926449284e-11,  Error =4.709205775554892e-06
Completed 28 % :  mod = 2.1362776783383898e-11,  Error =4.896890068550874e-06
Completed 30 % :  mod = 5.3660185684558024e-11,  Error =5.083380301584839e-06
Completed 31 % :  mod = 1.5101287382114382e-10,  Error =5.2598317807905914e-06
Completed 32 % :  mod = 3.739328294072444e-10,  Error =5.385257018986067e-06
Completed 33 % :  mod = 1.9978458540575645e-10,  Error =5.490643864902722e-06
Completed 34 % :  mod = 8.906143707213963e-11,  Error =5.658201558844667e-06
Completed 35 % :  mod = 4.435661557242321e-11,  Error =5.842046178372584e-06
Completed 36 % :  mod = 6.476292186352053e-11,  Error =6.026397386449389e-06
Completed 37 % :  mod = 2.0923154017013766e-10,  Error =6.19592871231589e-06
Completed 38 % :  mod = 3.741714107198336e-10,  Error =6.312060804702924e-06
Completed 39 % :  mod = 1.531007811606657e-10,  Error =6.426024377503836e-06
Completed 40 % :  mod = 1.170217972258412e-10,  Error =6.594182274000104e-06
Completed 41 % :  mod = 1.4789652802306856e-10,  Error =6.768167878590248e-06
Completed 42 % :  mod = 2.457903971369614e-10,  Error =6.914552571402055e-06
Completed 43 % :  mod = 3.1326951345774357e-10,  Error =7.0091000594629804e-06
Completed 44 % :  mod = 1.7230254489466494e-10,  Error =7.150893743812503e-06
Completed 45 % :  mod = 1.264880732334175e-10,  Error =7.31624579941581e-06
Completed 46 % :  mod = 2.450744040662768e-10,  Error =7.461987877377396e-06
Completed 47 % :  mod = 3.849385772861139e-10,  Error =7.568082381226304e-06
Completed 48 % :  mod = 1.584225365289811e-10,  Error =7.697867019373916e-06
Completed 49 % :  mod = 1.4717409341685071e-10,  Error =7.852174370270859e-06
Completed 50 % :  mod = 3.81951391503913e-10,  Error =7.979707902450173e-06
Completed 51 % :  mod = 2.5945428888399537e-10,  Error =8.089461644544826e-06
Completed 52 % :  mod = 1.3013866806442321e-10,  Error =8.234418608310534e-06
Completed 53 % :  mod = 1.8610592794463046e-10,  Error =8.396202915150752e-06
Completed 54 % :  mod = 3.5823874526850933e-10,  Error =8.525090414934766e-06
Completed 55 % :  mod = 2.426907704513377e-10,  Error =8.625277423846e-06
Completed 56 % :  mod = 1.1238130748863894e-10,  Error =8.776457036674401e-06
Completed 56 % :  mod = 1.5650666522423175e-10,  Error =8.947098272926723e-06
Completed 57 % :  mod = 2.724970623204705e-10,  Error =9.096615897874472e-06
Completed 59 % :  mod = 2.941705979817972e-10,  Error =9.191058175872513e-06
Completed 60 % :  mod = 1.9082676378295688e-10,  Error =9.329106028133083e-06
Completed 61 % :  mod = 8.387072604039527e-11,  Error =9.50152928425041e-06
Completed 62 % :  mod = 1.3266272341968227e-10,  Error =9.671513012676769e-06
Completed 63 % :  mod = 3.9784330576866884e-10,  Error =9.797685464718597e-06
Completed 64 % :  mod = 2.0724119114617343e-10,  Error =9.900657410355507e-06
Completed 65 % :  mod = 1.3265131539705116e-10,  Error =1.006088579202924e-05
Completed 66 % :  mod = 9.518484910256257e-11,  Error =1.02389994296459e-05
Completed 67 % :  mod = 1.5285935814197416e-10,  Error =1.0407804900580686e-05
Completed 68 % :  mod = 4.0107452035011827e-10,  Error =1.0524991822080665e-05
Completed 69 % :  mod = 1.6302497207013398e-10,  Error =1.0634911291163007e-05
Completed 70 % :  mod = 1.1963729952930298e-10,  Error =1.0800441735625554e-05
Completed 71 % :  mod = 1.4448751614201194e-10,  Error =1.0975844787708411e-05
Completed 72 % :  mod = 2.1131850235486035e-10,  Error =1.1130699405725863e-05
Completed 73 % :  mod = 3.9043120513650647e-10,  Error =1.1228622447845282e-05
Completed 74 % :  mod = 1.2985845065258194e-10,  Error =1.1360849505592796e-05
Completed 75 % :  mod = 8.970168500964117e-11,  Error =1.1529772400820093e-05
Completed 76 % :  mod = 2.2684709665177575e-10,  Error =1.1695440150560898e-05
Completed 77 % :  mod = 3.445874647712156e-10,  Error =1.1816782873097509e-05
Completed 78 % :  mod = 2.1572051803757086e-10,  Error =1.192026964957904e-05
Completed 79 % :  mod = 1.2910673818701276e-10,  Error =1.2077473400040617e-05
Completed 80 % :  mod = 1.6527047683061587e-10,  Error =1.2242746656454528e-05
Completed 81 % :  mod = 3.199538332324678e-10,  Error =1.237320193325786e-05
Completed 82 % :  mod = 2.1745813574973092e-10,  Error =1.2472107528083143e-05
Completed 83 % :  mod = 2.239968287996691e-10,  Error =1.2620097365356742e-05
Completed 84 % :  mod = 1.8227911973694087e-10,  Error =1.2776234314060275e-05
Completed 85 % :  mod = 2.915668991092638e-10,  Error =1.2893151065895836e-05
Completed 86 % :  mod = 2.7504449620263653e-10,  Error =1.3005421976686193e-05
Completed 87 % :  mod = 1.2516297692893228e-10,  Error =1.3159159507836193e-05
Completed 88 % :  mod = 1.9679048154423202e-10,  Error =1.3313253163005356e-05
Completed 89 % :  mod = 3.485919543687343e-10,  Error =1.3421488240794588e-05
Completed 90 % :  mod = 2.3634839796900144e-10,  Error =1.3538806356905297e-05
Completed 91 % :  mod = 1.383389680305989e-10,  Error =1.3697996571693238e-05
Completed 92 % :  mod = 1.4827805889353981e-10,  Error =1.3860697016809809e-05
Completed 93 % :  mod = 4.13947750155764e-10,  Error =1.3982349962304852e-05
Completed 94 % :  mod = 1.8378618699222605e-10,  Error =1.4085867356072868e-05
Completed 95 % :  mod = 1.2046285251130844e-10,  Error =1.4241537321879605e-05
Completed 96 % :  mod = 2.069060080618975e-10,  Error =1.4409129441617097e-05
Completed 97 % :  mod = 2.617248370303527e-10,  Error =1.4548467284214439e-05
Completed 98 % :  mod = 3.0635822168703847e-10,  Error =1.4642908766404616e-05
Completed 99 % :  mod = 1.386068263792055e-10,  Error =1.4786681909129129e-05
Completed 100 % :  mod = 1.244852169870896e-10,  Error =1.4952588784922227e-05
Finished 171/201 frames
Finished all frames!
