/opt/local/miniconda_23_9/lib/python3.11/site-packages/conda/base/context.py:201: FutureWarning: Adding 'defaults' to channel list implicitly is deprecated and will be removed in 25.3. 

To remove this warning, please choose a default channel explicitly with conda's regular configuration system, e.g. by adding 'defaults' to the list of channels:

  conda config --add channels defaults

For more information see https://docs.conda.io/projects/conda/en/stable/user-guide/configuration/use-condarc.html

  deprecated.topic(
JOB 13484 ARRAY_ID 130  -> i=130 ; range=[1.9e-10, 6.0e-10] ; intervals=200 (frames=201)
Density options: centers='2.0e-10,4.0e-10' width='5e-11,5e-11' strength=''
Completed 0 % :  mod = 3.231046098217301e-16,  Error =-1.4210854715202004e-14
Completed 1 % :  mod = 5.022662811673249e-16,  Error =1.3061151094007073e-07
Completed 2 % :  mod = 1.238441756275219e-15,  Error =2.6122299345843203e-07
Completed 3 % :  mod = 3.348050385477945e-15,  Error =3.9183493782957157e-07
Completed 4 % :  mod = 9.170650321029706e-15,  Error =5.224467045650272e-07
Completed 5 % :  mod = 2.5163510845787282e-14,  Error =6.530588549935601e-07
Completed 6 % :  mod = 6.906273053502138e-14,  Error =7.836705648855968e-07
Completed 7 % :  mod = 1.8955258294967018e-13,  Error =9.142828858443863e-07
Completed 8 % :  mod = 5.202563005900491e-13,  Error =1.044893622292875e-06
Completed 9 % :  mod = 1.4279217585748184e-12,  Error =1.1755046145367487e-06
Completed 10 % :  mod = 3.919091024865511e-12,  Error =1.3061097732247617e-06
Completed 11 % :  mod = 1.0755234795811441e-11,  Error =1.4366705798352086e-06
Completed 12 % :  mod = 2.949196258142484e-11,  Error =1.5668978363692077e-06
Completed 13 % :  mod = 8.036682941056365e-11,  Error =1.694688236852926e-06
Completed 14 % :  mod = 2.0744909724946757e-10,  Error =1.8074079548568989e-06
Completed 15 % :  mod = 3.273525436715198e-10,  Error =1.8804129453542373e-06
Completed 16 % :  mod = 1.3776790872685615e-10,  Error =1.9673737128300672e-06
Completed 17 % :  mod = 6.472752352848144e-11,  Error =2.0880993005789605e-06
Completed 18 % :  mod = 4.023098630289913e-11,  Error =2.2164493103105087e-06
Completed 19 % :  mod = 5.2910837313081e-11,  Error =2.345090173605513e-06
Completed 20 % :  mod = 1.318130447838846e-10,  Error =2.4675599235024492e-06
Completed 21 % :  mod = 3.07828416166075e-10,  Error =2.5615973484605092e-06
Completed 22 % :  mod = 2.2583059931314191e-10,  Error =2.629647795515666e-06
Completed 23 % :  mod = 1.0199649245060232e-10,  Error =2.737557672105595e-06
Completed 24 % :  mod = 3.9230186746109695e-11,  Error =2.86383632186471e-06
Completed 25 % :  mod = 2.838822581813394e-11,  Error =2.9933564036355165e-06
Completed 26 % :  mod = 5.3084269144098005e-11,  Error =3.1225202334894675e-06
Completed 27 % :  mod = 1.2464862858577476e-10,  Error =3.2462585437542657e-06
Completed 28 % :  mod = 2.746880272564875e-10,  Error =3.3427012482434293e-06
Completed 28 % :  mod = 2.6138641116173505e-10,  Error =3.411665701946731e-06
Completed 30 % :  mod = 1.072641003371592e-10,  Error =3.5167644583111723e-06
Completed 31 % :  mod = 5.6326557189333575e-11,  Error =3.6408294263878815e-06
Completed 32 % :  mod = 8.797171830956343e-11,  Error =3.766655375159189e-06
Completed 33 % :  mod = 1.978688298374706e-10,  Error =3.881558768625837e-06
Completed 34 % :  mod = 2.9615239168740146e-10,  Error =3.960397776836544e-06
Completed 35 % :  mod = 1.7206850204553136e-10,  Error =4.041846864311083e-06
Completed 36 % :  mod = 8.834892045766224e-11,  Error =4.158751089278212e-06
Completed 37 % :  mod = 6.60062392896947e-11,  Error =4.2843533236691655e-06
Completed 38 % :  mod = 1.1893673627656782e-10,  Error =4.406348985241948e-06
Completed 39 % :  mod = 3.0477725308605785e-10,  Error =4.503001541422691e-06
Completed 40 % :  mod = 2.450494258961132e-10,  Error =4.572029183691484e-06
Completed 41 % :  mod = 9.906795374271033e-11,  Error =4.676290814131789e-06
Completed 42 % :  mod = 4.7381067194640636e-11,  Error =4.801997008030412e-06
Completed 43 % :  mod = 3.2813503585031166e-11,  Error =4.93135582502191e-06
Completed 44 % :  mod = 4.7255505769952674e-11,  Error =5.060463912798241e-06
Completed 45 % :  mod = 1.3136282318466635e-10,  Error =5.183853474477473e-06
Completed 46 % :  mod = 2.816805679426923e-10,  Error =5.280695262399604e-06
Completed 47 % :  mod = 2.421090585636582e-10,  Error =5.347620593454394e-06
Completed 48 % :  mod = 1.194399911740307e-10,  Error =5.452990507137656e-06
Completed 49 % :  mod = 5.446739614540423e-11,  Error =5.577313743287959e-06
Completed 50 % :  mod = 6.465883457638834e-11,  Error =5.704215283230951e-06
Completed 51 % :  mod = 1.7349553231979992e-10,  Error =5.8232210093933645e-06
Completed 52 % :  mod = 2.916618224441866e-10,  Error =5.911524226576148e-06
Completed 53 % :  mod = 1.990536684694349e-10,  Error =5.9830765835044986e-06
Completed 54 % :  mod = 1.2830754821813156e-10,  Error =6.092967979043351e-06
Completed 55 % :  mod = 8.855406188168107e-11,  Error =6.214689804551199e-06
Completed 56 % :  mod = 1.4428495167054353e-10,  Error =6.330068337945249e-06
Completed 56 % :  mod = 3.5538962685733587e-10,  Error =6.413182539688478e-06
Completed 57 % :  mod = 1.8653317054668722e-10,  Error =6.4878926124833924e-06
Completed 59 % :  mod = 9.113336334730293e-11,  Error =6.59881229836401e-06
Completed 60 % :  mod = 8.215280296071178e-11,  Error =6.723573378053516e-06
Completed 61 % :  mod = 1.1064116610125332e-10,  Error =6.8468706473368e-06
Completed 62 % :  mod = 2.2651402574779776e-10,  Error =6.949626545349474e-06
Completed 63 % :  mod = 3.1900017194430743e-10,  Error =7.019499008720231e-06
Completed 64 % :  mod = 1.299169717984701e-10,  Error =7.113979684447713e-06
Completed 65 % :  mod = 8.628148088450858e-11,  Error =7.231706717902853e-06
Completed 66 % :  mod = 1.6923128710258236e-10,  Error =7.3485662284156206e-06
Completed 67 % :  mod = 2.862559080375512e-10,  Error =7.442894400355726e-06
Completed 68 % :  mod = 2.158907192271919e-10,  Error =7.5098670819784274e-06
Completed 69 % :  mod = 1.4368315888249862e-10,  Error =7.612386013988726e-06
Completed 70 % :  mod = 9.810876539592355e-11,  Error =7.73229443495893e-06
Completed 71 % :  mod = 1.2920673933006721e-10,  Error =7.84952636934122e-06
Completed 72 % :  mod = 3.1833243055363896e-10,  Error =7.936743408265556e-06
Completed 73 % :  mod = 2.3763796922827985e-10,  Error =8.011889697456809e-06
Completed 74 % :  mod = 8.857334156218634e-11,  Error =8.119834106423696e-06
Completed 75 % :  mod = 6.696362917815386e-11,  Error =8.24426673062817e-06
Completed 76 % :  mod = 1.1982783944207328e-10,  Error =8.367960525390572e-06
Completed 77 % :  mod = 2.143236403553228e-10,  Error =8.474565611038543e-06
Completed 78 % :  mod = 3.018800958308867e-10,  Error =8.541987305932253e-06
Completed 79 % :  mod = 1.5424992917297537e-10,  Error =8.635046064853213e-06
Completed 80 % :  mod = 6.500493613273228e-11,  Error =8.755078972910724e-06
Completed 81 % :  mod = 7.384130970304699e-11,  Error =8.880702104363536e-06
Completed 82 % :  mod = 1.7816210487629855e-10,  Error =8.998895040690513e-06
Completed 83 % :  mod = 2.81440846721692e-10,  Error =9.086554968007476e-06
Completed 84 % :  mod = 2.046314458864004e-10,  Error =9.159267342795374e-06
Completed 85 % :  mod = 1.3063348940813235e-10,  Error =9.268880127422108e-06
Completed 86 % :  mod = 9.5515113067988e-11,  Error =9.3894153891938e-06
Completed 87 % :  mod = 1.6882606808391303e-10,  Error =9.50079903105916e-06
Completed 88 % :  mod = 3.610476116086042e-10,  Error =9.579388304814529e-06
Completed 89 % :  mod = 1.6474296607521503e-10,  Error =9.657515803951355e-06
Completed 90 % :  mod = 9.784530252602252e-11,  Error =9.768756875416784e-06
Completed 91 % :  mod = 1.377020127947877e-10,  Error =9.888720207129609e-06
Completed 92 % :  mod = 2.0658241471259613e-10,  Error =9.996959384750426e-06
Completed 93 % :  mod = 2.807804108434104e-10,  Error =1.0067869794738726e-05
Completed 94 % :  mod = 1.7791268492484374e-10,  Error =1.0157147471545613e-05
Completed 95 % :  mod = 6.98997871176103e-11,  Error =1.027569194178568e-05
Completed 96 % :  mod = 6.539617394577829e-11,  Error =1.0401250129632444e-05
Completed 97 % :  mod = 1.6639470774080284e-10,  Error =1.0520508801903361e-05
Completed 98 % :  mod = 2.9817019710421405e-10,  Error =1.061204056185261e-05
Completed 99 % :  mod = 2.066423143657302e-10,  Error =1.0680122841222328e-05
Completed 100 % :  mod = 1.279099763517943e-10,  Error =1.0787280196211668e-05
Finished 131/201 frames
Finished all frames!
