/opt/local/miniconda_23_9/lib/python3.11/site-packages/conda/base/context.py:201: FutureWarning: Adding 'defaults' to channel list implicitly is deprecated and will be removed in 25.3. 

To remove this warning, please choose a default channel explicitly with conda's regular configuration system, e.g. by adding 'defaults' to the list of channels:

  conda config --add channels defaults

For more information see https://docs.conda.io/projects/conda/en/stable/user-guide/configuration/use-condarc.html

  deprecated.topic(
JOB 14019 ARRAY_ID 148  -> i=148 ; range=[1.9e-10, 5.0e-10] ; intervals=200 (frames=201)
Analytic t0 extension enabled (--extend-time-using-t0).
Density options: centers='2.0e-10,4.0e-10' width='2.0e-11,5.0e-11' strength='7.0'
Completed 0 % :  mod = 3.355284595785231e-16,  Error =-1.4210854715202004e-14
Completed 1 % :  mod = 5.370282073692123e-16,  Error =1.518893881780059e-07
Completed 2 % :  mod = 1.3835465664950216e-15,  Error =3.03778342924943e-07
Completed 3 % :  mod = 3.89182732599325e-15,  Error =4.556685553325224e-07
Completed 4 % :  mod = 1.1074538658846582e-14,  Error =6.075578937725368e-07
Completed 5 % :  mod = 3.1558755431463796e-14,  Error =7.594467703597729e-07
Completed 6 % :  mod = 8.99478426876624e-14,  Error =9.113363290680354e-07
Completed 7 % :  mod = 2.563722728329174e-13,  Error =1.0632255822429215e-06
Completed 8 % :  mod = 7.307222778304744e-13,  Error =1.2151148567340897e-06
Completed 9 % :  mod = 2.0827272613379805e-12,  Error =1.3670027456669231e-06
Completed 10 % :  mod = 5.936100143638548e-12,  Error =1.5188761892659386e-06
Completed 11 % :  mod = 1.691525204379477e-11,  Error =1.6706332459648365e-06
Completed 12 % :  mod = 4.8117525984887014e-11,  Error =1.8214518533454793e-06
Completed 13 % :  mod = 1.3479958252751486e-10,  Error =1.965183486163369e-06
Completed 14 % :  mod = 3.185437049811997e-10,  Error =2.073625104515031e-06
Completed 15 % :  mod = 2.329715365645327e-10,  Error =2.1538789027886196e-06
Completed 16 % :  mod = 9.921576476580382e-11,  Error =2.2824279071187448e-06
Completed 17 % :  mod = 4.463774751274676e-11,  Error =2.429437202522422e-06
Completed 18 % :  mod = 5.738664217687909e-11,  Error =2.5786105339875576e-06
Completed 19 % :  mod = 1.518051503579554e-10,  Error =2.7209331392441527e-06
Completed 20 % :  mod = 2.9621782683955866e-10,  Error =2.830440926970823e-06
Completed 21 % :  mod = 2.331540119847589e-10,  Error =2.9093058699913854e-06
Completed 22 % :  mod = 1.284708014892746e-10,  Error =3.0347345330028475e-06
Completed 23 % :  mod = 8.34147426173424e-11,  Error =3.177067839033043e-06
Completed 24 % :  mod = 1.4185745051830163e-10,  Error =3.3143588282769088e-06
Completed 25 % :  mod = 3.6697599964140477e-10,  Error =3.4153176073914437e-06
Completed 26 % :  mod = 2.0301003814631263e-10,  Error =3.499083831570715e-06
Completed 27 % :  mod = 8.824267151317576e-11,  Error =3.6285149178638676e-06
Completed 28 % :  mod = 6.557033376597294e-11,  Error =3.7752118942080415e-06
Completed 28 % :  mod = 8.595377375480414e-11,  Error =3.922313247528564e-06
Completed 30 % :  mod = 1.8753547663009419e-10,  Error =4.0545160047145146e-06
Completed 31 % :  mod = 3.7728157656776984e-10,  Error =4.141641824162434e-06
Completed 32 % :  mod = 1.4604672173818667e-10,  Error =4.237866185974326e-06
Completed 33 % :  mod = 8.244581558303425e-11,  Error =4.374095112780196e-06
Completed 34 % :  mod = 1.1678276779433925e-10,  Error =4.5179473886491905e-06
Completed 35 % :  mod = 1.935851959314413e-10,  Error =4.649706198733838e-06
Completed 36 % :  mod = 3.198564258868049e-10,  Error =4.735018883650355e-06
Completed 37 % :  mod = 1.7601976491411463e-10,  Error =4.835665890823293e-06
Completed 38 % :  mod = 5.85465603753926e-11,  Error =4.975260026185424e-06
Completed 39 % :  mod = 3.8888504182629456e-11,  Error =5.124393283040263e-06
Completed 40 % :  mod = 7.688387804286685e-11,  Error =5.273335816013969e-06
Completed 41 % :  mod = 1.729332283605164e-10,  Error =5.411847638470135e-06
Completed 42 % :  mod = 3.282862683958161e-10,  Error =5.507767454560053e-06
Completed 43 % :  mod = 1.8690291761265255e-10,  Error =5.5980099347152645e-06
Completed 44 % :  mod = 8.277832076178057e-11,  Error =5.733565345167335e-06
Completed 45 % :  mod = 5.777044258072885e-11,  Error =5.880870020291695e-06
Completed 46 % :  mod = 9.890079642082463e-11,  Error =6.026659214342089e-06
Completed 47 % :  mod = 2.667113894057429e-10,  Error =6.150662876791557e-06
Completed 48 % :  mod = 3.1156253586329276e-10,  Error =6.23261173160472e-06
Completed 49 % :  mod = 1.1043720389227285e-10,  Error =6.344160887294947e-06
Completed 50 % :  mod = 6.31101630040255e-11,  Error =6.487830894741364e-06
Completed 51 % :  mod = 6.880208876006414e-11,  Error =6.636365938561539e-06
Completed 52 % :  mod = 1.1205558016698221e-10,  Error =6.78026528078135e-06
Completed 53 % :  mod = 3.046244986831624e-10,  Error =6.892541676961628e-06
Completed 54 % :  mod = 2.755987323266567e-10,  Error =6.974295686745791e-06
Completed 55 % :  mod = 9.129574845812983e-11,  Error =7.0977321300347285e-06
Completed 56 % :  mod = 5.633700615478625e-11,  Error =7.243486606967053e-06
Completed 56 % :  mod = 8.77283394449458e-11,  Error =7.391118252542128e-06
Completed 57 % :  mod = 1.724526226579977e-10,  Error =7.528205792084464e-06
Completed 59 % :  mod = 3.302547024934783e-10,  Error =7.6211574935314275e-06
Completed 60 % :  mod = 1.839497500707986e-10,  Error =7.714349010257138e-06
Completed 61 % :  mod = 7.402809937730176e-11,  Error =7.851371151446074e-06
Completed 62 % :  mod = 4.6301593447115335e-11,  Error =7.999844221728836e-06
Completed 63 % :  mod = 7.250023427217528e-11,  Error =8.148419382791872e-06
Completed 64 % :  mod = 1.876807918311588e-10,  Error =8.28550255960181e-06
Completed 65 % :  mod = 3.309169947676684e-10,  Error =8.380754451309258e-06
Completed 66 % :  mod = 1.6827588376322491e-10,  Error =8.471397507037182e-06
Completed 67 % :  mod = 1.0297129703657325e-10,  Error =8.606538607125458e-06
Completed 68 % :  mod = 8.913108443912094e-11,  Error =8.751298231857163e-06
Completed 69 % :  mod = 1.448746578699055e-10,  Error =8.888064556344943e-06
Completed 70 % :  mod = 3.742184377980248e-10,  Error =8.983832060494024e-06
Completed 71 % :  mod = 1.8825292575790853e-10,  Error =9.071577466102099e-06
Completed 72 % :  mod = 7.586527185232322e-11,  Error =9.204593318656862e-06
Completed 73 % :  mod = 6.034272305329367e-11,  Error =9.3524282149815e-06
Completed 74 % :  mod = 7.510447826538331e-11,  Error =9.50077146910644e-06
Completed 75 % :  mod = 1.5663386152380455e-10,  Error =9.638067353989754e-06
Completed 76 % :  mod = 3.7570868664920476e-10,  Error =9.731785233668688e-06
Completed 77 % :  mod = 1.6711050346917347e-10,  Error =9.821162464618283e-06
Completed 78 % :  mod = 8.069903732074928e-11,  Error =9.956548545630994e-06
Completed 79 % :  mod = 6.02830846451446e-11,  Error =1.01045914462361e-05
Completed 80 % :  mod = 7.044481580485135e-11,  Error =1.0252738711358234e-05
Completed 81 % :  mod = 1.7930343015375826e-10,  Error =1.0387791299137916e-05
Completed 82 % :  mod = 3.740554589409679e-10,  Error =1.0479361989723657e-05
Completed 83 % :  mod = 1.5175258600899083e-10,  Error =1.0570868980153136e-05
Completed 84 % :  mod = 9.649006835770956e-11,  Error =1.0706102870017276e-05
Completed 85 % :  mod = 9.996251485079654e-11,  Error =1.0850798979333831e-05
Completed 86 % :  mod = 1.5249749469985653e-10,  Error =1.0987364774450725e-05
Completed 87 % :  mod = 3.3760646266187505e-10,  Error =1.1080928352669162e-05
Completed 88 % :  mod = 2.006550554899796e-10,  Error =1.1173343068549002e-05
Completed 89 % :  mod = 7.402471941602874e-11,  Error =1.1308593144576662e-05
Completed 90 % :  mod = 4.692668468827655e-11,  Error =1.1456993476599564e-05
Completed 91 % :  mod = 6.960207193258814e-11,  Error =1.1605811977233316e-05
Completed 92 % :  mod = 1.630545727861251e-10,  Error =1.1745147332931083e-05
Completed 93 % :  mod = 3.274297045530646e-10,  Error =1.1842895737856907e-05
Completed 94 % :  mod = 1.9530058222297318e-10,  Error =1.193168999691352e-05
Completed 95 % :  mod = 9.286908820650461e-11,  Error =1.2066099607466185e-05
Completed 96 % :  mod = 5.552250895680256e-11,  Error =1.2213243373082605e-05
Completed 97 % :  mod = 9.208781500729059e-11,  Error =1.2359066971612265e-05
Completed 98 % :  mod = 2.675760938130226e-10,  Error =1.2484169403137457e-05
Completed 99 % :  mod = 3.046252177330977e-10,  Error =1.2565991625024253e-05
Completed 100 % :  mod = 1.1814986579567151e-10,  Error =1.2676689486568193e-05
Finished 149/201 frames
Finished all frames!
