/opt/local/miniconda_23_9/lib/python3.11/site-packages/conda/base/context.py:201: FutureWarning: Adding 'defaults' to channel list implicitly is deprecated and will be removed in 25.3. 

To remove this warning, please choose a default channel explicitly with conda's regular configuration system, e.g. by adding 'defaults' to the list of channels:

  conda config --add channels defaults

For more information see https://docs.conda.io/projects/conda/en/stable/user-guide/configuration/use-condarc.html

  deprecated.topic(
JOB 13914 ARRAY_ID 43  -> i=43 ; range=[1.9e-10, 5.0e-10] ; intervals=200 (frames=201)
Analytic t0 extension enabled (--extend-time-using-t0).
Density options: centers='2.0e-10,4.0e-10' width='2.0e-11,5.0e-11' strength='7.0'
Completed 0 % :  mod = 2.0080461601637745e-16,  Error =-1.4210854715202004e-14
Completed 1 % :  mod = 2.2695896342296946e-16,  Error =1.9485042912492645e-08
Completed 2 % :  mod = 3.1223509013177193e-16,  Error =3.897010714126736e-08
Completed 3 % :  mod = 4.788470501933143e-16,  Error =5.845505768320436e-08
Completed 4 % :  mod = 7.701964956351178e-16,  Error =7.79396316374914e-08
Completed 5 % :  mod = 1.2621786432160137e-15,  Error =9.742446849259068e-08
Completed 6 % :  mod = 2.08295262281081e-15,  Error =1.1691052748119546e-07
Completed 7 % :  mod = 3.4463263253225195e-15,  Error =1.363956556588164e-07
Completed 8 % :  mod = 5.707452437672715e-15,  Error =1.5588051383019774e-07
Completed 9 % :  mod = 9.455344100243317e-15,  Error =1.7536534357986966e-07
Completed 10 % :  mod = 1.5666310097432065e-14,  Error =1.9485035807065287e-07
Completed 11 % :  mod = 2.5958278880277835e-14,  Error =2.143365591678048e-07
Completed 12 % :  mod = 4.30122613262993e-14,  Error =2.338224831532898e-07
Completed 13 % :  mod = 7.12707405916069e-14,  Error =2.5330749053864565e-07
Completed 14 % :  mod = 1.1809491294584587e-13,  Error =2.727933505752844e-07
Completed 15 % :  mod = 1.9568221894874842e-13,  Error =2.9227861375602515e-07
Completed 16 % :  mod = 3.2424359771549426e-13,  Error =3.1176431747326205e-07
Completed 17 % :  mod = 5.37267781841174e-13,  Error =3.31248372731352e-07
Completed 18 % :  mod = 8.902423977923008e-13,  Error =3.50734296716837e-07
Completed 19 % :  mod = 1.4750965810401909e-12,  Error =3.7021871435172216e-07
Completed 20 % :  mod = 2.4440950552082947e-12,  Error =3.8970274118810266e-07
Completed 21 % :  mod = 4.049261146224085e-12,  Error =4.091839969078137e-07
Completed 22 % :  mod = 6.7069309980724504e-12,  Error =4.2865850247153503e-07
Completed 23 % :  mod = 1.1101228710699834e-11,  Error =4.4811248045562024e-07
Completed 24 % :  mod = 1.833976432825081e-11,  Error =4.6751447513315725e-07
Completed 25 % :  mod = 3.014142748027429e-11,  Error =4.867716683065737e-07
Completed 26 % :  mod = 4.884643409828755e-11,  Error =5.056528067370891e-07
Completed 27 % :  mod = 7.627364102095446e-11,  Error =5.236361175775528e-07
Completed 28 % :  mod = 1.0866093952197094e-10,  Error =5.398804105993804e-07
Completed 28 % :  mod = 1.2802818258723818e-10,  Error =5.54110670236696e-07
Completed 30 % :  mod = 1.153485408572194e-10,  Error =5.680434611576857e-07
Completed 31 % :  mod = 8.383082535772125e-11,  Error =5.837801069219495e-07
Completed 32 % :  mod = 5.447989254198075e-11,  Error =6.014345146354572e-07
Completed 33 % :  mod = 3.3822034048785165e-11,  Error =6.201678175443703e-07
Completed 34 % :  mod = 2.0625018261589785e-11,  Error =6.393658864567442e-07
Completed 35 % :  mod = 1.2491113201873574e-11,  Error =6.587453071915661e-07
Completed 36 % :  mod = 7.5517534340649e-12,  Error =6.781914834164127e-07
Completed 37 % :  mod = 4.5597360703644656e-12,  Error =6.976627915378231e-07
Completed 38 % :  mod = 2.7529695734726008e-12,  Error =7.171435001396276e-07
Completed 39 % :  mod = 1.6637938247596967e-12,  Error =7.366269869635289e-07
Completed 40 % :  mod = 1.0066603828945539e-12,  Error =7.56111582234098e-07
Completed 41 % :  mod = 6.122443508097677e-13,  Error =7.755969946288133e-07
Completed 42 % :  mod = 3.773385458003455e-13,  Error =7.950820233304512e-07
Completed 43 % :  mod = 2.405073689558012e-13,  Error =8.145677483639702e-07
Completed 44 % :  mod = 1.6648587836816886e-13,  Error =8.340535160300533e-07
Completed 45 % :  mod = 1.3580209357031448e-13,  Error =8.535389923736147e-07
Completed 46 % :  mod = 1.4043401156159786e-13,  Error =8.730243763466206e-07
Completed 47 % :  mod = 1.817224173618283e-13,  Error =8.925096324219339e-07
Completed 48 % :  mod = 2.7035193075736917e-13,  Error =9.11994327168486e-07
Completed 49 % :  mod = 4.2924774554481726e-13,  Error =9.31479455346107e-07
Completed 50 % :  mod = 7.00249702337283e-13,  Error =9.509636953453082e-07
Completed 51 % :  mod = 1.1534696234844364e-12,  Error =9.704484114081424e-07
Completed 52 % :  mod = 1.906707526541653e-12,  Error =9.899312800598636e-07
Completed 53 % :  mod = 3.1577545607640397e-12,  Error =1.0094136655425245e-06
Completed 54 % :  mod = 5.228449671553166e-12,  Error =1.0288921004075746e-06
Completed 55 % :  mod = 8.656402056890306e-12,  Error =1.0483582855158602e-06
Completed 56 % :  mod = 1.4321241312487013e-11,  Error =1.0677913664380867e-06
Completed 56 % :  mod = 2.3604246964229276e-11,  Error =1.0871364324316346e-06
Completed 57 % :  mod = 3.858973728130605e-11,  Error =1.1062474882805873e-06
Completed 59 % :  mod = 6.164951303053187e-11,  Error =1.1247652196288982e-06
Completed 60 % :  mod = 9.275907595741055e-11,  Error =1.14197595735277e-06
Completed 61 % :  mod = 1.2177146078350793e-10,  Error =1.1571248066388762e-06
Completed 62 % :  mod = 1.2558555500675882e-10,  Error =1.170878157097377e-06
Completed 63 % :  mod = 1.0007536039782837e-10,  Error =1.1855765507107208e-06
Completed 64 % :  mod = 6.800388886215406e-11,  Error =1.202373830722081e-06
Completed 65 % :  mod = 4.295004855450711e-11,  Error =1.2206751520693615e-06
Completed 66 % :  mod = 2.635614715556453e-11,  Error =1.2396954858218123e-06
Completed 67 % :  mod = 1.601426334959932e-11,  Error =1.2590063036554966e-06
Completed 68 % :  mod = 9.68352166568003e-12,  Error =1.2784277814148481e-06
Completed 69 % :  mod = 5.849950439609603e-12,  Error =1.2978889500914192e-06
Completed 70 % :  mod = 3.5349082256305234e-12,  Error =1.3173649833220225e-06
Completed 71 % :  mod = 2.135599341298292e-12,  Error =1.3368465303642552e-06
Completed 72 % :  mod = 1.2944884118968177e-12,  Error =1.3563314666953374e-06
Completed 73 % :  mod = 7.900607879031952e-13,  Error =1.3758160051224877e-06
Completed 74 % :  mod = 4.909575271579324e-13,  Error =1.3953006217093389e-06
Completed 75 % :  mod = 3.2027777278938067e-13,  Error =1.4147862756885843e-06
Completed 76 % :  mod = 2.3279606433985984e-13,  Error =1.4342714749204788e-06
Completed 77 % :  mod = 2.0589240915871077e-13,  Error =1.45375708626716e-06
Completed 78 % :  mod = 2.3281145952318956e-13,  Error =1.4732421718122168e-06
Completed 79 % :  mod = 3.2027339476124683e-13,  Error =1.4927277121046245e-06
Completed 80 % :  mod = 4.909824208814651e-13,  Error =1.5122128758093822e-06
Completed 81 % :  mod = 7.901243924916674e-13,  Error =1.531699133749953e-06
Completed 82 % :  mod = 1.2944709670867989e-12,  Error =1.5511840416593259e-06
Completed 83 % :  mod = 2.1357756667205525e-12,  Error =1.5706674787452357e-06
Completed 84 % :  mod = 3.5350983629459364e-12,  Error =1.5901498429116145e-06
Completed 85 % :  mod = 5.849923598903293e-12,  Error =1.6096264658926884e-06
Completed 86 % :  mod = 9.684496046526967e-12,  Error =1.6290881958980208e-06
Completed 87 % :  mod = 1.6014605179827482e-11,  Error =1.64850879258438e-06
Completed 88 % :  mod = 2.6356650343760305e-11,  Error =1.667820399120501e-06
Completed 89 % :  mod = 4.295427229697586e-11,  Error =1.6868405552372678e-06
Completed 90 % :  mod = 6.800325535951533e-11,  Error =1.705142189223352e-06
Completed 91 % :  mod = 1.0007923773591614e-10,  Error =1.7219396397649689e-06
Completed 92 % :  mod = 1.2559070943063e-10,  Error =1.7366385876016466e-06
Completed 93 % :  mod = 1.2176320449165503e-10,  Error =1.7503922649098058e-06
Completed 94 % :  mod = 9.276021987915113e-11,  Error =1.7655422723805714e-06
Completed 95 % :  mod = 6.164678967847713e-11,  Error =1.7827519016577753e-06
Completed 96 % :  mod = 3.8586488647679274e-11,  Error =1.8012692066804448e-06
Completed 97 % :  mod = 2.360451659367052e-11,  Error =1.8203796869897815e-06
Completed 98 % :  mod = 1.4319984904943137e-11,  Error =1.839725641161749e-06
Completed 99 % :  mod = 8.655744567322002e-12,  Error =1.859159503680985e-06
Completed 100 % :  mod = 5.228198911724104e-12,  Error =1.8786251274605092e-06
Finished 44/201 frames
Finished all frames!
