/opt/local/miniconda_23_9/lib/python3.11/site-packages/conda/base/context.py:201: FutureWarning: Adding 'defaults' to channel list implicitly is deprecated and will be removed in 25.3. 

To remove this warning, please choose a default channel explicitly with conda's regular configuration system, e.g. by adding 'defaults' to the list of channels:

  conda config --add channels defaults

For more information see https://docs.conda.io/projects/conda/en/stable/user-guide/configuration/use-condarc.html

  deprecated.topic(
JOB 13880 ARRAY_ID 9  -> i=9 ; range=[1.9e-10, 5.0e-10] ; intervals=200 (frames=201)
Analytic t0 extension enabled (--extend-time-using-t0).
Density options: centers='2.0e-10,4.0e-10' width='2.0e-11,5.0e-11' strength='7.0'
Completed 0 % :  mod = 1.5859483188647408e-16,  Error =-1.4210854715202004e-14
Completed 1 % :  mod = 1.5789894055356485e-16,  Error =7.581142824619747e-09
Completed 2 % :  mod = 1.5581737487007058e-16,  Error =1.5162811450863956e-08
Completed 3 % :  mod = 1.5236840229263888e-16,  Error =2.2744828243048687e-08
Completed 4 % :  mod = 1.475822918414249e-16,  Error =3.032731399343902e-08
Completed 5 % :  mod = 1.4150103906253766e-16,  Error =3.790912472823038e-08
Completed 6 % :  mod = 1.3417801540685788e-16,  Error =4.549092125216703e-08
Completed 7 % :  mod = 1.256774889822706e-16,  Error =5.307249750785559e-08
Completed 8 % :  mod = 1.1607404831897093e-16,  Error =6.065464930316011e-08
Completed 9 % :  mod = 1.0545197950246287e-16,  Error =6.823656661936184e-08
Completed 10 % :  mod = 9.39044966887944e-17,  Error =7.581756733543443e-08
Completed 11 % :  mod = 8.153292795203961e-17,  Error =8.339916490740507e-08
Completed 12 % :  mod = 6.844585677422047e-17,  Error =9.098062037082855e-08
Completed 13 % :  mod = 5.475812363830742e-17,  Error =9.856283611497929e-08
Completed 14 % :  mod = 4.0589847732048723e-17,  Error =1.0614392209618018e-07
Completed 15 % :  mod = 2.606537704897794e-17,  Error =1.1372663522024595e-07
Completed 16 % :  mod = 1.1312150601481382e-17,  Error =1.2130848858760146e-07
Completed 17 % :  mod = 3.5403459464240296e-18,  Error =1.2889015721384567e-07
Completed 18 % :  mod = 1.8361763199065504e-17,  Error =1.3647198215949174e-07
Completed 19 % :  mod = 3.3022054560573234e-17,  Error =1.440523362816748e-07
Completed 20 % :  mod = 4.7392553327435514e-17,  Error =1.5163386279937185e-07
Completed 21 % :  mod = 6.13471409777164e-17,  Error =1.592154745821972e-07
Completed 22 % :  mod = 7.476337203329119e-17,  Error =1.667969797836122e-07
Completed 23 % :  mod = 8.752349872983026e-17,  Error =1.7437938737430159e-07
Completed 24 % :  mod = 9.951554102662013e-17,  Error =1.8196128337422124e-07
Completed 25 % :  mod = 1.1063427451870887e-16,  Error =1.89542625150807e-07
Completed 26 % :  mod = 1.2078210357774135e-16,  Error =1.971247485244021e-07
Completed 27 % :  mod = 1.2986998934520904e-16,  Error =2.0470731953992072e-07
Completed 28 % :  mod = 1.3781818276956903e-16,  Error =2.1228930080496866e-07
Completed 28 % :  mod = 1.4455690935669487e-16,  Error =2.1987094100950344e-07
Completed 30 % :  mod = 1.5002705640186926e-16,  Error =2.274527020063033e-07
Completed 31 % :  mod = 1.5418062013260393e-16,  Error =2.3503373824951268e-07
Completed 32 % :  mod = 1.569811212634998e-16,  Error =2.426152363455003e-07
Completed 33 % :  mod = 1.5840401295138546e-16,  Error =2.501971749779841e-07
Completed 34 % :  mod = 1.5843680430372223e-16,  Error =2.5777922019187827e-07
Completed 35 % :  mod = 1.5707918595496102e-16,  Error =2.653615567282941e-07
Completed 36 % :  mod = 1.543430971198707e-16,  Error =2.729437582615901e-07
Completed 37 % :  mod = 1.5025254516476697e-16,  Error =2.805254126769796e-07
Completed 38 % :  mod = 1.4484340832493628e-16,  Error =2.8810718077920683e-07
Completed 39 % :  mod = 1.3816318155339263e-16,  Error =2.95688053597587e-07
Completed 40 % :  mod = 1.3027046868368023e-16,  Error =3.032699069649425e-07
Completed 41 % :  mod = 1.212345412324143e-16,  Error =3.108510071569981e-07
Completed 42 % :  mod = 1.1113470653669062e-16,  Error =3.184327255212338e-07
Completed 43 % :  mod = 1.0005956882330467e-16,  Error =3.260136551830328e-07
Completed 44 % :  mod = 8.810634725003526e-17,  Error =3.3359552276124305e-07
Completed 45 % :  mod = 7.537994568934695e-17,  Error =3.411772553363335e-07
Completed 46 % :  mod = 6.199200565828755e-17,  Error =3.4875899501685126e-07
Completed 47 % :  mod = 4.806005215110795e-17,  Error =3.563412960261303e-07
Completed 48 % :  mod = 3.3706355128546635e-17,  Error =3.639230357066481e-07
Completed 49 % :  mod = 1.9056835829963453e-17,  Error =3.7150498144455923e-07
Completed 50 % :  mod = 4.240086977904075e-18,  Error =3.790870266584534e-07
Completed 51 % :  mod = 1.0613857911555128e-17,  Error =3.8666907187234756e-07
Completed 52 % :  mod = 2.5374680513713126e-17,  Error =3.942499162690183e-07
Completed 53 % :  mod = 3.991281027514263e-17,  Error =4.018303982888938e-07
Completed 54 % :  mod = 5.410067697193267e-17,  Error =4.094126992981728e-07
Completed 55 % :  mod = 6.781378128819637e-17,  Error =4.169934655351426e-07
Completed 56 % :  mod = 8.093175614049565e-17,  Error =4.245747859954463e-07
Completed 56 % :  mod = 9.333951583850722e-17,  Error =4.3215619172087827e-07
Completed 57 % :  mod = 1.0492815362768598e-16,  Error =4.397387272092601e-07
Completed 59 % :  mod = 1.1559595395153965e-16,  Error =4.4732057347118825e-07
Completed 60 % :  mod = 1.2524934660446531e-16,  Error =4.5490143918414105e-07
Completed 61 % :  mod = 1.338035852266469e-16,  Error =4.6248278806615417e-07
Completed 62 % :  mod = 1.4118357851717323e-16,  Error =4.7006514591885207e-07
Completed 63 % :  mod = 1.4732461474085698e-16,  Error =4.776466582256944e-07
Completed 64 % :  mod = 1.5217277232001129e-16,  Error =4.852290942380932e-07
Completed 65 % :  mod = 1.5568548945169907e-16,  Error =4.928106136503629e-07
Completed 66 % :  mod = 1.5783197387232894e-16,  Error =5.003918843726751e-07
Completed 67 % :  mod = 1.585933702066329e-16,  Error =5.079730982515684e-07
Completed 68 % :  mod = 1.5796299907456219e-16,  Error =5.155545323987099e-07
Completed 69 % :  mod = 1.5594639488310142e-16,  Error =5.23136279184655e-07
Completed 70 % :  mod = 1.5256124249525306e-16,  Error =5.307179549163266e-07
Completed 71 % :  mod = 1.4783727352226803e-16,  Error =5.382994956448783e-07
Completed 72 % :  mod = 1.4181593022982314e-16,  Error =5.458818250758668e-07
Completed 73 % :  mod = 1.3455002949589716e-16,  Error =5.534633018555724e-07
Completed 74 % :  mod = 1.2610337982614728e-16,  Error =5.61045894187373e-07
Completed 75 % :  mod = 1.1655009376002492e-16,  Error =5.686285078354558e-07
Completed 76 % :  mod = 1.0597397244839992e-16,  Error =5.762109296369999e-07
Completed 77 % :  mod = 9.446787368757263e-17,  Error =5.837935219688006e-07
Completed 78 % :  mod = 8.213276221253308e-17,  Error =5.913748140073949e-07
Completed 79 % :  mod = 6.907685552958097e-17,  Error =5.989564471065023e-07
Completed 80 % :  mod = 5.541476411377766e-17,  Error =6.065382791575757e-07
Completed 81 % :  mod = 4.126637047581865e-17,  Error =6.141206156939916e-07
Completed 82 % :  mod = 2.6755827859902037e-17,  Error =6.217028598598517e-07
Completed 83 % :  mod = 1.2010493542629848e-17,  Error =6.292850969202846e-07
Completed 84 % :  mod = 2.840251140135753e-18,  Error =6.36866730019392e-07
Completed 85 % :  mod = 1.7666064030552334e-17,  Error =6.444473683586693e-07
Completed 86 % :  mod = 3.233683365077079e-17,  Error =6.520286319755542e-07
Completed 87 % :  mod = 4.67238457343942e-17,  Error =6.596096397970541e-07
Completed 88 % :  mod = 6.070081549618348e-17,  Error =6.67190725778255e-07
Completed 89 % :  mod = 7.414507608380252e-17,  Error =6.747730623146708e-07
Completed 90 % :  mod = 8.693869273840444e-17,  Error =6.823554983270697e-07
Completed 91 % :  mod = 9.896935496062108e-17,  Error =6.899374298541261e-07
Completed 92 % :  mod = 1.101314728350673e-16,  Error =6.975187218927204e-07
Completed 93 % :  mod = 1.2032713407830976e-16,  Error =7.051006107872126e-07
Completed 94 % :  mod = 1.2946683924733508e-16,  Error =7.126828549530728e-07
Completed 95 % :  mod = 1.3747036619498876e-16,  Error =7.202638627745728e-07
Completed 96 % :  mod = 1.4426750450296155e-16,  Error =7.278448492797907e-07
Completed 97 % :  mod = 1.4979859687150036e-16,  Error =7.354270650239414e-07
Completed 98 % :  mod = 1.5401509968936963e-16,  Error =7.430089326021516e-07
Completed 99 % :  mod = 1.5688001968181719e-16,  Error =7.505911199245929e-07
Completed 100 % :  mod = 1.5836819840900617e-16,  Error =7.581726322314353e-07
Finished 10/201 frames
Finished all frames!
