/opt/local/miniconda_23_9/lib/python3.11/site-packages/conda/base/context.py:201: FutureWarning: Adding 'defaults' to channel list implicitly is deprecated and will be removed in 25.3. 

To remove this warning, please choose a default channel explicitly with conda's regular configuration system, e.g. by adding 'defaults' to the list of channels:

  conda config --add channels defaults

For more information see https://docs.conda.io/projects/conda/en/stable/user-guide/configuration/use-condarc.html

  deprecated.topic(
JOB 13976 ARRAY_ID 105  -> i=105 ; range=[1.9e-10, 5.0e-10] ; intervals=200 (frames=201)
Analytic t0 extension enabled (--extend-time-using-t0).
Density options: centers='2.0e-10,4.0e-10' width='2.0e-11,5.0e-11' strength='7.0'
Completed 0 % :  mod = 3.04546958776481e-16,  Error =-1.4210854715202004e-14
Completed 1 % :  mod = 4.527875007868482e-16,  Error =1.0309277342912537e-07
Completed 2 % :  mod = 1.0418235551057123e-15,  Error =2.0618510632175457e-07
Completed 3 % :  mod = 2.645090663022931e-15,  Error =3.092786400316072e-07
Completed 4 % :  mod = 6.823393690011135e-15,  Error =4.123709942405185e-07
Completed 5 % :  mod = 1.7644374149895836e-14,  Error =5.154639453053278e-07
Completed 6 % :  mod = 4.564242091294258e-14,  Error =6.185575287531719e-07
Completed 7 % :  mod = 1.1807405602231434e-13,  Error =7.216491297867833e-07
Completed 8 % :  mod = 3.0545253944362153e-13,  Error =8.247418747941992e-07
Completed 9 % :  mod = 7.901930071882056e-13,  Error =9.27833980313153e-07
Completed 10 % :  mod = 2.044186104526988e-12,  Error =1.0309245368489428e-06
Completed 11 % :  mod = 5.288012741860659e-12,  Error =1.134005941594296e-06
Completed 12 % :  mod = 1.3676115730224147e-11,  Error =1.2370223529956093e-06
Completed 13 % :  mod = 3.5314191787309216e-11,  Error =1.3396046156799457e-06
Completed 14 % :  mod = 9.02091530052554e-11,  Error =1.439407164127715e-06
Completed 15 % :  mod = 2.1265592826873583e-10,  Error =1.5247918838667829e-06
Completed 16 % :  mod = 2.885875305286542e-10,  Error =1.5811044633551319e-06
Completed 17 % :  mod = 1.297477235761982e-10,  Error =1.652256834461241e-06
Completed 18 % :  mod = 5.871507513476846e-11,  Error =1.7477100300311577e-06
Completed 19 % :  mod = 3.128767218710872e-11,  Error =1.849225007788391e-06
Completed 20 % :  mod = 3.0258832582687535e-11,  Error =1.9515673699288527e-06
Completed 21 % :  mod = 6.111500213877675e-11,  Error =2.0528539792508127e-06
Completed 22 % :  mod = 1.556581398243498e-10,  Error =2.146967389649035e-06
Completed 23 % :  mod = 2.746785930515747e-10,  Error =2.216028690327221e-06
Completed 24 % :  mod = 1.9909298873892745e-10,  Error =2.2732931839186676e-06
Completed 25 % :  mod = 1.0006279572064834e-10,  Error =2.360166192261204e-06
Completed 26 % :  mod = 5.0624544674460235e-11,  Error =2.45884208283087e-06
Completed 27 % :  mod = 6.309440482613689e-11,  Error =2.5590410572817746e-06
Completed 28 % :  mod = 1.5049915232929168e-10,  Error =2.65372514718365e-06
Completed 28 % :  mod = 2.5253970449844066e-10,  Error =2.7271745324242147e-06
Completed 30 % :  mod = 2.2060516603515087e-10,  Error =2.7816812675496294e-06
Completed 31 % :  mod = 1.2561202047406873e-10,  Error =2.8640232301313517e-06
Completed 32 % :  mod = 6.81695072287647e-11,  Error =2.9600501036952664e-06
Completed 33 % :  mod = 9.32262266884045e-11,  Error =3.0569735613994453e-06
Completed 34 % :  mod = 2.2990482427647586e-10,  Error =3.141779828297331e-06
Completed 35 % :  mod = 2.625553668410618e-10,  Error =3.2017469351330874e-06
Completed 36 % :  mod = 1.4122806573520692e-10,  Error =3.269637623759536e-06
Completed 37 % :  mod = 9.935134671140543e-11,  Error =3.361904958865125e-06
Completed 38 % :  mod = 8.463780685113785e-11,  Error =3.459247331250026e-06
Completed 39 % :  mod = 1.3437586984851708e-10,  Error =3.5507607947238284e-06
Completed 40 % :  mod = 3.1384195220516314e-10,  Error =3.6179676925485182e-06
Completed 41 % :  mod = 1.919743616094449e-10,  Error =3.676670154106887e-06
Completed 42 % :  mod = 9.109504827009392e-11,  Error =3.7620794515191847e-06
Completed 43 % :  mod = 6.743897095165857e-11,  Error =3.860542300060388e-06
Completed 44 % :  mod = 7.014973865969939e-11,  Error =3.960283272874676e-06
Completed 45 % :  mod = 1.327105863888476e-10,  Error =4.053622049582373e-06
Completed 46 % :  mod = 3.073531987049847e-10,  Error =4.122092683189749e-06
Completed 47 % :  mod = 1.9569870041706214e-10,  Error =4.179821402772177e-06
Completed 48 % :  mod = 9.138621517630427e-11,  Error =4.265869641528752e-06
Completed 49 % :  mod = 4.654137581713094e-11,  Error =4.365390260829827e-06
Completed 50 % :  mod = 3.0947075053561165e-11,  Error =4.467262343155198e-06
Completed 51 % :  mod = 5.844065194800957e-11,  Error =4.568439983643202e-06
Completed 52 % :  mod = 1.5488871988267865e-10,  Error =4.662996779813966e-06
Completed 53 % :  mod = 2.6874905761584294e-10,  Error =4.734000114581249e-06
Completed 54 % :  mod = 2.0752902009078181e-10,  Error =4.789673425875662e-06
Completed 55 % :  mod = 1.0686951838685873e-10,  Error =4.874861375014916e-06
Completed 56 % :  mod = 5.325232790947144e-11,  Error =4.972856004314963e-06
Completed 56 % :  mod = 7.050173965854895e-11,  Error =5.072501302549881e-06
Completed 57 % :  mod = 1.6569401515039774e-10,  Error =5.16551835971768e-06
Completed 59 % :  mod = 2.632113488188271e-10,  Error =5.235949750215241e-06
Completed 60 % :  mod = 2.0010732542832748e-10,  Error =5.291938990126255e-06
Completed 61 % :  mod = 1.2017064626910215e-10,  Error =5.376447788307814e-06
Completed 62 % :  mod = 7.726276954375523e-11,  Error =5.472455988808633e-06
Completed 63 % :  mod = 1.0800354493546504e-10,  Error =5.567574632436845e-06
Completed 64 % :  mod = 2.6500772589101186e-10,  Error =5.645897985573356e-06
Completed 65 % :  mod = 2.4871684471426033e-10,  Error =5.7032067246609586e-06
Completed 66 % :  mod = 1.1252481881734111e-10,  Error =5.778583101800905e-06
Completed 67 % :  mod = 8.275851732133798e-11,  Error =5.87399782148168e-06
Completed 68 % :  mod = 8.437057382668811e-11,  Error =5.972485453753507e-06
Completed 69 % :  mod = 1.3165481874830908e-10,  Error =6.064821761242456e-06
Completed 70 % :  mod = 3.0896654537256363e-10,  Error =6.131963424138576e-06
Completed 71 % :  mod = 1.965120107030258e-10,  Error =6.190917197557155e-06
Completed 72 % :  mod = 8.478830991985808e-11,  Error =6.2770580058213454e-06
Completed 73 % :  mod = 5.752383262004261e-11,  Error =6.376292539300721e-06
Completed 74 % :  mod = 5.046146107947643e-11,  Error =6.477390769532576e-06
Completed 75 % :  mod = 8.862397458508618e-11,  Error =6.575780048478919e-06
Completed 76 % :  mod = 2.4117179475037916e-10,  Error =6.658292704742053e-06
Completed 77 % :  mod = 2.7211612607253096e-10,  Error =6.7153805574093894e-06
Completed 78 % :  mod = 1.2225357470397457e-10,  Error =6.7881075622722165e-06
Completed 79 % :  mod = 7.300763000715142e-11,  Error =6.883491245446294e-06
Completed 80 % :  mod = 5.425792046117761e-11,  Error =6.983604691868095e-06
Completed 81 % :  mod = 8.931246905658595e-11,  Error =7.0818681550122164e-06
Completed 82 % :  mod = 2.2388966335449943e-10,  Error =7.16564026248534e-06
Completed 83 % :  mod = 2.8930025472476115e-10,  Error =7.224120423643399e-06
Completed 84 % :  mod = 1.3101200524493457e-10,  Error =7.293645531092352e-06
Completed 85 % :  mod = 8.186229418914985e-11,  Error =7.3866561578483925e-06
Completed 86 % :  mod = 8.952200645453409e-11,  Error =7.484328222062686e-06
Completed 87 % :  mod = 1.4482062341621425e-10,  Error =7.5762133491252825e-06
Completed 88 % :  mod = 2.767734122204934e-10,  Error =7.642676763452982e-06
Completed 89 % :  mod = 2.2154847789456786e-10,  Error =7.703213817933374e-06
Completed 90 % :  mod = 8.622332767351708e-11,  Error =7.789262397750463e-06
Completed 91 % :  mod = 5.191290060700806e-11,  Error =7.887607118561846e-06
Completed 92 % :  mod = 9.166514161281144e-11,  Error =7.986675399251908e-06
Completed 93 % :  mod = 1.6503984581517927e-10,  Error =8.077674280571046e-06
Completed 94 % :  mod = 2.765397512969562e-10,  Error =8.140771839748595e-06
Completed 95 % :  mod = 1.994029119194784e-10,  Error =8.203327304556751e-06
Completed 96 % :  mod = 7.091654352788136e-11,  Error =8.29300741145289e-06
Completed 97 % :  mod = 3.9054479804111415e-11,  Error =8.392881937879793e-06
Completed 98 % :  mod = 6.411887477764903e-11,  Error =8.494024122285282e-06
Completed 99 % :  mod = 1.1089414074308649e-10,  Error =8.591754912856686e-06
Completed 100 % :  mod = 2.2062688389797195e-10,  Error =8.67189920228384e-06
Finished 106/201 frames
Finished all frames!
