/opt/local/miniconda_23_9/lib/python3.11/site-packages/conda/base/context.py:201: FutureWarning: Adding 'defaults' to channel list implicitly is deprecated and will be removed in 25.3. 

To remove this warning, please choose a default channel explicitly with conda's regular configuration system, e.g. by adding 'defaults' to the list of channels:

  conda config --add channels defaults

For more information see https://docs.conda.io/projects/conda/en/stable/user-guide/configuration/use-condarc.html

  deprecated.topic(
JOB 13995 ARRAY_ID 124  -> i=124 ; range=[1.9e-10, 5.0e-10] ; intervals=200 (frames=201)
Analytic t0 extension enabled (--extend-time-using-t0).
Density options: centers='2.0e-10,4.0e-10' width='2.0e-11,5.0e-11' strength='7.0'
Completed 0 % :  mod = 3.182711691298416e-16,  Error =-1.4210854715202004e-14
Completed 1 % :  mod = 4.890992957603342e-16,  Error =1.2297002172090288e-07
Completed 2 % :  mod = 1.184963460335929e-15,  Error =2.4593987291154917e-07
Completed 3 % :  mod = 3.1528566948921804e-15,  Error =3.6890953936108417e-07
Completed 4 % :  mod = 8.505263911811132e-15,  Error =4.918803782061332e-07
Completed 5 % :  mod = 2.2987862409629775e-14,  Error =6.148506557224209e-07
Completed 6 % :  mod = 6.214736480725491e-14,  Error =7.378211108743926e-07
Completed 7 % :  mod = 1.6802052777005806e-13,  Error =8.607913031255521e-07
Completed 8 % :  mod = 4.5425948453421927e-13,  Error =9.837614030061559e-07
Completed 9 % :  mod = 1.228132707726568e-12,  Error =1.1067304654943655e-06
Completed 10 % :  mod = 3.3203344584609708e-12,  Error =1.2296947673462455e-06
Completed 11 % :  mod = 8.976008994200192e-12,  Error =1.3526302140576263e-06
Completed 12 % :  mod = 2.425088739496054e-11,  Error =1.4753456483163063e-06
Completed 13 % :  mod = 6.523234697675114e-11,  Error =1.5964851129979252e-06
Completed 14 % :  mod = 1.6938386216016885e-10,  Error =1.707553835217368e-06
Completed 15 % :  mod = 3.203834186520083e-10,  Error =1.784029159068723e-06
Completed 16 % :  mod = 1.7183202580884e-10,  Error =1.8567130766200535e-06
Completed 17 % :  mod = 8.05012316537617e-11,  Error =1.96600561963578e-06
Completed 18 % :  mod = 3.740627875262854e-11,  Error =2.086132489864667e-06
Completed 19 % :  mod = 3.887015961108385e-11,  Error =2.2077391363950483e-06
Completed 20 % :  mod = 9.391824665067982e-11,  Error =2.326867544866218e-06
Completed 21 % :  mod = 2.1357750936869418e-10,  Error =2.4310558401907656e-06
Completed 22 % :  mod = 3.015719610428488e-10,  Error =2.4977836616812965e-06
Completed 23 % :  mod = 1.4131900502327593e-10,  Error =2.582419668328839e-06
Completed 24 % :  mod = 5.343460579445862e-11,  Error =2.697039150234559e-06
Completed 25 % :  mod = 1.967830308052633e-11,  Error =2.8187697225234842e-06
Completed 26 % :  mod = 7.707193862879343e-12,  Error =2.94156769342635e-06
Completed 27 % :  mod = 2.998423646278607e-12,  Error =3.064513073525177e-06
Completed 28 % :  mod = 1.1882896748244505e-12,  Error =3.1874779296003908e-06
Completed 28 % :  mod = 1.2365232812499157e-12,  Error =3.310446189175309e-06
Completed 30 % :  mod = 3.0481476393857997e-12,  Error =3.433412778974798e-06
Completed 31 % :  mod = 7.0125434202830614e-12,  Error =3.5563614275702093e-06
Completed 32 % :  mod = 1.84550818807022e-11,  Error =3.679177773108222e-06
Completed 33 % :  mod = 5.0713342515250185e-11,  Error =3.801042382178821e-06
Completed 34 % :  mod = 1.3370561265624335e-10,  Error =3.916500482148422e-06
Completed 35 % :  mod = 2.9399822147280764e-10,  Error =4.003559709531146e-06
Completed 36 % :  mod = 2.2684330215117876e-10,  Error =4.069103347603686e-06
Completed 37 % :  mod = 9.708526855736573e-11,  Error =4.171523919183073e-06
Completed 38 % :  mod = 3.976478769647861e-11,  Error =4.29031368298638e-06
Completed 39 % :  mod = 3.680468440331999e-11,  Error =4.4119419797539194e-06
Completed 40 % :  mod = 7.354940834900372e-11,  Error =4.5324521735778944e-06
Completed 41 % :  mod = 1.565649635914141e-10,  Error =4.643696485118198e-06
Completed 42 % :  mod = 3.2077222711981256e-10,  Error =4.720028663030007e-06
Completed 43 % :  mod = 1.8457916331945561e-10,  Error =4.79309317569232e-06
Completed 44 % :  mod = 7.188695984587004e-11,  Error =4.9021431678397676e-06
Completed 45 % :  mod = 2.672741606126914e-11,  Error =5.02290745174605e-06
Completed 46 % :  mod = 1.0280969827428068e-11,  Error =5.145558262142913e-06
Completed 47 % :  mod = 5.506668189931918e-12,  Error =5.268470047781193e-06
Completed 48 % :  mod = 7.0006116902816514e-12,  Error =5.391407910337875e-06
Completed 49 % :  mod = 1.4990449778672427e-11,  Error =5.514273887285981e-06
Completed 50 % :  mod = 3.869157238407469e-11,  Error =5.636578691792238e-06
Completed 51 % :  mod = 1.0248207784602014e-10,  Error =5.754990944240035e-06
Completed 52 % :  mod = 2.5195419291040096e-10,  Error =5.852565543307264e-06
Completed 53 % :  mod = 2.8483616250048787e-10,  Error =5.916896306246144e-06
Completed 54 % :  mod = 1.1379919311977369e-10,  Error =6.009464001976994e-06
Completed 55 % :  mod = 4.8772308317589474e-11,  Error =6.126131580685978e-06
Completed 56 % :  mod = 3.531971068439144e-11,  Error =6.247587108987318e-06
Completed 56 % :  mod = 5.248328311987902e-11,  Error =6.368972655934613e-06
Completed 57 % :  mod = 1.1605338891729154e-10,  Error =6.485201296868581e-06
Completed 59 % :  mod = 2.921374320305692e-10,  Error =6.575858719770622e-06
Completed 60 % :  mod = 2.4574996945264474e-10,  Error =6.6408226402359105e-06
Completed 61 % :  mod = 9.664360588381531e-11,  Error =6.739962699953139e-06
Completed 62 % :  mod = 3.828160661157346e-11,  Error =6.858724511005221e-06
Completed 63 % :  mod = 1.6310504146797417e-11,  Error =6.981048201737394e-06
Completed 64 % :  mod = 9.581048859999124e-12,  Error =7.103872960101398e-06
Completed 65 % :  mod = 1.5128838336911224e-11,  Error =7.226697313456043e-06
Completed 66 % :  mod = 3.920849904544262e-11,  Error =7.349014275348509e-06
Completed 67 % :  mod = 9.781333438286408e-11,  Error =7.467772036306997e-06
Completed 68 % :  mod = 2.4187745702740503e-10,  Error =7.566821039972638e-06
Completed 69 % :  mod = 2.9679028879875344e-10,  Error =7.631859546108899e-06
Completed 70 % :  mod = 1.1612881567307602e-10,  Error =7.722291776701695e-06
Completed 71 % :  mod = 5.488602175827843e-11,  Error =7.838101659274344e-06
Completed 72 % :  mod = 4.781614184516224e-11,  Error =7.958938461172238e-06
Completed 73 % :  mod = 7.576860702297e-11,  Error =8.078761069896245e-06
Completed 74 % :  mod = 1.7105594983748298e-10,  Error =8.187402734449734e-06
Completed 75 % :  mod = 3.3992921148853103e-10,  Error =8.261196434489193e-06
Completed 76 % :  mod = 1.593022041291836e-10,  Error =8.335450452534587e-06
Completed 77 % :  mod = 8.076458434619106e-11,  Error =8.444554339348542e-06
Completed 78 % :  mod = 5.937754090715828e-11,  Error =8.563715219622736e-06
Completed 79 % :  mod = 7.934281724412051e-11,  Error =8.682586745578647e-06
Completed 80 % :  mod = 1.8517847741916932e-10,  Error =8.789148147059223e-06
Completed 81 % :  mod = 3.3969941405257975e-10,  Error =8.862021303457368e-06
Completed 82 % :  mod = 1.498244295131859e-10,  Error =8.937516803086965e-06
Completed 83 % :  mod = 8.957593474219531e-11,  Error =9.046053300210133e-06
Completed 84 % :  mod = 9.428290979917207e-11,  Error =9.162742827584225e-06
Completed 85 % :  mod = 1.4227877295449057e-10,  Error =9.273898903927602e-06
Completed 86 % :  mod = 2.8897980050117044e-10,  Error =9.354681324680314e-06
Completed 87 % :  mod = 2.33700311805168e-10,  Error =9.426212926655353e-06
Completed 88 % :  mod = 8.81225206688825e-11,  Error =9.529740275127097e-06
Completed 89 % :  mod = 5.846098975854421e-11,  Error =9.64706271133764e-06
Completed 90 % :  mod = 1.1791620934849643e-10,  Error =9.76350816017657e-06
Completed 91 % :  mod = 2.280321297228409e-10,  Error =9.864128180936405e-06
Completed 92 % :  mod = 2.7712886918782567e-10,  Error =9.928561915728551e-06
Completed 93 % :  mod = 1.4895667077546003e-10,  Error =1.0016519972566584e-05
Completed 94 % :  mod = 5.2178765787272456e-11,  Error =1.0131198592944202e-05
Completed 95 % :  mod = 3.32857031449906e-11,  Error =1.0252212568673258e-05
Completed 96 % :  mod = 6.261732660712933e-11,  Error =1.0373293918064519e-05
Completed 97 % :  mod = 1.3074579883565508e-10,  Error =1.0488743996006633e-05
Completed 98 % :  mod = 2.716824387144339e-10,  Error =1.057726014863647e-05
Completed 99 % :  mod = 2.5270376804393396e-10,  Error =1.064334018963109e-05
Completed 100 % :  mod = 1.0014170119409296e-10,  Error =1.0743212250474699e-05
Finished 125/201 frames
Finished all frames!
