/opt/local/miniconda_23_9/lib/python3.11/site-packages/conda/base/context.py:201: FutureWarning: Adding 'defaults' to channel list implicitly is deprecated and will be removed in 25.3. 

To remove this warning, please choose a default channel explicitly with conda's regular configuration system, e.g. by adding 'defaults' to the list of channels:

  conda config --add channels defaults

For more information see https://docs.conda.io/projects/conda/en/stable/user-guide/configuration/use-condarc.html

  deprecated.topic(
JOB 13512 ARRAY_ID 158  -> i=158 ; range=[1.9e-10, 6.0e-10] ; intervals=200 (frames=201)
Density options: centers='2.0e-10,4.0e-10' width='5e-11,5e-11' strength=''
Completed 0 % :  mod = 3.517740817716702e-16,  Error =-1.4210854715202004e-14
Completed 1 % :  mod = 5.845069129016137e-16,  Error =1.8351243369352233e-07
Completed 2 % :  mod = 1.5906562921809318e-15,  Error =3.670245547482409e-07
Completed 3 % :  mod = 4.701553936586317e-15,  Error =5.505365479052671e-07
Completed 4 % :  mod = 1.4033523736310066e-14,  Error =7.340482568451989e-07
Completed 5 % :  mod = 4.193458059695951e-14,  Error =9.17560029733977e-07
Completed 6 % :  mod = 1.2532326007173536e-13,  Error =1.101072001574721e-06
Completed 7 % :  mod = 3.7453901052327297e-13,  Error =1.2845845773767905e-06
Completed 8 % :  mod = 1.1193420678018621e-12,  Error =1.4680970252811676e-06
Completed 9 % :  mod = 3.3452311566361487e-12,  Error =1.651603419361436e-06
Completed 10 % :  mod = 9.996932804028477e-12,  Error =1.8350662784882843e-06
Completed 11 % :  mod = 2.986095223295435e-11,  Error =2.018137251980079e-06
Completed 12 % :  mod = 8.88026291802158e-11,  Error =2.1978120798848977e-06
Completed 13 % :  mod = 2.503603358443535e-10,  Error =2.3533333148861857e-06
Completed 14 % :  mod = 3.5639875526770746e-10,  Error =2.449517332081541e-06
Completed 15 % :  mod = 1.2171943581331514e-10,  Error =2.583613635920301e-06
Completed 16 % :  mod = 5.904566000248011e-11,  Error =2.757261327701599e-06
Completed 17 % :  mod = 7.718562952983787e-11,  Error =2.9363196887288723e-06
Completed 18 % :  mod = 1.6287196843434693e-10,  Error =3.1061121035236283e-06
Completed 19 % :  mod = 3.4195243216128864e-10,  Error =3.2263175810953726e-06
Completed 20 % :  mod = 2.1161953578571605e-10,  Error =3.333335520494529e-06
Completed 21 % :  mod = 9.378925001738694e-11,  Error =3.4961315336090593e-06
Completed 22 % :  mod = 6.794104623599196e-11,  Error =3.6728771419802797e-06
Completed 23 % :  mod = 1.4966599458789408e-10,  Error =3.842490414740496e-06
Completed 24 % :  mod = 3.843122615519499e-10,  Error =3.967461218223889e-06
Completed 25 % :  mod = 2.0592667453426527e-10,  Error =4.065842126976804e-06
Completed 26 % :  mod = 9.408518992340505e-11,  Error =4.2249941003547065e-06
Completed 27 % :  mod = 5.620351219318367e-11,  Error =4.40315054106577e-06
Completed 28 % :  mod = 8.337590052813384e-11,  Error =4.581365466549414e-06
Completed 28 % :  mod = 2.3033920418818585e-10,  Error =4.739106010731575e-06
Completed 30 % :  mod = 3.881122578381318e-10,  Error =4.842329673238055e-06
Completed 31 % :  mod = 1.3659281597805408e-10,  Error =4.965007413204603e-06
Completed 32 % :  mod = 9.2794495795198e-11,  Error =5.130635607031309e-06
Completed 33 % :  mod = 1.9813075095550574e-10,  Error =5.295230145918595e-06
Completed 34 % :  mod = 3.170707711261111e-10,  Error =5.423902983636708e-06
Completed 35 % :  mod = 2.0312711601352183e-10,  Error =5.519205267034977e-06
Completed 36 % :  mod = 1.8931216967574788e-10,  Error =5.667558987454413e-06
Completed 37 % :  mod = 1.7922659820563966e-10,  Error =5.8258789010778855e-06
Completed 38 % :  mod = 2.581253855593868e-10,  Error =5.9522893849361935e-06
Completed 39 % :  mod = 2.7910464674203587e-10,  Error =6.054921449560879e-06
Completed 40 % :  mod = 1.796306015356599e-10,  Error =6.1978637901916045e-06
Completed 41 % :  mod = 1.8876821965863692e-10,  Error =6.3451787752910604e-06
Completed 42 % :  mod = 3.017160186726786e-10,  Error =6.452103619380978e-06
Completed 43 % :  mod = 2.6615442270484265e-10,  Error =6.56988953551263e-06
Completed 44 % :  mod = 1.3369971770654803e-10,  Error =6.723146562137572e-06
Completed 45 % :  mod = 1.5723027037582522e-10,  Error =6.877814058725562e-06
Completed 46 % :  mod = 4.229619529413163e-10,  Error =6.987540302816342e-06
Completed 47 % :  mod = 1.803363621755474e-10,  Error =7.097906483011229e-06
Completed 48 % :  mod = 1.0967821036359661e-10,  Error =7.2535547701590986e-06
Completed 49 % :  mod = 1.8591150386089497e-10,  Error =7.418818164239838e-06
Completed 50 % :  mod = 3.0291926933197667e-10,  Error =7.553671458992994e-06
Completed 51 % :  mod = 2.7615897783011956e-10,  Error =7.646283620488248e-06
Completed 52 % :  mod = 1.0908184176445186e-10,  Error =7.791921852629002e-06
Completed 53 % :  mod = 9.569080575936842e-11,  Error =7.962179154219484e-06
Completed 54 % :  mod = 2.0109208402318413e-10,  Error =8.123961521278034e-06
Completed 55 % :  mod = 3.482181818896595e-10,  Error =8.233433661075651e-06
Completed 56 % :  mod = 2.2027828639990713e-10,  Error =8.344991350384134e-06
Completed 56 % :  mod = 8.275382252446962e-11,  Error =8.507996781759175e-06
Completed 57 % :  mod = 8.738779969295114e-11,  Error =8.682142841109908e-06
Completed 59 % :  mod = 2.3387496803053895e-10,  Error =8.841794212344212e-06
Completed 60 % :  mod = 3.485907096617745e-10,  Error =8.946877464666159e-06
Completed 61 % :  mod = 1.7416202996014147e-10,  Error =9.06420186908008e-06
Completed 62 % :  mod = 1.2005180347230266e-10,  Error =9.229505359087398e-06
Completed 63 % :  mod = 1.105444528672122e-10,  Error =9.399985607672079e-06
Completed 64 % :  mod = 2.773052197107659e-10,  Error =9.5433994502514e-06
Completed 65 % :  mod = 3.0110618123302256e-10,  Error =9.635457530521307e-06
Completed 66 % :  mod = 1.4954208229716932e-10,  Error =9.774045508947893e-06
Completed 67 % :  mod = 1.2970983780388073e-10,  Error =9.940198346214402e-06
Completed 68 % :  mod = 1.9069655338208221e-10,  Error =1.0096889560884392e-05
Completed 69 % :  mod = 4.096454586079015e-10,  Error =1.0206580142835264e-05
Completed 70 % :  mod = 1.5680473279087067e-10,  Error =1.0316651270159127e-05
Completed 71 % :  mod = 1.0693472047423091e-10,  Error =1.0472278475504027e-05
Completed 72 % :  mod = 2.59787122859954e-10,  Error =1.0629291693931009e-05
Completed 73 % :  mod = 2.962145650796175e-10,  Error =1.0748839898155893e-05
Completed 74 % :  mod = 2.0738908208220497e-10,  Error =1.085132097244923e-05
Completed 75 % :  mod = 1.9725620407229683e-10,  Error =1.0998752571822479e-05
Completed 76 % :  mod = 2.1616704898197743e-10,  Error =1.1147022824786745e-05
Completed 77 % :  mod = 3.0338202356413643e-10,  Error =1.1253205059347238e-05
Completed 78 % :  mod = 1.7707730789910888e-10,  Error =1.1371694249362463e-05
Completed 79 % :  mod = 1.8732640197758846e-10,  Error =1.1527499182761858e-05
Completed 80 % :  mod = 2.1064246585533177e-10,  Error =1.1676058932152955e-05
Completed 81 % :  mod = 3.138713652398874e-10,  Error =1.1774017011134674e-05
Completed 82 % :  mod = 2.3071446581017643e-10,  Error =1.189756761021954e-05
Completed 83 % :  mod = 9.967330769932636e-11,  Error =1.205922501412715e-05
Completed 84 % :  mod = 1.4491568442472035e-10,  Error =1.2220548597952074e-05
Completed 85 % :  mod = 4.052597831739414e-10,  Error =1.233840901448957e-05
Completed 86 % :  mod = 2.0407832538170008e-10,  Error =1.2442312154803403e-05
Completed 87 % :  mod = 1.2143935205167008e-10,  Error =1.2599033730964493e-05
Completed 88 % :  mod = 1.0361799591857845e-10,  Error =1.2771678633782813e-05
Completed 89 % :  mod = 1.938099988366608e-10,  Error =1.2931920387870832e-05
Completed 90 % :  mod = 3.661740650799927e-10,  Error =1.3037306416663341e-05
Completed 91 % :  mod = 1.446146640279881e-10,  Error =1.3156218322762925e-05
Completed 92 % :  mod = 1.0842003223897138e-10,  Error =1.3323401532261414e-05
Completed 93 % :  mod = 1.1803308842911036e-10,  Error =1.3497590131805737e-05
Completed 94 % :  mod = 1.9839353469794073e-10,  Error =1.3653307910033163e-05
Completed 95 % :  mod = 4.081077983077608e-10,  Error =1.3753547442263425e-05
Completed 96 % :  mod = 1.3188993733254827e-10,  Error =1.3876502364951193e-05
Completed 97 % :  mod = 8.837143383764721e-11,  Error =1.4040918500768385e-05
Completed 98 % :  mod = 2.1296073236877437e-10,  Error =1.42059729668631e-05
Completed 99 % :  mod = 3.062368686662462e-10,  Error =1.433491931379649e-05
Completed 100 % :  mod = 2.374640045062962e-10,  Error =1.4429080010813777e-05
Finished 159/201 frames
Finished all frames!
