/opt/local/miniconda_23_9/lib/python3.11/site-packages/conda/base/context.py:201: FutureWarning: Adding 'defaults' to channel list implicitly is deprecated and will be removed in 25.3. 

To remove this warning, please choose a default channel explicitly with conda's regular configuration system, e.g. by adding 'defaults' to the list of channels:

  conda config --add channels defaults

For more information see https://docs.conda.io/projects/conda/en/stable/user-guide/configuration/use-condarc.html

  deprecated.topic(
JOB 13983 ARRAY_ID 112  -> i=112 ; range=[1.9e-10, 5.0e-10] ; intervals=200 (frames=201)
Analytic t0 extension enabled (--extend-time-using-t0).
Density options: centers='2.0e-10,4.0e-10' width='2.0e-11,5.0e-11' strength='7.0'
Completed 0 % :  mod = 3.0971274326770046e-16,  Error =-1.4210854715202004e-14
Completed 1 % :  mod = 4.662697747697098e-16,  Error =1.1026686763671023e-07
Completed 2 % :  mod = 1.0942172346618252e-15,  Error =2.205343676564553e-07
Completed 3 % :  mod = 2.828398819656265e-15,  Error =3.30801960046756e-07
Completed 4 % :  mod = 7.422041218674805e-15,  Error =4.4106923979825297e-07
Completed 5 % :  mod = 1.9519235099157816e-14,  Error =5.513366900800065e-07
Completed 6 % :  mod = 5.135002793361118e-14,  Error =6.616030958639385e-07
Completed 7 % :  mod = 1.3509478170375796e-13,  Error =7.718705674619741e-07
Completed 8 % :  mod = 3.554178964210291e-13,  Error =8.821385506507795e-07
Completed 9 % :  mod = 9.350611020360995e-13,  Error =9.924062709387726e-07
Completed 10 % :  mod = 2.4600147975393502e-12,  Error =1.1026692803284277e-06
Completed 11 % :  mod = 6.4716417937340704e-12,  Error =1.2129190238852061e-06
Completed 12 % :  mod = 1.7019461954902704e-11,  Error =1.3230656890073078e-06
Completed 13 % :  mod = 4.465439814423798e-11,  Error =1.4325021453487352e-06
Completed 14 % :  mod = 1.1520722489890705e-10,  Error =1.5373325865652987e-06
Completed 15 % :  mod = 2.595249380862061e-10,  Error =1.6206600932378024e-06
Completed 16 % :  mod = 2.547188639796744e-10,  Error =1.6783809400067184e-06
Completed 17 % :  mod = 1.0755397693297161e-10,  Error =1.764516333935262e-06
Completed 18 % :  mod = 4.453787769628338e-11,  Error =1.8696561028264114e-06
Completed 19 % :  mod = 3.189380244261022e-11,  Error =1.9786970426594053e-06
Completed 20 % :  mod = 4.566344207970716e-11,  Error =2.087807146722298e-06
Completed 21 % :  mod = 9.443095373383512e-11,  Error =2.1936457130777853e-06
Completed 22 % :  mod = 2.427272960823857e-10,  Error =2.2816548153059557e-06
Completed 23 % :  mod = 2.820960502556447e-10,  Error =2.3414397176679813e-06
Completed 24 % :  mod = 1.1483052044265976e-10,  Error =2.4213808629269806e-06
Completed 25 % :  mod = 6.055385277651946e-11,  Error =2.5246931656397464e-06
Completed 26 % :  mod = 4.699922179316253e-11,  Error =2.6327974680384614e-06
Completed 27 % :  mod = 6.936076430659647e-11,  Error =2.7401631328416443e-06
Completed 28 % :  mod = 1.6957147610249105e-10,  Error =2.8380191849919356e-06
Completed 28 % :  mod = 3.1598520057477005e-10,  Error =2.907202357960159e-06
Completed 30 % :  mod = 1.65654732521565e-10,  Error =2.971038277621574e-06
Completed 31 % :  mod = 9.401090640069892e-11,  Error =3.0665505263982595e-06
Completed 32 % :  mod = 6.366436417876224e-11,  Error =3.172303877363447e-06
Completed 33 % :  mod = 8.240974442312903e-11,  Error =3.277854304428729e-06
Completed 34 % :  mod = 2.0209390955915256e-10,  Error =3.3709070521581452e-06
Completed 35 % :  mod = 3.131037569245655e-10,  Error =3.4360911840281005e-06
Completed 36 % :  mod = 1.413549682876335e-10,  Error =3.505255158131604e-06
Completed 37 % :  mod = 9.694794363512604e-11,  Error =3.6021442824107908e-06
Completed 38 % :  mod = 1.0858094223991328e-10,  Error =3.705081830673862e-06
Completed 39 % :  mod = 1.574604083706714e-10,  Error =3.8005418545594694e-06
Completed 40 % :  mod = 2.937609410914862e-10,  Error =3.866335859470382e-06
Completed 41 % :  mod = 2.0022992035696203e-10,  Error =3.934698682428461e-06
Completed 42 % :  mod = 7.685156794636465e-11,  Error =4.0301473163140145e-06
Completed 43 % :  mod = 5.660172429219739e-11,  Error =4.136059160941841e-06
Completed 44 % :  mod = 1.057202830021802e-10,  Error =4.241290014306287e-06
Completed 45 % :  mod = 1.9003024872988732e-10,  Error =4.334457543109238e-06
Completed 46 % :  mod = 2.914918369659042e-10,  Error =4.395010968494262e-06
Completed 47 % :  mod = 1.643180209170242e-10,  Error =4.468597360585136e-06
Completed 48 % :  mod = 5.954637032241539e-11,  Error =4.568773320556829e-06
Completed 49 % :  mod = 3.6104958675226903e-11,  Error =4.676760489985554e-06
Completed 50 % :  mod = 5.6208657088792616e-11,  Error =4.785387346828429e-06
Completed 51 % :  mod = 1.0498577848536239e-10,  Error =4.89039755535714e-06
Completed 52 % :  mod = 2.4214721419590573e-10,  Error =4.975828957753947e-06
Completed 53 % :  mod = 2.841205681358759e-10,  Error =5.035368282335639e-06
Completed 54 % :  mod = 1.0779704217898743e-10,  Error =5.117412044342018e-06
Completed 55 % :  mod = 6.18922931643558e-11,  Error =5.2204755149887205e-06
Completed 56 % :  mod = 7.759493999300518e-11,  Error =5.32722051360679e-06
Completed 56 % :  mod = 1.2428394946393095e-10,  Error =5.429682794044766e-06
Completed 57 % :  mod = 2.5259905417922917e-10,  Error =5.509247650081761e-06
Completed 59 % :  mod = 2.627721078706212e-10,  Error =5.569726958754018e-06
Completed 60 % :  mod = 1.0378398676341547e-10,  Error =5.656323239122685e-06
Completed 61 % :  mod = 6.829534400142302e-11,  Error =5.759193172139021e-06
Completed 62 % :  mod = 1.1966771461003554e-10,  Error =5.862657872057753e-06
Completed 63 % :  mod = 2.1377518572373042e-10,  Error =5.953322755658519e-06
Completed 64 % :  mod = 2.665243245027033e-10,  Error =6.013111438107899e-06
Completed 65 % :  mod = 1.5559854558614917e-10,  Error =6.0893207844969766e-06
Completed 66 % :  mod = 6.318398674737298e-11,  Error =6.190354440605006e-06
Completed 67 % :  mod = 4.785814183521079e-11,  Error =6.297842617186689e-06
Completed 68 % :  mod = 8.616595901950696e-11,  Error =6.4045501986242925e-06
Completed 69 % :  mod = 1.830323676401858e-10,  Error =6.501202264530548e-06
Completed 70 % :  mod = 2.86362469887114e-10,  Error =6.567083197239754e-06
Completed 71 % :  mod = 1.6975264469423698e-10,  Error =6.635874065352709e-06
Completed 72 % :  mod = 7.700323898503326e-11,  Error =6.734375666894721e-06
Completed 73 % :  mod = 4.4448048411262823e-11,  Error =6.841691167380759e-06
Completed 74 % :  mod = 5.742972129818229e-11,  Error =6.949739820072409e-06
Completed 75 % :  mod = 1.3665300878980716e-10,  Error =7.052585665690003e-06
Completed 76 % :  mod = 2.548882379147555e-10,  Error =7.13310374322873e-06
Completed 77 % :  mod = 2.3833457622064794e-10,  Error =7.190868458906152e-06
Completed 78 % :  mod = 1.2379487365813494e-10,  Error =7.27821440449361e-06
Completed 79 % :  mod = 6.425797122005594e-11,  Error =7.381415592533358e-06
Completed 80 % :  mod = 8.728224591371767e-11,  Error =7.486206584417232e-06
Completed 81 % :  mod = 2.1282188874870428e-10,  Error =7.580253601702225e-06
Completed 82 % :  mod = 2.715183771445468e-10,  Error =7.646117957449405e-06
Completed 83 % :  mod = 1.5827750316662877e-10,  Error =7.715744715142137e-06
Completed 84 % :  mod = 1.025818926791218e-10,  Error =7.813471221140844e-06
Completed 85 % :  mod = 7.785350024955137e-11,  Error =7.91788601617327e-06
Completed 86 % :  mod = 1.3063398653233302e-10,  Error =8.017145979977158e-06
Completed 87 % :  mod = 3.177734538369423e-10,  Error =8.09168514592784e-06
Completed 88 % :  mod = 2.0024531559401372e-10,  Error =8.152634556779503e-06
Completed 89 % :  mod = 9.687448295132438e-11,  Error =8.243109306249607e-06
Completed 90 % :  mod = 6.400947918916657e-11,  Error =8.348569828342534e-06
Completed 91 % :  mod = 6.035211209860953e-11,  Error =8.455936026052768e-06
Completed 92 % :  mod = 1.2070133880069883e-10,  Error =8.55811357780567e-06
Completed 93 % :  mod = 2.9935796333865656e-10,  Error =8.636508944448451e-06
Completed 94 % :  mod = 2.2000259990549996e-10,  Error =8.695839284200702e-06
Completed 95 % :  mod = 9.978132090898146e-11,  Error =8.785117501020068e-06
Completed 96 % :  mod = 4.409119382904338e-11,  Error =8.891294307034059e-06
Completed 97 % :  mod = 2.1519816673978276e-11,  Error =9.000629312083674e-06
Completed 98 % :  mod = 3.2989435547279e-11,  Error =9.110169315817984e-06
Completed 99 % :  mod = 8.384517660618311e-11,  Error =9.217794897153908e-06
Completed 100 % :  mod = 1.7826115199812903e-10,  Error =9.314389274095447e-06
Finished 113/201 frames
Finished all frames!
