/opt/local/miniconda_23_9/lib/python3.11/site-packages/conda/base/context.py:201: FutureWarning: Adding 'defaults' to channel list implicitly is deprecated and will be removed in 25.3. 

To remove this warning, please choose a default channel explicitly with conda's regular configuration system, e.g. by adding 'defaults' to the list of channels:

  conda config --add channels defaults

For more information see https://docs.conda.io/projects/conda/en/stable/user-guide/configuration/use-condarc.html

  deprecated.topic(
JOB 13428 ARRAY_ID 74  -> i=74 ; range=[1.9e-10, 6.0e-10] ; intervals=200 (frames=201)
Density options: centers='2.0e-10,4.0e-10' width='5e-11,5e-11' strength=''
Completed 0 % :  mod = 2.546443048905453e-16,  Error =-1.4210854715202004e-14
Completed 1 % :  mod = 3.337454079718603e-16,  Error =5.038977946014711e-08
Completed 2 % :  mod = 6.20191654305972e-16,  Error =1.0077987866452531e-07
Completed 3 % :  mod = 1.2919427631820098e-15,  Error =1.5117002760689502e-07
Completed 4 % :  mod = 2.7663358135704845e-15,  Error =2.0156002733529021e-07
Completed 5 % :  mod = 5.959363158792956e-15,  Error =2.5194984942800147e-07
Completed 6 % :  mod = 1.285474864523023e-14,  Error =3.023399486323797e-07
Completed 7 % :  mod = 2.7736370547482217e-14,  Error =3.5272987020107394e-07
Completed 8 % :  mod = 5.98496951107921e-14,  Error =4.031193228115626e-07
Completed 9 % :  mod = 1.2914567864285418e-13,  Error =4.5351011834782184e-07
Completed 10 % :  mod = 2.786755974648167e-13,  Error =5.039005301910038e-07
Completed 11 % :  mod = 6.013369078303851e-13,  Error =5.542909136124763e-07
Completed 12 % :  mod = 1.297582428396889e-12,  Error =6.04680366222965e-07
Completed 13 % :  mod = 2.799905097537024e-12,  Error =6.550683764317e-07
Completed 14 % :  mod = 6.04102890308587e-12,  Error =7.054464177258524e-07
Completed 15 % :  mod = 1.30283292114051e-11,  Error =7.557814356573545e-07
Completed 16 % :  mod = 2.804028110258579e-11,  Error =8.059145599759177e-07
Completed 17 % :  mod = 5.97792526561687e-11,  Error =8.551385235477937e-07
Completed 18 % :  mod = 1.2190374762811927e-10,  Error =9.006672243572211e-07
Completed 19 % :  mod = 2.037408905230505e-10,  Error =9.362066109019906e-07
Completed 20 % :  mod = 1.8689477238184922e-10,  Error =9.650812913264417e-07
Completed 21 % :  mod = 1.0287386637767596e-10,  Error =1.0037144306807022e-06
Completed 22 % :  mod = 4.910352986216687e-11,  Error =1.050643319899791e-06
Completed 23 % :  mod = 2.3926512389810303e-11,  Error =1.1002251625313875e-06
Completed 24 % :  mod = 1.1789089503788927e-11,  Error =1.1504263142114723e-06
Completed 25 % :  mod = 7.329214098947333e-12,  Error =1.2007614884623763e-06
Completed 26 % :  mod = 7.59400240179274e-12,  Error =1.2511192792885595e-06
Completed 27 % :  mod = 1.2303729059903153e-11,  Error =1.3014511779374516e-06
Completed 28 % :  mod = 2.4381632872593535e-11,  Error =1.3516355181764084e-06
Completed 28 % :  mod = 5.256246112561494e-11,  Error =1.4011371547439921e-06
Completed 30 % :  mod = 1.0634309272436503e-10,  Error =1.447796968534476e-06
Completed 31 % :  mod = 1.895315722203294e-10,  Error =1.4856733159263058e-06
Completed 32 % :  mod = 2.040588666798229e-10,  Error =1.5145151621709374e-06
Completed 33 % :  mod = 1.1522177162123871e-10,  Error =1.5507283208648914e-06
Completed 34 % :  mod = 5.8128981471872144e-11,  Error =1.5965722823807482e-06
Completed 35 % :  mod = 2.9047351034729535e-11,  Error =1.6458406761898914e-06
Completed 36 % :  mod = 1.5685599517786602e-11,  Error =1.6959336477384568e-06
Completed 37 % :  mod = 1.3377101205381977e-11,  Error =1.7461974692878357e-06
Completed 38 % :  mod = 1.9446211768484172e-11,  Error =1.7964341481047086e-06
Completed 39 % :  mod = 3.5544469731901066e-11,  Error =1.8463680575564467e-06
Completed 40 % :  mod = 7.47666853830704e-11,  Error =1.89490393864844e-06
Completed 41 % :  mod = 1.4858265817076543e-10,  Error =1.938219426733667e-06
Completed 42 % :  mod = 2.1069588833733285e-10,  Error =1.970435846487817e-06
Completed 43 % :  mod = 1.6258401489705083e-10,  Error =2.000996254025722e-06
Completed 44 % :  mod = 8.544138886016296e-11,  Error =2.0427747244866623e-06
Completed 45 % :  mod = 4.029275621617082e-11,  Error =2.090780171215556e-06
Completed 46 % :  mod = 2.2785184983907032e-11,  Error =2.1405637511406894e-06
Completed 47 % :  mod = 1.6747516166974376e-11,  Error =2.1907328360271094e-06
Completed 48 % :  mod = 2.0553057400244726e-11,  Error =2.2409157551805947e-06
Completed 49 % :  mod = 3.913964858234036e-11,  Error =2.2907690606643882e-06
Completed 50 % :  mod = 7.914421865565591e-11,  Error =2.339126496053723e-06
Completed 51 % :  mod = 1.473462243013755e-10,  Error =2.3818891961013833e-06
Completed 52 % :  mod = 2.2075426029375556e-10,  Error =2.4134365972372507e-06
Completed 53 % :  mod = 1.5387616863921375e-10,  Error =2.444526892020349e-06
Completed 54 % :  mod = 8.099044286687601e-11,  Error =2.4867471069001112e-06
Completed 55 % :  mod = 4.0441480874086296e-11,  Error =2.534967244116615e-06
Completed 56 % :  mod = 2.013091689776145e-11,  Error =2.584809351446893e-06
Completed 56 % :  mod = 1.4320202903927938e-11,  Error =2.6350203157221586e-06
Completed 57 % :  mod = 1.7177423511471988e-11,  Error =2.6852701324742156e-06
Completed 59 % :  mod = 2.896582754722129e-11,  Error =2.7353415177344687e-06
Completed 60 % :  mod = 5.978559512809055e-11,  Error =2.7845224153111303e-06
Completed 61 % :  mod = 1.2330612072963177e-10,  Error =2.830103397855055e-06
Completed 62 % :  mod = 1.977929399768268e-10,  Error =2.865895638137772e-06
Completed 63 % :  mod = 1.9075474063868177e-10,  Error =2.8947080963348526e-06
Completed 64 % :  mod = 1.0567706250203185e-10,  Error =2.933090257783988e-06
Completed 65 % :  mod = 5.0810654239165554e-11,  Error =2.97976599483718e-06
Completed 66 % :  mod = 2.9243145216958767e-11,  Error =3.029189066694471e-06
Completed 67 % :  mod = 2.088732314405971e-11,  Error =3.0792255856226802e-06
Completed 68 % :  mod = 2.5301055050710877e-11,  Error =3.1292913504898934e-06
Completed 69 % :  mod = 4.8822676481270547e-11,  Error =3.1788632384177617e-06
Completed 70 % :  mod = 9.538340109298464e-11,  Error =3.226257064170568e-06
Completed 71 % :  mod = 1.6985776375908034e-10,  Error =3.266237165178154e-06
Completed 72 % :  mod = 2.181601302983118e-10,  Error =3.2957933626676095e-06
Completed 73 % :  mod = 1.2963057620207683e-10,  Error =3.3296653327852255e-06
Completed 74 % :  mod = 6.871879841770262e-11,  Error =3.374016124269019e-06
Completed 75 % :  mod = 3.836187285680961e-11,  Error =3.4227534868591647e-06
Completed 76 % :  mod = 2.5238776197867987e-11,  Error =3.4725593138773547e-06
Completed 77 % :  mod = 3.0632043967814085e-11,  Error =3.522468311700777e-06
Completed 78 % :  mod = 5.765555385066711e-11,  Error =3.571747306807538e-06
Completed 79 % :  mod = 1.0412307882375953e-10,  Error =3.618264720728348e-06
Completed 80 % :  mod = 1.8934674140050676e-10,  Error =3.656019252673559e-06
Completed 81 % :  mod = 2.073033155077403e-10,  Error =3.685232790928694e-06
Completed 82 % :  mod = 1.1296462605631824e-10,  Error =3.7211907510936726e-06
Completed 83 % :  mod = 6.347140629023192e-11,  Error =3.766780409364401e-06
Completed 84 % :  mod = 3.677266321773385e-11,  Error =3.81576119679039e-06
Completed 85 % :  mod = 2.944716137065968e-11,  Error =3.86550254205531e-06
Completed 86 % :  mod = 4.453455056028743e-11,  Error =3.915058059078547e-06
Completed 87 % :  mod = 8.634000679442085e-11,  Error =3.963046708577167e-06
Completed 88 % :  mod = 1.4751253797819355e-10,  Error =4.0053000489592705e-06
Completed 89 % :  mod = 2.2078759243741758e-10,  Error =4.036343263180697e-06
Completed 90 % :  mod = 1.5345377275481643e-10,  Error =4.068021212333406e-06
Completed 91 % :  mod = 7.782330331451123e-11,  Error =4.11040625891701e-06
Completed 92 % :  mod = 4.375189742818749e-11,  Error =4.158587863400953e-06
Completed 93 % :  mod = 2.6595502693625057e-11,  Error =4.208277196937615e-06
Completed 94 % :  mod = 2.7288129352585338e-11,  Error =4.258222361386288e-06
Completed 95 % :  mod = 4.8585695727332765e-11,  Error =4.307770772982167e-06
Completed 96 % :  mod = 9.086848610088247e-11,  Error =4.355361923558121e-06
Completed 97 % :  mod = 1.637197149415389e-10,  Error =4.396026191955116e-06
Completed 98 % :  mod = 2.216042960303599e-10,  Error =4.42608542527978e-06
Completed 99 % :  mod = 1.3445636614261644e-10,  Error =4.459110762411456e-06
Completed 100 % :  mod = 7.368716013970144e-11,  Error =4.5028360986520966e-06
Finished 75/201 frames
Finished all frames!
