/opt/local/miniconda_23_9/lib/python3.11/site-packages/conda/base/context.py:201: FutureWarning: Adding 'defaults' to channel list implicitly is deprecated and will be removed in 25.3. 

To remove this warning, please choose a default channel explicitly with conda's regular configuration system, e.g. by adding 'defaults' to the list of channels:

  conda config --add channels defaults

For more information see https://docs.conda.io/projects/conda/en/stable/user-guide/configuration/use-condarc.html

  deprecated.topic(
JOB 14007 ARRAY_ID 136  -> i=136 ; range=[1.9e-10, 5.0e-10] ; intervals=200 (frames=201)
Analytic t0 extension enabled (--extend-time-using-t0).
Density options: centers='2.0e-10,4.0e-10' width='2.0e-11,5.0e-11' strength='7.0'
Completed 0 % :  mod = 3.2676093796716504e-16,  Error =-1.4210854715202004e-14
Completed 1 % :  mod = 5.123589617330269e-16,  Error =1.366249620105009e-07
Completed 2 % :  mod = 1.2799899138917149e-15,  Error =2.7325033613578853e-07
Completed 3 % :  mod = 3.5016722984082202e-15,  Error =4.0987512761603284e-07
Completed 4 % :  mod = 9.701207628470176e-15,  Error =5.464996419846102e-07
Completed 5 % :  mod = 2.692118521724074e-14,  Error =6.831249947936158e-07
Completed 6 % :  mod = 7.472326940657217e-14,  Error =8.197494381079196e-07
Completed 7 % :  mod = 2.0740998187097597e-13,  Error =9.56374549332395e-07
Completed 8 % :  mod = 5.757114810455139e-13,  Error =1.0929996108188789e-06
Completed 9 % :  mod = 1.5980095593889096e-12,  Error =1.2296240541331827e-06
Completed 10 % :  mod = 4.435539893070799e-12,  Error =1.3662403901548714e-06
Completed 11 % :  mod = 1.230995907028214e-11,  Error =1.502796159513764e-06
Completed 12 % :  mod = 3.412913996475958e-11,  Error =1.6388998318461745e-06
Completed 13 % :  mod = 9.385711582248936e-11,  Error =1.7716369313802716e-06
Completed 14 % :  mod = 2.3934001346546477e-10,  Error =1.884411716446266e-06
Completed 15 % :  mod = 3.1383936057918377e-10,  Error =1.956468182129356e-06
Completed 16 % :  mod = 1.212555755656206e-10,  Error =2.0556448916408954e-06
Completed 17 % :  mod = 5.441725286914839e-11,  Error =2.184429639839891e-06
Completed 18 % :  mod = 4.4343480294953133e-11,  Error =2.3189540456769464e-06
Completed 19 % :  mod = 7.187664653173636e-11,  Error =2.452643791173159e-06
Completed 20 % :  mod = 1.6746067276541e-10,  Error =2.57520024860014e-06
Completed 21 % :  mod = 3.5356217410510777e-10,  Error =2.6587116579435133e-06
Completed 22 % :  mod = 1.660146032683872e-10,  Error =2.7397606388035456e-06
Completed 23 % :  mod = 8.068340841371146e-11,  Error =2.8612746518774657e-06
Completed 24 % :  mod = 5.4464396852553773e-11,  Error =2.9941573771452568e-06
Completed 25 % :  mod = 7.311482417366048e-11,  Error =3.1270974787389605e-06
Completed 26 % :  mod = 1.796592353763346e-10,  Error =3.248201274175244e-06
Completed 27 % :  mod = 3.530234303613195e-10,  Error =3.3315888856577658e-06
Completed 28 % :  mod = 1.5819090889009554e-10,  Error =3.412723266649209e-06
Completed 28 % :  mod = 9.264941334669474e-11,  Error =3.5331511298863916e-06
Completed 30 % :  mod = 8.954633121138321e-11,  Error =3.663396711317546e-06
Completed 31 % :  mod = 1.3652680859241012e-10,  Error =3.7882947623302243e-06
Completed 32 % :  mod = 3.053662995794586e-10,  Error =3.879656254923702e-06
Completed 33 % :  mod = 2.4040899726491127e-10,  Error =3.958152717586927e-06
Completed 34 % :  mod = 8.702980093627456e-11,  Error =4.073635665235997e-06
Completed 35 % :  mod = 5.505361548839081e-11,  Error =4.204752308112347e-06
Completed 36 % :  mod = 1.0945159448120591e-10,  Error =4.335391359688856e-06
Completed 37 % :  mod = 2.2425772326814292e-10,  Error =4.4499652886997865e-06
Completed 38 % :  mod = 2.980981247823403e-10,  Error =4.522418677765927e-06
Completed 39 % :  mod = 1.497302344829883e-10,  Error =4.618693928648554e-06
Completed 40 % :  mod = 5.039931285627149e-11,  Error =4.746585894110922e-06
Completed 41 % :  mod = 2.3745085787253504e-11,  Error =4.881661666900072e-06
Completed 42 % :  mod = 3.4631792972664636e-11,  Error =5.017527350048567e-06
Completed 43 % :  mod = 7.125240800339437e-11,  Error =5.1518357082613875e-06
Completed 44 % :  mod = 1.6741561575676473e-10,  Error =5.274850089165284e-06
Completed 45 % :  mod = 3.499903675952617e-10,  Error =5.3581109114020364e-06
Completed 46 % :  mod = 1.6301413153607608e-10,  Error =5.439914630755993e-06
Completed 47 % :  mod = 7.692399952160321e-11,  Error =5.562369047140692e-06
Completed 48 % :  mod = 4.683924772384027e-11,  Error =5.6959468679451675e-06
Completed 49 % :  mod = 5.12129451299855e-11,  Error =5.830477597612571e-06
Completed 50 % :  mod = 1.2631832421844658e-10,  Error =5.9591645822365535e-06
Completed 51 % :  mod = 3.0804830022810153e-10,  Error =6.059479211728558e-06
Completed 52 % :  mod = 2.3267919482959428e-10,  Error =6.129764713591612e-06
Completed 53 % :  mod = 1.0808042086646674e-10,  Error =6.2416762958150684e-06
Completed 54 % :  mod = 4.2905066722192463e-11,  Error =6.373536422188408e-06
Completed 55 % :  mod = 2.855339910960368e-11,  Error =6.5088929090961756e-06
Completed 56 % :  mod = 6.048995155100733e-11,  Error =6.643568319475435e-06
Completed 56 % :  mod = 1.4997362912897932e-10,  Error =6.770509493492227e-06
Completed 57 % :  mod = 3.054482683002923e-10,  Error =6.8628536880055435e-06
Completed 59 % :  mod = 2.202054389698682e-10,  Error =6.939047942466914e-06
Completed 60 % :  mod = 9.168485274107599e-11,  Error =7.056431428509313e-06
Completed 61 % :  mod = 4.431438929040594e-11,  Error =7.188530148027894e-06
Completed 62 % :  mod = 7.214788484824233e-11,  Error =7.32170700956658e-06
Completed 63 % :  mod = 1.8274329377865224e-10,  Error =7.445462614441567e-06
Completed 64 % :  mod = 3.006467252326374e-10,  Error =7.534183716018106e-06
Completed 65 % :  mod = 1.9132293816067755e-10,  Error =7.612766566467144e-06
Completed 66 % :  mod = 1.0700197835090727e-10,  Error =7.731235193375596e-06
Completed 67 % :  mod = 8.251761463266632e-11,  Error =7.860359310996046e-06
Completed 68 % :  mod = 1.4612015856742264e-10,  Error =7.983105746234287e-06
Completed 69 % :  mod = 3.512955784559347e-10,  Error =8.07200189001378e-06
Completed 70 % :  mod = 1.9809234697925263e-10,  Error =8.148703621202458e-06
Completed 71 % :  mod = 8.607869612788708e-11,  Error =8.265247203098625e-06
Completed 72 % :  mod = 6.117024340645833e-11,  Error =8.39704229349536e-06
Completed 73 % :  mod = 8.387764843835135e-11,  Error =8.529362695242071e-06
Completed 74 % :  mod = 1.7371727295316355e-10,  Error =8.649592587062216e-06
Completed 75 % :  mod = 3.598875879864729e-10,  Error =8.730579537541416e-06
Completed 76 % :  mod = 1.5818937198225018e-10,  Error =8.813826035236616e-06
Completed 77 % :  mod = 7.89791579115362e-11,  Error =8.935206871285573e-06
Completed 78 % :  mod = 8.184269534191398e-11,  Error =9.066588688710908e-06
Completed 79 % :  mod = 1.2622742426541822e-10,  Error =9.19429830048557e-06
Completed 80 % :  mod = 2.658110732494371e-10,  Error =9.294398410020221e-06
Completed 81 % :  mod = 2.863961364707921e-10,  Error =9.368809045895432e-06
Completed 82 % :  mod = 1.076680457145126e-10,  Error =9.476690813414734e-06
Completed 83 % :  mod = 7.567175586812095e-11,  Error =9.60340577904617e-06
Completed 84 % :  mod = 1.7526728719212577e-10,  Error =9.726489736294752e-06
Completed 85 % :  mod = 3.0014742195684176e-10,  Error =9.822898512368283e-06
Completed 86 % :  mod = 2.092091620169959e-10,  Error =9.893427076690386e-06
Completed 87 % :  mod = 1.3996807087388216e-10,  Error =1.0003581699891129e-05
Completed 88 % :  mod = 9.528034310558775e-11,  Error =1.012968291291827e-05
Completed 89 % :  mod = 1.4181208725349645e-10,  Error =1.0250770436925905e-05
Completed 90 % :  mod = 3.380282916965653e-10,  Error =1.0337125985415696e-05
Completed 91 % :  mod = 2.1495814778939257e-10,  Error =1.0417669898288295e-05
Completed 92 % :  mod = 8.624097296162887e-11,  Error =1.0534524385263921e-05
Completed 93 % :  mod = 5.913475385614008e-11,  Error =1.0665965014311496e-05
Completed 94 % :  mod = 1.0485419194588972e-10,  Error =1.0796610233398951e-05
Completed 95 % :  mod = 2.1236732036123703e-10,  Error =1.0910478238201904e-05
Completed 96 % :  mod = 3.1769659783281885e-10,  Error =1.0982229895262208e-05
Completed 97 % :  mod = 1.5611783812362977e-10,  Error =1.1077364774791931e-05
Completed 98 % :  mod = 6.569040026018732e-11,  Error =1.1202987309388845e-05
Completed 99 % :  mod = 6.421324560843405e-11,  Error =1.1335095443598675e-05
Completed 100 % :  mod = 1.5486342886280636e-10,  Error =1.1461616146846154e-05
Finished 137/201 frames
Finished all frames!
