/opt/local/miniconda_23_9/lib/python3.11/site-packages/conda/base/context.py:201: FutureWarning: Adding 'defaults' to channel list implicitly is deprecated and will be removed in 25.3. 

To remove this warning, please choose a default channel explicitly with conda's regular configuration system, e.g. by adding 'defaults' to the list of channels:

  conda config --add channels defaults

For more information see https://docs.conda.io/projects/conda/en/stable/user-guide/configuration/use-condarc.html

  deprecated.topic(
JOB 13933 ARRAY_ID 62  -> i=62 ; range=[1.9e-10, 5.0e-10] ; intervals=200 (frames=201)
Analytic t0 extension enabled (--extend-time-using-t0).
Density options: centers='2.0e-10,4.0e-10' width='2.0e-11,5.0e-11' strength='7.0'
Completed 0 % :  mod = 2.6017084962687144e-16,  Error =-1.4210854715202004e-14
Completed 1 % :  mod = 3.4595195851910897e-16,  Error =5.4909072844111506e-08
Completed 2 % :  mod = 6.5986118362853e-16,  Error =1.0981845832702675e-07
Completed 3 % :  mod = 1.40889698275114e-15,  Error =1.6472802144562593e-07
Completed 4 % :  mod = 3.0869895752285576e-15,  Error =2.196371156060195e-07
Completed 5 % :  mod = 6.800709104402117e-15,  Error =2.7454636608581495e-07
Completed 6 % :  mod = 1.499896164154651e-14,  Error =3.2945562367103776e-07
Completed 7 % :  mod = 3.308785017254085e-14,  Error =3.8436438387634553e-07
Completed 8 % :  mod = 7.299557368447997e-14,  Error =4.392734780367391e-07
Completed 9 % :  mod = 1.6103812795141922e-13,  Error =4.94182380350594e-07
Completed 10 % :  mod = 3.552725401771646e-13,  Error =5.490919576800479e-07
Completed 11 % :  mod = 7.837798843520406e-13,  Error =6.040006610419368e-07
Completed 12 % :  mod = 1.7291136151234035e-12,  Error =6.589085828068164e-07
Completed 13 % :  mod = 3.814502528199785e-12,  Error =7.138131294937011e-07
Completed 14 % :  mod = 8.413545306310097e-12,  Error =7.686986478461222e-07
Completed 15 % :  mod = 1.854229779307895e-11,  Error =8.234923498662283e-07
Completed 16 % :  mod = 4.0701438065024554e-11,  Error =8.778473343795667e-07
Completed 17 % :  mod = 8.760789602137646e-11,  Error =9.301917032189522e-07
Completed 18 % :  mod = 1.7128135055489992e-10,  Error =9.751251681677786e-07
Completed 19 % :  mod = 2.2367390573546535e-10,  Error =1.0075330720837883e-06
Completed 20 % :  mod = 1.3933768815256748e-10,  Error =1.04334167616571e-06
Completed 21 % :  mod = 7.016475317397303e-11,  Error =1.0915347061768443e-06
Completed 22 % :  mod = 3.231709030747566e-11,  Error =1.1448265837543659e-06
Completed 23 % :  mod = 1.5510467637012693e-11,  Error =1.1993719581937512e-06
Completed 24 % :  mod = 9.455943971752787e-12,  Error =1.2541839637947305e-06
Completed 25 % :  mod = 9.097122545044795e-12,  Error =1.3090430570628087e-06
Completed 26 % :  mod = 1.4549056924188208e-11,  Error =1.3638652589520461e-06
Completed 27 % :  mod = 3.0550966200174983e-11,  Error =1.4184558381202805e-06
Completed 28 % :  mod = 6.45800751125699e-11,  Error =1.4719624985559676e-06
Completed 28 % :  mod = 1.3167972246090244e-10,  Error =1.5209078512157248e-06
Completed 30 % :  mod = 2.20843153533844e-10,  Error =1.557998736245736e-06
Completed 31 % :  mod = 1.788550361277535e-10,  Error =1.5896671996529221e-06
Completed 32 % :  mod = 9.470875291385816e-11,  Error =1.6334820145402773e-06
Completed 33 % :  mod = 4.3789797570616604e-11,  Error =1.6854348459105495e-06
Completed 34 % :  mod = 2.01302166319334e-11,  Error =1.7396939142599877e-06
Completed 35 % :  mod = 9.671606765101522e-12,  Error =1.794462782811479e-06
Completed 36 % :  mod = 5.253156620692338e-12,  Error =1.8493373445949146e-06
Completed 37 % :  mod = 4.40329149288221e-12,  Error =1.9042327110696533e-06
Completed 38 % :  mod = 6.532019026672062e-12,  Error =1.9591239492910972e-06
Completed 39 % :  mod = 1.2791641129938002e-11,  Error =2.0139741607749784e-06
Completed 40 % :  mod = 2.7435632000539137e-11,  Error =2.068626301365839e-06
Completed 41 % :  mod = 6.031021160090734e-11,  Error =2.122334237242285e-06
Completed 42 % :  mod = 1.2402586740278982e-10,  Error =2.172036310810199e-06
Completed 43 % :  mod = 2.1279533711055385e-10,  Error =2.210418756476429e-06
Completed 44 % :  mod = 1.9079644090733645e-10,  Error =2.2416576825889933e-06
Completed 45 % :  mod = 1.0019978783315005e-10,  Error =2.2842680706958163e-06
Completed 46 % :  mod = 4.7046930034820304e-11,  Error =2.3357728764494823e-06
Completed 47 % :  mod = 2.2651926792899515e-11,  Error =2.389919274037311e-06
Completed 48 % :  mod = 1.1387954167129614e-11,  Error =2.444649851440772e-06
Completed 49 % :  mod = 8.166719562230845e-12,  Error =2.499499579755593e-06
Completed 50 % :  mod = 1.052512797798086e-11,  Error =2.5543557740093092e-06
Completed 51 % :  mod = 1.927227294510694e-11,  Error =2.609127811581402e-06
Completed 52 % :  mod = 4.049495876306296e-11,  Error =2.6634652883217314e-06
Completed 53 % :  mod = 8.860734157411954e-11,  Error =2.7158135011973172e-06
Completed 54 % :  mod = 1.6851979188215668e-10,  Error =2.7608744304075117e-06
Completed 55 % :  mod = 2.2413085455791303e-10,  Error =2.7932634409921775e-06
Completed 56 % :  mod = 1.4171434515858576e-10,  Error =2.8290160756228033e-06
Completed 56 % :  mod = 6.949036060474666e-11,  Error =2.8770963638180547e-06
Completed 57 % :  mod = 3.2561786838995e-11,  Error =2.9303810791247997e-06
Completed 59 % :  mod = 1.4937913556101098e-11,  Error =2.984936230632229e-06
Completed 60 % :  mod = 7.787554210470992e-12,  Error =3.0397630226275396e-06
Completed 61 % :  mod = 5.574514042687297e-12,  Error =3.09464483194688e-06
Completed 62 % :  mod = 6.91052439351706e-12,  Error =3.149530286350455e-06
Completed 63 % :  mod = 1.295740169215813e-11,  Error =3.204377222232324e-06
Completed 64 % :  mod = 2.7759413420356237e-11,  Error =3.2590278280508755e-06
Completed 65 % :  mod = 5.887760377666552e-11,  Error =3.3127509837527214e-06
Completed 66 % :  mod = 1.2456076774729825e-10,  Error =3.3624827935341273e-06
Completed 67 % :  mod = 2.1280968039216202e-10,  Error =3.4010595229005958e-06
Completed 68 % :  mod = 1.8931009304287325e-10,  Error =3.4321439414952692e-06
Completed 69 % :  mod = 1.0280207748344605e-10,  Error =3.474649687973397e-06
Completed 70 % :  mod = 4.7120485242620995e-11,  Error =3.5260864734709685e-06
Completed 71 % :  mod = 2.2752343978433962e-11,  Error =3.5802160311959597e-06
Completed 72 % :  mod = 1.1795789626484695e-11,  Error =3.634942359553861e-06
Completed 73 % :  mod = 8.413335899041663e-12,  Error =3.6897894730714142e-06
Completed 74 % :  mod = 1.1006624543804418e-11,  Error =3.744640295622048e-06
Completed 75 % :  mod = 2.09154767975809e-11,  Error =3.7993930348534377e-06
Completed 76 % :  mod = 4.29351322436364e-11,  Error =3.853653019803005e-06
Completed 77 % :  mod = 9.370784916578475e-11,  Error =3.905652050661956e-06
Completed 78 % :  mod = 1.7905948046419138e-10,  Error =3.949691965488e-06
Completed 79 % :  mod = 2.1856016122812881e-10,  Error =3.981455037660453e-06
Completed 80 % :  mod = 1.3446390416809856e-10,  Error =4.018348676027017e-06
Completed 81 % :  mod = 6.517045688882625e-11,  Error =4.067197259871591e-06
Completed 82 % :  mod = 2.981278101482219e-11,  Error =4.120690348941025e-06
Completed 83 % :  mod = 1.3616346509470153e-11,  Error =4.175300198028253e-06
Completed 84 % :  mod = 6.219056552271146e-12,  Error =4.230146970485293e-06
Completed 85 % :  mod = 2.885620310120462e-12,  Error =4.2850427206531094e-06
Completed 86 % :  mod = 1.5048786900312555e-12,  Error =4.339948233678115e-06
Completed 87 % :  mod = 1.109416327365654e-12,  Error =4.394856432554661e-06
Completed 88 % :  mod = 1.414134856066451e-12,  Error =4.44976513591655e-06
Completed 89 % :  mod = 2.674065301046558e-12,  Error =4.504672482141814e-06
Completed 90 % :  mod = 5.715669971993011e-12,  Error =4.559569823925358e-06
Completed 91 % :  mod = 1.2454906531961785e-11,  Error =4.614426785565229e-06
Completed 92 % :  mod = 2.7465892153483663e-11,  Error =4.669084439967719e-06
Completed 93 % :  mod = 5.981843390919596e-11,  Error =4.722797591227845e-06
Completed 94 % :  mod = 1.2481905222636706e-10,  Error =4.772478995107576e-06
Completed 95 % :  mod = 2.1307352829383987e-10,  Error =4.810870962046465e-06
Completed 96 % :  mod = 1.896023994521713e-10,  Error =4.842054636355897e-06
Completed 97 % :  mod = 1.0095920214173892e-10,  Error =4.884700267382414e-06
Completed 98 % :  mod = 4.6748049437616515e-11,  Error =4.93620641606185e-06
Completed 99 % :  mod = 2.2451277289120554e-11,  Error =4.990357737710838e-06
Completed 100 % :  mod = 1.114917419781984e-11,  Error =5.045092358102465e-06
Finished 63/201 frames
Finished all frames!
