/opt/local/miniconda_23_9/lib/python3.11/site-packages/conda/base/context.py:201: FutureWarning: Adding 'defaults' to channel list implicitly is deprecated and will be removed in 25.3. 

To remove this warning, please choose a default channel explicitly with conda's regular configuration system, e.g. by adding 'defaults' to the list of channels:

  conda config --add channels defaults

For more information see https://docs.conda.io/projects/conda/en/stable/user-guide/configuration/use-condarc.html

  deprecated.topic(
JOB 13571 ARRAY_ID 14  -> i=14 ; range=[2.0e-10, 2.09e-10] ; intervals=40 (frames=41)
Completed 0 % :  mod = 1.6245853653792156e-16,  Error =-1.4210854715202004e-14
Completed 1 % :  mod = 1.6370830904297205e-16,  Error =8.347846858214325e-09
Completed 2 % :  mod = 1.6747684956347503e-16,  Error =1.669545213189849e-08
Completed 3 % :  mod = 1.738221432018765e-16,  Error =2.5043519258360902e-08
Completed 4 % :  mod = 1.8284181520993728e-16,  Error =3.339132348401108e-08
Completed 5 % :  mod = 1.9467464395377206e-16,  Error =4.173899270654147e-08
Completed 6 % :  mod = 2.0950268170154247e-16,  Error =5.008723036326046e-08
Completed 7 % :  mod = 2.27554067709624e-16,  Error =5.8434835636944626e-08
Completed 8 % :  mod = 2.491065424477396e-16,  Error =6.678284591998818e-08
Completed 9 % :  mod = 2.7449170034128404e-16,  Error =7.513109778756188e-08
Completed 10 % :  mod = 3.0410011012271316e-16,  Error =8.347913649231486e-08
Completed 11 % :  mod = 3.383873164404782e-16,  Error =9.182674887142639e-08
Completed 12 % :  mod = 3.778808628292216e-16,  Error =1.0017397045203325e-07
Completed 13 % :  mod = 4.23188376107795e-16,  Error =1.0852193099708529e-07
Completed 14 % :  mod = 4.750069466074054e-16,  Error =1.1687003365068449e-07
Completed 15 % :  mod = 5.341338544811125e-16,  Error =1.2521854131364307e-07
Completed 16 % :  mod = 6.014787907803908e-16,  Error =1.3356607553305366e-07
Completed 17 % :  mod = 6.780779123911105e-16,  Error =1.4191506636507256e-07
Completed 18 % :  mod = 7.651097669663892e-16,  Error =1.5026262190076523e-07
Completed 19 % :  mod = 8.639133764906494e-16,  Error =1.5861105140402287e-07
Completed 20 % :  mod = 9.760089177255105e-16,  Error =1.6695900484364756e-07
Completed 21 % :  mod = 1.1031210798774326e-15,  Error =1.7530602036686105e-07
Completed 22 % :  mod = 1.2472055478190024e-15,  Error =1.8365363274597257e-07
Completed 23 % :  mod = 1.4104791796022336e-15,  Error =1.9200183487555478e-07
Completed 24 % :  mod = 1.5954540713071555e-15,  Error =2.0035030701137657e-07
Completed 25 % :  mod = 1.804976170246397e-15,  Error =2.0869822492386447e-07
Completed 26 % :  mod = 2.0422691406632633e-15,  Error =2.1704582309212128e-07
Completed 27 % :  mod = 2.3109839106096566e-15,  Error =2.2539378363717333e-07
Completed 28 % :  mod = 2.6152548389572347e-15,  Error =2.3374103363948961e-07
Completed 28 % :  mod = 2.959763367721029e-15,  Error =2.420890368171058e-07
Completed 30 % :  mod = 3.3498100086413235e-15,  Error =2.50436841042756e-07
Completed 31 % :  mod = 3.7913959067592695e-15,  Error =2.587844392110128e-07
Completed 32 % :  mod = 4.291315195545867e-15,  Error =2.6713251344290256e-07
Completed 33 % :  mod = 4.857259488011304e-15,  Error =2.7548026793056124e-07
Completed 34 % :  mod = 5.4979362424766014e-15,  Error =2.838276031980058e-07
Completed 35 % :  mod = 6.2232027585433164e-15,  Error =2.921762245478021e-07
Completed 36 % :  mod = 7.044217765695612e-15,  Error =3.0052439115024754e-07
Completed 37 % :  mod = 7.973613168587795e-15,  Error =3.088713285137601e-07
Completed 38 % :  mod = 9.025688419288817e-15,  Error =3.172191753719744e-07
Completed 39 % :  mod = 1.0216630430124068e-14,  Error =3.255672424984368e-07
Completed 40 % :  mod = 1.156476270083033e-14,  Error =3.339157856885322e-07
Completed 41 % :  mod = 1.3090827237373276e-14,  Error =3.4226356149247295e-07
Completed 42 % :  mod = 1.481830361618924e-14,  Error =3.5061206915543153e-07
Completed 43 % :  mod = 1.6773770292178987e-14,  Error =3.5895996575163736e-07
Completed 44 % :  mod = 1.898731350277733e-14,  Error =3.6730766339587717e-07
Completed 45 % :  mod = 2.1492990139250456e-14,  Error =3.756556452572113e-07
Completed 46 % :  mod = 2.432935178334666e-14,  Error =3.840031794766219e-07
Completed 47 % :  mod = 2.754003775743505e-14,  Error =3.923520992543672e-07
Completed 48 % :  mod = 3.1174446582163926e-14,  Error =4.0070062823360786e-07
Completed 49 % :  mod = 3.528849599238575e-14,  Error =4.0904819798015524e-07
Completed 50 % :  mod = 3.994548315960265e-14,  Error =4.1739590983524977e-07
Completed 51 % :  mod = 4.521705853009892e-14,  Error =4.257441759136782e-07
Completed 52 % :  mod = 5.118432817871319e-14,  Error =4.3409122696402846e-07
Completed 53 % :  mod = 5.79391014449427e-14,  Error =4.4243930119591823e-07
Completed 54 % :  mod = 6.558530333634297e-14,  Error =4.507872901626797e-07
Completed 55 % :  mod = 7.424057322587431e-14,  Error =4.5913469648439786e-07
Completed 56 % :  mod = 8.403807431936628e-14,  Error =4.674824722883386e-07
Completed 56 % :  mod = 9.512854190221098e-14,  Error =4.7583009887830485e-07
Completed 57 % :  mod = 1.0768260159853955e-13,  Error =4.841779599473739e-07
Completed 59 % :  mod = 1.2189339322064373e-13,  Error =4.925256931187505e-07
Completed 60 % :  mod = 1.379795405609943e-13,  Error =5.008731278621781e-07
Completed 61 % :  mod = 1.5618851222076264e-13,  Error =5.092216355251367e-07
Completed 62 % :  mod = 1.7680042513077537e-13,  Error =5.175695605430519e-07
Completed 63 % :  mod = 2.001323486437118e-13,  Error =5.259175779315228e-07
Completed 64 % :  mod = 2.265431743499081e-13,  Error =5.34264486873326e-07
Completed 65 % :  mod = 2.564391257327717e-13,  Error =5.426120992524375e-07
Completed 66 % :  mod = 2.9027999061420116e-13,  Error =5.509601805897546e-07
Completed 67 % :  mod = 3.285861695628087e-13,  Error =5.593071890075407e-07
Completed 68 % :  mod = 3.719466454766843e-13,  Error =5.676544816424212e-07
Completed 69 % :  mod = 4.210279916100451e-13,  Error =5.760020087564044e-07
Completed 70 % :  mod = 4.76584548972967e-13,  Error =5.843500190394479e-07
Completed 71 % :  mod = 5.394699189534607e-13,  Error =5.926969635083879e-07
Completed 72 % :  mod = 6.106499320519324e-13,  Error =6.010450945836965e-07
Completed 73 % :  mod = 6.91217269166482e-13,  Error =6.093932611861419e-07
Completed 74 % :  mod = 7.824079272959586e-13,  Error =6.177415556862798e-07
Completed 75 % :  mod = 8.856197344459311e-13,  Error =6.260892035925281e-07
Completed 76 % :  mod = 1.002433128758054e-12,  Error =6.344372849298452e-07
Completed 77 % :  mod = 1.1346344203255726e-12,  Error =6.427842293987851e-07
Completed 78 % :  mod = 1.2842417465420122e-12,  Error =6.511318062507598e-07
Completed 79 % :  mod = 1.4535339081651838e-12,  Error =6.594787009817082e-07
Completed 80 % :  mod = 1.6450822226881168e-12,  Error =6.678261357251358e-07
Completed 81 % :  mod = 1.8617854409023854e-12,  Error =6.761729451909559e-07
Completed 82 % :  mod = 2.1069076234225155e-12,  Error =6.845212823236579e-07
Completed 83 % :  mod = 2.3841186362526526e-12,  Error =6.928676299366998e-07
Completed 84 % :  mod = 2.697536558945405e-12,  Error =7.012136293838012e-07
Completed 85 % :  mod = 3.0517707495466417e-12,  Error =7.095598490991506e-07
Completed 86 % :  mod = 3.4519634964761308e-12,  Error =7.17904200087105e-07
Completed 87 % :  mod = 3.90382700108539e-12,  Error =7.26248721605316e-07
Completed 88 % :  mod = 4.413670729468248e-12,  Error =7.34592688900193e-07
Completed 89 % :  mod = 4.988411755331544e-12,  Error =7.429348514165213e-07
Completed 90 % :  mod = 5.635557348568359e-12,  Error =7.512761612815666e-07
Completed 91 % :  mod = 6.363144465474871e-12,  Error =7.596158511091744e-07
Completed 92 % :  mod = 7.179614677732203e-12,  Error =7.679516329517355e-07
Completed 93 % :  mod = 8.09359522578728e-12,  Error =7.762850557924139e-07
Completed 94 % :  mod = 9.113547331612617e-12,  Error =7.846135545719335e-07
Completed 95 % :  mod = 1.0247232255075044e-11,  Error =7.929375129833716e-07
Completed 96 % :  mod = 1.150093554493634e-11,  Error =8.012550907210425e-07
Completed 97 % :  mod = 1.2878384190549593e-11,  Error =8.095645043226796e-07
Completed 98 % :  mod = 1.4379296668839025e-11,  Error =8.178637571631953e-07
Completed 99 % :  mod = 1.5997533145849766e-11,  Error =8.261515347385284e-07
Completed 100 % :  mod = 1.771887773857474e-11,  Error =8.344264230686349e-07
Finished 15/41 frames
Finished all frames!
