/opt/local/miniconda_23_9/lib/python3.11/site-packages/conda/base/context.py:201: FutureWarning: Adding 'defaults' to channel list implicitly is deprecated and will be removed in 25.3. 

To remove this warning, please choose a default channel explicitly with conda's regular configuration system, e.g. by adding 'defaults' to the list of channels:

  conda config --add channels defaults

For more information see https://docs.conda.io/projects/conda/en/stable/user-guide/configuration/use-condarc.html

  deprecated.topic(
JOB 13984 ARRAY_ID 113  -> i=113 ; range=[1.9e-10, 5.0e-10] ; intervals=200 (frames=201)
Analytic t0 extension enabled (--extend-time-using-t0).
Density options: centers='2.0e-10,4.0e-10' width='2.0e-11,5.0e-11' strength='7.0'
Completed 0 % :  mod = 3.1043699241995953e-16,  Error =-1.4210854715202004e-14
Completed 1 % :  mod = 4.681778362177938e-16,  Error =1.1130209287557591e-07
Completed 2 % :  mod = 1.1017045570666733e-15,  Error =2.2260498866444323e-07
Completed 3 % :  mod = 2.8548388765906014e-15,  Error =3.3390750076023323e-07
Completed 4 % :  mod = 7.509204119752218e-15,  Error =4.45209749955211e-07
Completed 5 % :  mod = 1.9794800495702324e-14,  Error =5.565128873286085e-07
Completed 6 % :  mod = 5.219686925382663e-14,  Error =6.678151933670051e-07
Completed 7 % :  mod = 1.3764402056264626e-13,  Error =7.791165614889906e-07
Completed 8 % :  mod = 3.6297189244033085e-13,  Error =8.904184980451646e-07
Completed 9 % :  mod = 9.571689322229175e-13,  Error =1.001720264071082e-06
Completed 10 % :  mod = 2.5240682642703026e-12,  Error =1.113019955312211e-06
Completed 11 % :  mod = 6.6556682561110535e-12,  Error =1.2243017124546896e-06
Completed 12 % :  mod = 1.754403577663575e-11,  Error =1.3354750905136825e-06
Completed 13 % :  mod = 4.613151858202732e-11,  Error =1.4458879391554547e-06
Completed 14 % :  mod = 1.1915000179792105e-10,  Error =1.5513654432197654e-06
Completed 15 % :  mod = 2.659418153595653e-10,  Error =1.6342384441259128e-06
Completed 16 % :  mod = 2.4804795780569104e-10,  Error =1.6926016641605202e-06
Completed 17 % :  mod = 1.0511671860770388e-10,  Error =1.780827595609935e-06
Completed 18 % :  mod = 4.316255219677175e-11,  Error =1.8872740170650104e-06
Completed 19 % :  mod = 3.2096134693109656e-11,  Error =1.9973712568344126e-06
Completed 20 % :  mod = 4.8654949473544165e-11,  Error =2.1074166127732497e-06
Completed 21 % :  mod = 1.0092209749340829e-10,  Error =2.2136888517820807e-06
Completed 22 % :  mod = 2.5458404919487607e-10,  Error =2.3001361881824778e-06
Completed 23 % :  mod = 2.7307130051540163e-10,  Error =2.3598892227028045e-06
Completed 24 % :  mod = 1.0817755227083616e-10,  Error =2.4434654619653884e-06
Completed 25 % :  mod = 5.512007522950295e-11,  Error =2.5486479273695295e-06
Completed 26 % :  mod = 4.463797759530806e-11,  Error =2.65804592203267e-06
Completed 27 % :  mod = 6.81838051112755e-11,  Error =2.7666796427183726e-06
Completed 28 % :  mod = 1.616624038769402e-10,  Error =2.8662974287385623e-06
Completed 28 % :  mod = 3.1816063501944454e-10,  Error =2.936870572511907e-06
Completed 30 % :  mod = 1.7195022333247345e-10,  Error =3.000615613757418e-06
Completed 31 % :  mod = 9.066778547028942e-11,  Error =3.0968498663241917e-06
Completed 32 % :  mod = 5.423668523093397e-11,  Error =3.2042126321130127e-06
Completed 33 % :  mod = 6.397026094283148e-11,  Error =3.312490029827586e-06
Completed 34 % :  mod = 1.522067654234532e-10,  Error =3.4136086100033936e-06
Completed 35 % :  mod = 3.0408972356034916e-10,  Error =3.4888846798253326e-06
Completed 36 % :  mod = 1.9094740395361804e-10,  Error =3.5490507102053925e-06
Completed 37 % :  mod = 1.0517296351592469e-10,  Error =3.6419839801737908e-06
Completed 38 % :  mod = 5.859688340561192e-11,  Error =3.7483168924268284e-06
Completed 39 % :  mod = 6.672822448417274e-11,  Error =3.856090636134013e-06
Completed 40 % :  mod = 1.6411259374954656e-10,  Error =3.95615327164478e-06
Completed 41 % :  mod = 3.0135942602526825e-10,  Error =4.030346161698617e-06
Completed 42 % :  mod = 1.8240911805738588e-10,  Error =4.091160320740528e-06
Completed 43 % :  mod = 1.1220137360074129e-10,  Error =4.1843622184956075e-06
Completed 44 % :  mod = 7.383545613025446e-11,  Error =4.28955261355668e-06
Completed 45 % :  mod = 9.45666666934378e-11,  Error =4.3941777576606e-06
Completed 46 % :  mod = 2.4406516320178466e-10,  Error =4.482165692820672e-06
Completed 47 % :  mod = 2.889860233926911e-10,  Error =4.545285534618415e-06
Completed 48 % :  mod = 1.1957882005480354e-10,  Error =4.622794165243249e-06
Completed 49 % :  mod = 9.21740061600733e-11,  Error =4.7235775824105986e-06
Completed 50 % :  mod = 1.2337980365563753e-10,  Error =4.8268627068637215e-06
Completed 51 % :  mod = 1.857490200434433e-10,  Error =4.918171221390821e-06
Completed 52 % :  mod = 2.928181655729924e-10,  Error =4.97824112244416e-06
Completed 53 % :  mod = 1.6998440651360108e-10,  Error =5.0534723712303276e-06
Completed 54 % :  mod = 7.441782055828275e-11,  Error =5.152615194958798e-06
Completed 55 % :  mod = 7.809496377446934e-11,  Error =5.258455161083475e-06
Completed 56 % :  mod = 1.6870011740458544e-10,  Error =5.3586494814794605e-06
Completed 56 % :  mod = 2.560776469453691e-10,  Error =5.435282474763881e-06
Completed 57 % :  mod = 2.1239564287901104e-10,  Error =5.495808657940415e-06
Completed 59 % :  mod = 1.37866562225658e-10,  Error =5.5858958702970085e-06
Completed 60 % :  mod = 9.123959472029792e-11,  Error =5.6874179747978815e-06
Completed 61 % :  mod = 1.4705957123760287e-10,  Error =5.784076051895681e-06
Completed 62 % :  mod = 3.289776058425846e-10,  Error =5.856540354898243e-06
Completed 63 % :  mod = 1.828082359052951e-10,  Error =5.919291695022366e-06
Completed 64 % :  mod = 1.0403362157503553e-10,  Error =6.010289347102571e-06
Completed 65 % :  mod = 1.041880147507655e-10,  Error =6.113952927933042e-06
Completed 66 % :  mod = 1.3038586272410466e-10,  Error =6.215090493810749e-06
Completed 67 % :  mod = 2.4492627891180934e-10,  Error =6.293847590654877e-06
Completed 68 % :  mod = 2.6995233855404503e-10,  Error =6.356271171625849e-06
Completed 69 % :  mod = 1.103101431586142e-10,  Error =6.442650011706519e-06
Completed 70 % :  mod = 8.54056773425853e-11,  Error =6.543794839330985e-06
Completed 71 % :  mod = 1.816058588940277e-10,  Error =6.641375890126255e-06
Completed 72 % :  mod = 2.7221402259044787e-10,  Error =6.718596800681098e-06
Completed 73 % :  mod = 1.9548443293857713e-10,  Error =6.777679381286816e-06
Completed 74 % :  mod = 1.4686187511481083e-10,  Error =6.86546367489882e-06
Completed 75 % :  mod = 1.1005762922351586e-10,  Error =6.965599411046242e-06
Completed 76 % :  mod = 1.437915853615377e-10,  Error =7.061015416809369e-06
Completed 77 % :  mod = 3.1351740088152024e-10,  Error =7.12985566764246e-06
Completed 78 % :  mod = 2.0538307645822772e-10,  Error =7.196701020006913e-06
Completed 79 % :  mod = 8.952152863840044e-11,  Error =7.289206749305777e-06
Completed 80 % :  mod = 8.873869423885159e-11,  Error =7.3933634965328565e-06
Completed 81 % :  mod = 1.5852915617691364e-10,  Error =7.493898067423288e-06
Completed 82 % :  mod = 2.380799225122016e-10,  Error =7.572791979271187e-06
Completed 83 % :  mod = 2.39908635638623e-10,  Error =7.632822757841495e-06
Completed 84 % :  mod = 1.425424158727015e-10,  Error =7.719917974213786e-06
Completed 85 % :  mod = 9.299677329713714e-11,  Error =7.819795982300093e-06
Completed 86 % :  mod = 1.6612138540410752e-10,  Error =7.914621953375445e-06
Completed 87 % :  mod = 3.2319262100017126e-10,  Error =7.986623622002753e-06
Completed 88 % :  mod = 1.7390112395958963e-10,  Error =8.049464177872778e-06
Completed 89 % :  mod = 1.167162883198206e-10,  Error =8.139666917372779e-06
Completed 90 % :  mod = 1.314190617007945e-10,  Error =8.24045011427188e-06
Completed 91 % :  mod = 1.6662295049132957e-10,  Error =8.334654211239467e-06
Completed 92 % :  mod = 2.742066850394429e-10,  Error =8.400170884215186e-06
Completed 93 % :  mod = 2.1094358342203846e-10,  Error =8.470546447369998e-06
Completed 94 % :  mod = 8.332732738979596e-11,  Error =8.566063890214082e-06
Completed 95 % :  mod = 7.569891726184234e-11,  Error =8.670551679301752e-06
Completed 96 % :  mod = 1.8301878971914896e-10,  Error =8.769338101899393e-06
Completed 97 % :  mod = 2.673175568998909e-10,  Error =8.845491485942603e-06
Completed 98 % :  mod = 1.9492471346357984e-10,  Error =8.90536240660822e-06
Completed 99 % :  mod = 1.4516127715040617e-10,  Error =8.995213327978036e-06
Completed 100 % :  mod = 9.995276913213925e-11,  Error =9.096162528976492e-06
Finished 114/201 frames
Finished all frames!
