/opt/local/miniconda_23_9/lib/python3.11/site-packages/conda/base/context.py:201: FutureWarning: Adding 'defaults' to channel list implicitly is deprecated and will be removed in 25.3. 

To remove this warning, please choose a default channel explicitly with conda's regular configuration system, e.g. by adding 'defaults' to the list of channels:

  conda config --add channels defaults

For more information see https://docs.conda.io/projects/conda/en/stable/user-guide/configuration/use-condarc.html

  deprecated.topic(
JOB 13463 ARRAY_ID 109  -> i=109 ; range=[1.9e-10, 6.0e-10] ; intervals=200 (frames=201)
Density options: centers='2.0e-10,4.0e-10' width='5e-11,5e-11' strength=''
Completed 0 % :  mod = 3.031115436775189e-16,  Error =-1.4210854715202004e-14
Completed 1 % :  mod = 4.490806648898132e-16,  Error =1.0116267645798871e-07
Completed 2 % :  mod = 1.0275764276388753e-15,  Error =2.0232489816862653e-07
Completed 3 % :  mod = 2.5957700849671108e-15,  Error =3.034875959428973e-07
Completed 4 % :  mod = 6.664048551025347e-15,  Error =4.046497537046889e-07
Completed 5 % :  mod = 1.7150725379378024e-14,  Error =5.058115846168221e-07
Completed 6 % :  mod = 4.415591748229962e-14,  Error =6.069735221103656e-07
Completed 7 % :  mod = 1.1368934982757053e-13,  Error =7.081364401528845e-07
Completed 8 % :  mod = 2.927212796209293e-13,  Error =8.092992800357024e-07
Completed 9 % :  mod = 7.536835715953586e-13,  Error =9.104623686084778e-07
Completed 10 % :  mod = 1.9405364050111454e-12,  Error =1.0116238868818073e-06
Completed 11 % :  mod = 4.996209933187231e-12,  Error =1.1127764523166661e-06
Completed 12 % :  mod = 1.2860786683960826e-11,  Error =1.213870540084372e-06
Completed 13 % :  mod = 3.3058438089666666e-11,  Error =1.3145888644316983e-06
Completed 14 % :  mod = 8.416994203644771e-11,  Error =1.4129008363283901e-06
Completed 15 % :  mod = 1.9992646720511133e-10,  Error =1.4984658065486656e-06
Completed 16 % :  mod = 2.923273032890152e-10,  Error =1.5552228731507967e-06
Completed 17 % :  mod = 1.3818150906821965e-10,  Error =1.6223794219172305e-06
Completed 18 % :  mod = 6.376295289662304e-11,  Error =1.7149852880038452e-06
Completed 19 % :  mod = 3.146827736090175e-11,  Error =1.814403923106056e-06
Completed 20 % :  mod = 2.7691542124629605e-11,  Error =1.9148625511888895e-06
Completed 21 % :  mod = 5.4573808817788674e-11,  Error =2.0146013923749706e-06
Completed 22 % :  mod = 1.3411824941266176e-10,  Error =2.1089728008405473e-06
Completed 23 % :  mod = 2.5461896732867435e-10,  Error =2.1817328743622966e-06
Completed 24 % :  mod = 2.325086092958665e-10,  Error =2.235612576839685e-06
Completed 25 % :  mod = 1.0856618643051988e-10,  Error =2.3166237497207476e-06
Completed 26 % :  mod = 5.1678264735085376e-11,  Error =2.4124662587610146e-06
Completed 27 % :  mod = 6.029425758063408e-11,  Error =2.5109878762918925e-06
Completed 28 % :  mod = 1.2418705337411465e-10,  Error =2.6060469195954283e-06
Completed 28 % :  mod = 2.1931151058329752e-10,  Error =2.6841155218448876e-06
Completed 30 % :  mod = 2.667124555421601e-10,  Error =2.7370635606871474e-06
Completed 31 % :  mod = 1.324481193714787e-10,  Error =2.8118447588099116e-06
Completed 32 % :  mod = 6.529059700623316e-11,  Error =2.9047770695456165e-06
Completed 33 % :  mod = 8.21327550344994e-11,  Error =3.0013579177534666e-06
Completed 34 % :  mod = 1.6557944570787705e-10,  Error =3.091929997367515e-06
Completed 35 % :  mod = 2.481155875478678e-10,  Error =3.1599888927758e-06
Completed 36 % :  mod = 2.1175148879385107e-10,  Error =3.2166896346552676e-06
Completed 37 % :  mod = 1.195646263865138e-10,  Error =3.2995208201214155e-06
Completed 38 % :  mod = 7.944939966334595e-11,  Error =3.392911615662797e-06
Completed 39 % :  mod = 1.335061012842197e-10,  Error =3.4837245976859776e-06
Completed 40 % :  mod = 2.8630182281813236e-10,  Error =3.5560291351544038e-06
Completed 41 % :  mod = 2.09341673382751e-10,  Error =3.610615415539087e-06
Completed 42 % :  mod = 1.1539479207459564e-10,  Error =3.6890435879399774e-06
Completed 43 % :  mod = 7.82777938667497e-11,  Error =3.783542936730555e-06
Completed 44 % :  mod = 7.907677605004055e-11,  Error =3.880124033628363e-06
Completed 45 % :  mod = 1.5569222524533825e-10,  Error =3.968907932971888e-06
Completed 46 % :  mod = 3.1275140790419694e-10,  Error =4.033501717515264e-06
Completed 47 % :  mod = 1.692840037172503e-10,  Error =4.09115012445227e-06
Completed 48 % :  mod = 9.848136386146296e-11,  Error =4.176225004925982e-06
Completed 49 % :  mod = 7.910933397554134e-11,  Error =4.272049096698538e-06
Completed 50 % :  mod = 9.18936197464198e-11,  Error =4.3675875289750365e-06
Completed 51 % :  mod = 2.0040379788610884e-10,  Error =4.450074470696563e-06
Completed 52 % :  mod = 3.0718869143989357e-10,  Error =4.508390233581849e-06
Completed 53 % :  mod = 1.322524060801103e-10,  Error =4.574348821506646e-06
Completed 54 % :  mod = 9.403987035547472e-11,  Error =4.663229645984757e-06
Completed 55 % :  mod = 1.21064610891723e-10,  Error =4.756702622898956e-06
Completed 56 % :  mod = 1.6879106615911173e-10,  Error =4.842104551983084e-06
Completed 56 % :  mod = 2.719876044576768e-10,  Error =4.9005723283812586e-06
Completed 57 % :  mod = 1.9135487048823555e-10,  Error =4.965383880062291e-06
Completed 59 % :  mod = 7.783709152243768e-11,  Error =5.05334789124845e-06
Completed 60 % :  mod = 6.494735914815927e-11,  Error =5.149753903310739e-06
Completed 61 % :  mod = 1.2938079531170238e-10,  Error =5.244013046024065e-06
Completed 62 % :  mod = 2.1945253648099267e-10,  Error =5.323435971149593e-06
Completed 63 % :  mod = 2.524298414852195e-10,  Error =5.376039972304625e-06
Completed 64 % :  mod = 1.4888747759612922e-10,  Error =5.449489819397968e-06
Completed 65 % :  mod = 6.297968623234129e-11,  Error =5.542313246564845e-06
Completed 66 % :  mod = 5.916237711843277e-11,  Error =5.639974602900111e-06
Completed 67 % :  mod = 1.312655223723449e-10,  Error =5.7344739730069705e-06
Completed 68 % :  mod = 2.2501810071472585e-10,  Error =5.812688449680081e-06
Completed 69 % :  mod = 2.5111774541979183e-10,  Error =5.864978326997061e-06
Completed 70 % :  mod = 1.4193539672182927e-10,  Error =5.939935583398892e-06
Completed 71 % :  mod = 6.064067321210268e-11,  Error =6.033242044622966e-06
Completed 72 % :  mod = 6.400495365673441e-11,  Error =6.130732877807077e-06
Completed 73 % :  mod = 1.4433157038225745e-10,  Error =6.224163321633114e-06
Completed 74 % :  mod = 2.3319270407470755e-10,  Error =6.299285445265923e-06
Completed 75 % :  mod = 2.394095405827018e-10,  Error =6.351882348099025e-06
Completed 76 % :  mod = 1.366452997552053e-10,  Error =6.429369740601487e-06
Completed 77 % :  mod = 6.766576320306581e-11,  Error =6.522476958537027e-06
Completed 78 % :  mod = 9.122729060402344e-11,  Error =6.617677840381475e-06
Completed 79 % :  mod = 2.152753327857197e-10,  Error =6.702767166189005e-06
Completed 80 % :  mod = 2.592455057886392e-10,  Error =6.763748068294717e-06
Completed 81 % :  mod = 1.5744444938465052e-10,  Error =6.827225384142821e-06
Completed 82 % :  mod = 1.0796228824589762e-10,  Error =6.915660499373644e-06
Completed 83 % :  mod = 8.927388051878303e-11,  Error =7.010040121713246e-06
Completed 84 % :  mod = 1.4307971691227858e-10,  Error =7.0983451720962876e-06
Completed 85 % :  mod = 3.14717041246632e-10,  Error =7.1630462841199005e-06
Completed 86 % :  mod = 1.8392950354660745e-10,  Error =7.221287091851991e-06
Completed 87 % :  mod = 9.310948263097725e-11,  Error =7.305047923011898e-06
Completed 88 % :  mod = 8.104593630582798e-11,  Error =7.400675400504042e-06
Completed 89 % :  mod = 9.966291269522904e-11,  Error =7.4961292071407115e-06
Completed 90 % :  mod = 1.8331348461194866e-10,  Error =7.579235138166496e-06
Completed 91 % :  mod = 3.1401091495430445e-10,  Error =7.636475345407234e-06
Completed 92 % :  mod = 1.4193654831901407e-10,  Error =7.702430615097455e-06
Completed 93 % :  mod = 8.409279073587878e-11,  Error =7.791207572438452e-06
Completed 94 % :  mod = 1.0899420307843387e-10,  Error =7.885760986425794e-06
Completed 95 % :  mod = 1.6219653596648144e-10,  Error =7.974129410115438e-06
Completed 96 % :  mod = 2.5537656622675114e-10,  Error =8.037614854572439e-06
Completed 97 % :  mod = 2.1291642997693153e-10,  Error =8.098523352373377e-06
Completed 98 % :  mod = 9.22443987209439e-11,  Error =8.183816625262352e-06
Completed 99 % :  mod = 7.06708814874121e-11,  Error =8.278771829850484e-06
Completed 100 % :  mod = 1.4206773690428749e-10,  Error =8.371150030939134e-06
Finished 110/201 frames
Finished all frames!
