/opt/local/miniconda_23_9/lib/python3.11/site-packages/conda/base/context.py:201: FutureWarning: Adding 'defaults' to channel list implicitly is deprecated and will be removed in 25.3. 

To remove this warning, please choose a default channel explicitly with conda's regular configuration system, e.g. by adding 'defaults' to the list of channels:

  conda config --add channels defaults

For more information see https://docs.conda.io/projects/conda/en/stable/user-guide/configuration/use-condarc.html

  deprecated.topic(
JOB 13426 ARRAY_ID 72  -> i=72 ; range=[1.9e-10, 6.0e-10] ; intervals=200 (frames=201)
Density options: centers='2.0e-10,4.0e-10' width='5e-11,5e-11' strength=''
Completed 0 % :  mod = 2.5025242396298557e-16,  Error =-1.4210854715202004e-14
Completed 1 % :  mod = 3.242141909293845e-16,  Error =4.700226696741083e-08
Completed 2 % :  mod = 5.898180845184518e-16,  Error =9.400515210700178e-08
Completed 3 % :  mod = 1.2040618563048065e-15,  Error =1.4100714906817302e-07
Completed 4 % :  mod = 2.5300233427266837e-15,  Error =1.8801055290396107e-07
Completed 5 % :  mod = 5.35147479215251e-15,  Error =2.350136085738086e-07
Completed 6 % :  mod = 1.1336168554778347e-14,  Error =2.82017794006606e-07
Completed 7 % :  mod = 2.4021640947338886e-14,  Error =3.290209491524365e-07
Completed 8 % :  mod = 5.090624012242354e-14,  Error =3.7602430325023306e-07
Completed 9 % :  mod = 1.0788137653884283e-13,  Error =4.2302639258195995e-07
Completed 10 % :  mod = 2.286248643725554e-13,  Error =4.700293914083886e-07
Completed 11 % :  mod = 4.845075146981227e-13,  Error =5.170324754999456e-07
Completed 12 % :  mod = 1.0267776389049372e-12,  Error =5.640344440394074e-07
Completed 13 % :  mod = 2.1759388549794712e-12,  Error =6.110354107136118e-07
Completed 14 % :  mod = 4.610964175706977e-12,  Error =6.580312188475546e-07
Completed 15 % :  mod = 9.768401463051891e-12,  Error =7.050033588029692e-07
Completed 16 % :  mod = 2.0670276038304585e-11,  Error =7.518695994690461e-07
Completed 17 % :  mod = 4.350924983825885e-11,  Error =7.982676848428127e-07
Completed 18 % :  mod = 8.943872116225094e-11,  Error =8.427120690157608e-07
Completed 19 % :  mod = 1.6550328007904169e-10,  Error =8.806807940686667e-07
Completed 20 % :  mod = 2.076746755657415e-10,  Error =9.088073227303539e-07
Completed 21 % :  mod = 1.3578194393418347e-10,  Error =9.397682774192617e-07
Completed 22 % :  mod = 7.093644840334783e-11,  Error =9.806922420807496e-07
Completed 23 % :  mod = 3.40100237718447e-11,  Error =1.0261080305440373e-06
Completed 24 % :  mod = 1.6387563748669905e-11,  Error =1.0727350385764112e-06
Completed 25 % :  mod = 8.762793396996476e-12,  Error =1.1196456100037722e-06
Completed 26 % :  mod = 5.917963782167884e-12,  Error =1.1666177783808962e-06
Completed 27 % :  mod = 6.617606990114462e-12,  Error =1.2135982956351654e-06
Completed 28 % :  mod = 1.1472005684099978e-11,  Error =1.2605550310240687e-06
Completed 28 % :  mod = 2.2742511252298797e-11,  Error =1.307387023530282e-06
Completed 30 % :  mod = 4.678940832205385e-11,  Error =1.353674065285304e-06
Completed 31 % :  mod = 9.722217683078869e-11,  Error =1.3977047501612105e-06
Completed 32 % :  mod = 1.728532795268102e-10,  Error =1.4346504286777417e-06
Completed 33 % :  mod = 2.0401630478444693e-10,  Error =1.4621721362573226e-06
Completed 34 % :  mod = 1.2872666110787013e-10,  Error =1.494262477308439e-06
Completed 35 % :  mod = 6.492714238399561e-11,  Error =1.5358962670575238e-06
Completed 36 % :  mod = 3.1796275479925317e-11,  Error =1.5815358906934307e-06
Completed 37 % :  mod = 1.51610279194894e-11,  Error =1.62821663707291e-06
Completed 38 % :  mod = 7.930659488622093e-12,  Error =1.6751397780012667e-06
Completed 39 % :  mod = 5.362908930080246e-12,  Error =1.7221178367776702e-06
Completed 40 % :  mod = 5.810507025865284e-12,  Error =1.7691030649302775e-06
Completed 41 % :  mod = 9.729866794157897e-12,  Error =1.816071169002953e-06
Completed 42 % :  mod = 1.9684589924672956e-11,  Error =1.8629483165000238e-06
Completed 43 % :  mod = 4.0222260860657986e-11,  Error =1.9094255421236994e-06
Completed 44 % :  mod = 8.324585541913773e-11,  Error =1.9542020055496323e-06
Completed 45 % :  mod = 1.5808796539844644e-10,  Error =1.9931368058223597e-06
Completed 46 % :  mod = 2.0760865670532245e-10,  Error =2.02198233978379e-06
Completed 47 % :  mod = 1.4503730326968895e-10,  Error =2.051945180880921e-06
Completed 48 % :  mod = 7.661145021399726e-11,  Error =2.092083860816274e-06
Completed 49 % :  mod = 3.6311347534353335e-11,  Error =2.1372415019982327e-06
Completed 50 % :  mod = 1.8091702398464894e-11,  Error =2.1838042698618665e-06
Completed 51 % :  mod = 9.819248110853734e-12,  Error =2.2306944131855744e-06
Completed 52 % :  mod = 7.129857312917586e-12,  Error =2.27765590210538e-06
Completed 53 % :  mod = 8.89984074898387e-12,  Error =2.3246223435080537e-06
Completed 54 % :  mod = 1.6032248323827562e-11,  Error =2.371536361067683e-06
Completed 55 % :  mod = 3.165075179203305e-11,  Error =2.4182050495369367e-06
Completed 56 % :  mod = 6.647380193934051e-11,  Error =2.4637956883566403e-06
Completed 56 % :  mod = 1.3092344165263513e-10,  Error =2.505336567537597e-06
Completed 57 % :  mod = 2.0115691681146305e-10,  Error =2.5372352823183064e-06
Completed 59 % :  mod = 1.7454326556488915e-10,  Error =2.5648784216514287e-06
Completed 60 % :  mod = 9.551780166559291e-11,  Error =2.6019895429385542e-06
Completed 61 % :  mod = 4.6340575100727484e-11,  Error =2.646049658494576e-06
Completed 62 % :  mod = 2.419642553076538e-11,  Error =2.6923225462383016e-06
Completed 63 % :  mod = 1.3721493830456126e-11,  Error =2.7391223440531576e-06
Completed 64 % :  mod = 1.1795081470374134e-11,  Error =2.7860306275329094e-06
Completed 65 % :  mod = 1.753062601313457e-11,  Error =2.8329114414304968e-06
Completed 66 % :  mod = 3.2560222357426786e-11,  Error =2.8795561135552816e-06
Completed 67 % :  mod = 6.476876866606484e-11,  Error =2.925146532106737e-06
Completed 68 % :  mod = 1.3202199677597737e-10,  Error =2.9667127137145144e-06
Completed 69 % :  mod = 2.0050195117963264e-10,  Error =2.9988363650090832e-06
Completed 70 % :  mod = 1.7318658551120432e-10,  Error =3.0263135712971234e-06
Completed 71 % :  mod = 9.911989089187947e-11,  Error =3.063288247062701e-06
Completed 72 % :  mod = 4.711123725200726e-11,  Error =3.1072221062800054e-06
Completed 73 % :  mod = 2.6025119935265505e-11,  Error =3.1534258155829775e-06
Completed 74 % :  mod = 1.776480253492314e-11,  Error =3.2001625100974707e-06
Completed 75 % :  mod = 1.8912134201711657e-11,  Error =3.246974181081441e-06
Completed 76 % :  mod = 3.2693839690858164e-11,  Error =3.293585450592218e-06
Completed 77 % :  mod = 6.562162282377169e-11,  Error =3.339228712206932e-06
Completed 78 % :  mod = 1.2144292086598627e-10,  Error =3.381159402238154e-06
Completed 79 % :  mod = 2.0333880686680302e-10,  Error =3.4136686011265738e-06
Completed 80 % :  mod = 1.7905318735412577e-10,  Error =3.4412241092240947e-06
Completed 81 % :  mod = 9.757262096667552e-11,  Error =3.4775473451986727e-06
Completed 82 % :  mod = 5.070229505166883e-11,  Error =3.521355985469654e-06
Completed 83 % :  mod = 2.4881914964378678e-11,  Error =3.5675443257332518e-06
Completed 84 % :  mod = 1.4521009883488632e-11,  Error =3.6143185226933383e-06
Completed 85 % :  mod = 1.3340190003075557e-11,  Error =3.6612109184375186e-06
Completed 86 % :  mod = 1.919010306705258e-11,  Error =3.7080661954291827e-06
Completed 87 % :  mod = 3.548307879121805e-11,  Error =3.754622220242254e-06
Completed 88 % :  mod = 7.503202165666317e-11,  Error =3.799867108966737e-06
Completed 89 % :  mod = 1.404201597878803e-10,  Error =3.840403820731808e-06
Completed 90 % :  mod = 2.0564358094478072e-10,  Error =3.870823555018887e-06
Completed 91 % :  mod = 1.6411229557782624e-10,  Error =3.89936084133069e-06
Completed 92 % :  mod = 8.563396249773897e-11,  Error =3.93779230734026e-06
Completed 93 % :  mod = 4.237855692465747e-11,  Error =3.982374586541937e-06
Completed 94 % :  mod = 2.177173976938237e-11,  Error =4.028782839782252e-06
Completed 95 % :  mod = 1.2274574813675096e-11,  Error =4.075620388732659e-06
Completed 96 % :  mod = 1.083192058158999e-11,  Error =4.122546542362215e-06
Completed 97 % :  mod = 1.6058004975823423e-11,  Error =4.169448004631704e-06
Completed 98 % :  mod = 2.9413000385663996e-11,  Error =4.216151793912104e-06
Completed 99 % :  mod = 6.025896306517678e-11,  Error =4.261959880125232e-06
Completed 100 % :  mod = 1.2225868030520448e-10,  Error =4.304297931412293e-06
Finished 73/201 frames
Finished all frames!
