/opt/local/miniconda_23_9/lib/python3.11/site-packages/conda/base/context.py:201: FutureWarning: Adding 'defaults' to channel list implicitly is deprecated and will be removed in 25.3. 

To remove this warning, please choose a default channel explicitly with conda's regular configuration system, e.g. by adding 'defaults' to the list of channels:

  conda config --add channels defaults

For more information see https://docs.conda.io/projects/conda/en/stable/user-guide/configuration/use-condarc.html

  deprecated.topic(
JOB 13596 ARRAY_ID 39  -> i=39 ; range=[2.0e-10, 2.09e-10] ; intervals=40 (frames=41)
Completed 0 % :  mod = 1.6684878052674783e-16,  Error =-1.4210854715202004e-14
Completed 1 % :  mod = 1.7043252181567246e-16,  Error =9.288910973737075e-09
Completed 2 % :  mod = 1.8133770100334383e-16,  Error =1.8576713500806363e-08
Completed 3 % :  mod = 2.000327866598025e-16,  Error =2.7864217599926633e-08
Completed 4 % :  mod = 2.2732087551707915e-16,  Error =3.7152304344090226e-08
Completed 5 % :  mod = 2.6437421257731273e-16,  Error =4.644044082624532e-08
Completed 6 % :  mod = 3.12784526603988e-16,  Error =5.5728349934724974e-08
Completed 7 % :  mod = 3.7463143832048523e-16,  Error =6.501592508811882e-08
Completed 8 % :  mod = 4.525717584346143e-16,  Error =7.430330839497401e-08
Completed 9 % :  mod = 5.499536452839895e-16,  Error =8.3589853261401e-08
Completed 10 % :  mod = 6.709604390851447e-16,  Error =9.287766289389765e-08
Completed 11 % :  mod = 8.207903435020593e-16,  Error =1.0216541568297544e-07
Completed 12 % :  mod = 1.0058797466271642e-15,  Error =1.1145232292619767e-07
Completed 13 % :  mod = 1.2341797167510384e-15,  Error =1.2074075783630178e-07
Completed 14 % :  mod = 1.5154975643141848e-15,  Error =1.300290080052946e-07
Completed 15 % :  mod = 1.861918133316508e-15,  Error =1.393165405261243e-07
Completed 16 % :  mod = 2.2883229531563425e-15,  Error =1.4860421515550115e-07
Completed 17 % :  mod = 2.8130295158093815e-15,  Error =1.578916410949205e-07
Completed 18 % :  mod = 3.458578162612438e-15,  Error =1.6717926598630584e-07
Completed 19 % :  mod = 4.2527003673094406e-15,  Error =1.7646748773358922e-07
Completed 20 % :  mod = 5.229510012256418e-15,  Error =1.85756412918181e-07
Completed 21 % :  mod = 6.430968876809007e-15,  Error =1.9504399517700222e-07
Completed 22 % :  mod = 7.908689218198084e-15,  Error =2.0433120084817347e-07
Completed 23 % :  mod = 9.726150912115662e-15,  Error =2.1361943680631157e-07
Completed 24 % :  mod = 1.1961428437445058e-14,  Error =2.2290738854735537e-07
Completed 25 % :  mod = 1.4710544807647102e-14,  Error =2.3219527633955295e-07
Completed 26 % :  mod = 1.80915964745438e-14,  Error =2.4148289412551094e-07
Completed 27 % :  mod = 2.2249826511697743e-14,  Error =2.50770433751768e-07
Completed 28 % :  mod = 2.736386395996591e-14,  Error =2.6005847786336744e-07
Completed 28 % :  mod = 3.3653397248533444e-14,  Error =2.693468346137706e-07
Completed 30 % :  mod = 4.138861145974818e-14,  Error =2.78633784489557e-07
Completed 31 % :  mod = 5.090179470636674e-14,  Error =2.879216722817546e-07
Completed 32 % :  mod = 6.260161207699231e-14,  Error =2.9720919059172957e-07
Completed 33 % :  mod = 7.699066022330051e-14,  Error =3.064969646970894e-07
Completed 34 % :  mod = 9.468705633536277e-14,  Error =3.157851082846719e-07
Completed 35 % :  mod = 1.1645098825191095e-13,  Error =3.2507362135447693e-07
Completed 36 % :  mod = 1.4321736513954743e-13,  Error =3.3436111834816984e-07
Completed 37 % :  mod = 1.761359691006539e-13,  Error =3.436486437635722e-07
Completed 38 % :  mod = 2.1662082854997203e-13,  Error =3.5293599864871794e-07
Completed 39 % :  mod = 2.6641092678104063e-13,  Error =3.622237230160863e-07
Completed 40 % :  mod = 3.2764483955321573e-13,  Error =3.715115255431556e-07
Completed 41 % :  mod = 4.0295248195566386e-13,  Error =3.8079906516941264e-07
Completed 42 % :  mod = 4.95567857303149e-13,  Error =3.900872727058413e-07
Completed 43 % :  mod = 6.094675610693661e-13,  Error =3.993751604980389e-07
Completed 44 % :  mod = 7.495408219695202e-13,  Error =4.086624940669026e-07
Completed 45 % :  mod = 9.217980725570772e-13,  Error =4.1795046712422845e-07
Completed 46 % :  mod = 1.1336264283571212e-12,  Error =4.272378077985195e-07
Completed 47 % :  mod = 1.394101971278309e-12,  Error =4.3652440950836535e-07
Completed 48 % :  mod = 1.7143702469196317e-12,  Error =4.458114517547074e-07
Completed 49 % :  mod = 2.1081075963767286e-12,  Error =4.5509823110023717e-07
Completed 50 % :  mod = 2.592076228774761e-12,  Error =4.643847688612368e-07
Completed 51 % :  mod = 3.1867840694328384e-12,  Error =4.7367039712753467e-07
Completed 52 % :  mod = 3.917254032734486e-12,  Error =4.82954405356395e-07
Completed 53 % :  mod = 4.81389205725967e-12,  Error =4.922365732795697e-07
Completed 54 % :  mod = 5.913410923231248e-12,  Error =5.015167516830843e-07
Completed 55 % :  mod = 7.259703114522509e-12,  Error =5.107925744596287e-07
Completed 56 % :  mod = 8.904435869293874e-12,  Error =5.200622297252266e-07
Completed 56 % :  mod = 1.0906924319478426e-11,  Error =5.293241471804322e-07
Completed 57 % :  mod = 1.3332463711977179e-11,  Error =5.385715411421188e-07
Completed 59 % :  mod = 1.624769646708618e-11,  Error =5.478004183601115e-07
Completed 60 % :  mod = 1.9710717723938335e-11,  Error =5.569987848730307e-07
Completed 61 % :  mod = 2.3752639650778324e-11,  Error =5.66158071535483e-07
Completed 62 % :  mod = 2.8346964177655638e-11,  Error =5.752620779730933e-07
Completed 63 % :  mod = 3.336529555111967e-11,  Error =5.842903192387894e-07
Completed 64 % :  mod = 3.8526214707524666e-11,  Error =5.932271349706753e-07
Completed 65 % :  mod = 4.3361653625690256e-11,  Error =6.02060545418226e-07
Completed 66 % :  mod = 4.7246120783102123e-11,  Error =6.10792071142896e-07
Completed 67 % :  mod = 4.953203272052541e-11,  Error =6.194457142782994e-07
Completed 68 % :  mod = 4.9773380054193034e-11,  Error =6.280660258539683e-07
Completed 69 % :  mod = 4.7920155108152e-11,  Error =6.367082079350439e-07
Completed 70 % :  mod = 4.4342003837684797e-11,  Error =6.454193623994797e-07
Completed 71 % :  mod = 3.9662127645600705e-11,  Error =6.542285717614504e-07
Completed 72 % :  mod = 3.4526893049187176e-11,  Error =6.631423232761335e-07
Completed 73 % :  mod = 2.944560019103341e-11,  Error =6.721519056895886e-07
Completed 74 % :  mod = 2.4740104590066258e-11,  Error =6.812394275357292e-07
Completed 75 % :  mod = 2.0568833172590102e-11,  Error =6.90387217616717e-07
Completed 76 % :  mod = 1.697689341767168e-11,  Error =6.995784787022785e-07
Completed 77 % :  mod = 1.394296265752328e-11,  Error =7.088015578915474e-07
Completed 78 % :  mod = 1.1413027180173933e-11,  Error =7.180461807365646e-07
Completed 79 % :  mod = 9.321258415701493e-12,  Error =7.27304538372664e-07
Completed 80 % :  mod = 7.601510613321296e-12,  Error =7.365726588659527e-07
Completed 81 % :  mod = 6.192901010731836e-12,  Error =7.458465702825379e-07
Completed 82 % :  mod = 5.041993275080331e-12,  Error =7.551250220672046e-07
Completed 83 % :  mod = 4.103182061548447e-12,  Error =7.644064936584982e-07
Completed 84 % :  mod = 3.33821123112289e-12,  Error =7.736900613508624e-07
Completed 85 % :  mod = 2.7153378482347966e-12,  Error =7.829747659116038e-07
Completed 86 % :  mod = 2.2084073642649086e-12,  Error =7.922611473532015e-07
Completed 87 % :  mod = 1.7959676594809502e-12,  Error =8.015480048584323e-07
Completed 88 % :  mod = 1.4604758332430809e-12,  Error =8.108346420954149e-07
Completed 89 % :  mod = 1.1876138006074965e-12,  Error =8.201210448532947e-07
Completed 90 % :  mod = 9.657104959462332e-13,  Error =8.29408172364765e-07
Completed 91 % :  mod = 7.85260575688479e-13,  Error =8.386950653971326e-07
Completed 92 % :  mod = 6.38526885938663e-13,  Error =8.479827116048e-07
Completed 93 % :  mod = 5.192138980362252e-13,  Error =8.572705070264419e-07
Completed 94 % :  mod = 4.222003889573462e-13,  Error =8.665583024480839e-07
Completed 95 % :  mod = 3.433211235247614e-13,  Error =8.758461902402814e-07
Completed 96 % :  mod = 2.791888272321508e-13,  Error =8.851329624803839e-07
Completed 97 % :  mod = 2.2704916130151652e-13,  Error =8.94420026043008e-07
Completed 98 % :  mod = 1.846626629051368e-13,  Error =9.03706492749734e-07
Completed 99 % :  mod = 1.5020868260015411e-13,  Error =9.129941602736835e-07
Completed 100 % :  mod = 1.2220724826862835e-13,  Error =9.222810959386152e-07
Finished 40/41 frames
Finished all frames!
