/opt/local/miniconda_23_9/lib/python3.11/site-packages/conda/base/context.py:201: FutureWarning: Adding 'defaults' to channel list implicitly is deprecated and will be removed in 25.3. 

To remove this warning, please choose a default channel explicitly with conda's regular configuration system, e.g. by adding 'defaults' to the list of channels:

  conda config --add channels defaults

For more information see https://docs.conda.io/projects/conda/en/stable/user-guide/configuration/use-condarc.html

  deprecated.topic(
JOB 13413 ARRAY_ID 59  -> i=59 ; range=[1.9e-10, 6.0e-10] ; intervals=200 (frames=201)
Density options: centers='2.0e-10,4.0e-10' width='5e-11,5e-11' strength=''
Completed 0 % :  mod = 2.207658787203972e-16,  Error =-1.4210854715202004e-14
Completed 1 % :  mod = 2.640316049141461e-16,  Error =2.8466253354508808e-08
Completed 2 % :  mod = 4.1078723064935896e-16,  Error =5.693315330290716e-08
Completed 3 % :  mod = 7.185551218534733e-16,  Error =8.540087748087899e-08
Completed 4 % :  mod = 1.3079680744010023e-15,  Error =1.1386745768504625e-07
Completed 5 % :  mod = 2.410052541150758e-15,  Error =1.4233406631092294e-07
Completed 6 % :  mod = 4.4567818391599194e-15,  Error =1.7080034098171382e-07
Completed 7 % :  mod = 8.25039255566521e-15,  Error =1.9926657301994055e-07
Completed 8 % :  mod = 1.5277829337897366e-14,  Error =2.277336577094502e-07
Completed 9 % :  mod = 2.82935681176894e-14,  Error =2.5620079213695135e-07
Completed 10 % :  mod = 5.2399260762908634e-14,  Error =2.8466767076906763e-07
Completed 11 % :  mod = 9.704337702231613e-14,  Error =3.131342012352434e-07
Completed 12 % :  mod = 1.7972461078278618e-13,  Error =3.416002982703503e-07
Completed 13 % :  mod = 3.3285055509652436e-13,  Error =3.700670632156289e-07
Completed 14 % :  mod = 6.164394425152221e-13,  Error =3.9853317446159053e-07
Completed 15 % :  mod = 1.1416401516800301e-12,  Error =4.269991791261418e-07
Completed 16 % :  mod = 2.114267939202653e-12,  Error =4.554644306153932e-07
Completed 17 % :  mod = 3.9152839454705635e-12,  Error =4.839267191414365e-07
Completed 18 % :  mod = 7.248898362150553e-12,  Error =5.123788540117857e-07
Completed 19 % :  mod = 1.3410864281233902e-11,  Error =5.407963641346214e-07
Completed 20 % :  mod = 2.474751613079109e-11,  Error =5.690935935831476e-07
Completed 21 % :  mod = 4.527054887030337e-11,  Error =5.969921659243482e-07
Completed 22 % :  mod = 8.040780946539131e-11,  Error =6.23647771647029e-07
Completed 23 % :  mod = 1.2985313622459905e-10,  Error =6.471509053085356e-07
Completed 24 % :  mod = 1.620756797360319e-10,  Error =6.662266898160851e-07
Completed 25 % :  mod = 1.3337104821459987e-10,  Error =6.850629077348458e-07
Completed 26 % :  mod = 8.381726762122963e-11,  Error =7.082473132413725e-07
Completed 27 % :  mod = 4.723289584074361e-11,  Error =7.347490296183423e-07
Completed 28 % :  mod = 2.5893191693056056e-11,  Error =7.62595881553807e-07
Completed 28 % :  mod = 1.407102333318583e-11,  Error =7.908765624620173e-07
Completed 30 % :  mod = 7.609803327175377e-12,  Error =8.192889566771555e-07
Completed 31 % :  mod = 4.172196314577922e-12,  Error =8.477394644046399e-07
Completed 32 % :  mod = 2.3460243509840325e-12,  Error =8.762013621321785e-07
Completed 33 % :  mod = 1.437168881087938e-12,  Error =9.046666207268572e-07
Completed 34 % :  mod = 1.0996062726861572e-12,  Error =9.331327888162377e-07
Completed 35 % :  mod = 1.188866329946348e-12,  Error =9.615983032063014e-07
Completed 36 % :  mod = 1.7401830575848449e-12,  Error =9.900643007654253e-07
Completed 37 % :  mod = 2.9848491769918098e-12,  Error =1.018528784868522e-06
Completed 38 % :  mod = 5.3888327295208435e-12,  Error =1.0469874851537497e-06
Completed 39 % :  mod = 9.88426770624188e-12,  Error =1.0754271286828043e-06
Completed 40 % :  mod = 1.8290695241216765e-11,  Error =1.1038015372832888e-06
Completed 41 % :  mod = 3.35457054580996e-11,  Error =1.131956501865261e-06
Completed 42 % :  mod = 6.071100931215635e-11,  Error =1.1593967101930502e-06
Completed 43 % :  mod = 1.044132061330821e-10,  Error =1.1847699497025133e-06
Completed 44 % :  mod = 1.517709174689712e-10,  Error =1.2059571403710834e-06
Completed 45 % :  mod = 1.5464552009391072e-10,  Error =1.224061755067396e-06
Completed 46 % :  mod = 1.0785910429283536e-10,  Error =1.24491705832952e-06
Completed 47 % :  mod = 6.315423835817697e-11,  Error =1.2700574103519102e-06
Completed 48 % :  mod = 3.516713620701973e-11,  Error =1.2974086374129001e-06
Completed 49 % :  mod = 1.9067076574068577e-11,  Error =1.3255342565798856e-06
Completed 50 % :  mod = 1.0389130904748083e-11,  Error =1.3538991296968561e-06
Completed 51 % :  mod = 5.746237253429191e-12,  Error =1.3823349576114197e-06
Completed 52 % :  mod = 3.2934187019222465e-12,  Error =1.4107925849771163e-06
Completed 53 % :  mod = 2.168801381809074e-12,  Error =1.4392565788057254e-06
Completed 54 % :  mod = 1.8884031937249967e-12,  Error =1.467721851611259e-06
Completed 55 % :  mod = 2.3316804976788705e-12,  Error =1.4961859804429878e-06
Completed 56 % :  mod = 3.7057453936179775e-12,  Error =1.5246484821318518e-06
Completed 56 % :  mod = 6.54367833478587e-12,  Error =1.5531031536397677e-06
Completed 57 % :  mod = 1.1860061489531898e-11,  Error =1.5815302276678267e-06
Completed 59 % :  mod = 2.1901734218873983e-11,  Error =1.6098642205975011e-06
Completed 60 % :  mod = 4.011498353567572e-11,  Error =1.6378851981357911e-06
Completed 61 % :  mod = 7.158271694668744e-11,  Error =1.6649134693125234e-06
Completed 62 % :  mod = 1.1964276007153396e-10,  Error =1.6892554057790221e-06
Completed 63 % :  mod = 1.5974695126660734e-10,  Error =1.7091240351874148e-06
Completed 64 % :  mod = 1.429638729148192e-10,  Error =1.7274537995604078e-06
Completed 65 % :  mod = 9.363855529471988e-11,  Error =1.7496988675702596e-06
Completed 66 % :  mod = 5.319522937420874e-11,  Error =1.775706913065278e-06
Completed 67 % :  mod = 2.945690891430384e-11,  Error =1.803381103115953e-06
Completed 68 % :  mod = 1.608241051610941e-11,  Error =1.8316093530756916e-06
Completed 69 % :  mod = 8.80106330726266e-12,  Error =1.8600045947891886e-06
Completed 70 % :  mod = 5.0936278422853816e-12,  Error =1.888448785791752e-06
Completed 71 % :  mod = 3.298908341355616e-12,  Error =1.916907336863005e-06
Completed 72 % :  mod = 2.7986609791563946e-12,  Error =1.9453701085581088e-06
Completed 73 % :  mod = 3.4315094965904555e-12,  Error =1.973832020496502e-06
Completed 74 % :  mod = 5.3817231005109015e-12,  Error =2.0022896407567714e-06
Completed 75 % :  mod = 9.389743211454784e-12,  Error =2.030731153013221e-06
Completed 76 % :  mod = 1.7224224693140054e-11,  Error =2.0591154807902967e-06
Completed 77 % :  mod = 3.139543225425083e-11,  Error =2.087308374143504e-06
Completed 78 % :  mod = 5.6821922630983273e-11,  Error =2.114871932690221e-06
Completed 79 % :  mod = 9.908436994521682e-11,  Error =2.1405795465057054e-06
Completed 80 % :  mod = 1.4727881961199072e-10,  Error =2.1623019890171236e-06
Completed 81 % :  mod = 1.5780562384024e-10,  Error =2.1804755547805144e-06
Completed 82 % :  mod = 1.138091561795578e-10,  Error =2.200823082887382e-06
Completed 83 % :  mod = 6.720789324323449e-11,  Error =2.225572984571045e-06
Completed 84 % :  mod = 3.7712648313616736e-11,  Error =2.252770308075469e-06
Completed 85 % :  mod = 2.048951424839827e-11,  Error =2.280846857161123e-06
Completed 86 % :  mod = 1.1215623204862292e-11,  Error =2.3091964536092746e-06
Completed 87 % :  mod = 6.359530909250104e-12,  Error =2.337626810344773e-06
Completed 88 % :  mod = 3.874304989563519e-12,  Error =2.3660814392201246e-06
Completed 89 % :  mod = 2.9613324984225138e-12,  Error =2.394543905381852e-06
Completed 90 % :  mod = 3.2211590113207614e-12,  Error =2.4230059807450743e-06
Completed 91 % :  mod = 4.691718981770777e-12,  Error =2.4514652636753453e-06
Completed 92 % :  mod = 8.02578675745436e-12,  Error =2.4799133626629555e-06
Completed 93 % :  mod = 1.4580603611486323e-11,  Error =2.5083200867470623e-06
Completed 94 % :  mod = 2.6459699962786217e-11,  Error =2.5365921629827426e-06
Completed 95 % :  mod = 4.844102108295094e-11,  Error =2.5644076657727055e-06
Completed 96 % :  mod = 8.565575259827251e-11,  Error =2.590824948356385e-06
Completed 97 % :  mod = 1.3473537928855776e-10,  Error =2.613839711784749e-06
Completed 98 % :  mod = 1.6247173876476111e-10,  Error =2.6325647652925e-06
Completed 99 % :  mod = 1.2775045872351275e-10,  Error =2.6517754463384335e-06
Completed 100 % :  mod = 7.868601618941272e-11,  Error =2.6754342457024904e-06
Finished 60/201 frames
Finished all frames!
