/opt/local/miniconda_23_9/lib/python3.11/site-packages/conda/base/context.py:201: FutureWarning: Adding 'defaults' to channel list implicitly is deprecated and will be removed in 25.3. 

To remove this warning, please choose a default channel explicitly with conda's regular configuration system, e.g. by adding 'defaults' to the list of channels:

  conda config --add channels defaults

For more information see https://docs.conda.io/projects/conda/en/stable/user-guide/configuration/use-condarc.html

  deprecated.topic(
JOB 13466 ARRAY_ID 112  -> i=112 ; range=[1.9e-10, 6.0e-10] ; intervals=200 (frames=201)
Density options: centers='2.0e-10,4.0e-10' width='5e-11,5e-11' strength=''
Completed 0 % :  mod = 3.0608456283773976e-16,  Error =-1.4210854715202004e-14
Completed 1 % :  mod = 4.567772499275668e-16,  Error =1.0519023163624297e-07
Completed 2 % :  mod = 1.0572344694461297e-15,  Error =2.103814082943245e-07
Completed 3 % :  mod = 2.698694884595978e-15,  Error =3.155719383585165e-07
Completed 4 % :  mod = 6.997418239500916e-15,  Error =4.2076230499787926e-07
Completed 5 % :  mod = 1.8186131442195026e-14,  Error =5.259535811319438e-07
Completed 6 % :  mod = 4.728177204637834e-14,  Error =6.311431519634425e-07
Completed 7 % :  mod = 1.2293328551819242e-13,  Error =7.363344565192165e-07
Completed 8 % :  mod = 3.196306978175893e-13,  Error =8.415249865834085e-07
Completed 9 % :  mod = 8.31050854282782e-13,  Error =9.467153745390533e-07
Completed 10 % :  mod = 2.1607489640871345e-12,  Error =1.0519041069301238e-06
Completed 11 % :  mod = 5.617774331434725e-12,  Error =1.1570813356343024e-06
Completed 12 % :  mod = 1.4601953713539402e-11,  Error =1.2621838507698158e-06
Completed 13 % :  mod = 3.788683434549223e-11,  Error =1.3667849216858485e-06
Completed 14 % :  mod = 9.709974930520202e-11,  Error =1.4681480280387404e-06
Completed 15 % :  mod = 2.2656317352304965e-10,  Error =1.553149814981225e-06
Completed 16 % :  mod = 2.8159395628685004e-10,  Error =1.6093481107759544e-06
Completed 17 % :  mod = 1.2197735784085258e-10,  Error =1.6849111332817301e-06
Completed 18 % :  mod = 5.3759347209722023e-11,  Error =1.7833289618351955e-06
Completed 19 % :  mod = 3.12979887149857e-11,  Error =1.8870846858476398e-06
Completed 20 % :  mod = 3.3799206828049614e-11,  Error =1.9914489257644163e-06
Completed 21 % :  mod = 6.91445559384317e-11,  Error =2.0942910836652118e-06
Completed 22 % :  mod = 1.8065059223602112e-10,  Error =2.18749718072786e-06
Completed 23 % :  mod = 2.8953286317294784e-10,  Error =2.252713656503147e-06
Completed 24 % :  mod = 1.6637970979521588e-10,  Error =2.315442564793102e-06
Completed 25 % :  mod = 8.957072157445944e-11,  Error =2.407907722101754e-06
Completed 26 % :  mod = 5.07638336402266e-11,  Error =2.5094721607388237e-06
Completed 27 % :  mod = 6.557493388662655e-11,  Error =2.6115396494219567e-06
Completed 28 % :  mod = 1.707479427087798e-10,  Error =2.7059499458914615e-06
Completed 28 % :  mod = 2.7966850995609554e-10,  Error =2.775943542587811e-06
Completed 30 % :  mod = 1.8440842880509193e-10,  Error =2.8340787849856497e-06
Completed 31 % :  mod = 1.1727042906815054e-10,  Error =2.9221477575447352e-06
Completed 32 % :  mod = 7.348756449688552e-11,  Error =3.021006506287449e-06
Completed 33 % :  mod = 1.0003684794278085e-10,  Error =3.118776071175944e-06
Completed 34 % :  mod = 2.635052278634846e-10,  Error =3.1995163283227157e-06
Completed 35 % :  mod = 2.5788261126463775e-10,  Error =3.258405222084093e-06
Completed 36 % :  mod = 1.1455224115531275e-10,  Error =3.334538405397325e-06
Completed 37 % :  mod = 8.5198036438592e-11,  Error =3.4315740577994802e-06
Completed 38 % :  mod = 8.888331250871572e-11,  Error =3.53161334487595e-06
Completed 39 % :  mod = 1.4338572549149629e-10,  Error =3.6243664638391238e-06
Completed 40 % :  mod = 3.1020521835134096e-10,  Error =3.689569034293072e-06
Completed 41 % :  mod = 1.898400031663369e-10,  Error =3.752133977741323e-06
Completed 42 % :  mod = 8.13179469802729e-11,  Error =3.8420988346388185e-06
Completed 43 % :  mod = 5.2768137553038966e-11,  Error =3.943673398509873e-06
Completed 44 % :  mod = 5.892979383614441e-11,  Error =4.046480000852171e-06
Completed 45 % :  mod = 1.1386107625871535e-10,  Error =4.144872548295098e-06
Completed 46 % :  mod = 2.7251673783580803e-10,  Error =4.221554817718243e-06
Completed 47 % :  mod = 2.4618186081114487e-10,  Error =4.27900226895872e-06
Completed 48 % :  mod = 1.0026249458290593e-10,  Error =4.361585787648892e-06
Completed 49 % :  mod = 4.9503353229236925e-11,  Error =4.461767289853924e-06
Completed 50 % :  mod = 4.466439501504927e-11,  Error =4.565138702616878e-06
Completed 51 % :  mod = 7.776442768176547e-11,  Error =4.667284144943551e-06
Completed 52 % :  mod = 1.764734779305036e-10,  Error =4.759098523265948e-06
Completed 53 % :  mod = 3.118493785053547e-10,  Error =4.823005163245853e-06
Completed 54 % :  mod = 1.561338352761897e-10,  Error =4.886140047233312e-06
Completed 55 % :  mod = 8.473793805820745e-11,  Error =4.978242621689333e-06
Completed 56 % :  mod = 6.748740263510031e-11,  Error =5.0792239889574375e-06
Completed 56 % :  mod = 8.806423136955253e-11,  Error =5.1796202953369175e-06
Completed 57 % :  mod = 1.985063619943069e-10,  Error =5.2673459691732205e-06
Completed 59 % :  mod = 3.114927108590792e-10,  Error =5.328826020445376e-06
Completed 60 % :  mod = 1.3525338684989453e-10,  Error =5.395897659354887e-06
Completed 61 % :  mod = 9.225570766576845e-11,  Error =5.488552268673175e-06
Completed 62 % :  mod = 1.1049286755318162e-10,  Error =5.586900051923749e-06
Completed 63 % :  mod = 1.5088933759533968e-10,  Error =5.678614982684849e-06
Completed 64 % :  mod = 2.8415997708402765e-10,  Error =5.742888589566064e-06
Completed 65 % :  mod = 2.066262912857912e-10,  Error =5.807095334375845e-06
Completed 66 % :  mod = 7.724522751092086e-11,  Error =5.896982031572406e-06
Completed 67 % :  mod = 6.06051602956601e-11,  Error =5.997594222151292e-06
Completed 68 % :  mod = 1.0729185595952314e-10,  Error =6.097763950663193e-06
Completed 69 % :  mod = 1.8364893827643903e-10,  Error =6.186874315972091e-06
Completed 70 % :  mod = 2.8568104773060343e-10,  Error =6.245438783025747e-06
Completed 71 % :  mod = 1.6502149292649825e-10,  Error =6.314919538397135e-06
Completed 72 % :  mod = 6.195500364739089e-11,  Error =6.409918206884413e-06
Completed 73 % :  mod = 3.940740466331908e-11,  Error =6.512823482296426e-06
Completed 74 % :  mod = 5.1000450272585034e-11,  Error =6.616518270163851e-06
Completed 75 % :  mod = 9.495547076953453e-11,  Error =6.71732968271499e-06
Completed 76 % :  mod = 2.2033071816440092e-10,  Error =6.80195044822085e-06
Completed 77 % :  mod = 2.9464356183629243e-10,  Error =6.859497311495488e-06
Completed 78 % :  mod = 1.2280113189152642e-10,  Error =6.93337460688781e-06
Completed 79 % :  mod = 7.025326291991167e-11,  Error =7.029909141920143e-06
Completed 80 % :  mod = 7.652038162083032e-11,  Error =7.131134118765203e-06
Completed 81 % :  mod = 1.2333863558500418e-10,  Error =7.2285960115436865e-06
Completed 82 % :  mod = 2.4477206256797254e-10,  Error =7.304995364165734e-06
Completed 83 % :  mod = 2.647578691333561e-10,  Error =7.36294800418591e-06
Completed 84 % :  mod = 1.0985404473996762e-10,  Error =7.444105555975966e-06
Completed 85 % :  mod = 6.960410960652399e-11,  Error =7.541413374667627e-06
Completed 86 % :  mod = 1.2379557705382025e-10,  Error =7.63930814429159e-06
Completed 87 % :  mod = 2.167283519486596e-10,  Error =7.724577407941524e-06
Completed 88 % :  mod = 2.5436404677059516e-10,  Error =7.78119199651428e-06
Completed 89 % :  mod = 1.6116353168445716e-10,  Error =7.854476834268098e-06
Completed 90 % :  mod = 6.464129473142994e-11,  Error =7.95041105305927e-06
Completed 91 % :  mod = 5.051274113754743e-11,  Error =8.05234221701312e-06
Completed 92 % :  mod = 1.0928241553708689e-10,  Error =8.152512798176303e-06
Completed 93 % :  mod = 2.133751615831936e-10,  Error =8.239360212769498e-06
Completed 94 % :  mod = 2.696566861761533e-10,  Error =8.296352383752037e-06
Completed 95 % :  mod = 1.4767547097625493e-10,  Error =8.369192670443226e-06
Completed 96 % :  mod = 5.444165739424947e-11,  Error =8.46625935935208e-06
Completed 97 % :  mod = 3.207012185085125e-11,  Error =8.569716307249564e-06
Completed 98 % :  mod = 4.0689180482872326e-11,  Error =8.673975393946876e-06
Completed 99 % :  mod = 7.279678499852177e-11,  Error =8.776679415234412e-06
Completed 100 % :  mod = 1.6384511953680624e-10,  Error =8.869619719575894e-06
Finished 113/201 frames
Finished all frames!
