/opt/local/miniconda_23_9/lib/python3.11/site-packages/conda/base/context.py:201: FutureWarning: Adding 'defaults' to channel list implicitly is deprecated and will be removed in 25.3. 

To remove this warning, please choose a default channel explicitly with conda's regular configuration system, e.g. by adding 'defaults' to the list of channels:

  conda config --add channels defaults

For more information see https://docs.conda.io/projects/conda/en/stable/user-guide/configuration/use-condarc.html

  deprecated.topic(
JOB 13568 ARRAY_ID 11  -> i=11 ; range=[2.0e-10, 2.09e-10] ; intervals=40 (frames=41)
Completed 0 % :  mod = 1.6193170727373807e-16,  Error =-1.4210854715202004e-14
Completed 1 % :  mod = 1.6291021990727342e-16,  Error =8.241080706739012e-09
Completed 2 % :  mod = 1.6585758524986808e-16,  Error =1.6480740328006505e-08
Completed 3 % :  mod = 1.7080942397344526e-16,  Error =2.472086180205224e-08
Completed 4 % :  mod = 1.7782557789073344e-16,  Error =3.296055695045652e-08
Completed 5 % :  mod = 1.869908440263612e-16,  Error =4.1200088674031576e-08
Completed 6 % :  mod = 1.9841599054974583e-16,  Error =4.9440856741966854e-08
Completed 7 % :  mod = 2.122390886909759e-16,  Error =5.768260535887748e-08
Completed 8 % :  mod = 2.286272093916451e-16,  Error =6.59230821042911e-08
Completed 9 % :  mod = 2.4777840305825097e-16,  Error =7.416392833192731e-08
Completed 10 % :  mod = 2.6992412444216046e-16,  Error =8.240448323704186e-08
Completed 11 % :  mod = 2.953320153785882e-16,  Error =9.064429917771122e-08
Completed 12 % :  mod = 3.2430913813221334e-16,  Error =9.888504592936442e-08
Completed 13 % :  mod = 3.572057096523562e-16,  Error =1.071251105599913e-07
Completed 14 % :  mod = 3.9441928881293783e-16,  Error =1.1536603494732844e-07
Completed 15 % :  mod = 4.3639961640134022e-16,  Error =1.2360684564782787e-07
Completed 16 % :  mod = 4.836540700126548e-16,  Error =1.3184741476379713e-07
Completed 17 % :  mod = 5.367537216484046e-16,  Error =1.400878346657919e-07
Completed 18 % :  mod = 5.963403028874941e-16,  Error =1.4832831851663286e-07
Completed 19 % :  mod = 6.631339766616553e-16,  Error =1.5656866736435404e-07
Completed 20 % :  mod = 7.379419519796354e-16,  Error =1.6480878173297242e-07
Completed 21 % :  mod = 8.216683212243304e-16,  Error =1.730492158458219e-07
Completed 22 % :  mod = 9.153249781096904e-16,  Error =1.8128941547956856e-07
Completed 23 % :  mod = 1.0200438014824558e-15,  Error =1.895301053878029e-07
Completed 24 % :  mod = 1.1370903691495326e-15,  Error =1.9776984316877133e-07
Completed 25 % :  mod = 1.267879254360374e-15,  Error =2.060101778056378e-07
Completed 26 % :  mod = 1.4139910939551369e-15,  Error =2.14249752161777e-07
Completed 27 % :  mod = 1.5771917434378262e-15,  Error =2.2248971731642087e-07
Completed 28 % :  mod = 1.7594535584206003e-15,  Error =2.307291850911497e-07
Completed 28 % :  mod = 1.9629792456529508e-15,  Error =2.3896961920399917e-07
Completed 30 % :  mod = 2.1902285479716615e-15,  Error =2.47209960946293e-07
Completed 31 % :  mod = 2.4439478823372523e-15,  Error =2.5544967741097935e-07
Completed 32 % :  mod = 2.727203551187272e-15,  Error =2.6368928729425534e-07
Completed 33 % :  mod = 3.0434188743672005e-15,  Error =2.71929387452019e-07
Completed 34 % :  mod = 3.3964154657015097e-15,  Error =2.801692815523893e-07
Completed 35 % :  mod = 3.7904594510900036e-15,  Error =2.8840961618925576e-07
Completed 36 % :  mod = 4.2303130779605975e-15,  Error =2.9665001477496844e-07
Completed 37 % :  mod = 4.721292188140169e-15,  Error =3.0489022151414247e-07
Completed 38 % :  mod = 5.26933050447061e-15,  Error =3.1313049930759007e-07
Completed 39 % :  mod = 5.881051380558557e-15,  Error =3.213707202576188e-07
Completed 40 % :  mod = 6.5638477422498226e-15,  Error =3.2961119700303243e-07
Completed 41 % :  mod = 7.32597153506343e-15,  Error =3.378518869112668e-07
Completed 42 % :  mod = 8.176633439987274e-15,  Error =3.4609213628300495e-07
Completed 43 % :  mod = 9.126114098458033e-15,  Error =3.5433241407645255e-07
Completed 44 % :  mod = 1.018588847617453e-14,  Error =3.625725994993445e-07
Completed 45 % :  mod = 1.1368764493708713e-14,  Error =3.708133604618524e-07
Completed 46 % :  mod = 1.2689037771680635e-14,  Error =3.790536595715821e-07
Completed 47 % :  mod = 1.4162664488655621e-14,  Error =3.8729380946733727e-07
Completed 48 % :  mod = 1.5807454153001076e-14,  Error =3.955335259320236e-07
Completed 49 % :  mod = 1.7643284831869756e-14,  Error =4.037729368633336e-07
Completed 50 % :  mod = 1.969234345580141e-14,  Error =4.1201325728934535e-07
Completed 51 % :  mod = 2.197939385946585e-14,  Error =4.20253932986725e-07
Completed 52 % :  mod = 2.4532076095726822e-14,  Error =4.284940757770528e-07
Completed 53 % :  mod = 2.7381240541232655e-14,  Error =4.3673417593481645e-07
Completed 54 % :  mod = 3.0561320578298544e-14,  Error =4.44973757396383e-07
Completed 55 % :  mod = 3.411074880985691e-14,  Error =4.5321516495278047e-07
Completed 56 % :  mod = 3.8072421560610725e-14,  Error =4.614555848547752e-07
Completed 56 % :  mod = 4.2494217107134854e-14,  Error =4.696954789551455e-07
Completed 57 % :  mod = 4.742957435626859e-14,  Error =4.77935735432311e-07
Completed 59 % :  mod = 5.29381386321026e-14,  Error =4.861752032070399e-07
Completed 60 % :  mod = 5.908648227716131e-14,  Error =4.944151257291196e-07
Completed 61 % :  mod = 6.594890916537152e-14,  Error =5.026556237908153e-07
Completed 62 % :  mod = 7.360835245953429e-14,  Error =5.108952976229375e-07
Completed 63 % :  mod = 8.215737652303684e-14,  Error =5.191355612055304e-07
Completed 64 % :  mod = 9.169929529482068e-14,  Error =5.273760947943629e-07
Completed 65 % :  mod = 1.0234942019990315e-13,  Error =5.356157259939209e-07
Completed 66 % :  mod = 1.142364529126141e-13,  Error =5.438554211423252e-07
Completed 67 % :  mod = 1.2750403975138966e-13,  Error =5.520951589232936e-07
Completed 68 % :  mod = 1.42312505956191e-13,  Error =5.603363888440072e-07
Completed 69 % :  mod = 1.5884079111484492e-13,  Error =5.68576631110318e-07
Completed 70 % :  mod = 1.772886087420437e-13,  Error =5.768169515363297e-07
Completed 71 % :  mod = 1.9787885545104764e-13,  Error =5.850574922305896e-07
Completed 72 % :  mod = 2.208602988073438e-13,  Error =5.932979476597211e-07
Completed 73 % :  mod = 2.4651057557309264e-13,  Error =6.01538111766331e-07
Completed 74 % :  mod = 2.7513953533840956e-13,  Error =6.097786382497361e-07
Completed 75 % :  mod = 3.070929691245197e-13,  Error =6.180187668292092e-07
Completed 76 % :  mod = 3.42756766060066e-13,  Error =6.262589451466738e-07
Completed 77 % :  mod = 3.82561545749135e-13,  Error =6.344990879370016e-07
Completed 78 % :  mod = 4.269878192146737e-13,  Error =6.427384917628842e-07
Completed 79 % :  mod = 4.765717358071911e-13,  Error =6.509788477160328e-07
Completed 80 % :  mod = 5.319114789193461e-13,  Error =6.592197792087973e-07
Completed 81 % :  mod = 5.936743788868574e-13,  Error =6.674604833278863e-07
Completed 82 % :  mod = 6.626048158927556e-13,  Error =6.757006474344962e-07
Completed 83 % :  mod = 7.395329909043195e-13,  Error =6.839409323333712e-07
Completed 84 % :  mod = 8.253846461406161e-13,  Error =6.921809188042971e-07
Completed 85 % :  mod = 9.211918179375972e-13,  Error =7.004215447636852e-07
Completed 86 % :  mod = 1.028104704771672e-12,  Error =7.086616946594404e-07
Completed 87 % :  mod = 1.1474047281163424e-12,  Error =7.169010913798957e-07
Completed 88 % :  mod = 1.2805188520222644e-12,  Error =7.25140985480266e-07
Completed 89 % :  mod = 1.4290352080299856e-12,  Error =7.333803466735844e-07
Completed 90 % :  mod = 1.5947200386368587e-12,  Error =7.416200631382708e-07
Completed 91 % :  mod = 1.7795359203282475e-12,  Error =7.498598080246666e-07
Completed 92 % :  mod = 1.985661150211405e-12,  Error =7.580993255373869e-07
Completed 93 % :  mod = 2.2155100657923684e-12,  Error =7.663385588330129e-07
Completed 94 % :  mod = 2.4717539021038564e-12,  Error =7.745778987100493e-07
Completed 95 % :  mod = 2.7573415565070394e-12,  Error =7.828161230349906e-07
Completed 96 % :  mod = 3.0755193013640844e-12,  Error =7.910538428745895e-07
Completed 97 % :  mod = 3.4298480263265974e-12,  Error =7.992913495513676e-07
Completed 98 % :  mod = 3.824215962692549e-12,  Error =8.075287141195986e-07
Completed 99 % :  mod = 4.262843985684974e-12,  Error =8.15764238382144e-07
Completed 100 % :  mod = 4.750279443091466e-12,  Error =8.239981639235339e-07
Finished 12/41 frames
Finished all frames!
