/opt/local/miniconda_23_9/lib/python3.11/site-packages/conda/base/context.py:201: FutureWarning: Adding 'defaults' to channel list implicitly is deprecated and will be removed in 25.3. 

To remove this warning, please choose a default channel explicitly with conda's regular configuration system, e.g. by adding 'defaults' to the list of channels:

  conda config --add channels defaults

For more information see https://docs.conda.io/projects/conda/en/stable/user-guide/configuration/use-condarc.html

  deprecated.topic(
JOB 13356 ARRAY_ID 2  -> i=2 ; range=[1.9e-10, 6.0e-10] ; intervals=200 (frames=201)
Density options: centers='2.0e-10,4.0e-10' width='5e-11,5e-11' strength=''
Completed 0 % :  mod = 1.5384993896630422e-16,  Error =-1.4210854715202004e-14
Completed 1 % :  mod = 1.5090257724262474e-16,  Error =6.714387268402788e-09
Completed 2 % :  mod = 1.4217341509819807e-16,  Error =1.3428810063942365e-08
Completed 3 % :  mod = 1.2799691427661482e-16,  Error =2.0143922085935628e-08
Completed 4 % :  mod = 1.0891624675281825e-16,  Error =2.6857790658141312e-08
Completed 5 % :  mod = 8.566247299442394e-17,  Error =3.357168054662907e-08
Completed 6 % :  mod = 5.912656242240376e-17,  Error =4.0285094371483865e-08
Completed 7 % :  mod = 3.0325239537183897e-17,  Error =4.6998678726595244e-08
Completed 8 % :  mod = 3.620011194231129e-19,  Error =5.3712263081706624e-08
Completed 9 % :  mod = 2.961510472281318e-17,  Error =6.042683509122071e-08
Completed 10 % :  mod = 5.845750674142092e-17,  Error =6.714079603398204e-08
Completed 11 % :  mod = 8.506013330725263e-17,  Error =7.385512645896597e-08
Completed 12 % :  mod = 1.084036991755008e-16,  Error =8.056912292886409e-08
Completed 13 % :  mod = 1.2759380026449508e-16,  Error =8.72829204467962e-08
Completed 14 % :  mod = 1.418951803363603e-16,  Error =9.399757772143857e-08
Completed 15 % :  mod = 1.5075987561056348e-16,  Error =1.0071212130924323e-07
Completed 16 % :  mod = 1.5384824469361456e-16,  Error =1.0742567724264518e-07
Completed 17 % :  mod = 1.5104195841661084e-16,  Error =1.14139488971432e-07
Completed 18 % :  mod = 1.4244852337581433e-16,  Error =1.208532225405179e-07
Completed 19 % :  mod = 1.2839722047584404e-16,  Error =1.275680574508442e-07
Completed 20 % :  mod = 1.0942640822426122e-16,  Error =1.3428199707732347e-07
Completed 21 % :  mod = 8.626294061677268e-17,  Error =1.409960930232046e-07
Completed 22 % :  mod = 5.979433840328019e-17,  Error =1.4771006817682064e-07
Completed 23 % :  mod = 3.103473214920654e-17,  Error =1.5442468281889887e-07
Completed 24 % :  mod = 1.0860295178562106e-18,  Error =1.6113870771050642e-07
Completed 25 % :  mod = 2.8904280711895844e-17,  Error =1.6785230627647252e-07
Completed 26 % :  mod = 5.778713186245743e-17,  Error =1.7456675038829417e-07
Completed 27 % :  mod = 8.445588190228813e-17,  Error =1.8128172740716764e-07
Completed 28 % :  mod = 1.0788872392648307e-16,  Error =1.879960365158695e-07
Completed 28 % :  mod = 1.2718784219863423e-16,  Error =1.9471065826337508e-07
Completed 30 % :  mod = 1.4161377902374012e-16,  Error =2.0142444157045247e-07
Completed 31 % :  mod = 1.5061381438444434e-16,  Error =2.081387222574449e-07
Completed 32 % :  mod = 1.538431313215617e-16,  Error =2.1485282530875338e-07
Completed 33 % :  mod = 1.5117797751499722e-16,  Error =2.215671059957458e-07
Completed 34 % :  mod = 1.4272047084121365e-16,  Error =2.2828137247188351e-07
Completed 35 % :  mod = 1.2879467683106786e-16,  Error =2.3499590184883346e-07
Completed 36 % :  mod = 1.0993414067983543e-16,  Error =2.417101327978344e-07
Completed 37 % :  mod = 8.686150169120707e-17,  Error =2.484247474399126e-07
Completed 38 % :  mod = 6.046078877552621e-17,  Error =2.5513884338579373e-07
Completed 39 % :  mod = 3.174353235935769e-17,  Error =2.61852783012273e-07
Completed 40 % :  mod = 1.8100314465097067e-18,  Error =2.685673479163597e-07
Completed 41 % :  mod = 2.8192822977231714e-17,  Error =2.752809322714711e-07
Completed 42 % :  mod = 5.711548209137484e-17,  Error =2.8199499269021544e-07
Completed 43 % :  mod = 8.384976344728352e-17,  Error =2.887086338887457e-07
Completed 44 % :  mod = 1.0737136308857874e-16,  Error =2.9542268720206266e-07
Completed 45 % :  mod = 1.2677906577333004e-16,  Error =3.0213684709679e-07
Completed 46 % :  mod = 1.4132924636721231e-16,  Error =3.0885166069083425e-07
Completed 47 % :  mod = 1.5046442587601e-16,  Error =3.1556696455936617e-07
Completed 48 % :  mod = 1.5383461322240878e-16,  Error =3.2228108892695673e-07
Completed 49 % :  mod = 1.5131065997358772e-16,  Error =3.2899565383104346e-07
Completed 50 % :  mod = 1.4298926954021372e-16,  Error =3.3570994162346324e-07
Completed 51 % :  mod = 1.2918928659930994e-16,  Error =3.4242336965917275e-07
Completed 52 % :  mod = 1.1043945042679305e-16,  Error =3.4913795587954155e-07
Completed 53 % :  mod = 8.74581508927519e-17,  Error =3.55851362598969e-07
Completed 54 % :  mod = 6.112590480204661e-17,  Error =3.6256541591228597e-07
Completed 55 % :  mod = 3.245164342466101e-17,  Error =3.69280066081501e-07
Completed 56 % :  mod = 2.534005251022376e-18,  Error =3.7599478019956223e-07
Completed 56 % :  mod = 2.7480730743338968e-17,  Error =3.8270886193458864e-07
Completed 57 % :  mod = 5.644255050053552e-17,  Error =3.8942282998277733e-07
Completed 59 % :  mod = 8.324177551239575e-17,  Error =3.96137473046565e-07
Completed 60 % :  mod = 1.0685161531761932e-16,  Error =4.0285164715214705e-07
Completed 61 % :  mod = 1.2636746954101645e-16,  Error =4.0956516045298486e-07
Completed 62 % :  mod = 1.410415770418017e-16,  Error =4.162793345585669e-07
Completed 63 % :  mod = 1.503117054323695e-16,  Error =4.2299384972466214e-07
Completed 64 % :  mod = 1.5382269013766186e-16,  Error =4.297080096193895e-07
Completed 65 % :  mod = 1.5143999865794955e-16,  Error =4.36422709526596e-07
Completed 66 % :  mod = 1.4325491047722536e-16,  Error =4.431359599266216e-07
Completed 67 % :  mod = 1.2958104916018483e-16,  Error =4.498495513871603e-07
Completed 68 % :  mod = 1.1094232826274977e-16,  Error =4.5656426550522156e-07
Completed 69 % :  mod = 8.805287653748103e-17,  Error =4.632783898728121e-07
Completed 70 % :  mod = 6.178969134252749e-17,  Error =4.699927274032234e-07
Completed 71 % :  mod = 3.3159055315551563e-17,  Error =4.767062264932065e-07
Completed 72 % :  mod = 3.257945037732354e-18,  Error =4.834205071801989e-07
Completed 73 % :  mod = 2.6768001063386674e-17,  Error =4.901352355091149e-07
Completed 74 % :  mod = 5.576834163943284e-17,  Error =4.968490188161923e-07
Completed 75 % :  mod = 8.263192135464849e-17,  Error =5.035632284489111e-07
Completed 76 % :  mod = 1.0632947901094236e-16,  Error =5.102766351683385e-07
Completed 77 % :  mod = 1.2595305913686138e-16,  Error =5.169904184754159e-07
Completed 78 % :  mod = 1.4075077078901437e-16,  Error =5.237036333483047e-07
Completed 79 % :  mod = 1.5015564896931857e-16,  Error =5.304178785081604e-07
Completed 80 % :  mod = 1.5380735364041846e-16,  Error =5.371322870928452e-07
Completed 81 % :  mod = 1.515659746463262e-16,  Error =5.438459353968028e-07
Completed 82 % :  mod = 1.4351737452369692e-16,  Error =5.505600313426839e-07
Completed 83 % :  mod = 1.2996994042205718e-16,  Error =5.572746744064716e-07
Completed 84 % :  mod = 1.114427515953351e-16,  Error =5.639895448439347e-07
Completed 85 % :  mod = 8.864565406847001e-17,  Error =5.707033920998583e-07
Completed 86 % :  mod = 6.245211443086493e-17,  Error =5.774170546146706e-07
Completed 87 % :  mod = 3.3865744095490383e-17,  Error =5.841313424070904e-07
Completed 88 % :  mod = 3.981812497837522e-18,  Error =5.908457723080573e-07
Completed 89 % :  mod = 2.605468036288671e-17,  Error =5.975601808927422e-07
Completed 90 % :  mod = 5.5092893454977406e-17,  Error =6.042755700264024e-07
Completed 91 % :  mod = 8.202023437145896e-17,  Error =6.109894457040355e-07
Completed 92 % :  mod = 1.0580498513612204e-16,  Error =6.17703072691711e-07
Completed 93 % :  mod = 1.2553584991540495e-16,  Error =6.244176944392166e-07
Completed 94 % :  mod = 1.4045684368717344e-16,  Error =6.311320817076194e-07
Completed 95 % :  mod = 1.499962574691342e-16,  Error =6.378466892442702e-07
Completed 96 % :  mod = 1.53788608021678e-16,  Error =6.445613109917758e-07
Completed 97 % :  mod = 1.5168859776148743e-16,  Error =6.512755845733409e-07
Completed 98 % :  mod = 1.437766589912914e-16,  Error =6.579898652603333e-07
Completed 99 % :  mod = 1.3035596224608337e-16,  Error =6.64703733832539e-07
Completed 100 % :  mod = 1.119407156682605e-16,  Error =6.714176450373088e-07
Finished 3/201 frames
Finished all frames!
