/opt/local/miniconda_23_9/lib/python3.11/site-packages/conda/base/context.py:201: FutureWarning: Adding 'defaults' to channel list implicitly is deprecated and will be removed in 25.3. 

To remove this warning, please choose a default channel explicitly with conda's regular configuration system, e.g. by adding 'defaults' to the list of channels:

  conda config --add channels defaults

For more information see https://docs.conda.io/projects/conda/en/stable/user-guide/configuration/use-condarc.html

  deprecated.topic(
JOB 14036 ARRAY_ID 165  -> i=165 ; range=[1.9e-10, 5.0e-10] ; intervals=200 (frames=201)
Analytic t0 extension enabled (--extend-time-using-t0).
Density options: centers='2.0e-10,4.0e-10' width='2.0e-11,5.0e-11' strength='7.0'
Completed 0 % :  mod = 3.493035280978707e-16,  Error =-1.4210854715202004e-14
Completed 1 % :  mod = 5.771370036148386e-16,  Error =1.7841175292687694e-07
Completed 2 % :  mod = 1.5578465161537774e-15,  Error =3.568225110939238e-07
Completed 3 % :  mod = 4.570769049552967e-15,  Error =5.35233553478065e-07
Completed 4 % :  mod = 1.3546266404063018e-14,  Error =7.13645228245241e-07
Completed 5 % :  mod = 4.019288793282963e-14,  Error =8.920564411596388e-07
Completed 6 % :  mod = 1.1927118954874224e-13,  Error =1.0704675688089083e-06
Completed 7 % :  mod = 3.539389062923627e-13,  Error =1.2488790943621098e-06
Completed 8 % :  mod = 1.0503197381324957e-12,  Error =1.4272905488610377e-06
Completed 9 % :  mod = 3.1168256095943783e-12,  Error =1.605696567708037e-06
Completed 10 % :  mod = 9.248748215540282e-12,  Error =1.7840657662304693e-06
Completed 11 % :  mod = 2.7432899142750205e-11,  Error =1.9621082998355632e-06
Completed 12 % :  mod = 8.105764649292719e-11,  Error =2.137342946184617e-06
Completed 13 % :  mod = 2.2927729461122563e-10,  Error =2.292198246323096e-06
Completed 14 % :  mod = 3.680214369147521e-10,  Error =2.3890275926419235e-06
Completed 15 % :  mod = 1.291435986158236e-10,  Error =2.513058248609923e-06
Completed 16 % :  mod = 6.412779903248953e-11,  Error =2.680466955951033e-06
Completed 17 % :  mod = 6.959639081457334e-11,  Error =2.854809729058161e-06
Completed 18 % :  mod = 1.3291904794688633e-10,  Error =3.022993574575139e-06
Completed 19 % :  mod = 3.2052335303592126e-10,  Error =3.150088154768582e-06
Completed 20 % :  mod = 2.619050831495315e-10,  Error =3.247772717429598e-06
Completed 21 % :  mod = 1.0360422499797841e-10,  Error =3.398524270892267e-06
Completed 22 % :  mod = 6.926957360734381e-11,  Error =3.5683754902038345e-06
Completed 23 % :  mod = 1.6637066666475918e-10,  Error =3.731628339664894e-06
Completed 24 % :  mod = 3.6940154575406833e-10,  Error =3.853804820153073e-06
Completed 25 % :  mod = 1.9844975071600712e-10,  Error =3.947817781124741e-06
Completed 26 % :  mod = 1.1820147860587118e-10,  Error =4.099587926020831e-06
Completed 27 % :  mod = 9.743782725146523e-11,  Error =4.2682705228003215e-06
Completed 28 % :  mod = 1.5724906138503877e-10,  Error =4.428328864491959e-06
Completed 28 % :  mod = 3.7157876286047434e-10,  Error =4.535838932895331e-06
Completed 30 % :  mod = 1.983335450677143e-10,  Error =4.646027598198543e-06
Completed 31 % :  mod = 7.030581651154209e-11,  Error =4.807456612354599e-06
Completed 32 % :  mod = 3.380031808403071e-11,  Error =4.9829890329533555e-06
Completed 33 % :  mod = 4.718490178893239e-11,  Error =5.159486967443172e-06
Completed 34 % :  mod = 1.2507311175671807e-10,  Error =5.3299047095833885e-06
Completed 35 % :  mod = 3.1447289824178743e-10,  Error =5.462611703421771e-06
Completed 36 % :  mod = 2.7650603994208004e-10,  Error =5.556658557281935e-06
Completed 37 % :  mod = 1.1000794234688939e-10,  Error =5.70438200497847e-06
Completed 38 % :  mod = 5.955619159688048e-11,  Error =5.874872627487093e-06
Completed 39 % :  mod = 1.2684359986243724e-10,  Error =6.0431929185256195e-06
Completed 40 % :  mod = 3.260206654454764e-10,  Error =6.180003111921906e-06
Completed 41 % :  mod = 2.6099938994447137e-10,  Error =6.2696701306208524e-06
Completed 42 % :  mod = 1.177006824001593e-10,  Error =6.4144100448970676e-06
Completed 43 % :  mod = 3.9925036761775586e-11,  Error =6.587012990166841e-06
Completed 44 % :  mod = 3.033012401253637e-11,  Error =6.763848368507297e-06
Completed 45 % :  mod = 7.845795953576532e-11,  Error =6.939103137426628e-06
Completed 46 % :  mod = 2.0934202027575195e-10,  Error =7.098733952659586e-06
Completed 47 % :  mod = 3.5997056119015714e-10,  Error =7.2023858805891905e-06
Completed 48 % :  mod = 1.5396445184972425e-10,  Error =7.3180850037601886e-06
Completed 49 % :  mod = 6.711378120093108e-11,  Error =7.483536762720178e-06
Completed 50 % :  mod = 4.7885309091132946e-11,  Error =7.658529156628902e-06
Completed 51 % :  mod = 9.229549449965496e-11,  Error =7.831385516965383e-06
Completed 52 % :  mod = 2.682337405894019e-10,  Error =7.979218786147158e-06
Completed 53 % :  mod = 3.509807664824993e-10,  Error =8.076097394393855e-06
Completed 54 % :  mod = 1.1773095843433208e-10,  Error =8.205952354956025e-06
Completed 55 % :  mod = 7.415730118601844e-11,  Error =8.372299184600251e-06
Completed 56 % :  mod = 1.5003088813238022e-10,  Error =8.539171382437871e-06
Completed 56 % :  mod = 2.7643000998734475e-10,  Error =8.6777842795982e-06
Completed 57 % :  mod = 2.7225073432827023e-10,  Error =8.765072152527864e-06
Completed 59 % :  mod = 1.6338204381275782e-10,  Error =8.904224493733182e-06
Completed 60 % :  mod = 8.652613271110414e-11,  Error =9.069463736466332e-06
Completed 61 % :  mod = 1.3891987077421956e-10,  Error =9.230247393077207e-06
Completed 62 % :  mod = 4.0466156148652695e-10,  Error =9.346352904060495e-06
Completed 63 % :  mod = 1.9568137984756937e-10,  Error =9.446584840588912e-06
Completed 64 % :  mod = 8.891735433465287e-11,  Error =9.601616930865475e-06
Completed 65 % :  mod = 7.593120339192714e-11,  Error =9.774371385162794e-06
Completed 66 % :  mod = 1.0329069764068535e-10,  Error =9.945541492584198e-06
Completed 67 % :  mod = 2.4819875156078667e-10,  Error =1.0089760081655186e-05
Completed 68 % :  mod = 3.519268257550067e-10,  Error =1.018290813448175e-05
Completed 69 % :  mod = 1.3103077798120303e-10,  Error =1.0314982318959665e-05
Completed 70 % :  mod = 9.388008615375003e-11,  Error =1.0477353072246842e-05
Completed 71 % :  mod = 2.1879620338039655e-10,  Error =1.0632017328759957e-05
Completed 72 % :  mod = 3.667489462540642e-10,  Error =1.0746216084100979e-05
Completed 73 % :  mod = 1.67918430634717e-10,  Error =1.084742540768957e-05
Completed 74 % :  mod = 1.42983361035482e-10,  Error =1.0995808487734848e-05
Completed 75 % :  mod = 2.387575240998983e-10,  Error =1.114613874619863e-05
Completed 76 % :  mod = 2.861822923121545e-10,  Error =1.1261699015108206e-05
Completed 77 % :  mod = 1.867330372384221e-10,  Error =1.1365509962502074e-05
Completed 78 % :  mod = 2.219609177604787e-10,  Error =1.1509312230373325e-05
Completed 79 % :  mod = 2.2950554421297122e-10,  Error =1.1649252357415207e-05
Completed 80 % :  mod = 2.6747172769372994e-10,  Error =1.1747658668070926e-05
Completed 81 % :  mod = 2.2403748014820401e-10,  Error =1.1868946216964105e-05
Completed 82 % :  mod = 1.2999732666513168e-10,  Error =1.2022505643471959e-05
Completed 83 % :  mod = 1.852859977291496e-10,  Error =1.2169342568313368e-05
Completed 84 % :  mod = 3.527135936056724e-10,  Error =1.2267157650569516e-05
Completed 85 % :  mod = 2.0774095743347123e-10,  Error =1.2384555006406117e-05
Completed 86 % :  mod = 1.125505070874073e-10,  Error =1.2540464325638823e-05
Completed 87 % :  mod = 1.316844438240677e-10,  Error =1.2701072009235759e-05
Completed 88 % :  mod = 3.701138646813686e-10,  Error =1.2827120528413616e-05
Completed 89 % :  mod = 2.278292563534135e-10,  Error =1.2921026346646158e-05
Completed 90 % :  mod = 9.490645354303681e-11,  Error =1.3067693046764361e-05
Completed 91 % :  mod = 1.132033310988617e-10,  Error =1.3236887710377232e-05
Completed 92 % :  mod = 1.480004250328269e-10,  Error =1.340182156894798e-05
Completed 93 % :  mod = 3.1164539705534356e-10,  Error =1.3526127304430702e-05
Completed 94 % :  mod = 2.6539411652729696e-10,  Error =1.3623467140178036e-05
Completed 95 % :  mod = 9.358965588850561e-11,  Error =1.3772936668488e-05
Completed 96 % :  mod = 1.002195209277415e-10,  Error =1.3939007175167717e-05
Completed 97 % :  mod = 2.364627481181494e-10,  Error =1.4091119666659324e-05
Completed 98 % :  mod = 3.688991563735513e-10,  Error =1.4195167075570225e-05
Completed 99 % :  mod = 1.722139620237582e-10,  Error =1.4306426621146784e-05
Completed 100 % :  mod = 1.0498335660775232e-10,  Error =1.4460856000653166e-05
Finished 166/201 frames
Finished all frames!
