/opt/local/miniconda_23_9/lib/python3.11/site-packages/conda/base/context.py:201: FutureWarning: Adding 'defaults' to channel list implicitly is deprecated and will be removed in 25.3. 

To remove this warning, please choose a default channel explicitly with conda's regular configuration system, e.g. by adding 'defaults' to the list of channels:

  conda config --add channels defaults

For more information see https://docs.conda.io/projects/conda/en/stable/user-guide/configuration/use-condarc.html

  deprecated.topic(
JOB 13444 ARRAY_ID 90  -> i=90 ; range=[1.9e-10, 6.0e-10] ; intervals=200 (frames=201)
Density options: centers='2.0e-10,4.0e-10' width='5e-11,5e-11' strength=''
Completed 0 % :  mod = 2.8156129679528684e-16,  Error =-1.4210854715202004e-14
Completed 1 % :  mod = 3.9546646431325392e-16,  Error =7.531869528065727e-08
Completed 2 % :  mod = 8.293422645192608e-16,  Error =1.5063742608845132e-07
Completed 3 % :  mod = 1.934236217752714e-15,  Error =2.25957123234366e-07
Completed 4 % :  mod = 4.604114455942625e-15,  Error =3.0127493744203093e-07
Completed 5 % :  mod = 1.0999166829763598e-14,  Error =3.7659334140016654e-07
Completed 6 % :  mod = 2.629360963893367e-14,  Error =4.519115890389003e-07
Completed 7 % :  mod = 6.286212691215846e-14,  Error =5.272305756420792e-07
Completed 8 % :  mod = 1.5029218192646694e-13,  Error =6.025494485584204e-07
Completed 9 % :  mod = 3.5932306258271713e-13,  Error =6.778685488484371e-07
Completed 10 % :  mod = 8.590797673107555e-13,  Error =7.531868320143076e-07
Completed 11 % :  mod = 2.0538972151959763e-12,  Error =8.285036159350057e-07
Completed 12 % :  mod = 4.9102711129336705e-12,  Error =9.038134081151838e-07
Completed 13 % :  mod = 1.1736178395491343e-11,  Error =9.790816974941663e-07
Completed 14 % :  mod = 2.8011976725587678e-11,  Error =1.0541104487060693e-06
Completed 15 % :  mod = 6.632518842656505e-11,  Error =1.1278101794687245e-06
Completed 16 % :  mod = 1.497523576947014e-10,  Error =1.1949721780979417e-06
Completed 17 % :  mod = 2.5587248027413877e-10,  Error =1.2435520346798512e-06
Completed 18 % :  mod = 1.7867529902895293e-10,  Error =1.287096516477959e-06
Completed 19 % :  mod = 8.616502061389702e-11,  Error =1.3505904306043703e-06
Completed 20 % :  mod = 3.60217540010389e-11,  Error =1.423262943944792e-06
Completed 21 % :  mod = 1.9338065925135776e-11,  Error =1.4980123523855582e-06
Completed 22 % :  mod = 1.7474187573609907e-11,  Error =1.5731028284449167e-06
Completed 23 % :  mod = 2.7855012213801306e-11,  Error =1.6480588485023873e-06
Completed 24 % :  mod = 6.122723784525252e-11,  Error =1.7218993946244154e-06
Completed 25 % :  mod = 1.4309152517635154e-10,  Error =1.7901000362030572e-06
Completed 26 % :  mod = 2.432154539004184e-10,  Error =1.8409970650168361e-06
Completed 27 % :  mod = 1.94745574982513e-10,  Error =1.8831279717801408e-06
Completed 28 % :  mod = 9.698184032308665e-11,  Error =1.944721304880659e-06
Completed 28 % :  mod = 4.2850074198303e-11,  Error =2.01655554832314e-06
Completed 30 % :  mod = 3.24735338212083e-11,  Error =2.0908252409412853e-06
Completed 31 % :  mod = 4.645272224052322e-11,  Error =2.1651234476394166e-06
Completed 32 % :  mod = 8.487770085135219e-11,  Error =2.2372993058183965e-06
Completed 33 % :  mod = 1.8932856162111705e-10,  Error =2.299349155521213e-06
Completed 34 % :  mod = 2.6197157617624273e-10,  Error =2.3431791547068315e-06
Completed 35 % :  mod = 1.3488057412383978e-10,  Error =2.3920438323443705e-06
Completed 36 % :  mod = 7.72909215764218e-11,  Error =2.458997528265172e-06
Completed 37 % :  mod = 4.960564806431202e-11,  Error =2.5317476683994755e-06
Completed 38 % :  mod = 5.4405946276037404e-11,  Error =2.605101414587807e-06
Completed 39 % :  mod = 1.1439669557143084e-10,  Error =2.675170229338164e-06
Completed 40 % :  mod = 2.2631580395581923e-10,  Error =2.7326442619823865e-06
Completed 41 % :  mod = 2.1912336956206213e-10,  Error =2.773478804840579e-06
Completed 42 % :  mod = 1.265493339649834e-10,  Error =2.8285052522392107e-06
Completed 43 % :  mod = 5.691151868125109e-11,  Error =2.898222952296692e-06
Completed 44 % :  mod = 3.2797570896791026e-11,  Error =2.9720657295229103e-06
Completed 45 % :  mod = 3.8886260301898945e-11,  Error =3.046485048230352e-06
Completed 46 % :  mod = 7.303822288492837e-11,  Error =3.1196986398640547e-06
Completed 47 % :  mod = 1.4276494241961074e-10,  Error =3.186457384174446e-06
Completed 48 % :  mod = 2.645419711430478e-10,  Error =3.2345070977157775e-06
Completed 49 % :  mod = 1.7900538903815027e-10,  Error =3.278541775841859e-06
Completed 50 % :  mod = 8.272466394886675e-11,  Error =3.3417937999047354e-06
Completed 51 % :  mod = 3.868857480955103e-11,  Error =3.4144730634011466e-06
Completed 52 % :  mod = 2.0129201263915086e-11,  Error =3.489179398741271e-06
Completed 53 % :  mod = 1.9937255828584864e-11,  Error =3.564211745299417e-06
Completed 54 % :  mod = 3.632487390745337e-11,  Error =3.638985582199439e-06
Completed 55 % :  mod = 7.670401588359924e-11,  Error =3.712018205703771e-06
Completed 56 % :  mod = 1.6715289051118515e-10,  Error =3.7767210017136676e-06
Completed 56 % :  mod = 2.6626628472040845e-10,  Error =3.822119253982237e-06
Completed 57 % :  mod = 1.5374043010828092e-10,  Error =3.8683741578893205e-06
Completed 59 % :  mod = 7.792340648746228e-11,  Error =3.934035696318006e-06
Completed 60 % :  mod = 3.7411411122135696e-11,  Error =4.007095135705185e-06
Completed 61 % :  mod = 2.6981404980951268e-11,  Error =4.081662844157563e-06
Completed 62 % :  mod = 4.215437228364594e-11,  Error =4.156129321586377e-06
Completed 63 % :  mod = 8.944660401653427e-11,  Error =4.228533533989776e-06
Completed 64 % :  mod = 1.730537414271417e-10,  Error =4.29164334292409e-06
Completed 65 % :  mod = 2.64479023976836e-10,  Error =4.3349475546961e-06
Completed 66 % :  mod = 1.4754680041513174e-10,  Error =4.383602238533513e-06
Completed 67 % :  mod = 6.81440805112178e-11,  Error =4.450420455270887e-06
Completed 68 % :  mod = 3.622974120639398e-11,  Error =4.523833901259877e-06
Completed 69 % :  mod = 2.5670488772465094e-11,  Error =4.598501298858082e-06
Completed 70 % :  mod = 3.829264477243721e-11,  Error =4.673049694758902e-06
Completed 71 % :  mod = 8.819908497477619e-11,  Error =4.74561172580934e-06
Completed 72 % :  mod = 1.7436574360851776e-10,  Error =4.809369904990035e-06
Completed 73 % :  mod = 2.546601098964683e-10,  Error =4.853118333869588e-06
Completed 74 % :  mod = 1.5508921656525304e-10,  Error =4.901403372059576e-06
Completed 75 % :  mod = 6.67453543259546e-11,  Error =4.968206702926636e-06
Completed 76 % :  mod = 3.008455389181754e-11,  Error =5.041798445404311e-06
Completed 77 % :  mod = 1.4341269929340522e-11,  Error =5.116771191637781e-06
Completed 78 % :  mod = 9.846864762775473e-12,  Error =5.191982737073886e-06
Completed 79 % :  mod = 1.516630540773029e-11,  Error =5.267188470270412e-06
Completed 80 % :  mod = 3.2532095461405705e-11,  Error =5.342112650907893e-06
Completed 81 % :  mod = 7.122217423487133e-11,  Error =5.415466716840456e-06
Completed 82 % :  mod = 1.6197736811051327e-10,  Error =5.481200858525881e-06
Completed 83 % :  mod = 2.619567972433711e-10,  Error =5.527851236308834e-06
Completed 84 % :  mod = 1.6210687074725872e-10,  Error =5.57290110947406e-06
Completed 85 % :  mod = 8.23133616466708e-11,  Error =5.637825339022129e-06
Completed 86 % :  mod = 3.607016090167107e-11,  Error =5.710754955146058e-06
Completed 87 % :  mod = 2.3007151012080117e-11,  Error =5.78541461493387e-06
Completed 88 % :  mod = 3.225235043206217e-11,  Error =5.860206222507713e-06
Completed 89 % :  mod = 6.232483751593692e-11,  Error =5.934006637176026e-06
Completed 90 % :  mod = 1.2936061848006548e-10,  Error =6.002520230197206e-06
Completed 91 % :  mod = 2.5567669840715524e-10,  Error =6.05383277729743e-06
Completed 92 % :  mod = 1.956753596173933e-10,  Error =6.095921662563342e-06
Completed 93 % :  mod = 9.322282876919455e-11,  Error =6.156885376640275e-06
Completed 94 % :  mod = 4.1272787492248555e-11,  Error =6.229006650926294e-06
Completed 95 % :  mod = 1.7000692240365766e-11,  Error =6.3037107764785105e-06
Completed 96 % :  mod = 9.209085343303291e-12,  Error =6.378896372893905e-06
Completed 97 % :  mod = 9.58303393186525e-12,  Error =6.454157066571042e-06
Completed 98 % :  mod = 1.529257193828769e-11,  Error =6.529370075725183e-06
Completed 99 % :  mod = 3.362192098503191e-11,  Error =6.604236432394828e-06
Completed 100 % :  mod = 8.145391929032148e-11,  Error =6.677185957926213e-06
Finished 91/201 frames
Finished all frames!
