/opt/local/miniconda_23_9/lib/python3.11/site-packages/conda/base/context.py:201: FutureWarning: Adding 'defaults' to channel list implicitly is deprecated and will be removed in 25.3. 

To remove this warning, please choose a default channel explicitly with conda's regular configuration system, e.g. by adding 'defaults' to the list of channels:

  conda config --add channels defaults

For more information see https://docs.conda.io/projects/conda/en/stable/user-guide/configuration/use-condarc.html

  deprecated.topic(
JOB 13411 ARRAY_ID 57  -> i=57 ; range=[1.9e-10, 6.0e-10] ; intervals=200 (frames=201)
Density options: centers='2.0e-10,4.0e-10' width='5e-11,5e-11' strength=''
Completed 0 % :  mod = 2.169035601651624e-16,  Error =-1.4210854715202004e-14
Completed 1 % :  mod = 2.566309526327249e-16,  Error =2.65259245679772e-08
Completed 2 % :  mod = 3.9036582339720033e-16,  Error =5.305305705860519e-08
Completed 3 % :  mod = 6.670971151952729e-16,  Error =7.957851266837679e-08
Completed 4 % :  mod = 1.188195338637813e-15,  Error =1.0610479961314923e-07
Completed 5 % :  mod = 2.1445460046518367e-15,  Error =1.3263138498587068e-07
Completed 6 % :  mod = 3.886473652285575e-15,  Error =1.591560163660688e-07
Completed 7 % :  mod = 7.052070548334109e-15,  Error =1.856826088442176e-07
Completed 8 % :  mod = 1.2800938768255531e-14,  Error =2.12209172900657e-07
Completed 9 % :  mod = 2.323896852513715e-14,  Error =2.3873543852914736e-07
Completed 10 % :  mod = 4.2189754680219917e-14,  Error =2.6526126362114155e-07
Completed 11 % :  mod = 7.659523122665009e-14,  Error =2.9178738714108476e-07
Completed 12 % :  mod = 1.3905858925361039e-13,  Error =3.1831412172778073e-07
Completed 13 % :  mod = 2.524609477957184e-13,  Error =3.448409700013144e-07
Completed 14 % :  mod = 4.583427081012977e-13,  Error =3.7136598507458984e-07
Completed 15 % :  mod = 8.32118479804182e-13,  Error =3.9789190964256704e-07
Completed 16 % :  mod = 1.5106911315387211e-12,  Error =4.244180047408008e-07
Completed 17 % :  mod = 2.74253318942753e-12,  Error =4.509424798015971e-07
Completed 18 % :  mod = 4.978298815053529e-12,  Error =4.774620947500807e-07
Completed 19 % :  mod = 9.033471320448335e-12,  Error =5.039654595861975e-07
Completed 20 % :  mod = 1.637256183843822e-11,  Error =5.304196264432903e-07
Completed 21 % :  mod = 2.955939552794683e-11,  Error =5.567089473856868e-07
Completed 22 % :  mod = 5.26947601913106e-11,  Error =5.824785134223021e-07
Completed 23 % :  mod = 9.018729982186484e-11,  Error =6.067486992833437e-07
Completed 24 % :  mod = 1.365872543969656e-10,  Error =6.277108042240798e-07
Completed 25 % :  mod = 1.5470115790483732e-10,  Error =6.45167141044567e-07
Completed 26 % :  mod = 1.1949010745822446e-10,  Error =6.636395610826185e-07
Completed 27 % :  mod = 7.438115569249419e-11,  Error =6.860610994863237e-07
Completed 28 % :  mod = 4.252780597772821e-11,  Error =7.110702213708464e-07
Completed 28 % :  mod = 2.3679625883102416e-11,  Error =7.371053030169605e-07
Completed 30 % :  mod = 1.3127787285737012e-11,  Error =7.634794272348699e-07
Completed 31 % :  mod = 7.239978245328011e-12,  Error =7.899593228444246e-07
Completed 32 % :  mod = 4.017281257982101e-12,  Error =8.164712070879432e-07
Completed 33 % :  mod = 2.2661237194124723e-12,  Error =8.429938276321991e-07
Completed 34 % :  mod = 1.3350859607410636e-12,  Error =8.695189208651755e-07
Completed 35 % :  mod = 8.991098305867234e-13,  Error =8.960455843975978e-07
Completed 36 % :  mod = 7.919223302552871e-13,  Error =9.225717647609599e-07
Completed 37 % :  mod = 9.719018589279883e-13,  Error =9.49098421187955e-07
Completed 38 % :  mod = 1.5106065629030024e-12,  Error =9.75624800503283e-07
Completed 39 % :  mod = 2.60508284383832e-12,  Error =1.0021497374168575e-06
Completed 40 % :  mod = 4.640556804015659e-12,  Error =1.028670460812009e-06
Completed 41 % :  mod = 8.39287144292701e-12,  Error =1.0551777123168904e-06
Completed 42 % :  mod = 1.51932251141739e-11,  Error =1.0816408888558726e-06
Completed 43 % :  mod = 2.7388167744687057e-11,  Error =1.1079626389687292e-06
Completed 44 % :  mod = 4.9054718178969726e-11,  Error =1.1338355747625428e-06
Completed 45 % :  mod = 8.453901816762866e-11,  Error =1.1583874339748945e-06
Completed 46 % :  mod = 1.3098119008204745e-10,  Error =1.1798673966723072e-06
Completed 47 % :  mod = 1.558740043740423e-10,  Error =1.1976008451597409e-06
Completed 48 % :  mod = 1.25418933659131e-10,  Error =1.2156573134802784e-06
Completed 49 % :  mod = 7.961008551563582e-11,  Error =1.2376035840588884e-06
Completed 50 % :  mod = 4.579795666241556e-11,  Error =1.2623892828855787e-06
Completed 51 % :  mod = 2.5529627663860715e-11,  Error =1.288344492422766e-06
Completed 52 % :  mod = 1.419435003793013e-11,  Error =1.3146945718744973e-06
Completed 53 % :  mod = 7.842935590097715e-12,  Error =1.3411670067853265e-06
Completed 54 % :  mod = 4.387807415702465e-12,  Error =1.3676764680781162e-06
Completed 55 % :  mod = 2.545231261663129e-12,  Error =1.3941972483166865e-06
Completed 56 % :  mod = 1.6161631412067923e-12,  Error =1.4207223699713722e-06
Completed 56 % :  mod = 1.2888108997394233e-12,  Error =1.4472465323933648e-06
Completed 57 % :  mod = 1.4355603577539795e-12,  Error =1.473771902738008e-06
Completed 59 % :  mod = 2.09836937969881e-12,  Error =1.5002963351662402e-06
Completed 60 % :  mod = 3.5365246934086067e-12,  Error =1.5268186857042565e-06
Completed 61 % :  mod = 6.282511807578563e-12,  Error =1.553333767390086e-06
Completed 62 % :  mod = 1.1269945851079377e-11,  Error =1.5798257422261486e-06
Completed 63 % :  mod = 2.0410927975148344e-11,  Error =1.6062394294635851e-06
Completed 64 % :  mod = 3.6732624774189046e-11,  Error =1.6324001137490995e-06
Completed 65 % :  mod = 6.461188168363209e-11,  Error =1.65778097027669e-06
Completed 66 % :  mod = 1.0756429586931677e-10,  Error =1.681053149127365e-06
Completed 67 % :  mod = 1.494498805023377e-10,  Error =1.7004929091513077e-06
Completed 68 % :  mod = 1.4605033709156213e-10,  Error =1.7176609858893244e-06
Completed 69 % :  mod = 1.0216403762217544e-10,  Error =1.7375675014363878e-06
Completed 70 % :  mod = 6.06682889450036e-11,  Error =1.7611765770197962e-06
Completed 71 % :  mod = 3.4383352321245786e-11,  Error =1.7866922448206424e-06
Completed 72 % :  mod = 1.9092938979295778e-11,  Error =1.812897977515604e-06
Completed 73 % :  mod = 1.0544932712238878e-11,  Error =1.8393248737424983e-06
Completed 74 % :  mod = 5.900598037611951e-12,  Error =1.865821481317198e-06
Completed 75 % :  mod = 3.357075440341405e-12,  Error =1.8923382327784566e-06
Completed 76 % :  mod = 2.0550394748286353e-12,  Error =1.9188608675335672e-06
Completed 77 % :  mod = 1.5142489332356615e-12,  Error =1.9453868134178265e-06
Completed 78 % :  mod = 1.5172558375453766e-12,  Error =1.9719116011174265e-06
Completed 79 % :  mod = 2.076599467530407e-12,  Error =1.998436303551898e-06
Completed 80 % :  mod = 3.411969470510708e-12,  Error =2.0249597127985908e-06
Completed 81 % :  mod = 5.968708977480245e-12,  Error =2.051476101883054e-06
Completed 82 % :  mod = 1.071457778123875e-11,  Error =2.0779711533691625e-06
Completed 83 % :  mod = 1.9408131853578144e-11,  Error =2.10439564796161e-06
Completed 84 % :  mod = 3.478003943903747e-11,  Error =2.130592093863015e-06
Completed 85 % :  mod = 6.167688427193229e-11,  Error =2.1560786791496866e-06
Completed 86 % :  mod = 1.0331873891646876e-10,  Error =2.1796191376211027e-06
Completed 87 % :  mod = 1.4658043351374607e-10,  Error =2.199417998838271e-06
Completed 88 % :  mod = 1.4917378771912033e-10,  Error =2.216582778657994e-06
Completed 89 % :  mod = 1.0612496194700109e-10,  Error =2.236124025500885e-06
Completed 90 % :  mod = 6.37399290130043e-11,  Error =2.2594724882196715e-06
Completed 91 % :  mod = 3.631036115298617e-11,  Error =2.28488338649413e-06
Completed 92 % :  mod = 2.008716178311979e-11,  Error =2.31105389758568e-06
Completed 93 % :  mod = 1.1195737298469447e-11,  Error =2.3374697732947425e-06
Completed 94 % :  mod = 6.326802097423492e-12,  Error =2.3639615349679843e-06
Completed 95 % :  mod = 3.710701705857454e-12,  Error =2.3904762898041554e-06
Completed 96 % :  mod = 2.502005446515486e-12,  Error =2.416997830323453e-06
Completed 97 % :  mod = 2.196764548840407e-12,  Error =2.4435202661265976e-06
Completed 98 % :  mod = 2.677283844866509e-12,  Error =2.4700439027469656e-06
Completed 99 % :  mod = 4.165372001696277e-12,  Error =2.4965650169406217e-06
Completed 100 % :  mod = 7.1796612302207525e-12,  Error =2.523076560123627e-06
Finished 58/201 frames
Finished all frames!
