/opt/local/miniconda_23_9/lib/python3.11/site-packages/conda/base/context.py:201: FutureWarning: Adding 'defaults' to channel list implicitly is deprecated and will be removed in 25.3. 

To remove this warning, please choose a default channel explicitly with conda's regular configuration system, e.g. by adding 'defaults' to the list of channels:

  conda config --add channels defaults

For more information see https://docs.conda.io/projects/conda/en/stable/user-guide/configuration/use-condarc.html

  deprecated.topic(
JOB 13366 ARRAY_ID 12  -> i=12 ; range=[1.9e-10, 6.0e-10] ; intervals=200 (frames=201)
Density options: centers='2.0e-10,4.0e-10' width='5e-11,5e-11' strength=''
Completed 0 % :  mod = 1.632024395015349e-16,  Error =-1.4210854715202004e-14
Completed 1 % :  mod = 1.6483844796699266e-16,  Error =8.501537251959235e-09
Completed 2 % :  mod = 1.6977927748530342e-16,  Error =1.700307450391847e-08
Completed 3 % :  mod = 1.7812398536466347e-16,  Error =2.5504789391561644e-08
Completed 4 % :  mod = 1.9003986753979315e-16,  Error =3.400507608830594e-08
Completed 5 % :  mod = 2.057658286608488e-16,  Error =4.250703966590663e-08
Completed 6 % :  mod = 2.2561715694180994e-16,  Error =5.100808664337819e-08
Completed 7 % :  mod = 2.4999185023100885e-16,  Error =5.950968073875629e-08
Completed 8 % :  mod = 2.793785830012005e-16,  Error =6.801062113481748e-08
Completed 9 % :  mod = 3.1436653304844435e-16,  Error =7.65118599588277e-08
Completed 10 % :  mod = 3.5565717951748264e-16,  Error =8.501306325570113e-08
Completed 11 % :  mod = 4.0407833276380845e-16,  Error =9.351460761308772e-08
Completed 12 % :  mod = 4.606007829144572e-16,  Error =1.0201721778457795e-07
Completed 13 % :  mod = 5.26357756034893e-16,  Error =1.1051996295918798e-07
Completed 14 % :  mod = 6.026675848231536e-16,  Error =1.1902157837084815e-07
Completed 15 % :  mod = 6.910602003614369e-16,  Error =1.2752386169267993e-07
Completed 16 % :  mod = 7.933077747633992e-16,  Error =1.360259815896825e-07
Completed 17 % :  mod = 9.114602460482234e-16,  Error =1.4452798779984732e-07
Completed 18 % :  mod = 1.0478864464395548e-15,  Error =1.5302890687962645e-07
Completed 19 % :  mod = 1.2053215508413045e-15,  Error =1.615312612557318e-07
Completed 20 % :  mod = 1.3869219567040757e-15,  Error =1.700324716580326e-07
Completed 21 % :  mod = 1.5963285536743507e-15,  Error =1.7853484735042002e-07
Completed 22 % :  mod = 1.83773967699541e-15,  Error =1.8703603643643874e-07
Completed 23 % :  mod = 2.1159953570934922e-15,  Error =1.9553805685745829e-07
Completed 24 % :  mod = 2.436674307538591e-15,  Error =2.040390114643742e-07
Completed 25 % :  mod = 2.8062057466800815e-15,  Error =2.1254074766829945e-07
Completed 26 % :  mod = 3.2319983586714343e-15,  Error =2.210427325621822e-07
Completed 27 % :  mod = 3.722588814162789e-15,  Error =2.2954514378170643e-07
Completed 28 % :  mod = 4.287812859944457e-15,  Error =2.3804629734058835e-07
Completed 28 % :  mod = 4.939002584669213e-15,  Error =2.465474153723335e-07
Completed 30 % :  mod = 5.6892136131065155e-15,  Error =2.550495281639087e-07
Completed 31 % :  mod = 6.553486789020291e-15,  Error =2.635513354221075e-07
Completed 32 % :  mod = 7.549149787192255e-15,  Error =2.7205356190052044e-07
Completed 33 % :  mod = 8.696164506324919e-15,  Error =2.805559304874805e-07
Completed 34 % :  mod = 1.0017527242891928e-14,  Error =2.890586827675179e-07
Completed 35 % :  mod = 1.1539729801781449e-14,  Error =2.9756075292652895e-07
Completed 36 % :  mod = 1.3293290559846216e-14,  Error =3.0606334888716447e-07
Completed 37 % :  mod = 1.5313366342155985e-14,  Error =3.1456625038117636e-07
Completed 38 % :  mod = 1.7640457330839884e-14,  Error =3.230672547260838e-07
Completed 39 % :  mod = 2.0321218935464713e-14,  Error =3.3156979384330043e-07
Completed 40 % :  mod = 2.3409397202734324e-14,  Error =3.4007248927991895e-07
Completed 41 % :  mod = 2.6966906438802224e-14,  Error =3.485745310172206e-07
Completed 42 % :  mod = 3.106507034994014e-14,  Error =3.570757201032393e-07
Completed 43 % :  mod = 3.578605200677524e-14,  Error =3.6557730709319003e-07
Completed 44 % :  mod = 4.1224501127279025e-14,  Error =3.740798817375435e-07
Completed 45 % :  mod = 4.7489451494107016e-14,  Error =3.8258176005001587e-07
Completed 46 % :  mod = 5.4706506827809163e-14,  Error =3.910839225795826e-07
Completed 47 % :  mod = 6.302035881420847e-14,  Error =3.9958557351837953e-07
Completed 48 % :  mod = 7.259768756358809e-14,  Error =4.080874447254246e-07
Completed 49 % :  mod = 8.363050285333368e-14,  Error =4.165896498875554e-07
Completed 50 % :  mod = 9.633999285808258e-14,  Error =4.2509110187438637e-07
Completed 51 % :  mod = 1.1098095735457848e-13,  Error =4.335923904363881e-07
Completed 52 % :  mod = 1.2784691428028932e-13,  Error =4.4209437533027085e-07
Completed 53 % :  mod = 1.4727598136884103e-13,  Error =4.505963104861621e-07
Completed 54 % :  mod = 1.696576502954446e-13,  Error =4.590979187923949e-07
Completed 55 % :  mod = 1.9544058863083684e-13,  Error =4.676002163250814e-07
Completed 56 % :  mod = 2.2514162421149464e-13,  Error =4.7610334519276876e-07
Completed 56 % :  mod = 2.5935609030302064e-13,  Error =4.846064030061825e-07
Completed 57 % :  mod = 2.987697362541749e-13,  Error =4.931085655357492e-07
Completed 59 % :  mod = 3.441724372569518e-13,  Error =5.016107280653159e-07
Completed 60 % :  mod = 3.9647397126549047e-13,  Error =5.10112720064626e-07
Completed 61 % :  mod = 4.567221688548847e-13,  Error =5.186133407164562e-07
Completed 62 % :  mod = 5.261237829090934e-13,  Error =5.271161001019209e-07
Completed 63 % :  mod = 6.060684716014036e-13,  Error =5.356183621074706e-07
Completed 64 % :  mod = 6.981563370791014e-13,  Error =5.441200059408402e-07
Completed 65 % :  mod = 8.042295127237328e-13,  Error =5.526215360873721e-07
Completed 66 % :  mod = 9.264083426631468e-13,  Error =5.611225262214248e-07
Completed 67 % :  mod = 1.0671327413947465e-12,  Error =5.696243547959057e-07
Completed 68 % :  mod = 1.229209352742856e-12,  Error =5.781260909998309e-07
Completed 69 % :  mod = 1.4158651339627444e-12,  Error =5.866279479960212e-07
Completed 70 % :  mod = 1.630807950622668e-12,  Error =5.951284975935778e-07
Completed 71 % :  mod = 1.8782946526292262e-12,  Error =6.03629260353955e-07
Completed 72 % :  mod = 2.163206863420815e-12,  Error =6.121300941686059e-07
Completed 73 % :  mod = 2.4911342774416035e-12,  Error =6.206308711398378e-07
Completed 74 % :  mod = 2.8684645187383044e-12,  Error =6.291305467698294e-07
Completed 75 % :  mod = 3.3024773983170683e-12,  Error =6.376298742338804e-07
Completed 76 % :  mod = 3.801439472496771e-12,  Error =6.461283419412212e-07
Completed 77 % :  mod = 4.374691793417537e-12,  Error =6.546259285755696e-07
Completed 78 % :  mod = 5.032719142820391e-12,  Error =6.631212130514541e-07
Completed 79 % :  mod = 5.787182140412696e-12,  Error =6.716157869846029e-07
Completed 80 % :  mod = 6.650883483907066e-12,  Error =6.801077745421935e-07
Completed 81 % :  mod = 7.637625056839048e-12,  Error =6.885966215008921e-07
Completed 82 % :  mod = 8.761892519697478e-12,  Error =6.970801535999271e-07
Completed 83 % :  mod = 1.0038277435177761e-11,  Error =7.055591666471628e-07
Completed 84 % :  mod = 1.1480514483010478e-11,  Error =7.140317705989219e-07
Completed 85 % :  mod = 1.3099976760995537e-11,  Error =7.224937519367813e-07
Completed 86 % :  mod = 1.4903446274087337e-11,  Error =7.309442437986036e-07
Completed 87 % :  mod = 1.6889982407864596e-11,  Error =7.393795939947267e-07
Completed 88 % :  mod = 1.904678980257176e-11,  Error =7.477976566860889e-07
Completed 89 % :  mod = 2.1344201024395717e-11,  Error =7.561928256905048e-07
Completed 90 % :  mod = 2.3730310325119995e-11,  Error =7.645632109642975e-07
Completed 91 % :  mod = 2.612645723663141e-11,  Error =7.729028652647685e-07
Completed 92 % :  mod = 2.84255624031263e-11,  Error =7.812110425220453e-07
Completed 93 % :  mod = 3.0495897341621407e-11,  Error =7.894875935221535e-07
Completed 94 % :  mod = 3.219255184432703e-11,  Error =7.977339961939833e-07
Completed 95 % :  mod = 3.337694559470784e-11,  Error =8.059553096018135e-07
Completed 96 % :  mod = 3.3941214662887115e-11,  Error =8.141619503021502e-07
Completed 97 % :  mod = 3.3830646089120955e-11,  Error =8.223655143524411e-07
Completed 98 % :  mod = 3.3056132491626684e-11,  Error =8.305756793447472e-07
Completed 99 % :  mod = 3.16916366905218e-11,  Error =8.388034657969001e-07
Completed 100 % :  mod = 2.985771478977933e-11,  Error =8.470579828667724e-07
Finished 13/201 frames
Finished all frames!
