/opt/local/miniconda_23_9/lib/python3.11/site-packages/conda/base/context.py:201: FutureWarning: Adding 'defaults' to channel list implicitly is deprecated and will be removed in 25.3. 

To remove this warning, please choose a default channel explicitly with conda's regular configuration system, e.g. by adding 'defaults' to the list of channels:

  conda config --add channels defaults

For more information see https://docs.conda.io/projects/conda/en/stable/user-guide/configuration/use-condarc.html

  deprecated.topic(
JOB 13486 ARRAY_ID 132  -> i=132 ; range=[1.9e-10, 6.0e-10] ; intervals=200 (frames=201)
Density options: centers='2.0e-10,4.0e-10' width='5e-11,5e-11' strength=''
Completed 0 % :  mod = 3.2497883865218245e-16,  Error =-1.4210854715202004e-14
Completed 1 % :  mod = 5.074254947425533e-16,  Error =1.336691823894398e-07
Completed 2 % :  mod = 1.2596205294758458e-15,  Error =2.6733773950127215e-07
Completed 3 % :  mod = 3.4261449319697186e-15,  Error =4.0100665898989973e-07
Completed 4 % :  mod = 9.439619453874146e-15,  Error =5.346756282165188e-07
Completed 5 % :  mod = 2.605210427368465e-14,  Error =6.683446898136935e-07
Completed 6 % :  mod = 7.191645901852316e-14,  Error =8.020132042929617e-07
Completed 7 % :  mod = 1.9853017337904797e-13,  Error =9.356822801009912e-07
Completed 8 % :  mod = 5.480577280596343e-13,  Error =1.0693520451354743e-06
Completed 9 % :  mod = 1.5129529524087532e-12,  Error =1.203020090656537e-06
Completed 10 % :  mod = 4.176551146547516e-12,  Error =1.3366807891657118e-06
Completed 11 % :  mod = 1.1528122912961361e-11,  Error =1.4702900159591081e-06
Completed 12 % :  mod = 3.179102690639144e-11,  Error =1.6035098937550174e-06
Completed 13 % :  mod = 8.704581851527658e-11,  Error =1.7338505458042164e-06
Completed 14 % :  mod = 2.2351822782717452e-10,  Error =1.846736843447161e-06
Completed 15 % :  mod = 3.224593183120207e-10,  Error =1.91900767987363e-06
Completed 16 % :  mod = 1.284297890812219e-10,  Error =2.012143376362019e-06
Completed 17 % :  mod = 5.911796397348833e-11,  Error =2.1370507923279547e-06
Completed 18 % :  mod = 4.21909754531454e-11,  Error =2.2685684442080856e-06
Completed 19 % :  mod = 6.16284007961591e-11,  Error =2.3998472613584454e-06
Completed 20 % :  mod = 1.4901944517116867e-10,  Error =2.522696910034483e-06
Completed 21 % :  mod = 3.368725482343781e-10,  Error =2.6113613600386998e-06
Completed 22 % :  mod = 1.9214168939053043e-10,  Error =2.6849728200772915e-06
Completed 23 % :  mod = 9.077040627964441e-11,  Error =2.8003552827726708e-06
Completed 24 % :  mod = 4.381384644829579e-11,  Error =2.9302391624241864e-06
Completed 25 % :  mod = 4.525835192664023e-11,  Error =3.062041287194006e-06
Completed 26 % :  mod = 1.0918451529567962e-10,  Error =3.1901190453709205e-06
Completed 27 % :  mod = 2.619814508252049e-10,  Error =3.296834847787977e-06
Completed 28 % :  mod = 2.789236915570331e-10,  Error =3.365567799562541e-06
Completed 28 % :  mod = 1.1863051552018065e-10,  Error =3.4669835073941613e-06
Completed 30 % :  mod = 4.260840221063525e-11,  Error =3.594626605263329e-06
Completed 31 % :  mod = 1.731422306161723e-11,  Error =3.727438631528912e-06
Completed 32 % :  mod = 8.700155925344875e-12,  Error =3.860959616019954e-06
Completed 33 % :  mod = 9.441745283340109e-12,  Error =3.994550247909956e-06
Completed 34 % :  mod = 2.2732848607057794e-11,  Error =4.127965205213968e-06
Completed 35 % :  mod = 6.26075020952707e-11,  Error =4.2599605336590685e-06
Completed 36 % :  mod = 1.5972659196350626e-10,  Error =4.3824221123145435e-06
Completed 37 % :  mod = 3.2945455443515533e-10,  Error =4.467800252427878e-06
Completed 38 % :  mod = 1.8410058595717746e-10,  Error =4.544990822807904e-06
Completed 39 % :  mod = 8.105057828457231e-11,  Error =4.663252767045378e-06
Completed 40 % :  mod = 3.533273509664489e-11,  Error =4.79398138253373e-06
Completed 41 % :  mod = 3.443012424328338e-11,  Error =4.926497929602647e-06
Completed 42 % :  mod = 7.9845083593319e-11,  Error =5.05724630528448e-06
Completed 43 % :  mod = 1.8757116817093362e-10,  Error =5.175588640327078e-06
Completed 44 % :  mod = 3.2440424880868605e-10,  Error =5.253213785749722e-06
Completed 45 % :  mod = 1.604325745597986e-10,  Error =5.3385067033673295e-06
Completed 46 % :  mod = 6.43585451599118e-11,  Error =5.46094678099962e-06
Completed 47 % :  mod = 2.4054986414566954e-11,  Error =5.592825822020586e-06
Completed 48 % :  mod = 1.5624527493277865e-11,  Error =5.726110579473698e-06
Completed 49 % :  mod = 2.6673441582053534e-11,  Error =5.8593848706323115e-06
Completed 50 % :  mod = 6.249898960317808e-11,  Error =5.991230061397346e-06
Completed 51 % :  mod = 1.6230475497888046e-10,  Error =6.113134176644053e-06
Completed 52 % :  mod = 3.3700740180014277e-10,  Error =6.198007739044442e-06
Completed 53 % :  mod = 1.7671887675434486e-10,  Error =6.275055532967144e-06
Completed 54 % :  mod = 8.434315095897996e-11,  Error =6.393215301159216e-06
Completed 55 % :  mod = 4.231075826143107e-11,  Error =6.5235846093969485e-06
Completed 56 % :  mod = 4.715069887391571e-11,  Error =6.65532977706107e-06
Completed 56 % :  mod = 1.2137624702120618e-10,  Error =6.782428286555842e-06
Completed 57 % :  mod = 2.758902833689088e-10,  Error =6.885497121800199e-06
Completed 59 % :  mod = 2.5928728791996684e-10,  Error =6.953204206183727e-06
Completed 60 % :  mod = 1.17831094649226e-10,  Error =7.0582234812377465e-06
Completed 61 % :  mod = 4.333573171702427e-11,  Error =7.186140649650952e-06
Completed 62 % :  mod = 3.042631207253522e-11,  Error =7.318459630312191e-06
Completed 63 % :  mod = 5.571771425088864e-11,  Error =7.450529388108862e-06
Completed 64 % :  mod = 1.241736160532872e-10,  Error =7.576907592010684e-06
Completed 65 % :  mod = 2.872926844904216e-10,  Error =7.674041775374008e-06
Completed 66 % :  mod = 2.567815081086341e-10,  Error =7.745609920561947e-06
Completed 67 % :  mod = 9.880303434340945e-11,  Error =7.854883357083509e-06
Completed 68 % :  mod = 5.0174609094544635e-11,  Error =7.98291613790525e-06
Completed 69 % :  mod = 7.480750954364171e-11,  Error =8.113044316360174e-06
Completed 70 % :  mod = 1.6376759132707963e-10,  Error =8.235375403842227e-06
Completed 71 % :  mod = 2.9022037522666835e-10,  Error =8.324404468851299e-06
Completed 72 % :  mod = 2.145814230593882e-10,  Error =8.400111092043971e-06
Completed 73 % :  mod = 1.0373723276235162e-10,  Error =8.514327760167362e-06
Completed 74 % :  mod = 7.140750986461135e-11,  Error =8.641003908849143e-06
Completed 75 % :  mod = 1.3666865693614259e-10,  Error =8.76378571490477e-06
Completed 76 % :  mod = 3.2076135449139267e-10,  Error =8.859101960467797e-06
Completed 77 % :  mod = 2.233310999019783e-10,  Error =8.929495997733738e-06
Completed 78 % :  mod = 1.0219711869397395e-10,  Error =9.038592331478412e-06
Completed 79 % :  mod = 5.352614782144887e-11,  Error =9.166964140661094e-06
Completed 80 % :  mod = 5.6912183143632973e-11,  Error =9.298008315283823e-06
Completed 81 % :  mod = 1.195979235430673e-10,  Error =9.424276171898782e-06
Completed 82 % :  mod = 2.9642643971420873e-10,  Error =9.524582068820564e-06
Completed 83 % :  mod = 2.4983349221162494e-10,  Error =9.593722140266436e-06
Completed 84 % :  mod = 1.0074337616538276e-10,  Error =9.700899674669472e-06
Completed 85 % :  mod = 4.0917653331529655e-11,  Error =9.829870400324126e-06
Completed 86 % :  mod = 2.1719376858854656e-11,  Error =9.962757758330554e-06
Completed 87 % :  mod = 1.6028329271502656e-11,  Error =1.00961207536443e-05
Completed 88 % :  mod = 3.5490952786268704e-11,  Error =1.0229042707976532e-05
Completed 89 % :  mod = 1.0032683857066415e-10,  Error =1.0358268895060974e-05
Completed 90 % :  mod = 2.5244105384757213e-10,  Error =1.0466066939329721e-05
Completed 91 % :  mod = 3.016844207165218e-10,  Error =1.0536435290475765e-05
Completed 92 % :  mod = 1.1618789781724174e-10,  Error =1.0635838044947832e-05
Completed 93 % :  mod = 4.9809404832825654e-11,  Error =1.076233721164499e-05
Completed 94 % :  mod = 4.756169693829903e-11,  Error =1.0893813055190549e-05
Completed 95 % :  mod = 8.598834427993121e-11,  Error =1.1023785638997197e-05
Completed 96 % :  mod = 1.8965299289997812e-10,  Error =1.1139628533385348e-05
Completed 97 % :  mod = 3.5109271062399936e-10,  Error =1.1216114629064577e-05
Completed 98 % :  mod = 1.4459796019845718e-10,  Error =1.1301408726183126e-05
Completed 99 % :  mod = 7.459066149120687e-11,  Error =1.1421908915565382e-05
Completed 100 % :  mod = 8.567072369923946e-11,  Error =1.1550447169383915e-05
Finished 133/201 frames
Finished all frames!
