/opt/local/miniconda_23_9/lib/python3.11/site-packages/conda/base/context.py:201: FutureWarning: Adding 'defaults' to channel list implicitly is deprecated and will be removed in 25.3. 

To remove this warning, please choose a default channel explicitly with conda's regular configuration system, e.g. by adding 'defaults' to the list of channels:

  conda config --add channels defaults

For more information see https://docs.conda.io/projects/conda/en/stable/user-guide/configuration/use-condarc.html

  deprecated.topic(
JOB 13926 ARRAY_ID 55  -> i=55 ; range=[1.9e-10, 5.0e-10] ; intervals=200 (frames=201)
Analytic t0 extension enabled (--extend-time-using-t0).
Density options: centers='2.0e-10,4.0e-10' width='2.0e-11,5.0e-11' strength='7.0'
Completed 0 % :  mod = 2.457390174855399e-16,  Error =-1.4210854715202004e-14
Completed 1 % :  mod = 3.1457429052282774e-16,  Error =4.3703138885575754e-08
Completed 2 % :  mod = 5.596437484192954e-16,  Error =8.740618540059586e-08
Completed 3 % :  mod = 1.1182428244902058e-15,  Error =1.3110840768604248e-07
Completed 4 % :  mod = 2.3033159010431515e-15,  Error =1.7481035996524952e-07
Completed 5 % :  mod = 4.778777322616537e-15,  Error =2.1851275278095272e-07
Completed 6 % :  mod = 9.931456644256546e-15,  Error =2.6221527349434837e-07
Completed 7 % :  mod = 2.0648043171567097e-14,  Error =3.0591790789458173e-07
Completed 8 % :  mod = 4.293229781029481e-14,  Error =3.4962061334908867e-07
Completed 9 % :  mod = 8.926854265923983e-14,  Error =3.9332264378799664e-07
Completed 10 % :  mod = 1.8561574606747244e-13,  Error =4.3702510055254606e-07
Completed 11 % :  mod = 3.859503901206974e-13,  Error =4.807279694318822e-07
Completed 12 % :  mod = 8.025044562198711e-13,  Error =5.244295238071572e-07
Completed 13 % :  mod = 1.6686295527180618e-12,  Error =5.681309644955945e-07
Completed 14 % :  mod = 3.4694226718505477e-12,  Error =6.118294351153963e-07
Completed 15 % :  mod = 7.2125487600184235e-12,  Error =6.555157199272799e-07
Completed 16 % :  mod = 1.4984287915629312e-11,  Error =6.991476695361598e-07
Completed 17 % :  mod = 3.1042348699237035e-11,  Error =7.425492327683969e-07
Completed 18 % :  mod = 6.352713576895603e-11,  Error =7.849903553847071e-07
Completed 19 % :  mod = 1.2333854464538348e-10,  Error =8.23884292344701e-07
Completed 20 % :  mod = 1.938755427142345e-10,  Error =8.54300147068443e-07
Completed 21 % :  mod = 1.7452095025089332e-10,  Error =8.800044426493514e-07
Completed 22 % :  mod = 1.0013988291684658e-10,  Error =9.137015268834148e-07
Completed 23 % :  mod = 4.979766501204211e-11,  Error =9.542608836454747e-07
Completed 24 % :  mod = 2.476716000608647e-11,  Error =9.971738776926031e-07
Completed 25 % :  mod = 1.2183252854633955e-11,  Error =1.040683926589736e-06
Completed 26 % :  mod = 6.614041660973755e-12,  Error =1.0843357713952173e-06
Completed 27 % :  mod = 4.839499827622903e-12,  Error =1.128019974316885e-06
Completed 28 % :  mod = 5.644572749805074e-12,  Error =1.1717071970451798e-06
Completed 28 % :  mod = 9.568820426539318e-12,  Error =1.2153773241152521e-06
Completed 30 % :  mod = 1.917656472779702e-11,  Error =1.2589630244974614e-06
Completed 31 % :  mod = 3.8719218878088614e-11,  Error =1.3021917624200796e-06
Completed 32 % :  mod = 7.815563547058404e-11,  Error =1.343960221333873e-06
Completed 33 % :  mod = 1.4781095696465295e-10,  Error =1.3807674932309055e-06
Completed 34 % :  mod = 2.0077977725288248e-10,  Error =1.408510520661821e-06
Completed 35 % :  mod = 1.5046051255899646e-10,  Error =1.4357587687641171e-06
Completed 36 % :  mod = 8.284669431825991e-11,  Error =1.4721483054813689e-06
Completed 37 % :  mod = 4.013617464457295e-11,  Error =1.5137403082121637e-06
Completed 38 % :  mod = 2.056485594098815e-11,  Error =1.5569138582804953e-06
Completed 39 % :  mod = 1.1459242631929482e-11,  Error =1.600474945462338e-06
Completed 40 % :  mod = 8.477061854030516e-12,  Error =1.6441226122765329e-06
Completed 41 % :  mod = 1.0606194824979268e-11,  Error =1.6877741870757745e-06
Completed 42 % :  mod = 1.876926793863012e-11,  Error =1.7313586155864868e-06
Completed 43 % :  mod = 3.608931153931245e-11,  Error =1.7746317197975259e-06
Completed 44 % :  mod = 7.419906636748236e-11,  Error =1.816615778693631e-06
Completed 45 % :  mod = 1.4005387715423127e-10,  Error =1.8541416437756197e-06
Completed 46 % :  mod = 1.9821558646664959e-10,  Error =1.8826273731065157e-06
Completed 47 % :  mod = 1.5996779272117792e-10,  Error =1.909299086833016e-06
Completed 48 % :  mod = 8.738502336925665e-11,  Error =1.9448871526606126e-06
Completed 49 % :  mod = 4.30591999157985e-11,  Error =1.9861808482346532e-06
Completed 50 % :  mod = 2.2572407046686907e-11,  Error =2.0292727853643555e-06
Completed 51 % :  mod = 1.2616657387036859e-11,  Error =2.0728048895080065e-06
Completed 52 % :  mod = 1.010382720257329e-11,  Error =2.1164349917057734e-06
Completed 53 % :  mod = 1.3715041443772995e-11,  Error =2.160060041944689e-06
Completed 54 % :  mod = 2.43138706936394e-11,  Error =2.2035619551274976e-06
Completed 55 % :  mod = 4.747585623281382e-11,  Error =2.2465221931611268e-06
Completed 56 % :  mod = 9.736951238464252e-11,  Error =2.2873271703360842e-06
Completed 56 % :  mod = 1.6727404669407697e-10,  Error =2.321702076812926e-06
Completed 57 % :  mod = 1.971346429063603e-10,  Error =2.347596357310522e-06
Completed 59 % :  mod = 1.298592517981831e-10,  Error =2.377374833884005e-06
Completed 60 % :  mod = 6.615107594843966e-11,  Error =2.4157852109851774e-06
Completed 61 % :  mod = 3.3553257687684114e-11,  Error =2.4580755564329593e-06
Completed 62 % :  mod = 1.6742843460559125e-11,  Error =2.5014251434640755e-06
Completed 63 % :  mod = 9.392787567942305e-12,  Error =2.5450311653685276e-06
Completed 64 % :  mod = 7.643778766660546e-12,  Error =2.5886936327879084e-06
Completed 65 % :  mod = 9.92485292697508e-12,  Error =2.632355240450579e-06
Completed 66 % :  mod = 1.7437020398842043e-11,  Error =2.675951130015619e-06
Completed 67 % :  mod = 3.561538909176899e-11,  Error =2.7192554128419033e-06
Completed 68 % :  mod = 7.108951409226515e-11,  Error =2.761370780035577e-06
Completed 69 % :  mod = 1.340190141965764e-10,  Error =2.7992405051691094e-06
Completed 70 % :  mod = 2.0181361999649383e-10,  Error =2.8281894799420115e-06
Completed 71 % :  mod = 1.609357619151357e-10,  Error =2.854539204122375e-06
Completed 72 % :  mod = 9.075936210909782e-11,  Error =2.8896528974087232e-06
Completed 73 % :  mod = 4.512447376246969e-11,  Error =2.9308019904306093e-06
Completed 74 % :  mod = 2.1906687930703286e-11,  Error =2.9738641842413926e-06
Completed 75 % :  mod = 1.1365936360975895e-11,  Error =3.017409149208561e-06
Completed 76 % :  mod = 6.6725129788174405e-12,  Error =3.0610663657171244e-06
Completed 77 % :  mod = 5.776705721350979e-12,  Error =3.1047474919887463e-06
Completed 78 % :  mod = 8.28088474765326e-12,  Error =3.1484226852285246e-06
Completed 79 % :  mod = 1.5251338270640167e-11,  Error =3.192047529410047e-06
Completed 80 % :  mod = 3.035530904236864e-11,  Error =3.23545216929233e-06
Completed 81 % :  mod = 6.292896629230587e-11,  Error =3.277933444678638e-06
Completed 82 % :  mod = 1.2059406707315254e-10,  Error =3.317012051695656e-06
Completed 83 % :  mod = 1.91743126272446e-10,  Error =3.347697479227918e-06
Completed 84 % :  mod = 1.7824788456038253e-10,  Error =3.373374866555423e-06
Completed 85 % :  mod = 1.0113797116891558e-10,  Error =3.406760207269599e-06
Completed 86 % :  mod = 5.130682726304293e-11,  Error =3.4471813989966904e-06
Completed 87 % :  mod = 2.594122131788015e-11,  Error =3.4900464456200098e-06
Completed 88 % :  mod = 1.3269246869259175e-11,  Error =3.5335335013542135e-06
Completed 89 % :  mod = 8.736633405024879e-12,  Error =3.577167326795916e-06
Completed 90 % :  mod = 9.063367443305585e-12,  Error =3.620827833117346e-06
Completed 91 % :  mod = 1.4015154965511062e-11,  Error =3.664456031060581e-06
Completed 92 % :  mod = 2.707078250567044e-11,  Error =3.707916981454673e-06
Completed 93 % :  mod = 5.554450121630011e-11,  Error =3.750669478108648e-06
Completed 94 % :  mod = 1.0634411598461655e-10,  Error =3.7907152332650185e-06
Completed 95 % :  mod = 1.8272089225948634e-10,  Error =3.823216168541421e-06
Completed 96 % :  mod = 1.9002189300270478e-10,  Error =3.84880843995461e-06
Completed 97 % :  mod = 1.1275943972373286e-10,  Error =3.88033101472729e-06
Completed 98 % :  mod = 5.959204067944242e-11,  Error =3.9198693855269084e-06
Completed 99 % :  mod = 2.9573546972447124e-11,  Error =3.962471048168936e-06
Completed 100 % :  mod = 1.5448562316183862e-11,  Error =4.005885820390631e-06
Finished 56/201 frames
Finished all frames!
