/opt/local/miniconda_23_9/lib/python3.11/site-packages/conda/base/context.py:201: FutureWarning: Adding 'defaults' to channel list implicitly is deprecated and will be removed in 25.3. 

To remove this warning, please choose a default channel explicitly with conda's regular configuration system, e.g. by adding 'defaults' to the list of channels:

  conda config --add channels defaults

For more information see https://docs.conda.io/projects/conda/en/stable/user-guide/configuration/use-condarc.html

  deprecated.topic(
JOB 13588 ARRAY_ID 31  -> i=31 ; range=[2.0e-10, 2.09e-10] ; intervals=40 (frames=41)
Completed 0 % :  mod = 1.6544390245445933e-16,  Error =-1.4210854715202004e-14
Completed 1 % :  mod = 1.6826647100633932e-16,  Error =8.977984577995812e-09
Completed 2 % :  mod = 1.7683048840262615e-16,  Error =1.7956416797915153e-08
Completed 3 % :  mod = 1.9142816612087153e-16,  Error =2.693551692800611e-08
Completed 4 % :  mod = 2.1255759598170672e-16,  Error =3.591392783164338e-08
Completed 5 % :  mod = 2.4093974379904563e-16,  Error =4.489279348263153e-08
Completed 6 % :  mod = 2.7754302931048076e-16,  Error =5.3871517025072535e-08
Completed 7 % :  mod = 3.236164092141835e-16,  Error =6.285119269477946e-08
Completed 8 % :  mod = 3.807319628566813e-16,  Error =7.183000860777611e-08
Completed 9 % :  mod = 4.508385314317631e-16,  Error =8.080917268671328e-08
Completed 10 % :  mod = 5.363282333312934e-16,  Error =8.978860677189004e-08
Completed 11 % :  mod = 6.40118086915939e-16,  Error =9.876673345843301e-08
Completed 12 % :  mod = 7.657495101581977e-16,  Error =1.0774482461783919e-07
Completed 13 % :  mod = 9.175092066265747e-16,  Error =1.1672339184087832e-07
Completed 14 % :  mod = 1.1005753827386445e-15,  Error =1.2570273355549944e-07
Completed 15 % :  mod = 1.3211944740717423e-15,  Error =1.3468143578165837e-07
Completed 16 % :  mod = 1.586894275375426e-15,  Error =1.4365959799533812e-07
Completed 17 % :  mod = 1.906740751613943e-15,  Error =1.526377886307273e-07
Completed 18 % :  mod = 2.2916474481313784e-15,  Error =1.6161653348945038e-07
Completed 19 % :  mod = 2.7547478491063244e-15,  Error =1.7059491597137821e-07
Completed 20 % :  mod = 3.3118434538450737e-15,  Error =1.7957295028736553e-07
Completed 21 % :  mod = 3.981943024766834e-15,  Error =1.8855189409805462e-07
Completed 22 % :  mod = 4.7879111549583094e-15,  Error =1.9753073132733334e-07
Completed 23 % :  mod = 5.7572483947205095e-15,  Error =2.0651004462024503e-07
Completed 24 % :  mod = 6.923029677685628e-15,  Error =2.1549008266674718e-07
Completed 25 % :  mod = 8.325032821406465e-15,  Error =2.2446820935329015e-07
Completed 26 % :  mod = 1.0011095796014584e-14,  Error =2.3344619393128596e-07
Completed 27 % :  mod = 1.2038749042529659e-14,  Error =2.424242708798374e-07
Completed 28 % :  mod = 1.4477178431493077e-14,  Error =2.5140230519582474e-07
Completed 28 % :  mod = 1.7409585982100743e-14,  Error =2.603806024126243e-07
Completed 30 % :  mod = 2.0936028809861663e-14,  Error =2.693589209457059e-07
Completed 31 % :  mod = 2.5176833119154835e-14,  Error =2.783370547376762e-07
Completed 32 % :  mod = 3.027669988442116e-14,  Error =2.8731577117468987e-07
Completed 33 % :  mod = 3.640964214250235e-14,  Error =2.9629445208456673e-07
Completed 34 % :  mod = 4.378492233036551e-14,  Error =3.0527335326269167e-07
Completed 35 % :  mod = 5.265419240428779e-14,  Error =3.1425219759739775e-07
Completed 36 % :  mod = 6.332008010515419e-14,  Error =3.232312195677878e-07
Completed 37 % :  mod = 7.614651422447876e-14,  Error =3.3220950967915996e-07
Completed 38 % :  mod = 9.157114116039299e-14,  Error =3.411888656046358e-07
Completed 39 % :  mod = 1.1012025584539144e-13,  Error =3.5016820021382955e-07
Completed 40 % :  mod = 1.324267559091495e-13,  Error =3.5914752771759595e-07
Completed 41 % :  mod = 1.59251730700169e-13,  Error =3.6812667048025105e-07
Completed 42 % :  mod = 1.9151041963759822e-13,  Error =3.771058203483335e-07
Completed 43 % :  mod = 2.303034223429976e-13,  Error =3.8608544628004893e-07
Completed 44 % :  mod = 2.76954219543516e-13,  Error =3.950646600969776e-07
Completed 45 % :  mod = 3.33054274560121e-13,  Error =4.040433339014271e-07
Completed 46 % :  mod = 4.0051723645270696e-13,  Error =4.1302214981442376e-07
Completed 47 % :  mod = 4.816440630729614e-13,  Error =4.2200162653216466e-07
Completed 48 % :  mod = 5.792012316048947e-13,  Error =4.309797958512718e-07
Completed 49 % :  mod = 6.965146110330958e-13,  Error =4.399583133363194e-07
Completed 50 % :  mod = 8.375820353507337e-13,  Error =4.489372713578632e-07
Completed 51 % :  mod = 1.0072081330426656e-12,  Error =4.5791583858090235e-07
Completed 52 % :  mod = 1.2111655177479668e-12,  Error =4.668934963092397e-07
Completed 53 % :  mod = 1.4563869783247942e-12,  Error =4.758719214237317e-07
Completed 54 % :  mod = 1.7511937295325399e-12,  Error =4.848497709986077e-07
Completed 55 % :  mod = 2.105564914903483e-12,  Error =4.938276205734837e-07
Completed 56 % :  mod = 2.5314530547611872e-12,  Error =5.028042053822901e-07
Completed 56 % :  mod = 3.0431484063223917e-12,  Error =5.117812733601568e-07
Completed 57 % :  mod = 3.657691195622691e-12,  Error =5.207565934028935e-07
Completed 59 % :  mod = 4.395322570823776e-12,  Error =5.297314160657152e-07
Completed 60 % :  mod = 5.279949825648929e-12,  Error =5.387038441995173e-07
Completed 61 % :  mod = 6.3395738211399516e-12,  Error =5.476736859577613e-07
Completed 62 % :  mod = 7.606578341808829e-12,  Error =5.566389447153597e-07
Completed 63 % :  mod = 9.11769970460073e-12,  Error =5.655986967667559e-07
Completed 64 % :  mod = 1.0913362428401369e-11,  Error =5.745500502030154e-07
Completed 65 % :  mod = 1.3035861856054692e-11,  Error =5.83490098904349e-07
Completed 66 % :  mod = 1.552558227935543e-11,  Error =5.924143664515213e-07
Completed 67 % :  mod = 1.8414080034664678e-11,  Error =6.013156692574739e-07
Completed 68 % :  mod = 2.17125611378909e-11,  Error =6.101876124375849e-07
Completed 69 % :  mod = 2.5394404340394837e-11,  Error =6.190180172893633e-07
Completed 70 % :  mod = 2.9371687757894745e-11,  Error =6.277960054035248e-07
Completed 71 % :  mod = 3.3469330140143786e-11,  Error =6.365114018080931e-07
Completed 72 % :  mod = 3.740722797680617e-11,  Error =6.451548202335289e-07
Completed 73 % :  mod = 4.0808677475372806e-11,  Error =6.537258556704728e-07
Completed 74 % :  mod = 4.325456522469591e-11,  Error =6.622329209449163e-07
Completed 75 % :  mod = 4.438557003465406e-11,  Error =6.70700451621542e-07
Completed 76 % :  mod = 4.401830717441135e-11,  Error =6.791579565401662e-07
Completed 77 % :  mod = 4.221354691379373e-11,  Error =6.876406075662089e-07
Completed 78 % :  mod = 3.925297361657161e-11,  Error =6.961762082369205e-07
Completed 79 % :  mod = 3.5539815583045406e-11,  Error =7.047811791949243e-07
Completed 80 % :  mod = 3.148273610371956e-11,  Error =7.134594923741133e-07
Completed 81 % :  mod = 2.7415173423120738e-11,  Error =7.222055202760203e-07
Completed 82 % :  mod = 2.3565235506277572e-11,  Error =7.310099263690972e-07
Completed 83 % :  mod = 2.006267817211513e-11,  Error =7.398603685260241e-07
Completed 84 % :  mod = 1.696247139523527e-11,  Error =7.487469488864917e-07
Completed 85 % :  mod = 1.427030805507259e-11,  Error =7.576603522352343e-07
Completed 86 % :  mod = 1.1963325531339625e-11,  Error =7.665929899758339e-07
Completed 87 % :  mod = 1.000456949311996e-11,  Error =7.75539426456362e-07
Completed 88 % :  mod = 8.352090849876051e-12,  Error =7.844960236980114e-07
Completed 89 % :  mod = 6.964173496021122e-12,  Error =7.934593710956506e-07
Completed 90 % :  mod = 5.80204057906392e-12,  Error =8.02426896484576e-07
Completed 91 % :  mod = 4.831031661956253e-12,  Error =8.113982516988472e-07
Completed 92 % :  mod = 4.020909479672813e-12,  Error =8.203723211863689e-07
Completed 93 % :  mod = 3.3457057002688137e-12,  Error =8.293469306863699e-07
Completed 94 % :  mod = 2.7833479366976347e-12,  Error =8.383239347153904e-07
Completed 95 % :  mod = 2.3152050626022075e-12,  Error =8.473017345522749e-07
Completed 96 % :  mod = 1.925624481062777e-12,  Error =8.562801525613395e-07
Completed 97 % :  mod = 1.6014980558836485e-12,  Error =8.652578813439504e-07
Completed 98 % :  mod = 1.3318725757967328e-12,  Error =8.742363704072886e-07
Completed 99 % :  mod = 1.1076093000573561e-12,  Error =8.832144544612675e-07
Completed 100 % :  mod = 9.210913060323455e-13,  Error =8.92192652202084e-07
Finished 32/41 frames
Finished all frames!
