/opt/local/miniconda_23_9/lib/python3.11/site-packages/conda/base/context.py:201: FutureWarning: Adding 'defaults' to channel list implicitly is deprecated and will be removed in 25.3. 

To remove this warning, please choose a default channel explicitly with conda's regular configuration system, e.g. by adding 'defaults' to the list of channels:

  conda config --add channels defaults

For more information see https://docs.conda.io/projects/conda/en/stable/user-guide/configuration/use-condarc.html

  deprecated.topic(
JOB 13949 ARRAY_ID 78  -> i=78 ; range=[1.9e-10, 5.0e-10] ; intervals=200 (frames=201)
Analytic t0 extension enabled (--extend-time-using-t0).
Density options: centers='2.0e-10,4.0e-10' width='2.0e-11,5.0e-11' strength='7.0'
Completed 0 % :  mod = 2.811896244869369e-16,  Error =-1.4210854715202004e-14
Completed 1 % :  mod = 3.9457494683342744e-16,  Error =7.492097608974291e-08
Completed 2 % :  mod = 8.261726442763732e-16,  Error =1.4984280483076873e-07
Completed 3 % :  mod = 1.924052780481166e-15,  Error =2.2476545780136803e-07
Completed 4 % :  mod = 4.573621398054465e-15,  Error =2.9968654757794866e-07
Completed 5 % :  mod = 1.0911672880975477e-14,  Error =3.7460822710499997e-07
Completed 6 % :  mod = 2.6049647845567377e-14,  Error =4.495294803064098e-07
Completed 7 % :  mod = 6.219585014258233e-14,  Error =5.244510887791876e-07
Completed 8 % :  mod = 1.485010574605421e-13,  Error =5.993729814690596e-07
Completed 9 % :  mod = 3.545676400618733e-13,  Error =6.742938793991016e-07
Completed 10 % :  mod = 8.46580695743803e-13,  Error =7.49215203654785e-07
Completed 11 % :  mod = 2.021317465438621e-12,  Error =8.241348652404668e-07
Completed 12 % :  mod = 4.825949575892014e-12,  Error =8.990474498205003e-07
Completed 13 % :  mod = 1.1519372431632306e-11,  Error =9.739201232150663e-07
Completed 14 % :  mod = 2.7459416814562334e-11,  Error =1.0485633623602553e-06
Completed 15 % :  mod = 6.495321672981563e-11,  Error =1.121934737113861e-06
Completed 16 % :  mod = 1.4679752212802735e-10,  Error =1.189026292536255e-06
Completed 17 % :  mod = 2.5397502911688603e-10,  Error =1.2378823655012638e-06
Completed 18 % :  mod = 1.8213941301637657e-10,  Error =1.2808455167601096e-06
Completed 19 % :  mod = 8.787996473270513e-11,  Error =1.3435602923550505e-06
Completed 20 % :  mod = 3.674723297286858e-11,  Error =1.4157266505776533e-06
Completed 21 % :  mod = 1.9599967158608007e-11,  Error =1.4900595246558623e-06
Completed 22 % :  mod = 1.7116213168474298e-11,  Error =1.5647545339447788e-06
Completed 23 % :  mod = 2.6672282498654855e-11,  Error =1.639338165659865e-06
Completed 24 % :  mod = 5.86314121963946e-11,  Error =1.712910012940938e-06
Completed 25 % :  mod = 1.3659479215261582e-10,  Error =1.7813329691307445e-06
Completed 26 % :  mod = 2.3813345309452604e-10,  Error =1.8331783024905235e-06
Completed 27 % :  mod = 2.033848827787743e-10,  Error =1.8745448429058342e-06
Completed 28 % :  mod = 1.0056110629349848e-10,  Error =1.934726959973432e-06
Completed 28 % :  mod = 4.4443328293950895e-11,  Error =2.0058663281474765e-06
Completed 30 % :  mod = 3.280486660748096e-11,  Error =2.079697026147187e-06
Completed 31 % :  mod = 4.406010021439496e-11,  Error =2.1536600414151508e-06
Completed 32 % :  mod = 7.941080920577078e-11,  Error =2.2257755247778732e-06
Completed 33 % :  mod = 1.8136895883281826e-10,  Error =2.288765671210058e-06
Completed 34 % :  mod = 2.6177249698689255e-10,  Error =2.333494116157908e-06
Completed 35 % :  mod = 1.432339394684861e-10,  Error =2.380430494497432e-06
Completed 36 % :  mod = 8.276666731912446e-11,  Error =2.4461142373866096e-06
Completed 37 % :  mod = 4.899079176927983e-11,  Error =2.5182714722404853e-06
Completed 38 % :  mod = 5.1303198121704135e-11,  Error =2.591325149126078e-06
Completed 39 % :  mod = 1.0831599151512565e-10,  Error =2.6616595079076433e-06
Completed 40 % :  mod = 2.1095997030804675e-10,  Error =2.7208083963614627e-06
Completed 41 % :  mod = 2.282391055601701e-10,  Error =2.761916341853521e-06
Completed 42 % :  mod = 1.3711885172707741e-10,  Error =2.814589606714435e-06
Completed 43 % :  mod = 6.015218477478938e-11,  Error =2.8830588192363393e-06
Completed 44 % :  mod = 3.343427498144838e-11,  Error =2.9563504639895655e-06
Completed 45 % :  mod = 3.676045661553838e-11,  Error =3.0304261429137114e-06
Completed 46 % :  mod = 6.446264610220907e-11,  Error =3.1036327285960397e-06
Completed 47 % :  mod = 1.2765923538025964e-10,  Error =3.171670371671098e-06
Completed 48 % :  mod = 2.5554780224113475e-10,  Error =3.222659081814072e-06
Completed 49 % :  mod = 1.9768378016053132e-10,  Error =3.2647677841168843e-06
Completed 50 % :  mod = 9.258046563965754e-11,  Error =3.32516131607008e-06
Completed 51 % :  mod = 4.284081102980845e-11,  Error =3.396798945232149e-06
Completed 52 % :  mod = 2.024101110932083e-11,  Error =3.4710147360783594e-06
Completed 53 % :  mod = 1.6622059358823527e-11,  Error =3.545693274986661e-06
Completed 54 % :  mod = 2.62937790923859e-11,  Error =3.6203035662651928e-06
Completed 55 % :  mod = 5.403840555594652e-11,  Error =3.694076475824204e-06
Completed 56 % :  mod = 1.203321595833712e-10,  Error =3.7634185048318614e-06
Completed 56 % :  mod = 2.4191558384096766e-10,  Error =3.817148417795124e-06
Completed 57 % :  mod = 2.1164520850684278e-10,  Error =3.858073696960673e-06
Completed 59 % :  mod = 1.0275315177259641e-10,  Error =3.9165156380249755e-06
Completed 60 % :  mod = 4.3687768903760254e-11,  Error =3.98759436848195e-06
Completed 61 % :  mod = 1.8379791539180655e-11,  Error =4.061801334387383e-06
Completed 62 % :  mod = 8.303426219541864e-12,  Error =4.136594384362979e-06
Completed 63 % :  mod = 3.4265401340552174e-12,  Error =4.2114930707271014e-06
Completed 64 % :  mod = 1.6335055991797788e-12,  Error =4.286408298526112e-06
Completed 65 % :  mod = 1.9847404376650348e-12,  Error =4.36132829406688e-06
Completed 66 % :  mod = 3.4191044069982707e-12,  Error =4.436246115346876e-06
Completed 67 % :  mod = 6.460400521979835e-12,  Error =4.5111499815675415e-06
Completed 68 % :  mod = 1.5934497220544674e-11,  Error =4.585975574400436e-06
Completed 69 % :  mod = 3.8847604151868254e-11,  Error =4.660355386931769e-06
Completed 70 % :  mod = 8.968297955021598e-11,  Error =4.732323674261352e-06
Completed 71 % :  mod = 1.9180094244152072e-10,  Error =4.793778217049294e-06
Completed 72 % :  mod = 2.550110836098682e-10,  Error =4.836075760294989e-06
Completed 73 % :  mod = 1.3448922911177956e-10,  Error =4.886237469747812e-06
Completed 74 % :  mod = 6.382280991693266e-11,  Error =4.954059974693337e-06
Completed 75 % :  mod = 2.925658852932402e-11,  Error =5.027490061593198e-06
Completed 76 % :  mod = 1.6552854249000457e-11,  Error =5.102033590276278e-06
Completed 77 % :  mod = 2.0346830133011242e-11,  Error =5.176707830401028e-06
Completed 78 % :  mod = 4.079586577312166e-11,  Error =5.2509937944478224e-06
Completed 79 % :  mod = 8.507737044720646e-11,  Error =5.3230225702805e-06
Completed 80 % :  mod = 1.9104161478797826e-10,  Error =5.384836825328421e-06
Completed 81 % :  mod = 2.573025760716824e-10,  Error =5.4279368200127465e-06
Completed 82 % :  mod = 1.3495981446484746e-10,  Error =5.4771351116755795e-06
Completed 83 % :  mod = 7.095899802420551e-11,  Error =5.544394113599083e-06
Completed 84 % :  mod = 3.6646565069372095e-11,  Error =5.617411041214382e-06
Completed 85 % :  mod = 3.1363587865295045e-11,  Error =5.691485043257671e-06
Completed 86 % :  mod = 5.881870495039153e-11,  Error =5.764933270313577e-06
Completed 87 % :  mod = 1.2620875242872112e-10,  Error =5.834211542321555e-06
Completed 88 % :  mod = 2.197204648119393e-10,  Error =5.888560870914716e-06
Completed 89 % :  mod = 2.274774816919305e-10,  Error =5.929474511390254e-06
Completed 90 % :  mod = 1.0976846822610273e-10,  Error =5.986889355824587e-06
Completed 91 % :  mod = 5.395408789281087e-11,  Error =6.056725950998043e-06
Completed 92 % :  mod = 5.091035943307143e-11,  Error =6.129733577608931e-06
Completed 93 % :  mod = 7.509295682027311e-11,  Error =6.202144561484602e-06
Completed 94 % :  mod = 1.3334176349087482e-10,  Error =6.2688178417147356e-06
Completed 95 % :  mod = 2.6419850405199874e-10,  Error =6.3177288538440735e-06
Completed 96 % :  mod = 1.8681287365957976e-10,  Error =6.3610611107378645e-06
Completed 97 % :  mod = 8.754270520465456e-11,  Error =6.4225596432265775e-06
Completed 98 % :  mod = 4.754820666897386e-11,  Error =6.49428366017446e-06
Completed 99 % :  mod = 3.074852815840333e-11,  Error =6.568182421062829e-06
Completed 100 % :  mod = 4.212805216925038e-11,  Error =6.642086404440306e-06
Finished 79/201 frames
Finished all frames!
