/opt/local/miniconda_23_9/lib/python3.11/site-packages/conda/base/context.py:201: FutureWarning: Adding 'defaults' to channel list implicitly is deprecated and will be removed in 25.3. 

To remove this warning, please choose a default channel explicitly with conda's regular configuration system, e.g. by adding 'defaults' to the list of channels:

  conda config --add channels defaults

For more information see https://docs.conda.io/projects/conda/en/stable/user-guide/configuration/use-condarc.html

  deprecated.topic(
JOB 13955 ARRAY_ID 84  -> i=84 ; range=[1.9e-10, 5.0e-10] ; intervals=200 (frames=201)
Analytic t0 extension enabled (--extend-time-using-t0).
Density options: centers='2.0e-10,4.0e-10' width='2.0e-11,5.0e-11' strength='7.0'
Completed 0 % :  mod = 2.871408444735308e-16,  Error =-1.4210854715202004e-14
Completed 1 % :  mod = 4.0898402768220346e-16,  Error =8.146880503545617e-08
Completed 2 % :  mod = 8.779176135375484e-16,  Error =1.6293667215450114e-07
Completed 3 % :  mod = 2.0919090865361456e-15,  Error =2.444060811512827e-07
Completed 4 % :  mod = 5.081230454101111e-15,  Error =3.2587529119609826e-07
Completed 5 % :  mod = 1.2382813988245346e-14,  Error =4.073436628004856e-07
Completed 6 % :  mod = 3.0193257667174815e-14,  Error =4.888118780854711e-07
Completed 7 % :  mod = 7.362766009631919e-14,  Error =5.702800720541745e-07
Completed 8 % :  mod = 1.7954726626522236e-13,  Error =6.517482091794591e-07
Completed 9 % :  mod = 4.3784218603977836e-13,  Error =7.332171847451718e-07
Completed 10 % :  mod = 1.0677161154462659e-12,  Error =8.146853645030205e-07
Completed 11 % :  mod = 2.6036897777636274e-12,  Error =8.961516826389015e-07
Completed 12 % :  mod = 6.348837550637852e-12,  Error =9.776039107123324e-07
Completed 13 % :  mod = 1.5474969531967728e-11,  Error =1.058981681012483e-06
Completed 14 % :  mod = 3.763179646754614e-11,  Error =1.1399146444546204e-06
Completed 15 % :  mod = 9.023362414845491e-11,  Error =1.2183252238173736e-06
Completed 16 % :  mod = 1.97909280068331e-10,  Error =1.2852425541609591e-06
Completed 17 % :  mod = 2.629796070448776e-10,  Error =1.330754592743233e-06
Completed 18 % :  mod = 1.334303984955377e-10,  Error =1.3857940501793564e-06
Completed 19 % :  mod = 6.17643193937002e-11,  Error =1.4600782307638838e-06
Completed 20 % :  mod = 2.857567615485796e-11,  Error =1.5400772213070013e-06
Completed 21 % :  mod = 1.8310521296069548e-11,  Error =1.6211426512313665e-06
Completed 22 % :  mod = 2.555436768330379e-11,  Error =1.702254344593257e-06
Completed 23 % :  mod = 5.526027554721147e-11,  Error =1.7825535678639426e-06
Completed 24 % :  mod = 1.1817332543438257e-10,  Error =1.8583753771395095e-06
Completed 25 % :  mod = 2.454712984798301e-10,  Error =1.9170346092778345e-06
Completed 26 % :  mod = 2.2400625050005754e-10,  Error =1.961540341710588e-06
Completed 27 % :  mod = 9.975614128927994e-11,  Error =2.025226031321381e-06
Completed 28 % :  mod = 4.523006123432854e-11,  Error =2.102629032663117e-06
Completed 28 % :  mod = 2.4029663646705764e-11,  Error =2.1832302579127827e-06
Completed 30 % :  mod = 2.0659695019874457e-11,  Error =2.264345170033266e-06
Completed 31 % :  mod = 3.555750501656841e-11,  Error =2.3452103334875574e-06
Completed 32 % :  mod = 8.437009992787204e-11,  Error =2.424090347119545e-06
Completed 33 % :  mod = 1.7438995988425456e-10,  Error =2.4936386822105305e-06
Completed 34 % :  mod = 2.690031108782379e-10,  Error =2.5409783646068718e-06
Completed 35 % :  mod = 1.5404507157601963e-10,  Error =2.5928278262199456e-06
Completed 36 % :  mod = 6.710831959981824e-11,  Error =2.6653475302396146e-06
Completed 37 % :  mod = 2.873092725303014e-11,  Error =2.745093496514528e-06
Completed 38 % :  mod = 1.2559620272704252e-11,  Error =2.8262422304692336e-06
Completed 39 % :  mod = 8.136084909387707e-12,  Error =2.907631206028327e-06
Completed 40 % :  mod = 1.0218729049411816e-11,  Error =2.9890412562849633e-06
Completed 41 % :  mod = 2.0300761202699824e-11,  Error =3.0703357296602007e-06
Completed 42 % :  mod = 4.7947846827501336e-11,  Error =3.1509061599876986e-06
Completed 43 % :  mod = 1.158727222034113e-10,  Error =3.227493621693611e-06
Completed 44 % :  mod = 2.2981252319781502e-10,  Error =3.2885403484783637e-06
Completed 45 % :  mod = 2.345408189874534e-10,  Error =3.332144132173198e-06
Completed 46 % :  mod = 1.1189574768534732e-10,  Error =3.3938960655177652e-06
Completed 47 % :  mod = 4.7837276885268354e-11,  Error =3.470497219382196e-06
Completed 48 % :  mod = 2.8063230644166923e-11,  Error =3.55089306225409e-06
Completed 49 % :  mod = 2.6379496339183585e-11,  Error =3.6318608138685704e-06
Completed 50 % :  mod = 4.454399610783415e-11,  Error =3.712351777096501e-06
Completed 51 % :  mod = 1.089404946065208e-10,  Error =3.789479642080096e-06
Completed 52 % :  mod = 2.1903791850208927e-10,  Error =3.853048120561198e-06
Completed 53 % :  mod = 2.407683824669323e-10,  Error =3.896643271161793e-06
Completed 54 % :  mod = 1.2513617255174915e-10,  Error =3.955873609129412e-06
Completed 55 % :  mod = 5.079666913981294e-11,  Error =4.031674031068633e-06
Completed 56 % :  mod = 2.427798582590537e-11,  Error =4.112044855730801e-06
Completed 56 % :  mod = 1.5844085370183092e-11,  Error =4.193232477689435e-06
Completed 57 % :  mod = 1.8977340128867616e-11,  Error =4.274483785593475e-06
Completed 59 % :  mod = 3.975225996684622e-11,  Error =4.355287110513473e-06
Completed 60 % :  mod = 9.550475967247705e-11,  Error =4.433453391072817e-06
Completed 61 % :  mod = 1.9584554045243097e-10,  Error =4.4998856054689895e-06
Completed 62 % :  mod = 2.640771621939776e-10,  Error =4.54485942213978e-06
Completed 63 % :  mod = 1.3355274949951671e-10,  Error =4.600493099360392e-06
Completed 64 % :  mod = 5.971064420425077e-11,  Error =4.674804578996827e-06
Completed 65 % :  mod = 3.1664301397377196e-11,  Error =4.754747209290144e-06
Completed 66 % :  mod = 2.445645009632109e-11,  Error =4.8356713833186404e-06
Completed 67 % :  mod = 3.79376627154834e-11,  Error =4.916389372056074e-06
Completed 68 % :  mod = 9.061924667896084e-11,  Error =4.994873059160909e-06
Completed 69 % :  mod = 1.842427632680698e-10,  Error =5.063199829180576e-06
Completed 70 % :  mod = 2.633311897541862e-10,  Error =5.109307352313408e-06
Completed 71 % :  mod = 1.482878201875565e-10,  Error =5.162839904926386e-06
Completed 72 % :  mod = 6.252484427089145e-11,  Error =5.236216011894612e-06
Completed 73 % :  mod = 2.707884467306079e-11,  Error =5.3161441613269744e-06
Completed 74 % :  mod = 1.2784945583944365e-11,  Error =5.397316620303627e-06
Completed 75 % :  mod = 9.20591283074543e-12,  Error =5.47869989730998e-06
Completed 76 % :  mod = 1.2991989660562659e-11,  Error =5.5600798134491924e-06
Completed 77 % :  mod = 2.8322910273733192e-11,  Error =5.64122846213877e-06
Completed 78 % :  mod = 6.58494230978667e-11,  Error =5.721000469804949e-06
Completed 79 % :  mod = 1.5569424550993637e-10,  Error =5.79365577380031e-06
Completed 80 % :  mod = 2.6452479610825957e-10,  Error =5.845937437243265e-06
Completed 81 % :  mod = 1.7648165011579774e-10,  Error =5.892981249644436e-06
Completed 82 % :  mod = 8.74073869097931e-11,  Error =5.962275942295037e-06
Completed 83 % :  mod = 3.79515893423694e-11,  Error =6.040935154771887e-06
Completed 84 % :  mod = 2.6916849139721177e-11,  Error =6.12159990254213e-06
Completed 85 % :  mod = 4.000738725170245e-11,  Error =6.202281440437218e-06
Completed 86 % :  mod = 7.902899545049472e-11,  Error =6.281167486577033e-06
Completed 87 % :  mod = 1.7168177812542938e-10,  Error =6.350871395000013e-06
Completed 88 % :  mod = 2.784242957029769e-10,  Error =6.399382989741298e-06
Completed 89 % :  mod = 1.5033063556017785e-10,  Error =6.449825100673934e-06
Completed 90 % :  mod = 7.780008903721374e-11,  Error =6.521308030471573e-06
Completed 91 % :  mod = 4.369102481433083e-11,  Error =6.600250685551146e-06
Completed 92 % :  mod = 4.07053339537722e-11,  Error =6.680428533911709e-06
Completed 93 % :  mod = 7.738103014017799e-11,  Error =6.75920170323252e-06
Completed 94 % :  mod = 1.760707400591861e-10,  Error =6.829967240662427e-06
Completed 95 % :  mod = 2.512490534985837e-10,  Error =6.88024920236785e-06
Completed 96 % :  mod = 1.691891740757589e-10,  Error =6.929561386925798e-06
Completed 97 % :  mod = 8.676470163799708e-11,  Error =7.0000914931256375e-06
Completed 98 % :  mod = 4.56660720975258e-11,  Error =7.078441633723287e-06
Completed 99 % :  mod = 5.270586678219289e-11,  Error =7.15800622685947e-06
Completed 100 % :  mod = 1.117292762218453e-10,  Error =7.234897857699707e-06
Finished 85/201 frames
Finished all frames!
