/opt/local/miniconda_23_9/lib/python3.11/site-packages/conda/base/context.py:201: FutureWarning: Adding 'defaults' to channel list implicitly is deprecated and will be removed in 25.3. 

To remove this warning, please choose a default channel explicitly with conda's regular configuration system, e.g. by adding 'defaults' to the list of channels:

  conda config --add channels defaults

For more information see https://docs.conda.io/projects/conda/en/stable/user-guide/configuration/use-condarc.html

  deprecated.topic(
JOB 13943 ARRAY_ID 72  -> i=72 ; range=[1.9e-10, 5.0e-10] ; intervals=200 (frames=201)
Analytic t0 extension enabled (--extend-time-using-t0).
Density options: centers='2.0e-10,4.0e-10' width='2.0e-11,5.0e-11' strength='7.0'
Completed 0 % :  mod = 2.7444277110878667e-16,  Error =-1.4210854715202004e-14
Completed 1 % :  mod = 3.7858445071583913e-16,  Error =6.798535423513385e-08
Completed 2 % :  mod = 7.700459193987214e-16,  Error =1.3597129111531103e-07
Completed 3 % :  mod = 1.745919755376576e-15,  Error =2.039565103473251e-07
Completed 4 % :  mod = 4.0468276789592676e-15,  Error =2.719422553809636e-07
Completed 5 % :  mod = 9.419001981552357e-15,  Error =3.399277090920805e-07
Completed 6 % :  mod = 2.1939556824673382e-14,  Error =4.0791363176140294e-07
Completed 7 % :  mod = 5.111073976033665e-14,  Error =4.758993554787594e-07
Completed 8 % :  mod = 1.1907148710942966e-13,  Error =5.438854486783384e-07
Completed 9 % :  mod = 2.773993295346704e-13,  Error =6.118715347724901e-07
Completed 10 % :  mod = 6.462537364874648e-13,  Error =6.79857585339505e-07
Completed 11 % :  mod = 1.5055628100115357e-12,  Error =7.478421295559201e-07
Completed 12 % :  mod = 3.507391798692017e-12,  Error =8.158235118571611e-07
Completed 13 % :  mod = 8.16983192785035e-12,  Error =8.837858729293657e-07
Completed 14 % :  mod = 1.9016683117365278e-11,  Error =9.516423418176601e-07
Completed 15 % :  mod = 4.409445145909632e-11,  Error =1.0189326218323913e-06
Completed 16 % :  mod = 1.0009692423660426e-10,  Error =1.083358654341282e-06
Completed 17 % :  mod = 2.016578880792525e-10,  Error =1.1366982377580825e-06
Completed 18 % :  mod = 2.3554878396778866e-10,  Error =1.1743783616680048e-06
Completed 19 % :  mod = 1.2344725964425445e-10,  Error =1.2222412877349598e-06
Completed 20 % :  mod = 5.7363235847872364e-11,  Error =1.2845556298657357e-06
Completed 21 % :  mod = 2.682236392256138e-11,  Error =1.3513395060726907e-06
Completed 22 % :  mod = 1.451568082343685e-11,  Error =1.4190354136189853e-06
Completed 23 % :  mod = 1.4462245606865546e-11,  Error =1.4868790856326086e-06
Completed 24 % :  mod = 2.5858398509781247e-11,  Error =1.5545950589057611e-06
Completed 25 % :  mod = 5.343960901909624e-11,  Error =1.6214867173403036e-06
Completed 26 % :  mod = 1.2074567812406926e-10,  Error =1.6842460226484945e-06
Completed 27 % :  mod = 2.2868864706750126e-10,  Error =1.7333584736434204e-06
Completed 28 % :  mod = 2.0701022162650182e-10,  Error =1.7705731067962915e-06
Completed 28 % :  mod = 1.0731142396144326e-10,  Error =1.8228745020110182e-06
Completed 30 % :  mod = 4.6193135554108574e-11,  Error =1.8868732283294776e-06
Completed 31 % :  mod = 2.1313611567797348e-11,  Error =1.954051761288156e-06
Completed 32 % :  mod = 1.1388128893765089e-11,  Error =2.0218578313802027e-06
Completed 33 % :  mod = 9.640538805886417e-12,  Error =2.089770092084109e-06
Completed 34 % :  mod = 1.5641322799904472e-11,  Error =2.1576454471983197e-06
Completed 35 % :  mod = 3.411712807997795e-11,  Error =2.225210344874995e-06
Completed 36 % :  mod = 7.431157529533906e-11,  Error =2.291153094802212e-06
Completed 37 % :  mod = 1.626765794992395e-10,  Error =2.3497577004150116e-06
Completed 38 % :  mod = 2.499838077637809e-10,  Error =2.3915718472267145e-06
Completed 39 % :  mod = 1.573404989629235e-10,  Error =2.4328340373358515e-06
Completed 40 % :  mod = 8.065480126350578e-11,  Error =2.49137058716542e-06
Completed 41 % :  mod = 3.617019088287211e-11,  Error =2.5571123600798273e-06
Completed 42 % :  mod = 2.1858368198931203e-11,  Error =2.6245033595273526e-06
Completed 43 % :  mod = 2.605413162518245e-11,  Error =2.6921094615772745e-06
Completed 44 % :  mod = 4.706471556785014e-11,  Error =2.759216606307291e-06
Completed 45 % :  mod = 9.67312759332496e-11,  Error =2.8235139026833167e-06
Completed 46 % :  mod = 2.0791636668637589e-10,  Error =2.876754273017923e-06
Completed 47 % :  mod = 2.3205437199678202e-10,  Error =2.9148846536486417e-06
Completed 48 % :  mod = 1.2209875791702747e-10,  Error =2.9624954294149575e-06
Completed 49 % :  mod = 6.167794756986724e-11,  Error =3.024734198220358e-06
Completed 50 % :  mod = 2.942968368732032e-11,  Error =3.091361222118394e-06
Completed 51 % :  mod = 2.2030936754103598e-11,  Error =3.1588822366757086e-06
Completed 52 % :  mod = 3.4194579147325986e-11,  Error =3.226342450091124e-06
Completed 53 % :  mod = 6.772808949055653e-11,  Error =3.292617954286925e-06
Completed 54 % :  mod = 1.3810639372025183e-10,  Error =3.3531938896658176e-06
Completed 55 % :  mod = 2.503670644997654e-10,  Error =3.3977892570646873e-06
Completed 56 % :  mod = 1.7925840928023045e-10,  Error =3.4368991066457966e-06
Completed 56 % :  mod = 8.882526042334501e-11,  Error =3.492874164123805e-06
Completed 57 % :  mod = 4.050513568168082e-11,  Error =3.5580590775907694e-06
Completed 59 % :  mod = 1.873796088152399e-11,  Error =3.62543995180431e-06
Completed 60 % :  mod = 1.363003596568408e-11,  Error =3.6932437907921667e-06
Completed 61 % :  mod = 1.8773972729049406e-11,  Error =3.761061215357131e-06
Completed 62 % :  mod = 3.545848377479711e-11,  Error =3.828537543881794e-06
Completed 63 % :  mod = 8.087510779196602e-11,  Error =3.894151078043251e-06
Completed 64 % :  mod = 1.7338925126010485e-10,  Error =3.9517771170949345e-06
Completed 65 % :  mod = 2.427938936800914e-10,  Error =3.992298552191187e-06
Completed 66 % :  mod = 1.53132822878173e-10,  Error =4.035101405008845e-06
Completed 67 % :  mod = 7.337938113086709e-11,  Error =4.094724381786818e-06
Completed 68 % :  mod = 3.154753401686383e-11,  Error =4.160825817223213e-06
Completed 69 % :  mod = 1.7699374753816014e-11,  Error =4.228381307314066e-06
Completed 70 % :  mod = 1.6302116009612554e-11,  Error =4.2961820767573045e-06
Completed 71 % :  mod = 2.5246763369075545e-11,  Error =4.363876271895606e-06
Completed 72 % :  mod = 5.469262842244454e-11,  Error =4.430726498583226e-06
Completed 73 % :  mod = 1.2439202939034014e-10,  Error =4.4934451963740685e-06
Completed 74 % :  mod = 2.2018116959130267e-10,  Error =4.54247903292071e-06
Completed 75 % :  mod = 2.1301219474187315e-10,  Error =4.579759668388306e-06
Completed 76 % :  mod = 1.0783145503985118e-10,  Error =4.6320509312636204e-06
Completed 77 % :  mod = 4.8278623668282784e-11,  Error =4.69577346962069e-06
Completed 78 % :  mod = 3.118496056654454e-11,  Error =4.762665952284806e-06
Completed 79 % :  mod = 3.185119344366598e-11,  Error =4.8300344275276075e-06
Completed 80 % :  mod = 5.200179581633344e-11,  Error =4.8967667822807925e-06
Completed 81 % :  mod = 1.2034624386506707e-10,  Error =4.959700092399544e-06
Completed 82 % :  mod = 2.2045351410034817e-10,  Error =5.010037838815151e-06
Completed 83 % :  mod = 2.103723278032093e-10,  Error =5.046929508978337e-06
Completed 84 % :  mod = 1.1801215022882179e-10,  Error =5.09802320181052e-06
Completed 85 % :  mod = 5.034835701064089e-11,  Error =5.161340595805086e-06
Completed 86 % :  mod = 2.799022912098837e-11,  Error =5.228215051999996e-06
Completed 87 % :  mod = 2.6267138604477063e-11,  Error =5.295731234866707e-06
Completed 88 % :  mod = 3.9532626321950296e-11,  Error =5.3630032113005655e-06
Completed 89 % :  mod = 8.205785776595464e-11,  Error =5.4283228294593755e-06
Completed 90 % :  mod = 1.8252587957785214e-10,  Error =5.485243200098466e-06
Completed 91 % :  mod = 2.3896109779577337e-10,  Error =5.525572461806405e-06
Completed 92 % :  mod = 1.4763064878148876e-10,  Error =5.568866505711867e-06
Completed 93 % :  mod = 7.595326988887079e-11,  Error =5.628762046683278e-06
Completed 94 % :  mod = 3.543482905709905e-11,  Error =5.694697087221812e-06
Completed 95 % :  mod = 2.8744809267125493e-11,  Error =5.761944251503337e-06
Completed 96 % :  mod = 4.615264566312711e-11,  Error =5.829030101267563e-06
Completed 97 % :  mod = 8.597454862463777e-11,  Error =5.89408752205145e-06
Completed 98 % :  mod = 1.7722384196402123e-10,  Error =5.950163995294133e-06
Completed 99 % :  mod = 2.5470623692431557e-10,  Error =5.990008915546241e-06
Completed 100 % :  mod = 1.3760150870398203e-10,  Error =6.033783208181376e-06
Finished 73/201 frames
Finished all frames!
