/opt/local/miniconda_23_9/lib/python3.11/site-packages/conda/base/context.py:201: FutureWarning: Adding 'defaults' to channel list implicitly is deprecated and will be removed in 25.3. 

To remove this warning, please choose a default channel explicitly with conda's regular configuration system, e.g. by adding 'defaults' to the list of channels:

  conda config --add channels defaults

For more information see https://docs.conda.io/projects/conda/en/stable/user-guide/configuration/use-condarc.html

  deprecated.topic(
JOB 13927 ARRAY_ID 56  -> i=56 ; range=[1.9e-10, 5.0e-10] ; intervals=200 (frames=201)
Analytic t0 extension enabled (--extend-time-using-t0).
Density options: centers='2.0e-10,4.0e-10' width='2.0e-11,5.0e-11' strength='7.0'
Completed 0 % :  mod = 2.481677286416437e-16,  Error =-1.4210854715202004e-14
Completed 1 % :  mod = 3.197421480320598e-16,  Error =4.545565701619125e-08
Completed 2 % :  mod = 5.757511720999372e-16,  Error =9.091169062003246e-08
Completed 3 % :  mod = 1.1638666855494246e-15,  Error =1.3636721973853128e-07
Completed 4 % :  mod = 2.4233272081027102e-15,  Error =1.8182305439040647e-07
Completed 5 % :  mod = 5.080618464421516e-15,  Error =2.2727883930429016e-07
Completed 6 % :  mod = 1.066852703035273e-14,  Error =2.727348871189861e-07
Completed 7 % :  mod = 2.2410286787704866e-14,  Error =3.1819067913829713e-07
Completed 8 % :  mod = 4.7078813937601896e-14,  Error =3.6364655642273647e-07
Completed 9 % :  mod = 9.890347819179221e-14,  Error =4.0910235554747487e-07
Completed 10 % :  mod = 2.0777790795215751e-13,  Error =4.545586236304189e-07
Completed 11 % :  mod = 4.3650311778804225e-13,  Error =5.000145435474224e-07
Completed 12 % :  mod = 9.17010687190273e-13,  Error =5.454699945062202e-07
Completed 13 % :  mod = 1.9264464158133964e-12,  Error =5.909250191393767e-07
Completed 14 % :  mod = 4.046872049041993e-12,  Error =6.363752902416309e-07
Completed 15 % :  mod = 8.499507005217625e-12,  Error =6.818083093662608e-07
Completed 16 % :  mod = 1.783521518476547e-11,  Error =7.271640640738042e-07
Completed 17 % :  mod = 3.7277149095926664e-11,  Error =7.721804777816033e-07
Completed 18 % :  mod = 7.656113380240272e-11,  Error =8.157807229736136e-07
Completed 19 % :  mod = 1.456412202340102e-10,  Error =8.543966174556772e-07
Completed 20 % :  mod = 2.0567401551954653e-10,  Error =8.833716620415544e-07
Completed 21 % :  mod = 1.5396696098388847e-10,  Error =9.113993897358341e-07
Completed 22 % :  mod = 8.36994379957539e-11,  Error =9.490954511193195e-07
Completed 23 % :  mod = 4.0345972504716345e-11,  Error =9.92366338437023e-07
Completed 24 % :  mod = 1.9769544661469474e-11,  Error =1.037294431682767e-06
Completed 25 % :  mod = 1.0085883046141578e-11,  Error =1.082622816284129e-06
Completed 26 % :  mod = 5.95460322179609e-12,  Error =1.1280415890269069e-06
Completed 27 % :  mod = 5.4474383638044755e-12,  Error =1.1734788358808146e-06
Completed 28 % :  mod = 8.117147622859306e-12,  Error =1.218909062572493e-06
Completed 28 % :  mod = 1.5140975618618304e-11,  Error =1.2642873272739052e-06
Completed 30 % :  mod = 3.1190335783625744e-11,  Error =1.3094321076323467e-06
Completed 31 % :  mod = 6.45560597746043e-11,  Error =1.35358445163547e-06
Completed 32 % :  mod = 1.2438194529224334e-10,  Error =1.3940089473862827e-06
Completed 33 % :  mod = 1.9930891059771204e-10,  Error =1.4253781444040214e-06
Completed 34 % :  mod = 1.753482109777185e-10,  Error =1.452063074225407e-06
Completed 35 % :  mod = 9.801745826126842e-11,  Error =1.487368663788402e-06
Completed 36 % :  mod = 4.875319671881031e-11,  Error =1.5297522821811071e-06
Completed 37 % :  mod = 2.3535584344189375e-11,  Error =1.5744576344900452e-06
Completed 38 % :  mod = 1.1252875642393038e-11,  Error =1.6197384979932394e-06
Completed 39 % :  mod = 5.6457419488099396e-12,  Error =1.6651530430067396e-06
Completed 40 % :  mod = 3.2001310053426083e-12,  Error =1.7105979495113388e-06
Completed 41 % :  mod = 2.5984754710969376e-12,  Error =1.7560487393097901e-06
Completed 42 % :  mod = 3.5255557533414427e-12,  Error =1.801499998066447e-06
Completed 43 % :  mod = 6.480964009122846e-12,  Error =1.8469420695055305e-06
Completed 44 % :  mod = 1.3061825205900265e-11,  Error =1.892341856546409e-06
Completed 45 % :  mod = 2.737575489835085e-11,  Error =1.937560703879626e-06
Completed 46 % :  mod = 5.6587717593636664e-11,  Error =1.982005763068173e-06
Completed 47 % :  mod = 1.1216618197739994e-10,  Error =2.02342738475636e-06
Completed 48 % :  mod = 1.8959596917118228e-10,  Error =2.05662042418453e-06
Completed 49 % :  mod = 1.8778505958498244e-10,  Error =2.0829562075164176e-06
Completed 50 % :  mod = 1.0984165629547768e-10,  Error =2.1164909824733513e-06
Completed 51 % :  mod = 5.522359143922996e-11,  Error =2.158077023750593e-06
Completed 52 % :  mod = 2.6834114762467878e-11,  Error =2.202566811604356e-06
Completed 53 % :  mod = 1.2839707277760267e-11,  Error =2.2477949386257023e-06
Completed 54 % :  mod = 6.540888237841522e-12,  Error =2.2931961254357702e-06
Completed 55 % :  mod = 3.898114308606602e-12,  Error =2.3386373797507076e-06
Completed 56 % :  mod = 3.475370432518706e-12,  Error =2.3840855760681734e-06
Completed 56 % :  mod = 5.109742127515231e-12,  Error =2.4295303973076443e-06
Completed 57 % :  mod = 9.712603918576414e-12,  Error =2.4749556715164545e-06
Completed 59 % :  mod = 1.9647730860175554e-11,  Error =2.520287033291879e-06
Completed 60 % :  mod = 4.116189441262086e-11,  Error =2.5652080140048383e-06
Completed 61 % :  mod = 8.395378362433806e-11,  Error =2.6084413420335295e-06
Completed 62 % :  mod = 1.5519643191810741e-10,  Error =2.6459812758616863e-06
Completed 63 % :  mod = 2.0690768829452481e-10,  Error =2.673930218577425e-06
Completed 64 % :  mod = 1.4296659777613053e-10,  Error =2.7030058475929764e-06
Completed 65 % :  mod = 7.639646351311745e-11,  Error =2.741740900091827e-06
Completed 66 % :  mod = 3.72126050353373e-11,  Error =2.7853691264567715e-06
Completed 67 % :  mod = 1.7972632461365477e-11,  Error =2.8303816677066607e-06
Completed 68 % :  mod = 9.559202173914267e-12,  Error =2.875728000617528e-06
Completed 69 % :  mod = 6.209191653781612e-12,  Error =2.9211490968350518e-06
Completed 70 % :  mod = 6.463895260935445e-12,  Error =2.9665820520108355e-06
Completed 71 % :  mod = 1.0689998027999446e-11,  Error =3.0119963980723696e-06
Completed 72 % :  mod = 2.0820144574568356e-11,  Error =3.0573112539400427e-06
Completed 73 % :  mod = 4.221730398223612e-11,  Error =3.102187456249794e-06
Completed 74 % :  mod = 8.753863288360671e-11,  Error =3.145255142555925e-06
Completed 75 % :  mod = 1.591792662113204e-10,  Error =3.1823908059891437e-06
Completed 76 % :  mod = 2.0470603110912379e-10,  Error =3.2099712328204077e-06
Completed 77 % :  mod = 1.406243392072218e-10,  Error =3.239519337228103e-06
Completed 78 % :  mod = 7.310488664791297e-11,  Error =3.278624930658225e-06
Completed 79 % :  mod = 3.5631914079282176e-11,  Error =3.3223850550712086e-06
Completed 80 % :  mod = 1.702644007083815e-11,  Error =3.367440420731782e-06
Completed 81 % :  mod = 8.121176006061658e-12,  Error =3.412803998514846e-06
Completed 82 % :  mod = 3.9116302747749884e-12,  Error =3.458238523990076e-06
Completed 83 % :  mod = 1.9436022657441733e-12,  Error =3.503688830619467e-06
Completed 84 % :  mod = 1.093848214773043e-12,  Error =3.5491432370804432e-06
Completed 85 % :  mod = 8.700645834186067e-13,  Error =3.59459823329189e-06
Completed 86 % :  mod = 1.161258159543871e-12,  Error =3.6400536345126966e-06
Completed 87 % :  mod = 2.1169610363391155e-12,  Error =3.6855078775488437e-06
Completed 88 % :  mod = 4.2920086001628205e-12,  Error =3.730957217840114e-06
Completed 89 % :  mod = 8.924566538696223e-12,  Error =3.7763874658480745e-06
Completed 90 % :  mod = 1.8714501416108308e-11,  Error =3.8217323847788975e-06
Completed 91 % :  mod = 3.912807526952652e-11,  Error =3.86670546959067e-06
Completed 92 % :  mod = 7.993669809195429e-11,  Error =3.910132406304001e-06
Completed 93 % :  mod = 1.5093922447169573e-10,  Error =3.948222627059295e-06
Completed 94 % :  mod = 2.061850993179424e-10,  Error =3.976675010619601e-06
Completed 95 % :  mod = 1.4836624838344426e-10,  Error =4.005193773082283e-06
Completed 96 % :  mod = 8.024128930559592e-11,  Error =4.04342862481144e-06
Completed 97 % :  mod = 3.8624176949340453e-11,  Error =4.086882888998389e-06
Completed 98 % :  mod = 1.8962044100779313e-11,  Error =4.131854538513835e-06
Completed 99 % :  mod = 1.0002448521566879e-11,  Error =4.177191108567513e-06
Completed 100 % :  mod = 6.4003250186984165e-12,  Error =4.222607898896058e-06
Finished 57/201 frames
Finished all frames!
