/opt/local/miniconda_23_9/lib/python3.11/site-packages/conda/base/context.py:201: FutureWarning: Adding 'defaults' to channel list implicitly is deprecated and will be removed in 25.3. 

To remove this warning, please choose a default channel explicitly with conda's regular configuration system, e.g. by adding 'defaults' to the list of channels:

  conda config --add channels defaults

For more information see https://docs.conda.io/projects/conda/en/stable/user-guide/configuration/use-condarc.html

  deprecated.topic(
JOB 13590 ARRAY_ID 33  -> i=33 ; range=[2.0e-10, 2.09e-10] ; intervals=40 (frames=41)
Completed 0 % :  mod = 1.6579512199838085e-16,  Error =-1.4210854715202004e-14
Completed 1 % :  mod = 1.6880672137935906e-16,  Error =9.05559005559553e-09
Completed 2 % :  mod = 1.779509275999888e-16,  Error =1.8110981159225048e-08
Completed 3 % :  mod = 1.935599410471623e-16,  Error =2.7165775406956527e-08
Completed 4 % :  mod = 2.1620082494666008e-16,  Error =3.622086097720967e-08
Completed 5 % :  mod = 2.466961036079695e-16,  Error =4.527650787622406e-08
Completed 6 % :  mod = 2.8615364070499815e-16,  Error =5.4331785293015855e-08
Completed 7 % :  mod = 3.360069060147026e-16,  Error =6.338657954074733e-08
Completed 8 % :  mod = 3.980670178989174e-16,  Error =7.244199196065892e-08
Completed 9 % :  mod = 4.74588568683141e-16,  Error =8.149675068125362e-08
Completed 10 % :  mod = 5.68351528823767e-16,  Error =9.055202809804541e-08
Completed 11 % :  mod = 6.827622231719037e-16,  Error =9.960696445432404e-08
Completed 12 % :  mod = 8.21977092702649e-16,  Error =1.0866219213312434e-07
Completed 13 % :  mod = 9.910537053831998e-16,  Error =1.1771680163974452e-07
Completed 14 % :  mod = 1.1961344688509964e-15,  Error =1.2677175220687786e-07
Completed 15 % :  mod = 1.4446697936100278e-15,  Error =1.3582766911213184e-07
Completed 16 % :  mod = 1.7456887669482794e-15,  Error =1.4488361443909525e-07
Completed 17 % :  mod = 2.1101271464908256e-15,  Error =1.5393959529319545e-07
Completed 18 % :  mod = 2.5512246892726367e-15,  Error =1.6299507876738062e-07
Completed 19 % :  mod = 3.0850060872129204e-15,  Error =1.7205007907250547e-07
Completed 20 % :  mod = 3.730863169865762e-15,  Error =1.8110578281493872e-07
Completed 21 % :  mod = 4.512259402877501e-15,  Error =1.9016075469835414e-07
Completed 22 % :  mod = 5.4575822383611535e-15,  Error =1.992152860452734e-07
Completed 23 % :  mod = 6.601174465656131e-15,  Error =2.0827094004971514e-07
Completed 24 % :  mod = 7.98458184877673e-15,  Error =2.173261037796692e-07
Completed 25 % :  mod = 9.65806240051969e-15,  Error =2.263814167235978e-07
Completed 26 % :  mod = 1.1682412256694179e-14,  Error =2.3543623228761135e-07
Completed 27 % :  mod = 1.4131174354391523e-14,  Error =2.444909625864966e-07
Completed 28 % :  mod = 1.709331012408583e-14,  Error =2.5354550814427057e-07
Completed 28 % :  mod = 2.0676431406037877e-14,  Error =2.626001105454634e-07
Completed 30 % :  mod = 2.5010709890951703e-14,  Error =2.7165381766280916e-07
Completed 31 % :  mod = 3.025360605859701e-14,  Error =2.807091235013104e-07
Completed 32 % :  mod = 3.65955895356676e-14,  Error =2.897641451227173e-07
Completed 33 % :  mod = 4.426705854949333e-14,  Error =2.9881903174100444e-07
Completed 34 % :  mod = 5.3546709869012343e-14,  Error =3.078734920336501e-07
Completed 35 % :  mod = 6.477166316506178e-14,  Error =3.169286060256127e-07
Completed 36 % :  mod = 7.83497074841769e-14,  Error =3.2598313026710457e-07
Completed 37 % :  mod = 9.477411454794487e-14,  Error =3.350377824062889e-07
Completed 38 % :  mod = 1.146415564367957e-13,  Error =3.440936637844061e-07
Completed 39 % :  mod = 1.386737777720438e-13,  Error =3.531488417252149e-07
Completed 40 % :  mod = 1.6774380847589439e-13,  Error =3.6220399124431424e-07
Completed 41 % :  mod = 2.0290766661168648e-13,  Error =3.712586220672165e-07
Completed 42 % :  mod = 2.4544269841631925e-13,  Error =3.803144821290516e-07
Completed 43 % :  mod = 2.9689394061703204e-13,  Error =3.8937027113661316e-07
Completed 44 % :  mod = 3.5913017478645695e-13,  Error =3.984253353905842e-07
Completed 45 % :  mod = 4.344116848096061e-13,  Error =4.074798312103667e-07
Completed 46 % :  mod = 5.254721344788563e-13,  Error =4.165350517837396e-07
Completed 47 % :  mod = 6.356174603305672e-13,  Error =4.255892420701457e-07
Completed 48 % :  mod = 7.688452322098766e-13,  Error =4.346448037040318e-07
Completed 49 % :  mod = 9.299885698246485e-13,  Error =4.4369932084009633e-07
Completed 50 % :  mod = 1.1248894046585295e-12,  Error =4.527548185251362e-07
Completed 51 % :  mod = 1.360606605625956e-12,  Error =4.6180976909226956e-07
Completed 52 % :  mod = 1.645665157399973e-12,  Error =4.7086355436931626e-07
Completed 53 % :  mod = 1.9903530192718102e-12,  Error =4.799188175752533e-07
Completed 54 % :  mod = 2.407072169416371e-12,  Error =4.889727307499925e-07
Completed 55 % :  mod = 2.9107490402893105e-12,  Error =4.98025578110628e-07
Completed 56 % :  mod = 3.519305970426178e-12,  Error =5.070779067750664e-07
Completed 56 % :  mod = 4.2541874741201054e-12,  Error =5.161292975230936e-07
Completed 57 % :  mod = 5.140919645287591e-12,  Error =5.251778034676136e-07
Completed 59 % :  mod = 6.209652042770462e-12,  Error =5.342242701544819e-07
Completed 60 % :  mod = 7.495579298889604e-12,  Error =5.432676744021592e-07
Completed 61 % :  mod = 9.039049128735685e-12,  Error =5.523055719436343e-07
Completed 62 % :  mod = 1.0885011757848243e-11,  Error =5.613336924170653e-07
Completed 63 % :  mod = 1.3081223947818039e-11,  Error =5.70350678685827e-07
Completed 64 % :  mod = 1.5674263096672696e-11,  Error =5.793496455908098e-07
Completed 65 % :  mod = 1.8701944975821746e-11,  Error =5.883257543359832e-07
Completed 66 % :  mod = 2.218030821659173e-11,  Error =5.972672099119336e-07
Completed 67 % :  mod = 2.6083364396008458e-11,  Error =6.06166501881944e-07
Completed 68 % :  mod = 3.0315294259111266e-11,  Error =6.150083393663408e-07
Completed 69 % :  mod = 3.4679273647571025e-11,  Error =6.237796910113502e-07
Completed 70 % :  mod = 3.885581294845428e-11,  Error =6.324719024064507e-07
Completed 71 % :  mod = 4.24138720303803e-11,  Error =6.410854780369846e-07
Completed 72 % :  mod = 4.487930103661606e-11,  Error =6.496314099990741e-07
Completed 73 % :  mod = 4.586129525104292e-11,  Error =6.581353702017623e-07
Completed 74 % :  mod = 4.5189305836575866e-11,  Error =6.666354721573953e-07
Completed 75 % :  mod = 4.2980974198414724e-11,  Error =6.751704475504994e-07
Completed 76 % :  mod = 3.959476349345424e-11,  Error =6.837694286332408e-07
Completed 77 % :  mod = 3.550000548069627e-11,  Error =6.924475357550364e-07
Completed 78 % :  mod = 3.1143223352342714e-11,  Error =7.01205102870972e-07
Completed 79 % :  mod = 2.6867447810396562e-11,  Error =7.100339516341592e-07
Completed 80 % :  mod = 2.2891793175335877e-11,  Error =7.189212425373626e-07
Completed 81 % :  mod = 1.932893718796622e-11,  Error =7.278570137714269e-07
Completed 82 % :  mod = 1.6215808583115474e-11,  Error =7.36827274749885e-07
Completed 83 % :  mod = 1.3542560553642857e-11,  Error =7.458225610434965e-07
Completed 84 % :  mod = 1.1274317973972686e-11,  Error =7.548364990839218e-07
Completed 85 % :  mod = 9.365447435464792e-12,  Error =7.638637455897879e-07
Completed 86 % :  mod = 7.768022109523545e-12,  Error =7.728991349154057e-07
Completed 87 % :  mod = 6.4363683357220595e-12,  Error =7.819411536047483e-07
Completed 88 % :  mod = 5.329192428945901e-12,  Error =7.909869239597356e-07
Completed 89 % :  mod = 4.410313728202359e-12,  Error =8.000352877957084e-07
Completed 90 % :  mod = 3.648649336625723e-12,  Error =8.090861456366838e-07
Completed 91 % :  mod = 3.017833649415456e-12,  Error =8.1813821140031e-07
Completed 92 % :  mod = 2.495689313853292e-12,  Error =8.271921316804765e-07
Completed 93 % :  mod = 2.063666060617269e-12,  Error =8.36245078517095e-07
Completed 94 % :  mod = 1.7063058107345747e-12,  Error =8.452987785290134e-07
Completed 95 % :  mod = 1.4107599817690144e-12,  Error =8.543527982851629e-07
Completed 96 % :  mod = 1.1663674102692124e-12,  Error =8.634064982970813e-07
Completed 97 % :  mod = 9.642923468309744e-13,  Error =8.724612072796845e-07
Completed 98 % :  mod = 7.972177781181805e-13,  Error =8.815166268050234e-07
Completed 99 % :  mod = 6.590877026093033e-13,  Error =8.905718758001058e-07
Completed 100 % :  mod = 5.448916986921583e-13,  Error =8.996276932293767e-07
Finished 34/41 frames
Finished all frames!
