/opt/local/miniconda_23_9/lib/python3.11/site-packages/conda/base/context.py:201: FutureWarning: Adding 'defaults' to channel list implicitly is deprecated and will be removed in 25.3. 

To remove this warning, please choose a default channel explicitly with conda's regular configuration system, e.g. by adding 'defaults' to the list of channels:

  conda config --add channels defaults

For more information see https://docs.conda.io/projects/conda/en/stable/user-guide/configuration/use-condarc.html

  deprecated.topic(
JOB 14012 ARRAY_ID 141  -> i=141 ; range=[1.9e-10, 5.0e-10] ; intervals=200 (frames=201)
Analytic t0 extension enabled (--extend-time-using-t0).
Density options: centers='2.0e-10,4.0e-10' width='2.0e-11,5.0e-11' strength='7.0'
Completed 0 % :  mod = 3.3035889549228974e-16,  Error =-1.4210854715202004e-14
Completed 1 % :  mod = 5.224023987892976e-16,  Error =1.4274289128479722e-07
Completed 2 % :  mod = 1.3218095148587254e-15,  Error =2.8548594599442367e-07
Completed 3 % :  mod = 3.657999437599642e-15,  Error =4.282292209722982e-07
Completed 4 % :  mod = 1.0247109734325086e-14,  Error =5.709720980462407e-07
Completed 5 % :  mod = 2.874987466741703e-14,  Error =7.137152664427049e-07
Completed 6 % :  mod = 8.067826738210542e-14,  Error =8.564579516701087e-07
Completed 7 % :  mod = 2.2640607715968073e-13,  Error =9.992021432481124e-07
Completed 8 % :  mod = 6.353614248282411e-13,  Error =1.1419446011018408e-06
Completed 9 % :  mod = 1.7830054296684376e-12,  Error =1.2846862915694146e-06
Completed 10 % :  mod = 5.003520660221494e-12,  Error =1.427417423371935e-06
Completed 11 % :  mod = 1.4038776425119707e-11,  Error =1.5700704878440774e-06
Completed 12 % :  mod = 3.9339769493252716e-11,  Error =1.7121108442097466e-06
Completed 13 % :  mod = 1.0908534276372458e-10,  Error =1.8495567815079994e-06
Completed 14 % :  mod = 2.7227564305801707e-10,  Error =1.9612875021834952e-06
Completed 15 % :  mod = 2.862589857849717e-10,  Error =2.0346862683595646e-06
Completed 16 % :  mod = 1.1052308362216116e-10,  Error =2.1461788151100336e-06
Completed 17 % :  mod = 4.752980014039972e-11,  Error =2.282575444212398e-06
Completed 18 % :  mod = 4.9180780989265816e-11,  Error =2.4231507893546222e-06
Completed 19 % :  mod = 9.877936431312019e-11,  Error =2.5612343534930915e-06
Completed 20 % :  mod = 2.1322812576389832e-10,  Error =2.6808282527213123e-06
Completed 21 % :  mod = 3.404116096021981e-10,  Error =2.7565411571117693e-06
Completed 22 % :  mod = 1.36744871480965e-10,  Error =2.8561620482037142e-06
Completed 23 % :  mod = 6.692061215704606e-11,  Error =2.9877067717620776e-06
Completed 24 % :  mod = 9.037442832471644e-11,  Error =3.1249484067075173e-06
Completed 25 % :  mod = 1.776381675424268e-10,  Error =3.2533014717728292e-06
Completed 26 % :  mod = 3.0087848469780804e-10,  Error =3.3434577701996204e-06
Completed 27 % :  mod = 2.0049292628089455e-10,  Error =3.428919960413168e-06
Completed 28 % :  mod = 9.387375357115808e-11,  Error =3.5543599494758382e-06
Completed 28 % :  mod = 7.138604076507893e-11,  Error =3.6905908018525224e-06
Completed 30 % :  mod = 1.482930186162831e-10,  Error =3.821055479136248e-06
Completed 31 % :  mod = 3.399492513001296e-10,  Error =3.919333011026538e-06
Completed 32 % :  mod = 2.077752754197791e-10,  Error =3.995228325948119e-06
Completed 33 % :  mod = 1.0012357787300813e-10,  Error =4.114938768395859e-06
Completed 34 % :  mod = 5.992336138628844e-11,  Error =4.252127844495135e-06
Completed 35 % :  mod = 7.861551176026778e-11,  Error =4.390401564080548e-06
Completed 36 % :  mod = 1.8936027467473505e-10,  Error =4.515932246818011e-06
Completed 37 % :  mod = 3.582720759389364e-10,  Error =4.602299156886147e-06
Completed 38 % :  mod = 1.5415917692840736e-10,  Error =4.688085134318953e-06
Completed 39 % :  mod = 9.431788760536801e-11,  Error =4.8137294044181544e-06
Completed 40 % :  mod = 1.1694919234669248e-10,  Error =4.9477715649004494e-06
Completed 41 % :  mod = 1.8116670208543409e-10,  Error =5.070760124681328e-06
Completed 42 % :  mod = 3.229663066305051e-10,  Error =5.150621902316743e-06
Completed 43 % :  mod = 1.8601757417198e-10,  Error =5.243993655312806e-06
Completed 44 % :  mod = 6.264953369231025e-11,  Error =5.373341743108995e-06
Completed 45 % :  mod = 4.5185014761295165e-11,  Error =5.512626330528292e-06
Completed 46 % :  mod = 1.0130646581246735e-10,  Error =5.650737314510934e-06
Completed 47 % :  mod = 2.0291911524869097e-10,  Error =5.773639905726213e-06
Completed 48 % :  mod = 3.2803121622322475e-10,  Error =5.850979519550492e-06
Completed 49 % :  mod = 1.5433393472286728e-10,  Error =5.947897598446161e-06
Completed 50 % :  mod = 5.041039311665144e-11,  Error =6.080570962296861e-06
Completed 51 % :  mod = 2.577626237387495e-11,  Error =6.221626343005937e-06
Completed 52 % :  mod = 3.4187499464422465e-11,  Error =6.363643777262951e-06
Completed 53 % :  mod = 6.122818033830753e-11,  Error =6.504412162655626e-06
Completed 54 % :  mod = 1.631846178495171e-10,  Error =6.6350229701583885e-06
Completed 55 % :  mod = 3.4360892627640367e-10,  Error =6.727161299124873e-06
Completed 56 % :  mod = 1.7485660313962358e-10,  Error =6.808164279448192e-06
Completed 56 % :  mod = 9.672291699560933e-11,  Error =6.933616916171559e-06
Completed 57 % :  mod = 6.466217428228013e-11,  Error =7.07145937894893e-06
Completed 59 % :  mod = 8.441161273261024e-11,  Error =7.2084918016912525e-06
Completed 60 % :  mod = 2.4857221813517835e-10,  Error =7.3261244253330915e-06
Completed 61 % :  mod = 3.2572137174588844e-10,  Error =7.405976688801275e-06
Completed 62 % :  mod = 1.1971763396028958e-10,  Error =7.505254039585907e-06
Completed 63 % :  mod = 9.394936071907381e-11,  Error =7.636113743103579e-06
Completed 64 % :  mod = 1.3312766395030902e-10,  Error =7.769281701541786e-06
Completed 65 % :  mod = 2.160486340270249e-10,  Error =7.88452136646356e-06
Completed 66 % :  mod = 3.0465126140283835e-10,  Error =7.957181985318584e-06
Completed 67 % :  mod = 1.5600885449562675e-10,  Error =8.060192065784122e-06
Completed 68 % :  mod = 7.826455462186805e-11,  Error =8.190630538251753e-06
Completed 69 % :  mod = 1.0304219580122621e-10,  Error =8.325172622392074e-06
Completed 70 % :  mod = 2.5625691907769293e-10,  Error =8.442389876961442e-06
Completed 71 % :  mod = 2.9941370891424985e-10,  Error =8.522051651027596e-06
Completed 72 % :  mod = 1.226103230060755e-10,  Error =8.622024253668314e-06
Completed 73 % :  mod = 9.078633925301753e-11,  Error =8.753999260591172e-06
Completed 74 % :  mod = 1.0455683522907781e-10,  Error =8.889882685991779e-06
Completed 75 % :  mod = 1.7039489899068588e-10,  Error =9.013113221101321e-06
Completed 76 % :  mod = 3.6894958658691784e-10,  Error =9.094030687606391e-06
Completed 77 % :  mod = 1.5565627433646436e-10,  Error =9.184693368524677e-06
Completed 78 % :  mod = 7.318258952593701e-11,  Error =9.312128042893164e-06
Completed 79 % :  mod = 1.0017591014117609e-10,  Error =9.448753914398367e-06
Completed 80 % :  mod = 1.630745796774354e-10,  Error =9.578315768976609e-06
Completed 81 % :  mod = 2.9207628386990583e-10,  Error =9.672438139318729e-06
Completed 82 % :  mod = 2.246373380439934e-10,  Error =9.754401823158787e-06
Completed 83 % :  mod = 9.689245288518614e-11,  Error =9.876248284967915e-06
Completed 84 % :  mod = 8.779105296531003e-11,  Error =1.0010074369404265e-05
Completed 85 % :  mod = 1.8477713123683012e-10,  Error =1.0135512297893001e-05
Completed 86 % :  mod = 3.489430120633669e-10,  Error =1.022591744259671e-05
Completed 87 % :  mod = 1.8035314567762724e-10,  Error =1.0306729940623427e-05
Completed 88 % :  mod = 9.978807314581885e-11,  Error =1.04279104817806e-05
Completed 89 % :  mod = 1.251961290710961e-10,  Error =1.0559886490568715e-05
Completed 90 % :  mod = 1.9998359453882898e-10,  Error =1.067990220349202e-05
Completed 91 % :  mod = 3.063636105637597e-10,  Error =1.075754516222105e-05
Completed 92 % :  mod = 1.9414850357843372e-10,  Error =1.085298119107847e-05
Completed 93 % :  mod = 6.714991787110705e-11,  Error =1.0981851254143749e-05
Completed 94 % :  mod = 6.5432731089842e-11,  Error =1.111877068638023e-05
Completed 95 % :  mod = 1.8786296547893063e-10,  Error =1.1248390080709214e-05
Completed 96 % :  mod = 2.964558315781131e-10,  Error =1.1345118466010717e-05
Completed 97 % :  mod = 2.0531889227992524e-10,  Error =1.1422501358993031e-05
Completed 98 % :  mod = 1.4386458973585076e-10,  Error =1.1541748605736757e-05
Completed 99 % :  mod = 9.617322076571247e-11,  Error =1.167305008209496e-05
Completed 100 % :  mod = 1.8103737631980174e-10,  Error =1.179242318727347e-05
Finished 142/201 frames
Finished all frames!
