/opt/local/miniconda_23_9/lib/python3.11/site-packages/conda/base/context.py:201: FutureWarning: Adding 'defaults' to channel list implicitly is deprecated and will be removed in 25.3. 

To remove this warning, please choose a default channel explicitly with conda's regular configuration system, e.g. by adding 'defaults' to the list of channels:

  conda config --add channels defaults

For more information see https://docs.conda.io/projects/conda/en/stable/user-guide/configuration/use-condarc.html

  deprecated.topic(
JOB 13964 ARRAY_ID 93  -> i=93 ; range=[1.9e-10, 5.0e-10] ; intervals=200 (frames=201)
Analytic t0 extension enabled (--extend-time-using-t0).
Density options: centers='2.0e-10,4.0e-10' width='2.0e-11,5.0e-11' strength='7.0'
Completed 0 % :  mod = 2.9508494035532894e-16,  Error =-1.4210854715202004e-14
Completed 1 % :  mod = 4.28666959516338e-16,  Error =9.086512164913074e-08
Completed 2 % :  mod = 9.503555280101796e-16,  Error =1.8173051330450107e-07
Completed 3 % :  mod = 2.332477104363499e-15,  Error =2.725964236560685e-07
Completed 4 % :  mod = 5.826377128329773e-15,  Error =3.634619929471228e-07
Completed 5 % :  mod = 1.4595363312489783e-14,  Error =4.543270719636894e-07
Completed 6 % :  mod = 3.6578701591547085e-14,  Error =5.451925986221795e-07
Completed 7 % :  mod = 9.167966893055992e-14,  Error =6.360578126418659e-07
Completed 8 % :  mod = 2.2978556872646053e-13,  Error =7.269234600926211e-07
Completed 9 % :  mod = 5.759344428795874e-13,  Error =8.177878143555972e-07
Completed 10 % :  mod = 1.4435178945516605e-12,  Error =9.08652758369044e-07
Completed 11 % :  mod = 3.6179544331297383e-12,  Error =9.99511826194066e-07
Completed 12 % :  mod = 9.066765117718051e-12,  Error =1.0903441562959415e-06
Completed 13 % :  mod = 2.270475012662274e-11,  Error =1.1810070077444834e-06
Completed 14 % :  mod = 5.65878812786568e-11,  Error =1.2706205367862822e-06
Completed 15 % :  mod = 1.3672174163930883e-10,  Error =1.3543070451760286e-06
Completed 16 % :  mod = 2.6636691520290584e-10,  Error =1.4167100630402274e-06
Completed 17 % :  mod = 2.0623481264556487e-10,  Error =1.4665191088170104e-06
Completed 18 % :  mod = 9.46527981929268e-11,  Error =1.5413758873705774e-06
Completed 19 % :  mod = 3.8454319301994206e-11,  Error =1.6287826127836524e-06
Completed 20 % :  mod = 2.378826344727115e-11,  Error =1.7188714878102473e-06
Completed 21 % :  mod = 2.8601003145156576e-11,  Error =1.8092453544227283e-06
Completed 22 % :  mod = 5.4011724899876853e-11,  Error =1.8987556344995937e-06
Completed 23 % :  mod = 1.318537710673417e-10,  Error =1.982806807632187e-06
Completed 24 % :  mod = 2.653479359651398e-10,  Error =2.0469837238579203e-06
Completed 25 % :  mod = 2.0956966358669905e-10,  Error =2.0956913999725657e-06
Completed 26 % :  mod = 1.0271224274245104e-10,  Error =2.169013285424626e-06
Completed 27 % :  mod = 4.123448934393981e-11,  Error =2.255978571952255e-06
Completed 28 % :  mod = 2.4208485696911076e-11,  Error =2.3459688662796907e-06
Completed 28 % :  mod = 2.9620201030005204e-11,  Error =2.4363058699350404e-06
Completed 30 % :  mod = 5.656172425386157e-11,  Error =2.5257584468363348e-06
Completed 31 % :  mod = 1.28960204147995e-10,  Error =2.6096712915091302e-06
Completed 32 % :  mod = 2.714159586840852e-10,  Error =2.67308806201072e-06
Completed 33 % :  mod = 2.0841723095269137e-10,  Error =2.7224197864939015e-06
Completed 34 % :  mod = 9.641681202817554e-11,  Error =2.796258527837381e-06
Completed 35 % :  mod = 3.8610263470369004e-11,  Error =2.8836177818902797e-06
Completed 36 % :  mod = 1.6571511673461633e-11,  Error =2.973866777722378e-06
Completed 37 % :  mod = 9.90848410008694e-12,  Error =3.064598615765135e-06
Completed 38 % :  mod = 1.1603941440060458e-11,  Error =3.155377882535504e-06
Completed 39 % :  mod = 2.3311471414133425e-11,  Error =3.2460002543643895e-06
Completed 40 % :  mod = 5.814807065503754e-11,  Error =3.3355606134932714e-06
Completed 41 % :  mod = 1.3648511278620408e-10,  Error =3.419213783217856e-06
Completed 42 % :  mod = 2.6452932850384413e-10,  Error =3.4814237181990393e-06
Completed 43 % :  mod = 2.0869468354366056e-10,  Error =3.531534780165657e-06
Completed 44 % :  mod = 9.300104447878067e-11,  Error =3.606453653048902e-06
Completed 45 % :  mod = 3.884372987619372e-11,  Error =3.693857536291034e-06
Completed 46 % :  mod = 2.5854406150878148e-11,  Error =3.783897412290571e-06
Completed 47 % :  mod = 3.290844357620766e-11,  Error =3.874149200555621e-06
Completed 48 % :  mod = 6.324417772339949e-11,  Error =3.963139597829013e-06
Completed 49 % :  mod = 1.5774788426966e-10,  Error =4.044634010824666e-06
Completed 50 % :  mod = 2.7875482389771285e-10,  Error =4.103679749789535e-06
Completed 51 % :  mod = 1.7745032695357235e-10,  Error =4.155133034089431e-06
Completed 52 % :  mod = 9.478480299479173e-11,  Error =4.232257495573322e-06
Completed 53 % :  mod = 4.525621152305145e-11,  Error =4.319646471628857e-06
Completed 54 % :  mod = 4.284245784693058e-11,  Error =4.4088921384854984e-06
Completed 55 % :  mod = 9.176980543899638e-11,  Error =4.4963456389268686e-06
Completed 56 % :  mod = 1.8588664764396093e-10,  Error =4.573750580050273e-06
Completed 56 % :  mod = 2.6623291116618917e-10,  Error =4.625900032806385e-06
Completed 57 % :  mod = 1.604131120630853e-10,  Error =4.6847348258438615e-06
Completed 59 % :  mod = 6.522199195166057e-11,  Error =4.766362621921871e-06
Completed 60 % :  mod = 3.025924513548588e-11,  Error =4.855349565957567e-06
Completed 61 % :  mod = 2.5290304472105055e-11,  Error =4.945640228015691e-06
Completed 62 % :  mod = 3.824820691087253e-11,  Error =5.035779615525371e-06
Completed 63 % :  mod = 8.001949737852303e-11,  Error =5.1237395055636625e-06
Completed 64 % :  mod = 1.990162726700613e-10,  Error =5.200328033083679e-06
Completed 65 % :  mod = 2.768160579493132e-10,  Error =5.2528802854112655e-06
Completed 66 % :  mod = 1.3963270282615696e-10,  Error =5.31171505713246e-06
Completed 67 % :  mod = 7.514909808278437e-11,  Error =5.3936232262685735e-06
Completed 68 % :  mod = 4.232034903147875e-11,  Error =5.482076183227491e-06
Completed 69 % :  mod = 4.8729205851413356e-11,  Error =5.571216370015009e-06
Completed 70 % :  mod = 1.1403191708651979e-10,  Error =5.656977307921807e-06
Completed 71 % :  mod = 2.2950800739711138e-10,  Error =5.728014379258184e-06
Completed 72 % :  mod = 2.429196008564475e-10,  Error =5.776055338913011e-06
Completed 73 % :  mod = 1.2865157831705097e-10,  Error =5.842652790022385e-06
Completed 74 % :  mod = 5.04907582449962e-11,  Error =5.927513868186907e-06
Completed 75 % :  mod = 2.75155903810933e-11,  Error =6.017120767864981e-06
Completed 76 % :  mod = 2.8305517646519346e-11,  Error =6.10743685314219e-06
Completed 77 % :  mod = 4.8166163838869646e-11,  Error =6.197204143632007e-06
Completed 78 % :  mod = 1.0858206810035167e-10,  Error =6.282976890759073e-06
Completed 79 % :  mod = 2.488734701034359e-10,  Error =6.35158095008137e-06
Completed 80 % :  mod = 2.394127969951718e-10,  Error =6.400299284337052e-06
Completed 81 % :  mod = 1.0910437318476746e-10,  Error =6.4693151315964315e-06
Completed 82 % :  mod = 4.686506526933756e-11,  Error =6.5554006596357794e-06
Completed 83 % :  mod = 1.9493838375935243e-11,  Error =6.645391906090481e-06
Completed 84 % :  mod = 1.3022638550193609e-11,  Error =6.736046898936365e-06
Completed 85 % :  mod = 1.7515107866737172e-11,  Error =6.8267471746708e-06
Completed 86 % :  mod = 3.534832051094207e-11,  Error =6.917075133117123e-06
Completed 87 % :  mod = 8.297138189266071e-11,  Error =7.0050693707912615e-06
Completed 88 % :  mod = 1.9942532486997275e-10,  Error =7.081266439001865e-06
Completed 89 % :  mod = 2.7779463517768966e-10,  Error =7.132929816577871e-06
Completed 90 % :  mod = 1.3765285686238013e-10,  Error =7.192775811404317e-06
Completed 91 % :  mod = 6.814886335098373e-11,  Error =7.275296205477844e-06
Completed 92 % :  mod = 3.494164549971622e-11,  Error =7.364217928795824e-06
Completed 93 % :  mod = 3.5317329873503234e-11,  Error =7.454099737458364e-06
Completed 94 % :  mod = 7.309895346471368e-11,  Error =7.5426866388284e-06
Completed 95 % :  mod = 1.64240424524133e-10,  Error =7.623554829194745e-06
Completed 96 % :  mod = 2.649146793378704e-10,  Error =7.68102463410969e-06
Completed 97 % :  mod = 1.8296086645246875e-10,  Error =7.734525546254645e-06
Completed 98 % :  mod = 8.586292499812091e-11,  Error =7.812763392678335e-06
Completed 99 % :  mod = 4.325548824750598e-11,  Error =7.90043256415629e-06
Completed 100 % :  mod = 4.7095167809326675e-11,  Error =7.989684966958066e-06
Finished 94/201 frames
Finished all frames!
