/opt/local/miniconda_23_9/lib/python3.11/site-packages/conda/base/context.py:201: FutureWarning: Adding 'defaults' to channel list implicitly is deprecated and will be removed in 25.3. 

To remove this warning, please choose a default channel explicitly with conda's regular configuration system, e.g. by adding 'defaults' to the list of channels:

  conda config --add channels defaults

For more information see https://docs.conda.io/projects/conda/en/stable/user-guide/configuration/use-condarc.html

  deprecated.topic(
JOB 13432 ARRAY_ID 78  -> i=78 ; range=[1.9e-10, 6.0e-10] ; intervals=200 (frames=201)
Density options: centers='2.0e-10,4.0e-10' width='5e-11,5e-11' strength=''
Completed 0 % :  mod = 2.6267741667659e-16,  Error =-1.4210854715202004e-14
Completed 1 % :  mod = 3.5156690673583564e-16,  Error =5.7056460889270966e-08
Completed 2 % :  mod = 6.783954116071686e-16,  Error =1.1411256650717405e-07
Completed 3 % :  mod = 1.4643591029549863e-15,  Error =1.7116815342888003e-07
Completed 4 % :  mod = 3.241394936249388e-15,  Error =2.282244651041765e-07
Completed 5 % :  mod = 7.21219336024221e-15,  Error =2.8527998807703625e-07
Completed 6 % :  mod = 1.6064174209167494e-14,  Error =3.4233689660823075e-07
Completed 7 % :  mod = 3.578832119113543e-14,  Error =3.9939185825232926e-07
Completed 8 % :  mod = 7.973385371246525e-14,  Error =4.5644747359574467e-07
Completed 9 % :  mod = 1.7764291146940132e-13,  Error =5.135026199809545e-07
Completed 10 % :  mod = 3.9577978233480197e-13,  Error =5.705585337523189e-07
Completed 11 % :  mod = 8.817768719425532e-13,  Error =6.276148241113333e-07
Completed 12 % :  mod = 1.9645359389944412e-12,  Error =6.8466925284838e-07
Completed 13 % :  mod = 4.3766531023188705e-12,  Error =7.417190417413622e-07
Completed 14 % :  mod = 9.748309018829905e-12,  Error =7.987429384570532e-07
Completed 15 % :  mod = 2.1689259394416386e-11,  Error =8.556391151159914e-07
Completed 16 % :  mod = 4.799688326619523e-11,  Error =9.119152295511412e-07
Completed 17 % :  mod = 1.0337630760772844e-10,  Error =9.65361280691468e-07
Completed 18 % :  mod = 1.9449544088158186e-10,  Error =1.0091820570323762e-06
Completed 19 % :  mod = 2.1632183017705855e-10,  Error =1.0413176738666152e-06
Completed 20 % :  mod = 1.2037443062299786e-10,  Error =1.0818096356501883e-06
Completed 21 % :  mod = 5.778476331303029e-11,  Error =1.1338234031654792e-06
Completed 22 % :  mod = 2.727222350176057e-11,  Error =1.18973808582723e-06
Completed 23 % :  mod = 1.3350433367076334e-11,  Error =1.246531653009697e-06
Completed 24 % :  mod = 9.374922536221306e-12,  Error =1.3035060604238424e-06
Completed 25 % :  mod = 1.1681519441602684e-11,  Error =1.3604946360601389e-06
Completed 26 % :  mod = 2.1093014235819186e-11,  Error =1.4173791740290653e-06
Completed 27 % :  mod = 4.5375691677347885e-11,  Error =1.4737191307290232e-06
Completed 28 % :  mod = 9.873973261892625e-11,  Error =1.5275565203864971e-06
Completed 28 % :  mod = 1.836557682499574e-10,  Error =1.5725539839195335e-06
Completed 30 % :  mod = 2.2350184980645636e-10,  Error =1.6050022679792164e-06
Completed 31 % :  mod = 1.2821808043655245e-10,  Error =1.644233151409935e-06
Completed 32 % :  mod = 6.18320035574995e-11,  Error =1.6955284607433896e-06
Completed 33 % :  mod = 3.0712694909904626e-11,  Error =1.7512341941028353e-06
Completed 34 % :  mod = 1.6487116320010047e-11,  Error =1.8079456864938948e-06
Completed 35 % :  mod = 1.4766757059539685e-11,  Error =1.8648472561721974e-06
Completed 36 % :  mod = 2.380748080487133e-11,  Error =1.921675860216965e-06
Completed 37 % :  mod = 4.610704766525134e-11,  Error =1.9779591653446005e-06
Completed 38 % :  mod = 9.778484698833935e-11,  Error =2.0316658293495493e-06
Completed 39 % :  mod = 1.9234382456420595e-10,  Error =2.0763872186080334e-06
Completed 40 % :  mod = 2.1603255572395264e-10,  Error =2.108878689455196e-06
Completed 41 % :  mod = 1.26843136497384e-10,  Error =2.148360771059288e-06
Completed 42 % :  mod = 6.198733472741993e-11,  Error =2.199915890344073e-06
Completed 43 % :  mod = 2.7868861263347383e-11,  Error =2.255694674602182e-06
Completed 44 % :  mod = 1.433776241264754e-11,  Error =2.3124607295699207e-06
Completed 45 % :  mod = 1.0081025255033583e-11,  Error =2.3694250117500815e-06
Completed 46 % :  mod = 1.2127745638086528e-11,  Error =2.42640524561466e-06
Completed 47 % :  mod = 2.2632605579382402e-11,  Error =2.4832659946127933e-06
Completed 48 % :  mod = 4.9267858505764456e-11,  Error =2.539509935672868e-06
Completed 49 % :  mod = 1.0159486987932556e-10,  Error =2.592959134517514e-06
Completed 50 % :  mod = 1.9507362497227037e-10,  Error =2.6367469274646282e-06
Completed 51 % :  mod = 2.1794409004104377e-10,  Error =2.669062617144391e-06
Completed 52 % :  mod = 1.1869658349205926e-10,  Error =2.709426318858732e-06
Completed 53 % :  mod = 5.969083655474441e-11,  Error =2.761381651339434e-06
Completed 54 % :  mod = 2.923023692107085e-11,  Error =2.8172187356290124e-06
Completed 55 % :  mod = 1.728315538203963e-11,  Error =2.8739336599414855e-06
Completed 56 % :  mod = 1.859561891949103e-11,  Error =2.9307871898254234e-06
Completed 56 % :  mod = 3.23923094234796e-11,  Error =2.9874476723534826e-06
Completed 57 % :  mod = 6.323569422883795e-11,  Error =3.0430210387066836e-06
Completed 59 % :  mod = 1.366718523899994e-10,  Error =3.093833889522557e-06
Completed 60 % :  mod = 2.228890417549103e-10,  Error =3.1324628011475397e-06
Completed 61 % :  mod = 1.775960196254572e-10,  Error =3.1650572083208317e-06
Completed 62 % :  mod = 9.884576549025556e-11,  Error =3.2107057350572177e-06
Completed 63 % :  mod = 4.472598988703591e-11,  Error =3.2646077556819364e-06
Completed 64 % :  mod = 2.5084215257148573e-11,  Error =3.3208606495804815e-06
Completed 65 % :  mod = 2.2209953763270763e-11,  Error =3.3775798442547966e-06
Completed 66 % :  mod = 3.145469502788866e-11,  Error =3.434197012097684e-06
Completed 67 % :  mod = 6.126967478642355e-11,  Error =3.489830980640818e-06
Completed 68 % :  mod = 1.3406908617439194e-10,  Error =3.541139200535781e-06
Completed 69 % :  mod = 2.1181023482728265e-10,  Error =3.5807320983849422e-06
Completed 70 % :  mod = 1.8881370793350439e-10,  Error =3.6129806630924577e-06
Completed 71 % :  mod = 1.0431245658344052e-10,  Error =3.6577240365431862e-06
Completed 72 % :  mod = 4.797554691883856e-11,  Error =3.7111376087750614e-06
Completed 73 % :  mod = 3.18662130439716e-11,  Error =3.7671498844815687e-06
Completed 74 % :  mod = 3.3651759807235035e-11,  Error =3.8235843007328185e-06
Completed 75 % :  mod = 5.198002129803027e-11,  Error =3.8794688066445815e-06
Completed 76 % :  mod = 1.101496420176659e-10,  Error =3.932289061481242e-06
Completed 77 % :  mod = 2.0339587095800382e-10,  Error =3.975434054837024e-06
Completed 78 % :  mod = 2.0274282321293516e-10,  Error =4.007389065918687e-06
Completed 79 % :  mod = 1.2302694817050003e-10,  Error =4.048563184255727e-06
Completed 80 % :  mod = 5.744394220981666e-11,  Error =4.1007268833936905e-06
Completed 81 % :  mod = 2.8991610328223258e-11,  Error =4.156563001345148e-06
Completed 82 % :  mod = 2.1654256388184383e-11,  Error =4.213220918813931e-06
Completed 83 % :  mod = 2.654726369274288e-11,  Error =4.269929888778279e-06
Completed 84 % :  mod = 4.7338629516189775e-11,  Error =4.326086937567197e-06
Completed 85 % :  mod = 1.0517946187135429e-10,  Error =4.379529926268333e-06
Completed 86 % :  mod = 1.8934682505453922e-10,  Error =4.423932089991922e-06
Completed 87 % :  mod = 2.144642135448044e-10,  Error =4.4560051435382775e-06
Completed 88 % :  mod = 1.2913647301259057e-10,  Error =4.496013133348242e-06
Completed 89 % :  mod = 5.882664093077332e-11,  Error =4.54761054413666e-06
Completed 90 % :  mod = 2.960968986654064e-11,  Error =4.603388717328016e-06
Completed 91 % :  mod = 1.7261535578021108e-11,  Error =4.660108800180751e-06
Completed 92 % :  mod = 1.584050353810581e-11,  Error =4.71699507897938e-06
Completed 93 % :  mod = 2.6304914392319494e-11,  Error =4.773766725918449e-06
Completed 94 % :  mod = 5.503975568637141e-11,  Error =4.8298031245508355e-06
Completed 95 % :  mod = 1.0950329488402946e-10,  Error =4.882553511720289e-06
Completed 96 % :  mod = 2.0650546748231443e-10,  Error =4.924612809986684e-06
Completed 97 % :  mod = 2.085734140500371e-10,  Error =4.956822863277921e-06
Completed 98 % :  mod = 1.0909911938820944e-10,  Error =4.998900088537539e-06
Completed 99 % :  mod = 5.498855462853925e-11,  Error =5.051625713292651e-06
Completed 100 % :  mod = 2.7251121627975104e-11,  Error =5.107641314339162e-06
Finished 79/201 frames
Finished all frames!
