/opt/local/miniconda_23_9/lib/python3.11/site-packages/conda/base/context.py:201: FutureWarning: Adding 'defaults' to channel list implicitly is deprecated and will be removed in 25.3. 

To remove this warning, please choose a default channel explicitly with conda's regular configuration system, e.g. by adding 'defaults' to the list of channels:

  conda config --add channels defaults

For more information see https://docs.conda.io/projects/conda/en/stable/user-guide/configuration/use-condarc.html

  deprecated.topic(
JOB 13939 ARRAY_ID 68  -> i=68 ; range=[1.9e-10, 5.0e-10] ; intervals=200 (frames=201)
Analytic t0 extension enabled (--extend-time-using-t0).
Density options: centers='2.0e-10,4.0e-10' width='2.0e-11,5.0e-11' strength='7.0'
Completed 0 % :  mod = 2.693117447469067e-16,  Error =-1.4210854715202004e-14
Completed 1 % :  mod = 3.666669553317198e-16,  Error =6.304208710616876e-08
Completed 2 % :  mod = 7.291197033751678e-16,  Error =1.2608447264028655e-07
Completed 3 % :  mod = 1.6187206801686209e-15,  Error =1.8912595578512992e-07
Completed 4 % :  mod = 3.678644885273145e-15,  Error =2.5216755972223837e-07
Completed 5 % :  mod = 8.398202534346915e-15,  Error =3.152092986624666e-07
Completed 6 % :  mod = 1.9189599410363418e-14,  Error =3.782511939220967e-07
Completed 7 % :  mod = 4.385493666302901e-14,  Error =4.4129298260031646e-07
Completed 8 % :  mod = 1.002270712529116e-13,  Error =5.043352686584512e-07
Completed 9 % :  mod = 2.2906261871729156e-13,  Error =5.673775262948766e-07
Completed 10 % :  mod = 5.235084141852019e-13,  Error =6.30419407343652e-07
Completed 11 % :  mod = 1.1964427067066233e-12,  Error =6.934608691722133e-07
Completed 12 % :  mod = 2.7343453085205525e-12,  Error =7.564999577880371e-07
Completed 13 % :  mod = 6.248550099084664e-12,  Error =8.195296530288942e-07
Completed 14 % :  mod = 1.4273134865080121e-11,  Error =8.825007213886238e-07
Completed 15 % :  mod = 3.253027011743468e-11,  Error =9.45173340483052e-07
Completed 16 % :  mod = 7.327304946149729e-11,  Error =1.0063447888342125e-06
Completed 17 % :  mod = 1.5497856161653882e-10,  Error =1.0610322647153225e-06
Completed 18 % :  mod = 2.3926651554458793e-10,  Error =1.1004795794633537e-06
Completed 19 % :  mod = 1.6345720736806561e-10,  Error =1.1383725322389182e-06
Completed 20 % :  mod = 8.165128168399677e-11,  Error =1.1918915205910707e-06
Completed 21 % :  mod = 3.568815496138117e-11,  Error =1.2526781603128256e-06
Completed 22 % :  mod = 1.7636722005893983e-11,  Error =1.315233113530212e-06
Completed 23 % :  mod = 1.193530761613543e-11,  Error =1.378134349749871e-06
Completed 24 % :  mod = 1.4034473396063273e-11,  Error =1.4410694717525985e-06
Completed 25 % :  mod = 2.6397558003879406e-11,  Error =1.5038336442785294e-06
Completed 26 % :  mod = 5.950813156898014e-11,  Error =1.5656651513040742e-06
Completed 27 % :  mod = 1.236604605650464e-10,  Error =1.6232296928819778e-06
Completed 28 % :  mod = 2.242448825249206e-10,  Error =1.6674300553631838e-06
Completed 28 % :  mod = 2.016032848793839e-10,  Error =1.702812980397539e-06
Completed 30 % :  mod = 9.888907649806811e-11,  Error =1.752033526258856e-06
Completed 31 % :  mod = 4.59817544884731e-11,  Error =1.8115101241278353e-06
Completed 32 % :  mod = 2.3158795429450005e-11,  Error =1.8737664646550911e-06
Completed 33 % :  mod = 1.460158508108651e-11,  Error =1.936580353856243e-06
Completed 34 % :  mod = 1.7405687399618133e-11,  Error =1.999451008316555e-06
Completed 35 % :  mod = 3.421810971822089e-11,  Error =2.0620615543975873e-06
Completed 36 % :  mod = 7.069129523534557e-11,  Error =2.1232774471968696e-06
Completed 37 % :  mod = 1.5024321955126668e-10,  Error =2.1782896268973673e-06
Completed 38 % :  mod = 2.423704288046923e-10,  Error =2.218429727918192e-06
Completed 39 % :  mod = 1.6473968201569875e-10,  Error =2.2556809682328094e-06
Completed 40 % :  mod = 8.650306214460775e-11,  Error =2.3085528368937958e-06
Completed 41 % :  mod = 3.931927453304031e-11,  Error =2.369073570207547e-06
Completed 42 % :  mod = 2.1753608586041144e-11,  Error =2.4314825211035895e-06
Completed 43 % :  mod = 2.153808650659457e-11,  Error =2.4942229757130008e-06
Completed 44 % :  mod = 3.508789227479553e-11,  Error =2.5567587229602395e-06
Completed 45 % :  mod = 6.954539068096297e-11,  Error =2.6179120808933476e-06
Completed 46 % :  mod = 1.5570551980749416e-10,  Error =2.672881656451409e-06
Completed 47 % :  mod = 2.351833429824492e-10,  Error =2.71329437850909e-06
Completed 48 % :  mod = 1.660393969697995e-10,  Error =2.750392290806758e-06
Completed 49 % :  mod = 9.088134826337858e-11,  Error =2.8031536842831883e-06
Completed 50 % :  mod = 4.185655512931248e-11,  Error =2.8634116162606915e-06
Completed 51 % :  mod = 3.016064332067985e-11,  Error =2.9255531472927032e-06
Completed 52 % :  mod = 4.235593270443094e-11,  Error =2.987777577345696e-06
Completed 53 % :  mod = 7.503418848114786e-11,  Error =3.048610871303481e-06
Completed 54 % :  mod = 1.5079076763598892e-10,  Error =3.10299938632852e-06
Completed 55 % :  mod = 2.4823322180764984e-10,  Error =3.1426967339598377e-06
Completed 56 % :  mod = 1.591149617291806e-10,  Error =3.1803293580878744e-06
Completed 56 % :  mod = 8.67806938146272e-11,  Error =3.233251085532629e-06
Completed 57 % :  mod = 4.516906818762262e-11,  Error =3.2936020346596706e-06
Completed 59 % :  mod = 3.0957575954842206e-11,  Error =3.3556966982928316e-06
Completed 60 % :  mod = 4.404665198886969e-11,  Error =3.4177867931362016e-06
Completed 61 % :  mod = 8.955769367719698e-11,  Error =3.478075925045232e-06
Completed 62 % :  mod = 1.602547489613852e-10,  Error =3.5309180930198636e-06
Completed 63 % :  mod = 2.441721601100747e-10,  Error =3.568240799722844e-06
Completed 64 % :  mod = 1.53307570221456e-10,  Error =3.608291059720159e-06
Completed 65 % :  mod = 7.188606294544755e-11,  Error =3.662897071876614e-06
Completed 66 % :  mod = 3.9510583708312104e-11,  Error =3.7238772137015985e-06
Completed 67 % :  mod = 2.6521472054286467e-11,  Error =3.7862461965687544e-06
Completed 68 % :  mod = 3.278426157623e-11,  Error =3.8486904898604735e-06
Completed 69 % :  mod = 6.849967643882424e-11,  Error =3.9100594335650385e-06
Completed 70 % :  mod = 1.3631497444589989e-10,  Error =3.9665453357429215e-06
Completed 71 % :  mod = 2.2372926933211014e-10,  Error =4.008876771877112e-06
Completed 72 % :  mod = 1.943629196535529e-10,  Error =4.045147392162107e-06
Completed 73 % :  mod = 9.264747437103948e-11,  Error =4.095859630126597e-06
Completed 74 % :  mod = 4.5533409886554493e-11,  Error =4.155578409381633e-06
Completed 75 % :  mod = 3.260489890686343e-11,  Error =4.21763844826728e-06
Completed 76 % :  mod = 3.649170545141706e-11,  Error =4.279953280672544e-06
Completed 77 % :  mod = 6.338756474365894e-11,  Error =4.341242458849592e-06
Completed 78 % :  mod = 1.4488629423879008e-10,  Error =4.397434658187649e-06
Completed 79 % :  mod = 2.254406258400015e-10,  Error =4.440210339851092e-06
Completed 80 % :  mod = 1.8240491821104523e-10,  Error =4.4757737356349026e-06
Completed 81 % :  mod = 1.046762917128852e-10,  Error =4.526391848003186e-06
Completed 82 % :  mod = 4.85208375528461e-11,  Error =4.5857333716980975e-06
Completed 83 % :  mod = 3.86401237938706e-11,  Error =4.647430124293805e-06
Completed 84 % :  mod = 5.926972257668802e-11,  Error =4.709013069259527e-06
Completed 85 % :  mod = 1.0144564877091575e-10,  Error =4.767912329839419e-06
Completed 86 % :  mod = 1.9477259854180863e-10,  Error =4.816329948198472e-06
Completed 87 % :  mod = 2.365838948030387e-10,  Error =4.852316067172069e-06
Completed 88 % :  mod = 1.180777891933785e-10,  Error =4.896335973114674e-06
Completed 89 % :  mod = 6.93192995432956e-11,  Error =4.953119052686361e-06
Completed 90 % :  mod = 5.311994485005116e-11,  Error =5.013935989950369e-06
Completed 91 % :  mod = 5.950963735690047e-11,  Error =5.0749624520562975e-06
Completed 92 % :  mod = 1.1314417490941511e-10,  Error =5.1327356729302664e-06
Completed 93 % :  mod = 2.2231781656172692e-10,  Error =5.179611754613234e-06
Completed 94 % :  mod = 2.0044551562943445e-10,  Error =5.214839461586962e-06
Completed 95 % :  mod = 1.211303755096267e-10,  Error =5.260937818718503e-06
Completed 96 % :  mod = 6.283686502079672e-11,  Error =5.3188402233672605e-06
Completed 97 % :  mod = 3.7448675022694736e-11,  Error =5.3802403030545065e-06
Completed 98 % :  mod = 4.646592486808588e-11,  Error =5.442075732275953e-06
Completed 99 % :  mod = 9.032299775490917e-11,  Error =5.502274909474636e-06
Completed 100 % :  mod = 1.5589969418394604e-10,  Error =5.555406517032679e-06
Finished 69/201 frames
Finished all frames!
