/opt/local/miniconda_23_9/lib/python3.11/site-packages/conda/base/context.py:201: FutureWarning: Adding 'defaults' to channel list implicitly is deprecated and will be removed in 25.3. 

To remove this warning, please choose a default channel explicitly with conda's regular configuration system, e.g. by adding 'defaults' to the list of channels:

  conda config --add channels defaults

For more information see https://docs.conda.io/projects/conda/en/stable/user-guide/configuration/use-condarc.html

  deprecated.topic(
JOB 13446 ARRAY_ID 92  -> i=92 ; range=[1.9e-10, 6.0e-10] ; intervals=200 (frames=201)
Density options: centers='2.0e-10,4.0e-10' width='5e-11,5e-11' strength=''
Completed 0 % :  mod = 2.8416823704245985e-16,  Error =-1.4210854715202004e-14
Completed 1 % :  mod = 4.017509450288878e-16,  Error =7.814772828851346e-08
Completed 2 % :  mod = 8.51805466404267e-16,  Error =1.562951581490779e-07
Completed 3 % :  mod = 2.00677757819198e-15,  Error =2.3444233221425748e-07
Completed 4 % :  mod = 4.822472566065667e-15,  Error =3.1258938548717197e-07
Completed 5 % :  mod = 1.162903862071247e-14,  Error =3.9073510293974323e-07
Completed 6 % :  mod = 2.8059297286382083e-14,  Error =4.68882440429752e-07
Completed 7 % :  mod = 6.771022416172197e-14,  Error =5.470292734344184e-07
Completed 8 % :  mod = 1.633952148126572e-13,  Error =6.251762840747688e-07
Completed 9 % :  mod = 3.942989437887523e-13,  Error =7.03322854178623e-07
Completed 10 % :  mod = 9.515058272234872e-13,  Error =7.814705966779911e-07
Completed 11 % :  mod = 2.2961139833667423e-12,  Error =8.596164633445369e-07
Completed 12 % :  mod = 5.540549072285027e-12,  Error =9.377525245213292e-07
Completed 13 % :  mod = 1.3365348978561183e-11,  Error =1.0158324954545606e-06
Completed 14 % :  mod = 3.218386938260848e-11,  Error =1.0935913365983652e-06
Completed 15 % :  mod = 7.669415880815453e-11,  Error =1.1695515311771487e-06
Completed 16 % :  mod = 1.7147005976873445e-10,  Error =1.2369093553843413e-06
Completed 17 % :  mod = 2.6453144906014567e-10,  Error =1.2837124572229186e-06
Completed 18 % :  mod = 1.5555344587462013e-10,  Error =1.332066133841181e-06
Completed 19 % :  mod = 7.438841371578562e-11,  Error =1.4008044857405366e-06
Completed 20 % :  mod = 3.184784468975264e-11,  Error =1.4769507643563884e-06
Completed 21 % :  mod = 1.8120235636306358e-11,  Error =1.5546291436407955e-06
Completed 22 % :  mod = 2.059141772760359e-11,  Error =1.632512663718444e-06
Completed 23 % :  mod = 3.824044608722395e-11,  Error =1.7100499789535206e-06
Completed 24 % :  mod = 8.303059815557558e-11,  Error =1.7854011673534842e-06
Completed 25 % :  mod = 1.9213676788007506e-10,  Error =1.8505969592297333e-06
Completed 26 % :  mod = 2.5843881616024125e-10,  Error =1.8958004162072939e-06
Completed 27 % :  mod = 1.3975078777297188e-10,  Error =1.9466186316208223e-06
Completed 28 % :  mod = 7.140002702162444e-11,  Error =2.01675714350813e-06
Completed 28 % :  mod = 3.452689947313261e-11,  Error =2.092991906010866e-06
Completed 30 % :  mod = 2.928954272858856e-11,  Error =2.1703697470343286e-06
Completed 31 % :  mod = 5.399921345225009e-11,  Error =2.247277706146633e-06
Completed 32 % :  mod = 1.1270127615634972e-10,  Error =2.320652420451097e-06
Completed 33 % :  mod = 2.140260070480558e-10,  Error =2.3797953474513633e-06
Completed 34 % :  mod = 2.463878948095724e-10,  Error =2.42235065428531e-06
Completed 35 % :  mod = 1.1491635600949148e-10,  Error =2.4799243689699324e-06
Completed 36 % :  mod = 5.7747368429775245e-11,  Error =2.5521952409235382e-06
Completed 37 % :  mod = 5.020767157928335e-11,  Error =2.6283382297265234e-06
Completed 38 % :  mod = 6.817803083454384e-11,  Error =2.7041880201750246e-06
Completed 39 % :  mod = 1.2693539979778253e-10,  Error =2.774844510611274e-06
Completed 40 % :  mod = 2.653807301455649e-10,  Error =2.8280150630166645e-06
Completed 41 % :  mod = 1.956797080304162e-10,  Error =2.8718439395447604e-06
Completed 42 % :  mod = 9.467851956662803e-11,  Error =2.93465893719258e-06
Completed 43 % :  mod = 4.883604515490722e-11,  Error =3.0091953036048835e-06
Completed 44 % :  mod = 2.8908906664539723e-11,  Error =3.08630762191342e-06
Completed 45 % :  mod = 3.718903757534918e-11,  Error =3.1636024431236365e-06
Completed 46 % :  mod = 8.44844810716188e-11,  Error =3.239178397507203e-06
Completed 47 % :  mod = 1.6573488430090205e-10,  Error =3.3065916369423576e-06
Completed 48 % :  mod = 2.5951378280835196e-10,  Error =3.3531435192912795e-06
Completed 49 % :  mod = 1.6595825215447832e-10,  Error =3.4018152277326408e-06
Completed 50 % :  mod = 6.992757461700073e-11,  Error =3.470286181084248e-06
Completed 51 % :  mod = 3.1718211484953455e-11,  Error =3.5464586858324765e-06
Completed 52 % :  mod = 1.712291416386867e-11,  Error =3.6241914287415966e-06
Completed 53 % :  mod = 1.3697729577835847e-11,  Error =3.70217300371678e-06
Completed 54 % :  mod = 2.3466109416905873e-11,  Error =3.7800524737008345e-06
Completed 55 % :  mod = 5.5721753921932355e-11,  Error =3.857078851865481e-06
Completed 56 % :  mod = 1.206440324442489e-10,  Error =3.929635312260871e-06
Completed 56 % :  mod = 2.392595350569172e-10,  Error =3.9856932971815695e-06
Completed 57 % :  mod = 2.2136893168377227e-10,  Error =4.028445680148707e-06
Completed 59 % :  mod = 1.0003270245377747e-10,  Error =4.089543033103382e-06
Completed 60 % :  mod = 4.561600409187189e-11,  Error =4.163645130006444e-06
Completed 61 % :  mod = 2.6162053543442365e-11,  Error =4.240889630580114e-06
Completed 62 % :  mod = 2.282951028988948e-11,  Error =4.318626437793682e-06
Completed 63 % :  mod = 3.972777158783731e-11,  Error =4.396012350582623e-06
Completed 64 % :  mod = 9.634103710617706e-11,  Error =4.4708919872959996e-06
Completed 65 % :  mod = 1.9133937369079942e-10,  Error =4.535008088168979e-06
Completed 66 % :  mod = 2.556557007609826e-10,  Error =4.578426143098113e-06
Completed 67 % :  mod = 1.3993637302585563e-10,  Error =4.6312774841794635e-06
Completed 68 % :  mod = 5.906861291308444e-11,  Error =4.702227052177932e-06
Completed 69 % :  mod = 2.7702188096725294e-11,  Error =4.7789647297236115e-06
Completed 70 % :  mod = 1.4482578542863501e-11,  Error =4.856805723818525e-06
Completed 71 % :  mod = 1.2577115391278084e-11,  Error =4.934819067159424e-06
Completed 72 % :  mod = 2.364474705099544e-11,  Error =5.012719690000722e-06
Completed 73 % :  mod = 5.35404996532202e-11,  Error =5.08980210156551e-06
Completed 74 % :  mod = 1.1817378617277442e-10,  Error =5.162511222067678e-06
Completed 75 % :  mod = 2.419111997356147e-10,  Error =5.219063893946441e-06
Completed 76 % :  mod = 2.192661815616425e-10,  Error =5.261558015945411e-06
Completed 77 % :  mod = 1.0224191360262746e-10,  Error =5.322325783652104e-06
Completed 78 % :  mod = 4.4693080578794247e-11,  Error =5.3964685875484975e-06
Completed 79 % :  mod = 1.9846457087428963e-11,  Error =5.473864355565183e-06
Completed 80 % :  mod = 9.450556129326937e-12,  Error =5.55185275175063e-06
Completed 81 % :  mod = 9.113969936194272e-12,  Error =5.629935053264035e-06
Completed 82 % :  mod = 1.657666236269694e-11,  Error =5.707969052082262e-06
Completed 83 % :  mod = 3.481316057537093e-11,  Error =5.785633604205032e-06
Completed 84 % :  mod = 8.229718976347712e-11,  Error =5.861195646161832e-06
Completed 85 % :  mod = 1.856839008943229e-10,  Error =5.927058339239011e-06
Completed 86 % :  mod = 2.5938645474689834e-10,  Error =5.972374140128522e-06
Completed 87 % :  mod = 1.455966301304114e-10,  Error =6.0227345528574006e-06
Completed 88 % :  mod = 6.909260691650752e-11,  Error =6.092688849435035e-06
Completed 89 % :  mod = 2.9272114224932133e-11,  Error =6.169106754327913e-06
Completed 90 % :  mod = 1.8121381208704932e-11,  Error =6.246825897449071e-06
Completed 91 % :  mod = 2.274118119146718e-11,  Error =6.324688293091185e-06
Completed 92 % :  mod = 4.239249853500189e-11,  Error =6.402086405898899e-06
Completed 93 % :  mod = 9.345599289037744e-11,  Error =6.47670447051496e-06
Completed 94 % :  mod = 2.1115764655963972e-10,  Error =6.539239706171429e-06
Completed 95 % :  mod = 2.487611186374865e-10,  Error =6.582673030663955e-06
Completed 96 % :  mod = 1.258519500252368e-10,  Error =6.63693834468404e-06
Completed 97 % :  mod = 6.087491744631655e-11,  Error =6.708742290584269e-06
Completed 98 % :  mod = 2.8090186904727342e-11,  Error =6.785498477768215e-06
Completed 99 % :  mod = 2.1708935130097346e-11,  Error =6.863180566085703e-06
Completed 100 % :  mod = 3.562461592719534e-11,  Error =6.940749848638461e-06
Finished 93/201 frames
Finished all frames!
