/opt/local/miniconda_23_9/lib/python3.11/site-packages/conda/base/context.py:201: FutureWarning: Adding 'defaults' to channel list implicitly is deprecated and will be removed in 25.3. 

To remove this warning, please choose a default channel explicitly with conda's regular configuration system, e.g. by adding 'defaults' to the list of channels:

  conda config --add channels defaults

For more information see https://docs.conda.io/projects/conda/en/stable/user-guide/configuration/use-condarc.html

  deprecated.topic(
JOB 13918 ARRAY_ID 47  -> i=47 ; range=[1.9e-10, 5.0e-10] ; intervals=200 (frames=201)
Analytic t0 extension enabled (--extend-time-using-t0).
Density options: centers='2.0e-10,4.0e-10' width='2.0e-11,5.0e-11' strength='7.0'
THIS SHOULD ONLY BE REACHED ONCE
Completed 0 % :  mod = 2.1887731412614624e-16,  Error =-1.4210854715202004e-14
Completed 1 % :  mod = 2.6039914020560023e-16,  Error =2.7505528521487577e-08
Completed 2 % :  mod = 4.007183080550179e-16,  Error =5.5010403343658254e-08
Completed 3 % :  mod = 6.930729418262322e-16,  Error =8.251593897057319e-08
Completed 4 % :  mod = 1.2483845135602207e-15,  Error =1.100206077353505e-07
Completed 5 % :  mod = 2.2773423121425443e-15,  Error =1.3752622862739372e-07
Completed 6 % :  mod = 4.1703404776375175e-15,  Error =1.650310181844361e-07
Completed 7 % :  mod = 7.645596344630467e-15,  Error =1.9253617011827373e-07
Completed 8 % :  mod = 1.4021647452718426e-14,  Error =2.2004150679322265e-07
Completed 9 % :  mod = 2.5717614248995706e-14,  Error =2.475465166185131e-07
Completed 10 % :  mod = 4.717103172151484e-14,  Error =2.750520806671375e-07
Completed 11 % :  mod = 8.652148069285e-14,  Error =3.0255674232648744e-07
Completed 12 % :  mod = 1.5869879145534164e-13,  Error =3.3006144661840153e-07
Completed 13 % :  mod = 2.9108745071134854e-13,  Error =3.5756616512117034e-07
Completed 14 % :  mod = 5.339159825944744e-13,  Error =3.8507128863329854e-07
Completed 15 % :  mod = 9.793109699988854e-13,  Error =4.1257558791585325e-07
Completed 16 % :  mod = 1.7962317405594334e-12,  Error =4.400796953518693e-07
Completed 17 % :  mod = 3.2944586788938285e-12,  Error =4.675815858945498e-07
Completed 18 % :  mod = 6.041409985723883e-12,  Error =4.950761365307699e-07
Completed 19 % :  mod = 1.1073009501146514e-11,  Error =5.225478503234626e-07
Completed 20 % :  mod = 2.0259579115123417e-11,  Error =5.499406086073577e-07
Completed 21 % :  mod = 3.684998705808582e-11,  Error =5.770738340515891e-07
Completed 22 % :  mod = 6.572502218009994e-11,  Error =6.033857786746921e-07
Completed 23 % :  mod = 1.1002509585230431e-10,  Error =6.274464254829581e-07
Completed 24 % :  mod = 1.5332760148147633e-10,  Error =6.473879352597578e-07
Completed 25 % :  mod = 1.476008153081408e-10,  Error =6.650551540587912e-07
Completed 26 % :  mod = 1.0082376299781593e-10,  Error =6.858167367340684e-07
Completed 27 % :  mod = 5.91003467438838e-11,  Error =7.104546924097122e-07
Completed 28 % :  mod = 3.304213295956176e-11,  Error =7.369959860170638e-07
Completed 28 % :  mod = 1.8100026841979206e-11,  Error =7.642026247367539e-07
Completed 30 % :  mod = 9.908329393526504e-12,  Error =7.916177509059708e-07
Completed 31 % :  mod = 5.442917833244447e-12,  Error =8.190944953412327e-07
Completed 32 % :  mod = 3.0113795159493308e-12,  Error =8.465920942057892e-07
Completed 33 % :  mod = 1.7397040280531283e-12,  Error =8.740952353036846e-07
Completed 34 % :  mod = 1.123245737789657e-12,  Error =9.015988169380762e-07
Completed 35 % :  mod = 9.29737359780101e-13,  Error =9.29102760949263e-07
Completed 36 % :  mod = 1.093078748394476e-12,  Error =9.566072876054932e-07
Completed 37 % :  mod = 1.6714865030909358e-12,  Error =9.841113239872357e-07
Completed 38 % :  mod = 2.8751544706627456e-12,  Error =1.0116141879734641e-06
Completed 39 % :  mod = 5.184587912884298e-12,  Error =1.0391117086783197e-06
Completed 40 % :  mod = 9.449166596971957e-12,  Error =1.0665935121778602e-06
Completed 41 % :  mod = 1.7235281080011365e-11,  Error =1.094017179070761e-06
Completed 42 % :  mod = 3.149292041636999e-11,  Error =1.1212511665803504e-06
Completed 43 % :  mod = 5.650342745254721e-11,  Error =1.14787714267095e-06
Completed 44 % :  mod = 9.686697331817448e-11,  Error =1.1727397861704958e-06
Completed 45 % :  mod = 1.4464236407230052e-10,  Error =1.1938578552417312e-06
Completed 46 % :  mod = 1.5532170824168472e-10,  Error =1.2115979686200262e-06
Completed 47 % :  mod = 1.1390312772823641e-10,  Error =1.2312017290128097e-06
Completed 48 % :  mod = 6.882004708999473e-11,  Error =1.2549897050462278e-06
Completed 49 % :  mod = 3.8620306299547924e-11,  Error =1.28118879416661e-06
Completed 50 % :  mod = 2.1260560859585e-11,  Error =1.308283266610033e-06
Completed 51 % :  mod = 1.165570320502245e-11,  Error =1.335664599366737e-06
Completed 52 % :  mod = 6.3638175664958745e-12,  Error =1.3631324051743832e-06
Completed 53 % :  mod = 3.512701471332681e-12,  Error =1.3906266289609448e-06
Completed 54 % :  mod = 1.984790673367788e-12,  Error =1.4181286047687536e-06
Completed 55 % :  mod = 1.204695487519453e-12,  Error =1.44563281878618e-06
Completed 56 % :  mod = 8.874844357619565e-13,  Error =1.4731374662346752e-06
Completed 56 % :  mod = 9.053332294463187e-13,  Error =1.5006415452489819e-06
Completed 57 % :  mod = 1.2635418800267515e-12,  Error =1.5281463205951695e-06
Completed 59 % :  mod = 2.1066530717716763e-12,  Error =1.5556499235458432e-06
Completed 60 % :  mod = 3.747292969663844e-12,  Error =1.5831520414621991e-06
Completed 61 % :  mod = 6.793498790067939e-12,  Error =1.6106452846997854e-06
Completed 62 % :  mod = 1.2445225819810662e-11,  Error =1.6381094809503338e-06
Completed 63 % :  mod = 2.2709391718089483e-11,  Error =1.665474187007021e-06
Completed 64 % :  mod = 4.1167847870585755e-11,  Error =1.6925128463185501e-06
Completed 65 % :  mod = 7.307394737912326e-11,  Error =1.7185429044275224e-06
Completed 66 % :  mod = 1.1936843976932947e-10,  Error =1.74193820612345e-06
Completed 67 % :  mod = 1.5730158021651605e-10,  Error =1.7611072422596408e-06
Completed 68 % :  mod = 1.4013499383066784e-10,  Error =1.7790075190760035e-06
Completed 69 % :  mod = 9.17813255578968e-11,  Error =1.8006105619861046e-06
Completed 70 % :  mod = 5.3054006756786753e-11,  Error =1.8257560157053376e-06
Completed 71 % :  mod = 2.951090321859152e-11,  Error =1.8524849565437762e-06
Completed 72 % :  mod = 1.6143731923769792e-11,  Error =1.8797512879586975e-06
Completed 73 % :  mod = 8.838680403117223e-12,  Error =1.9071851795615657e-06
Completed 74 % :  mod = 4.851553169442313e-12,  Error =1.9346695694366645e-06
Completed 75 % :  mod = 2.6858561464761135e-12,  Error =1.962168006741649e-06
Completed 76 % :  mod = 1.5530163330954931e-12,  Error =1.989670934676724e-06
Completed 77 % :  mod = 1.0039146173362849e-12,  Error =2.017175127377868e-06
Completed 78 % :  mod = 8.344320071119548e-13,  Error =2.044679924040338e-06
Completed 79 % :  mod = 9.847499762687002e-13,  Error =2.072185523616099e-06
Completed 80 % :  mod = 1.5077988757553062e-12,  Error =2.099690163959167e-06
Completed 81 % :  mod = 2.5970629071240966e-12,  Error =2.127193695855567e-06
Completed 82 % :  mod = 4.684818379572303e-12,  Error =2.1546930781823903e-06
Completed 83 % :  mod = 8.534480647829008e-12,  Error =2.182178519660738e-06
Completed 84 % :  mod = 1.5583411696322395e-11,  Error =2.209616880577414e-06
Completed 85 % :  mod = 2.849813617618602e-11,  Error =2.236901146090986e-06
Completed 86 % :  mod = 5.130504541574951e-11,  Error =2.2636815444343483e-06
Completed 87 % :  mod = 8.907438916889782e-11,  Error =2.2889674227144496e-06
Completed 88 % :  mod = 1.3760064365226315e-10,  Error =2.3108252094061754e-06
Completed 89 % :  mod = 1.5805308105712085e-10,  Error =2.328841716803254e-06
Completed 90 % :  mod = 1.2224426458755592e-10,  Error =2.347791721035719e-06
Completed 91 % :  mod = 7.546599589671217e-11,  Error =2.370966235787364e-06
Completed 92 % :  mod = 4.2590324717393284e-11,  Error =2.3968977416188864e-06
Completed 93 % :  mod = 2.3528687467636575e-11,  Error =2.4239031617412365e-06
Completed 94 % :  mod = 1.2905402912048392e-11,  Error =2.4512563996381687e-06
Completed 95 % :  mod = 7.0520307920895816e-12,  Error =2.4787154799810196e-06
Completed 96 % :  mod = 3.914832464967257e-12,  Error =2.5062065063252703e-06
Completed 97 % :  mod = 2.239797854265494e-12,  Error =2.533707984753164e-06
Completed 98 % :  mod = 1.4128768243282135e-12,  Error =2.561211196905333e-06
Completed 99 % :  mod = 1.129912116923299e-12,  Error =2.5887152546033576e-06
Completed 100 % :  mod = 1.2712514179870467e-12,  Error =2.6162192412471086e-06
Finished 48/201 frames
Finished all frames!
