/opt/local/miniconda_23_9/lib/python3.11/site-packages/conda/base/context.py:201: FutureWarning: Adding 'defaults' to channel list implicitly is deprecated and will be removed in 25.3. 

To remove this warning, please choose a default channel explicitly with conda's regular configuration system, e.g. by adding 'defaults' to the list of channels:

  conda config --add channels defaults

For more information see https://docs.conda.io/projects/conda/en/stable/user-guide/configuration/use-condarc.html

  deprecated.topic(
JOB 13971 ARRAY_ID 100  -> i=100 ; range=[1.9e-10, 5.0e-10] ; intervals=200 (frames=201)
Analytic t0 extension enabled (--extend-time-using-t0).
Density options: centers='2.0e-10,4.0e-10' width='2.0e-11,5.0e-11' strength='7.0'
Completed 0 % :  mod = 3.007198833886174e-16,  Error =-1.4210854715202004e-14
Completed 1 % :  mod = 4.429423835911595e-16,  Error =9.800730538245261e-08
Completed 2 % :  mod = 1.0041353317997331e-15,  Error =1.9601493050913632e-07
Completed 3 % :  mod = 2.5151200699553707e-15,  Error =2.940224277381276e-07
Completed 4 % :  mod = 6.405107232070154e-15,  Error =3.92029669171734e-07
Completed 5 % :  mod = 1.6353558889516633e-14,  Error =4.900368608673489e-07
Completed 6 % :  mod = 4.177051908794713e-14,  Error =5.880448057382637e-07
Completed 7 % :  mod = 1.066973873819802e-13,  Error =6.860517700602031e-07
Completed 8 % :  mod = 2.7254717887045934e-13,  Error =7.840592459729123e-07
Completed 9 % :  mod = 6.961934555126738e-13,  Error =8.820657484420735e-07
Completed 10 % :  mod = 1.7783467841015448e-12,  Error =9.800717535313197e-07
Completed 11 % :  mod = 4.542459744021789e-12,  Error =1.0780702979218404e-06
Completed 12 % :  mod = 1.1600802954102975e-11,  Error =1.1760227565105197e-06
Completed 13 % :  mod = 2.959217889773612e-11,  Error =1.2736778955968475e-06
Completed 14 % :  mod = 7.490299163379741e-11,  Error =1.3694462310809286e-06
Completed 15 % :  mod = 1.7952235681547674e-10,  Error =1.4549353153370248e-06
Completed 16 % :  mod = 2.9242302143763393e-10,  Error =1.5129867065866165e-06
Completed 17 % :  mod = 1.5504233283134261e-10,  Error =1.573919263364587e-06
Completed 18 % :  mod = 7.27468514934804e-11,  Error =1.661584612122624e-06
Completed 19 % :  mod = 3.232281595881232e-11,  Error =1.757487424924875e-06
Completed 20 % :  mod = 2.486722484632978e-11,  Error =1.854823914015924e-06
Completed 21 % :  mod = 4.516846091451313e-11,  Error =1.9518535907536716e-06
Completed 22 % :  mod = 1.0299127599894256e-10,  Error =2.0456554210568356e-06
Completed 23 % :  mod = 2.155297496022867e-10,  Error =2.1238477643237275e-06
Completed 24 % :  mod = 2.8001950358064864e-10,  Error =2.176347059901218e-06
Completed 25 % :  mod = 1.2413594049267534e-10,  Error =2.2464549047640503e-06
Completed 26 % :  mod = 5.936626261587562e-11,  Error =2.3370867268113216e-06
Completed 27 % :  mod = 5.2537595870984215e-11,  Error =2.432721529999071e-06
Completed 28 % :  mod = 7.820542628002867e-11,  Error =2.527642195104818e-06
Completed 28 % :  mod = 1.5463026774862114e-10,  Error =2.6139765409993743e-06
Completed 30 % :  mod = 3.0758444550841947e-10,  Error =2.6742673568946884e-06
Completed 31 % :  mod = 1.6947263133765338e-10,  Error =2.7323113087618367e-06
Completed 32 % :  mod = 8.07043740720939e-11,  Error =2.817107400687746e-06
Completed 33 % :  mod = 4.7920816968046195e-11,  Error =2.912037771807263e-06
Completed 34 % :  mod = 4.5405573799290356e-11,  Error =3.0084301769761623e-06
Completed 35 % :  mod = 8.734668740865299e-11,  Error =3.1025419815478017e-06
Completed 36 % :  mod = 2.2062234329882626e-10,  Error =3.1835861591389403e-06
Completed 37 % :  mod = 2.6970688715071775e-10,  Error =3.238913492964457e-06
Completed 38 % :  mod = 1.3413148133253214e-10,  Error =3.3051002930051254e-06
Completed 39 % :  mod = 7.171365754175873e-11,  Error =3.39488243383812e-06
Completed 40 % :  mod = 4.24632023378962e-11,  Error =3.490545495310471e-06
Completed 41 % :  mod = 5.6031534401311256e-11,  Error =3.586398776178612e-06
Completed 42 % :  mod = 1.4316778208642337e-10,  Error =3.6767993734088122e-06
Completed 43 % :  mod = 2.58891345271666e-10,  Error =3.7470600204869697e-06
Completed 44 % :  mod = 2.1454864991595807e-10,  Error =3.7985348413371867e-06
Completed 45 % :  mod = 1.1911145384435246e-10,  Error =3.876756480281074e-06
Completed 46 % :  mod = 5.444078836642962e-11,  Error =3.969218127508611e-06
Completed 47 % :  mod = 5.808885474966177e-11,  Error =4.064336472708874e-06
Completed 48 % :  mod = 1.351398059147486e-10,  Error =4.155515313186697e-06
Completed 49 % :  mod = 2.341043603860199e-10,  Error =4.229561817226113e-06
Completed 50 % :  mod = 2.384871462704303e-10,  Error =4.280274538359663e-06
Completed 51 % :  mod = 1.3357840666644664e-10,  Error =4.354617871626942e-06
Completed 52 % :  mod = 5.910872293064187e-11,  Error =4.4456295213990416e-06
Completed 53 % :  mod = 6.253818341405049e-11,  Error =4.540287470433668e-06
Completed 54 % :  mod = 1.3822332548892453e-10,  Error =4.631125250398327e-06
Completed 55 % :  mod = 2.2947509265362628e-10,  Error =4.704846581660149e-06
Completed 56 % :  mod = 2.406513080092235e-10,  Error =4.755713305826248e-06
Completed 56 % :  mod = 1.3626373881847467e-10,  Error =4.829920491999928e-06
Completed 57 % :  mod = 6.472564127969345e-11,  Error =4.920274548680936e-06
Completed 59 % :  mod = 7.680073892535287e-11,  Error =5.013742260473464e-06
Completed 60 % :  mod = 1.750544451903815e-10,  Error =5.100731392815305e-06
Completed 61 % :  mod = 2.5210139346743936e-10,  Error =5.166392902822281e-06
Completed 62 % :  mod = 1.9458191246646843e-10,  Error =5.220946739825649e-06
Completed 63 % :  mod = 1.2706457970561377e-10,  Error =5.301303396265666e-06
Completed 64 % :  mod = 8.368472845882391e-11,  Error =5.391499435347669e-06
Completed 65 % :  mod = 1.2438464022230058e-10,  Error =5.479127558771779e-06
Completed 66 % :  mod = 2.911684133485097e-10,  Error =5.548070973304675e-06
Completed 67 % :  mod = 2.10643348443778e-10,  Error =5.602352132427768e-06
Completed 68 % :  mod = 1.0713000241252367e-10,  Error =5.678393534935822e-06
Completed 69 % :  mod = 8.224405411854175e-11,  Error =5.769949048328726e-06
Completed 70 % :  mod = 8.407365721757625e-11,  Error =5.863239159964451e-06
Completed 71 % :  mod = 1.4949831199552512e-10,  Error =5.948662007426719e-06
Completed 72 % :  mod = 3.139422372692248e-10,  Error =6.009576125620697e-06
Completed 73 % :  mod = 1.6972917472387609e-10,  Error =6.067084825644997e-06
Completed 74 % :  mod = 8.964579041379137e-11,  Error =6.150203432753187e-06
Completed 75 % :  mod = 7.0801104336333e-11,  Error =6.24374873581246e-06
Completed 76 % :  mod = 8.002144818745614e-11,  Error =6.337633053021818e-06
Completed 77 % :  mod = 1.6089824786031463e-10,  Error =6.422533104455397e-06
Completed 78 % :  mod = 3.1231266855991147e-10,  Error =6.482325304091319e-06
Completed 79 % :  mod = 1.6118925935352542e-10,  Error =6.540718743508478e-06
Completed 80 % :  mod = 9.046197889584359e-11,  Error =6.624943658550819e-06
Completed 81 % :  mod = 6.908636270817861e-11,  Error =6.718537512995226e-06
Completed 82 % :  mod = 8.501426966181806e-11,  Error =6.811952673047017e-06
Completed 83 % :  mod = 1.800003456718674e-10,  Error =6.894707169635694e-06
Completed 84 % :  mod = 3.082422538917891e-10,  Error =6.952555764883073e-06
Completed 85 % :  mod = 1.4960928107309692e-10,  Error =7.01331720165399e-06
Completed 86 % :  mod = 8.98317080393628e-11,  Error =7.098520370618644e-06
Completed 87 % :  mod = 8.681898112753757e-11,  Error =7.191043955856458e-06
Completed 88 % :  mod = 1.2452916739968413e-10,  Error =7.280569427337014e-06
Completed 89 % :  mod = 2.386765503259287e-10,  Error =7.3508427576030044e-06
Completed 90 % :  mod = 2.6180052682986303e-10,  Error =7.405890023903794e-06
Completed 91 % :  mod = 1.1083072319963224e-10,  Error =7.480560142880677e-06
Completed 92 % :  mod = 7.476667969901528e-11,  Error =7.570159738179427e-06
Completed 93 % :  mod = 1.3812006697732388e-10,  Error =7.659797340409114e-06
Completed 94 % :  mod = 2.1882470483071795e-10,  Error =7.73651805729969e-06
Completed 95 % :  mod = 2.3820144707684133e-10,  Error =7.788374887240934e-06
Completed 96 % :  mod = 1.6419211594635215e-10,  Error =7.858251123593618e-06
Completed 97 % :  mod = 6.944547666203737e-11,  Error =7.946847695450288e-06
Completed 98 % :  mod = 6.776736629083935e-11,  Error =8.040009852550156e-06
Completed 99 % :  mod = 1.691572346021361e-10,  Error =8.127811952363118e-06
Completed 100 % :  mod = 2.557659755405868e-10,  Error =8.19601476820253e-06
Finished 101/201 frames
Finished all frames!
