/opt/local/miniconda_23_9/lib/python3.11/site-packages/conda/base/context.py:201: FutureWarning: Adding 'defaults' to channel list implicitly is deprecated and will be removed in 25.3. 

To remove this warning, please choose a default channel explicitly with conda's regular configuration system, e.g. by adding 'defaults' to the list of channels:

  conda config --add channels defaults

For more information see https://docs.conda.io/projects/conda/en/stable/user-guide/configuration/use-condarc.html

  deprecated.topic(
JOB 13557 ARRAY_ID 0  -> i=0 ; range=[2.0e-10, 2.09e-10] ; intervals=40 (frames=41)
Completed 0 % :  mod = 1.5999999998896486e-16,  Error =-1.4210854715202004e-14
Completed 1 % :  mod = 1.6000001368914375e-16,  Error =7.855078365537338e-09
Completed 2 % :  mod = 1.6000005561686105e-16,  Error =1.5708479850218282e-08
Completed 3 % :  mod = 1.6000012370416522e-16,  Error =2.3562321871395397e-08
Completed 4 % :  mod = 1.6000022151827266e-16,  Error =3.141531834671696e-08
Completed 5 % :  mod = 1.6000034880068941e-16,  Error =3.9268890361654485e-08
Completed 6 % :  mod = 1.600004988822718e-16,  Error =4.71229668619344e-08
Completed 7 % :  mod = 1.6000068355034356e-16,  Error =5.497729915759919e-08
Completed 8 % :  mod = 1.6000089934108586e-16,  Error =6.28304377414679e-08
Completed 9 % :  mod = 1.6000113937855986e-16,  Error =7.068415186495258e-08
Completed 10 % :  mod = 1.60001403559368e-16,  Error =7.853754624420617e-08
Completed 11 % :  mod = 1.6000170165458124e-16,  Error =8.63923403926492e-08
Completed 12 % :  mod = 1.6000202596108015e-16,  Error =9.424584845874051e-08
Completed 13 % :  mod = 1.6000237358373258e-16,  Error =1.0209915046743845e-07
Completed 14 % :  mod = 1.6000275139847736e-16,  Error =1.0995344013053909e-07
Completed 15 % :  mod = 1.6000316043929027e-16,  Error =1.178075521579558e-07
Completed 16 % :  mod = 1.6000359910350886e-16,  Error =1.256617991884923e-07
Completed 17 % :  mod = 1.600040632035313e-16,  Error =1.3351682071061077e-07
Completed 18 % :  mod = 1.600045574439473e-16,  Error =1.4137093273802748e-07
Completed 19 % :  mod = 1.6000508735652721e-16,  Error =1.492247392320678e-07
Completed 20 % :  mod = 1.6000563929279094e-16,  Error =1.5707789202679123e-07
Completed 21 % :  mod = 1.6000621433841303e-16,  Error =1.6493213905732773e-07
Completed 22 % :  mod = 1.60006826038476e-16,  Error =1.7278608055448785e-07
Completed 23 % :  mod = 1.6000745883164461e-16,  Error =1.8063978046711782e-07
Completed 24 % :  mod = 1.6000811359679824e-16,  Error =1.8849407013021846e-07
Completed 25 % :  mod = 1.600088088421031e-16,  Error =1.9634796899481444e-07
Completed 26 % :  mod = 1.6000953272853665e-16,  Error =2.042012852143671e-07
Completed 27 % :  mod = 1.60010279620931e-16,  Error =2.1205481459674047e-07
Completed 28 % :  mod = 1.6001106223718805e-16,  Error =2.1990916820868733e-07
Completed 28 % :  mod = 1.600118713232247e-16,  Error =2.2776198704832495e-07
Completed 30 % :  mod = 1.6001271189382342e-16,  Error =2.3561657513937462e-07
Completed 31 % :  mod = 1.600135716446726e-16,  Error =2.4347043137140645e-07
Completed 32 % :  mod = 1.6001445786530137e-16,  Error =2.513248915647637e-07
Completed 33 % :  mod = 1.6001538756461109e-16,  Error =2.591796999240614e-07
Completed 34 % :  mod = 1.6001633148108759e-16,  Error =2.6703435906938466e-07
Completed 35 % :  mod = 1.600172991273079e-16,  Error =2.7488872689218624e-07
Completed 36 % :  mod = 1.6001831790362984e-16,  Error =2.8274310892584253e-07
Completed 37 % :  mod = 1.6001935710097315e-16,  Error =2.905980522882601e-07
Completed 38 % :  mod = 1.6002041428949478e-16,  Error =2.9845165272490704e-07
Completed 39 % :  mod = 1.6002151423291433e-16,  Error =3.0630579317403317e-07
Completed 40 % :  mod = 1.6002264235217348e-16,  Error =3.141592443967056e-07
Completed 41 % :  mod = 1.6002378753203278e-16,  Error =3.220127240410875e-07
Completed 42 % :  mod = 1.6002496367946625e-16,  Error =3.2986654474598254e-07
Completed 43 % :  mod = 1.6002617110466664e-16,  Error =3.3772058571912567e-07
Completed 44 % :  mod = 1.6002740923894726e-16,  Error =3.455746764302603e-07
Completed 45 % :  mod = 1.6002867456679053e-16,  Error =3.534279358063941e-07
Completed 46 % :  mod = 1.6002996667460612e-16,  Error =3.612810743902628e-07
Completed 47 % :  mod = 1.600312981768984e-16,  Error =3.6913526457738044e-07
Completed 48 % :  mod = 1.600326604399697e-16,  Error =3.769894547644981e-07
Completed 49 % :  mod = 1.600340327843047e-16,  Error =3.848431759934101e-07
Completed 50 % :  mod = 1.6003544860732066e-16,  Error =3.926959664113383e-07
Completed 51 % :  mod = 1.6003690061948843e-16,  Error =4.005496307968315e-07
Completed 52 % :  mod = 1.6003835661246288e-16,  Error =4.0840328097146994e-07
Completed 53 % :  mod = 1.6003985256860069e-16,  Error =4.1625695956781783e-07
Completed 54 % :  mod = 1.6004139293399762e-16,  Error =4.241111923874996e-07
Completed 55 % :  mod = 1.600429468444771e-16,  Error =4.3196561705372005e-07
Completed 56 % :  mod = 1.6004453466936168e-16,  Error =4.398196580268632e-07
Completed 56 % :  mod = 1.6004615976907261e-16,  Error =4.476746724435543e-07
Completed 57 % :  mod = 1.6004780865022616e-16,  Error =4.5552892657951816e-07
Completed 59 % :  mod = 1.6004948560382175e-16,  Error =4.633832659806103e-07
Completed 60 % :  mod = 1.60051188768703e-16,  Error =4.712367953629837e-07
Completed 61 % :  mod = 1.6005292409023055e-16,  Error =4.790903886942033e-07
Completed 62 % :  mod = 1.6005469472203051e-16,  Error =4.869439180765767e-07
Completed 63 % :  mod = 1.600564780717324e-16,  Error =4.947975043023689e-07
Completed 64 % :  mod = 1.6005829621471878e-16,  Error =5.026516305406403e-07
Completed 65 % :  mod = 1.6006016734896316e-16,  Error =5.105055294052363e-07
Completed 66 % :  mod = 1.6006204417007426e-16,  Error =5.18359939860602e-07
Completed 67 % :  mod = 1.6006395139007286e-16,  Error =5.262133342398556e-07
Completed 68 % :  mod = 1.6006590818920943e-16,  Error =5.340675457432553e-07
Completed 69 % :  mod = 1.6006787718926004e-16,  Error =5.41921657770672e-07
Completed 70 % :  mod = 1.6006986991905447e-16,  Error =5.497761392803113e-07
Completed 71 % :  mod = 1.6007190607583106e-16,  Error =5.576300381449073e-07
Completed 72 % :  mod = 1.600739641011951e-16,  Error =5.654840649071957e-07
Completed 73 % :  mod = 1.600760526288442e-16,  Error =5.733379211392275e-07
Completed 74 % :  mod = 1.600781712451881e-16,  Error =5.811911094610878e-07
Completed 75 % :  mod = 1.6008031922644376e-16,  Error =5.890456975521374e-07
Completed 76 % :  mod = 1.6008250401723666e-16,  Error =5.968990848259637e-07
Completed 77 % :  mod = 1.6008471093511095e-16,  Error =6.047536587061586e-07
Completed 78 % :  mod = 1.600869431853915e-16,  Error =6.126071454559678e-07
Completed 79 % :  mod = 1.6008922274006334e-16,  Error =6.204616909144534e-07
Completed 80 % :  mod = 1.6009152090629895e-16,  Error =6.283157034658871e-07
Completed 81 % :  mod = 1.6009383690861652e-16,  Error =6.36169602330483e-07
Completed 82 % :  mod = 1.6009620486821632e-16,  Error =6.44023877782729e-07
Completed 83 % :  mod = 1.6009859397262053e-16,  Error =6.518774853248033e-07
Completed 84 % :  mod = 1.601010048939134e-16,  Error =6.597308299660654e-07
Completed 85 % :  mod = 1.6010345784632113e-16,  Error =6.675850627857471e-07
Completed 86 % :  mod = 1.6010593871607454e-16,  Error =6.754392387620101e-07
Completed 87 % :  mod = 1.6010844388425844e-16,  Error =6.832938268530597e-07
Completed 88 % :  mod = 1.6011098162267897e-16,  Error =6.911482515192802e-07
Completed 89 % :  mod = 1.6011354696825244e-16,  Error =6.990015251062687e-07
Completed 90 % :  mod = 1.6011615062262802e-16,  Error =7.068550260669326e-07
Completed 91 % :  mod = 1.60118773715748e-16,  Error =7.147087401904173e-07
Completed 92 % :  mod = 1.601214236405391e-16,  Error =7.225626958984321e-07
Completed 93 % :  mod = 1.601241208180227e-16,  Error =7.304163602839253e-07
Completed 94 % :  mod = 1.601268404844792e-16,  Error =7.382698825608713e-07
Completed 95 % :  mod = 1.6012957633265643e-16,  Error =7.461245132844851e-07
Completed 96 % :  mod = 1.6013236253545345e-16,  Error =7.539788597910047e-07
Completed 97 % :  mod = 1.6013518027451132e-16,  Error =7.618325597036346e-07
Completed 98 % :  mod = 1.601380076812426e-16,  Error =7.696855988115203e-07
Completed 99 % :  mod = 1.601408769122936e-16,  Error =7.775394621489795e-07
Completed 100 % :  mod = 1.6014378434874916e-16,  Error =7.853931407453274e-07
Finished 1/41 frames
Finished all frames!
