/opt/local/miniconda_23_9/lib/python3.11/site-packages/conda/base/context.py:201: FutureWarning: Adding 'defaults' to channel list implicitly is deprecated and will be removed in 25.3. 

To remove this warning, please choose a default channel explicitly with conda's regular configuration system, e.g. by adding 'defaults' to the list of channels:

  conda config --add channels defaults

For more information see https://docs.conda.io/projects/conda/en/stable/user-guide/configuration/use-condarc.html

  deprecated.topic(
JOB 13957 ARRAY_ID 86  -> i=86 ; range=[1.9e-10, 5.0e-10] ; intervals=200 (frames=201)
Analytic t0 extension enabled (--extend-time-using-t0).
Density options: centers='2.0e-10,4.0e-10' width='2.0e-11,5.0e-11' strength='7.0'
Completed 0 % :  mod = 2.889929183052517e-16,  Error =-1.4210854715202004e-14
Completed 1 % :  mod = 4.1352685087358063e-16,  Error =8.359127434687252e-08
Completed 2 % :  mod = 8.944579024871005e-16,  Error =1.6718190920528286e-07
Completed 3 % :  mod = 2.1462753666532756e-15,  Error =2.5077338960954876e-07
Completed 4 % :  mod = 5.247855151296521e-15,  Error =3.3436331392522334e-07
Completed 5 % :  mod = 1.2872286419286341e-14,  Error =4.179544106364119e-07
Completed 6 % :  mod = 3.159066713832708e-14,  Error =5.01544583642044e-07
Completed 7 % :  mod = 7.753538862283533e-14,  Error =5.851354316632751e-07
Completed 8 % :  mod = 1.903037886190052e-13,  Error =6.687261446813864e-07
Completed 9 % :  mod = 4.670848711742097e-13,  Error =7.523166516421043e-07
Completed 10 % :  mod = 1.146419167906573e-12,  Error =8.359067251717534e-07
Completed 11 % :  mod = 2.8137510175698477e-12,  Error =9.194950862934093e-07
Completed 12 % :  mod = 6.905499747139616e-12,  Error =1.0030676520500492e-06
Completed 13 % :  mod = 1.6939747897219272e-11,  Error =1.0865488633271525e-06
Completed 14 % :  mod = 4.144037080780567e-11,  Error =1.1694844275211835e-06
Completed 15 % :  mod = 9.967486809811067e-11,  Error =1.249320980889479e-06
Completed 16 % :  mod = 2.1482197569873073e-10,  Error =1.315592257356002e-06
Completed 17 % :  mod = 2.555923524432879e-10,  Error =1.3609519484703014e-06
Completed 18 % :  mod = 1.2223380852818173e-10,  Error =1.4205452529836293e-06
Completed 19 % :  mod = 5.471786804601919e-11,  Error =1.4980749654114334e-06
Completed 20 % :  mod = 2.7060202386762624e-11,  Error =1.5804382869077926e-06
Completed 21 % :  mod = 1.938617672641444e-11,  Error =1.6636403259440158e-06
Completed 22 % :  mod = 2.967339296608911e-11,  Error =1.7467695769823877e-06
Completed 23 % :  mod = 6.900354070238555e-11,  Error =1.8285848710775099e-06
Completed 24 % :  mod = 1.4708258643275366e-10,  Error =1.9036160807672786e-06
Completed 25 % :  mod = 2.667621487778551e-10,  Error =1.957316754896965e-06
Completed 26 % :  mod = 1.8702531234672062e-10,  Error =2.005797433923817e-06
Completed 27 % :  mod = 8.155627865581615e-11,  Error =2.0767400101817657e-06
Completed 28 % :  mod = 3.394406067186451e-11,  Error =2.1577533360073176e-06
Completed 28 % :  mod = 1.6360608390599413e-11,  Error =2.2408610647062233e-06
Completed 30 % :  mod = 1.1182325905508902e-11,  Error =2.3243167177611213e-06
Completed 31 % :  mod = 1.5411259659868275e-11,  Error =2.407775468782347e-06
Completed 32 % :  mod = 3.453481692958234e-11,  Error =2.490892839546177e-06
Completed 33 % :  mod = 8.036023396252571e-11,  Error =2.57201501341342e-06
Completed 34 % :  mod = 1.784688987933248e-10,  Error =2.643323476547721e-06
Completed 35 % :  mod = 2.762787672707484e-10,  Error =2.6921553057945857e-06
Completed 36 % :  mod = 1.4775205288421094e-10,  Error =2.745070524667881e-06
Completed 37 % :  mod = 7.122629559727797e-11,  Error =2.8195328596325453e-06
Completed 38 % :  mod = 3.420039812277623e-11,  Error =2.901142607925067e-06
Completed 39 % :  mod = 2.4934703664022874e-11,  Error =2.9840848654316687e-06
Completed 40 % :  mod = 4.03872460093435e-11,  Error =3.0668641315401146e-06
Completed 41 % :  mod = 9.124014415107458e-11,  Error =3.1473717925223355e-06
Completed 42 % :  mod = 1.8266609779309624e-10,  Error =3.217211599348957e-06
Completed 43 % :  mod = 2.742732722713686e-10,  Error =3.2643015401845332e-06
Completed 44 % :  mod = 1.4389262690676858e-10,  Error =3.31931076402725e-06
Completed 45 % :  mod = 6.440035530794552e-11,  Error =3.3945272335245136e-06
Completed 46 % :  mod = 3.484019573971763e-11,  Error =3.476305494132248e-06
Completed 47 % :  mod = 2.7859152629492895e-11,  Error =3.5592098939218886e-06
Completed 48 % :  mod = 4.506441018051185e-11,  Error =3.64174987765864e-06
Completed 49 % :  mod = 1.0977163715314769e-10,  Error =3.7210035515045092e-06
Completed 50 % :  mod = 2.135555870421794e-10,  Error =3.786731703314672e-06
Completed 51 % :  mod = 2.4785427462908037e-10,  Error =3.8313212655793905e-06
Completed 52 % :  mod = 1.284404911344462e-10,  Error =3.891660682597831e-06
Completed 53 % :  mod = 5.266628616943805e-11,  Error =3.96912216160672e-06
Completed 54 % :  mod = 2.973671442335822e-11,  Error =4.05139499548568e-06
Completed 55 % :  mod = 2.7703521724203272e-11,  Error =4.134418958301467e-06
Completed 56 % :  mod = 4.543105929549553e-11,  Error =4.216987505856196e-06
Completed 56 % :  mod = 1.0798439265599339e-10,  Error =4.296086473232208e-06
Completed 57 % :  mod = 2.272209897800344e-10,  Error =4.360972312156264e-06
Completed 59 % :  mod = 2.3925951524661994e-10,  Error =4.405706107490914e-06
Completed 60 % :  mod = 1.2156306739269793e-10,  Error =4.466990908724711e-06
Completed 61 % :  mod = 4.9921261125666976e-11,  Error =4.545157359814311e-06
Completed 62 % :  mod = 2.139447125239252e-11,  Error =4.627760240794032e-06
Completed 63 % :  mod = 1.0410330262738815e-11,  Error =4.711162254977808e-06
Completed 64 % :  mod = 7.780059079964441e-12,  Error =4.794692529230815e-06
Completed 65 % :  mod = 1.2462211289412135e-11,  Error =4.878205281499959e-06
Completed 66 % :  mod = 2.8522378025574135e-11,  Error =4.961483675458567e-06
Completed 67 % :  mod = 6.608127757177446e-11,  Error =5.043371260171625e-06
Completed 68 % :  mod = 1.5407358614391294e-10,  Error =5.117975057089552e-06
Completed 69 % :  mod = 2.7161207078676206e-10,  Error =5.171332446707311e-06
Completed 70 % :  mod = 1.7552143475355758e-10,  Error =5.2197211815041555e-06
Completed 71 % :  mod = 8.528940605579199e-11,  Error =5.291105964033704e-06
Completed 72 % :  mod = 3.5728863577894806e-11,  Error =5.372048832441578e-06
Completed 73 % :  mod = 2.1483322705143456e-11,  Error =5.4549990053942565e-06
Completed 74 % :  mod = 2.7649920758546602e-11,  Error =5.538156599982358e-06
Completed 75 % :  mod = 5.3633273603884314e-11,  Error =5.620549430318533e-06
Completed 76 % :  mod = 1.1815296935301463e-10,  Error =5.6983932665843895e-06
Completed 77 % :  mod = 2.5227950693092146e-10,  Error =5.758883787621016e-06
Completed 78 % :  mod = 2.1998640121366604e-10,  Error =5.804101519402138e-06
Completed 79 % :  mod = 1.0199851576640244e-10,  Error =5.8695222548976744e-06
Completed 80 % :  mod = 4.342429339471338e-11,  Error =5.94912639684253e-06
Completed 81 % :  mod = 1.7617949243642545e-11,  Error =6.0320125712109984e-06
Completed 82 % :  mod = 7.383523319096117e-12,  Error =6.11548125561967e-06
Completed 83 % :  mod = 4.298063633348776e-12,  Error =6.199046048038781e-06
Completed 84 % :  mod = 4.382078521167639e-12,  Error =6.28262466761953e-06
Completed 85 % :  mod = 7.658193427087192e-12,  Error =6.366187299988724e-06
Completed 86 % :  mod = 1.8443899195144985e-11,  Error =6.449644878614436e-06
Completed 87 % :  mod = 4.479147634858322e-11,  Error =6.5324744156214365e-06
Completed 88 % :  mod = 1.0622959777365934e-10,  Error =6.6117577688373785e-06
Completed 89 % :  mod = 2.2662056762177803e-10,  Error =6.676172851882711e-06
Completed 90 % :  mod = 2.453194668847259e-10,  Error =6.721106124984999e-06
Completed 91 % :  mod = 1.1496223188591347e-10,  Error =6.782796326376683e-06
Completed 92 % :  mod = 5.038241935664468e-11,  Error =6.861101340405185e-06
Completed 93 % :  mod = 2.4547365102223632e-11,  Error =6.943654106805752e-06
Completed 94 % :  mod = 1.6320052562282955e-11,  Error =7.026944260246637e-06
Completed 95 % :  mod = 2.365968552499245e-11,  Error =7.110224984785418e-06
Completed 96 % :  mod = 5.443265363172697e-11,  Error =7.192694937430133e-06
Completed 97 % :  mod = 1.1930115896740065e-10,  Error =7.2707043727859855e-06
Completed 98 % :  mod = 2.417172464409902e-10,  Error =7.331283370604069e-06
Completed 99 % :  mod = 2.2998162652498994e-10,  Error =7.376722273022551e-06
Completed 100 % :  mod = 1.0157833999561224e-10,  Error =7.441902909022247e-06
Finished 87/201 frames
Finished all frames!
