/opt/local/miniconda_23_9/lib/python3.11/site-packages/conda/base/context.py:201: FutureWarning: Adding 'defaults' to channel list implicitly is deprecated and will be removed in 25.3. 

To remove this warning, please choose a default channel explicitly with conda's regular configuration system, e.g. by adding 'defaults' to the list of channels:

  conda config --add channels defaults

For more information see https://docs.conda.io/projects/conda/en/stable/user-guide/configuration/use-condarc.html

  deprecated.topic(
JOB 13525 ARRAY_ID 171  -> i=171 ; range=[1.9e-10, 6.0e-10] ; intervals=200 (frames=201)
Density options: centers='2.0e-10,4.0e-10' width='5e-11,5e-11' strength=''
Completed 0 % :  mod = 3.701600881869236e-16,  Error =-1.4210854715202004e-14
Completed 1 % :  mod = 6.410657478322765e-16,  Error =2.2499202856351985e-07
Completed 2 % :  mod = 1.8503131914355644e-15,  Error =4.499845260852453e-07
Completed 3 % :  mod = 5.767904056840958e-15,  Error =6.749775778303047e-07
Completed 4 % :  mod = 1.8128100844711912e-14,  Error =8.999697840295084e-07
Completed 5 % :  mod = 5.702279110276586e-14,  Error =1.124963020515679e-06
Completed 6 % :  mod = 1.7938297351404403e-13,  Error =1.3499561006824479e-06
Completed 7 % :  mod = 5.643098384106963e-13,  Error =1.5749477242366083e-06
Completed 8 % :  mod = 1.775227296452003e-12,  Error =1.7999390706791019e-06
Completed 9 % :  mod = 5.58452267223868e-12,  Error =2.0249154388807256e-06
Completed 10 % :  mod = 1.756610717147483e-11,  Error =2.2497438649793366e-06
Completed 11 % :  mod = 5.519881806443448e-11,  Error =2.4731323478022205e-06
Completed 12 % :  mod = 1.7126326240846026e-10,  Error =2.683519682022961e-06
Completed 13 % :  mod = 4.0982286671324364e-10,  Error =2.828667199139545e-06
Completed 14 % :  mod = 1.7556437176480658e-10,  Error =2.9594849166869608e-06
Completed 15 % :  mod = 9.519892110896464e-11,  Error =3.1635096959803377e-06
Completed 16 % :  mod = 8.50413360914857e-11,  Error =3.3810892858809893e-06
Completed 17 % :  mod = 1.5694850355899535e-10,  Error =3.5871761525640977e-06
Completed 18 % :  mod = 4.3121515255632785e-10,  Error =3.7239459658167107e-06
Completed 19 % :  mod = 1.8040035325075945e-10,  Error =3.861334967325547e-06
Completed 20 % :  mod = 6.36510639407803e-11,  Error =4.068586569871968e-06
Completed 21 % :  mod = 2.9473220784629486e-11,  Error =4.291247030607792e-06
Completed 22 % :  mod = 2.697480431463078e-11,  Error =4.515422773465616e-06
Completed 23 % :  mod = 6.517963682796131e-11,  Error =4.737607852689507e-06
Completed 24 % :  mod = 2.208082033333371e-10,  Error =4.940716301859993e-06
Completed 25 % :  mod = 4.0968669658211064e-10,  Error =5.072332363909027e-06
Completed 26 % :  mod = 1.3962733569508347e-10,  Error =5.218567430631538e-06
Completed 27 % :  mod = 9.389730525807957e-11,  Error =5.4263823727751515e-06
Completed 28 % :  mod = 1.3702970290257853e-10,  Error =5.6393800349496814e-06
Completed 28 % :  mod = 2.5911831976912044e-10,  Error =5.821863027222207e-06
Completed 30 % :  mod = 3.3053067414730935e-10,  Error =5.9314201905635855e-06
Completed 31 % :  mod = 1.640091704907813e-10,  Error =6.103660567191582e-06
Completed 32 % :  mod = 1.048423105678239e-10,  Error =6.30999681305866e-06
Completed 33 % :  mod = 2.0162070817322045e-10,  Error =6.503859189876948e-06
Completed 34 % :  mod = 4.526867457963223e-10,  Error =6.634544057249059e-06
Completed 35 % :  mod = 1.631652062793312e-10,  Error =6.774488632288467e-06
Completed 36 % :  mod = 1.1516032686365937e-10,  Error =6.968171838650505e-06
Completed 37 % :  mod = 2.9935784517656677e-10,  Error =7.15379083260359e-06
Completed 38 % :  mod = 3.612769303813871e-10,  Error =7.29051553349791e-06
Completed 39 % :  mod = 1.562554739076584e-10,  Error =7.432416680330789e-06
Completed 40 % :  mod = 2.0167769951381577e-10,  Error =7.617346177823947e-06
Completed 41 % :  mod = 3.7162500853129366e-10,  Error =7.775250388419863e-06
Completed 42 % :  mod = 2.6870023296282933e-10,  Error =7.89634366071823e-06
Completed 43 % :  mod = 1.304473125563867e-10,  Error =8.071910748697064e-06
Completed 44 % :  mod = 2.0287584982847526e-10,  Error =8.27027167815686e-06
Completed 45 % :  mod = 3.420649397513291e-10,  Error =8.432921120515857e-06
Completed 46 % :  mod = 2.445292681512073e-10,  Error =8.544534296106576e-06
Completed 47 % :  mod = 1.9875709989561596e-10,  Error =8.722711463349242e-06
Completed 48 % :  mod = 1.4292974299139148e-10,  Error =8.921282891094506e-06
Completed 49 % :  mod = 3.0261968930453487e-10,  Error =9.084939783576829e-06
Completed 50 % :  mod = 2.7487323166148306e-10,  Error =9.200435833633946e-06
Completed 51 % :  mod = 1.9912412762267964e-10,  Error =9.373142262347756e-06
Completed 52 % :  mod = 2.2259342271274015e-10,  Error =9.556513603570238e-06
Completed 53 % :  mod = 3.031845282186613e-10,  Error =9.691103393549838e-06
Completed 54 % :  mod = 2.8724351260065797e-10,  Error =9.830203374860957e-06
Completed 55 % :  mod = 1.2968426291837774e-10,  Error =1.0017829680464274e-05
Completed 56 % :  mod = 2.0311185932677853e-10,  Error =1.0200070924781812e-05
Completed 56 % :  mod = 3.932869609437598e-10,  Error =1.0320768652150036e-05
Completed 57 % :  mod = 1.7922361170606278e-10,  Error =1.0469712499627803e-05
Completed 59 % :  mod = 1.7424879736495983e-10,  Error =1.0663634341767647e-05
Completed 60 % :  mod = 2.2381022263937681e-10,  Error =1.0847402037938991e-05
Completed 61 % :  mod = 4.308959141749673e-10,  Error =1.097220242485264e-05
Completed 62 % :  mod = 1.5679208605809895e-10,  Error =1.1117701895102527e-05
Completed 63 % :  mod = 1.4299443635033983e-10,  Error =1.1305937320571502e-05
Completed 64 % :  mod = 3.7977750694089003e-10,  Error =1.1474369749464586e-05
Completed 65 % :  mod = 2.881230692028217e-10,  Error =1.1596128629776103e-05
Completed 66 % :  mod = 1.9120245669262577e-10,  Error =1.1758986104837277e-05
Completed 67 % :  mod = 1.813042513694005e-10,  Error =1.1949681336886897e-05
Completed 68 % :  mod = 3.6541674737247543e-10,  Error =1.2101510570516893e-05
Completed 69 % :  mod = 2.675870649085148e-10,  Error =1.2221007366974845e-05
Completed 70 % :  mod = 1.3587125642962408e-10,  Error =1.2400287815239608e-05
Completed 71 % :  mod = 2.3254533698268492e-10,  Error =1.2594020283529517e-05
Completed 72 % :  mod = 3.4391863204886515e-10,  Error =1.274161746067648e-05
Completed 73 % :  mod = 2.5721114392420365e-10,  Error =1.2862685423442599e-05
Completed 74 % :  mod = 1.8536662852231228e-10,  Error =1.3044013577712121e-05
Completed 75 % :  mod = 1.841615156997087e-10,  Error =1.323107123596401e-05
Completed 76 % :  mod = 4.046128359939472e-10,  Error =1.3363818688105766e-05
Completed 77 % :  mod = 1.7372878175883116e-10,  Error =1.350014863277238e-05
Completed 78 % :  mod = 1.9985267034692099e-10,  Error =1.368845116189732e-05
Completed 79 % :  mod = 2.8098663348554995e-10,  Error =1.3864318823664235e-05
Completed 80 % :  mod = 3.3307144052192654e-10,  Error =1.3982304295723225e-05
Completed 81 % :  mod = 2.1099982323035383e-10,  Error =1.4137109033640627e-05
Completed 82 % :  mod = 1.4170509412581008e-10,  Error =1.433094644198718e-05
Completed 83 % :  mod = 3.170142805451611e-10,  Error =1.4502689488438136e-05
Completed 84 % :  mod = 3.077052758947748e-10,  Error =1.4617601294730775e-05
Completed 85 % :  mod = 1.8723722893948594e-10,  Error =1.4780042924655845e-05
Completed 86 % :  mod = 2.0036345528332818e-10,  Error =1.4971527406260066e-05
Completed 87 % :  mod = 2.927331894789664e-10,  Error =1.5128184479351603e-05
Completed 88 % :  mod = 3.518814592159942e-10,  Error =1.5248648914223395e-05
Completed 89 % :  mod = 1.404704106861612e-10,  Error =1.5422880217386137e-05
Completed 90 % :  mod = 1.7933426049488985e-10,  Error =1.5610330954984875e-05
Completed 91 % :  mod = 4.0424792433931005e-10,  Error =1.5749344541404753e-05
Completed 92 % :  mod = 2.2303985298773681e-10,  Error =1.5878658729207018e-05
Completed 93 % :  mod = 1.9381044721549056e-10,  Error =1.606403889553576e-05
Completed 94 % :  mod = 1.840248977903159e-10,  Error =1.625190322585013e-05
Completed 95 % :  mod = 4.2942668679800336e-10,  Error =1.6384985535466967e-05
Completed 96 % :  mod = 1.7056199276667208e-10,  Error =1.6519207790111068e-05
Completed 97 % :  mod = 1.3098503693629818e-10,  Error =1.6705966359609192e-05
Completed 98 % :  mod = 3.2997009037669664e-10,  Error =1.6884215170875905e-05
Completed 99 % :  mod = 3.103337011305115e-10,  Error =1.7008441261623375e-05
Completed 100 % :  mod = 2.1287938550440796e-10,  Error =1.715843934135819e-05
Finished 172/201 frames
Finished all frames!
