/opt/local/miniconda_23_9/lib/python3.11/site-packages/conda/base/context.py:201: FutureWarning: Adding 'defaults' to channel list implicitly is deprecated and will be removed in 25.3. 

To remove this warning, please choose a default channel explicitly with conda's regular configuration system, e.g. by adding 'defaults' to the list of channels:

  conda config --add channels defaults

For more information see https://docs.conda.io/projects/conda/en/stable/user-guide/configuration/use-condarc.html

  deprecated.topic(
JOB 14016 ARRAY_ID 145  -> i=145 ; range=[1.9e-10, 5.0e-10] ; intervals=200 (frames=201)
Analytic t0 extension enabled (--extend-time-using-t0).
Density options: centers='2.0e-10,4.0e-10' width='2.0e-11,5.0e-11' strength='7.0'
Completed 0 % :  mod = 3.3328966505855596e-16,  Error =-1.4210854715202004e-14
Completed 1 % :  mod = 5.306658112029596e-16,  Error =1.4787634938784322e-07
Completed 2 % :  mod = 1.3565689465940781e-15,  Error =2.957523221880365e-07
Completed 3 % :  mod = 3.7892087278442365e-15,  Error =4.436291902720768e-07
Completed 4 % :  mod = 1.0709833085645617e-14,  Error =5.915055965033389e-07
Completed 5 % :  mod = 3.0315313175859407e-14,  Error =7.393809440259247e-07
Completed 6 % :  mod = 8.582661628967861e-14,  Error =8.872569381424e-07
Completed 7 % :  mod = 2.429919899572639e-13,  Error =1.035132804361183e-06
Completed 8 % :  mod = 6.879597378126307e-13,  Error =1.1830080737240678e-06
Completed 9 % :  mod = 1.9477489564640787e-12,  Error =1.3308820072666094e-06
Completed 10 % :  mod = 5.514330892927171e-12,  Error =1.4787440747454639e-06
Completed 11 % :  mod = 1.560886496481817e-11,  Error =1.6265070144072524e-06
Completed 12 % :  mod = 4.411555013800958e-11,  Error =1.7734893660303896e-06
Completed 13 % :  mod = 1.230746677240574e-10,  Error =1.9145864271763458e-06
Completed 14 % :  mod = 2.9904498689906897e-10,  Error =2.024686544643828e-06
Completed 15 % :  mod = 2.569472211457271e-10,  Error =2.1012226909533638e-06
Completed 16 % :  mod = 1.0390520721745186e-10,  Error =2.2225378444318267e-06
Completed 17 % :  mod = 4.4881194472967045e-11,  Error =2.364984538871795e-06
Completed 18 % :  mod = 5.3516675438827186e-11,  Error =2.5104566248046467e-06
Completed 19 % :  mod = 1.269043454432113e-10,  Error =2.651349170434969e-06
Completed 20 % :  mod = 2.5918529034418357e-10,  Error =2.7659796089096744e-06
Completed 21 % :  mod = 2.857149690154688e-10,  Error =2.8409301577880797e-06
Completed 22 % :  mod = 1.3049649473177026e-10,  Error =2.955902232315566e-06
Completed 23 % :  mod = 7.024465435387156e-11,  Error =3.0939666331164517e-06
Completed 24 % :  mod = 1.2101876632325472e-10,  Error =3.2322970255904693e-06
Completed 25 % :  mod = 2.9625741968224483e-10,  Error =3.3470034423999095e-06
Completed 26 % :  mod = 2.660172785758036e-10,  Error =3.424036840726785e-06
Completed 27 % :  mod = 1.1255714701982148e-10,  Error =3.5385310681590454e-06
Completed 28 % :  mod = 5.2686768829867137e-11,  Error =3.679999302619308e-06
Completed 28 % :  mod = 4.300958519023081e-11,  Error =3.8259096513115765e-06
Completed 30 % :  mod = 7.73066323077301e-11,  Error =3.970185630919332e-06
Completed 31 % :  mod = 2.191951209491697e-10,  Error =4.098916470240965e-06
Completed 32 % :  mod = 3.3377483361933237e-10,  Error =4.184299044140971e-06
Completed 33 % :  mod = 1.3681569804654187e-10,  Error =4.281190271626656e-06
Completed 34 % :  mod = 8.447984596724662e-11,  Error =4.417047549054587e-06
Completed 35 % :  mod = 7.735713534186215e-11,  Error =4.56001232151948e-06
Completed 36 % :  mod = 1.229972156899742e-10,  Error =4.697264152753178e-06
Completed 37 % :  mod = 3.35793625221387e-10,  Error =4.798835284702818e-06
Completed 38 % :  mod = 2.3353904381733995e-10,  Error =4.8811551138783216e-06
Completed 39 % :  mod = 8.169925896750959e-11,  Error =5.006811186092364e-06
Completed 40 % :  mod = 4.450916381030809e-11,  Error =5.150803389142311e-06
Completed 41 % :  mod = 4.129166681354732e-11,  Error =5.2971793209621865e-06
Completed 42 % :  mod = 7.838879925308031e-11,  Error =5.441384566040597e-06
Completed 43 % :  mod = 2.136343656414179e-10,  Error =5.568508342435052e-06
Completed 44 % :  mod = 3.531542813128529e-10,  Error =5.651052553901081e-06
Completed 45 % :  mod = 1.3837545601469203e-10,  Error =5.749280035161064e-06
Completed 46 % :  mod = 8.021691255954264e-11,  Error =5.884443524450944e-06
Completed 47 % :  mod = 9.575630137848258e-11,  Error =6.0257857441570195e-06
Completed 48 % :  mod = 1.7614447950325144e-10,  Error =6.156962776060482e-06
Completed 49 % :  mod = 3.2317917530254716e-10,  Error =6.244602275273792e-06
Completed 50 % :  mod = 1.885129772292225e-10,  Error =6.337859346672303e-06
Completed 51 % :  mod = 7.290659897763109e-11,  Error =6.471556204701301e-06
Completed 52 % :  mod = 3.700336846247472e-11,  Error =6.61641754362563e-06
Completed 53 % :  mod = 6.281322545052631e-11,  Error =6.761611224703756e-06
Completed 54 % :  mod = 1.644391882192882e-10,  Error =6.8982451324473e-06
Completed 55 % :  mod = 3.0937596235444514e-10,  Error =6.996994891039776e-06
Completed 56 % :  mod = 2.1279664476091665e-10,  Error =7.08039287644624e-06
Completed 56 % :  mod = 1.0233620972639714e-10,  Error =7.20839274492846e-06
Completed 57 % :  mod = 6.192580055708496e-11,  Error =7.349953719426594e-06
Completed 59 % :  mod = 1.2184743487807482e-10,  Error =7.488282250278644e-06
Completed 60 % :  mod = 3.2236236281028293e-10,  Error =7.5979640428158746e-06
Completed 61 % :  mod = 2.47709662886183e-10,  Error =7.675344399160622e-06
Completed 62 % :  mod = 1.0272765881600431e-10,  Error =7.795098646568022e-06
Completed 63 % :  mod = 4.0869405050534657e-11,  Error =7.938105852645094e-06
Completed 64 % :  mod = 2.5874005574844193e-11,  Error =8.084843486244608e-06
Completed 65 % :  mod = 4.87519122660376e-11,  Error =8.23132862848297e-06
Completed 66 % :  mod = 1.3219555396477268e-10,  Error =8.371950514174387e-06
Completed 67 % :  mod = 2.860876092298784e-10,  Error =8.483002055470479e-06
Completed 68 % :  mod = 2.5802091959353406e-10,  Error =8.55820029954657e-06
Completed 69 % :  mod = 1.14950260403583e-10,  Error =8.678009152163213e-06
Completed 70 % :  mod = 5.770392302182551e-11,  Error =8.818827140544272e-06
Completed 71 % :  mod = 8.54068218441293e-11,  Error =8.961506296145672e-06
Completed 72 % :  mod = 2.2228078409957778e-10,  Error =9.090028122216154e-06
Completed 73 % :  mod = 3.2083498606507816e-10,  Error =9.177666427717668e-06
Completed 74 % :  mod = 1.4579523948591474e-10,  Error =9.272515434588513e-06
Completed 75 % :  mod = 9.852664284881602e-11,  Error =9.40627029422103e-06
Completed 76 % :  mod = 1.0546874293747378e-10,  Error =9.546230181456394e-06
Completed 77 % :  mod = 1.7350493348386586e-10,  Error =9.67352675473876e-06
Completed 78 % :  mod = 3.7034939472163693e-10,  Error =9.756828909246451e-06
Completed 79 % :  mod = 1.6262434011810413e-10,  Error =9.851204595179297e-06
Completed 80 % :  mod = 7.398187656725855e-11,  Error =9.983159600324143e-06
Completed 81 % :  mod = 1.0211059961811238e-10,  Error =1.01241228520621e-05
Completed 82 % :  mod = 1.878041683229438e-10,  Error =1.0255742793674472e-05
Completed 83 % :  mod = 3.016896157306881e-10,  Error =1.0347482373163075e-05
Completed 84 % :  mod = 1.9582923234918469e-10,  Error =1.0437706023935789e-05
Completed 85 % :  mod = 9.117750386843826e-11,  Error =1.056843463942414e-05
Completed 86 % :  mod = 8.232090259338561e-11,  Error =1.0708791251090588e-05
Completed 87 % :  mod = 1.761007528424891e-10,  Error =1.0839972624410166e-05
Completed 88 % :  mod = 3.6204155473601495e-10,  Error =1.0933048464778494e-05
Completed 89 % :  mod = 1.7887866768319953e-10,  Error =1.1017341414287785e-05
Completed 90 % :  mod = 9.458290052304666e-11,  Error =1.1144709141319709e-05
Completed 91 % :  mod = 1.05121395184588e-10,  Error =1.1283887644708557e-05
Completed 92 % :  mod = 1.7639565333748434e-10,  Error =1.1414238805684818e-05
Completed 93 % :  mod = 3.161108975299046e-10,  Error =1.1502263603802021e-05
Completed 94 % :  mod = 2.0808469768938658e-10,  Error =1.159475399248322e-05
Completed 95 % :  mod = 7.145197965057712e-11,  Error =1.1726861572469716e-05
Completed 96 % :  mod = 4.8990384041269145e-11,  Error =1.1870545080228112e-05
Completed 97 % :  mod = 1.0842710299766605e-10,  Error =1.2012826900331675e-05
Completed 98 % :  mod = 2.3789139790823913e-10,  Error =1.2136714815369487e-05
Completed 99 % :  mod = 3.0876438894495666e-10,  Error =1.2214514697461709e-05
Completed 100 % :  mod = 1.4638502926231489e-10,  Error =1.232004025553124e-05
Finished 146/201 frames
Finished all frames!
