/opt/local/miniconda_23_9/lib/python3.11/site-packages/conda/base/context.py:201: FutureWarning: Adding 'defaults' to channel list implicitly is deprecated and will be removed in 25.3. 

To remove this warning, please choose a default channel explicitly with conda's regular configuration system, e.g. by adding 'defaults' to the list of channels:

  conda config --add channels defaults

For more information see https://docs.conda.io/projects/conda/en/stable/user-guide/configuration/use-condarc.html

  deprecated.topic(
JOB 13368 ARRAY_ID 14  -> i=14 ; range=[1.9e-10, 6.0e-10] ; intervals=200 (frames=201)
Density options: centers='2.0e-10,4.0e-10' width='5e-11,5e-11' strength=''
Completed 0 % :  mod = 1.650766152373317e-16,  Error =-1.4210854715202004e-14
Completed 1 % :  mod = 1.6770240770614661e-16,  Error =8.900315151549876e-09
Completed 2 % :  mod = 1.7566332027319552e-16,  Error =1.7800381613142235e-08
Completed 3 % :  mod = 1.8921261827124928e-16,  Error =2.6698934618707426e-08
Completed 4 % :  mod = 2.0878133771099226e-16,  Error =3.55977078925207e-08
Completed 5 % :  mod = 2.34992015910504e-16,  Error =4.4496317741504754e-08
Completed 6 % :  mod = 2.6867850717551955e-16,  Error =5.339530417813876e-08
Completed 7 % :  mod = 3.109124761536788e-16,  Error =6.229417692793504e-08
Completed 8 % :  mod = 3.6303749949265213e-16,  Error =7.119311362657754e-08
Completed 9 % :  mod = 4.2671185005126476e-16,  Error =8.009229901517756e-08
Completed 10 % :  mod = 5.039611979204911e-16,  Error =8.899178993715395e-08
Completed 11 % :  mod = 5.972430650088688e-16,  Error =9.789089716605304e-08
Completed 12 % :  mod = 7.09525040397789e-16,  Error =1.0679002571123419e-07
Completed 13 % :  mod = 8.44379156789702e-16,  Error =1.1568900504244084e-07
Completed 14 % :  mod = 1.0060955255821402e-15,  Error =1.245876646294164e-07
Completed 15 % :  mod = 1.1998188277692466e-15,  Error =1.334866865931872e-07
Completed 16 % :  mod = 1.4317119903409293e-15,  Error =1.423856375026844e-07
Completed 17 % :  mod = 1.7091522486124561e-15,  Error =1.512840910322666e-07
Completed 18 % :  mod = 2.040965806765984e-15,  Error =1.6018260140526763e-07
Completed 19 % :  mod = 2.4377086391987407e-15,  Error =1.690814599442092e-07
Completed 20 % :  mod = 2.912002366952259e-15,  Error =1.7798078744135637e-07
Completed 21 % :  mod = 3.4789357045419713e-15,  Error =1.8687981651055452e-07
Completed 22 % :  mod = 4.1565444760202996e-15,  Error =1.9577910137513754e-07
Completed 23 % :  mod = 4.966385504148551e-15,  Error =2.0467776806754046e-07
Completed 24 % :  mod = 5.934222286566248e-15,  Error =2.135770316158414e-07
Completed 25 % :  mod = 7.090844599015682e-15,  Error =2.2247716913170734e-07
Completed 26 % :  mod = 8.473048105954314e-15,  Error =2.313757789806914e-07
Completed 27 % :  mod = 1.0124804885796719e-14,  Error =2.4027583123142904e-07
Completed 28 % :  mod = 1.2098662297917064e-14,  Error =2.4917505214716584e-07
Completed 28 % :  mod = 1.4457414687525216e-14,  Error =2.5807445780401395e-07
Completed 30 % :  mod = 1.7276101051092784e-14,  Error =2.669738918825715e-07
Completed 31 % :  mod = 2.064439228683878e-14,  Error =2.758730417440347e-07
Completed 32 % :  mod = 2.4669443796193288e-14,  Error =2.847723976628913e-07
Completed 33 % :  mod = 2.947930439436347e-14,  Error =2.936716043677734e-07
Completed 34 % :  mod = 3.5226989974620986e-14,  Error =3.0257080396722813e-07
Completed 35 % :  mod = 4.2095351182277106e-14,  Error =3.1147049384117054e-07
Completed 36 % :  mod = 5.03028902471847e-14,  Error =3.203691179010093e-07
Completed 37 % :  mod = 6.011071201408777e-14,  Error =3.2926799775623294e-07
Completed 38 % :  mod = 7.183082985495463e-14,  Error =3.381676592084659e-07
Completed 39 % :  mod = 8.583609078353437e-14,  Error =3.470666811722367e-07
Completed 40 % :  mod = 1.0257203537090536e-13,  Error =3.5596653447100834e-07
Completed 41 % :  mod = 1.225710690563589e-13,  Error =3.648660324984121e-07
Completed 42 % :  mod = 1.464693949156616e-13,  Error =3.7376464234739615e-07
Completed 43 % :  mod = 1.7502724541957454e-13,  Error =3.8266490065552716e-07
Completed 44 % :  mod = 2.0915305446499727e-13,  Error =3.9156449105348656e-07
Completed 45 % :  mod = 2.4993233458588396e-13,  Error =4.004642946142667e-07
Completed 46 % :  mod = 2.986621715310007e-13,  Error =4.0936424028359397e-07
Completed 47 % :  mod = 3.568924222809518e-13,  Error =4.18263226720228e-07
Completed 48 % :  mod = 4.2647490762892796e-13,  Error =4.2716245474139214e-07
Completed 49 % :  mod = 5.096221312271199e-13,  Error =4.3606186039824024e-07
Completed 50 % :  mod = 6.08977336815469e-13,  Error =4.4496143658534493e-07
Completed 51 % :  mod = 7.276980362330532e-13,  Error =4.538600890668931e-07
Completed 52 % :  mod = 8.695555011646941e-13,  Error =4.6275942366946765e-07
Completed 53 % :  mod = 1.039053103960337e-12,  Error =4.716589572240082e-07
Completed 54 % :  mod = 1.2415667952815034e-12,  Error =4.805578868172233e-07
Completed 55 % :  mod = 1.483511374049052e-12,  Error =4.894560206025744e-07
Completed 56 % :  mod = 1.7725364533843638e-12,  Error =4.983541401770708e-07
Completed 56 % :  mod = 2.117755997892562e-12,  Error =5.072525155469521e-07
Completed 57 % :  mod = 2.530014721940709e-12,  Error =5.161500951089693e-07
Completed 59 % :  mod = 3.0221930085535893e-12,  Error =5.250477101981232e-07
Completed 60 % :  mod = 3.6095484978373836e-12,  Error =5.339441742080453e-07
Completed 61 % :  mod = 4.310085688489643e-12,  Error =5.428391389727949e-07
Completed 62 % :  mod = 5.144932450594824e-12,  Error =5.517330521342956e-07
Completed 63 % :  mod = 6.138680454679681e-12,  Error =5.60623362844126e-07
Completed 64 % :  mod = 7.31960918103872e-12,  Error =5.695107319070303e-07
Completed 65 % :  mod = 8.719651375597728e-12,  Error =5.783922816249287e-07
Completed 66 % :  mod = 1.0373859090217355e-11,  Error =5.872662711681187e-07
Completed 67 % :  mod = 1.2318979124247932e-11,  Error =5.961322671055314e-07
Completed 68 % :  mod = 1.459053429486989e-11,  Error =6.049835477028864e-07
Completed 69 % :  mod = 1.721754480062687e-11,  Error =6.138148975765034e-07
Completed 70 % :  mod = 2.0213790132275025e-11,  Error =6.226212576621037e-07
Completed 71 % :  mod = 2.3564531511947592e-11,  Error =6.313937319646357e-07
Completed 72 % :  mod = 2.7208368887997248e-11,  Error =6.401218897167382e-07
Completed 73 % :  mod = 3.101616503574779e-11,  Error =6.48795349889042e-07
Completed 74 % :  mod = 3.4773424442701983e-11,  Error =6.574065380959837e-07
Completed 75 % :  mod = 3.8178495136927066e-11,  Error =6.659521574192695e-07
Completed 76 % :  mod = 4.087230119008475e-11,  Error =6.744363858501856e-07
Completed 77 % :  mod = 4.250802843636157e-11,  Error =6.828730221286605e-07
Completed 78 % :  mod = 4.2846379789615933e-11,  Error =6.912882355436523e-07
Completed 79 % :  mod = 4.183505621931631e-11,  Error =6.997115136186949e-07
Completed 80 % :  mod = 3.9627505503285375e-11,  Error =7.081694661792426e-07
Completed 81 % :  mod = 3.652929245362058e-11,  Error =7.166833597693767e-07
Completed 82 % :  mod = 3.2904402335096145e-11,  Error =7.252623532849611e-07
Completed 83 % :  mod = 2.9089195322236357e-11,  Error =7.33907143057877e-07
Completed 84 % :  mod = 2.5342813310990418e-11,  Error =7.426097496932016e-07
Completed 85 % :  mod = 2.1835188488646904e-11,  Error =7.513616466781059e-07
Completed 86 % :  mod = 1.8658707324892014e-11,  Error =7.601509963706121e-07
Completed 87 % :  mod = 1.5848733517178252e-11,  Error =7.689716596814833e-07
Completed 88 % :  mod = 1.3403671040504068e-11,  Error =7.778148187753686e-07
Completed 89 % :  mod = 1.1300711236177958e-11,  Error =7.866737021799963e-07
Completed 90 % :  mod = 9.50671116062945e-12,  Error =7.955445013863027e-07
Completed 91 % :  mod = 7.985043128191544e-12,  Error =8.044238839488571e-07
Completed 92 % :  mod = 6.6995597215936416e-12,  Error =8.133092990192381e-07
Completed 93 % :  mod = 5.6166689540120525e-12,  Error =8.221981744327422e-07
Completed 94 % :  mod = 4.706249653737203e-12,  Error =8.310909791475751e-07
Completed 95 % :  mod = 3.9418958062029535e-12,  Error =8.399848425710843e-07
Completed 96 % :  mod = 3.30079799729645e-12,  Error =8.488813847407073e-07
Completed 97 % :  mod = 2.763447581135046e-12,  Error =8.577788577213141e-07
Completed 98 % :  mod = 2.3132708282545033e-12,  Error =8.666769701903831e-07
Completed 99 % :  mod = 1.936252171588514e-12,  Error =8.755746492283834e-07
Completed 100 % :  mod = 1.6205770254695181e-12,  Error =8.84473429607624e-07
Finished 15/201 frames
Finished all frames!
