/opt/local/miniconda_23_9/lib/python3.11/site-packages/conda/base/context.py:201: FutureWarning: Adding 'defaults' to channel list implicitly is deprecated and will be removed in 25.3. 

To remove this warning, please choose a default channel explicitly with conda's regular configuration system, e.g. by adding 'defaults' to the list of channels:

  conda config --add channels defaults

For more information see https://docs.conda.io/projects/conda/en/stable/user-guide/configuration/use-condarc.html

  deprecated.topic(
JOB 13985 ARRAY_ID 114  -> i=114 ; range=[1.9e-10, 5.0e-10] ; intervals=200 (frames=201)
Analytic t0 extension enabled (--extend-time-using-t0).
Density options: centers='2.0e-10,4.0e-10' width='2.0e-11,5.0e-11' strength='7.0'
Completed 0 % :  mod = 3.11158523146533e-16,  Error =-1.4210854715202004e-14
Completed 1 % :  mod = 4.700831105842014e-16,  Error =1.1234079266841945e-07
Completed 2 % :  mod = 1.1091987142581278e-15,  Error =2.2468173455081342e-07
Completed 3 % :  mod = 2.8813634787247686e-15,  Error =3.370228540688913e-07
Completed 4 % :  mod = 7.596847979620126e-15,  Error =4.4936381016214e-07
Completed 5 % :  mod = 2.0072530981251908e-14,  Error =5.617036080707294e-07
Completed 6 % :  mod = 5.305235272588506e-14,  Error =6.740448199593629e-07
Completed 7 % :  mod = 1.4022527776583408e-13,  Error =7.863847173439353e-07
Completed 8 % :  mod = 3.7063859887942364e-13,  Error =8.987244868308153e-07
Completed 9 % :  mod = 9.796589391708144e-13,  Error =1.0110647963301744e-06
Completed 10 % :  mod = 2.589380906274193e-12,  Error =1.1234022423423085e-06
Completed 11 % :  mod = 6.843748705984298e-12,  Error =1.23572334587152e-06
Completed 12 % :  mod = 1.808138886602626e-11,  Error =1.3479255116521927e-06
Completed 13 % :  mod = 4.764754395448699e-11,  Error =1.459314226792685e-06
Completed 14 % :  mod = 1.2319122050667369e-10,  Error =1.5654193674663475e-06
Completed 15 % :  mod = 2.7221604527312e-10,  Error =1.6478053481705501e-06
Completed 16 % :  mod = 2.411231705106596e-10,  Error =1.7069238893441252e-06
Completed 17 % :  mod = 1.0277439876228872e-10,  Error =1.797214679299941e-06
Completed 18 % :  mod = 4.194892302027898e-11,  Error =1.9049525192826877e-06
Completed 19 % :  mod = 3.2331669806280635e-11,  Error =2.016104581059608e-06
Completed 20 % :  mod = 5.184698204123584e-11,  Error =2.127071034863093e-06
Completed 21 % :  mod = 1.0797526255082406e-10,  Error =2.2337024319085685e-06
Completed 22 % :  mod = 2.658242813502836e-10,  Error =2.318437942960827e-06
Completed 23 % :  mod = 2.6212398370579486e-10,  Error =2.37859471496904e-06
Completed 24 % :  mod = 1.022395514812465e-10,  Error =2.465733018652827e-06
Completed 25 % :  mod = 5.0086198840046497e-11,  Error =2.5727056112145874e-06
Completed 26 % :  mod = 4.169669133560295e-11,  Error =2.6833926227709526e-06
Completed 27 % :  mod = 6.574858371327424e-11,  Error =2.7933578863326147e-06
Completed 28 % :  mod = 1.5164399896913106e-10,  Error =2.8951025896617466e-06
Completed 28 % :  mod = 3.1697464503525e-10,  Error =2.967913310669701e-06
Completed 30 % :  mod = 1.8265150572994136e-10,  Error =3.0311294381135667e-06
Completed 31 % :  mod = 8.854602025762077e-11,  Error =3.1276631062837623e-06
Completed 32 % :  mod = 4.4005442036124817e-11,  Error =3.23655791589772e-06
Completed 33 % :  mod = 4.1673373465166955e-11,  Error =3.3473404670303353e-06
Completed 34 % :  mod = 8.907654821719645e-11,  Error =3.455929842743899e-06
Completed 35 % :  mod = 2.145984806501585e-10,  Error =3.5509599740635167e-06
Completed 36 % :  mod = 2.870872450870736e-10,  Error =3.613734030238902e-06
Completed 37 % :  mod = 1.4125654887084627e-10,  Error =3.689472364953872e-06
Completed 38 % :  mod = 6.347449072221008e-11,  Error =3.7931760559217764e-06
Completed 39 % :  mod = 3.0659564948914154e-11,  Error =3.903739930422034e-06
Completed 40 % :  mod = 3.1625697682858756e-11,  Error =4.015228810771987e-06
Completed 41 % :  mod = 7.241328543037092e-11,  Error =4.125305643754018e-06
Completed 42 % :  mod = 1.631689930519657e-10,  Error =4.226302891652267e-06
Completed 43 % :  mod = 3.016527184858954e-10,  Error =4.295784727048613e-06
Completed 44 % :  mod = 1.8246989809415215e-10,  Error =4.362935449364613e-06
Completed 45 % :  mod = 7.389296359589091e-11,  Error =4.462274610261829e-06
Completed 46 % :  mod = 2.8010527170294816e-11,  Error =4.572308739625441e-06
Completed 47 % :  mod = 1.834230259168928e-11,  Error =4.6841630165772585e-06
Completed 48 % :  mod = 2.5823642967534748e-11,  Error =4.7961351583580836e-06
Completed 49 % :  mod = 5.204462999215213e-11,  Error =4.907159222966584e-06
Completed 50 % :  mod = 1.3710016848970976e-10,  Error =5.011735467519429e-06
Completed 51 % :  mod = 2.906190659687401e-10,  Error =5.090440723165557e-06
Completed 52 % :  mod = 2.1265913155746427e-10,  Error =5.150311082502412e-06
Completed 53 % :  mod = 1.0110819398664523e-10,  Error =5.243561517431772e-06
Completed 54 % :  mod = 4.118521687714022e-11,  Error =5.3518393769991235e-06
Completed 55 % :  mod = 3.257500341277956e-11,  Error =5.462927440191834e-06
Completed 56 % :  mod = 6.560193415601842e-11,  Error =5.5732927322083015e-06
Completed 56 % :  mod = 1.4191393932547862e-10,  Error =5.676844061497377e-06
Completed 57 % :  mod = 2.8604071209310024e-10,  Error =5.752321101226698e-06
Completed 59 % :  mod = 2.1768667359926732e-10,  Error =5.815425339505964e-06
Completed 60 % :  mod = 8.650895343790864e-11,  Error =5.910466086334054e-06
Completed 61 % :  mod = 3.9689699308886154e-11,  Error =6.019108901966774e-06
Completed 62 % :  mod = 4.4970782038045914e-11,  Error =6.1299426334926466e-06
Completed 63 % :  mod = 8.647794960481732e-11,  Error =6.2390095436626325e-06
Completed 64 % :  mod = 1.7687807046529313e-10,  Error =6.3362059137261895e-06
Completed 65 % :  mod = 3.2205022630996965e-10,  Error =6.400400998529676e-06
Completed 66 % :  mod = 1.5185670075333335e-10,  Error =6.471989273393319e-06
Completed 67 % :  mod = 6.823272902582034e-11,  Error =6.5732001033325105e-06
Completed 68 % :  mod = 4.5622077982353514e-11,  Error =6.683012244934616e-06
Completed 69 % :  mod = 5.0701794439700603e-11,  Error =6.793583786190993e-06
Completed 70 % :  mod = 1.0472457791946174e-10,  Error =6.900147091926101e-06
Completed 71 % :  mod = 2.7094638174498205e-10,  Error =6.986098959771425e-06
Completed 72 % :  mod = 2.552564805803082e-10,  Error =7.045846956543755e-06
Completed 73 % :  mod = 1.0734693758361493e-10,  Error =7.13201983160161e-06
Completed 74 % :  mod = 4.8733912931346464e-11,  Error =7.239175829454325e-06
Completed 75 % :  mod = 2.2598990456903296e-11,  Error =7.350474689360453e-06
Completed 76 % :  mod = 2.550441307909511e-11,  Error =7.462262374247075e-06
Completed 77 % :  mod = 6.135531332932884e-11,  Error =7.57301152987111e-06
Completed 78 % :  mod = 1.4635588812926445e-10,  Error =7.676793785549307e-06
Completed 79 % :  mod = 2.8276746852484037e-10,  Error =7.75312799561334e-06
Completed 80 % :  mod = 2.1303729947471031e-10,  Error =7.815129507093843e-06
Completed 81 % :  mod = 9.351242230471476e-11,  Error =7.909843027675834e-06
Completed 82 % :  mod = 4.6724506512297534e-11,  Error =8.017931087067609e-06
Completed 83 % :  mod = 5.7775081308289417e-11,  Error =8.127960157366942e-06
Completed 84 % :  mod = 1.2540662286294026e-10,  Error =8.233893666442782e-06
Completed 85 % :  mod = 2.3645648219269746e-10,  Error =8.320008276996305e-06
Completed 86 % :  mod = 2.6496855794812324e-10,  Error =8.377971724371491e-06
Completed 87 % :  mod = 1.2874166041025042e-10,  Error =8.463251560897334e-06
Completed 88 % :  mod = 6.481811593255698e-11,  Error =8.567615246590776e-06
Completed 89 % :  mod = 8.26514107440383e-11,  Error =8.675144108849508e-06
Completed 90 % :  mod = 1.820024097430753e-10,  Error =8.774674661538029e-06
Completed 91 % :  mod = 2.710780445210478e-10,  Error =8.846955751096175e-06
Completed 92 % :  mod = 1.8809451842395426e-10,  Error =8.912244197745167e-06
Completed 93 % :  mod = 1.1581093565940302e-10,  Error =9.007896935031567e-06
Completed 94 % :  mod = 8.522844208046471e-11,  Error =9.112675492417566e-06
Completed 95 % :  mod = 1.4108989949879487e-10,  Error =9.212281831594282e-06
Completed 96 % :  mod = 3.242303164823944e-10,  Error =9.286945008568637e-06
Completed 97 % :  mod = 1.907715059996198e-10,  Error =9.349217748422234e-06
Completed 98 % :  mod = 9.903861240498287e-11,  Error =9.441516489516744e-06
Completed 99 % :  mod = 8.275121297083898e-11,  Error =9.547856834046797e-06
Completed 100 % :  mod = 9.527257945675393e-11,  Error =9.654342221665502e-06
Finished 115/201 frames
Finished all frames!
