/opt/local/miniconda_23_9/lib/python3.11/site-packages/conda/base/context.py:201: FutureWarning: Adding 'defaults' to channel list implicitly is deprecated and will be removed in 25.3. 

To remove this warning, please choose a default channel explicitly with conda's regular configuration system, e.g. by adding 'defaults' to the list of channels:

  conda config --add channels defaults

For more information see https://docs.conda.io/projects/conda/en/stable/user-guide/configuration/use-condarc.html

  deprecated.topic(
JOB 14058 ARRAY_ID 187  -> i=187 ; range=[1.9e-10, 5.0e-10] ; intervals=200 (frames=201)
Analytic t0 extension enabled (--extend-time-using-t0).
Density options: centers='2.0e-10,4.0e-10' width='2.0e-11,5.0e-11' strength='7.0'
Completed 0 % :  mod = 3.7368504805696624e-16,  Error =-1.4210854715202004e-14
Completed 1 % :  mod = 6.522576337656194e-16,  Error =2.3368646395738324e-07
Completed 2 % :  mod = 1.9033127778952403e-15,  Error =4.673720539472015e-07
Completed 3 % :  mod = 5.9921093250445955e-15,  Error =7.010584894828753e-07
Completed 4 % :  mod = 1.9014832601414503e-14,  Error =9.347440013129926e-07
Completed 5 % :  mod = 6.038769326807964e-14,  Error =1.168430230791273e-06
Completed 6 % :  mod = 1.9179549747511588e-13,  Error =1.4021166592215195e-06
Completed 7 % :  mod = 6.09160459442005e-13,  Error =1.635802433952449e-06
Completed 8 % :  mod = 1.934750121773887e-12,  Error =1.86948702207701e-06
Completed 9 % :  mod = 6.144881032381133e-12,  Error =2.103152581867107e-06
Completed 10 % :  mod = 1.9514404893628033e-11,  Error =2.336633571076163e-06
Completed 11 % :  mod = 6.190197339349952e-11,  Error =2.5682798394655038e-06
Completed 12 % :  mod = 1.932648087971176e-10,  Error =2.7834152049877048e-06
Completed 13 % :  mod = 4.258966268547837e-10,  Error =2.9247316390978995e-06
Completed 14 % :  mod = 1.522481122585621e-10,  Error =3.0701583426662182e-06
Completed 15 % :  mod = 8.705663095625934e-11,  Error =3.2856560991945116e-06
Completed 16 % :  mod = 1.0196071601165606e-10,  Error =3.5110785248093634e-06
Completed 17 % :  mod = 1.9580449437428042e-10,  Error =3.7182955097136983e-06
Completed 18 % :  mod = 4.1695402952593933e-10,  Error =3.844394278473828e-06
Completed 19 % :  mod = 1.5487747495844597e-10,  Error =4.004112533095849e-06
Completed 20 % :  mod = 5.674380542230656e-11,  Error =4.224081706638572e-06
Completed 21 % :  mod = 4.8447802684301585e-11,  Error =4.45474920951483e-06
Completed 22 % :  mod = 1.0015338169119472e-10,  Error =4.682575436731895e-06
Completed 23 % :  mod = 2.5402034088076e-10,  Error =4.880062071777047e-06
Completed 24 % :  mod = 3.847183618506303e-10,  Error =4.998333331229787e-06
Completed 25 % :  mod = 1.3936439510221622e-10,  Error =5.1727377865518065e-06
Completed 26 % :  mod = 8.249416855271326e-11,  Error =5.389933214416942e-06
Completed 27 % :  mod = 2.000183737714364e-10,  Error =5.600186128162932e-06
Completed 28 % :  mod = 4.243431504375746e-10,  Error =5.7531053201387294e-06
Completed 28 % :  mod = 1.7778873553473402e-10,  Error =5.881922660933014e-06
Completed 30 % :  mod = 1.330213430035784e-10,  Error =6.0815579274731135e-06
Completed 31 % :  mod = 2.337967808582317e-10,  Error =6.285559990715228e-06
Completed 32 % :  mod = 3.384115700108572e-10,  Error =6.441570192805557e-06
Completed 33 % :  mod = 1.8218194130055761e-10,  Error =6.573247091523626e-06
Completed 34 % :  mod = 2.381245285085734e-10,  Error =6.762630036405426e-06
Completed 35 % :  mod = 2.9521002279263014e-10,  Error =6.940885675987829e-06
Completed 36 % :  mod = 2.8567099721364833e-10,  Error =7.063721263023126e-06
Completed 37 % :  mod = 1.781580933223636e-10,  Error =7.235667887073305e-06
Completed 38 % :  mod = 1.4033145825386987e-10,  Error =7.4433514285487945e-06
Completed 39 % :  mod = 2.703004004335513e-10,  Error =7.6293640418612085e-06
Completed 40 % :  mod = 3.075038423532761e-10,  Error =7.74440380979513e-06
Completed 41 % :  mod = 2.034375842296632e-10,  Error =7.91790836274231e-06
Completed 42 % :  mod = 1.355335940978047e-10,  Error =8.128223775827337e-06
Completed 43 % :  mod = 1.9094786309254668e-10,  Error =8.324466165277045e-06
Completed 44 % :  mod = 4.639981940784844e-10,  Error =8.452022449034757e-06
Completed 45 % :  mod = 1.4948387790524379e-10,  Error =8.60577909378435e-06
Completed 46 % :  mod = 1.176093430142713e-10,  Error =8.807189402659787e-06
Completed 47 % :  mod = 3.26988462429455e-10,  Error =8.993681824165378e-06
Completed 48 % :  mod = 3.6258769271877014e-10,  Error =9.127316886292647e-06
Completed 49 % :  mod = 1.792422800817634e-10,  Error =9.284901437922599e-06
Completed 50 % :  mod = 1.5414174263061027e-10,  Error =9.478969097642675e-06
Completed 51 % :  mod = 4.2506314285710387e-10,  Error =9.636249970412791e-06
Completed 52 % :  mod = 2.369250825281294e-10,  Error =9.763721095623623e-06
Completed 53 % :  mod = 1.1761193693341247e-10,  Error =9.950606717268329e-06
Completed 54 % :  mod = 2.40298567968057e-10,  Error =1.0154721636013164e-05
Completed 55 % :  mod = 3.47758268796823e-10,  Error =1.0312331959028143e-05
Completed 56 % :  mod = 2.6196753521109417e-10,  Error =1.0434364376976646e-05
Completed 56 % :  mod = 1.4237625537561976e-10,  Error =1.0623984934454711e-05
Completed 57 % :  mod = 1.873719513352447e-10,  Error =1.0824164014877624e-05
Completed 59 % :  mod = 3.8391414719360495e-10,  Error =1.0973134230596315e-05
Completed 60 % :  mod = 1.857852279812778e-10,  Error =1.110505764501113e-05
Completed 61 % :  mod = 2.4488671901463044e-10,  Error =1.1296173262564935e-05
Completed 62 % :  mod = 2.570440241626337e-10,  Error =1.1477844260809889e-05
Completed 63 % :  mod = 3.4428462165372645e-10,  Error =1.1600199066208461e-05
Completed 64 % :  mod = 1.8648964087608052e-10,  Error =1.1762769510426097e-05
Completed 65 % :  mod = 1.3535800642819354e-10,  Error =1.1965014728332335e-05
Completed 66 % :  mod = 3.253711892604321e-10,  Error =1.2143709270162617e-05
Completed 67 % :  mod = 2.893398855207904e-10,  Error =1.2260736141911366e-05
Completed 68 % :  mod = 2.238778749124965e-10,  Error =1.2431545371782704e-05
Completed 69 % :  mod = 1.7609391994693238e-10,  Error =1.2631695142317767e-05
Completed 70 % :  mod = 2.921194109183424e-10,  Error =1.279586423663659e-05
Completed 71 % :  mod = 3.464859081881375e-10,  Error =1.2920613940536896e-05
Completed 72 % :  mod = 1.4591392842045178e-10,  Error =1.3101149669125789e-05
Completed 73 % :  mod = 2.157961067208913e-10,  Error =1.3292219982474762e-05
Completed 74 % :  mod = 3.706970520474031e-10,  Error =1.3429136188847224e-05
Completed 75 % :  mod = 2.5034149258026823e-10,  Error =1.357091550602263e-05
Completed 76 % :  mod = 1.7460913114025e-10,  Error =1.3766145158911058e-05
Completed 77 % :  mod = 1.9434378987876562e-10,  Error =1.3957480511805898e-05
Completed 78 % :  mod = 4.596402719778263e-10,  Error =1.408770571487139e-05
Completed 79 % :  mod = 1.6994178346486396e-10,  Error =1.4235881351964963e-05
Completed 80 % :  mod = 1.543026418245085e-10,  Error =1.4431466382802682e-05
Completed 81 % :  mod = 3.495019414039075e-10,  Error =1.4608040288521806e-05
Completed 82 % :  mod = 3.281053020144207e-10,  Error =1.4734228784618608e-05
Completed 83 % :  mod = 1.93854468070608e-10,  Error =1.4900729702560511e-05
Completed 84 % :  mod = 1.564139035331265e-10,  Error =1.5097198009073054e-05
Completed 85 % :  mod = 4.207109022047592e-10,  Error =1.5254883116710971e-05
Completed 86 % :  mod = 2.2188080021558282e-10,  Error =1.5378808477350958e-05
Completed 87 % :  mod = 1.38407478821572e-10,  Error =1.55646013197952e-05
Completed 88 % :  mod = 2.609354742999729e-10,  Error =1.5763129887602645e-05
Completed 89 % :  mod = 3.3015961214660436e-10,  Error =1.591256577171407e-05
Completed 90 % :  mod = 2.617854830430241e-10,  Error =1.60416897543314e-05
Completed 91 % :  mod = 1.3974062451440834e-10,  Error =1.623036148146184e-05
Completed 92 % :  mod = 2.6144871767044986e-10,  Error =1.6417689174375028e-05
Completed 93 % :  mod = 3.5159813139779467e-10,  Error =1.654643144632928e-05
Completed 94 % :  mod = 1.5847963889131897e-10,  Error =1.6700497397437175e-05
Completed 95 % :  mod = 2.3636655437350844e-10,  Error =1.6899483370025337e-05
Completed 96 % :  mod = 2.6746465864843724e-10,  Error =1.707607241741016e-05
Completed 97 % :  mod = 3.5213053342767184e-10,  Error =1.7193177072272192e-05
Completed 98 % :  mod = 1.5076833209678725e-10,  Error =1.7364925916751872e-05
Completed 99 % :  mod = 1.3927651807486096e-10,  Error =1.7567190340628258e-05
Completed 100 % :  mod = 3.5772090429763865e-10,  Error =1.7735818921948976e-05
Finished 188/201 frames
Finished all frames!
