/opt/local/miniconda_23_9/lib/python3.11/site-packages/conda/base/context.py:201: FutureWarning: Adding 'defaults' to channel list implicitly is deprecated and will be removed in 25.3. 

To remove this warning, please choose a default channel explicitly with conda's regular configuration system, e.g. by adding 'defaults' to the list of channels:

  conda config --add channels defaults

For more information see https://docs.conda.io/projects/conda/en/stable/user-guide/configuration/use-condarc.html

  deprecated.topic(
JOB 13965 ARRAY_ID 94  -> i=94 ; range=[1.9e-10, 5.0e-10] ; intervals=200 (frames=201)
Analytic t0 extension enabled (--extend-time-using-t0).
Density options: centers='2.0e-10,4.0e-10' width='2.0e-11,5.0e-11' strength='7.0'
Completed 0 % :  mod = 2.9591396919956314e-16,  Error =-1.4210854715202004e-14
Completed 1 % :  mod = 4.3075079498343314e-16,  Error =9.18905129765335e-08
Completed 2 % :  mod = 9.581413751418096e-16,  Error =1.837816299143924e-07
Completed 3 % :  mod = 2.3587096823765232e-15,  Error =2.7567266869255036e-07
Completed 4 % :  mod = 5.9088279422116155e-15,  Error =3.6756291876827163e-07
Completed 5 % :  mod = 1.4843805975597717e-14,  Error =4.594544051883531e-07
Completed 6 % :  mod = 3.730630832450643e-14,  Error =5.513447618454848e-07
Completed 7 % :  mod = 9.376696305930917e-14,  Error =6.432351611351805e-07
Completed 8 % :  mod = 2.356797297195407e-13,  Error =7.351261785970564e-07
Completed 9 % :  mod = 5.923728724577851e-13,  Error =8.270171178992314e-07
Completed 10 % :  mod = 1.4889044897955611e-12,  Error =9.189074532400809e-07
Completed 11 % :  mod = 3.742224612863876e-12,  Error =1.010792495037549e-06
Completed 12 % :  mod = 9.404549080665254e-12,  Error =1.1026487740650737e-06
Completed 13 % :  mod = 2.3615592256292872e-11,  Error =1.1943201272401893e-06
Completed 14 % :  mod = 5.899921931795944e-11,  Error =1.2848444796986769e-06
Completed 15 % :  mod = 1.425079436163268e-10,  Error =1.3689199676036878e-06
Completed 16 % :  mod = 2.7204592843735757e-10,  Error =1.4306618609793986e-06
Completed 17 % :  mod = 1.981713312291702e-10,  Error =1.4817163389579946e-06
Completed 18 % :  mod = 9.140052234105757e-11,  Error =1.558563077708186e-06
Completed 19 % :  mod = 3.709079213975301e-11,  Error =1.6472482116114406e-06
Completed 20 % :  mod = 2.358929290670074e-11,  Error =1.738393926586923e-06
Completed 21 % :  mod = 3.056163886939973e-11,  Error =1.829752775961424e-06
Completed 22 % :  mod = 5.926823709202356e-11,  Error =1.920049250259126e-06
Completed 23 % :  mod = 1.4256877782547017e-10,  Error =2.003850454457279e-06
Completed 24 % :  mod = 2.783153854220159e-10,  Error =2.065796337546999e-06
Completed 25 % :  mod = 1.926484648179864e-10,  Error =2.1163778853861004e-06
Completed 26 % :  mod = 9.543348581670402e-11,  Error =2.1928623894496013e-06
Completed 27 % :  mod = 4.010936531808542e-11,  Error =2.281345942378721e-06
Completed 28 % :  mod = 2.699241977825785e-11,  Error =2.372320849985954e-06
Completed 28 % :  mod = 4.183265696532136e-11,  Error =2.463320242895861e-06
Completed 30 % :  mod = 8.752751401275239e-11,  Error =2.552079116924233e-06
Completed 31 % :  mod = 1.8672562819828741e-10,  Error =2.629219203242883e-06
Completed 32 % :  mod = 2.910263641240933e-10,  Error =2.681231876522361e-06
Completed 33 % :  mod = 1.403248944541712e-10,  Error =2.741273981143877e-06
Completed 34 % :  mod = 6.924531162636461e-11,  Error =2.8239821290299005e-06
Completed 35 % :  mod = 4.643692625942772e-11,  Error =2.913461692344299e-06
Completed 36 % :  mod = 5.2944156134943836e-11,  Error =3.003544264856828e-06
Completed 37 % :  mod = 1.0695037770874782e-10,  Error =3.0900265670652516e-06
Completed 38 % :  mod = 2.500543600388062e-10,  Error =3.160193088547203e-06
Completed 39 % :  mod = 2.3888487779054716e-10,  Error =3.209699499961971e-06
Completed 40 % :  mod = 1.1344094841613779e-10,  Error =3.278332670220152e-06
Completed 41 % :  mod = 5.2868862391828654e-11,  Error =3.3649325530404894e-06
Completed 42 % :  mod = 2.6007354124635704e-11,  Error =3.455666970353377e-06
Completed 43 % :  mod = 2.5754188458243172e-11,  Error =3.54701562343962e-06
Completed 44 % :  mod = 5.4144727535733374e-11,  Error =3.6376873708832136e-06
Completed 45 % :  mod = 1.1789461254344768e-10,  Error =3.723939457245251e-06
Completed 46 % :  mod = 2.4373035239492946e-10,  Error =3.791467328539966e-06
Completed 47 % :  mod = 2.4396844803389183e-10,  Error =3.84110602169585e-06
Completed 48 % :  mod = 1.036277180032479e-10,  Error =3.9123879460589706e-06
Completed 49 % :  mod = 4.9903203777133934e-11,  Error =3.999254261088936e-06
Completed 50 % :  mod = 4.4606870472419525e-11,  Error =4.089491483227903e-06
Completed 51 % :  mod = 6.669190191755499e-11,  Error =4.17919251560761e-06
Completed 52 % :  mod = 1.3337983526501626e-10,  Error =4.262699725643415e-06
Completed 53 % :  mod = 2.864972235143392e-10,  Error =4.324225557184036e-06
Completed 54 % :  mod = 1.955429719667183e-10,  Error =4.375500985531744e-06
Completed 55 % :  mod = 8.944389971557338e-11,  Error =4.4516779382774985e-06
Completed 56 % :  mod = 4.139728365625325e-11,  Error =4.540342047221202e-06
Completed 56 % :  mod = 2.1367872383389644e-11,  Error =4.631496857143702e-06
Completed 57 % :  mod = 2.466862845424136e-11,  Error =4.722942641421923e-06
Completed 59 % :  mod = 5.602265504558708e-11,  Error =4.813599971953408e-06
Completed 60 % :  mod = 1.2099171811538263e-10,  Error =4.899474014052885e-06
Completed 61 % :  mod = 2.5268903110346587e-10,  Error =4.965677852908357e-06
Completed 62 % :  mod = 2.3435069143055365e-10,  Error =5.015548339315501e-06
Completed 63 % :  mod = 9.802899259892484e-11,  Error =5.088230558669693e-06
Completed 64 % :  mod = 4.554068742226885e-11,  Error =5.1757631496229806e-06
Completed 65 % :  mod = 3.4550359814050626e-11,  Error =5.266479433885252e-06
Completed 66 % :  mod = 4.4544481812094264e-11,  Error =5.357257400362414e-06
Completed 67 % :  mod = 9.048787747162933e-11,  Error =5.4452636035762225e-06
Completed 68 % :  mod = 2.2435488496524332e-10,  Error =5.5195070629565635e-06
Completed 69 % :  mod = 2.6317375411848986e-10,  Error =5.570498572637916e-06
Completed 70 % :  mod = 1.2520533079218664e-10,  Error =5.634393012599048e-06
Completed 71 % :  mod = 6.507222448109228e-11,  Error =5.719248854063608e-06
Completed 72 % :  mod = 3.567376180579436e-11,  Error =5.809328541772629e-06
Completed 73 % :  mod = 4.198184354509636e-11,  Error =5.899943488429926e-06
Completed 74 % :  mod = 9.907629467180055e-11,  Error =5.988003152879173e-06
Completed 75 % :  mod = 2.066600582471455e-10,  Error =6.063714003801124e-06
Completed 76 % :  mod = 2.6271315233338633e-10,  Error =6.114072412799487e-06
Completed 77 % :  mod = 1.411591241227034e-10,  Error =6.177148193842186e-06
Completed 78 % :  mod = 5.6108195960904956e-11,  Error =6.261647328642539e-06
Completed 79 % :  mod = 2.5203186347103227e-11,  Error =6.352178836266376e-06
Completed 80 % :  mod = 1.5700443404367952e-11,  Error =6.443770530495385e-06
Completed 81 % :  mod = 1.59563674257284e-11,  Error =6.535474916802286e-06
Completed 82 % :  mod = 3.337800854227188e-11,  Error =6.626836615453158e-06
Completed 83 % :  mod = 8.682436407657891e-11,  Error =6.7159321233134506e-06
Completed 84 % :  mod = 1.9066714620912012e-10,  Error =6.793804686822114e-06
Completed 85 % :  mod = 2.7859292502431577e-10,  Error =6.845860760051892e-06
Completed 86 % :  mod = 1.4525468039132762e-10,  Error =6.906105767257031e-06
Completed 87 % :  mod = 6.18231046731988e-11,  Error =6.989567729931423e-06
Completed 88 % :  mod = 2.662584161888843e-11,  Error =7.079919470243112e-06
Completed 89 % :  mod = 1.3436770742481031e-11,  Error =7.171516308801529e-06
Completed 90 % :  mod = 1.016941672108436e-11,  Error =7.263296943449404e-06
Completed 91 % :  mod = 1.948428746305702e-11,  Error =7.355001656605964e-06
Completed 92 % :  mod = 4.6522484606484195e-11,  Error =7.446026295099273e-06
Completed 93 % :  mod = 1.1374763256500729e-10,  Error =7.532974514390389e-06
Completed 94 % :  mod = 2.390232682632071e-10,  Error =7.602775255577399e-06
Completed 95 % :  mod = 2.443301826988586e-10,  Error =7.651300158784125e-06
Completed 96 % :  mod = 1.1200367084213701e-10,  Error =7.721148449491011e-06
Completed 97 % :  mod = 4.6921499275027004e-11,  Error =7.807971307727257e-06
Completed 98 % :  mod = 2.5970027984410442e-11,  Error =7.898853397136918e-06
Completed 99 % :  mod = 2.1355159854948053e-11,  Error =7.990337294927485e-06
Completed 100 % :  mod = 3.793957317987586e-11,  Error =8.081475193932874e-06
Finished 95/201 frames
Finished all frames!
