/opt/local/miniconda_23_9/lib/python3.11/site-packages/conda/base/context.py:201: FutureWarning: Adding 'defaults' to channel list implicitly is deprecated and will be removed in 25.3. 

To remove this warning, please choose a default channel explicitly with conda's regular configuration system, e.g. by adding 'defaults' to the list of channels:

  conda config --add channels defaults

For more information see https://docs.conda.io/projects/conda/en/stable/user-guide/configuration/use-condarc.html

  deprecated.topic(
JOB 13993 ARRAY_ID 122  -> i=122 ; range=[1.9e-10, 5.0e-10] ; intervals=200 (frames=201)
Analytic t0 extension enabled (--extend-time-using-t0).
Density options: centers='2.0e-10,4.0e-10' width='2.0e-11,5.0e-11' strength='7.0'
Completed 0 % :  mod = 3.1685866745083506e-16,  Error =-1.4210854715202004e-14
Completed 1 % :  mod = 4.852888840293081e-16,  Error =1.2080139555337155e-07
Completed 2 % :  mod = 1.1696419384737319e-15,  Error =2.4160246425708465e-07
Completed 3 % :  mod = 3.097470804241467e-15,  Error =3.624040232352854e-07
Completed 4 % :  mod = 8.318298922658985e-15,  Error =4.832056887948966e-07
Completed 5 % :  mod = 2.238252026052812e-14,  Error =6.040072122459605e-07
Completed 6 % :  mod = 6.024216288801373e-14,  Error =7.248083164768104e-07
Completed 7 % :  mod = 1.6214676292689045e-13,  Error =8.456102591480885e-07
Completed 8 % :  mod = 4.3643357897897223e-13,  Error =9.664113491680837e-07
Completed 9 % :  mod = 1.1747020489133038e-12,  Error =1.0872118707538903e-06
Completed 10 % :  mod = 3.1617889829305956e-12,  Error =1.2080091806865312e-06
Completed 11 % :  mod = 8.509533432172105e-12,  Error =1.3287789428773067e-06
Completed 12 % :  mod = 2.2889915761815916e-11,  Error =1.4493544924221169e-06
Completed 13 % :  mod = 6.132831251183852e-11,  Error =1.5685453149671957e-06
Completed 14 % :  mod = 1.5926990339000057e-10,  Error =1.6788372647624783e-06
Completed 15 % :  mod = 3.1364765729043917e-10,  Error =1.7565425878274255e-06
Completed 16 % :  mod = 1.8444832836852782e-10,  Error =1.8257111804587112e-06
Completed 17 % :  mod = 8.50585471790073e-11,  Error =1.931447862091318e-06
Completed 18 % :  mod = 3.736412297692119e-11,  Error =2.049150666039168e-06
Completed 19 % :  mod = 3.661315187418004e-11,  Error =2.1686786695340743e-06
Completed 20 % :  mod = 8.417999198039681e-11,  Error =2.286391577399627e-06
Completed 21 % :  mod = 1.8750799543516314e-10,  Error =2.392159942132821e-06
Completed 22 % :  mod = 3.0957083181988893e-10,  Error =2.461584145407869e-06
Completed 23 % :  mod = 1.5970051746582323e-10,  Error =2.539289283731705e-06
Completed 24 % :  mod = 6.22414647374144e-11,  Error =2.6496241503082274e-06
Completed 25 % :  mod = 2.3024343992081673e-11,  Error =2.7687705284051845e-06
Completed 26 % :  mod = 1.133164086239252e-11,  Error =2.8893033388044387e-06
Completed 27 % :  mod = 1.0420952747844513e-11,  Error =3.010010722448442e-06
Completed 28 % :  mod = 1.908338739742448e-11,  Error =3.130618999591661e-06
Completed 28 % :  mod = 4.975267884469204e-11,  Error =3.2503217539670004e-06
Completed 30 % :  mod = 1.3262904863672755e-10,  Error =3.3639667265106254e-06
Completed 31 % :  mod = 2.834173913367644e-10,  Error =3.4506436534798013e-06
Completed 32 % :  mod = 2.339362037696622e-10,  Error =3.514594084208511e-06
Completed 33 % :  mod = 1.0203166693380474e-10,  Error =3.6139472427976216e-06
Completed 34 % :  mod = 4.451146608625802e-11,  Error =3.729975333044422e-06
Completed 35 % :  mod = 4.8871066999218143e-11,  Error =3.848775484982525e-06
Completed 36 % :  mod = 1.0643616059069707e-10,  Error =3.9648217793342155e-06
Completed 37 % :  mod = 2.1110676675863403e-10,  Error =4.0643065233325615e-06
Completed 38 % :  mod = 3.056684992702871e-10,  Error =4.127734428038821e-06
Completed 39 % :  mod = 1.3841265598799898e-10,  Error =4.2130849138288795e-06
Completed 40 % :  mod = 5.923505325659763e-11,  Error =4.32482137568968e-06
Completed 41 % :  mod = 5.618719541288659e-11,  Error =4.442727515652223e-06
Completed 42 % :  mod = 9.980418923493254e-11,  Error =4.558835833279318e-06
Completed 43 % :  mod = 1.9525772648091117e-10,  Error =4.660072143281013e-06
Completed 44 % :  mod = 3.2286229979822787e-10,  Error =4.725392635407388e-06
Completed 45 % :  mod = 1.44487339950208e-10,  Error =4.807180665977739e-06
Completed 46 % :  mod = 6.738787022759661e-11,  Error =4.917179431629393e-06
Completed 47 % :  mod = 7.004837322780429e-11,  Error =5.034050310825933e-06
Completed 48 % :  mod = 1.2175273105412349e-10,  Error =5.147796500182267e-06
Completed 49 % :  mod = 2.3092653604211855e-10,  Error =5.2407642954221956e-06
Completed 50 % :  mod = 2.9135732969204584e-10,  Error =5.304432278308013e-06
Completed 51 % :  mod = 1.297013470467123e-10,  Error =5.394541510383988e-06
Completed 52 % :  mod = 7.649392557577811e-11,  Error =5.504810836498564e-06
Completed 53 % :  mod = 1.3727656316978717e-10,  Error =5.615566436745212e-06
Completed 54 % :  mod = 2.659610058423327e-10,  Error =5.708273249638296e-06
Completed 55 % :  mod = 2.4135786140898064e-10,  Error =5.771062170367713e-06
Completed 56 % :  mod = 1.359626650745394e-10,  Error =5.861871592571788e-06
Completed 56 % :  mod = 6.67591265455022e-11,  Error =5.974717957712983e-06
Completed 57 % :  mod = 6.675998450733156e-11,  Error =6.091406781649766e-06
Completed 59 % :  mod = 1.5351062012312066e-10,  Error =6.20149035768236e-06
Completed 60 % :  mod = 3.0809264559654727e-10,  Error =6.284779061616064e-06
Completed 61 % :  mod = 1.9923383098645005e-10,  Error =6.3488386174981315e-06
Completed 62 % :  mod = 1.1002273893914873e-10,  Error =6.448821054050313e-06
Completed 63 % :  mod = 6.620381928954408e-11,  Error =6.56368546003705e-06
Completed 64 % :  mod = 8.208660303992238e-11,  Error =6.679411505672306e-06
Completed 65 % :  mod = 2.0674733064458394e-10,  Error =6.7822671994122175e-06
Completed 66 % :  mod = 3.216729980241165e-10,  Error =6.854492589525307e-06
Completed 67 % :  mod = 1.4219841106259573e-10,  Error =6.929498304941717e-06
Completed 68 % :  mod = 1.0355103652093862e-10,  Error =7.0354509702497126e-06
Completed 69 % :  mod = 1.2515385933187625e-10,  Error =7.14715339711347e-06
Completed 70 % :  mod = 1.7830225803555082e-10,  Error =7.2477824204497665e-06
Completed 71 % :  mod = 3.078727451228411e-10,  Error =7.31393701869365e-06
Completed 72 % :  mod = 1.7847862874390069e-10,  Error =7.394002601301963e-06
Completed 73 % :  mod = 7.35192637048858e-11,  Error =7.501266544807095e-06
Completed 74 % :  mod = 7.922444497582142e-11,  Error =7.616302838187039e-06
Completed 75 % :  mod = 1.7448184556066762e-10,  Error =7.7251773902276e-06
Completed 76 % :  mod = 2.653334393055412e-10,  Error =7.807809815574274e-06
Completed 77 % :  mod = 2.1121841756648718e-10,  Error =7.873773071764845e-06
Completed 78 % :  mod = 1.374645982221839e-10,  Error =7.972665287070413e-06
Completed 79 % :  mod = 9.855075065700947e-11,  Error =8.082777185336454e-06
Completed 80 % :  mod = 1.642438437391257e-10,  Error =8.185307770247618e-06
Completed 81 % :  mod = 3.4788844103973894e-10,  Error =8.259223783113612e-06
Completed 82 % :  mod = 1.6868507795028167e-10,  Error =8.330587931482114e-06
Completed 83 % :  mod = 9.919032730407804e-11,  Error =8.431854055857002e-06
Completed 84 % :  mod = 1.352125651867831e-10,  Error =8.542444803083526e-06
Completed 85 % :  mod = 1.9233300894815658e-10,  Error =8.643680914133256e-06
Completed 86 % :  mod = 2.732928298621974e-10,  Error =8.711856793297557e-06
Completed 87 % :  mod = 1.9193833229817044e-10,  Error =8.79140939247236e-06
Completed 88 % :  mod = 7.545651163889753e-11,  Error =8.89879768095625e-06
Completed 89 % :  mod = 7.000413581314965e-11,  Error =9.013758976550434e-06
Completed 90 % :  mod = 1.7467054731454268e-10,  Error =9.122467531597067e-06
Completed 91 % :  mod = 2.9079898142433395e-10,  Error =9.205554164282148e-06
Completed 92 % :  mod = 1.9818459390915715e-10,  Error =9.269578121973154e-06
Completed 93 % :  mod = 1.2880489893758682e-10,  Error =9.368366221451652e-06
Completed 94 % :  mod = 8.832320875856381e-11,  Error =9.480428211361414e-06
Completed 95 % :  mod = 1.2867473421361235e-10,  Error =9.589116388042385e-06
Completed 96 % :  mod = 3.1178982779876163e-10,  Error =9.670590920052291e-06
Completed 97 % :  mod = 2.3173012167129175e-10,  Error =9.739346104709057e-06
Completed 98 % :  mod = 9.167645099239272e-11,  Error =9.838173909315628e-06
Completed 99 % :  mod = 6.25501421232572e-11,  Error =9.953250696526084e-06
Completed 100 % :  mod = 9.734717366095683e-11,  Error =1.0068984103384082e-05
Finished 123/201 frames
Finished all frames!
