/opt/local/miniconda_23_9/lib/python3.11/site-packages/conda/base/context.py:201: FutureWarning: Adding 'defaults' to channel list implicitly is deprecated and will be removed in 25.3. 

To remove this warning, please choose a default channel explicitly with conda's regular configuration system, e.g. by adding 'defaults' to the list of channels:

  conda config --add channels defaults

For more information see https://docs.conda.io/projects/conda/en/stable/user-guide/configuration/use-condarc.html

  deprecated.topic(
JOB 13920 ARRAY_ID 49  -> i=49 ; range=[1.9e-10, 5.0e-10] ; intervals=200 (frames=201)
Analytic t0 extension enabled (--extend-time-using-t0).
Density options: centers='2.0e-10,4.0e-10' width='2.0e-11,5.0e-11' strength='7.0'
Completed 0 % :  mod = 2.2707358883898066e-16,  Error =-1.4210854715202004e-14
Completed 1 % :  mod = 2.763555271170396e-16,  Error =3.1861056015713984e-08
Completed 2 % :  mod = 4.455927326225181e-16,  Error =6.37230783695486e-08
Completed 3 % :  mod = 8.082445354765223e-16,  Error =9.558510782881058e-08
Completed 4 % :  mod = 1.5217240937383801e-15,  Error =1.2744744282144893e-07
Completed 5 % :  mod = 2.895725328697941e-15,  Error =1.593091383256251e-07
Completed 6 % :  mod = 5.5266491365490145e-15,  Error =1.9117150884540024e-07
Completed 7 % :  mod = 1.0556477988610714e-14,  Error =2.2303380120547445e-07
Completed 8 % :  mod = 2.016846638977182e-14,  Error =2.5489664778888255e-07
Completed 9 % :  mod = 3.853480723333396e-14,  Error =2.8675875540784546e-07
Completed 10 % :  mod = 7.362761851694832e-14,  Error =3.1862098381907344e-07
Completed 11 % :  mod = 1.4067932360334045e-13,  Error =3.504828143263694e-07
Completed 12 % :  mod = 2.687943995459213e-13,  Error =3.8234409771575883e-07
Completed 13 % :  mod = 5.135820974479183e-13,  Error =4.1420647534096133e-07
Completed 14 % :  mod = 9.81291413030132e-13,  Error =4.460682703211205e-07
Completed 15 % :  mod = 1.8749097318481754e-12,  Error =4.77929475550809e-07
Completed 16 % :  mod = 3.582132717716046e-12,  Error =5.097875828141696e-07
Completed 17 % :  mod = 6.842678036484049e-12,  Error =5.416360409071785e-07
Completed 18 % :  mod = 1.3062609554620935e-11,  Error =5.734503787380163e-07
Completed 19 % :  mod = 2.4877701288457583e-11,  Error =6.051364351833399e-07
Completed 20 % :  mod = 4.697485078622865e-11,  Error =6.363673108467083e-07
Completed 21 % :  mod = 8.599823039470142e-11,  Error =6.660955591542006e-07
Completed 22 % :  mod = 1.4150620046229965e-10,  Error =6.91869736613171e-07
Completed 23 % :  mod = 1.7212022323831922e-10,  Error =7.123741454506671e-07
Completed 24 % :  mod = 1.313728493122317e-10,  Error =7.335746730063875e-07
Completed 25 % :  mod = 7.801075736948531e-11,  Error =7.602502520853704e-07
Completed 26 % :  mod = 4.2109315775291905e-11,  Error =7.903701444433864e-07
Completed 27 % :  mod = 2.2263784830948778e-11,  Error =8.217243632202553e-07
Completed 28 % :  mod = 1.1778649511850444e-11,  Error =8.534448028285624e-07
Completed 28 % :  mod = 6.222810103193378e-12,  Error =8.852669637349209e-07
Completed 30 % :  mod = 3.4296012008604202e-12,  Error =9.171176529321201e-07
Completed 31 % :  mod = 2.1140768329006767e-12,  Error =9.489754972946685e-07
Completed 32 % :  mod = 1.7003581179919033e-12,  Error =9.80835075381492e-07
Completed 33 % :  mod = 2.0372152017576507e-12,  Error =1.0126947955768628e-06
Completed 34 % :  mod = 3.2660892817058085e-12,  Error =1.0445536133829592e-06
Completed 35 % :  mod = 5.874152382988418e-12,  Error =1.0764065336843487e-06
Completed 36 % :  mod = 1.107533418460457e-11,  Error =1.1082338531309688e-06
Completed 37 % :  mod = 2.105098917304646e-11,  Error =1.1399698607306163e-06
Completed 38 % :  mod = 3.964434283410966e-11,  Error =1.1713805889712603e-06
Completed 39 % :  mod = 7.38120388818931e-11,  Error =1.2016822097393742e-06
Completed 40 % :  mod = 1.2636083255388823e-10,  Error =1.2288050044162446e-06
Completed 41 % :  mod = 1.7048701153794043e-10,  Error =1.2504517314937402e-06
Completed 42 % :  mod = 1.468653332115762e-10,  Error =1.2706618335300846e-06
Completed 43 % :  mod = 9.067354010105387e-11,  Error =1.2959308364202116e-06
Completed 44 % :  mod = 4.963172974526127e-11,  Error =1.3254146367103203e-06
Completed 45 % :  mod = 2.6561499309628362e-11,  Error =1.3565682621674569e-06
Completed 46 % :  mod = 1.394454430412711e-11,  Error =1.388231318344424e-06
Completed 47 % :  mod = 7.452696033098252e-12,  Error =1.4200372078221335e-06
Completed 48 % :  mod = 4.1998213609883555e-12,  Error =1.4518833353349692e-06
Completed 49 % :  mod = 2.7080883000241638e-12,  Error =1.4837400499345677e-06
Completed 50 % :  mod = 2.422242530092716e-12,  Error =1.515598789580963e-06
Completed 51 % :  mod = 3.201757068790717e-12,  Error =1.5474565557838105e-06
Completed 52 % :  mod = 5.322602045357134e-12,  Error =1.5793104068961838e-06
Completed 53 % :  mod = 9.781958015897684e-12,  Error =1.6111441425437079e-06
Completed 54 % :  mod = 1.8539623816969705e-11,  Error =1.6429088773861622e-06
Completed 55 % :  mod = 3.482036244561298e-11,  Error =1.674423081965415e-06
Completed 56 % :  mod = 6.526033820599673e-11,  Error =1.7050654790295994e-06
Completed 56 % :  mod = 1.1472757367417571e-10,  Error =1.7330787827063432e-06
Completed 57 % :  mod = 1.652201112783774e-10,  Error =1.7558253944116586e-06
Completed 59 % :  mod = 1.5741512315211124e-10,  Error =1.7756350985109748e-06
Completed 60 % :  mod = 1.0138841073264054e-10,  Error =1.7997348962239812e-06
Completed 61 % :  mod = 5.63240855559342e-11,  Error =1.8285960692310255e-06
Completed 62 % :  mod = 3.044990482892563e-11,  Error =1.8595421664713285e-06
Completed 63 % :  mod = 1.601851952101004e-11,  Error =1.8911423254053261e-06
Completed 64 % :  mod = 8.78074619742454e-12,  Error =1.922929527609085e-06
Completed 65 % :  mod = 5.3220877889680836e-12,  Error =1.954767313350203e-06
Completed 66 % :  mod = 4.0590602674037464e-12,  Error =1.9866199494344983e-06
Completed 67 % :  mod = 4.622034633705191e-12,  Error =2.0184727489436227e-06
Completed 68 % :  mod = 7.246980655916527e-12,  Error =2.050318450130817e-06
Completed 69 % :  mod = 1.281012674266474e-11,  Error =2.0821304573814814e-06
Completed 70 % :  mod = 2.4063105005599904e-11,  Error =2.1138251113939077e-06
Completed 71 % :  mod = 4.5500249811387905e-11,  Error =2.14510007623403e-06
Completed 72 % :  mod = 8.242491726906363e-11,  Error =2.1749774745671857e-06
Completed 73 % :  mod = 1.3846389253664987e-10,  Error =2.2010773790270832e-06
Completed 74 % :  mod = 1.725302055861616e-10,  Error =2.2218405391072338e-06
Completed 75 % :  mod = 1.343268694383908e-10,  Error =2.242747328295991e-06
Completed 76 % :  mod = 8.160670815905425e-11,  Error =2.26910599110397e-06
Completed 77 % :  mod = 4.384411651917381e-11,  Error =2.299080833267908e-06
Completed 78 % :  mod = 2.348714818830221e-11,  Error =2.3303841985011786e-06
Completed 79 % :  mod = 1.2982949669933636e-11,  Error =2.3620843307980977e-06
Completed 80 % :  mod = 7.617775885640397e-12,  Error =2.3938959898828216e-06
Completed 81 % :  mod = 5.79527280441467e-12,  Error =2.425736511213472e-06
Completed 82 % :  mod = 6.5111706009222635e-12,  Error =2.4575818571292984e-06
Completed 83 % :  mod = 9.831633367437362e-12,  Error =2.4894119405871606e-06
Completed 84 % :  mod = 1.7558119329415317e-11,  Error =2.5211814929093634e-06
Completed 85 % :  mod = 3.304630671668017e-11,  Error =2.552734201799467e-06
Completed 86 % :  mod = 6.041438703781547e-11,  Error =2.5835294792386776e-06
Completed 87 % :  mod = 1.0850113689903668e-10,  Error =2.611963594745248e-06
Completed 88 % :  mod = 1.622686728347317e-10,  Error =2.635377562398844e-06
Completed 89 % :  mod = 1.605588963488236e-10,  Error =2.6551085454684653e-06
Completed 90 % :  mod = 1.0859671799710652e-10,  Error =2.6785508495663635e-06
Completed 91 % :  mod = 6.044511450056157e-11,  Error =2.707014992608947e-06
Completed 92 % :  mod = 3.246989589168461e-11,  Error =2.7378190097238075e-06
Completed 93 % :  mod = 1.749314022901533e-11,  Error =2.7693773674286604e-06
Completed 94 % :  mod = 9.480217955044917e-12,  Error =2.8011506998382174e-06
Completed 95 % :  mod = 5.848436329194761e-12,  Error =2.8329840091601e-06
Completed 96 % :  mod = 4.7051785201231276e-12,  Error =2.8648339878145634e-06
Completed 97 % :  mod = 5.5017123172257165e-12,  Error =2.896684407005523e-06
Completed 98 % :  mod = 8.776941477082318e-12,  Error =2.92852224959006e-06
Completed 99 % :  mod = 1.5942348791180973e-11,  Error =2.960311164201812e-06
Completed 100 % :  mod = 2.9396150418714e-11,  Error =2.991921220996119e-06
Finished 50/201 frames
Finished all frames!
