/opt/local/miniconda_23_9/lib/python3.11/site-packages/conda/base/context.py:201: FutureWarning: Adding 'defaults' to channel list implicitly is deprecated and will be removed in 25.3. 

To remove this warning, please choose a default channel explicitly with conda's regular configuration system, e.g. by adding 'defaults' to the list of channels:

  conda config --add channels defaults

For more information see https://docs.conda.io/projects/conda/en/stable/user-guide/configuration/use-condarc.html

  deprecated.topic(
JOB 13467 ARRAY_ID 113  -> i=113 ; range=[1.9e-10, 6.0e-10] ; intervals=200 (frames=201)
Density options: centers='2.0e-10,4.0e-10' width='5e-11,5e-11' strength=''
Completed 0 % :  mod = 3.070612503489523e-16,  Error =-1.4210854715202004e-14
Completed 1 % :  mod = 4.593217708155238e-16,  Error =1.0653848647734776e-07
Completed 2 % :  mod = 1.067104252857492e-15,  Error =2.1307762665401242e-07
Completed 3 % :  mod = 2.733163236230062e-15,  Error =3.196169515717884e-07
Completed 4 % :  mod = 7.109775008974413e-15,  Error =4.261561628027266e-07
Completed 5 % :  mod = 1.8537345248068035e-14,  Error =5.326959282569987e-07
Completed 6 % :  mod = 4.834890813607344e-14,  Error =6.392357576601171e-07
Completed 7 % :  mod = 1.2610940438893007e-13,  Error =7.457761057594325e-07
Completed 8 % :  mod = 3.2893600167358684e-13,  Error =8.523160914819528e-07
Completed 9 % :  mod = 8.579765705887266e-13,  Error =9.588559564122079e-07
Completed 10 % :  mod = 2.2378805443332858e-12,  Error =1.0653928370629728e-06
Completed 11 % :  mod = 5.83687749861349e-12,  Error =1.1719180221803072e-06
Completed 12 % :  mod = 1.5219592816673762e-11,  Error =1.278361473566747e-06
Completed 13 % :  mod = 3.9609255506160524e-11,  Error =1.3842534087871172e-06
Completed 14 % :  mod = 1.0171258181534357e-10,  Error =1.4865825264109844e-06
Completed 15 % :  mod = 2.354748605775238e-10,  Error =1.5712374334952983e-06
Completed 16 % :  mod = 2.756611789823431e-10,  Error =1.627583309016245e-06
Completed 17 % :  mod = 1.1762838319770546e-10,  Error =1.7059884171999329e-06
Completed 18 % :  mod = 5.0910401431082954e-11,  Error =1.806248718594361e-06
Completed 19 % :  mod = 3.138926216529388e-11,  Error =1.9114261107233688e-06
Completed 20 % :  mod = 3.649484088346849e-11,  Error =2.0170750474335364e-06
Completed 21 % :  mod = 7.494870944369051e-11,  Error =2.1208328959687606e-06
Completed 22 % :  mod = 1.9724559359403567e-10,  Error =2.213079568491594e-06
Completed 23 % :  mod = 2.939271294614268e-10,  Error =2.27616070702652e-06
Completed 24 % :  mod = 1.4886896983996442e-10,  Error =2.343115042435784e-06
Completed 25 % :  mod = 8.202981883952381e-11,  Error =2.4387884138832305e-06
Completed 26 % :  mod = 5.0743513637707994e-11,  Error =2.5421369187483833e-06
Completed 27 % :  mod = 6.72016006900767e-11,  Error =2.645477827911691e-06
Completed 28 % :  mod = 1.7737675269194966e-10,  Error =2.7400723681125783e-06
Completed 28 % :  mod = 2.9280218064495774e-10,  Error =2.8088119279345847e-06
Completed 30 % :  mod = 1.7091676493351332e-10,  Error =2.869258466375868e-06
Completed 31 % :  mod = 1.1082834755188909e-10,  Error =2.9600055029277428e-06
Completed 32 % :  mod = 7.559277286569607e-11,  Error =3.060573710911285e-06
Completed 33 % :  mod = 1.0276623310178327e-10,  Error =3.159414035280861e-06
Completed 34 % :  mod = 2.669069248680068e-10,  Error =3.2395874853818896e-06
Completed 35 % :  mod = 2.6049335321717664e-10,  Error =3.299161051018018e-06
Completed 36 % :  mod = 1.0938065976254264e-10,  Error =3.377975474450068e-06
Completed 37 % :  mod = 8.0773764141147e-11,  Error =3.476678251956855e-06
Completed 38 % :  mod = 9.690452439550028e-11,  Error =3.5777148497118105e-06
Completed 39 % :  mod = 1.5775930377905907e-10,  Error =3.6701321164400724e-06
Completed 40 % :  mod = 3.036847376453075e-10,  Error =3.7330984881123186e-06
Completed 41 % :  mod = 1.8370116985873703e-10,  Error =3.7991462065178894e-06
Completed 42 % :  mod = 7.531153297131394e-11,  Error =3.892215943324118e-06
Completed 43 % :  mod = 4.918688757719534e-11,  Error =3.995404348700049e-06
Completed 44 % :  mod = 6.826867709422817e-11,  Error =4.099241351696037e-06
Completed 45 % :  mod = 1.3216112553297453e-10,  Error =4.19717451904944e-06
Completed 46 % :  mod = 2.853578269218923e-10,  Error =4.269507911658366e-06
Completed 47 % :  mod = 2.2459487266383055e-10,  Error =4.329321285467813e-06
Completed 48 % :  mod = 8.701393085435952e-11,  Error =4.4176704179221815e-06
Completed 49 % :  mod = 3.930796497631531e-11,  Error =4.5204444134583355e-06
Completed 50 % :  mod = 3.901497355630088e-11,  Error =4.625689797421728e-06
Completed 51 % :  mod = 6.733393907177978e-11,  Error =4.7300954619799995e-06
Completed 52 % :  mod = 1.4562096938192107e-10,  Error =4.82693577197324e-06
Completed 53 % :  mod = 3.063694792173576e-10,  Error =4.897125322145257e-06
Completed 54 % :  mod = 1.869460510865783e-10,  Error =4.956413484080713e-06
Completed 55 % :  mod = 8.81865382531949e-11,  Error =5.0469834391719814e-06
Completed 56 % :  mod = 4.610758406268924e-11,  Error =5.150071629600461e-06
Completed 56 % :  mod = 3.710907267781213e-11,  Error =5.255328545672455e-06
Completed 57 % :  mod = 6.685574209493712e-11,  Error =5.359453318476426e-06
Completed 59 % :  mod = 1.6872595298683044e-10,  Error =5.4551633468236105e-06
Completed 60 % :  mod = 2.8234134531670044e-10,  Error =5.522779311206705e-06
Completed 61 % :  mod = 1.8575897574553506e-10,  Error =5.585205869351739e-06
Completed 62 % :  mod = 9.180658423479838e-11,  Error =5.677769358669593e-06
Completed 63 % :  mod = 4.3609737239428115e-11,  Error =5.780701613389283e-06
Completed 64 % :  mod = 5.732441037822685e-11,  Error =5.884713345949422e-06
Completed 65 % :  mod = 1.472368971303154e-10,  Error =5.983446150992222e-06
Completed 66 % :  mod = 2.497213164187345e-10,  Error =6.060528804141541e-06
Completed 67 % :  mod = 2.3379609624124917e-10,  Error =6.116504600583994e-06
Completed 68 % :  mod = 1.2426213859664173e-10,  Error =6.201041422571052e-06
Completed 69 % :  mod = 6.159380508939081e-11,  Error =6.300544207249459e-06
Completed 70 % :  mod = 9.157117813806484e-11,  Error =6.401416925427839e-06
Completed 71 % :  mod = 2.1936702164229804e-10,  Error =6.491186027801632e-06
Completed 72 % :  mod = 2.6596849073167595e-10,  Error =6.554443778838959e-06
Completed 73 % :  mod = 1.5550029686470933e-10,  Error =6.622449006954412e-06
Completed 74 % :  mod = 9.787400031994832e-11,  Error =6.716927060779199e-06
Completed 75 % :  mod = 8.18898636472058e-11,  Error =6.817512300472117e-06
Completed 76 % :  mod = 1.370068426356882e-10,  Error =6.912648210288808e-06
Completed 77 % :  mod = 3.1258605293908876e-10,  Error =6.983206233712735e-06
Completed 78 % :  mod = 1.9910265717693868e-10,  Error =7.043034088383138e-06
Completed 79 % :  mod = 9.177382726418458e-11,  Error =7.130904776886382e-06
Completed 80 % :  mod = 6.338843375413012e-11,  Error =7.232672331269896e-06
Completed 81 % :  mod = 7.175337715926516e-11,  Error =7.335905714001001e-06
Completed 82 % :  mod = 1.324448062681323e-10,  Error =7.432888089908829e-06
Completed 83 % :  mod = 3.07722988061251e-10,  Error =7.5045422605057865e-06
Completed 84 % :  mod = 2.0111958862091772e-10,  Error =7.563527866238928e-06
Completed 85 % :  mod = 8.855193380646979e-11,  Error =7.65224110921281e-06
Completed 86 % :  mod = 4.684876467091713e-11,  Error =7.755151244737135e-06
Completed 87 % :  mod = 3.279795013149649e-11,  Error =7.860541884952e-06
Completed 88 % :  mod = 5.126189179788557e-11,  Error =7.965435159462686e-06
Completed 89 % :  mod = 1.403343365880555e-10,  Error =8.064631025206381e-06
Completed 90 % :  mod = 2.639149716732628e-10,  Error =8.141194612676372e-06
Completed 91 % :  mod = 2.2471809588436528e-10,  Error =8.197214192762203e-06
Completed 92 % :  mod = 1.164555622499441e-10,  Error =8.28307158684538e-06
Completed 93 % :  mod = 5.2141636032303136e-11,  Error =8.384022855523199e-06
Completed 94 % :  mod = 6.160909625012381e-11,  Error =8.487418661218271e-06
Completed 95 % :  mod = 1.5037129619216553e-10,  Error =8.585690217444153e-06
Completed 96 % :  mod = 2.4832228616647084e-10,  Error =8.662766902034491e-06
Completed 97 % :  mod = 2.3070770254503024e-10,  Error =8.7185647501542e-06
Completed 98 % :  mod = 1.294846494054119e-10,  Error =8.802761804815873e-06
Completed 99 % :  mod = 6.761635606181072e-11,  Error =8.90167626010907e-06
Completed 100 % :  mod = 9.888714033802781e-11,  Error =9.001456071189295e-06
Finished 114/201 frames
Finished all frames!
