/opt/local/miniconda_23_9/lib/python3.11/site-packages/conda/base/context.py:201: FutureWarning: Adding 'defaults' to channel list implicitly is deprecated and will be removed in 25.3. 

To remove this warning, please choose a default channel explicitly with conda's regular configuration system, e.g. by adding 'defaults' to the list of channels:

  conda config --add channels defaults

For more information see https://docs.conda.io/projects/conda/en/stable/user-guide/configuration/use-condarc.html

  deprecated.topic(
JOB 13420 ARRAY_ID 66  -> i=66 ; range=[1.9e-10, 6.0e-10] ; intervals=200 (frames=201)
Density options: centers='2.0e-10,4.0e-10' width='5e-11,5e-11' strength=''
Completed 0 % :  mod = 2.361805370870622e-16,  Error =-1.4210854715202004e-14
Completed 1 % :  mod = 2.9467334665625597e-16,  Error =3.728972330918623e-08
Completed 2 % :  mod = 4.991246118743233e-16,  Error =7.457884265704706e-08
Completed 3 % :  mod = 9.508037062533845e-16,  Error =1.1186792647777111e-07
Completed 4 % :  mod = 1.8734376293013315e-15,  Error =1.4915733004272624e-07
Completed 5 % :  mod = 3.724028068723962e-15,  Error =1.86446527550288e-07
Completed 6 % :  mod = 7.419214799493776e-15,  Error =2.2373568242528563e-07
Completed 7 % :  mod = 1.4789308349849264e-14,  Error =2.610253133639162e-07
Completed 8 % :  mod = 2.948488458321009e-14,  Error =2.9831448244976855e-07
Completed 9 % :  mod = 5.878499794483174e-14,  Error =3.356045397140406e-07
Completed 10 % :  mod = 1.1720265920093136e-13,  Error =3.7289469645429563e-07
Completed 11 % :  mod = 2.3367342645064105e-13,  Error =4.1018500951395254e-07
Completed 12 % :  mod = 4.658875687931287e-13,  Error =4.474744415006171e-07
Completed 13 % :  mod = 9.288631537698126e-13,  Error =4.8476358216476e-07
Completed 14 % :  mod = 1.851899508934856e-12,  Error =5.220529288862963e-07
Completed 15 % :  mod = 3.692014791718192e-12,  Error =5.593381899871019e-07
Completed 16 % :  mod = 7.359211158490084e-12,  Error =5.966111444877242e-07
Completed 17 % :  mod = 1.465845982970129e-11,  Error =6.338363576219308e-07
Completed 18 % :  mod = 2.911459266114352e-11,  Error =6.70872701391545e-07
Completed 19 % :  mod = 5.717882636950653e-11,  Error =7.071841636729914e-07
Completed 20 % :  mod = 1.0742572963821737e-10,  Error =7.409820241832676e-07
Completed 21 % :  mod = 1.7134798694620652e-10,  Error =7.686041882948302e-07
Completed 22 % :  mod = 1.758931827110069e-10,  Error =7.90987130017129e-07
Completed 23 % :  mod = 1.1202106980267834e-10,  Error =8.180236505950234e-07
Completed 24 % :  mod = 6.011108741851428e-11,  Error =8.514859572983369e-07
Completed 25 % :  mod = 3.091363009365007e-11,  Error =8.876920887246342e-07
Completed 26 % :  mod = 1.5526181466982575e-11,  Error =9.246981917954145e-07
Completed 27 % :  mod = 8.054639062727002e-12,  Error =9.619140399763637e-07
Completed 28 % :  mod = 4.469823943948368e-12,  Error =9.991834275524525e-07
Completed 28 % :  mod = 3.056699375051575e-12,  Error =1.0364656404249217e-06
Completed 30 % :  mod = 3.2058756459957576e-12,  Error =1.073750397040385e-06
Completed 31 % :  mod = 4.948095380024311e-12,  Error =1.1110311461948186e-06
Completed 32 % :  mod = 9.040699221015394e-12,  Error =1.148295183384107e-06
Completed 33 % :  mod = 1.7750629027926585e-11,  Error =1.1854894239604619e-06
Completed 34 % :  mod = 3.5043281385437825e-11,  Error =1.2224141343608608e-06
Completed 35 % :  mod = 6.773435442369023e-11,  Error =1.2583153576883888e-06
Completed 36 % :  mod = 1.2512656418999007e-10,  Error =1.2908542927903e-06
Completed 37 % :  mod = 1.8228776138223447e-10,  Error =1.3165105841039804e-06
Completed 38 % :  mod = 1.6045891997448999e-10,  Error =1.3391786808369943e-06
Completed 39 % :  mod = 9.691244127857994e-11,  Error =1.3682263642067483e-06
Completed 40 % :  mod = 5.0160819661689843e-11,  Error =1.402720450016659e-06
Completed 41 % :  mod = 2.6011198070277138e-11,  Error =1.4392411671337868e-06
Completed 42 % :  mod = 1.3488467369852095e-11,  Error =1.4763264388761854e-06
Completed 43 % :  mod = 7.488191117200624e-12,  Error =1.5135570876623206e-06
Completed 44 % :  mod = 5.422887964731635e-12,  Error =1.550825096785502e-06
Completed 45 % :  mod = 5.939167330577741e-12,  Error =1.5880976320659101e-06
Completed 46 % :  mod = 9.262449108209946e-12,  Error =1.6253573988933567e-06
Completed 47 % :  mod = 1.7472715507135686e-11,  Error =1.6625529326574906e-06
Completed 48 % :  mod = 3.397359563187647e-11,  Error =1.6994973393025248e-06
Completed 49 % :  mod = 6.528318152464204e-11,  Error =1.7354858599105683e-06
Completed 50 % :  mod = 1.2211355640018984e-10,  Error =1.7682925275153139e-06
Completed 51 % :  mod = 1.8011213135910602e-10,  Error =1.7943460264291389e-06
Completed 52 % :  mod = 1.6363444553506295e-10,  Error =1.8168714746025216e-06
Completed 53 % :  mod = 1.0041532787842745e-10,  Error =1.8455281036722226e-06
Completed 54 % :  mod = 5.19231297199016e-11,  Error =1.8798216387949651e-06
Completed 55 % :  mod = 2.729612286043562e-11,  Error =1.9162765170221974e-06
Completed 56 % :  mod = 1.44870148854372e-11,  Error =1.953341680405174e-06
Completed 56 % :  mod = 8.662211884999519e-12,  Error =1.990560839715272e-06
Completed 57 % :  mod = 7.474866898182777e-12,  Error =2.0278174446275443e-06
Completed 59 % :  mod = 9.849303581563122e-12,  Error =2.0650691183732306e-06
Completed 60 % :  mod = 1.6713334317808024e-11,  Error =2.102265995063135e-06
Completed 61 % :  mod = 3.256657348976266e-11,  Error =2.139235590448152e-06
Completed 62 % :  mod = 6.283951632864115e-11,  Error =2.175347596278243e-06
Completed 63 % :  mod = 1.1462041294482784e-10,  Error =2.208547712712061e-06
Completed 64 % :  mod = 1.7942573648020661e-10,  Error =2.235150070362124e-06
Completed 65 % :  mod = 1.6807836509151488e-10,  Error =2.2576136800012137e-06
Completed 66 % :  mod = 1.0361246589624527e-10,  Error =2.2856361212575393e-06
Completed 67 % :  mod = 5.5701043348068335e-11,  Error =2.3196595009267185e-06
Completed 68 % :  mod = 2.8057308508795307e-11,  Error =2.3560335051797665e-06
Completed 69 % :  mod = 1.4523818664083174e-11,  Error =2.393081956597598e-06
Completed 70 % :  mod = 7.935736648313295e-12,  Error =2.4303053365315463e-06
Completed 71 % :  mod = 5.099170387813949e-12,  Error =2.4675729619616504e-06
Completed 72 % :  mod = 4.924937433291029e-12,  Error =2.5048490499557374e-06
Completed 73 % :  mod = 7.217821129160276e-12,  Error =2.542119169390844e-06
Completed 74 % :  mod = 1.2838076523686681e-11,  Error =2.5793565399112595e-06
Completed 75 % :  mod = 2.505564473346209e-11,  Error =2.6164562854091855e-06
Completed 76 % :  mod = 4.9310626673004636e-11,  Error =2.6530248717904215e-06
Completed 77 % :  mod = 9.265762564556612e-11,  Error =2.6876884930970846e-06
Completed 78 % :  mod = 1.586315989720092e-10,  Error =2.71704559651198e-06
Completed 79 % :  mod = 1.8439156841168055e-10,  Error =2.7399286608442708e-06
Completed 80 % :  mod = 1.2636532905973566e-10,  Error =2.7652048899540205e-06
Completed 81 % :  mod = 7.113204695416255e-11,  Error =2.7975029226467996e-06
Completed 82 % :  mod = 3.6222417924829696e-11,  Error =2.8333054089557663e-06
Completed 83 % :  mod = 1.8737117168142284e-11,  Error =2.8701936258812566e-06
Completed 84 % :  mod = 1.0621429178234599e-11,  Error =2.9073709342242182e-06
Completed 85 % :  mod = 7.239786423845884e-12,  Error =2.944619517109004e-06
Completed 86 % :  mod = 7.602145798175003e-12,  Error =2.9818803710668362e-06
Completed 87 % :  mod = 1.1976829041422819e-11,  Error =3.019120413227938e-06
Completed 88 % :  mod = 2.170878512949935e-11,  Error =3.0562620523255646e-06
Completed 89 % :  mod = 4.201494893483484e-11,  Error =3.0930105552329223e-06
Completed 90 % :  mod = 8.21621129339891e-11,  Error =3.1283147379213005e-06
Completed 91 % :  mod = 1.4152171181374178e-10,  Error =3.1592679050618244e-06
Completed 92 % :  mod = 1.8734524943332825e-10,  Error =3.183109065219014e-06
Completed 93 % :  mod = 1.4358245988841275e-10,  Error =3.206995749849284e-06
Completed 94 % :  mod = 8.069152941662182e-11,  Error =3.23790266065771e-06
Completed 95 % :  mod = 4.2433974085776674e-11,  Error =3.2732115755607083e-06
Completed 96 % :  mod = 2.1442428270860044e-11,  Error =3.3099686902460235e-06
Completed 97 % :  mod = 1.1049169056716526e-11,  Error =3.347118614271949e-06
Completed 98 % :  mod = 6.227554033872126e-12,  Error =3.384368874037591e-06
Completed 99 % :  mod = 4.317033815163931e-12,  Error =3.4216445001788998e-06
Completed 100 % :  mod = 4.58488998157948e-12,  Error =3.4589239419346995e-06
Finished 67/201 frames
Finished all frames!
