/opt/local/miniconda_23_9/lib/python3.11/site-packages/conda/base/context.py:201: FutureWarning: Adding 'defaults' to channel list implicitly is deprecated and will be removed in 25.3. 

To remove this warning, please choose a default channel explicitly with conda's regular configuration system, e.g. by adding 'defaults' to the list of channels:

  conda config --add channels defaults

For more information see https://docs.conda.io/projects/conda/en/stable/user-guide/configuration/use-condarc.html

  deprecated.topic(
JOB 13524 ARRAY_ID 170  -> i=170 ; range=[1.9e-10, 6.0e-10] ; intervals=200 (frames=201)
Density options: centers='2.0e-10,4.0e-10' width='5e-11,5e-11' strength=''
Completed 0 % :  mod = 3.6848194500221874e-16,  Error =-1.4210854715202004e-14
Completed 1 % :  mod = 6.357772565772563e-16,  Error =2.2094098994784872e-07
Completed 2 % :  mod = 1.82545306032795e-15,  Error =4.418813333018079e-07
Completed 3 % :  mod = 5.663481420272371e-15,  Error =6.628212148029888e-07
Completed 4 % :  mod = 1.771804294272416e-14,  Error =8.837621834345555e-07
Completed 5 % :  mod = 5.547779838169022e-14,  Error =1.1047024628396684e-06
Completed 6 % :  mod = 1.7372429559073217e-13,  Error =1.3256421951268749e-06
Completed 7 % :  mod = 5.440085465369124e-13,  Error =1.5465814726667304e-06
Completed 8 % :  mod = 1.703534214498779e-12,  Error =1.7675189951660286e-06
Completed 9 % :  mod = 5.334477760760583e-12,  Error =1.988444040534887e-06
Completed 10 % :  mod = 1.6702917484118105e-11,  Error =2.2092373725968173e-06
Completed 11 % :  mod = 5.224967259370678e-11,  Error =2.428748118177282e-06
Completed 12 % :  mod = 1.6158213439914931e-10,  Error =2.6366833338897777e-06
Completed 13 % :  mod = 3.9899174904951263e-10,  Error =2.7836290215077497e-06
Completed 14 % :  mod = 1.8940519562137463e-10,  Error =2.908235245513424e-06
Completed 15 % :  mod = 9.857964707695049e-11,  Error =3.106606754954555e-06
Completed 16 % :  mod = 7.812608170762145e-11,  Error =3.3203477940446646e-06
Completed 17 % :  mod = 1.4310061249678024e-10,  Error =3.525173646323765e-06
Completed 18 % :  mod = 4.2375902187274866e-10,  Error =3.6676374790545196e-06
Completed 19 % :  mod = 1.995756670801977e-10,  Error =3.7956148801754352e-06
Completed 20 % :  mod = 6.88603711786601e-11,  Error =3.995946613599699e-06
Completed 21 % :  mod = 2.6218641652761333e-11,  Error =4.214383302780789e-06
Completed 22 % :  mod = 1.3701772111595638e-11,  Error =4.434917300955021e-06
Completed 23 % :  mod = 2.211858846644669e-11,  Error =4.655441408374372e-06
Completed 24 % :  mod = 7.178280232449953e-11,  Error =4.873743726818702e-06
Completed 25 % :  mod = 2.0760710388763646e-10,  Error =5.073332275173925e-06
Completed 26 % :  mod = 4.1351708547470497e-10,  Error =5.199158565005746e-06
Completed 27 % :  mod = 1.432799817751491e-10,  Error =5.344813914121005e-06
Completed 28 % :  mod = 6.96319437933728e-11,  Error =5.551426106364943e-06
Completed 28 % :  mod = 7.179114012166082e-11,  Error =5.767408687518127e-06
Completed 30 % :  mod = 1.4553320332581138e-10,  Error =5.9747380802832595e-06
Completed 31 % :  mod = 3.793196213177335e-10,  Error =6.1231863952571075e-06
Completed 32 % :  mod = 2.2484970731942016e-10,  Error =6.250018586229089e-06
Completed 33 % :  mod = 8.852848352547578e-11,  Error =6.447518117624895e-06
Completed 34 % :  mod = 5.316504877675022e-11,  Error =6.662806214308148e-06
Completed 35 % :  mod = 1.1933615222334593e-10,  Error =6.873983608102208e-06
Completed 36 % :  mod = 3.6006697943999207e-10,  Error =7.043241858184501e-06
Completed 37 % :  mod = 2.7334026306853167e-10,  Error =7.154858039370993e-06
Completed 38 % :  mod = 9.908740086069602e-11,  Error =7.3406555216593006e-06
Completed 39 % :  mod = 3.110783368396576e-11,  Error =7.556862172464207e-06
Completed 40 % :  mod = 1.4598779526127743e-11,  Error =7.777124061192353e-06
Completed 41 % :  mod = 2.5618476340034754e-11,  Error =7.997574400064877e-06
Completed 42 % :  mod = 7.053131988237704e-11,  Error =8.215868923855396e-06
Completed 43 % :  mod = 2.0805755532428124e-10,  Error =8.415203986089637e-06
Completed 44 % :  mod = 4.2265076537282713e-10,  Error =8.542631015018287e-06
Completed 45 % :  mod = 1.4129509228247127e-10,  Error =8.685943456043788e-06
Completed 46 % :  mod = 8.090774127452748e-11,  Error =8.89001320558691e-06
Completed 47 % :  mod = 1.2414348994965322e-10,  Error =9.100996848587783e-06
Completed 48 % :  mod = 2.414183697595764e-10,  Error =9.287648722988706e-06
Completed 49 % :  mod = 3.5490126380496704e-10,  Error =9.397613546013872e-06
Completed 50 % :  mod = 1.5150243464050807e-10,  Error =9.561853623551997e-06
Completed 51 % :  mod = 5.7473762904583415e-11,  Error =9.771164528160625e-06
Completed 52 % :  mod = 7.10963706868776e-11,  Error =9.986666867689564e-06
Completed 53 % :  mod = 2.2047247990244878e-10,  Error =1.0186513570431543e-05
Completed 54 % :  mod = 3.8350434956047863e-10,  Error =1.0322742859614209e-05
Completed 55 % :  mod = 1.5090271755109983e-10,  Error =1.0460019908009599e-05
Completed 56 % :  mod = 1.2829426152287335e-10,  Error =1.065919516207714e-05
Completed 56 % :  mod = 1.8148658936715862e-10,  Error =1.0860237146914642e-05
Completed 57 % :  mod = 3.043340141175922e-10,  Error =1.1016017474219097e-05
Completed 59 % :  mod = 2.4836987440562834e-10,  Error =1.1136612435791449e-05
Completed 60 % :  mod = 1.7963564179690495e-10,  Error =1.1316956509688225e-05
Completed 61 % :  mod = 2.049279099395201e-10,  Error =1.1501840390337748e-05
Completed 62 % :  mod = 3.1546748121043096e-10,  Error =1.1631306207959824e-05
Completed 63 % :  mod = 2.393524978474747e-10,  Error =1.1776003695729287e-05
Completed 64 % :  mod = 1.245294484135012e-10,  Error =1.1970504822045314e-05
Completed 65 % :  mod = 1.4552762158419352e-10,  Error =1.216712012563903e-05
Completed 66 % :  mod = 4.1113501866714075e-10,  Error =1.2304172898325305e-05
Completed 67 % :  mod = 2.0704501738551987e-10,  Error =1.2438735254249877e-05
Completed 68 % :  mod = 9.28453089159113e-11,  Error =1.2636103264185294e-05
Completed 69 % :  mod = 8.93986420716249e-11,  Error =1.2849493629119024e-05
Completed 70 % :  mod = 1.865120104290268e-10,  Error =1.3050141667747539e-05
Completed 71 % :  mod = 4.109256814509503e-10,  Error =1.3192402633421807e-05
Completed 72 % :  mod = 1.6071804346151821e-10,  Error =1.3319422286883764e-05
Completed 73 % :  mod = 1.2991874868931176e-10,  Error =1.3511770902141507e-05
Completed 74 % :  mod = 2.301796971069623e-10,  Error =1.3706857366457825e-05
Completed 75 % :  mod = 3.0125737193987266e-10,  Error =1.385622879723769e-05
Completed 76 % :  mod = 2.2364535308985968e-10,  Error =1.3981151219866206e-05
Completed 77 % :  mod = 1.9709071144773983e-10,  Error =1.4161497887243968e-05
Completed 78 % :  mod = 2.418869253161986e-10,  Error =1.433954198404308e-05
Completed 79 % :  mod = 2.979686189213743e-10,  Error =1.4459745976580507e-05
Completed 80 % :  mod = 1.9642909590870476e-10,  Error =1.4615102806203595e-05
Completed 81 % :  mod = 1.3631309012278217e-10,  Error =1.4813676379787921e-05
Completed 82 % :  mod = 1.6305009709813564e-10,  Error =1.5007733736638329e-05
Completed 83 % :  mod = 3.9905259524821174e-10,  Error =1.5134428799967736e-05
Completed 84 % :  mod = 1.9403287916757383e-10,  Error =1.5277986157968826e-05
Completed 85 % :  mod = 6.592466289127458e-11,  Error =1.5480926620625723e-05
Completed 86 % :  mod = 5.907406628015578e-11,  Error =1.5697418191962242e-05
Completed 87 % :  mod = 1.3891371617784005e-10,  Error =1.5908452361657055e-05
Completed 88 % :  mod = 3.1958268021593746e-10,  Error =1.607896314936852e-05
Completed 89 % :  mod = 2.704197534161429e-10,  Error =1.618719682738856e-05
Completed 90 % :  mod = 1.38254269545925e-10,  Error =1.6368558704016323e-05
Completed 91 % :  mod = 9.818129329477735e-11,  Error =1.6576194859396765e-05
Completed 92 % :  mod = 1.7504049804578312e-10,  Error =1.677269176525442e-05
Completed 93 % :  mod = 4.4953418605326534e-10,  Error =1.690343714244591e-05
Completed 94 % :  mod = 1.6890382212385505e-10,  Error =1.70379820758626e-05
Completed 95 % :  mod = 8.228084599568722e-11,  Error =1.723537266684616e-05
Completed 96 % :  mod = 1.5419288649680668e-10,  Error =1.744232003630941e-05
Completed 97 % :  mod = 2.9797914837946113e-10,  Error =1.761837322789006e-05
Completed 98 % :  mod = 2.9522187198934807e-10,  Error =1.7725448806515942e-05
Completed 99 % :  mod = 1.494579254055197e-10,  Error =1.7900095343748035e-05
Completed 100 % :  mod = 5.87443623605179e-11,  Error =1.8110534689697033e-05
Finished 171/201 frames
Finished all frames!
