/opt/local/miniconda_23_9/lib/python3.11/site-packages/conda/base/context.py:201: FutureWarning: Adding 'defaults' to channel list implicitly is deprecated and will be removed in 25.3. 

To remove this warning, please choose a default channel explicitly with conda's regular configuration system, e.g. by adding 'defaults' to the list of channels:

  conda config --add channels defaults

For more information see https://docs.conda.io/projects/conda/en/stable/user-guide/configuration/use-condarc.html

  deprecated.topic(
JOB 13438 ARRAY_ID 84  -> i=84 ; range=[1.9e-10, 6.0e-10] ; intervals=200 (frames=201)
Density options: centers='2.0e-10,4.0e-10' width='5e-11,5e-11' strength=''
Completed 0 % :  mod = 2.7293775568891584e-16,  Error =-1.4210854715202004e-14
Completed 1 % :  mod = 3.7506714061210136e-16,  Error =6.650664374774351e-08
Completed 2 % :  mod = 7.578859850284835e-16,  Error =1.3301428936074444e-07
Completed 3 % :  mod = 1.7078849196124945e-15,  Error =1.9952093310848795e-07
Completed 4 % :  mod = 3.9360158302697395e-15,  Error =2.6602639024986274e-07
Completed 5 % :  mod = 9.10974782876722e-15,  Error =3.325335597992307e-07
Completed 6 % :  mod = 2.1100953255040654e-14,  Error =3.990399690678714e-07
Completed 7 % :  mod = 4.8883505383285863e-14,  Error =4.6554704624668375e-07
Completed 8 % :  mod = 1.1324906470214019e-13,  Error =5.320531073493839e-07
Completed 9 % :  mod = 2.6236692717867384e-13,  Error =5.98559900311102e-07
Completed 10 % :  mod = 6.078321288085656e-13,  Error =6.6506631668517e-07
Completed 11 % :  mod = 1.4081748330459345e-12,  Error =7.315719656730835e-07
Completed 12 % :  mod = 3.2622730664121185e-12,  Error =7.980750496017208e-07
Completed 13 % :  mod = 7.556742359184224e-12,  Error =8.645606541790585e-07
Completed 14 % :  mod = 1.7493773146877585e-11,  Error =9.309579382943411e-07
Completed 15 % :  mod = 4.0364926723785844e-11,  Error =9.968858876163722e-07
Completed 16 % :  mod = 9.148862661391699e-11,  Error =1.0604347409071124e-06
Completed 17 % :  mod = 1.8780296859027424e-10,  Error =1.114398592960697e-06
Completed 18 % :  mod = 2.4090580827653197e-10,  Error =1.152209414101435e-06
Completed 19 % :  mod = 1.3374595732358534e-10,  Error =1.1968499222803075e-06
Completed 20 % :  mod = 6.39181947911448e-11,  Error =1.256726520182383e-06
Completed 21 % :  mod = 2.8992211012009614e-11,  Error =1.321792900910168e-06
Completed 22 % :  mod = 1.4968493803854976e-11,  Error =1.3879686093787313e-06
Completed 23 % :  mod = 1.3353732504504506e-11,  Error =1.4543408681788605e-06
Completed 24 % :  mod = 2.1409780174568076e-11,  Error =1.5206512742338418e-06
Completed 25 % :  mod = 4.316532127740634e-11,  Error =1.58643141645598e-06
Completed 26 % :  mod = 9.94337732971755e-11,  Error =1.6494755854523646e-06
Completed 27 % :  mod = 1.9815116090484686e-10,  Error =1.7021369487224547e-06
Completed 28 % :  mod = 2.31521922946224e-10,  Error =1.7391418865031483e-06
Completed 28 % :  mod = 1.289267509286126e-10,  Error =1.7854379095183504e-06
Completed 30 % :  mod = 5.801265685541536e-11,  Error =1.8461003890024585e-06
Completed 31 % :  mod = 2.5468323440651945e-11,  Error =1.91140497207698e-06
Completed 32 % :  mod = 1.1031663823168473e-11,  Error =1.977682849485518e-06
Completed 33 % :  mod = 4.846527512980664e-12,  Error =2.0441448995711653e-06
Completed 34 % :  mod = 2.4006169521474467e-12,  Error =2.1106419367811213e-06
Completed 35 % :  mod = 1.7238670666424372e-12,  Error =2.177145383086554e-06
Completed 36 % :  mod = 2.2538252442944005e-12,  Error =2.2436495612510043e-06
Completed 37 % :  mod = 4.537171787736731e-12,  Error =2.310148779827159e-06
Completed 38 % :  mod = 1.0237331632883744e-11,  Error =2.3766181058704205e-06
Completed 39 % :  mod = 2.34572279314649e-11,  Error =2.4429277161175378e-06
Completed 40 % :  mod = 5.416594470560452e-11,  Error =2.5083984169782525e-06
Completed 41 % :  mod = 1.1996137142184724e-10,  Error =2.5698182710698347e-06
Completed 42 % :  mod = 2.2372258369127347e-10,  Error =2.617755733069771e-06
Completed 43 % :  mod = 2.1016022028022902e-10,  Error =2.6544078295387408e-06
Completed 44 % :  mod = 1.0500966383796477e-10,  Error =2.7055075619841773e-06
Completed 45 % :  mod = 4.6770621093754564e-11,  Error =2.768044119250135e-06
Completed 46 % :  mod = 2.3079853606978385e-11,  Error =2.833714439987034e-06
Completed 47 % :  mod = 1.3774425148599905e-11,  Error =2.8999990746569893e-06
Completed 48 % :  mod = 1.5142359315856368e-11,  Error =2.9663642422406156e-06
Completed 49 % :  mod = 2.9271143384380375e-11,  Error =3.0325396878083666e-06
Completed 50 % :  mod = 6.251135291766107e-11,  Error =3.097628244574935e-06
Completed 51 % :  mod = 1.3367174633808565e-10,  Error =3.1575674626083128e-06
Completed 52 % :  mod = 2.411920169352402e-10,  Error =3.202475909347413e-06
Completed 53 % :  mod = 1.86964011210821e-10,  Error =3.2400611331695472e-06
Completed 54 % :  mod = 9.385876620062898e-11,  Error =3.293843739982094e-06
Completed 55 % :  mod = 4.101500114419943e-11,  Error =3.3573034841083427e-06
Completed 56 % :  mod = 1.8351958774049457e-11,  Error =3.4231954018082433e-06
Completed 56 % :  mod = 9.536650980683432e-12,  Error =3.489569593284614e-06
Completed 57 % :  mod = 7.427533459474879e-12,  Error =3.5560293838443613e-06
Completed 59 % :  mod = 1.091546255235619e-11,  Error =3.6224799089268345e-06
Completed 60 % :  mod = 2.308850209315108e-11,  Error =3.688790776834594e-06
Completed 61 % :  mod = 5.1092551988688255e-11,  Error =3.754356285412541e-06
Completed 62 % :  mod = 1.1323596421517675e-10,  Error =3.816252323929348e-06
Completed 63 % :  mod = 2.2002634717921556e-10,  Error =3.865429960114852e-06
Completed 64 % :  mod = 2.1558067544853703e-10,  Error =3.901963417263232e-06
Completed 65 % :  mod = 1.101030307074482e-10,  Error =3.951856008654886e-06
Completed 66 % :  mod = 4.9322303572015074e-11,  Error =4.014027688015176e-06
Completed 67 % :  mod = 2.210281160023545e-11,  Error =4.079658538103104e-06
Completed 68 % :  mod = 1.010860631690459e-11,  Error =4.145988420134472e-06
Completed 69 % :  mod = 6.067046379891458e-12,  Error =4.212450164686743e-06
Completed 70 % :  mod = 6.6550402568939535e-12,  Error =4.278930219925314e-06
Completed 71 % :  mod = 1.1993917172482184e-11,  Error =4.345378393111332e-06
Completed 72 % :  mod = 2.6266435761111003e-11,  Error =4.411630882827922e-06
Completed 73 % :  mod = 6.06417186120411e-11,  Error =4.476853263213343e-06
Completed 74 % :  mod = 1.3074788892313616e-10,  Error =4.53723399118644e-06
Completed 75 % :  mod = 2.343333727458554e-10,  Error =4.582828907473413e-06
Completed 76 % :  mod = 1.9538898949647514e-10,  Error =4.6201997250250315e-06
Completed 77 % :  mod = 9.539738569550497e-11,  Error =4.673411829969609e-06
Completed 78 % :  mod = 4.192462280570203e-11,  Error =4.736675798255874e-06
Completed 79 % :  mod = 2.0107477528930154e-11,  Error =4.802518503765896e-06
Completed 80 % :  mod = 1.1260672838052967e-11,  Error =4.868862696127962e-06
Completed 81 % :  mod = 1.101361482793384e-11,  Error =4.935286007423656e-06
Completed 82 % :  mod = 1.984778581771792e-11,  Error =5.0016320898294e-06
Completed 83 % :  mod = 4.2494435052175795e-11,  Error =5.067482277354429e-06
Completed 84 % :  mod = 9.300631397386249e-11,  Error =5.1308075370570805e-06
Completed 85 % :  mod = 1.9547914838379266e-10,  Error =5.1840882591136506e-06
Completed 86 % :  mod = 2.364603059027438e-10,  Error =5.2217125627862515e-06
Completed 87 % :  mod = 1.2922317889495732e-10,  Error =5.2670438108748385e-06
Completed 88 % :  mod = 6.312638616373734e-11,  Error =5.3273114346552575e-06
Completed 89 % :  mod = 2.8510202885156552e-11,  Error =5.39243160346814e-06
Completed 90 % :  mod = 1.6406064216990827e-11,  Error =5.458588802298436e-06
Completed 91 % :  mod = 1.7899174180278753e-11,  Error =5.524901027342821e-06
Completed 92 % :  mod = 3.154622150146927e-11,  Error =5.591008310545931e-06
Completed 93 % :  mod = 6.524071154114298e-11,  Error =5.655864654841025e-06
Completed 94 % :  mod = 1.486770513877289e-10,  Error =5.7148681165131165e-06
Completed 95 % :  mod = 2.3885601402982744e-10,  Error =5.7585212474009495e-06
Completed 96 % :  mod = 1.7636741178547444e-10,  Error =5.796720742523576e-06
Completed 97 % :  mod = 9.370201383815119e-11,  Error =5.851707740589518e-06
Completed 98 % :  mod = 4.1505009978698854e-11,  Error =5.915221592545095e-06
Completed 99 % :  mod = 2.7775720264257572e-11,  Error =5.9808741852407366e-06
Completed 100 % :  mod = 3.553658241478498e-11,  Error =6.04674600879207e-06
Finished 85/201 frames
Finished all frames!
