/opt/local/miniconda_23_9/lib/python3.11/site-packages/conda/base/context.py:201: FutureWarning: Adding 'defaults' to channel list implicitly is deprecated and will be removed in 25.3. 

To remove this warning, please choose a default channel explicitly with conda's regular configuration system, e.g. by adding 'defaults' to the list of channels:

  conda config --add channels defaults

For more information see https://docs.conda.io/projects/conda/en/stable/user-guide/configuration/use-condarc.html

  deprecated.topic(
JOB 13891 ARRAY_ID 20  -> i=20 ; range=[1.9e-10, 5.0e-10] ; intervals=200 (frames=201)
Analytic t0 extension enabled (--extend-time-using-t0).
Density options: centers='2.0e-10,4.0e-10' width='2.0e-11,5.0e-11' strength='7.0'
Extending simulation time for p0=2.081e-10 from 10000000000.0 to 1.966e+10
Completed 0 % :  mod = 1.6650321734725252e-16,  Error =-1.4210854715202004e-14
Completed 1 % :  mod = 1.7975967060929688e-16,  Error =1.8111848021362675e-08
Completed 2 % :  mod = 2.216369490192644e-16,  Error =3.6223028132553736e-08
Completed 3 % :  mod = 2.9880263325639766e-16,  Error =5.43347269399419e-08
Completed 4 % :  mod = 4.235428320475619e-16,  Error =7.244656785587722e-08
Completed 5 % :  mod = 6.157183243156142e-16,  Error =9.055816718728238e-08
Completed 6 % :  mod = 9.059267462739093e-16,  Error =1.0866943966902909e-07
Completed 7 % :  mod = 1.3403742764002188e-15,  Error =1.2678037109026263e-07
Completed 8 % :  mod = 1.988232423105751e-15,  Error =1.448916151502999e-07
Completed 9 % :  mod = 2.952651333489482e-15,  Error =1.6300405292213327e-07
Completed 10 % :  mod = 4.387183077900257e-15,  Error =1.8111470723169987e-07
Completed 11 % :  mod = 6.520229754161183e-15,  Error =1.992241323023336e-07
Completed 12 % :  mod = 9.691409030464571e-15,  Error =2.1733574584459348e-07
Completed 13 % :  mod = 1.440562708920098e-14,  Error =2.3544692595578454e-07
Completed 14 % :  mod = 2.1413468185285038e-14,  Error =2.535586887120189e-07
Completed 15 % :  mod = 3.1830700107713493e-14,  Error =2.7166962013325247e-07
Completed 16 % :  mod = 4.7315921979953804e-14,  Error =2.897813544677774e-07
Completed 17 % :  mod = 7.033463646138348e-14,  Error =3.078916890331129e-07
Completed 18 % :  mod = 1.0455178269192001e-13,  Error =3.2600414812122835e-07
Completed 19 % :  mod = 1.5541520038659608e-13,  Error =3.441161311457108e-07
Completed 20 % :  mod = 2.3102283110722994e-13,  Error =3.622276096848509e-07
Completed 21 % :  mod = 3.434114309528857e-13,  Error =3.8033998350783804e-07
Completed 22 % :  mod = 5.104709962738621e-13,  Error =3.984515970500979e-07
Completed 23 % :  mod = 7.587864815984753e-13,  Error =4.1656266347445126e-07
Completed 24 % :  mod = 1.1278486542256496e-12,  Error =4.3467425570042906e-07
Completed 25 % :  mod = 1.6762697147257951e-12,  Error =4.527841142021316e-07
Completed 26 % :  mod = 2.4908791661073854e-12,  Error =4.708938661224238e-07
Completed 27 % :  mod = 3.699774595806805e-12,  Error =4.890002571755758e-07
Completed 28 % :  mod = 5.490188325299197e-12,  Error =5.071000401812853e-07
Completed 29 % :  mod = 8.130089525681288e-12,  Error =5.251881276535642e-07
Completed 30 % :  mod = 1.1984581562424418e-11,  Error =5.432447949260677e-07
Completed 31 % :  mod = 1.7492593400315195e-11,  Error =5.612422384615456e-07
Completed 32 % :  mod = 2.5001492925447833e-11,  Error =5.791143564692902e-07
Completed 33 % :  mod = 3.424368397850779e-11,  Error =5.967582978883001e-07
Completed 34 % :  mod = 4.334263723168721e-11,  Error =6.140617827554706e-07
Completed 35 % :  mod = 4.8438101082081906e-11,  Error =6.310362863359842e-07
Completed 36 % :  mod = 4.641209879583337e-11,  Error =6.479306975393229e-07
Completed 37 % :  mod = 3.858871387962675e-11,  Error =6.650694075460706e-07
Completed 38 % :  mod = 2.9044490099533278e-11,  Error =6.825705085589107e-07
Completed 39 % :  mod = 2.0645493147062506e-11,  Error =7.003536808269928e-07
Completed 40 % :  mod = 1.4253368512321713e-11,  Error =7.183033332580635e-07
Completed 41 % :  mod = 9.70378262023538e-12,  Error =7.363382863445622e-07
Completed 42 % :  mod = 6.563643499068505e-12,  Error =7.544144153825982e-07
Completed 43 % :  mod = 4.426470250975486e-12,  Error =7.725101056621497e-07
Completed 44 % :  mod = 2.981142903551535e-12,  Error =7.9061284452564e-07
Completed 45 % :  mod = 2.006514280187495e-12,  Error =8.08720606926272e-07
Completed 46 % :  mod = 1.3501523720328923e-12,  Error =8.268301456837435e-07
Completed 47 % :  mod = 9.083908459005511e-13,  Error =8.44940281297113e-07
Completed 48 % :  mod = 6.11148978991237e-13,  Error =8.630513192997569e-07
Completed 49 % :  mod = 4.1117851320642337e-13,  Error =8.811632454808205e-07
Completed 50 % :  mod = 2.7666438620960497e-13,  Error =8.992754700898331e-07
Completed 51 % :  mod = 1.8619684160444793e-13,  Error =9.173871546863666e-07
Completed 52 % :  mod = 1.2537408263969456e-13,  Error =9.354977095199501e-07
Completed 53 % :  mod = 8.451274623001165e-14,  Error =9.536076248650716e-07
Completed 54 % :  mod = 5.7107206910766e-14,  Error =9.717183999669032e-07
Completed 55 % :  mod = 3.8794092397517915e-14,  Error =9.898296795540773e-07
Completed 56 % :  mod = 2.6657658016879467e-14,  Error =1.0079417194219786e-06
Completed 57 % :  mod = 1.8765579968737624e-14,  Error =1.0260522032012886e-06
Completed 58 % :  mod = 1.3861305094978237e-14,  Error =1.0441641080660702e-06
Completed 59 % :  mod = 1.116398881047745e-14,  Error =1.062274847640765e-06
Completed 60 % :  mod = 1.0244172041257093e-14,  Error =1.08038620538764e-06
Completed 61 % :  mod = 1.095540413247555e-14,  Error =1.0984966039018218e-06
Completed 62 % :  mod = 1.341092548877869e-14,  Error =1.1166072795276705e-06
Completed 63 % :  mod = 1.800169737187624e-14,  Error =1.1347181825271946e-06
Completed 64 % :  mod = 2.545864941572554e-14,  Error =1.1528289363127442e-06
Completed 65 % :  mod = 3.6969055603425523e-14,  Error =1.1709404006410296e-06
Completed 66 % :  mod = 5.436556635238869e-14,  Error =1.1890526536717516e-06
Completed 67 % :  mod = 8.041799023522034e-14,  Error =1.207163741412387e-06
Completed 68 % :  mod = 1.1927426959545775e-13,  Error =1.2252754117980658e-06
Completed 69 % :  mod = 1.7712081985513776e-13,  Error =1.2433866771743851e-06
Completed 70 % :  mod = 2.631672354721417e-13,  Error =1.2614996336424156e-06
Completed 71 % :  mod = 3.9111170250853195e-13,  Error =1.2796106858559142e-06
Completed 72 % :  mod = 5.813189846384337e-13,  Error =1.2977215533283015e-06
Completed 73 % :  mod = 8.640529866385688e-13,  Error =1.3158325344875266e-06
Completed 74 % :  mod = 1.2842629179105505e-12,  Error =1.3339435298576063e-06
Completed 75 % :  mod = 1.9086337175036776e-12,  Error =1.3520540207423437e-06
Completed 76 % :  mod = 2.835854897241115e-12,  Error =1.3701631758067379e-06
Completed 77 % :  mod = 4.211192326530265e-12,  Error =1.3882677691867684e-06
Completed 78 % :  mod = 6.245894174691058e-12,  Error =1.4063650084494839e-06
Completed 79 % :  mod = 9.238782461885705e-12,  Error =1.4244457204881655e-06
Completed 80 % :  mod = 1.3585590199233742e-11,  Error =1.4424872034624059e-06
Completed 81 % :  mod = 1.9725436196465084e-11,  Error =1.4604513722815682e-06
Completed 82 % :  mod = 2.788687947512645e-11,  Error =1.4782614101704894e-06
Completed 83 % :  mod = 3.739713854813809e-11,  Error =1.4958046534729874e-06
Completed 84 % :  mod = 4.566650307614111e-11,  Error =1.512989079799354e-06
Completed 85 % :  mod = 4.859765713193376e-11,  Error =1.5298996842716406e-06
Completed 86 % :  mod = 4.429831488529888e-11,  Error =1.5468459153566982e-06
Completed 87 % :  mod = 3.5464202883486314e-11,  Error =1.5641029378343774e-06
Completed 88 % :  mod = 2.609131027561498e-11,  Error =1.5817096326031788e-06
Completed 89 % :  mod = 1.8326589828793658e-11,  Error =1.599558615339447e-06
Completed 90 % :  mod = 1.2579524950301774e-11,  Error =1.6175440151755538e-06
Completed 91 % :  mod = 8.54112545935759e-12,  Error =1.6355958649683089e-06
Completed 92 % :  mod = 5.770064108985293e-12,  Error =1.653679326807378e-06
Completed 93 % :  mod = 3.889092764213238e-12,  Error =1.6717786621711639e-06
Completed 94 % :  mod = 2.618564323700445e-12,  Error =1.6898835397682888e-06
Completed 95 % :  mod = 1.76227898006136e-12,  Error =1.7079925811458452e-06
Completed 96 % :  mod = 1.1857625880631645e-12,  Error =1.726102503596394e-06
Completed 97 % :  mod = 7.977914172132129e-13,  Error =1.744211537868523e-06
Completed 98 % :  mod = 5.36766702994423e-13,  Error =1.7623215455842e-06
Completed 99 % :  mod = 3.611814715381493e-13,  Error =1.780432981490776e-06
Completed 100 % :  mod = 2.4309555678051813e-13,  Error =1.7985446376656e-06
Finished 21/201 frames
Finished all frames!
