/opt/local/miniconda_23_9/lib/python3.11/site-packages/conda/base/context.py:201: FutureWarning: Adding 'defaults' to channel list implicitly is deprecated and will be removed in 25.3. 

To remove this warning, please choose a default channel explicitly with conda's regular configuration system, e.g. by adding 'defaults' to the list of channels:

  conda config --add channels defaults

For more information see https://docs.conda.io/projects/conda/en/stable/user-guide/configuration/use-condarc.html

  deprecated.topic(
JOB 13870 ARRAY_ID 200  -> i=200 ; range=[1.9e-10, 5.0e-10] ; intervals=200 (frames=201)
Analytic t0 extension enabled (--extend-time-using-t0).
Density options: centers='2.0e-10,4.0e-10' width='2.0e-11,5.0e-11' strength='7.0'
Completed 0 % :  mod = 4.000000001275085e-16,  Error =-1.4210854715202004e-14
Completed 1 % :  mod = 7.394267623756712e-16,  Error =3.067961245051265e-07
Completed 2 % :  mod = 2.3337597352742147e-15,  Error =6.135922774319624e-07
Completed 3 % :  mod = 7.888795383897179e-15,  Error =9.203880111385843e-07
Completed 4 % :  mod = 2.6832173026828343e-14,  Error =1.2271842848576853e-06
Completed 5 % :  mod = 9.131334133693124e-14,  Error =1.5339805017333674e-06
Completed 6 % :  mod = 3.107654778009952e-13,  Error =1.8407752904181507e-06
Completed 7 % :  mod = 1.0576281945540125e-12,  Error =2.1475709246487895e-06
Completed 8 % :  mod = 3.5994252004478765e-12,  Error =2.4543595316117717e-06
Completed 9 % :  mod = 1.2249831849275481e-11,  Error =2.761067534606809e-06
Completed 10 % :  mod = 4.16856355212617e-11,  Error =3.0668445347714623e-06
Completed 11 % :  mod = 1.4153590153786115e-10,  Error =3.3623949704519873e-06
Completed 12 % :  mod = 4.2346292574698525e-10,  Error =3.5847491659524167e-06
Completed 13 % :  mod = 2.2541567153179072e-10,  Error =3.747043557211782e-06
Completed 14 % :  mod = 1.2238585900549728e-10,  Error =4.018855470633298e-06
Completed 15 % :  mod = 1.2055284172292602e-10,  Error =4.310458812994966e-06
Completed 16 % :  mod = 2.596835228413977e-10,  Error =4.565514146293026e-06
Completed 17 % :  mod = 4.204995781041824e-10,  Error =4.7217910363883675e-06
Completed 18 % :  mod = 1.8181055643265687e-10,  Error =4.949623559014071e-06
Completed 19 % :  mod = 1.5329059652555045e-10,  Error =5.21344903603449e-06
Completed 20 % :  mod = 4.032006415051194e-10,  Error =5.410023987906243e-06
Completed 21 % :  mod = 2.7401385187233433e-10,  Error =5.600545996742312e-06
Completed 22 % :  mod = 1.4013875396353156e-10,  Error =5.8690500921443345e-06
Completed 23 % :  mod = 1.5281296649782876e-10,  Error =6.145657351908085e-06
Completed 24 % :  mod = 4.844885838596414e-10,  Error =6.331405785431343e-06
Completed 25 % :  mod = 1.8900926963771372e-10,  Error =6.523203857966564e-06
Completed 26 % :  mod = 5.906073751878468e-11,  Error =6.8072320971168665e-06
Completed 27 % :  mod = 7.143385237256122e-11,  Error =7.1089387247980085e-06
Completed 28 % :  mod = 1.53522666230046e-10,  Error =7.403211768064466e-06
Completed 28 % :  mod = 3.772046263562589e-10,  Error =7.634766689079697e-06
Completed 30 % :  mod = 2.6151557984172323e-10,  Error =7.789122776102886e-06
Completed 31 % :  mod = 1.245300523561303e-10,  Error =8.051207196047017e-06
Completed 32 % :  mod = 1.5255780923033667e-10,  Error =8.335315257568254e-06
Completed 33 % :  mod = 3.1891061218923773e-10,  Error =8.569142963210652e-06
Completed 34 % :  mod = 3.2185245859996484e-10,  Error =8.730817690150161e-06
Completed 35 % :  mod = 2.3004114486503762e-10,  Error =8.972317750988168e-06
Completed 36 % :  mod = 2.1304254445761838e-10,  Error =9.221549213123126e-06
Completed 37 % :  mod = 3.6112182096875674e-10,  Error =9.381181421019846e-06
Completed 38 % :  mod = 2.0938007155922786e-10,  Error =9.60312033981836e-06
Completed 39 % :  mod = 1.1860202503624603e-10,  Error =9.884743903398885e-06
Completed 40 % :  mod = 1.697614452848725e-10,  Error =1.0158821908134996e-05
Completed 41 % :  mod = 4.941228202395094e-10,  Error =1.0330842556527386e-05
Completed 42 % :  mod = 1.6780038317342084e-10,  Error =1.0532871719703962e-05
Completed 43 % :  mod = 6.447527748240615e-11,  Error =1.08189060767927e-05
Completed 44 % :  mod = 1.0211476995612895e-10,  Error =1.1117660335457913e-05
Completed 45 % :  mod = 2.582938570399877e-10,  Error =1.1391057739729149e-05
Completed 46 % :  mod = 4.346847985674035e-10,  Error =1.1561063281817496e-05
Completed 47 % :  mod = 1.213395730120577e-10,  Error =1.1780136361494442e-05
Completed 48 % :  mod = 6.966367760250468e-11,  Error =1.2071177586392423e-05
Completed 49 % :  mod = 1.5471117367758877e-10,  Error =1.2363909860368949e-05
Completed 50 % :  mod = 3.3232067332763493e-10,  Error =1.2604493221601842e-05
Completed 51 % :  mod = 2.8679076571701256e-10,  Error =1.2754123368097225e-05
Completed 52 % :  mod = 2.0096434871319094e-10,  Error =1.3003165136638017e-05
Completed 53 % :  mod = 1.8349850167299923e-10,  Error =1.327329489697604e-05
Completed 54 % :  mod = 3.6085210115048963e-10,  Error =1.3471705656797894e-05
Completed 55 % :  mod = 2.4229798244005436e-10,  Error =1.3661292861399943e-05
Completed 56 % :  mod = 1.5967771478276497e-10,  Error =1.3927942106306546e-05
Completed 56 % :  mod = 2.410464210513671e-10,  Error =1.4184477336698365e-05
Completed 57 % :  mod = 3.684769834502995e-10,  Error =1.4339809744967624e-05
Completed 59 % :  mod = 1.860485687333909e-10,  Error =1.4566673030458333e-05
Completed 60 % :  mod = 9.574302279070052e-11,  Error =1.485528361655497e-05
Completed 61 % :  mod = 1.1436497513113681e-10,  Error =1.5146623709938467e-05
Completed 62 % :  mod = 4.281940027397599e-10,  Error =1.5372112940781335e-05
Completed 63 % :  mod = 2.6583132109514576e-10,  Error =1.553530344722276e-05
Completed 64 % :  mod = 8.525465641003735e-11,  Error =1.5804072297953553e-05
Completed 65 % :  mod = 8.924790323822643e-11,  Error =1.610081167058297e-05
Completed 66 % :  mod = 2.046942861834318e-10,  Error =1.6383478651960104e-05
Completed 67 % :  mod = 4.786471907931697e-10,  Error =1.657775408858697e-05
Completed 68 % :  mod = 1.7136109723516768e-10,  Error =1.6756948923557502e-05
Completed 69 % :  mod = 1.0454916383747284e-10,  Error =1.7029130482626442e-05
Completed 70 % :  mod = 2.701605681822777e-10,  Error =1.729881689271906e-05
Completed 71 % :  mod = 4.056158852097946e-10,  Error =1.749011148177715e-05
Completed 72 % :  mod = 1.5945098889866916e-10,  Error =1.7679763452349562e-05
Completed 73 % :  mod = 2.374272904559827e-10,  Error =1.7940477782474318e-05
Completed 74 % :  mod = 3.908718754341115e-10,  Error =1.8160867021776994e-05
Completed 75 % :  mod = 2.955888508753142e-10,  Error =1.8317758652131033e-05
Completed 76 % :  mod = 1.1608319885622393e-10,  Error =1.8568826554599127e-05
Completed 77 % :  mod = 1.5550229586141547e-10,  Error =1.884780051142343e-05
Completed 78 % :  mod = 3.995831520347616e-10,  Error =1.9075131397983114e-05
Completed 79 % :  mod = 2.388261593822928e-10,  Error =1.9225012707124733e-05
Completed 80 % :  mod = 2.2687853667457135e-10,  Error =1.9475197383655996e-05
Completed 81 % :  mod = 2.0459662635717493e-10,  Error =1.9741519245997097e-05
Completed 82 % :  mod = 3.9140231234630335e-10,  Error =1.9937700997729735e-05
Completed 83 % :  mod = 2.061192014476626e-10,  Error =2.0119357515113734e-05
Completed 84 % :  mod = 1.5972138278524605e-10,  Error =2.0375593855703755e-05
Completed 85 % :  mod = 3.817630347828501e-10,  Error =2.0608624261342356e-05
Completed 86 % :  mod = 2.734103850928614e-10,  Error =2.0761448581652076e-05
Completed 87 % :  mod = 2.0572374897607432e-10,  Error =2.0999227828610856e-05
Completed 88 % :  mod = 1.8214084704850585e-10,  Error =2.1272908398373147e-05
Completed 89 % :  mod = 3.196702891252799e-10,  Error =2.1503951415979827e-05
Completed 90 % :  mod = 3.0257982132272273e-10,  Error =2.165492038841421e-05
Completed 91 % :  mod = 1.4541140721438646e-10,  Error =2.1897027899342447e-05
Completed 92 % :  mod = 2.678304468995415e-10,  Error =2.2156195726097394e-05
Completed 93 % :  mod = 3.471688173239773e-10,  Error =2.2343599582086426e-05
Completed 94 % :  mod = 2.2449952220957977e-10,  Error =2.253561640230828e-05
Completed 95 % :  mod = 2.2262655178452535e-10,  Error =2.2795401697806028e-05
Completed 96 % :  mod = 3.0189896110197527e-10,  Error =2.303194147401655e-05
Completed 97 % :  mod = 3.116191380678646e-10,  Error =2.3180498082808754e-05
Completed 98 % :  mod = 1.3550760538386894e-10,  Error =2.341968740182665e-05
Completed 99 % :  mod = 1.9794137959407247e-10,  Error =2.3695953458968688e-05
Completed 100 % :  mod = 3.109430707401339e-10,  Error =2.392871549972142e-05
Finished 201/201 frames
Finished all frames!
