/opt/local/miniconda_23_9/lib/python3.11/site-packages/conda/base/context.py:201: FutureWarning: Adding 'defaults' to channel list implicitly is deprecated and will be removed in 25.3. 

To remove this warning, please choose a default channel explicitly with conda's regular configuration system, e.g. by adding 'defaults' to the list of channels:

  conda config --add channels defaults

For more information see https://docs.conda.io/projects/conda/en/stable/user-guide/configuration/use-condarc.html

  deprecated.topic(
JOB 13522 ARRAY_ID 168  -> i=168 ; range=[1.9e-10, 6.0e-10] ; intervals=200 (frames=201)
Density options: centers='2.0e-10,4.0e-10' width='5e-11,5e-11' strength=''
Completed 0 % :  mod = 3.6529520005269977e-16,  Error =-1.4210854715202004e-14
Completed 1 % :  mod = 6.258047631832091e-16,  Error =2.1339550926313677e-07
Completed 2 % :  mod = 1.7788972420661303e-15,  Error =4.2679165801473573e-07
Completed 3 % :  mod = 5.469224004358414e-15,  Error =6.401879844020186e-07
Completed 4 % :  mod = 1.6960283957216662e-14,  Error =8.535838844636601e-07
Completed 5 % :  mod = 5.264173186307377e-14,  Error =1.0669803813811995e-06
Completed 6 % :  mod = 1.6340587920065423e-13,  Error =1.2803770133018588e-06
Completed 7 % :  mod = 5.072351571386933e-13,  Error =1.493772849414654e-06
Completed 8 % :  mod = 1.574530430246769e-12,  Error =1.7071681668312522e-06
Completed 9 % :  mod = 4.887525086665168e-12,  Error =1.920552072931514e-06
Completed 10 % :  mod = 1.517015749192929e-11,  Error =2.133828090222778e-06
Completed 11 % :  mod = 4.704666614183804e-11,  Error =2.346077302206595e-06
Completed 12 % :  mod = 1.4452622655347678e-10,  Error =2.5490793404969736e-06
Completed 13 % :  mod = 3.7430245147588253e-10,  Error =2.6991777772877867e-06
Completed 14 % :  mod = 2.201244110621617e-10,  Error =2.8135312604149476e-06
Completed 15 % :  mod = 1.0380835715532516e-10,  Error =3.000769481786847e-06
Completed 16 % :  mod = 6.723356010522867e-11,  Error =3.2070907209913457e-06
Completed 17 % :  mod = 1.234923211713028e-10,  Error =3.4085163065356028e-06
Completed 18 % :  mod = 3.8885582744611685e-10,  Error =3.5614017050988878e-06
Completed 19 % :  mod = 2.463239564064496e-10,  Error =3.6752947423224214e-06
Completed 20 % :  mod = 8.063263796771529e-11,  Error =3.860647339593015e-06
Completed 21 % :  mod = 2.8134413090048347e-11,  Error =4.070568884628756e-06
Completed 22 % :  mod = 1.0676686527365764e-11,  Error =4.283575691488295e-06
Completed 23 % :  mod = 4.976754621652796e-12,  Error =4.496904324469142e-06
Completed 24 % :  mod = 9.181813547036453e-12,  Error =4.710223286963355e-06
Completed 25 % :  mod = 3.1407421357178064e-11,  Error =4.92313228050989e-06
Completed 26 % :  mod = 9.289161153110916e-11,  Error =5.132181478018083e-06
Completed 27 % :  mod = 2.6894878625175614e-10,  Error =5.311815435504741e-06
Completed 28 % :  mod = 3.6733382418122715e-10,  Error =5.421677606420872e-06
Completed 28 % :  mod = 1.1845534617395423e-10,  Error =5.582764110556582e-06
Completed 30 % :  mod = 6.223407406471263e-11,  Error =5.785114687739679e-06
Completed 31 % :  mod = 1.2183937501102164e-10,  Error =5.989580039056364e-06
Completed 32 % :  mod = 2.8119028815311434e-10,  Error =6.166231827364754e-06
Completed 33 % :  mod = 3.25313872557986e-10,  Error =6.272541867247128e-06
Completed 34 % :  mod = 1.2596848044880275e-10,  Error =6.437739152431732e-06
Completed 35 % :  mod = 3.668675209763698e-11,  Error =6.643661826899461e-06
Completed 36 % :  mod = 2.0195763598489222e-11,  Error =6.855922208615084e-06
Completed 37 % :  mod = 3.8556294838667786e-11,  Error =7.068440233126694e-06
Completed 38 % :  mod = 9.387335495724413e-11,  Error =7.277156925056261e-06
Completed 39 % :  mod = 2.6543445353523734e-10,  Error =7.456081320356134e-06
Completed 40 % :  mod = 3.74066126896552e-10,  Error =7.566652826085374e-06
Completed 41 % :  mod = 1.2030207603943457e-10,  Error =7.726796560802995e-06
Completed 42 % :  mod = 7.21451304288574e-11,  Error =7.927026175025276e-06
Completed 43 % :  mod = 1.7063208860256228e-10,  Error =8.125143175163885e-06
Completed 44 % :  mod = 3.525602194755574e-10,  Error =8.281058981651768e-06
Completed 45 % :  mod = 2.2832991461300077e-10,  Error =8.38736071528956e-06
Completed 46 % :  mod = 1.4165038633763706e-10,  Error =8.565307091146224e-06
Completed 47 % :  mod = 1.0919495639206242e-10,  Error =8.765004139377197e-06
Completed 48 % :  mod = 1.8735008281530986e-10,  Error =8.94931429229473e-06
Completed 49 % :  mod = 4.130421311214066e-10,  Error =9.064095316091425e-06
Completed 50 % :  mod = 1.6934542938905882e-10,  Error =9.207164623603603e-06
Completed 51 % :  mod = 8.176457848004887e-11,  Error =9.401942143938413e-06
Completed 52 % :  mod = 1.2671615221023173e-10,  Error =9.603520808809662e-06
Completed 53 % :  mod = 3.099332735364259e-10,  Error =9.775087498553603e-06
Completed 54 % :  mod = 3.0811502135370683e-10,  Error =9.88264770285241e-06
Completed 55 % :  mod = 1.0529503921276546e-10,  Error =1.0051739408822868e-05
Completed 56 % :  mod = 4.3335866752081926e-11,  Error =1.0258439651522622e-05
Completed 56 % :  mod = 3.614367784962519e-11,  Error =1.047044631263816e-05
Completed 57 % :  mod = 5.472017268237294e-11,  Error =1.0681827717462511e-05
Completed 59 % :  mod = 1.5747717975664823e-10,  Error =1.0882256908928412e-05
Completed 60 % :  mod = 3.869087352181417e-10,  Error =1.1026273305958512e-05
Completed 61 % :  mod = 1.892256469567338e-10,  Error =1.114479793073997e-05
Completed 62 % :  mod = 1.1668417290555154e-10,  Error =1.133369669048534e-05
Completed 63 % :  mod = 1.0830357500163495e-10,  Error =1.1536604560546948e-05
Completed 64 % :  mod = 1.8530032822201828e-10,  Error =1.1722780122624954e-05
Completed 65 % :  mod = 4.359542545971873e-10,  Error =1.1840190580869603e-05
Completed 66 % :  mod = 1.518277406563415e-10,  Error =1.1980315889559279e-05
Completed 67 % :  mod = 7.998054041898838e-11,  Error =1.217345249671098e-05
Completed 68 % :  mod = 1.7106033725369863e-10,  Error =1.2371480075046293e-05
Completed 69 % :  mod = 3.293444547506912e-10,  Error =1.2532708041135265e-05
Completed 70 % :  mod = 2.6258953428953056e-10,  Error =1.2637325099262853e-05
Completed 71 % :  mod = 1.3363636458944297e-10,  Error =1.2811765209619352e-05
Completed 72 % :  mod = 7.171434127804135e-11,  Error =1.3014347992168496e-05
Completed 73 % :  mod = 1.3732200909671397e-10,  Error =1.3211961437775699e-05
Completed 74 % :  mod = 3.97115715815622e-10,  Error =1.3355189345531926e-05
Completed 75 % :  mod = 2.3219706488414512e-10,  Error =1.3475995793044149e-05
Completed 76 % :  mod = 9.12907383110532e-11,  Error =1.3664732279039526e-05
Completed 77 % :  mod = 3.659146065139932e-11,  Error =1.3873822098275923e-05
Completed 78 % :  mod = 5.702887821481358e-11,  Error =1.4083688135713146e-05
Completed 79 % :  mod = 1.9169482500644692e-10,  Error =1.428013301563169e-05
Completed 80 % :  mod = 3.856969587836335e-10,  Error =1.441309967020743e-05
Completed 81 % :  mod = 1.7971329020525098e-10,  Error =1.4541664064893212e-05
Completed 82 % :  mod = 1.0261089954849876e-10,  Error =1.4735899803497432e-05
Completed 83 % :  mod = 7.243404866281619e-11,  Error =1.4941944279200925e-05
Completed 84 % :  mod = 1.622107020438963e-10,  Error =1.513526254370845e-05
Completed 85 % :  mod = 4.2992322521450995e-10,  Error =1.52630273433374e-05
Completed 86 % :  mod = 1.6933780370634867e-10,  Error =1.5393587077028315e-05
Completed 87 % :  mod = 8.804495914679877e-11,  Error =1.5588544378886127e-05
Completed 88 % :  mod = 6.545365253597853e-11,  Error =1.579702517773285e-05
Completed 89 % :  mod = 1.0509270641575493e-10,  Error =1.6001515369623576e-05
Completed 90 % :  mod = 3.1807037432830167e-10,  Error =1.6166095413439052e-05
Completed 91 % :  mod = 3.0096773283848337e-10,  Error =1.6276341817444973e-05
Completed 92 % :  mod = 1.334532411971495e-10,  Error =1.6448663366475103e-05
Completed 93 % :  mod = 1.0526163288802059e-10,  Error =1.6646678872689336e-05
Completed 94 % :  mod = 2.387613270197179e-10,  Error =1.6825712151558037e-05
Completed 95 % :  mod = 4.2336166905629204e-10,  Error =1.694940193885941e-05
Completed 96 % :  mod = 1.4382408078684708e-10,  Error =1.7088680294818914e-05
Completed 97 % :  mod = 1.2662564878922603e-10,  Error =1.727028080722448e-05
Completed 98 % :  mod = 3.688803872114192e-10,  Error =1.743130987819086e-05
Completed 99 % :  mod = 2.950561816346238e-10,  Error =1.755270880465787e-05
Completed 100 % :  mod = 1.2484920137567704e-10,  Error =1.771106287407065e-05
Finished 169/201 frames
Finished all frames!
