/opt/local/miniconda_23_9/lib/python3.11/site-packages/conda/base/context.py:201: FutureWarning: Adding 'defaults' to channel list implicitly is deprecated and will be removed in 25.3. 

To remove this warning, please choose a default channel explicitly with conda's regular configuration system, e.g. by adding 'defaults' to the list of channels:

  conda config --add channels defaults

For more information see https://docs.conda.io/projects/conda/en/stable/user-guide/configuration/use-condarc.html

  deprecated.topic(
JOB 14015 ARRAY_ID 144  -> i=144 ; range=[1.9e-10, 5.0e-10] ; intervals=200 (frames=201)
Analytic t0 extension enabled (--extend-time-using-t0).
Density options: centers='2.0e-10,4.0e-10' width='2.0e-11,5.0e-11' strength='7.0'
Completed 0 % :  mod = 3.325516666135526e-16,  Error =-1.4210854715202004e-14
Completed 1 % :  mod = 5.285780191241995e-16,  Error =1.4657040026122559e-07
Completed 2 % :  mod = 1.3477569638180002e-15,  Error =2.9314065130847666e-07
Completed 3 % :  mod = 3.7558371507007684e-15,  Error =4.3970974417106845e-07
Completed 4 % :  mod = 1.0591758932389876e-14,  Error =5.862800875888752e-07
Completed 5 % :  mod = 2.9914545582935927e-14,  Error =7.328506299586479e-07
Completed 6 % :  mod = 8.450426833917773e-14,  Error =8.794217620788913e-07
Completed 7 % :  mod = 2.3871797932450474e-13,  Error =1.0259916649602019e-06
Completed 8 % :  mod = 6.743614681880392e-13,  Error =1.1725621007485643e-06
Completed 9 % :  mod = 1.90501895571528e-12,  Error =1.3191312078220108e-06
Completed 10 % :  mod = 5.381410084593187e-12,  Error =1.4656884630426248e-06
Completed 11 % :  mod = 1.5198988198754512e-11,  Error =1.6121521895229307e-06
Completed 12 % :  mod = 4.286509347430925e-11,  Error =1.7578812503415975e-06
Completed 13 % :  mod = 1.1941054402554045e-10,  Error =1.8980782670041663e-06
Completed 14 % :  mod = 2.923868958774258e-10,  Error =2.0086508527583646e-06
Completed 15 % :  mod = 2.646758955087899e-10,  Error =2.084212198383284e-06
Completed 16 % :  mod = 1.054812812450385e-10,  Error =2.2030875399536853e-06
Completed 17 % :  mod = 4.529339633129589e-11,  Error =2.3440205154656724e-06
Completed 18 % :  mod = 5.237353507241514e-11,  Error =2.4882648617108316e-06
Completed 19 % :  mod = 1.1931583954708722e-10,  Error =2.62853550481168e-06
Completed 20 % :  mod = 2.4707213269476525e-10,  Error =2.744623714079353e-06
Completed 21 % :  mod = 3.0201985712467816e-10,  Error =2.8191600307536646e-06
Completed 22 % :  mod = 1.3125380611249747e-10,  Error =2.9304046975653364e-06
Completed 23 % :  mod = 6.788006253610085e-11,  Error =3.066935050810571e-06
Completed 24 % :  mod = 1.1383807092053433e-10,  Error =3.205243757520293e-06
Completed 25 % :  mod = 2.6650179956639504e-10,  Error =3.3241325496646823e-06
Completed 26 % :  mod = 2.8554448273247e-10,  Error =3.40194787895598e-06
Completed 27 % :  mod = 1.2608069407459152e-10,  Error =3.5097600914468785e-06
Completed 28 % :  mod = 5.8198332167096646e-11,  Error =3.6484505869793793e-06
Completed 28 % :  mod = 4.5562923587620534e-11,  Error =3.79267277139661e-06
Completed 30 % :  mod = 8.085897058824332e-11,  Error =3.935280759037596e-06
Completed 31 % :  mod = 2.2705824972677242e-10,  Error =4.061508249719736e-06
Completed 32 % :  mod = 3.2975674313417293e-10,  Error =4.145071656580512e-06
Completed 33 % :  mod = 1.3191451411129076e-10,  Error =4.242935688125726e-06
Completed 34 % :  mod = 8.176925018475233e-11,  Error =4.37814192366659e-06
Completed 35 % :  mod = 7.901835672106715e-11,  Error =4.51986349503386e-06
Completed 36 % :  mod = 1.2638905350624907e-10,  Error =4.655497278349685e-06
Completed 37 % :  mod = 3.364594858103156e-10,  Error =4.754851353538925e-06
Completed 38 % :  mod = 2.2865979664097344e-10,  Error =4.837095588072771e-06
Completed 39 % :  mod = 7.940997505840167e-11,  Error =4.962453417078905e-06
Completed 40 % :  mod = 4.248432245333648e-11,  Error =5.105364742519214e-06
Completed 41 % :  mod = 3.896427946431626e-11,  Error =5.2505971552818664e-06
Completed 42 % :  mod = 7.19137754453017e-11,  Error =5.39406834576539e-06
Completed 43 % :  mod = 1.9597490640177173e-10,  Error =5.522963213877574e-06
Completed 44 % :  mod = 3.5836931300131773e-10,  Error =5.607957412223641e-06
Completed 45 % :  mod = 1.475731871689582e-10,  Error =5.700569523980903e-06
Completed 46 % :  mod = 8.334690827093838e-11,  Error =5.8333776280505845e-06
Completed 47 % :  mod = 7.859870985729879e-11,  Error =5.9745829190660515e-06
Completed 48 % :  mod = 1.3445413532989876e-10,  Error =6.110175561957476e-06
Completed 49 % :  mod = 3.0854058262639135e-10,  Error =6.210630168368425e-06
Completed 50 % :  mod = 2.4569952530389834e-10,  Error =6.293321519024175e-06
Completed 51 % :  mod = 9.657776902348825e-11,  Error =6.41689597102868e-06
Completed 52 % :  mod = 5.857102817121231e-11,  Error =6.5571745082593225e-06
Completed 53 % :  mod = 1.2056654421930347e-10,  Error =6.6957936368794435e-06
Completed 54 % :  mod = 2.712975295691471e-10,  Error =6.812390616062203e-06
Completed 55 % :  mod = 2.7168842055329606e-10,  Error =6.886588472809763e-06
Completed 56 % :  mod = 1.336218507893226e-10,  Error =6.998377337197326e-06
Completed 56 % :  mod = 4.825213464317808e-11,  Error =7.137905079446227e-06
Completed 57 % :  mod = 3.0284193642597645e-11,  Error =7.28276000927508e-06
Completed 59 % :  mod = 6.662629125129961e-11,  Error =7.42700244416028e-06
Completed 60 % :  mod = 1.6402911248243464e-10,  Error =7.562101778546548e-06
Completed 61 % :  mod = 3.181987501242872e-10,  Error =7.657843980268808e-06
Completed 62 % :  mod = 2.0533403998241492e-10,  Error =7.742015156964044e-06
Completed 63 % :  mod = 8.637849896626701e-11,  Error =7.870758693684365e-06
Completed 64 % :  mod = 4.723512900512615e-11,  Error =8.012844304516875e-06
Completed 65 % :  mod = 8.561961760154279e-11,  Error =8.15481825355846e-06
Completed 66 % :  mod = 2.274501406082537e-10,  Error =8.281555182065858e-06
Completed 67 % :  mod = 3.212352596178311e-10,  Error =8.366690714467495e-06
Completed 68 % :  mod = 1.4261336933429053e-10,  Error =8.462785253016136e-06
Completed 69 % :  mod = 8.415644750939976e-11,  Error =8.596823427353684e-06
Completed 70 % :  mod = 8.692785648222896e-11,  Error =8.737458202290327e-06
Completed 71 % :  mod = 1.4952481410713262e-10,  Error =8.869588448590093e-06
Completed 72 % :  mod = 3.5742781428727023e-10,  Error =8.960875824470804e-06
Completed 73 % :  mod = 1.9554637251476014e-10,  Error =9.047108591175856e-06
Completed 74 % :  mod = 7.048662166812372e-11,  Error =9.176472865135565e-06
Completed 75 % :  mod = 3.883616708973887e-11,  Error =9.319974019206256e-06
Completed 76 % :  mod = 4.5858966428169023e-11,  Error =9.465061744151626e-06
Completed 77 % :  mod = 8.834373154510535e-11,  Error =9.607190243343666e-06
Completed 78 % :  mod = 2.5017234453802684e-10,  Error =9.728354520177618e-06
Completed 79 % :  mod = 3.2512520376336626e-10,  Error =9.807825691154903e-06
Completed 80 % :  mod = 1.1482495466512779e-10,  Error =9.91321444132609e-06
Completed 81 % :  mod = 6.884186021161261e-11,  Error =1.0050606817912922e-05
Completed 82 % :  mod = 8.244782385286178e-11,  Error =1.0192715016899001e-05
Completed 83 % :  mod = 1.4130859534307517e-10,  Error =1.032760248165232e-05
Completed 84 % :  mod = 3.2242987886387857e-10,  Error =1.0424174206491443e-05
Completed 85 % :  mod = 2.2353057105135174e-10,  Error =1.0508684979981808e-05
Completed 86 % :  mod = 8.095435555797456e-11,  Error =1.063591368932748e-05
Completed 87 % :  mod = 4.6099524944849314e-11,  Error =1.077831340268176e-05
Completed 88 % :  mod = 7.360508288908258e-11,  Error =1.0921619725934306e-05
Completed 89 % :  mod = 1.6840868575407809e-10,  Error =1.1055661147452156e-05
Completed 90 % :  mod = 3.1433157576225725e-10,  Error =1.1150429713779886e-05
Completed 91 % :  mod = 1.9871603692574898e-10,  Error =1.123579505701855e-05
Completed 92 % :  mod = 9.475439270129769e-11,  Error =1.1364560791093936e-05
Completed 93 % :  mod = 6.394698546209895e-11,  Error =1.1505475519868469e-05
Completed 94 % :  mod = 1.1701763695164796e-10,  Error =1.1643375351866325e-05
Completed 95 % :  mod = 3.1004498636377037e-10,  Error =1.1754213737447117e-05
Completed 96 % :  mod = 2.5848687493361435e-10,  Error =1.1830708935178791e-05
Completed 97 % :  mod = 1.0038064171989862e-10,  Error =1.194772956836232e-05
Completed 98 % :  mod = 4.4343161646589644e-11,  Error =1.2089222927613719e-05
Completed 99 % :  mod = 2.726315010270992e-11,  Error =1.223473580580503e-05
Completed 100 % :  mod = 3.582989660610001e-11,  Error =1.2380351314789095e-05
Finished 145/201 frames
Finished all frames!
