/opt/local/miniconda_23_9/lib/python3.11/site-packages/conda/base/context.py:201: FutureWarning: Adding 'defaults' to channel list implicitly is deprecated and will be removed in 25.3. 

To remove this warning, please choose a default channel explicitly with conda's regular configuration system, e.g. by adding 'defaults' to the list of channels:

  conda config --add channels defaults

For more information see https://docs.conda.io/projects/conda/en/stable/user-guide/configuration/use-condarc.html

  deprecated.topic(
JOB 13470 ARRAY_ID 116  -> i=116 ; range=[1.9e-10, 6.0e-10] ; intervals=200 (frames=201)
Density options: centers='2.0e-10,4.0e-10' width='5e-11,5e-11' strength=''
Completed 0 % :  mod = 3.0995604820852285e-16,  Error =-1.4210854715202004e-14
Completed 1 % :  mod = 4.669102822247056e-16,  Error =1.106140743445394e-07
Completed 2 % :  mod = 1.0967286145585403e-15,  Error =2.2122858212014762e-07
Completed 3 % :  mod = 2.8372605447316837e-15,  Error =3.318426067266955e-07
Completed 4 % :  mod = 7.451232494766708e-15,  Error =4.424565318572604e-07
Completed 5 % :  mod = 1.9611451735461057e-14,  Error =5.530709188406036e-07
Completed 6 % :  mod = 5.163319911102811e-14,  Error =6.636848226548864e-07
Completed 7 % :  mod = 1.359465463312214e-13,  Error =7.742991527948107e-07
Completed 8 % :  mod = 3.5793991136771287e-13,  Error =8.849131418742218e-07
Completed 9 % :  mod = 9.424363845925943e-13,  Error =9.955272020079065e-07
Completed 10 % :  mod = 2.4813667070646827e-12,  Error =1.1061381073318444e-06
Completed 11 % :  mod = 6.532938409182628e-12,  Error =1.2167347236413661e-06
Completed 12 % :  mod = 1.7194056631317617e-11,  Error =1.3272246235374041e-06
Completed 13 % :  mod = 4.5145710678219665e-11,  Error =1.4369882492815123e-06
Completed 14 % :  mod = 1.1651917814240008e-10,  Error =1.542038475577101e-06
Completed 15 % :  mod = 2.616920362615063e-10,  Error =1.6252174077635573e-06
Completed 16 % :  mod = 2.525134763121661e-10,  Error =1.6831412068540885e-06
Completed 17 % :  mod = 1.0672405780369786e-10,  Error =1.7699805567872318e-06
Completed 18 % :  mod = 4.405819252850073e-11,  Error =1.8755596613573289e-06
Completed 19 % :  mod = 3.1958313608161605e-11,  Error =1.9849560288776047e-06
Completed 20 % :  mod = 4.6644717332619725e-11,  Error =2.0943818626051325e-06
Completed 21 % :  mod = 9.654855679850325e-11,  Error =2.200374801475391e-06
Completed 22 % :  mod = 2.467626479869721e-10,  Error =2.2878775638446314e-06
Completed 23 % :  mod = 2.7930791315249816e-10,  Error =2.3476039245906577e-06
Completed 24 % :  mod = 1.1250336764303486e-10,  Error =2.4287707205417064e-06
Completed 25 % :  mod = 5.868969769462151e-11,  Error =2.532719044268106e-06
Completed 26 % :  mod = 4.627444841868705e-11,  Error =2.6412587459390124e-06
Completed 27 % :  mod = 6.909255052832584e-11,  Error =2.749039843763512e-06
Completed 28 % :  mod = 1.6716217569134012e-10,  Error =2.847445557563333e-06
Completed 28 % :  mod = 3.17010413006959e-10,  Error =2.917015386572075e-06
Completed 30 % :  mod = 1.6734260019641772e-10,  Error =2.9808720469759464e-06
Completed 31 % :  mod = 9.278842724664546e-11,  Error =3.076662707712785e-06
Completed 32 % :  mod = 6.073338553855852e-11,  Error =3.182953818736678e-06
Completed 33 % :  mod = 7.686752279285641e-11,  Error =3.2894117509840726e-06
Completed 34 % :  mod = 1.8732025370215406e-10,  Error =3.3850538727620005e-06
Completed 35 % :  mod = 3.156871874014002e-10,  Error =3.4525969141441237e-06
Completed 36 % :  mod = 1.5267881376150675e-10,  Error =3.5188001916708345e-06
Completed 37 % :  mod = 9.984410821771886e-11,  Error =3.614811184604605e-06
Completed 38 % :  mod = 9.46552010620423e-11,  Error =3.7188431605272854e-06
Completed 39 % :  mod = 1.3364626023346298e-10,  Error =3.818167989777521e-06
Completed 40 % :  mod = 2.8648992491184797e-10,  Error =3.891219940044266e-06
Completed 41 % :  mod = 2.3151028589200333e-10,  Error =3.955423210300069e-06
Completed 42 % :  mod = 8.816086066915586e-11,  Error =4.0466497637225984e-06
Completed 43 % :  mod = 6.107181303666944e-11,  Error =4.1517847790828455e-06
Completed 44 % :  mod = 1.0525647268547008e-10,  Error =4.257141547725496e-06
Completed 45 % :  mod = 1.8570802578908653e-10,  Error =4.351343235953209e-06
Completed 46 % :  mod = 2.8913683428932277e-10,  Error =4.413134782055295e-06
Completed 47 % :  mod = 1.7149385254250503e-10,  Error =4.485864039338594e-06
Completed 48 % :  mod = 6.190111773430659e-11,  Error =4.585792311218029e-06
Completed 49 % :  mod = 3.580592322699393e-11,  Error =4.694007131433864e-06
Completed 50 % :  mod = 5.6000805345316453e-11,  Error =4.802962649819165e-06
Completed 51 % :  mod = 1.0658683780698861e-10,  Error =4.908357574606725e-06
Completed 52 % :  mod = 2.35580937656567e-10,  Error =4.994481230369274e-06
Completed 53 % :  mod = 2.8898385763811325e-10,  Error =5.054007900184843e-06
Completed 54 % :  mod = 1.112532592525795e-10,  Error =5.135767978003969e-06
Completed 55 % :  mod = 6.332901362713463e-11,  Error =5.238644149585525e-06
Completed 56 % :  mod = 8.633503802021679e-11,  Error =5.3451215293875975e-06
Completed 56 % :  mod = 1.4228137647974192e-10,  Error =5.446015919119418e-06
Completed 57 % :  mod = 2.6388984667313175e-10,  Error =5.521053580537227e-06
Completed 59 % :  mod = 2.368352195817113e-10,  Error =5.583571855538594e-06
Completed 60 % :  mod = 9.559499372559964e-11,  Error =5.674604985017595e-06
Completed 61 % :  mod = 6.476530117122294e-11,  Error =5.778905993736316e-06
Completed 62 % :  mod = 1.202646224454062e-10,  Error =5.882718049576852e-06
Completed 63 % :  mod = 2.2823032232201036e-10,  Error =5.972163116041429e-06
Completed 64 % :  mod = 2.622226502546201e-10,  Error =6.031318818600084e-06
Completed 65 % :  mod = 1.4322248580161686e-10,  Error =6.109780514407248e-06
Completed 66 % :  mod = 5.982373377382685e-11,  Error =6.212199529898044e-06
Completed 67 % :  mod = 4.6404481125864226e-11,  Error =6.320373600487983e-06
Completed 68 % :  mod = 7.844872243655827e-11,  Error =6.4279116287480065e-06
Completed 69 % :  mod = 1.7298715310373527e-10,  Error =6.526412377638735e-06
Completed 70 % :  mod = 2.867833904027404e-10,  Error =6.595323505109718e-06
Completed 71 % :  mod = 1.785040527050597e-10,  Error =6.661467317314873e-06
Completed 72 % :  mod = 8.908596800475432e-11,  Error =6.758441998044873e-06
Completed 73 % :  mod = 5.4797053450890755e-11,  Error =6.865105781628245e-06
Completed 74 % :  mod = 7.457371215343875e-11,  Error =6.971949339629191e-06
Completed 75 % :  mod = 1.8950288959335198e-10,  Error =7.069206837684305e-06
Completed 76 % :  mod = 2.8373091444311084e-10,  Error =7.138127429584529e-06
Completed 77 % :  mod = 1.6738875870329e-10,  Error =7.204189948595285e-06
Completed 78 % :  mod = 1.0746305052159331e-10,  Error =7.300635573415093e-06
Completed 79 % :  mod = 7.390654393025717e-11,  Error =7.4055322230037746e-06
Completed 80 % :  mod = 1.1101323908636337e-10,  Error =7.507356748703842e-06
Completed 81 % :  mod = 2.961025293816596e-10,  Error =7.587800460839844e-06
Completed 82 % :  mod = 2.3061256784642552e-10,  Error =7.647969930246745e-06
Completed 83 % :  mod = 1.035547208298963e-10,  Error =7.734337344800224e-06
Completed 84 % :  mod = 6.786797275798968e-11,  Error =7.839355234295908e-06
Completed 85 % :  mod = 5.296369220929115e-11,  Error =7.947371287286842e-06
Completed 86 % :  mod = 9.493234550260394e-11,  Error =8.052267688185566e-06
Completed 87 % :  mod = 2.6344261457028064e-10,  Error =8.13842760294392e-06
Completed 88 % :  mod = 2.6473057780444446e-10,  Error =8.198631036293591e-06
Completed 89 % :  mod = 1.1608125894924116e-10,  Error =8.280277761230082e-06
Completed 90 % :  mod = 6.596159345415331e-11,  Error =8.384108035386362e-06
Completed 91 % :  mod = 4.947746040860238e-11,  Error =8.49205625996774e-06
Completed 92 % :  mod = 9.120564649218634e-11,  Error =8.597833087264917e-06
Completed 93 % :  mod = 2.301189233869094e-10,  Error =8.687738663581968e-06
Completed 94 % :  mod = 2.959113000654708e-10,  Error =8.749615417968926e-06
Completed 95 % :  mod = 1.3018292977803889e-10,  Error =8.825483050145522e-06
Completed 96 % :  mod = 7.628028693358845e-11,  Error =8.926160937505756e-06
Completed 97 % :  mod = 8.936806999607571e-11,  Error =9.031348973564945e-06
Completed 98 % :  mod = 1.53819176536478e-10,  Error =9.129852848843711e-06
Completed 99 % :  mod = 2.835858872943966e-10,  Error =9.199834167361587e-06
Completed 100 % :  mod = 2.1773646734147006e-10,  Error =9.26546239554682e-06
Finished 117/201 frames
Finished all frames!
