/opt/local/miniconda_23_9/lib/python3.11/site-packages/conda/base/context.py:201: FutureWarning: Adding 'defaults' to channel list implicitly is deprecated and will be removed in 25.3. 

To remove this warning, please choose a default channel explicitly with conda's regular configuration system, e.g. by adding 'defaults' to the list of channels:

  conda config --add channels defaults

For more information see https://docs.conda.io/projects/conda/en/stable/user-guide/configuration/use-condarc.html

  deprecated.topic(
JOB 13424 ARRAY_ID 70  -> i=70 ; range=[1.9e-10, 6.0e-10] ; intervals=200 (frames=201)
Density options: centers='2.0e-10,4.0e-10' width='5e-11,5e-11' strength=''
Completed 0 % :  mod = 2.456548838080638e-16,  Error =-1.4210854715202004e-14
Completed 1 % :  mod = 3.143960774583829e-16,  Error =4.364304828641252e-08
Completed 2 % :  mod = 5.590911398645265e-16,  Error =8.72860042022694e-08
Completed 3 % :  mod = 1.1166852925106173e-15,  Error =1.309290240669725e-07
Completed 4 % :  mod = 2.29923982505896e-15,  Error =1.7457143286492283e-07
Completed 5 % :  mod = 4.7685792775421666e-15,  Error =2.1821386297915524e-07
Completed 6 % :  mod = 9.906685986690852e-15,  Error =2.6185599466543863e-07
Completed 7 % :  mod = 2.058913567288558e-14,  Error =3.0549843899052576e-07
Completed 8 % :  mod = 4.279443245408699e-14,  Error =3.4914130964125434e-07
Completed 9 % :  mod = 8.894991694157769e-14,  Error =3.9278462793390645e-07
Completed 10 % :  mod = 1.8488679457851266e-13,  Error =4.364278183288661e-07
Completed 11 % :  mod = 3.842965998515291e-13,  Error =4.800702413376712e-07
Completed 12 % :  mod = 7.987787407490197e-13,  Error =5.237128419821602e-07
Completed 13 % :  mod = 1.6602863394809666e-12,  Error =5.673547605056228e-07
Completed 14 % :  mod = 3.450836947479728e-12,  Error =6.109936165898944e-07
Completed 15 % :  mod = 7.1713484688681134e-12,  Error =6.546192778955628e-07
Completed 16 % :  mod = 1.4893477843114797e-11,  Error =6.981925793070332e-07
Completed 17 % :  mod = 3.0844439420048574e-11,  Error =7.415390683718215e-07
Completed 18 % :  mod = 6.311168380291752e-11,  Error =7.839371747309087e-07
Completed 19 % :  mod = 1.2259589516121376e-10,  Error =8.228320638181685e-07
Completed 20 % :  mod = 1.9331419835784457e-10,  Error =8.533018416301275e-07
Completed 21 % :  mod = 1.7516598169607885e-10,  Error =8.789491090510637e-07
Completed 22 % :  mod = 1.0074225175426531e-10,  Error =9.125052216063523e-07
Completed 23 % :  mod = 5.017284519906308e-11,  Error =9.529665447871594e-07
Completed 24 % :  mod = 2.4960331622773272e-11,  Error =9.958082003436175e-07
Completed 25 % :  mod = 1.2268956508416164e-11,  Error =1.0392557143745762e-06
Completed 26 % :  mod = 6.648480866948173e-12,  Error =1.0828475964785866e-06
Completed 27 % :  mod = 4.829884755661991e-12,  Error =1.1264724051329722e-06
Completed 28 % :  mod = 5.581660364588382e-12,  Error =1.1701001483288564e-06
Completed 28 % :  mod = 9.422713449758327e-12,  Error =1.213711684044938e-06
Completed 30 % :  mod = 1.8850240643443043e-11,  Error =1.2572417560363647e-06
Completed 31 % :  mod = 3.8025715695283315e-11,  Error =1.300427022954409e-06
Completed 32 % :  mod = 7.683721288967885e-11,  Error =1.342201173315516e-06
Completed 33 % :  mod = 1.4574752479243927e-10,  Error =1.3791525148576511e-06
Completed 34 % :  mod = 2.0040152687019593e-10,  Error =1.4070611342731354e-06
Completed 35 % :  mod = 1.5253566011124594e-10,  Error =1.4340961413950026e-06
Completed 36 % :  mod = 8.426808784352363e-11,  Error =1.4702245536568626e-06
Completed 37 % :  mod = 4.08778198813648e-11,  Error =1.5116811482585035e-06
Completed 38 % :  mod = 2.0978577160338325e-11,  Error =1.5547746627930792e-06
Completed 39 % :  mod = 1.1643171890884144e-11,  Error =1.5982709058448563e-06
Completed 40 % :  mod = 8.56891688738951e-12,  Error =1.6418577786225796e-06
Completed 41 % :  mod = 1.0667588740503617e-11,  Error =1.6854493338769316e-06
Completed 42 % :  mod = 1.8780369180117608e-11,  Error =1.728973479941942e-06
Completed 43 % :  mod = 3.606806854543799e-11,  Error =1.772185960646766e-06
Completed 44 % :  mod = 7.422813020808142e-11,  Error =1.814111300291188e-06
Completed 45 % :  mod = 1.3977525513235837e-10,  Error =1.8515936446306114e-06
Completed 46 % :  mod = 1.9810908309081256e-10,  Error =1.8800487353587414e-06
Completed 47 % :  mod = 1.6011029067027989e-10,  Error =1.9066860303951216e-06
Completed 48 % :  mod = 8.735979158287916e-11,  Error =1.9422098205268412e-06
Completed 49 % :  mod = 4.313910856015595e-11,  Error =1.9834429423326583e-06
Completed 50 % :  mod = 2.2562726689837567e-11,  Error =2.026474007266188e-06
Completed 51 % :  mod = 1.2524140909528211e-11,  Error =2.0699467881968303e-06
Completed 52 % :  mod = 9.915331793765233e-12,  Error =2.1135188319476583e-06
Completed 53 % :  mod = 1.3278755146699671e-11,  Error =2.1570883106392102e-06
Completed 54 % :  mod = 2.336899630084994e-11,  Error =2.2005450333040244e-06
Completed 55 % :  mod = 4.5673674804852317e-11,  Error =2.2435022870581633e-06
Completed 56 % :  mod = 9.378818516082896e-11,  Error =2.284460940416011e-06
Completed 56 % :  mod = 1.629376867140941e-10,  Error =2.319296811492677e-06
Completed 57 % :  mod = 1.9892828809708309e-10,  Error =2.345413768978233e-06
Completed 59 % :  mod = 1.3398330202461285e-10,  Error =2.3746291049064894e-06
Completed 60 % :  mod = 6.886018453475144e-11,  Error =2.4126222584186507e-06
Completed 61 % :  mod = 3.479992349583358e-11,  Error =2.4547415833353625e-06
Completed 62 % :  mod = 1.7185939103691933e-11,  Error =2.4980064381452394e-06
Completed 63 % :  mod = 9.270674315681046e-12,  Error =2.5415495912284314e-06
Completed 64 % :  mod = 6.8261674835058166e-12,  Error =2.585154966538994e-06
Completed 65 % :  mod = 7.97172670649124e-12,  Error =2.6287690886306336e-06
Completed 66 % :  mod = 1.3387230396902411e-11,  Error =2.6723480246459985e-06
Completed 67 % :  mod = 2.6935392665493003e-11,  Error =2.7157614468364955e-06
Completed 68 % :  mod = 5.4087540042382117e-11,  Error =2.7584848325545863e-06
Completed 69 % :  mod = 1.0582877326890853e-10,  Error =2.798535305714722e-06
Completed 70 % :  mod = 1.82655967538849e-10,  Error =2.831175031303701e-06
Completed 71 % :  mod = 1.8859795960633778e-10,  Error =2.8566926957296346e-06
Completed 72 % :  mod = 1.1516374207003102e-10,  Error =2.8880464597591526e-06
Completed 73 % :  mod = 5.964557084868846e-11,  Error =2.9274685502400644e-06
Completed 74 % :  mod = 2.8844268096569494e-11,  Error =2.9700131136678465e-06
Completed 75 % :  mod = 1.4202147020600357e-11,  Error =3.0133909660889913e-06
Completed 76 % :  mod = 7.41909178154039e-12,  Error =3.0569675786296102e-06
Completed 77 % :  mod = 4.576327283746891e-12,  Error =3.100589573534762e-06
Completed 78 % :  mod = 4.383988506740191e-12,  Error =3.14422112523971e-06
Completed 79 % :  mod = 6.724510952383998e-12,  Error =3.187846694174823e-06
Completed 80 % :  mod = 1.2611664642410436e-11,  Error =3.231437361250755e-06
Completed 81 % :  mod = 2.5639485555792484e-11,  Error =3.274871545499991e-06
Completed 82 % :  mod = 5.289888279566519e-11,  Error =3.317648463507794e-06
Completed 83 % :  mod = 1.0338032464173837e-10,  Error =3.357887379706881e-06
Completed 84 % :  mod = 1.7876220546545485e-10,  Error =3.3908862633325043e-06
Completed 85 % :  mod = 1.9240821294354873e-10,  Error =3.4164735467356877e-06
Completed 86 % :  mod = 1.171029471956398e-10,  Error =3.447446928817044e-06
Completed 87 % :  mod = 6.135352873780656e-11,  Error =3.486649283956922e-06
Completed 88 % :  mod = 3.025233255277689e-11,  Error =3.529124818157925e-06
Completed 89 % :  mod = 1.507454449126305e-11,  Error =3.5724758191690853e-06
Completed 90 % :  mod = 8.927824797973459e-12,  Error =3.6160378087402023e-06
Completed 91 % :  mod = 7.401334003215977e-12,  Error =3.659644839615339e-06
Completed 92 % :  mod = 9.882847133997693e-12,  Error =3.7032468114261974e-06
Completed 93 % :  mod = 1.8340506137065772e-11,  Error =3.7467770752641627e-06
Completed 94 % :  mod = 3.656760467503361e-11,  Error =3.789998068270961e-06
Completed 95 % :  mod = 7.255720780683089e-11,  Error =3.83194603159609e-06
Completed 96 % :  mod = 1.4053584468430643e-10,  Error =3.869416715929219e-06
Completed 97 % :  mod = 1.9958923826876294e-10,  Error =3.897974998778864e-06
Completed 98 % :  mod = 1.575190198167627e-10,  Error =3.924501037033679e-06
Completed 99 % :  mod = 8.948298411189748e-11,  Error =3.960002572966914e-06
Completed 100 % :  mod = 4.334929414410859e-11,  Error =4.001201986625347e-06
Finished 71/201 frames
Finished all frames!
