/opt/local/miniconda_23_9/lib/python3.11/site-packages/conda/base/context.py:201: FutureWarning: Adding 'defaults' to channel list implicitly is deprecated and will be removed in 25.3. 

To remove this warning, please choose a default channel explicitly with conda's regular configuration system, e.g. by adding 'defaults' to the list of channels:

  conda config --add channels defaults

For more information see https://docs.conda.io/projects/conda/en/stable/user-guide/configuration/use-condarc.html

  deprecated.topic(
JOB 13469 ARRAY_ID 115  -> i=115 ; range=[1.9e-10, 6.0e-10] ; intervals=200 (frames=201)
Density options: centers='2.0e-10,4.0e-10' width='5e-11,5e-11' strength=''
Completed 0 % :  mod = 3.0899647278943734e-16,  Error =-1.4210854715202004e-14
Completed 1 % :  mod = 4.643870526555229e-16,  Error =1.0925077731371857e-07
Completed 2 % :  mod = 1.0868468783873266e-15,  Error =2.1850153331115507e-07
Completed 3 % :  mod = 2.802430963117303e-15,  Error =3.277517777178218e-07
Completed 4 % :  mod = 7.336632201574886e-15,  Error =4.3700306662231014e-07
Completed 5 % :  mod = 1.9249840392227975e-14,  Error =5.46253055233592e-07
Completed 6 % :  mod = 5.0524071689399026e-14,  Error =6.555030509503013e-07
Completed 7 % :  mod = 1.3261418787660242e-13,  Error =7.647539774779943e-07
Completed 8 % :  mod = 3.4808438763483567e-13,  Error =8.740049111111148e-07
Completed 9 % :  mod = 9.136484208990535e-13,  Error =9.83254984987525e-07
Completed 10 % :  mod = 2.3981195003354633e-12,  Error =1.092503588040472e-06
Completed 11 % :  mod = 6.2942278953538165e-12,  Error =1.2017373549610966e-06
Completed 12 % :  mod = 1.6514888463253875e-11,  Error =1.3108744880696577e-06
Completed 13 % :  mod = 4.3236358671671254e-11,  Error =1.4193471145063086e-06
Completed 14 % :  mod = 1.1141801963234477e-10,  Error =1.5235211492381495e-06
Completed 15 % :  mod = 2.5309082006126424e-10,  Error =1.6072611899176081e-06
Completed 16 % :  mod = 2.6097207075372976e-10,  Error =1.6644632836460005e-06
Completed 17 % :  mod = 1.1007382101462788e-10,  Error =1.7485170289432972e-06
Completed 18 % :  mod = 4.6053848066522754e-11,  Error =1.852355580922449e-06
Completed 19 % :  mod = 3.172249813470311e-11,  Error =1.9603511063337464e-06
Completed 20 % :  mod = 4.2912993731107746e-11,  Error =2.0685324884084366e-06
Completed 21 % :  mod = 8.85469078043974e-11,  Error =2.173879202871376e-06
Completed 22 % :  mod = 2.306195731890554e-10,  Error =2.263269955449232e-06
Completed 23 % :  mod = 2.8873763117770984e-10,  Error =2.3234911594727237e-06
Completed 24 % :  mod = 1.2232942973278662e-10,  Error =2.3998214544462826e-06
Completed 25 % :  mod = 6.622695175107203e-11,  Error =2.5012016067194054e-06
Completed 26 % :  mod = 4.8729938973581706e-11,  Error =2.6080262429672985e-06
Completed 27 % :  mod = 6.952498781842961e-11,  Error =2.7142119094492045e-06
Completed 28 % :  mod = 1.7513365754379053e-10,  Error =2.8107085867645765e-06
Completed 28 % :  mod = 3.116343592093915e-10,  Error =2.8791510899850437e-06
Completed 30 % :  mod = 1.6290088301046895e-10,  Error =2.9426209096072853e-06
Completed 31 % :  mod = 9.804712794956683e-11,  Error =3.0371520765015703e-06
Completed 32 % :  mod = 7.044703562712763e-11,  Error =3.1413689001169587e-06
Completed 33 % :  mod = 9.453522808454213e-11,  Error =3.244466782348354e-06
Completed 34 % :  mod = 2.344558203645716e-10,  Error =3.331266526629406e-06
Completed 35 % :  mod = 2.945614073351068e-10,  Error =3.393040316268525e-06
Completed 36 % :  mod = 1.2215255657656452e-10,  Error =3.4686107781567443e-06
Completed 37 % :  mod = 8.843629921779084e-11,  Error =3.567204437615601e-06
Completed 38 % :  mod = 1.2244427823976801e-10,  Error =3.6686276985165023e-06
Completed 39 % :  mod = 1.8589874724356946e-10,  Error =3.758905236850296e-06
Completed 40 % :  mod = 2.8390022680099687e-10,  Error =3.81848626318515e-06
Completed 41 % :  mod = 1.761457230471661e-10,  Error =3.891754829510319e-06
Completed 42 % :  mod = 7.182046556668486e-11,  Error =3.989127122849823e-06
Completed 43 % :  mod = 6.516063236944535e-11,  Error =4.0937381911021475e-06
Completed 44 % :  mod = 1.446448220113093e-10,  Error =4.194768656873293e-06
Completed 45 % :  mod = 2.371850165173364e-10,  Error =4.2765972025904375e-06
Completed 46 % :  mod = 2.4474495357206403e-10,  Error =4.33290149004506e-06
Completed 47 % :  mod = 1.4516476256144257e-10,  Error =4.416256501826865e-06
Completed 48 % :  mod = 7.12233189668665e-11,  Error =4.516477126514928e-06
Completed 49 % :  mod = 9.961986920281332e-11,  Error =4.6181638353459675e-06
Completed 50 % :  mod = 2.5162900832799783e-10,  Error =4.70591535162157e-06
Completed 51 % :  mod = 2.564736403087934e-10,  Error =4.767749921086306e-06
Completed 52 % :  mod = 1.3612662148311567e-10,  Error =4.842928866821694e-06
Completed 53 % :  mod = 9.383180552706517e-11,  Error =4.94226329550429e-06
Completed 54 % :  mod = 8.300252542246875e-11,  Error =5.045875205667016e-06
Completed 55 % :  mod = 1.4597303359393827e-10,  Error =5.1421270441665e-06
Completed 56 % :  mod = 3.2614663010729364e-10,  Error =5.210937622734946e-06
Completed 56 % :  mod = 1.8146432255052717e-10,  Error =5.2742460425747595e-06
Completed 57 % :  mod = 8.951848511531569e-11,  Error =5.3668979731469335e-06
Completed 59 % :  mod = 6.613130310248581e-11,  Error =5.47157244312757e-06
Completed 60 % :  mod = 8.012293497254585e-11,  Error =5.576712446497822e-06
Completed 61 % :  mod = 1.6254188395448947e-10,  Error =5.672228546416136e-06
Completed 62 % :  mod = 3.2557302287821315e-10,  Error =5.738335048022236e-06
Completed 63 % :  mod = 1.6575226032198368e-10,  Error =5.803679869131884e-06
Completed 64 % :  mod = 8.446916271624875e-11,  Error =5.898758885791722e-06
Completed 65 % :  mod = 6.230939593736806e-11,  Error =6.003913789243143e-06
Completed 66 % :  mod = 8.236412235785245e-11,  Error =6.108985246555676e-06
Completed 67 % :  mod = 1.7441763109186093e-10,  Error =6.203341449406707e-06
Completed 68 % :  mod = 3.2457065547538253e-10,  Error =6.268385291718914e-06
Completed 69 % :  mod = 1.5655752465817915e-10,  Error =6.334914452565954e-06
Completed 70 % :  mod = 8.528351463682923e-11,  Error =6.4304601181675025e-06
Completed 71 % :  mod = 7.709872609266173e-11,  Error =6.534775359057221e-06
Completed 72 % :  mod = 1.1173095018932487e-10,  Error =6.637009974497232e-06
Completed 73 % :  mod = 2.2860743389816539e-10,  Error =6.720813978233764e-06
Completed 74 % :  mod = 2.9470863814693857e-10,  Error =6.78094277617447e-06
Completed 75 % :  mod = 1.2038015253356012e-10,  Error =6.860116251061754e-06
Completed 76 % :  mod = 7.855439630330157e-11,  Error =6.958971532355918e-06
Completed 77 % :  mod = 1.4365413956489333e-10,  Error =7.05887585183973e-06
Completed 78 % :  mod = 2.2648722632264593e-10,  Error =7.144411455328736e-06
Completed 79 % :  mod = 2.4600212071165896e-10,  Error =7.201378259935609e-06
Completed 80 % :  mod = 1.63709662536144e-10,  Error =7.280199902481854e-06
Completed 81 % :  mod = 6.914353235270188e-11,  Error =7.379648764072044e-06
Completed 82 % :  mod = 7.325129232482884e-11,  Error =7.483411167186205e-06
Completed 83 % :  mod = 1.927466358580119e-10,  Error =7.579259040824127e-06
Completed 84 % :  mod = 2.7994563092052414e-10,  Error =7.650627260602505e-06
Completed 85 % :  mod = 1.773342165629887e-10,  Error =7.711956705236389e-06
Completed 86 % :  mod = 1.2856819864218597e-10,  Error =7.803054764110584e-06
Completed 87 % :  mod = 9.87180242451268e-11,  Error =7.903332132741525e-06
Completed 88 % :  mod = 1.4625756878343084e-10,  Error =7.997562541106618e-06
Completed 89 % :  mod = 3.1817810897287276e-10,  Error =8.064961996012698e-06
Completed 90 % :  mod = 1.9449009692544395e-10,  Error =8.130169838693746e-06
Completed 91 % :  mod = 8.972554961067368e-11,  Error =8.221848759148997e-06
Completed 92 % :  mod = 7.963670853875057e-11,  Error =8.325035956602278e-06
Completed 93 % :  mod = 1.294546128423765e-10,  Error =8.426277503303936e-06
Completed 94 % :  mod = 2.1865471575156563e-10,  Error =8.509617359209187e-06
Completed 95 % :  mod = 2.7786277636359955e-10,  Error =8.567501602385619e-06
Completed 96 % :  mod = 1.4404454352403313e-10,  Error =8.647592125043957e-06
Completed 97 % :  mod = 8.058256237156598e-11,  Error =8.745639689777818e-06
Completed 98 % :  mod = 1.3549825305805297e-10,  Error =8.844223152948416e-06
Completed 99 % :  mod = 2.697799052354627e-10,  Error =8.926459088343108e-06
Completed 100 % :  mod = 2.2335196194245996e-10,  Error =8.984374403553375e-06
Finished 116/201 frames
Finished all frames!
