/opt/local/miniconda_23_9/lib/python3.11/site-packages/conda/base/context.py:201: FutureWarning: Adding 'defaults' to channel list implicitly is deprecated and will be removed in 25.3. 

To remove this warning, please choose a default channel explicitly with conda's regular configuration system, e.g. by adding 'defaults' to the list of channels:

  conda config --add channels defaults

For more information see https://docs.conda.io/projects/conda/en/stable/user-guide/configuration/use-condarc.html

  deprecated.topic(
JOB 13952 ARRAY_ID 81  -> i=81 ; range=[1.9e-10, 5.0e-10] ; intervals=200 (frames=201)
Analytic t0 extension enabled (--extend-time-using-t0).
Density options: centers='2.0e-10,4.0e-10' width='2.0e-11,5.0e-11' strength='7.0'
Completed 0 % :  mod = 2.8424677649745326e-16,  Error =-1.4210854715202004e-14
Completed 1 % :  mod = 4.0194112998173567e-16,  Error =7.823354764013857e-08
Completed 2 % :  mod = 8.524885293032489e-16,  Error =1.5646754292220066e-07
Completed 3 % :  mod = 2.0089935339450418e-15,  Error =2.3470149557169862e-07
Completed 4 % :  mod = 4.829174055721651e-15,  Error =3.129348087327344e-07
Completed 5 % :  mod = 1.1648460829250034e-14,  Error =3.9116859085197575e-07
Completed 6 % :  mod = 2.811400016634959e-14,  Error =4.694008666206173e-07
Completed 7 % :  mod = 6.786113399530312e-14,  Error =5.476344213661832e-07
Completed 8 % :  mod = 1.6380500948240618e-13,  Error =6.258677629489284e-07
Completed 9 % :  mod = 3.9539797293083693e-13,  Error =7.041013390107764e-07
Completed 10 % :  mod = 9.544237812697698e-13,  Error =7.82334687698949e-07
Completed 11 % :  mod = 2.303796935748664e-12,  Error =8.605655139604096e-07
Completed 12 % :  mod = 5.5606347972381435e-12,  Error =9.387876218625024e-07
Completed 13 % :  mod = 1.3417506150438859e-11,  Error =1.0169530710868457e-06
Completed 14 % :  mod = 3.231797165241787e-11,  Error =1.0947961612828294e-06
Completed 15 % :  mod = 7.702760972907094e-11,  Error =1.1708233458307404e-06
Completed 16 % :  mod = 1.7214893007590257e-10,  Error =1.2381795428950682e-06
Completed 17 % :  mod = 2.6465401564120426e-10,  Error =1.2849372694745398e-06
Completed 18 % :  mod = 1.5490345445650174e-10,  Error =1.3334536461684365e-06
Completed 19 % :  mod = 7.404112858162002e-11,  Error =1.4023447434396985e-06
Completed 20 % :  mod = 3.174380367645232e-11,  Error =1.4785952160423221e-06
Completed 21 % :  mod = 1.810229914093941e-11,  Error =1.5563628110726313e-06
Completed 22 % :  mod = 2.070200229278414e-11,  Error =1.6343314896971606e-06
Completed 23 % :  mod = 3.861506878905264e-11,  Error =1.7119441793056467e-06
Completed 24 % :  mod = 8.380177047156314e-11,  Error =1.7873298929771408e-06
Completed 25 % :  mod = 1.9365747909217142e-10,  Error =1.852395598689327e-06
Completed 26 % :  mod = 2.5822514077317576e-10,  Error =1.8974819155914702e-06
Completed 27 % :  mod = 1.383885843326441e-10,  Error =1.948626973558021e-06
Completed 28 % :  mod = 7.062428950269901e-11,  Error =2.0189872884657234e-06
Completed 28 % :  mod = 3.429581069209274e-11,  Error =2.0953436390414026e-06
Completed 30 % :  mod = 2.916252926876927e-11,  Error =2.1728176520241504e-06
Completed 31 % :  mod = 5.3879229714540184e-11,  Error =2.2498156369010758e-06
Completed 32 % :  mod = 1.1298051475435928e-10,  Error =2.3232694061903203e-06
Completed 33 % :  mod = 2.1406498656500975e-10,  Error =2.3824719050935528e-06
Completed 34 % :  mod = 2.462199290300777e-10,  Error =2.4250404209169574e-06
Completed 35 % :  mod = 1.1507004187437459e-10,  Error =2.48271091152219e-06
Completed 36 % :  mod = 5.7586598673811264e-11,  Error =2.5550736140189656e-06
Completed 37 % :  mod = 5.003897960254444e-11,  Error =2.6313102665653787e-06
Completed 38 % :  mod = 6.809010976671893e-11,  Error =2.707258929035561e-06
Completed 39 % :  mod = 1.2650178415504526e-10,  Error =2.778040574469287e-06
Completed 40 % :  mod = 2.6509547261304776e-10,  Error =2.831331940456039e-06
Completed 41 % :  mod = 1.9647281168231285e-10,  Error =2.8752023766287493e-06
Completed 42 % :  mod = 9.462619972147086e-11,  Error =2.938040438493772e-06
Completed 43 % :  mod = 4.8772055874460066e-11,  Error =3.0126577428291057e-06
Completed 44 % :  mod = 2.8701813423491808e-11,  Error =3.0898641298904295e-06
Completed 45 % :  mod = 3.659586696924887e-11,  Error =3.1672661222614806e-06
Completed 46 % :  mod = 8.294674791727627e-11,  Error =3.2430118892534665e-06
Completed 47 % :  mod = 1.6367076000877348e-10,  Error =3.310817774604402e-06
Completed 48 % :  mod = 2.5909031923597293e-10,  Error =3.357837847772771e-06
Completed 49 % :  mod = 1.6866283271456534e-10,  Error =3.406158931795744e-06
Completed 50 % :  mod = 7.132977823521797e-11,  Error =3.4744311108170223e-06
Completed 51 % :  mod = 3.2260920039717815e-11,  Error =3.5506135418472695e-06
Completed 52 % :  mod = 1.783353363291556e-11,  Error =3.6284096651684195e-06
Completed 53 % :  mod = 1.484261730319724e-11,  Error =3.706458386432132e-06
Completed 54 % :  mod = 2.5852019534953447e-11,  Error =3.7843709748131005e-06
Completed 55 % :  mod = 6.197152506770371e-11,  Error =3.861223113688084e-06
Completed 56 % :  mod = 1.3336557419194025e-10,  Error =3.932673877216075e-06
Completed 56 % :  mod = 2.498341415217443e-10,  Error =3.985949057039306e-06
Completed 57 % :  mod = 2.0375390564195788e-10,  Error =4.029694046892018e-06
Completed 59 % :  mod = 9.141160408069774e-11,  Error =4.093397357962658e-06
Completed 60 % :  mod = 4.037043503260871e-11,  Error =4.168344261756829e-06
Completed 61 % :  mod = 2.275995242287138e-11,  Error =4.245868943542064e-06
Completed 62 % :  mod = 1.9262348626641354e-11,  Error =4.323801420014206e-06
Completed 63 % :  mod = 3.258542365122967e-11,  Error =4.4015140403530495e-06
Completed 64 % :  mod = 7.85415273029921e-11,  Error =4.477527468793596e-06
Completed 65 % :  mod = 1.658401820781095e-10,  Error =4.5455175623487776e-06
Completed 66 % :  mod = 2.5965738458276435e-10,  Error =4.592837278494244e-06
Completed 67 % :  mod = 1.6567721054218677e-10,  Error =4.64084710216639e-06
Completed 68 % :  mod = 7.321848982048203e-11,  Error =4.709196566921037e-06
Completed 69 % :  mod = 3.1258895814894285e-11,  Error =4.785396697570832e-06
Completed 70 % :  mod = 1.5875646161166664e-11,  Error =4.8632306501872336e-06
Completed 71 % :  mod = 1.0957262258145094e-11,  Error =4.941337287789338e-06
Completed 72 % :  mod = 1.6553233946732156e-11,  Error =5.019425337593475e-06
Completed 73 % :  mod = 3.767482189433449e-11,  Error =5.097124237352091e-06
Completed 74 % :  mod = 8.602012967711174e-11,  Error =5.17262706978272e-06
Completed 75 % :  mod = 1.8249191957838752e-10,  Error =5.238071423718793e-06
Completed 76 % :  mod = 2.664239929733427e-10,  Error =5.282851120114174e-06
Completed 77 % :  mod = 1.412770548389787e-10,  Error =5.333809440344339e-06
Completed 78 % :  mod = 6.731802411782027e-11,  Error =5.403962227035208e-06
Completed 79 % :  mod = 3.252636944184939e-11,  Error =5.480464132290308e-06
Completed 80 % :  mod = 2.067497672483952e-11,  Error =5.558187147869376e-06
Completed 81 % :  mod = 3.018209904746579e-11,  Error =5.6359297815333775e-06
Completed 82 % :  mod = 6.681594862538561e-11,  Error =5.712536641055976e-06
Completed 83 % :  mod = 1.363537415621777e-10,  Error =5.783316503027436e-06
Completed 84 % :  mod = 2.5728814142475557e-10,  Error =5.835185547198307e-06
Completed 85 % :  mod = 1.9531189471144465e-10,  Error =5.879719502388525e-06
Completed 86 % :  mod = 8.618564177224015e-11,  Error =5.944416315628587e-06
Completed 87 % :  mod = 3.840999348623224e-11,  Error =6.019736261464459e-06
Completed 88 % :  mod = 1.8240389956980623e-11,  Error =6.097397175608421e-06
Completed 89 % :  mod = 1.1604836903514407e-11,  Error =6.175468229230319e-06
Completed 90 % :  mod = 1.6833461054734628e-11,  Error =6.2535506515359884e-06
Completed 91 % :  mod = 3.6694287347897746e-11,  Error =6.3312783851188215e-06
Completed 92 % :  mod = 8.015406376503753e-11,  Error =6.407003795061428e-06
Completed 93 % :  mod = 1.7983120090582e-10,  Error =6.4732064757322405e-06
Completed 94 % :  mod = 2.672930213844785e-10,  Error =6.519039985164454e-06
Completed 95 % :  mod = 1.446360140667748e-10,  Error =6.5687095300859255e-06
Completed 96 % :  mod = 7.353812935063931e-11,  Error =6.63820537738502e-06
Completed 97 % :  mod = 3.578513349900455e-11,  Error =6.714408499419733e-06
Completed 98 % :  mod = 2.7378076533919146e-11,  Error =6.791899515690147e-06
Completed 99 % :  mod = 4.7653917091027495e-11,  Error =6.8690956780415036e-06
Completed 100 % :  mod = 1.0384183930860248e-10,  Error =6.9434337959251025e-06
Finished 82/201 frames
Finished all frames!
