/opt/local/miniconda_23_9/lib/python3.11/site-packages/conda/base/context.py:201: FutureWarning: Adding 'defaults' to channel list implicitly is deprecated and will be removed in 25.3. 

To remove this warning, please choose a default channel explicitly with conda's regular configuration system, e.g. by adding 'defaults' to the list of channels:

  conda config --add channels defaults

For more information see https://docs.conda.io/projects/conda/en/stable/user-guide/configuration/use-condarc.html

  deprecated.topic(
JOB 13873 ARRAY_ID 2  -> i=2 ; range=[1.9e-10, 5.0e-10] ; intervals=200 (frames=201)
Analytic t0 extension enabled (--extend-time-using-t0).
Density options: centers='2.0e-10,4.0e-10' width='2.0e-11,5.0e-11' strength='7.0'
Completed 0 % :  mod = 1.5351092183568271e-16,  Error =-1.4210854715202004e-14
Completed 1 % :  mod = 1.504084895448449e-16,  Error =6.655497486462991e-09
Completed 2 % :  mod = 1.4122659165053205e-16,  Error =1.3310490487583593e-08
Completed 3 % :  mod = 1.2633635643474498e-16,  Error =1.996649956481633e-08
Completed 4 % :  mod = 1.0633964232063486e-16,  Error =2.6622139159826474e-08
Completed 5 % :  mod = 8.204471281713351e-17,  Error =3.327685504928013e-08
Completed 6 % :  mod = 5.4433564435721215e-17,  Error =3.993234543031576e-08
Completed 7 % :  mod = 2.4622223520289017e-17,  Error =4.6588404245540005e-08
Completed 8 % :  mod = 6.1843395423412034e-18,  Error =5.324478280499534e-08
Completed 9 % :  mod = 3.6740927538183345e-17,  Error =5.989969054098765e-08
Completed 10 % :  mod = 6.58124673235635e-17,  Error =6.655494644292048e-08
Completed 11 % :  mod = 9.222388545563564e-17,  Error =7.321063577592213e-08
Completed 12 % :  mod = 1.149076360775238e-16,  Error =7.986706407336897e-08
Completed 13 % :  mod = 1.3294686108303472e-16,  Error =8.652173022483112e-08
Completed 14 % :  mod = 1.456124131699121e-16,  Error =9.317678006937058e-08
Completed 15 % :  mod = 1.523923495332638e-16,  Error =9.983199333873927e-08
Completed 16 % :  mod = 1.5301264059069117e-16,  Error =1.064877181988777e-07
Completed 17 % :  mod = 1.4744820007386577e-16,  Error =1.1314335068846049e-07
Completed 18 % :  mod = 1.3592394960997783e-16,  Error =1.197986279066754e-07
Completed 19 % :  mod = 1.189056995724707e-16,  Error =1.2645388380860823e-07
Completed 20 % :  mod = 9.708131014598754e-17,  Error =1.3310867075233546e-07
Completed 21 % :  mod = 7.133292835327947e-17,  Error =1.3976411139537959e-07
Completed 22 % :  mod = 4.2701298675592713e-17,  Error =1.4641905465850868e-07
Completed 23 % :  mod = 1.2343682823944397e-17,  Error =1.530741471356123e-07
Completed 24 % :  mod = 1.8512856785236264e-17,  Error =1.5972887723592066e-07
Completed 25 % :  mod = 4.8621108081087355e-17,  Error =1.6638433919524687e-07
Completed 26 % :  mod = 7.676412015468629e-17,  Error =1.7304035537790696e-07
Completed 27 % :  mod = 1.0180434445657917e-16,  Error =1.796959807620624e-07
Completed 28 % :  mod = 1.2272966450273718e-16,  Error =1.8635176957104704e-07
Completed 28 % :  mod = 1.3869429432067944e-16,  Error =1.9300728126836475e-07
Completed 30 % :  mod = 1.4905293304715806e-16,  Error =1.9966187636555333e-07
Completed 31 % :  mod = 1.5338690611026145e-16,  Error =2.063172104271871e-07
Completed 32 % :  mod = 1.5152102249821398e-16,  Error =2.1297190500035867e-07
Completed 33 % :  mod = 1.4353069812861847e-16,  Error =2.1962711826972736e-07
Completed 34 % :  mod = 1.2973892386961972e-16,  Error =2.262822036414036e-07
Completed 35 % :  mod = 1.1070313606393299e-16,  Error =2.3293838324889293e-07
Completed 36 % :  mod = 8.719275175097306e-17,  Error =2.3959483286262184e-07
Completed 37 % :  mod = 6.015807980731454e-17,  Error =2.4625074956929893e-07
Completed 38 % :  mod = 3.0691830423332125e-17,  Error =2.5290670890854017e-07
Completed 39 % :  mod = 1.4982412242443283e-20,  Error =2.5956188665077207e-07
Completed 40 % :  mod = 3.072118085941704e-17,  Error =2.6621793836056895e-07
Completed 41 % :  mod = 6.018564565292666e-17,  Error =2.7287325110592064e-07
Completed 42 % :  mod = 8.72174257214649e-17,  Error =2.795290754420421e-07
Completed 43 % :  mod = 1.1072389912448868e-16,  Error =2.861842176571372e-07
Completed 44 % :  mod = 1.2975495488838494e-16,  Error =2.928399638335577e-07
Completed 45 % :  mod = 1.435413418234517e-16,  Error =2.9949414681595954e-07
Completed 46 % :  mod = 1.5152583146780142e-16,  Error =3.06149495088448e-07
Completed 47 % :  mod = 1.5338570711196356e-16,  Error =3.128050281020478e-07
Completed 48 % :  mod = 1.4904576387278906e-16,  Error =3.194614777157767e-07
Completed 49 % :  mod = 1.386814411230325e-16,  Error =3.261165772983077e-07
Completed 50 % :  mod = 1.2271167275572748e-16,  Error =3.3277149213972734e-07
Completed 51 % :  mod = 1.0178192108943771e-16,  Error =3.3942750832238744e-07
Completed 52 % :  mod = 7.673817672044812e-17,  Error =3.4608338950192774e-07
Completed 53 % :  mod = 4.859270910950203e-17,  Error =3.5273794907197953e-07
Completed 54 % :  mod = 1.8483129878575063e-17,  Error =3.5939288522968127e-07
Completed 55 % :  mod = 1.2373532256733832e-17,  Error =3.660482050804603e-07
Completed 56 % :  mod = 4.273006005568391e-17,  Error =3.727043775825223e-07
Completed 56 % :  mod = 7.135945598382525e-17,  Error =3.7935905794483915e-07
Completed 57 % :  mod = 9.710451556069937e-17,  Error =3.860145270095927e-07
Completed 59 % :  mod = 1.189246458342085e-16,  Error =3.9266952711614067e-07
Completed 60 % :  mod = 1.3593788103755323e-16,  Error =3.9932517381657817e-07
Completed 61 % :  mod = 1.474565354695009e-16,  Error =4.059809839418449e-07
Completed 62 % :  mod = 1.5301505259765859e-16,  Error =4.126362469492051e-07
Completed 63 % :  mod = 1.5238875233157497e-16,  Error =4.192921281287454e-07
Completed 64 % :  mod = 1.4560293362839345e-16,  Error =4.2594711402443863e-07
Completed 65 % :  mod = 1.3293189852312698e-16,  Error =4.3260143200996026e-07
Completed 66 % :  mod = 1.1488779832188083e-16,  Error =4.392561550048413e-07
Completed 67 % :  mod = 9.219996349571819e-17,  Error =4.4591214276579194e-07
Completed 68 % :  mod = 6.578543681890406e-17,  Error =4.525676473576823e-07
Completed 69 % :  mod = 3.671188434799721e-17,  Error =4.5922318037128207e-07
Completed 70 % :  mod = 6.154446527473244e-18,  Error =4.658778678390263e-07
Completed 71 % :  mod = 2.4651749732254097e-17,  Error =4.725327613641639e-07
Completed 72 % :  mod = 5.446153658211046e-17,  Error =4.79188678070841e-07
Completed 73 % :  mod = 8.207000505343445e-17,  Error =4.858440121324747e-07
Completed 74 % :  mod = 1.0636122263563575e-16,  Error =4.924984366994067e-07
Completed 75 % :  mod = 1.2635335758127235e-16,  Error =4.991535362819377e-07
Completed 76 % :  mod = 1.4123833198006238e-16,  Error =5.058081029574168e-07
Completed 77 % :  mod = 1.504144892926229e-16,  Error =5.124632238562299e-07
Completed 78 % :  mod = 1.5351094163631863e-16,  Error =5.191184726527354e-07
Completed 79 % :  mod = 1.5040253017382055e-16,  Error =5.257735722352663e-07
Completed 80 % :  mod = 1.4121489268003234e-16,  Error =5.324287712937803e-07
Completed 81 % :  mod = 1.263193954581761e-16,  Error =5.390847874764404e-07
Completed 82 % :  mod = 1.0631810439864035e-16,  Error =5.457400291675185e-07
Completed 83 % :  mod = 8.201947331359662e-17,  Error =5.52395377440007e-07
Completed 84 % :  mod = 5.4405643936421465e-17,  Error =5.590512799358294e-07
Completed 85 % :  mod = 2.4592745284799465e-17,  Error =5.657061521446849e-07
Completed 86 % :  mod = 6.214176670819027e-18,  Error =5.72361095407814e-07
Completed 87 % :  mod = 3.676991737521997e-17,  Error =5.790168629005166e-07
Completed 88 % :  mod = 6.583944261391704e-17,  Error =5.856726517095012e-07
Completed 89 % :  mod = 9.224775214954843e-17,  Error =5.923278649788699e-07
Completed 90 % :  mod = 1.1492743350811192e-16,  Error =5.989833411490508e-07
Completed 91 % :  mod = 1.3296179158969373e-16,  Error =6.056376378182904e-07
Completed 92 % :  mod = 1.4562187203191542e-16,  Error =6.122926805574025e-07
Completed 93 % :  mod = 1.5239596084872185e-16,  Error =6.189479009321985e-07
Completed 94 % :  mod = 1.530102513311906e-16,  Error =6.256030218310116e-07
Completed 95 % :  mod = 1.4743991017316434e-16,  Error =6.322587253748679e-07
Completed 96 % :  mod = 1.3591010234802975e-16,  Error =6.389146918195365e-07
Completed 97 % :  mod = 1.1888684698893727e-16,  Error =6.455696706098024e-07
Completed 98 % :  mod = 9.705821148927351e-17,  Error =6.522245357132306e-07
Completed 99 % :  mod = 7.130653239954744e-17,  Error =6.588797418771719e-07
Completed 100 % :  mod = 4.2672664474520695e-17,  Error =6.655353459450453e-07
Finished 3/201 frames
Finished all frames!
