/opt/local/miniconda_23_9/lib/python3.11/site-packages/conda/base/context.py:201: FutureWarning: Adding 'defaults' to channel list implicitly is deprecated and will be removed in 25.3. 

To remove this warning, please choose a default channel explicitly with conda's regular configuration system, e.g. by adding 'defaults' to the list of channels:

  conda config --add channels defaults

For more information see https://docs.conda.io/projects/conda/en/stable/user-guide/configuration/use-condarc.html

  deprecated.topic(
JOB 13979 ARRAY_ID 108  -> i=108 ; range=[1.9e-10, 5.0e-10] ; intervals=200 (frames=201)
Analytic t0 extension enabled (--extend-time-using-t0).
Density options: centers='2.0e-10,4.0e-10' width='2.0e-11,5.0e-11' strength='7.0'
Completed 0 % :  mod = 3.067839164385004e-16,  Error =-1.4210854715202004e-14
Completed 1 % :  mod = 4.585984346638659e-16,  Error =1.0615524814738819e-07
Completed 2 % :  mod = 1.064295297630543e-15,  Error =2.123104252405028e-07
Completed 3 % :  mod = 2.7233425555006318e-15,  Error =3.18465275483959e-07
Completed 4 % :  mod = 7.0777263273089405e-15,  Error =4.2462027494138965e-07
Completed 5 % :  mod = 1.8437051253984386e-14,  Error =5.307757575678806e-07
Completed 6 % :  mod = 4.80438263813529e-14,  Error =6.369303946485161e-07
Completed 7 % :  mod = 1.2520035758045813e-13,  Error =7.430850388345789e-07
Completed 8 % :  mod = 3.262696777598685e-13,  Error =8.492399814485907e-07
Completed 9 % :  mod = 8.502525721258998e-13,  Error =9.553946398455082e-07
Completed 10 % :  mod = 2.2157292404127843e-12,  Error =1.0615480547926381e-06
Completed 11 % :  mod = 5.773882418954755e-12,  Error =1.1676891844558668e-06
Completed 12 % :  mod = 1.5041815586360317e-11,  Error =1.2737502359527753e-06
Completed 13 % :  mod = 3.911299679112932e-11,  Error =1.379274770840766e-06
Completed 14 % :  mod = 1.0038369615525165e-10,  Error =1.4813320632356408e-06
Completed 15 % :  mod = 2.329417232839178e-10,  Error =1.566092485916215e-06
Completed 16 % :  mod = 2.7745626930697115e-10,  Error =1.6223769634393648e-06
Completed 17 % :  mod = 1.1882167647745058e-10,  Error =1.6999729766098426e-06
Completed 18 % :  mod = 5.1693665163979607e-11,  Error =1.7997124288626765e-06
Completed 19 % :  mod = 3.13575664074294e-11,  Error =1.904485905868114e-06
Completed 20 % :  mod = 3.5693179592163364e-11,  Error =2.0097703696819735e-06
Completed 21 % :  mod = 7.323709120023215e-11,  Error =2.1132754497443784e-06
Completed 22 % :  mod = 1.9249418061020063e-10,  Error =2.205824806367218e-06
Completed 23 % :  mod = 2.931317003241414e-10,  Error =2.2694774983733623e-06
Completed 24 % :  mod = 1.535514313203908e-10,  Error =2.335184547064273e-06
Completed 25 % :  mod = 8.422757602042063e-11,  Error =2.429972312256723e-06
Completed 26 % :  mod = 5.079096676109373e-11,  Error =2.5328161967763663e-06
Completed 27 % :  mod = 6.673928081596427e-11,  Error =2.635786245264171e-06
Completed 28 % :  mod = 1.7603166592471052e-10,  Error =2.7302865817091515e-06
Completed 28 % :  mod = 2.893474609778229e-10,  Error =2.799307203815715e-06
Completed 30 % :  mod = 1.740369811670763e-10,  Error =2.8591302125846596e-06
Completed 31 % :  mod = 1.1270914100188127e-10,  Error =2.9491785511481794e-06
Completed 32 % :  mod = 7.51954548618986e-11,  Error =3.049261145804394e-06
Completed 33 % :  mod = 1.0221489290085444e-10,  Error =3.147742077658222e-06
Completed 34 % :  mod = 2.6720243472838166e-10,  Error =3.2278781603167772e-06
Completed 35 % :  mod = 2.5898741874205395e-10,  Error =3.2872257236249425e-06
Completed 36 % :  mod = 1.1015522027834707e-10,  Error =3.36549038593148e-06
Completed 37 % :  mod = 8.160821150352306e-11,  Error =3.4638121917396347e-06
Completed 38 % :  mod = 9.405524653954969e-11,  Error =3.5646256151267153e-06
Completed 39 % :  mod = 1.5302601680640082e-10,  Error =3.6572542256863017e-06
Completed 40 % :  mod = 3.059108547417471e-10,  Error =3.720944413032612e-06
Completed 41 % :  mod = 1.8585543570184098e-10,  Error =3.7858837700355252e-06
Completed 42 % :  mod = 7.70296494895824e-11,  Error =3.878058805639739e-06
Completed 43 % :  mod = 4.9571935980459353e-11,  Error =3.9808230525295585e-06
Completed 44 % :  mod = 6.388526797582814e-11,  Error =4.084462034370517e-06
Completed 45 % :  mod = 1.2403070047419292e-10,  Error =4.182916185868635e-06
Completed 46 % :  mod = 2.78724708011417e-10,  Error =4.257469754520571e-06
Completed 47 % :  mod = 2.3631673128003933e-10,  Error =4.316128489278981e-06
Completed 48 % :  mod = 9.286273463003407e-11,  Error =4.402093033206711e-06
Completed 49 % :  mod = 4.378446186932638e-11,  Error =4.503889805107519e-06
Completed 50 % :  mod = 4.419787279759404e-11,  Error =4.608435432373881e-06
Completed 51 % :  mod = 7.72887834578083e-11,  Error =4.711746349528312e-06
Completed 52 % :  mod = 1.6830283615426896e-10,  Error =4.8051267569348965e-06
Completed 53 % :  mod = 3.1609484096435667e-10,  Error =4.870004978840825e-06
Completed 54 % :  mod = 1.594795417338912e-10,  Error =4.933177784494092e-06
Completed 55 % :  mod = 8.24227007232632e-11,  Error =5.02606491181723e-06
Completed 56 % :  mod = 6.064799679200248e-11,  Error =5.128498131057313e-06
Completed 56 % :  mod = 7.151657712528179e-11,  Error =5.231305216568671e-06
Completed 57 % :  mod = 1.5861421950344318e-10,  Error =5.325757889806937e-06
Completed 59 % :  mod = 3.1244212157990033e-10,  Error =5.39417354161742e-06
Completed 60 % :  mod = 1.698956576904191e-10,  Error =5.454039012420253e-06
Completed 61 % :  mod = 1.0061458127100402e-10,  Error =5.544204420004917e-06
Completed 62 % :  mod = 7.101596418252671e-11,  Error =5.645370684703721e-06
Completed 63 % :  mod = 8.043738491380366e-11,  Error =5.746697922859312e-06
Completed 64 % :  mod = 1.9757579549115114e-10,  Error =5.836168604389513e-06
Completed 65 % :  mod = 3.09749923466577e-10,  Error =5.899378251683629e-06
Completed 66 % :  mod = 1.4043895610226002e-10,  Error =5.96538517783074e-06
Completed 67 % :  mod = 1.0334359183737664e-10,  Error =6.058092111516089e-06
Completed 68 % :  mod = 1.0744253236424958e-10,  Error =6.156928321843225e-06
Completed 69 % :  mod = 1.4950629166348342e-10,  Error =6.249041490491436e-06
Completed 70 % :  mod = 2.926058111650949e-10,  Error =6.313444373517996e-06
Completed 71 % :  mod = 2.00229573904418e-10,  Error =6.378513077720527e-06
Completed 72 % :  mod = 8.232770155837804e-11,  Error =6.469269806075317e-06
Completed 73 % :  mod = 6.326082961337705e-11,  Error =6.570760149315902e-06
Completed 74 % :  mod = 1.056440518122272e-10,  Error =6.671525845547421e-06
Completed 75 % :  mod = 1.9259442633184373e-10,  Error =6.760172176711876e-06
Completed 76 % :  mod = 2.8440154030850715e-10,  Error =6.817994687935425e-06
Completed 77 % :  mod = 1.6189722363249196e-10,  Error =6.889529295506236e-06
Completed 78 % :  mod = 6.518718245905856e-11,  Error =6.985741634935039e-06
Completed 79 % :  mod = 4.104274735681336e-11,  Error =7.089307516139343e-06
Completed 80 % :  mod = 6.89656215021892e-11,  Error =7.1929741380927226e-06
Completed 81 % :  mod = 1.3853241712917173e-10,  Error =7.290421891070764e-06
Completed 82 % :  mod = 2.799049195993067e-10,  Error =7.361899150737372e-06
Completed 83 % :  mod = 2.2397154273217843e-10,  Error =7.421724255607387e-06
Completed 84 % :  mod = 8.486024786610318e-11,  Error =7.510362380003244e-06
Completed 85 % :  mod = 3.825023783517257e-11,  Error =7.612771590004286e-06
Completed 86 % :  mod = 4.512206922063566e-11,  Error =7.717511735449989e-06
Completed 87 % :  mod = 7.697279845639811e-11,  Error =7.821020048481842e-06
Completed 88 % :  mod = 1.5767676146292553e-10,  Error =7.915181072348787e-06
Completed 89 % :  mod = 3.1829842386262773e-10,  Error =7.980484404868093e-06
Completed 90 % :  mod = 1.6406877957096352e-10,  Error =8.043258894474548e-06
Completed 91 % :  mod = 7.976383595770482e-11,  Error =8.136099594935331e-06
Completed 92 % :  mod = 5.102270745702539e-11,  Error =8.239188751701931e-06
Completed 93 % :  mod = 4.5287676495945115e-11,  Error =8.343650762299148e-06
Completed 94 % :  mod = 9.319619633712377e-11,  Error =8.445196186812609e-06
Completed 95 % :  mod = 2.406202665353148e-10,  Error =8.531053602212069e-06
Completed 96 % :  mod = 2.648527568166259e-10,  Error =8.588328967107373e-06
Completed 97 % :  mod = 1.2892190174354638e-10,  Error =8.664163750893294e-06
Completed 98 % :  mod = 5.961540212060957e-11,  Error =8.763494520280801e-06
Completed 99 % :  mod = 2.3655307078511496e-11,  Error =8.868246162307969e-06
Completed 100 % :  mod = 2.627529079395395e-11,  Error =8.973726068006727e-06
Finished 109/201 frames
Finished all frames!
