/opt/local/miniconda_23_9/lib/python3.11/site-packages/conda/base/context.py:201: FutureWarning: Adding 'defaults' to channel list implicitly is deprecated and will be removed in 25.3. 

To remove this warning, please choose a default channel explicitly with conda's regular configuration system, e.g. by adding 'defaults' to the list of channels:

  conda config --add channels defaults

For more information see https://docs.conda.io/projects/conda/en/stable/user-guide/configuration/use-condarc.html

  deprecated.topic(
JOB 13573 ARRAY_ID 16  -> i=16 ; range=[2.0e-10, 2.09e-10] ; intervals=40 (frames=41)
Completed 0 % :  mod = 1.6280975608184308e-16,  Error =-1.4210854715202004e-14
Completed 1 % :  mod = 1.6424141572912542e-16,  Error =8.420883546023106e-09
Completed 2 % :  mod = 1.6856156489813305e-16,  Error =1.6840921546190657e-08
Completed 3 % :  mod = 1.758461856598993e-16,  Error =2.526080322695634e-08
Completed 4 % :  mod = 1.8622339009333514e-16,  Error =3.368149492644079e-08
Completed 5 % :  mod = 1.9987568613972217e-16,  Error =4.2102087149942236e-08
Completed 6 % :  mod = 2.170431655567933e-16,  Error =5.0522281469511654e-08
Completed 7 % :  mod = 2.3802775133608194e-16,  Error =5.894317212096212e-08
Completed 8 % :  mod = 2.631985116662733e-16,  Error =6.73646454174559e-08
Completed 9 % :  mod = 2.9299810873665758e-16,  Error =7.57845413090763e-08
Completed 10 % :  mod = 3.2795062252155604e-16,  Error =8.420495589689381e-08
Completed 11 % :  mod = 3.686707739475487e-16,  Error =9.26254060118481e-08
Completed 12 % :  mod = 4.158746883227012e-16,  Error =1.0104501058094684e-07
Completed 13 % :  mod = 4.7039253357065e-16,  Error =1.0946467909889179e-07
Completed 14 % :  mod = 5.331831201752091e-16,  Error =1.1788531395495738e-07
Completed 15 % :  mod = 6.053507274815956e-16,  Error =1.2630499668375705e-07
Completed 16 % :  mod = 6.881645611040871e-16,  Error =1.3472576654294244e-07
Completed 17 % :  mod = 7.830810638999973e-16,  Error =1.4314601060050336e-07
Completed 18 % :  mod = 8.917695134873221e-16,  Error =1.5156675914340667e-07
Completed 19 % :  mod = 1.0161414091284701e-15,  Error =1.5998740110489962e-07
Completed 20 % :  mod = 1.1583840595024328e-15,  Error =1.6840878913626511e-07
Completed 21 % :  mod = 1.3209990648012419e-15,  Error =1.7682888397985153e-07
Completed 22 % :  mod = 1.5068463212909909e-15,  Error =1.8524956857390862e-07
Completed 23 % :  mod = 1.7191942984351408e-15,  Error =1.9367134029835142e-07
Completed 24 % :  mod = 1.961777532961875e-15,  Error =2.020921456846736e-07
Completed 25 % :  mod = 2.2388623073666275e-15,  Error =2.1051271659189297e-07
Completed 26 % :  mod = 2.5553216795880383e-15,  Error =2.1893281143547938e-07
Completed 27 % :  mod = 2.9167211875531116e-15,  Error =2.2735313365274123e-07
Completed 28 % :  mod = 3.3294167116747164e-15,  Error =2.3577329955060122e-07
Completed 28 % :  mod = 3.800666279168118e-15,  Error =2.4419384203611116e-07
Completed 30 % :  mod = 4.338757712288361e-15,  Error =2.5261430636192017e-07
Completed 31 % :  mod = 4.953154345862843e-15,  Error =2.6103521122422535e-07
Completed 32 % :  mod = 5.65466149795828e-15,  Error =2.6945567555003436e-07
Completed 33 % :  mod = 6.4556164911034874e-15,  Error =2.7787612566498865e-07
Completed 34 % :  mod = 7.370105621867456e-15,  Error =2.8629661130707973e-07
Completed 35 % :  mod = 8.414211900625625e-15,  Error =2.947165427258369e-07
Completed 36 % :  mod = 9.606297886169713e-15,  Error =3.031366446748507e-07
Completed 37 % :  mod = 1.0967328647159251e-14,  Error =3.115570592626682e-07
Completed 38 % :  mod = 1.2521240470021412e-14,  Error =3.19977459639631e-07
Completed 39 % :  mod = 1.429536176918532e-14,  Error =3.2839830055308994e-07
Completed 40 % :  mod = 1.6320893784845373e-14,  Error =3.3681898514714703e-07
Completed 41 % :  mod = 1.8633459269284026e-14,  Error =3.4523942815667397e-07
Completed 42 % :  mod = 2.1273728943681817e-14,  Error =3.536596508979528e-07
Completed 43 % :  mod = 2.4288136816045454e-14,  Error =3.6208039233542877e-07
Completed 44 % :  mod = 2.7729696766050307e-14,  Error =3.7050123324888773e-07
Completed 45 % :  mod = 3.165893484645355e-14,  Error =3.789202480675158e-07
Completed 46 % :  mod = 3.614495375194254e-14,  Error =3.873408118693078e-07
Completed 47 % :  mod = 4.126664802422738e-14,  Error =3.957612975113989e-07
Completed 48 % :  mod = 4.7114091497591967e-14,  Error =4.041809233967797e-07
Completed 49 % :  mod = 5.3790121281989943e-14,  Error =4.1260211958160653e-07
Completed 50 % :  mod = 6.141214613103098e-14,  Error =4.2102241337715895e-07
Completed 51 % :  mod = 7.011421105009981e-14,  Error =4.2944252953702744e-07
Completed 52 % :  mod = 8.004935429813939e-14,  Error =4.37862567537195e-07
Completed 53 % :  mod = 9.139229816875358e-14,  Error =4.4628211526287487e-07
Completed 54 % :  mod = 1.0434252092807114e-13,  Error =4.5470213194676035e-07
Completed 55 % :  mod = 1.19127763617019e-13,  Error =4.6312305101992024e-07
Completed 56 % :  mod = 1.3600803314924528e-13,  Error =4.715426982215831e-07
Completed 56 % :  mod = 1.5528017196024314e-13,  Error =4.799630985985459e-07
Completed 57 % :  mod = 1.7728307393940823e-13,  Error =4.883833568669615e-07
Completed 59 % :  mod = 2.024036375658272e-13,  Error =4.968037856656338e-07
Completed 60 % :  mod = 2.3108356002163794e-13,  Error =5.052242286751607e-07
Completed 61 % :  mod = 2.638270900440122e-13,  Error =5.136442950970377e-07
Completed 62 % :  mod = 3.0120987336139036e-13,  Error =5.220643330972052e-07
Completed 63 % :  mod = 3.4388904272153754e-13,  Error =5.304849537424161e-07
Completed 64 % :  mod = 3.926147245613691e-13,  Error =5.389052120108317e-07
Completed 65 % :  mod = 4.48243156577932e-13,  Error =5.473254987009568e-07
Completed 66 % :  mod = 5.117516349769928e-13,  Error =5.557461832950139e-07
Completed 67 % :  mod = 5.842555364442502e-13,  Error =5.641653615384712e-07
Completed 68 % :  mod = 6.670276876709983e-13,  Error =5.725861527139386e-07
Completed 69 % :  mod = 7.615203838168749e-13,  Error =5.810064891420552e-07
Completed 70 % :  mod = 8.693903843539074e-13,  Error =5.894265484585048e-07
Completed 71 % :  mod = 9.925272388368532e-13,  Error =5.978466433020913e-07
Completed 72 % :  mod = 1.1330853113942264e-12,  Error =6.062671502604644e-07
Completed 73 % :  mod = 1.2935198744720518e-12,  Error =6.146869679923839e-07
Completed 74 % :  mod = 1.4766276209298758e-12,  Error =6.231068496731496e-07
Completed 75 % :  mod = 1.6855918829655346e-12,  Error =6.31525892913487e-07
Completed 76 % :  mod = 1.924032723783171e-12,  Error =6.399447016747217e-07
Completed 77 % :  mod = 2.1960618513196787e-12,  Error =6.483640859755724e-07
Completed 78 % :  mod = 2.5063419412903854e-12,  Error =6.567828023662514e-07
Completed 79 % :  mod = 2.8601493770778617e-12,  Error =6.652016466546229e-07
Completed 80 % :  mod = 3.2634385114341705e-12,  Error =6.736196525025662e-07
Completed 81 % :  mod = 3.722904176920889e-12,  Error =6.820374949256802e-07
Completed 82 % :  mod = 4.246037105329113e-12,  Error =6.904534899376813e-07
Completed 83 % :  mod = 4.841163866939862e-12,  Error =6.988677938579713e-07
Completed 84 % :  mod = 5.517458514095404e-12,  Error =7.072812024944142e-07
Completed 85 % :  mod = 6.284906810752991e-12,  Error =7.156928489848724e-07
Completed 86 % :  mod = 7.154195165114757e-12,  Error =7.241020369974649e-07
Completed 87 % :  mod = 8.136484571033638e-12,  Error =7.325070967567626e-07
Completed 88 % :  mod = 9.243014651642398e-12,  Error =7.409080282627656e-07
Completed 89 % :  mod = 1.048446463550595e-11,  Error =7.493035525385494e-07
Completed 90 % :  mod = 1.1869978744987146e-11,  Error =7.576912679496672e-07
Completed 91 % :  mod = 1.340574815946699e-11,  Error =7.66069803148639e-07
Completed 92 % :  mod = 1.509304100095688e-11,  Error =7.744373675677707e-07
Completed 93 % :  mod = 1.6925604438156623e-11,  Error =7.827905292856485e-07
Completed 94 % :  mod = 1.888645771368067e-11,  Error =7.911273272043218e-07
Completed 95 % :  mod = 2.094428730688011e-11,  Error =7.994440238690004e-07
Completed 96 % :  mod = 2.3049973563772848e-11,  Error =8.077386155491695e-07
Completed 97 % :  mod = 2.513420790488627e-11,  Error =8.16008736137519e-07
Completed 98 % :  mod = 2.7107590034158878e-11,  Error =8.242521261081492e-07
Completed 99 % :  mod = 2.886476823507672e-11,  Error =8.324699081185827e-07
Completed 100 % :  mod = 3.02937297104149e-11,  Error =8.406638372093767e-07
Finished 17/41 frames
Finished all frames!
