/opt/local/miniconda_23_9/lib/python3.11/site-packages/conda/base/context.py:201: FutureWarning: Adding 'defaults' to channel list implicitly is deprecated and will be removed in 25.3. 

To remove this warning, please choose a default channel explicitly with conda's regular configuration system, e.g. by adding 'defaults' to the list of channels:

  conda config --add channels defaults

For more information see https://docs.conda.io/projects/conda/en/stable/user-guide/configuration/use-condarc.html

  deprecated.topic(
JOB 14038 ARRAY_ID 167  -> i=167 ; range=[1.9e-10, 5.0e-10] ; intervals=200 (frames=201)
Analytic t0 extension enabled (--extend-time-using-t0).
Density options: centers='2.0e-10,4.0e-10' width='2.0e-11,5.0e-11' strength='7.0'
Completed 0 % :  mod = 3.5110513078073365e-16,  Error =-1.4210854715202004e-14
Completed 1 % :  mod = 5.825060302082727e-16,  Error =1.8211991914540704e-07
Completed 2 % :  mod = 1.5817249316294284e-15,  Error =3.642407051529517e-07
Completed 3 % :  mod = 4.6658610916036906e-15,  Error =5.463613632628039e-07
Completed 4 % :  mod = 1.3900203448675398e-14,  Error =7.284826750719731e-07
Completed 5 % :  mod = 4.145680526781721e-14,  Error =9.106026652716537e-07
Completed 6 % :  mod = 1.23658818385796e-13,  Error =1.0927231812729588e-06
Completed 7 % :  mod = 3.688590632334228e-13,  Error =1.2748433491083233e-06
Completed 8 % :  mod = 1.1002623146296594e-12,  Error =1.4569629342986445e-06
Completed 9 % :  mod = 3.2819322840902355e-12,  Error =1.6390781283348588e-06
Completed 10 % :  mod = 9.789058459899274e-12,  Error =1.821150959813167e-06
Completed 11 % :  mod = 2.918466008987873e-11,  Error =2.0028514740033643e-06
Completed 12 % :  mod = 8.664114813385435e-11,  Error =2.1813246533497477e-06
Completed 13 % :  mod = 2.4454064257073147e-10,  Error =2.3367161929854774e-06
Completed 14 % :  mod = 3.6021767734102454e-10,  Error =2.4329822281288216e-06
Completed 15 % :  mod = 1.2346996904763e-10,  Error =2.564333520638229e-06
Completed 16 % :  mod = 6.02691603192571e-11,  Error =2.7363053618501e-06
Completed 17 % :  mod = 7.510197931746278e-11,  Error =2.914096683070966e-06
Completed 18 % :  mod = 1.5418572950241226e-10,  Error =3.083551831650766e-06
Completed 19 % :  mod = 3.3687579870688497e-10,  Error =3.205650529025661e-06
Completed 20 % :  mod = 2.2481544539905026e-10,  Error =3.309769269321805e-06
Completed 21 % :  mod = 9.677833767235946e-11,  Error =3.4694522810241324e-06
Completed 22 % :  mod = 6.828833288964192e-11,  Error =3.6443268669472673e-06
Completed 23 % :  mod = 1.5474849352581993e-10,  Error =3.8120617915637922e-06
Completed 24 % :  mod = 3.824396005508822e-10,  Error =3.935844915758935e-06
Completed 25 % :  mod = 2.0222761590626969e-10,  Error =4.0331916935087975e-06
Completed 26 % :  mod = 9.98279758600801e-11,  Error =4.190518254176823e-06
Completed 27 % :  mod = 6.817498132335419e-11,  Error =4.366203441463767e-06
Completed 28 % :  mod = 1.0777418223946654e-10,  Error =4.539771602196652e-06
Completed 28 % :  mod = 2.953786368871159e-10,  Error =4.680690459224479e-06
Completed 30 % :  mod = 3.234754104208112e-10,  Error =4.778655167569923e-06
Completed 31 % :  mod = 1.1568002342226979e-10,  Error =4.9210871040372695e-06
Completed 32 % :  mod = 8.132425368711653e-11,  Error =5.090656777895219e-06
Completed 33 % :  mod = 2.135171395668603e-10,  Error =5.251469289646593e-06
Completed 34 % :  mod = 3.6017296953264006e-10,  Error =5.3696947546200136e-06
Completed 35 % :  mod = 1.6691914630647377e-10,  Error =5.471945208057605e-06
Completed 36 % :  mod = 1.6297714982413118e-10,  Error =5.625038589585074e-06
Completed 37 % :  mod = 2.1201066281058903e-10,  Error =5.780813005173968e-06
Completed 38 % :  mod = 2.869811444881551e-10,  Error =5.900776436362776e-06
Completed 39 % :  mod = 2.0822084472705012e-10,  Error =6.005379390217058e-06
Completed 40 % :  mod = 1.9662331654609473e-10,  Error =6.152245632051745e-06
Completed 41 % :  mod = 2.2639002664881476e-10,  Error =6.297441196068121e-06
Completed 42 % :  mod = 2.7037369990380924e-10,  Error =6.400133720774193e-06
Completed 43 % :  mod = 2.458285910882359e-10,  Error =6.521286088911893e-06
Completed 44 % :  mod = 1.2663699354403395e-10,  Error =6.677266114252234e-06
Completed 45 % :  mod = 1.6333833875111715e-10,  Error =6.829988201673132e-06
Completed 46 % :  mod = 3.846319126035152e-10,  Error =6.933872093384252e-06
Completed 47 % :  mod = 1.8983381494093692e-10,  Error =7.049570918127301e-06
Completed 48 % :  mod = 1.1945731243314643e-10,  Error =7.208141923342737e-06
Completed 49 % :  mod = 1.3896684368613288e-10,  Error =7.3748485860392066e-06
Completed 50 % :  mod = 3.151140968904581e-10,  Error =7.511082813493886e-06
Completed 51 % :  mod = 2.8780989278891956e-10,  Error =7.605358959494879e-06
Completed 52 % :  mod = 1.0274313591340903e-10,  Error =7.749733363482392e-06
Completed 53 % :  mod = 9.596315539995345e-11,  Error =7.921360236196051e-06
Completed 54 % :  mod = 1.7004874841656255e-10,  Error =8.089880658701532e-06
Completed 55 % :  mod = 2.93959686013008e-10,  Error =8.220964289762378e-06
Completed 56 % :  mod = 2.836902096487553e-10,  Error =8.316214632486663e-06
Completed 56 % :  mod = 1.0427970880863992e-10,  Error =8.464944393438145e-06
Completed 57 % :  mod = 9.655009014862123e-11,  Error =8.632613067049988e-06
Completed 59 % :  mod = 2.4573429466598275e-10,  Error =8.785179552717182e-06
Completed 60 % :  mod = 3.6058648602909504e-10,  Error =8.887109288480133e-06
Completed 61 % :  mod = 1.8660140904495508e-10,  Error =9.00465092001923e-06
Completed 62 % :  mod = 1.0602464334394742e-10,  Error =9.163131679201797e-06
Completed 63 % :  mod = 2.1802058220593036e-10,  Error =9.316150467952866e-06
Completed 64 % :  mod = 3.680931324897633e-10,  Error =9.429151702988747e-06
Completed 65 % :  mod = 1.6311985204726365e-10,  Error =9.535675793870269e-06
Completed 66 % :  mod = 1.9963644027768868e-10,  Error =9.685618692856224e-06
Completed 67 % :  mod = 2.569562210257015e-10,  Error =9.82913903158078e-06
Completed 68 % :  mod = 3.064294983560871e-10,  Error =9.935406026784221e-06
Completed 69 % :  mod = 1.688037512830585e-10,  Error =1.0054486054400513e-05
Completed 70 % :  mod = 1.5463785587481262e-10,  Error =1.0206528322953545e-05
Completed 71 % :  mod = 2.9502391202404605e-10,  Error =1.034616136053046e-05
Completed 72 % :  mod = 2.523228363165443e-10,  Error =1.0442311250358216e-05
Completed 73 % :  mod = 2.1163009791725616e-10,  Error =1.0571702674155858e-05
Completed 74 % :  mod = 1.438697418771242e-10,  Error =1.0730538122061262e-05
Completed 75 % :  mod = 1.8216933205573316e-10,  Error =1.0880575430860517e-05
Completed 76 % :  mod = 3.776472955890628e-10,  Error =1.097907014724342e-05
Completed 77 % :  mod = 1.54461824755739e-10,  Error =1.1099752640575389e-05
Completed 78 % :  mod = 1.297793249105721e-10,  Error =1.1259852186640273e-05
Completed 79 % :  mod = 1.8032826417474637e-10,  Error =1.1421752432738685e-05
Completed 80 % :  mod = 3.404054456387631e-10,  Error =1.1543215634901571e-05
Completed 81 % :  mod = 2.4743377972843405e-10,  Error =1.1641706088028059e-05
Completed 82 % :  mod = 1.061320073936857e-10,  Error =1.1793222327582953e-05
Completed 83 % :  mod = 1.2741033893658606e-10,  Error =1.1960698422797122e-05
Completed 84 % :  mod = 2.6694483008513004e-10,  Error =1.210925529449014e-05
Completed 85 % :  mod = 3.241383122819713e-10,  Error =1.2204968406592798e-05
Completed 86 % :  mod = 1.8855785894238775e-10,  Error =1.2331437027057746e-05
Completed 87 % :  mod = 9.591672024665945e-11,  Error =1.2495298328474291e-05
Completed 88 % :  mod = 1.6546887489056949e-10,  Error =1.2655826530760805e-05
Completed 89 % :  mod = 3.836863523206301e-10,  Error =1.2774052940756064e-05
Completed 90 % :  mod = 1.8250818628435672e-10,  Error =1.2873938629809345e-05
Completed 91 % :  mod = 1.7319376500106047e-10,  Error =1.302651543966249e-05
Completed 92 % :  mod = 1.55763380231062e-10,  Error =1.3188221963389424e-05
Completed 93 % :  mod = 2.6954041689929847e-10,  Error =1.3321315179837256e-05
Completed 94 % :  mod = 2.939388201849933e-10,  Error =1.3414829403757267e-05
Completed 95 % :  mod = 1.3523451645591905e-10,  Error =1.355402201141942e-05
Completed 96 % :  mod = 1.7890713665449193e-10,  Error =1.3710314973991444e-05
Completed 97 % :  mod = 2.6884630595538124e-10,  Error =1.3841357862531822e-05
Completed 98 % :  mod = 3.322689432728633e-10,  Error =1.394089869677373e-05
Completed 99 % :  mod = 1.6753518901733414e-10,  Error =1.4075215474917968e-05
Completed 100 % :  mod = 1.613483747860009e-10,  Error =1.4226105065517913e-05
Finished 168/201 frames
Finished all frames!
