/opt/local/miniconda_23_9/lib/python3.11/site-packages/conda/base/context.py:201: FutureWarning: Adding 'defaults' to channel list implicitly is deprecated and will be removed in 25.3. 

To remove this warning, please choose a default channel explicitly with conda's regular configuration system, e.g. by adding 'defaults' to the list of channels:

  conda config --add channels defaults

For more information see https://docs.conda.io/projects/conda/en/stable/user-guide/configuration/use-condarc.html

  deprecated.topic(
JOB 13980 ARRAY_ID 109  -> i=109 ; range=[1.9e-10, 5.0e-10] ; intervals=200 (frames=201)
Analytic t0 extension enabled (--extend-time-using-t0).
Density options: centers='2.0e-10,4.0e-10' width='2.0e-11,5.0e-11' strength='7.0'
Completed 0 % :  mod = 3.07521377112708e-16,  Error =-1.4210854715202004e-14
Completed 1 % :  mod = 4.605232822949155e-16,  Error =1.0717906206991756e-07
Completed 2 % :  mod = 1.0717758430480301e-15,  Error =2.1435832309180114e-07
Completed 3 % :  mod = 2.749515196833651e-15,  Error =3.215375343756932e-07
Completed 4 % :  mod = 7.16320132023112e-15,  Error =4.2871673855415793e-07
Completed 5 % :  mod = 1.8704739517812814e-14,  Error =5.358956940426651e-07
Completed 6 % :  mod = 4.885871230178434e-14,  Error =6.430748342722836e-07
Completed 7 % :  mod = 1.2763028515507675e-13,  Error =7.50254230297287e-07
Completed 8 % :  mod = 3.3340225941260275e-13,  Error =8.574332284183583e-07
Completed 9 % :  mod = 8.709303085105802e-13,  Error =9.64612389964259e-07
Completed 10 % :  mod = 2.2750746602202585e-12,  Error =1.0717894909362258e-06
Completed 11 % :  mod = 5.942779127832611e-12,  Error =1.1789541289886074e-06
Completed 12 % :  mod = 1.551880920245317e-11,  Error =1.2860335942832535e-06
Completed 13 % :  mod = 4.0445376921279664e-11,  Error =1.3925373565371046e-06
Completed 14 % :  mod = 1.0395115228411956e-10,  Error =1.4953149403140742e-06
Completed 15 % :  mod = 2.3967781903256487e-10,  Error =1.5797800259065298e-06
Completed 16 % :  mod = 2.724996649837679e-10,  Error =1.6362584673856873e-06
Completed 17 % :  mod = 1.1571572906727889e-10,  Error =1.7160065226562438e-06
Completed 18 % :  mod = 4.965773217467348e-11,  Error =1.8171265594446595e-06
Completed 19 % :  mod = 3.1451185900820506e-11,  Error =1.922972622026009e-06
Completed 20 % :  mod = 3.788926091164069e-11,  Error =2.029225264266188e-06
Completed 21 % :  mod = 7.790921812189555e-11,  Error =2.1333900903641734e-06
Completed 22 % :  mod = 2.0517386872280408e-10,  Error =2.2250729614370357e-06
Completed 23 % :  mod = 2.9441340091514297e-10,  Error =2.287285184365828e-06
Completed 24 % :  mod = 1.4160932397667623e-10,  Error =2.356376903378532e-06
Completed 25 % :  mod = 7.831208236789205e-11,  Error =2.4534806115639185e-06
Completed 26 % :  mod = 5.055896512592617e-11,  Error =2.5576587034947806e-06
Completed 27 % :  mod = 6.794338582211347e-11,  Error =2.6616335802032154e-06
Completed 28 % :  mod = 1.7866147064673418e-10,  Error =2.7564714599748186e-06
Completed 28 % :  mod = 2.9810146751375995e-10,  Error =2.824871941697893e-06
Completed 30 % :  mod = 1.6689938087909006e-10,  Error =2.886268248403212e-06
Completed 31 % :  mod = 1.0767888723872905e-10,  Error =2.9780781147792368e-06
Completed 32 % :  mod = 7.577192456596048e-11,  Error =3.0794638092856985e-06
Completed 33 % :  mod = 1.0305275908117973e-10,  Error =3.1790188330660385e-06
Completed 34 % :  mod = 2.6427878202235877e-10,  Error =3.2596682117969067e-06
Completed 35 % :  mod = 2.646140384757342e-10,  Error =3.3196265576407313e-06
Completed 36 % :  mod = 1.093095250014681e-10,  Error =3.398925798592245e-06
Completed 37 % :  mod = 8.029482755950726e-11,  Error =3.498083167130517e-06
Completed 38 % :  mod = 1.0271631681368413e-10,  Error =3.5993667353295677e-06
Completed 39 % :  mod = 1.6654273789966862e-10,  Error =3.691215560763794e-06
Completed 40 % :  mod = 2.99100430671827e-10,  Error =3.752885127994432e-06
Completed 41 % :  mod = 1.7975512067640697e-10,  Error =3.820981120838951e-06
Completed 42 % :  mod = 7.26998303902987e-11,  Error =3.9155022619752344e-06
Completed 43 % :  mod = 5.0139219292204126e-11,  Error =4.019298245339087e-06
Completed 44 % :  mod = 7.991586486543742e-11,  Error =4.123178911186187e-06
Completed 45 % :  mod = 1.5247456628070157e-10,  Error =4.219135718130929e-06
Completed 46 % :  mod = 2.972008411674124e-10,  Error =4.285968017825326e-06
Completed 47 % :  mod = 1.961309492334715e-10,  Error =4.349595656094607e-06
Completed 48 % :  mod = 7.421008097456035e-11,  Error =4.44264072285705e-06
Completed 49 % :  mod = 3.163888203059852e-11,  Error =4.547133109156221e-06
Completed 50 % :  mod = 2.930168809470834e-11,  Error =4.653517578390165e-06
Completed 51 % :  mod = 4.755923145968176e-11,  Error =4.759618001060062e-06
Completed 52 % :  mod = 1.0285554698028414e-10,  Error =4.861941896194821e-06
Completed 53 % :  mod = 2.489708500532738e-10,  Error =4.9459664239748236e-06
Completed 54 % :  mod = 2.6228647350899334e-10,  Error =5.00239703171701e-06
Completed 55 % :  mod = 1.1307168793221027e-10,  Error =5.082658077526503e-06
Completed 56 % :  mod = 5.086934593860797e-11,  Error =5.184220832177289e-06
Completed 56 % :  mod = 2.1469465144930134e-11,  Error =5.290434877736061e-06
Completed 57 % :  mod = 1.2925538373110643e-11,  Error =5.397367054627011e-06
Completed 59 % :  mod = 2.12805530788891e-11,  Error =5.504282533763671e-06
Completed 60 % :  mod = 5.453101340395117e-11,  Error =5.610381293763567e-06
Completed 61 % :  mod = 1.2070970406737446e-10,  Error =5.711284707388131e-06
Completed 62 % :  mod = 2.691547449304334e-10,  Error =5.789317746973666e-06
Completed 63 % :  mod = 2.3893547948662186e-10,  Error =5.846238920526048e-06
Completed 64 % :  mod = 9.783208041834248e-11,  Error =5.9322203824763164e-06
Completed 65 % :  mod = 4.5905610638841706e-11,  Error =6.034912942709525e-06
Completed 66 % :  mod = 3.385210793537377e-11,  Error =6.140934587506308e-06
Completed 67 % :  mod = 4.398426201035447e-11,  Error =6.246883891947164e-06
Completed 68 % :  mod = 1.0020048579797154e-10,  Error =6.3491788466762955e-06
Completed 69 % :  mod = 2.518766895625747e-10,  Error =6.432753842489092e-06
Completed 70 % :  mod = 2.683007375628063e-10,  Error =6.4903945684591235e-06
Completed 71 % :  mod = 1.1410341962660176e-10,  Error =6.5701040270482736e-06
Completed 72 % :  mod = 5.384328365144181e-11,  Error =6.6711204880220976e-06
Completed 73 % :  mod = 3.839319579029019e-11,  Error =6.77649747160558e-06
Completed 74 % :  mod = 6.366729423029965e-11,  Error =6.881484722498499e-06
Completed 75 % :  mod = 1.4463162724357133e-10,  Error =6.9796293686863464e-06
Completed 76 % :  mod = 2.970383878199413e-10,  Error =7.052420528452785e-06
Completed 77 % :  mod = 1.9956856474777514e-10,  Error =7.110599909765369e-06
Completed 78 % :  mod = 9.339344447788708e-11,  Error =7.200178821165082e-06
Completed 79 % :  mod = 4.5053999546557163e-11,  Error =7.303454509610674e-06
Completed 80 % :  mod = 4.218594194666136e-11,  Error =7.409157582571879e-06
Completed 81 % :  mod = 7.608075512020223e-11,  Error =7.5135150012783924e-06
Completed 82 % :  mod = 1.763401383402339e-10,  Error =7.608282125204369e-06
Completed 83 % :  mod = 2.8889768544659154e-10,  Error =7.673404887498236e-06
Completed 84 % :  mod = 1.6985270872992813e-10,  Error =7.738907996213129e-06
Completed 85 % :  mod = 8.219369959940795e-11,  Error =7.834027570652324e-06
Completed 86 % :  mod = 4.1142204927581914e-11,  Error =7.938353569159062e-06
Completed 87 % :  mod = 4.4145663257185685e-11,  Error =8.043835144633249e-06
Completed 88 % :  mod = 1.1123514501171433e-10,  Error =8.146121963648056e-06
Completed 89 % :  mod = 2.201071196279941e-10,  Error =8.232110637607093e-06
Completed 90 % :  mod = 2.777536096448551e-10,  Error =8.288150468160893e-06
Completed 91 % :  mod = 1.3792961679960225e-10,  Error =8.36545959259638e-06
Completed 92 % :  mod = 5.5009662915693305e-11,  Error =8.464835353549915e-06
Completed 93 % :  mod = 4.6986662226698834e-11,  Error =8.569536618097118e-06
Completed 94 % :  mod = 9.076321457491597e-11,  Error =8.673191743469033e-06
Completed 95 % :  mod = 1.674475166417352e-10,  Error =8.766593836639913e-06
Completed 96 % :  mod = 3.110084737851712e-10,  Error =8.829099840568233e-06
Completed 97 % :  mod = 1.670920934747679e-10,  Error =8.895975533107503e-06
Completed 98 % :  mod = 6.500420323683816e-11,  Error =8.991413501746592e-06
Completed 99 % :  mod = 3.9470726194744204e-11,  Error =9.096188577473185e-06
Completed 100 % :  mod = 4.164364488374315e-11,  Error =9.202235489169652e-06
Finished 110/201 frames
Finished all frames!
