/opt/local/miniconda_23_9/lib/python3.11/site-packages/conda/base/context.py:201: FutureWarning: Adding 'defaults' to channel list implicitly is deprecated and will be removed in 25.3. 

To remove this warning, please choose a default channel explicitly with conda's regular configuration system, e.g. by adding 'defaults' to the list of channels:

  conda config --add channels defaults

For more information see https://docs.conda.io/projects/conda/en/stable/user-guide/configuration/use-condarc.html

  deprecated.topic(
JOB 14023 ARRAY_ID 152  -> i=152 ; range=[1.9e-10, 5.0e-10] ; intervals=200 (frames=201)
Analytic t0 extension enabled (--extend-time-using-t0).
Density options: centers='2.0e-10,4.0e-10' width='2.0e-11,5.0e-11' strength='7.0'
Completed 0 % :  mod = 3.3858184915802325e-16,  Error =-1.4210854715202004e-14
Completed 1 % :  mod = 5.457756921845925e-16,  Error =1.5749466086845132e-07
Completed 2 % :  mod = 1.4209401692633125e-15,  Error =3.1498906594151777e-07
Completed 3 % :  mod = 4.0351822781236e-15,  Error =4.724823483570617e-07
Completed 4 % :  mod = 1.1588052685350618e-14,  Error =6.299767747464102e-07
Completed 5 % :  mod = 3.332345092994778e-14,  Error =7.874715706179813e-07
Completed 6 % :  mod = 9.584316210769256e-14,  Error =9.449657980553638e-07
Completed 7 % :  mod = 2.7566456190069055e-13,  Error =1.102460494450952e-06
Completed 8 % :  mod = 7.92869302313188e-13,  Error =1.2599545584635052e-06
Completed 9 % :  mod = 2.2804514555009624e-12,  Error =1.4174463984772956e-06
Completed 10 % :  mod = 6.558841451316125e-12,  Error =1.5749198070125203e-06
Completed 11 % :  mod = 1.885932548878554e-11,  Error =1.7322473340186662e-06
Completed 12 % :  mod = 5.411580072008649e-11,  Error =1.8883724948182135e-06
Completed 13 % :  mod = 1.5234028971107094e-10,  Error =2.035417203671841e-06
Completed 14 % :  mod = 3.422519175367487e-10,  Error =2.1411657300518527e-06
Completed 15 % :  mod = 2.0129298632710127e-10,  Error =2.228299983642046e-06
Completed 16 % :  mod = 9.24523936499231e-11,  Error =2.366266514286508e-06
Completed 17 % :  mod = 4.65646652613627e-11,  Error =2.519439689763203e-06
Completed 18 % :  mod = 6.44997294919781e-11,  Error =2.673548955556271e-06
Completed 19 % :  mod = 1.8933773407738015e-10,  Error =2.816434076180485e-06
Completed 20 % :  mod = 3.389869732446687e-10,  Error =2.918097038673295e-06
Completed 21 % :  mod = 1.717893089214149e-10,  Error =3.0082282478360867e-06
Completed 22 % :  mod = 1.1930035640001458e-10,  Error =3.1457720268690537e-06
Completed 23 % :  mod = 1.123829250710974e-10,  Error =3.2930512787743282e-06
Completed 24 % :  mod = 1.796673071850054e-10,  Error =3.4266022836959564e-06
Completed 25 % :  mod = 3.7348300548686763e-10,  Error =3.5128234685544157e-06
Completed 26 % :  mod = 1.6405308124044267e-10,  Error =3.6161912291277076e-06
Completed 27 % :  mod = 8.051746819353613e-11,  Error =3.7567830730722562e-06
Completed 28 % :  mod = 1.254822447783606e-10,  Error =3.9043385484660575e-06
Completed 28 % :  mod = 2.536917344649627e-10,  Error =4.0339897608987485e-06
Completed 30 % :  mod = 2.9698705435790564e-10,  Error =4.117862431485264e-06
Completed 31 % :  mod = 1.3575719013072478e-10,  Error =4.231785510455666e-06
Completed 32 % :  mod = 6.025519677328649e-11,  Error =4.379997434966754e-06
Completed 33 % :  mod = 5.810332466746839e-11,  Error =4.53418957846452e-06
Completed 34 % :  mod = 1.1539152309590563e-10,  Error =4.684369031338065e-06
Completed 35 % :  mod = 2.993322434274083e-10,  Error =4.806177230420872e-06
Completed 36 % :  mod = 2.7951064353649693e-10,  Error =4.887254434038368e-06
Completed 37 % :  mod = 9.679508875235869e-11,  Error =5.01280286613337e-06
Completed 38 % :  mod = 3.999843171316498e-11,  Error =5.1650229551114535e-06
Completed 39 % :  mod = 2.8422058148645574e-11,  Error =5.321593931739699e-06
Completed 40 % :  mod = 2.5857255478039076e-11,  Error =5.478517508095138e-06
Completed 41 % :  mod = 5.823999906918958e-11,  Error =5.63381659191009e-06
Completed 42 % :  mod = 1.842954505665855e-10,  Error =5.776892393782873e-06
Completed 43 % :  mod = 3.5113371673285396e-10,  Error =5.873724575167216e-06
Completed 44 % :  mod = 1.681913924200996e-10,  Error =5.9685094626615864e-06
Completed 45 % :  mod = 8.97594268279417e-11,  Error =6.11082018764364e-06
Completed 46 % :  mod = 4.910261393873806e-11,  Error =6.26424883165555e-06
Completed 47 % :  mod = 8.055017228319037e-11,  Error =6.416341285842009e-06
Completed 48 % :  mod = 2.578988084118922e-10,  Error =6.547850802007815e-06
Completed 49 % :  mod = 3.3338393309589143e-10,  Error =6.63529296929255e-06
Completed 50 % :  mod = 1.2873287806249055e-10,  Error =6.745202739466549e-06
Completed 51 % :  mod = 8.883169897537553e-11,  Error =6.890349332877577e-06
Completed 52 % :  mod = 1.2785622784743406e-10,  Error =7.03775540245033e-06
Completed 53 % :  mod = 2.397078977173849e-10,  Error =7.16404836964557e-06
Completed 54 % :  mod = 2.965542356357852e-10,  Error =7.242845619259697e-06
Completed 55 % :  mod = 1.6118330703301049e-10,  Error =7.359336073875511e-06
Completed 56 % :  mod = 8.283817305241548e-11,  Error =7.504303162875203e-06
Completed 56 % :  mod = 1.056663248181498e-10,  Error =7.651594209789891e-06
Completed 57 % :  mod = 3.056344478945868e-10,  Error =7.774287091422138e-06
Completed 59 % :  mod = 2.788455228448032e-10,  Error =7.857850533810051e-06
Completed 60 % :  mod = 1.0414993076931488e-10,  Error =7.978841907174683e-06
Completed 61 % :  mod = 7.724126012181234e-11,  Error =8.128808730134551e-06
Completed 62 % :  mod = 7.591920282027926e-11,  Error =8.282118876934419e-06
Completed 63 % :  mod = 1.3463506441054675e-10,  Error =8.426855409027212e-06
Completed 64 % :  mod = 3.704745436668067e-10,  Error =8.529214674979357e-06
Completed 65 % :  mod = 1.9109645423100422e-10,  Error =8.61867319912335e-06
Completed 66 % :  mod = 8.26810662802399e-11,  Error =8.757189668529008e-06
Completed 67 % :  mod = 5.109613842606713e-11,  Error =8.911220632512595e-06
Completed 68 % :  mod = 3.706226533142163e-11,  Error =9.067089585812482e-06
Completed 69 % :  mod = 8.625022356976094e-11,  Error =9.219582267405713e-06
Completed 70 % :  mod = 2.6480224737361455e-10,  Error =9.349335016395344e-06
Completed 71 % :  mod = 3.122236781547303e-10,  Error =9.43142089226967e-06
Completed 72 % :  mod = 1.3096344916459948e-10,  Error =9.547603042392439e-06
Completed 73 % :  mod = 6.484530031530283e-11,  Error =9.696463799002686e-06
Completed 74 % :  mod = 5.239532397510451e-11,  Error =9.850436427427667e-06
Completed 75 % :  mod = 1.2644282624150225e-10,  Error =9.999248085534873e-06
Completed 76 % :  mod = 2.9704816607004313e-10,  Error =1.0115632491647375e-05
Completed 77 % :  mod = 2.667777486869162e-10,  Error =1.0198785723503079e-05
Completed 78 % :  mod = 1.299308768093953e-10,  Error =1.0326171597796474e-05
Completed 79 % :  mod = 7.288097306649712e-11,  Error =1.0474028627527332e-05
Completed 80 % :  mod = 1.48509892785805e-10,  Error =1.0617079588826073e-05
Completed 81 % :  mod = 3.566135539173097e-10,  Error =1.0726384807924205e-05
Completed 82 % :  mod = 1.9727262734062779e-10,  Error =1.0808749102864113e-05
Completed 83 % :  mod = 1.2661075617054772e-10,  Error =1.0940039103957133e-05
Completed 84 % :  mod = 9.223660294185403e-11,  Error =1.1088846328277668e-05
Completed 85 % :  mod = 1.1973317399115247e-10,  Error =1.1234215406830117e-05
Completed 86 % :  mod = 3.3091065616715533e-10,  Error =1.1343120164042375e-05
Completed 87 % :  mod = 2.478326082535645e-10,  Error =1.1431684313834012e-05
Completed 88 % :  mod = 9.481944531790898e-11,  Error =1.1563741097120328e-05
Completed 89 % :  mod = 7.231464288515254e-11,  Error =1.1714483711955381e-05
Completed 90 % :  mod = 1.2841492149471885e-10,  Error =1.1862843855681149e-05
Completed 91 % :  mod = 2.7585099850753936e-10,  Error =1.1986005894470964e-05
Completed 92 % :  mod = 2.7035742270555534e-10,  Error =1.206409736198566e-05
Completed 93 % :  mod = 1.302672267199569e-10,  Error =1.2186821336968023e-05
Completed 94 % :  mod = 6.841102195233791e-11,  Error =1.2335859665313365e-05
Completed 95 % :  mod = 7.339081638310648e-11,  Error =1.2488586392578327e-05
Completed 96 % :  mod = 1.927064244469689e-10,  Error =1.2629382602824535e-05
Completed 97 % :  mod = 3.469775600312161e-10,  Error =1.2728872810896519e-05
Completed 98 % :  mod = 1.5677698746205156e-10,  Error =1.2821115120686954e-05
Completed 99 % :  mod = 1.2683762138649108e-10,  Error =1.2958816100194781e-05
Completed 100 % :  mod = 1.3921905458449476e-10,  Error =1.3103778449874426e-05
Finished 153/201 frames
Finished all frames!
