/opt/local/miniconda_23_9/lib/python3.11/site-packages/conda/base/context.py:201: FutureWarning: Adding 'defaults' to channel list implicitly is deprecated and will be removed in 25.3. 

To remove this warning, please choose a default channel explicitly with conda's regular configuration system, e.g. by adding 'defaults' to the list of channels:

  conda config --add channels defaults

For more information see https://docs.conda.io/projects/conda/en/stable/user-guide/configuration/use-condarc.html

  deprecated.topic(
JOB 14045 ARRAY_ID 174  -> i=174 ; range=[1.9e-10, 5.0e-10] ; intervals=200 (frames=201)
Analytic t0 extension enabled (--extend-time-using-t0).
Density options: centers='2.0e-10,4.0e-10' width='2.0e-11,5.0e-11' strength='7.0'
Completed 0 % :  mod = 3.5788589639264945e-16,  Error =-1.4210854715202004e-14
Completed 1 % :  mod = 6.029719112396555e-16,  Error =1.966021656585326e-07
Completed 2 % :  mod = 1.6739076717255284e-15,  Error =3.932044165821935e-07
Completed 3 % :  mod = 5.037481272789176e-15,  Error =5.898068025089742e-07
Completed 4 % :  mod = 1.5300551430977284e-14,  Error =7.864087834263955e-07
Completed 5 % :  mod = 4.6519749708094045e-14,  Error =9.83011425148561e-07
Completed 6 % :  mod = 1.4145389490710208e-13,  Error =1.1796139460784616e-06
Completed 7 % :  mod = 4.3012781488260273e-13,  Error =1.3762162325292593e-06
Completed 8 % :  mod = 1.3079175449423218e-12,  Error =1.572817524220227e-06
Completed 9 % :  mod = 3.977041967354135e-12,  Error =1.7694113267907596e-06
Completed 10 % :  mod = 1.209236860545002e-11,  Error =1.9659385728232337e-06
Completed 11 % :  mod = 3.674474847389704e-11,  Error =2.1618580632321027e-06
Completed 12 % :  mod = 1.1096391136740756e-10,  Error =2.3523886483189926e-06
Completed 13 % :  mod = 3.0642048250596934e-10,  Error =2.5073353882021365e-06
Completed 14 % :  mod = 3.0276332528722743e-10,  Error =2.606673824345762e-06
Completed 15 % :  mod = 1.118019737379882e-10,  Error =2.7657547505555158e-06
Completed 16 % :  mod = 5.465540591003867e-11,  Error =2.954399008103792e-06
Completed 17 % :  mod = 9.615370737238914e-11,  Error =3.144566697699247e-06
Completed 18 % :  mod = 2.5970393421336075e-10,  Error =3.312922217446612e-06
Completed 19 % :  mod = 3.4669453491635033e-10,  Error =3.419168741913836e-06
Completed 20 % :  mod = 1.2422466142393568e-10,  Error =3.5609152888582685e-06
Completed 21 % :  mod = 5.899314709853702e-11,  Error =3.747979100410248e-06
Completed 22 % :  mod = 4.9866695232379245e-11,  Error =3.941833035980835e-06
Completed 23 % :  mod = 9.232312927551369e-11,  Error =4.132564356496005e-06
Completed 24 % :  mod = 2.884482682804184e-10,  Error =4.293120888121393e-06
Completed 25 % :  mod = 3.4795216172453564e-10,  Error =4.3975129173645655e-06
Completed 26 % :  mod = 1.1031643520714518e-10,  Error =4.547240010310816e-06
Completed 27 % :  mod = 7.20127045960236e-11,  Error =4.73278782919806e-06
Completed 28 % :  mod = 1.5420402040390802e-10,  Error =4.917159195372278e-06
Completed 28 % :  mod = 3.0519251830354657e-10,  Error =5.067796514879319e-06
Completed 30 % :  mod = 2.5928871433190876e-10,  Error =5.163585008460814e-06
Completed 31 % :  mod = 1.5015744436504015e-10,  Error =5.321919957168575e-06
Completed 32 % :  mod = 9.036977273194055e-11,  Error =5.506064347571282e-06
Completed 33 % :  mod = 1.4446837680095843e-10,  Error =5.68386693089451e-06
Completed 34 % :  mod = 4.1977832792319327e-10,  Error =5.807655114153931e-06
Completed 35 % :  mod = 1.9254589985090055e-10,  Error =5.92206585281474e-06
Completed 36 % :  mod = 7.611768352304903e-11,  Error =6.097275537797486e-06
Completed 37 % :  mod = 6.04504515405917e-11,  Error =6.289521692792732e-06
Completed 38 % :  mod = 8.773185350464094e-11,  Error =6.4810958022576415e-06
Completed 39 % :  mod = 2.089741347046966e-10,  Error =6.651895517961748e-06
Completed 40 % :  mod = 4.059797979264402e-10,  Error =6.758302468767852e-06
Completed 41 % :  mod = 1.3832168755052224e-10,  Error =6.892013352910453e-06
Completed 42 % :  mod = 8.017516249796962e-11,  Error =7.0725137746308064e-06
Completed 43 % :  mod = 1.4982873519271679e-10,  Error =7.2567703881532e-06
Completed 44 % :  mod = 2.9177813306471093e-10,  Error =7.4118681538948294e-06
Completed 45 % :  mod = 2.8389379498675176e-10,  Error =7.50780280611707e-06
Completed 46 % :  mod = 1.3418020561991668e-10,  Error =7.66338045110615e-06
Completed 47 % :  mod = 5.821398127741305e-11,  Error =7.850849137014393e-06
Completed 48 % :  mod = 8.194728953002062e-11,  Error =8.041174943684837e-06
Completed 49 % :  mod = 2.5658246677911234e-10,  Error =8.210204107683694e-06
Completed 50 % :  mod = 3.752416148385421e-10,  Error =8.322893869205927e-06
Completed 51 % :  mod = 1.30067784134989e-10,  Error =8.455862790412993e-06
Completed 52 % :  mod = 1.0521178019456752e-10,  Error =8.63450431864976e-06
Completed 53 % :  mod = 2.1084425847876586e-10,  Error =8.809713463620028e-06
Completed 54 % :  mod = 3.212463824431306e-10,  Error =8.942140162560008e-06
Completed 55 % :  mod = 1.9045500870191879e-10,  Error =9.051412895644262e-06
Completed 56 % :  mod = 1.951967963068246e-10,  Error =9.213834459842474e-06
Completed 56 % :  mod = 2.1967566909807458e-10,  Error =9.377198544768817e-06
Completed 57 % :  mod = 2.8932055395222426e-10,  Error =9.494322050329629e-06
Completed 59 % :  mod = 2.2337098044563554e-10,  Error =9.621081403565768e-06
Completed 60 % :  mod = 1.3464753289983519e-10,  Error =9.790561072975379e-06
Completed 61 % :  mod = 1.853695948232035e-10,  Error =9.95694048100404e-06
Completed 62 % :  mod = 3.4652890837442543e-10,  Error =1.006863577401873e-05
Completed 63 % :  mod = 2.1480302074718225e-10,  Error =1.019720203032648e-05
Completed 64 % :  mod = 1.0676689748600733e-10,  Error =1.0372643643563606e-05
Completed 65 % :  mod = 9.868026745121011e-11,  Error =1.0557152648971169e-05
Completed 66 % :  mod = 3.0819201013315727e-10,  Error =1.0712599248563492e-05
Completed 67 % :  mod = 3.2878532695502547e-10,  Error =1.0818394109435303e-05
Completed 68 % :  mod = 1.0810819816999896e-10,  Error =1.0967477479084664e-05
Completed 69 % :  mod = 1.1645231728866174e-10,  Error =1.1150031141937689e-05
Completed 70 % :  mod = 2.1823925016617628e-10,  Error =1.1323335499469067e-05
Completed 71 % :  mod = 3.522468511881476e-10,  Error =1.1449947251662707e-05
Completed 72 % :  mod = 1.7308772418370774e-10,  Error =1.1564011863640644e-05
Completed 73 % :  mod = 1.407650028949729e-10,  Error =1.1730243720364797e-05
Completed 74 % :  mod = 2.49193203633851e-10,  Error =1.189611842278282e-05
Completed 75 % :  mod = 2.8614863079376705e-10,  Error =1.2017078368842249e-05
Completed 76 % :  mod = 2.0407374806866268e-10,  Error =1.2140478020228329e-05
Completed 77 % :  mod = 1.7940943807595317e-10,  Error =1.2307839490688366e-05
Completed 78 % :  mod = 1.9818238464486862e-10,  Error =1.247132836823539e-05
Completed 79 % :  mod = 3.2418617396154765e-10,  Error =1.25795379872784e-05
Completed 80 % :  mod = 1.947337370795366e-10,  Error =1.2713492779425906e-05
Completed 81 % :  mod = 1.0213745385125464e-10,  Error =1.289104475432623e-05
Completed 82 % :  mod = 1.1788140413409055e-10,  Error =1.3073415573217062e-05
Completed 83 % :  mod = 3.4064514339324596e-10,  Error =1.3216625077916433e-05
Completed 84 % :  mod = 2.9990068688152676e-10,  Error =1.3326007199054857e-05
Completed 85 % :  mod = 9.19585650359356e-11,  Error =1.3487474355144968e-05
Completed 86 % :  mod = 7.483300523187174e-11,  Error =1.3674011533737485e-05
Completed 87 % :  mod = 2.0723433404367943e-10,  Error =1.3852043636575218e-05
Completed 88 % :  mod = 3.492143625960687e-10,  Error =1.3984018586654656e-05
Completed 89 % :  mod = 1.822902338782213e-10,  Error =1.4091852115427628e-05
Completed 90 % :  mod = 1.6729684883109718e-10,  Error =1.4257705835518664e-05
Completed 91 % :  mod = 1.966812123953155e-10,  Error =1.4428642373331968e-05
Completed 92 % :  mod = 2.8802160887971966e-10,  Error =1.4559395651758678e-05
Completed 93 % :  mod = 2.335553197996792e-10,  Error =1.4672841693652572e-05
Completed 94 % :  mod = 1.8473125045823958e-10,  Error =1.4833064533092966e-05
Completed 95 % :  mod = 2.1056778919323039e-10,  Error =1.499262977233684e-05
Completed 96 % :  mod = 2.9895708627287433e-10,  Error =1.5102422779023073e-05
Completed 97 % :  mod = 2.425523172596737e-10,  Error =1.5233945404702354e-05
Completed 98 % :  mod = 1.1621897029301136e-10,  Error =1.540578205805332e-05
Completed 99 % :  mod = 1.4675476420070506e-10,  Error =1.5578111927538885e-05
Completed 100 % :  mod = 4.1767760815505786e-10,  Error =1.5699199792607033e-05
Finished 175/201 frames
Finished all frames!
