/opt/local/miniconda_23_9/lib/python3.11/site-packages/conda/base/context.py:201: FutureWarning: Adding 'defaults' to channel list implicitly is deprecated and will be removed in 25.3. 

To remove this warning, please choose a default channel explicitly with conda's regular configuration system, e.g. by adding 'defaults' to the list of channels:

  conda config --add channels defaults

For more information see https://docs.conda.io/projects/conda/en/stable/user-guide/configuration/use-condarc.html

  deprecated.topic(
JOB 14026 ARRAY_ID 155  -> i=155 ; range=[1.9e-10, 5.0e-10] ; intervals=200 (frames=201)
Analytic t0 extension enabled (--extend-time-using-t0).
Density options: centers='2.0e-10,4.0e-10' width='2.0e-11,5.0e-11' strength='7.0'
Completed 0 % :  mod = 3.4093403214879307e-16,  Error =-1.4210854715202004e-14
Completed 1 % :  mod = 5.525696846212981e-16,  Error =1.6191748386518157e-07
Completed 2 % :  mod = 1.4502233737623982e-15,  Error =3.238339658651057e-07
Completed 3 % :  mod = 4.148336667049305e-15,  Error =4.8574969468973e-07
Completed 4 % :  mod = 1.1996630811990724e-14,  Error =6.476661837950815e-07
Completed 5 % :  mod = 3.473880254922285e-14,  Error =8.095821826259453e-07
Completed 6 % :  mod = 1.0060937226375636e-13,  Error =9.714998228105287e-07
Completed 7 % :  mod = 2.913869680875391e-13,  Error =1.1334153811048964e-06
Completed 8 % :  mod = 8.439225162346794e-13,  Error =1.2953306054441782e-06
Completed 9 % :  mod = 2.444181353577729e-12,  Error =1.4572446076499546e-06
Completed 10 % :  mod = 7.0786414249943614e-12,  Error =1.6191374001550685e-06
Completed 11 % :  mod = 2.04948855030854e-11,  Error =1.7808544257036374e-06
Completed 12 % :  mod = 5.9198069704947e-11,  Error =1.941119066373176e-06
Completed 13 % :  mod = 1.671366659660867e-10,  Error =2.090447452474109e-06
Completed 14 % :  mod = 3.5693205631392624e-10,  Error =2.193933674732307e-06
Completed 15 % :  mod = 1.7949734682978226e-10,  Error =2.2876843317476414e-06
Completed 16 % :  mod = 8.66257928686787e-11,  Error =2.4325504313083e-06
Completed 17 % :  mod = 4.96425057973549e-11,  Error =2.5904369636009505e-06
Completed 18 % :  mod = 7.251106053210663e-11,  Error =2.74819768009138e-06
Completed 19 % :  mod = 2.1974696353268873e-10,  Error =2.890133060873268e-06
Completed 20 % :  mod = 3.563637657363257e-10,  Error =2.986281067762775e-06
Completed 21 % :  mod = 1.4121892514487058e-10,  Error =3.0885796107327224e-06
Completed 22 % :  mod = 1.0521042078415481e-10,  Error =3.2341151907644416e-06
Completed 23 % :  mod = 1.381297485740971e-10,  Error =3.3845859803705025e-06
Completed 24 % :  mod = 2.2265797488446066e-10,  Error =3.514341877064453e-06
Completed 25 % :  mod = 3.1769161870631263e-10,  Error =3.5960269073598283e-06
Completed 26 % :  mod = 1.6519064759148986e-10,  Error =3.7139865085578094e-06
Completed 27 % :  mod = 9.210985790922015e-11,  Error =3.860100207475625e-06
Completed 28 % :  mod = 1.5499022404335794e-10,  Error =4.004697984782979e-06
Completed 28 % :  mod = 3.6993994091673316e-10,  Error =4.114063855809036e-06
Completed 30 % :  mod = 2.0380701643278227e-10,  Error =4.20124634814556e-06
Completed 31 % :  mod = 9.925044933571998e-11,  Error =4.33671372235267e-06
Completed 32 % :  mod = 1.0026805556426066e-10,  Error =4.490058650219453e-06
Completed 33 % :  mod = 1.5044242240094154e-10,  Error =4.6382862848304285e-06
Completed 34 % :  mod = 3.0879928327062397e-10,  Error =4.746592026094731e-06
Completed 35 % :  mod = 2.5215579280321e-10,  Error =4.839844720549991e-06
Completed 36 % :  mod = 8.909849064907149e-11,  Error =4.978280266243473e-06
Completed 37 % :  mod = 6.965982793555635e-11,  Error =5.132025016507669e-06
Completed 38 % :  mod = 1.8625090954041398e-10,  Error =5.278447524403873e-06
Completed 39 % :  mod = 3.435878530427357e-10,  Error =5.387209697005346e-06
Completed 40 % :  mod = 1.9449033104088028e-10,  Error =5.473882652040629e-06
Completed 41 % :  mod = 1.2920566422566055e-10,  Error =5.610429838043274e-06
Completed 42 % :  mod = 1.1098998631258269e-10,  Error =5.76036633503918e-06
Completed 43 % :  mod = 1.916701792845723e-10,  Error =5.896826877460626e-06
Completed 44 % :  mod = 3.497393592572769e-10,  Error =5.983962132916076e-06
Completed 45 % :  mod = 1.799238058939277e-10,  Error =6.0922906683913425e-06
Completed 46 % :  mod = 8.538141894835575e-11,  Error =6.238131852853712e-06
Completed 47 % :  mod = 9.390593092572513e-11,  Error =6.3913282772887214e-06
Completed 48 % :  mod = 2.4519882541651044e-10,  Error =6.52844597937019e-06
Completed 49 % :  mod = 3.1724340436873443e-10,  Error =6.619281677444633e-06
Completed 50 % :  mod = 1.330004296909494e-10,  Error =6.7300835269179515e-06
Completed 51 % :  mod = 1.0186419494481503e-10,  Error =6.87971726165415e-06
Completed 52 % :  mod = 9.79823981041602e-11,  Error =7.0343770701697395e-06
Completed 53 % :  mod = 1.7427409746555244e-10,  Error =7.174646142971142e-06
Completed 54 % :  mod = 3.9522096189367e-10,  Error =7.266157027174813e-06
Completed 55 % :  mod = 1.446256534750598e-10,  Error =7.3694828088832764e-06
Completed 56 % :  mod = 8.442868442617666e-11,  Error =7.5145064997172994e-06
Completed 56 % :  mod = 1.3116990184939546e-10,  Error =7.667465538929719e-06
Completed 57 % :  mod = 2.0924929533522843e-10,  Error =7.80564192126576e-06
Completed 59 % :  mod = 3.3051541371261917e-10,  Error =7.893668332314974e-06
Completed 60 % :  mod = 1.5056607868708646e-10,  Error =8.004847394715853e-06
Completed 61 % :  mod = 5.5430694562824064e-11,  Error =8.155332892556544e-06
Completed 62 % :  mod = 6.166501903894114e-11,  Error =8.313767473566713e-06
Completed 63 % :  mod = 1.148264664493572e-10,  Error =8.469333629079756e-06
Completed 64 % :  mod = 2.574195958358782e-10,  Error =8.600754860310644e-06
Completed 65 % :  mod = 3.206926334261343e-10,  Error =8.683949992871476e-06
Completed 66 % :  mod = 1.0464490953822396e-10,  Error =8.806367624458744e-06
Completed 67 % :  mod = 5.126612496009947e-11,  Error =8.960473550700954e-06
Completed 68 % :  mod = 6.588055069360744e-11,  Error =9.119797923062833e-06
Completed 69 % :  mod = 9.811516521368281e-11,  Error =9.276196401231118e-06
Completed 70 % :  mod = 2.3819766035059325e-10,  Error =9.409357495826498e-06
Completed 71 % :  mod = 3.452690144600974e-10,  Error =9.493852687114668e-06
Completed 72 % :  mod = 1.1377045105544477e-10,  Error =9.612236731015855e-06
Completed 73 % :  mod = 7.754427431352523e-11,  Error =9.763014091390687e-06
Completed 74 % :  mod = 1.2707623522847816e-10,  Error =9.916789359465383e-06
Completed 75 % :  mod = 2.2743107595517651e-10,  Error =1.0052271058214046e-05
Completed 76 % :  mod = 3.266993671058704e-10,  Error =1.0137027338430471e-05
Completed 77 % :  mod = 1.3028044508616141e-10,  Error =1.0253198773568784e-05
Completed 78 % :  mod = 5.2106366542101627e-11,  Error =1.0405589662809689e-05
Completed 79 % :  mod = 5.7402711886538936e-11,  Error =1.056487874961931e-05
Completed 80 % :  mod = 8.99615890130899e-11,  Error =1.0722458974044002e-05
Completed 81 % :  mod = 2.0963985850605713e-10,  Error =1.086262515315184e-05
Completed 82 % :  mod = 3.5955942415892376e-10,  Error =1.095180499532944e-05
Completed 83 % :  mod = 1.2504307346822194e-10,  Error =1.1061805331280539e-05
Completed 84 % :  mod = 7.168940774747495e-11,  Error =1.1212526558779246e-05
Completed 85 % :  mod = 7.354367441381791e-11,  Error =1.1370742207361673e-05
Completed 86 % :  mod = 9.877666932659609e-11,  Error =1.1525718349503222e-05
Completed 87 % :  mod = 2.7616245876105095e-10,  Error =1.1652589932964474e-05
Completed 88 % :  mod = 3.140545390978903e-10,  Error =1.1737756047125458e-05
Completed 89 % :  mod = 1.0614014603589227e-10,  Error =1.186240817929729e-05
Completed 90 % :  mod = 8.301171962845189e-11,  Error =1.2014148687455872e-05
Completed 91 % :  mod = 1.484784294314093e-10,  Error =1.2165063083102723e-05
Completed 92 % :  mod = 2.77881588754183e-10,  Error =1.2289810200627471e-05
Completed 93 % :  mod = 2.6946355604351505e-10,  Error =1.2370013941165325e-05
Completed 94 % :  mod = 1.2342480247122323e-10,  Error =1.2497121993249038e-05
Completed 95 % :  mod = 7.183104463246789e-11,  Error =1.2649898266658965e-05
Completed 96 % :  mod = 1.0082656931207677e-10,  Error =1.2804672337551892e-05
Completed 97 % :  mod = 2.5421558537100566e-10,  Error =1.2938366431569648e-05
Completed 98 % :  mod = 3.441047328656552e-10,  Error =1.3028976759699162e-05
Completed 99 % :  mod = 1.1678886612633883e-10,  Error =1.3142661728693383e-05
Completed 100 % :  mod = 8.692848565338149e-11,  Error =1.3291129178583105e-05
Finished 156/201 frames
Finished all frames!
