/opt/local/miniconda_23_9/lib/python3.11/site-packages/conda/base/context.py:201: FutureWarning: Adding 'defaults' to channel list implicitly is deprecated and will be removed in 25.3. 

To remove this warning, please choose a default channel explicitly with conda's regular configuration system, e.g. by adding 'defaults' to the list of channels:

  conda config --add channels defaults

For more information see https://docs.conda.io/projects/conda/en/stable/user-guide/configuration/use-condarc.html

  deprecated.topic(
JOB 13453 ARRAY_ID 99  -> i=99 ; range=[1.9e-10, 6.0e-10] ; intervals=200 (frames=201)
Density options: centers='2.0e-10,4.0e-10' width='5e-11,5e-11' strength=''
Completed 0 % :  mod = 2.925347400452861e-16,  Error =-1.4210854715202004e-14
Completed 1 % :  mod = 4.222921711505335e-16,  Error =8.776365234552941e-08
Completed 2 % :  mod = 9.266755252461344e-16,  Error =1.755284628757181e-07
Completed 3 % :  mod = 2.2531358588596386e-15,  Error =2.632936215718473e-07
Completed 4 % :  mod = 5.578409219123764e-15,  Error =3.510579631438304e-07
Completed 5 % :  mod = 1.3852428592217777e-14,  Error =4.3882214839641165e-07
Completed 6 % :  mod = 3.4415283033464076e-14,  Error =5.265871010351475e-07
Completed 7 % :  mod = 8.550879300183414e-14,  Error =6.143517055079428e-07
Completed 8 % :  mod = 2.1245927122414393e-13,  Error =7.021153862751817e-07
Completed 9 % :  mod = 5.278874170256637e-13,  Error =7.898800475913959e-07
Completed 10 % :  mod = 1.3116137349910623e-12,  Error =8.776449931247043e-07
Completed 11 % :  mod = 3.2588449506094293e-12,  Error =9.654049648588625e-07
Completed 12 % :  mod = 8.096152300704042e-12,  Error =1.0531444445405214e-06
Completed 13 % :  mod = 2.0101538855375176e-11,  Error =1.1407522393369618e-06
Completed 14 % :  mod = 4.972082140522129e-11,  Error =1.2275594372113119e-06
Completed 15 % :  mod = 1.2005497767853485e-10,  Error =1.3098226148144931e-06
Completed 16 % :  mod = 2.463175508942388e-10,  Error =1.3741131326128198e-06
Completed 17 % :  mod = 2.3010165499062597e-10,  Error =1.4210591245955584e-06
Completed 18 % :  mod = 1.0507356149517525e-10,  Error =1.4896070936742944e-06
Completed 19 % :  mod = 4.388348307487761e-11,  Error =1.5730000413327616e-06
Completed 20 % :  mod = 2.4844475951452266e-11,  Error =1.6598518399746354e-06
Completed 21 % :  mod = 2.3642470084545794e-11,  Error =1.7472011464292336e-06
Completed 22 % :  mod = 4.11880257218181e-11,  Error =1.8341289873546884e-06
Completed 23 % :  mod = 1.022339454837326e-10,  Error =1.9179596222329565e-06
Completed 24 % :  mod = 2.156832919411009e-10,  Error =1.9882092558987097e-06
Completed 25 % :  mod = 2.556003330845859e-10,  Error =2.0353722050003853e-06
Completed 26 % :  mod = 1.2878161051241097e-10,  Error =2.0978470018917506e-06
Completed 27 % :  mod = 5.238978083034139e-11,  Error =2.179344527064586e-06
Completed 28 % :  mod = 2.275951873676406e-11,  Error =2.265989586192063e-06
Completed 28 % :  mod = 1.107702962532144e-11,  Error =2.353539052535325e-06
Completed 30 % :  mod = 9.075233928338614e-12,  Error =2.441227032079496e-06
Completed 31 % :  mod = 1.571201066789437e-11,  Error =2.5288733311867873e-06
Completed 32 % :  mod = 3.63493014667436e-11,  Error =2.6161181594375194e-06
Completed 33 % :  mod = 8.526698128168859e-11,  Error =2.700971961644427e-06
Completed 34 % :  mod = 1.9868407747653164e-10,  Error =2.7741247592416585e-06
Completed 35 % :  mod = 2.733474460871612e-10,  Error =2.823740700819144e-06
Completed 36 % :  mod = 1.3567934696950294e-10,  Error =2.882016545413535e-06
Completed 37 % :  mod = 6.597630093370583e-11,  Error =2.961857227035125e-06
Completed 38 % :  mod = 3.260869668824795e-11,  Error =3.04787680249774e-06
Completed 39 % :  mod = 2.7669340030734852e-11,  Error =3.1349433058380782e-06
Completed 40 % :  mod = 5.2155703738284196e-11,  Error =3.2214680629749637e-06
Completed 41 % :  mod = 1.1954520515548597e-10,  Error =3.303935244503009e-06
Completed 42 % :  mod = 2.269309487883403e-10,  Error =3.3698013623961742e-06
Completed 43 % :  mod = 2.467834075882916e-10,  Error =3.416646080722785e-06
Completed 44 % :  mod = 1.1486001110698179e-10,  Error =3.4830918025363644e-06
Completed 45 % :  mod = 5.420562015618968e-11,  Error =3.565052551834924e-06
Completed 46 % :  mod = 5.1712086364594586e-11,  Error =3.6507064180568705e-06
Completed 47 % :  mod = 8.268398256209994e-11,  Error =3.735408249383454e-06
Completed 48 % :  mod = 1.52378703121494e-10,  Error =3.8120648611084107e-06
Completed 49 % :  mod = 2.8982133530889167e-10,  Error =3.865502463895609e-06
Completed 50 % :  mod = 1.7054701535951227e-10,  Error =3.918380535594679e-06
Completed 51 % :  mod = 7.713758308104769e-11,  Error =3.994089112779875e-06
Completed 52 % :  mod = 4.380678881059436e-11,  Error =4.079145327295919e-06
Completed 53 % :  mod = 3.559475119075952e-11,  Error =4.165805172817727e-06
Completed 54 % :  mod = 5.939810347357431e-11,  Error =4.251685929546056e-06
Completed 55 % :  mod = 1.5015876410639141e-10,  Error =4.33149363487928e-06
Completed 56 % :  mod = 2.561341745213041e-10,  Error =4.391753627430717e-06
Completed 56 % :  mod = 1.976853284097384e-10,  Error =4.439511421594489e-06
Completed 57 % :  mod = 1.0860828117848783e-10,  Error =4.51117512767496e-06
Completed 59 % :  mod = 5.1541901690587596e-11,  Error =4.5943647535295895e-06
Completed 60 % :  mod = 5.4452464976871175e-11,  Error =4.679758781378496e-06
Completed 61 % :  mod = 1.1815547401195565e-10,  Error =4.762318596363002e-06
Completed 62 % :  mod = 2.071893219215311e-10,  Error =4.831791798665108e-06
Completed 63 % :  mod = 2.507835534854514e-10,  Error =4.878364421756487e-06
Completed 64 % :  mod = 1.411774017425446e-10,  Error =4.940993065360999e-06
Completed 65 % :  mod = 5.825257621764923e-11,  Error =5.021415688588604e-06
Completed 66 % :  mod = 4.453906829951397e-11,  Error =5.107009691585063e-06
Completed 67 % :  mod = 6.953098441625131e-11,  Error =5.192540406540047e-06
Completed 68 % :  mod = 1.256482931866791e-10,  Error =5.2731012090134755e-06
Completed 69 % :  mod = 2.5464026873525597e-10,  Error =5.333866070600379e-06
Completed 70 % :  mod = 2.2565652087039876e-10,  Error =5.383090659449863e-06
Completed 71 % :  mod = 9.287353801520438e-11,  Error =5.45338698998421e-06
Completed 72 % :  mod = 5.012851748169147e-11,  Error =5.536851354293049e-06
Completed 73 % :  mod = 4.9279312007216815e-11,  Error =5.6228730187513065e-06
Completed 74 % :  mod = 7.686952871304101e-11,  Error =5.707764557882911e-06
Completed 75 % :  mod = 1.6079894614737619e-10,  Error =5.7841765368493725e-06
Completed 76 % :  mod = 2.9220060867982317e-10,  Error =5.8382268903756085e-06
Completed 77 % :  mod = 1.6067465287439975e-10,  Error =5.89035063569554e-06
Completed 78 % :  mod = 8.55550139165735e-11,  Error =5.965846270328257e-06
Completed 79 % :  mod = 5.422833557039899e-11,  Error =6.0502610921275846e-06
Completed 80 % :  mod = 5.548290670577072e-11,  Error =6.135828208186922e-06
Completed 81 % :  mod = 1.1201359542187659e-10,  Error =6.217824960685903e-06
Completed 82 % :  mod = 2.4765407215162975e-10,  Error =6.284412471302403e-06
Completed 83 % :  mod = 2.2824344222020658e-10,  Error =6.331507329093711e-06
Completed 84 % :  mod = 1.1828078330145762e-10,  Error =6.39708272842654e-06
Completed 85 % :  mod = 5.443364520934472e-11,  Error =6.479491325706022e-06
Completed 86 % :  mod = 2.8502333583022152e-11,  Error =6.5659716028676485e-06
Completed 87 % :  mod = 3.3062817012157905e-11,  Error =6.65297434210288e-06
Completed 88 % :  mod = 7.145221513992684e-11,  Error =6.738757782898119e-06
Completed 89 % :  mod = 1.4510084162530947e-10,  Error =6.817625411770223e-06
Completed 90 % :  mod = 2.751750834129501e-10,  Error =6.873857437028619e-06
Completed 91 % :  mod = 1.8946770569672325e-10,  Error =6.924802185892531e-06
Completed 92 % :  mod = 7.920735042847807e-11,  Error =6.999444487121309e-06
Completed 93 % :  mod = 3.3675029065191836e-11,  Error =7.084644892074721e-06
Completed 94 % :  mod = 1.604794427717495e-11,  Error =7.171945057393714e-06
Completed 95 % :  mod = 9.65847823413286e-12,  Error =7.259592052832886e-06
Completed 96 % :  mod = 1.2307918900973273e-11,  Error =7.347258318191052e-06
Completed 97 % :  mod = 2.884171806470372e-11,  Error =7.434693536367831e-06
Completed 98 % :  mod = 6.669736072954777e-11,  Error =7.520697550944533e-06
Completed 99 % :  mod = 1.5788022545074803e-10,  Error =7.5989732053471926e-06
Completed 100 % :  mod = 2.774962835881276e-10,  Error =7.654683770397241e-06
Finished 100/201 frames
Finished all frames!
