/opt/local/miniconda_23_9/lib/python3.11/site-packages/conda/base/context.py:201: FutureWarning: Adding 'defaults' to channel list implicitly is deprecated and will be removed in 25.3. 

To remove this warning, please choose a default channel explicitly with conda's regular configuration system, e.g. by adding 'defaults' to the list of channels:

  conda config --add channels defaults

For more information see https://docs.conda.io/projects/conda/en/stable/user-guide/configuration/use-condarc.html

  deprecated.topic(
JOB 13907 ARRAY_ID 36  -> i=36 ; range=[1.9e-10, 5.0e-10] ; intervals=200 (frames=201)
Analytic t0 extension enabled (--extend-time-using-t0).
Density options: centers='2.0e-10,4.0e-10' width='2.0e-11,5.0e-11' strength='7.0'
Extending simulation time for p0=2.283e-10 from 10000000000.0 to 1.096e+10
Completed 0 % :  mod = 1.826359186334382e-16,  Error =-1.4210854715202004e-14
Completed 1 % :  mod = 1.9838732398523235e-16,  Error =1.4618464660998143e-08
Completed 2 % :  mod = 2.4835217694184717e-16,  Error =2.9235657450499275e-08
Completed 3 % :  mod = 3.4114729027085236e-16,  Error =4.3853447095898446e-08
Completed 4 % :  mod = 4.927759230730976e-16,  Error =5.84709383133486e-08
Completed 5 % :  mod = 7.293875962079995e-16,  Error =7.30886213773374e-08
Completed 6 % :  mod = 1.0917878626918095e-15,  Error =8.77062902304715e-08
Completed 7 % :  mod = 1.6424754482210183e-15,  Error =1.0232470515347813e-07
Completed 8 % :  mod = 2.4764207401528907e-15,  Error =1.1694317691990364e-07
Completed 9 % :  mod = 3.737444104875105e-15,  Error =1.3156079603504622e-07
Completed 10 % :  mod = 5.643018854632582e-15,  Error =1.4617805277339357e-07
Completed 11 % :  mod = 8.52177621517261e-15,  Error =1.6079553688541637e-07
Completed 12 % :  mod = 1.2870180330747913e-14,  Error =1.754132341602599e-07
Completed 13 % :  mod = 1.943814736503303e-14,  Error =1.900316206615571e-07
Completed 14 % :  mod = 2.935837423672642e-14,  Error =2.0464857186652807e-07
Completed 15 % :  mod = 4.4341680711249504e-14,  Error =2.1926621229795273e-07
Completed 16 % :  mod = 6.697205222607999e-14,  Error =2.3388372483168496e-07
Completed 17 % :  mod = 1.0115226374749249e-13,  Error =2.485015571096483e-07
Completed 18 % :  mod = 1.5277692773232006e-13,  Error =2.6311912648679936e-07
Completed 19 % :  mod = 2.307490109810244e-13,  Error =2.777372714035664e-07
Completed 20 % :  mod = 3.4851503084665693e-13,  Error =2.923541657651185e-07
Completed 21 % :  mod = 5.263833578711453e-13,  Error =3.069722254167573e-07
Completed 22 % :  mod = 7.950242985131558e-13,  Error =3.215904129660885e-07
Completed 23 % :  mod = 1.2007516625059424e-12,  Error =3.362074210144783e-07
Completed 24 % :  mod = 1.813483185531279e-12,  Error =3.5082491223192847e-07
Completed 25 % :  mod = 2.738706233406637e-12,  Error =3.6544102499647124e-07
Completed 26 % :  mod = 4.13535263683033e-12,  Error =3.800542884846436e-07
Completed 27 % :  mod = 6.242116357508368e-12,  Error =3.946624076434091e-07
Completed 28 % :  mod = 9.414872162470413e-12,  Error =4.092589236392996e-07
Completed 29 % :  mod = 1.4175254264146076e-11,  Error =4.2382708187460594e-07
Completed 30 % :  mod = 2.125740021680392e-11,  Error =4.383323570777975e-07
Completed 31 % :  mod = 3.1592284285847296e-11,  Error =4.52703133646537e-07
Completed 32 % :  mod = 4.6026799995318374e-11,  Error =4.667887552045613e-07
Completed 33 % :  mod = 6.427849980579071e-11,  Error =4.803350321935795e-07
Completed 34 % :  mod = 8.263878451005141e-11,  Error =4.93058230688348e-07
Completed 35 % :  mod = 9.262164187568095e-11,  Error =5.049860547501339e-07
Completed 36 % :  mod = 8.734119239816664e-11,  Error =5.167692052054917e-07
Completed 37 % :  mod = 7.06478492653978e-11,  Error =5.29197912157997e-07
Completed 38 % :  mod = 5.170334064515779e-11,  Error =5.424985047852715e-07
Completed 39 % :  mod = 3.587014941305859e-11,  Error =5.564401419633214e-07
Completed 40 % :  mod = 2.4255211473631505e-11,  Error =5.707385284381417e-07
Completed 41 % :  mod = 1.62100672442317e-11,  Error =5.85211431314292e-07
Completed 42 % :  mod = 1.0776844969594697e-11,  Error =5.997646894684294e-07
Completed 43 % :  mod = 7.148215989827049e-12,  Error =6.14353915295851e-07
Completed 44 % :  mod = 4.736540924638794e-12,  Error =6.289586096386302e-07
Completed 45 % :  mod = 3.137103862367108e-12,  Error =6.435714752228705e-07
Completed 46 % :  mod = 2.077373833169668e-12,  Error =6.581875737765586e-07
Completed 47 % :  mod = 1.3755157417515461e-12,  Error =6.728050649940087e-07
Completed 48 % :  mod = 9.107532650766593e-13,  Error =6.874224638409032e-07
Completed 49 % :  mod = 6.030289988251324e-13,  Error =7.020398697932251e-07
Completed 50 % :  mod = 3.9929499334981045e-13,  Error =7.166577304928978e-07
Completed 51 % :  mod = 2.644167334311389e-13,  Error =7.3127561961428e-07
Completed 52 % :  mod = 1.7513852947176137e-13,  Error =7.458935016302348e-07
Completed 53 % :  mod = 1.1606538479040278e-13,  Error =7.605107867902916e-07
Completed 54 % :  mod = 7.7007956684732e-14,  Error =7.751288464419304e-07
Completed 55 % :  mod = 5.123082370155711e-14,  Error =7.897472187323729e-07
Completed 56 % :  mod = 3.428923510425898e-14,  Error =8.043659605050379e-07
Completed 57 % :  mod = 2.3261063155296936e-14,  Error =8.189841338435144e-07
Completed 58 % :  mod = 1.624427870293983e-14,  Error =8.336021579680164e-07
Completed 59 % :  mod = 1.202902386011214e-14,  Error =8.482198836645694e-07
Completed 60 % :  mod = 9.88832055323971e-15,  Error =8.628376804153959e-07
Completed 61 % :  mod = 9.452879055333903e-15,  Error =8.774551787382734e-07
Completed 62 % :  mod = 1.0647631672080828e-14,  Error =8.920733449713225e-07
Completed 63 % :  mod = 1.367871856492103e-14,  Error =9.06691816737748e-07
Completed 64 % :  mod = 1.906883002272304e-14,  Error =9.213089100512661e-07
Completed 65 % :  mod = 2.7747365557864026e-14,  Error =9.359272326037171e-07
Completed 66 % :  mod = 4.121121615148529e-14,  Error =9.505459814818096e-07
Completed 67 % :  mod = 6.178252312887707e-14,  Error =9.65163536648106e-07
Completed 68 % :  mod = 9.300830539454041e-14,  Error =9.797809923384193e-07
Completed 69 % :  mod = 1.4027384298375102e-13,  Error =9.94399108833477e-07
Completed 70 % :  mod = 2.1173169150307768e-13,  Error =1.009016060038448e-06
Completed 71 % :  mod = 3.1970334549400173e-13,  Error =1.0236346668079932e-06
Completed 72 % :  mod = 4.82806956897382e-13,  Error =1.0382519661789047e-06
Completed 73 % :  mod = 7.291727593338828e-13,  Error =1.0528696918754576e-06
Completed 74 % :  mod = 1.101274730473764e-12,  Error =1.0674866999238475e-06
Completed 75 % :  mod = 1.6632337334189882e-12,  Error =1.0821044682529646e-06
Completed 76 % :  mod = 2.511836799897585e-12,  Error =1.0967201262701565e-06
Completed 77 % :  mod = 3.792955410802682e-12,  Error =1.1113344697832872e-06
Completed 78 % :  mod = 5.725814107888666e-12,  Error =1.1259443084554732e-06
Completed 79 % :  mod = 8.638014310128248e-12,  Error =1.1405438726797001e-06
Completed 80 % :  mod = 1.3012134892379085e-11,  Error =1.155120862961212e-06
Completed 81 % :  mod = 1.9535183198242554e-11,  Error =1.1696446122755333e-06
Completed 82 % :  mod = 2.91061448132522e-11,  Error =1.1840534952511916e-06
Completed 83 % :  mod = 4.264048982079047e-11,  Error =1.1982170562419014e-06
Completed 84 % :  mod = 6.024153001251047e-11,  Error =1.2119028767187956e-06
Completed 85 % :  mod = 7.914494798069343e-11,  Error =1.2248140990323009e-06
Completed 86 % :  mod = 9.169194343713994e-11,  Error =1.2368756401315295e-06
Completed 87 % :  mod = 8.968807847702872e-11,  Error =1.248613045845559e-06
Completed 88 % :  mod = 7.461755604718725e-11,  Error =1.2608645505451932e-06
Completed 89 % :  mod = 5.551813616296832e-11,  Error =1.2739935613126363e-06
Completed 90 % :  mod = 3.8838433944147065e-11,  Error =1.2878271391514318e-06
Completed 91 % :  mod = 2.6363289296753867e-11,  Error =1.3020708991007268e-06
Completed 92 % :  mod = 1.7649601021726475e-11,  Error =1.3165168439854824e-06
Completed 93 % :  mod = 1.1743058990684439e-11,  Error =1.3310588826698222e-06
Completed 94 % :  mod = 7.79176909141929e-12,  Error =1.3456425023150587e-06
Completed 95 % :  mod = 5.1637062179184755e-12,  Error =1.3602444752791598e-06
Completed 96 % :  mod = 3.4202655995220166e-12,  Error =1.3748560832027579e-06
Completed 97 % :  mod = 2.264964388544825e-12,  Error =1.389472025437044e-06
Completed 98 % :  mod = 1.4997421050126606e-12,  Error =1.4040884508403906e-06
Completed 99 % :  mod = 9.930213671858038e-13,  Error =1.4187049970360022e-06
Completed 100 % :  mod = 6.575234635181258e-13,  Error =1.433323475907855e-06
Finished 37/201 frames
Finished all frames!
