/opt/local/miniconda_23_9/lib/python3.11/site-packages/conda/base/context.py:201: FutureWarning: Adding 'defaults' to channel list implicitly is deprecated and will be removed in 25.3. 

To remove this warning, please choose a default channel explicitly with conda's regular configuration system, e.g. by adding 'defaults' to the list of channels:

  conda config --add channels defaults

For more information see https://docs.conda.io/projects/conda/en/stable/user-guide/configuration/use-condarc.html

  deprecated.topic(
JOB 13436 ARRAY_ID 82  -> i=82 ; range=[1.9e-10, 6.0e-10] ; intervals=200 (frames=201)
Density options: centers='2.0e-10,4.0e-10' width='5e-11,5e-11' strength=''
Completed 0 % :  mod = 2.697299846354064e-16,  Error =-1.4210854715202004e-14
Completed 1 % :  mod = 3.67630544334535e-16,  Error =6.343469749481301e-08
Completed 2 % :  mod = 7.323997427172541e-16,  Error =1.2686910366710435e-07
Completed 3 % :  mod = 1.6288291215235218e-15,  Error =1.9030366615879757e-07
Completed 4 % :  mod = 3.707650490646995e-15,  Error =2.53737418631772e-07
Completed 5 % :  mod = 8.477912094736416e-15,  Error =3.1717203086145673e-07
Completed 6 % :  mod = 1.9402419872401374e-14,  Error =3.8060652229887637e-07
Completed 7 % :  mod = 4.441144111502629e-14,  Error =4.440414969053563e-07
Completed 8 % :  mod = 1.0165940499221579e-13,  Error =5.074768765211957e-07
Completed 9 % :  mod = 2.327034567905102e-13,  Error =5.70911858233103e-07
Completed 10 % :  mod = 5.326701376429577e-13,  Error =6.343473160086432e-07
Completed 11 % :  mod = 1.2193057337619647e-12,  Error =6.977811963793101e-07
Completed 12 % :  mod = 2.7910000845896153e-12,  Error =7.612125969558292e-07
Completed 13 % :  mod = 6.3880769543446044e-12,  Error =8.246332967587477e-07
Completed 14 % :  mod = 1.46145946024263e-11,  Error =8.879930177840833e-07
Completed 15 % :  mod = 3.335700994041311e-11,  Error =9.510375846843999e-07
Completed 16 % :  mod = 7.520079075891424e-11,  Error =1.0124997942284608e-06
Completed 17 % :  mod = 1.586541770348566e-10,  Error =1.0671599426359535e-06
Completed 18 % :  mod = 2.404851449739965e-10,  Error =1.10635038907958e-06
Completed 19 % :  mod = 1.5973821240461393e-10,  Error =1.1449204393443324e-06
Completed 20 % :  mod = 7.950195770417347e-11,  Error =1.1992098620794422e-06
Completed 21 % :  mod = 3.477449153032324e-11,  Error =1.260504426170428e-06
Completed 22 % :  mod = 1.7218464931727258e-11,  Error =1.3234751534696443e-06
Completed 23 % :  mod = 1.2022529661751709e-11,  Error =1.3867727872707292e-06
Completed 24 % :  mod = 1.46709512314e-11,  Error =1.4500943095185903e-06
Completed 25 % :  mod = 2.7886997133322734e-11,  Error =1.5132198640799288e-06
Completed 26 % :  mod = 6.333482505328296e-11,  Error =1.5752844149119483e-06
Completed 27 % :  mod = 1.3129859535081443e-10,  Error =1.6325620464385793e-06
Completed 28 % :  mod = 2.2979180556321721e-10,  Error =1.6756843095322438e-06
Completed 28 % :  mod = 1.9287246705166186e-10,  Error =1.7117332617999637e-06
Completed 30 % :  mod = 9.353269966005877e-11,  Error =1.762531944393686e-06
Completed 31 % :  mod = 4.267943065978288e-11,  Error =1.8228101552608678e-06
Completed 32 % :  mod = 2.1398613146773887e-11,  Error =1.8855623693525558e-06
Completed 33 % :  mod = 1.3265475424056934e-11,  Error =1.9488041900217468e-06
Completed 34 % :  mod = 1.530302287517667e-11,  Error =2.0121033514897135e-06
Completed 35 % :  mod = 2.979655156379764e-11,  Error =2.0752046978600447e-06
Completed 36 % :  mod = 6.237881257178799e-11,  Error =2.1372305880618114e-06
Completed 37 % :  mod = 1.3348440911191257e-10,  Error =2.194271822020255e-06
Completed 38 % :  mod = 2.3579227540602013e-10,  Error =2.2372252672653303e-06
Completed 39 % :  mod = 1.8470371721012982e-10,  Error =2.2731371629447494e-06
Completed 40 % :  mod = 9.545169258144902e-11,  Error =2.3241740620960627e-06
Completed 41 % :  mod = 4.214789613296575e-11,  Error =2.3845240377795562e-06
Completed 42 % :  mod = 1.9643812911832467e-11,  Error =2.4473058601870434e-06
Completed 43 % :  mod = 1.1533200224816676e-11,  Error =2.5105813179493452e-06
Completed 44 % :  mod = 1.1117865720643535e-11,  Error =2.57393534042194e-06
Completed 45 % :  mod = 1.8651826851753294e-11,  Error =2.637220340773183e-06
Completed 46 % :  mod = 4.107785536483161e-11,  Error =2.7000630922202618e-06
Completed 47 % :  mod = 8.836537476626435e-11,  Error =2.760729763906511e-06
Completed 48 % :  mod = 1.7940986366146452e-10,  Error =2.812619051439924e-06
Completed 49 % :  mod = 2.410992623724772e-10,  Error =2.8493514321326074e-06
Completed 50 % :  mod = 1.3621607499542875e-10,  Error =2.8910444171970084e-06
Completed 51 % :  mod = 6.864181050680186e-11,  Error =2.9474377640781313e-06
Completed 52 % :  mod = 3.350796999877068e-11,  Error =3.009204036175106e-06
Completed 53 % :  mod = 2.0846496692468903e-11,  Error =3.0721510242415206e-06
Completed 54 % :  mod = 2.5642237455331126e-11,  Error =3.1352272458207153e-06
Completed 55 % :  mod = 4.914948713012166e-11,  Error =3.197774972818479e-06
Completed 56 % :  mod = 9.718204072860535e-11,  Error =3.257586726590489e-06
Completed 56 % :  mod = 2.005504878787251e-10,  Error =3.3069590656964465e-06
Completed 57 % :  mod = 2.3033848397588498e-10,  Error =3.342870371625395e-06
Completed 59 % :  mod = 1.2023060030135047e-10,  Error =3.3871452203015906e-06
Completed 60 % :  mod = 6.35769160023479e-11,  Error =3.4448663583930283e-06
Completed 61 % :  mod = 3.3817844964939235e-11,  Error =3.5068214998545955e-06
Completed 62 % :  mod = 2.7876488376636426e-11,  Error =3.569623480359496e-06
Completed 63 % :  mod = 4.616353856542307e-11,  Error =3.632145336496251e-06
Completed 64 % :  mod = 9.485374846944279e-11,  Error =3.692474578542715e-06
Completed 65 % :  mod = 1.7318195640749903e-10,  Error =3.7441156663930997e-06
Completed 66 % :  mod = 2.4384881152194513e-10,  Error =3.780533234021277e-06
Completed 67 % :  mod = 1.3920249925404456e-10,  Error =3.822482298687646e-06
Completed 68 % :  mod = 6.775883510682796e-11,  Error =3.878593737738356e-06
Completed 69 % :  mod = 3.966405343982623e-11,  Error =3.9401600133714965e-06
Completed 70 % :  mod = 3.091835699431203e-11,  Error =4.002824994131515e-06
Completed 71 % :  mod = 4.5341441925369245e-11,  Error =4.065243800255303e-06
Completed 72 % :  mod = 1.0085991415553859e-10,  Error =4.125272930366464e-06
Completed 73 % :  mod = 1.8208039255499127e-10,  Error =4.176421086299342e-06
Completed 74 % :  mod = 2.2995418471384912e-10,  Error =4.21223386837255e-06
Completed 75 % :  mod = 1.4193170561675785e-10,  Error =4.255146350828909e-06
Completed 76 % :  mod = 6.246841289958831e-11,  Error =4.3118554415855215e-06
Completed 77 % :  mod = 3.288736361715856e-11,  Error =4.373715867700412e-06
Completed 78 % :  mod = 2.2819667527011115e-11,  Error =4.436665186347e-06
Completed 79 % :  mod = 2.707389943115502e-11,  Error =4.499694313153668e-06
Completed 80 % :  mod = 5.3164643131639874e-11,  Error =4.562026340693137e-06
Completed 81 % :  mod = 1.1715261548467213e-10,  Error =4.6208965756022735e-06
Completed 82 % :  mod = 2.036922086375394e-10,  Error =4.668143901653821e-06
Completed 83 % :  mod = 2.195128601118517e-10,  Error =4.70307304567541e-06
Completed 84 % :  mod = 1.1615352804147709e-10,  Error =4.749991241226326e-06
Completed 85 % :  mod = 5.399337743094235e-11,  Error =4.808499312503045e-06
Completed 86 % :  mod = 3.556693534288788e-11,  Error =4.87060227527536e-06
Completed 87 % :  mod = 3.5306961313824365e-11,  Error =4.933278077601244e-06
Completed 88 % :  mod = 5.6292400849975496e-11,  Error =4.995250804995521e-06
Completed 89 % :  mod = 1.2787298735227414e-10,  Error =5.0531659994135225e-06
Completed 90 % :  mod = 2.1897006679395778e-10,  Error =5.098920624391212e-06
Completed 91 % :  mod = 1.9818445616781206e-10,  Error =5.133724194195111e-06
Completed 92 % :  mod = 1.1534532186072889e-10,  Error =5.18219778200546e-06
Completed 93 % :  mod = 5.106497645549642e-11,  Error =5.241253958843117e-06
Completed 94 % :  mod = 3.2893741375952487e-11,  Error =5.303448880056294e-06
Completed 95 % :  mod = 3.8804404912273555e-11,  Error =5.366092580061377e-06
Completed 96 % :  mod = 6.365311537729414e-11,  Error =5.4278431136367544e-06
Completed 97 % :  mod = 1.2920355972418248e-10,  Error =5.4848464259293905e-06
Completed 98 % :  mod = 2.391054711596335e-10,  Error =5.528316592062765e-06
Completed 99 % :  mod = 1.8433187152868424e-10,  Error =5.564085235221228e-06
Completed 100 % :  mod = 9.992920226622025e-11,  Error =5.614363651318399e-06
Finished 83/201 frames
Finished all frames!
