/opt/local/miniconda_23_9/lib/python3.11/site-packages/conda/base/context.py:201: FutureWarning: Adding 'defaults' to channel list implicitly is deprecated and will be removed in 25.3. 

To remove this warning, please choose a default channel explicitly with conda's regular configuration system, e.g. by adding 'defaults' to the list of channels:

  conda config --add channels defaults

For more information see https://docs.conda.io/projects/conda/en/stable/user-guide/configuration/use-condarc.html

  deprecated.topic(
JOB 13437 ARRAY_ID 83  -> i=83 ; range=[1.9e-10, 6.0e-10] ; intervals=200 (frames=201)
Density options: centers='2.0e-10,4.0e-10' width='5e-11,5e-11' strength=''
Completed 0 % :  mod = 2.7135793481073424e-16,  Error =-1.4210854715202004e-14
Completed 1 % :  mod = 3.7139441257704676e-16,  Error =6.49797797791507e-08
Completed 2 % :  mod = 7.452610165421083e-16,  Error =1.2996004272736172e-07
Completed 3 % :  mod = 1.6686106320758654e-15,  Error =1.9494022041044445e-07
Completed 4 % :  mod = 3.822231503602906e-15,  Error =2.599204833586555e-07
Completed 5 % :  mod = 8.793994275855527e-15,  Error =3.2490137158447396e-07
Completed 6 % :  mod = 2.0249593417819137e-14,  Error =3.8988224559943774e-07
Completed 7 % :  mod = 4.663527385821892e-14,  Error =4.5486316224696566e-07
Completed 8 % :  mod = 1.0740526851671582e-13,  Error =5.198434038788946e-07
Completed 9 % :  mod = 2.4736543017664427e-13,  Error =5.848236099836868e-07
Completed 10 % :  mod = 5.697083655199365e-13,  Error =6.49803560293094e-07
Completed 11 % :  mod = 1.312093399538892e-12,  Error =7.147840790366899e-07
Completed 12 % :  mod = 3.021821750295665e-12,  Error =7.797606400572477e-07
Completed 13 % :  mod = 6.958731542136363e-12,  Error =8.447225070540298e-07
Completed 14 % :  mod = 1.6016363429628266e-11,  Error =9.096126660779191e-07
Completed 15 % :  mod = 3.6761152201724565e-11,  Error =9.741167801280426e-07
Completed 16 % :  mod = 8.312698498821641e-11,  Error =1.0366702909436754e-06
Completed 17 % :  mod = 1.7328551596079976e-10,  Error =1.0910847123568601e-06
Completed 18 % :  mod = 2.4272422680950564e-10,  Error =1.1294195871869306e-06
Completed 19 % :  mod = 1.459015579099582e-10,  Error =1.1708989546832527e-06
Completed 20 % :  mod = 7.136955670538102e-11,  Error =1.228092820326765e-06
Completed 21 % :  mod = 3.160096965378454e-11,  Error =1.2913235849509874e-06
Completed 22 % :  mod = 1.5859761184146943e-11,  Error =1.3559158347220546e-06
Completed 23 % :  mod = 1.2545150707700813e-11,  Error =1.4207636240826105e-06
Completed 24 % :  mod = 1.7656882968716453e-11,  Error =1.485597458383836e-06
Completed 25 % :  mod = 3.468652913423137e-11,  Error =1.550102773251183e-06
Completed 26 % :  mod = 8.012225387959042e-11,  Error =1.6128742146293007e-06
Completed 27 % :  mod = 1.6395562320969864e-10,  Error =1.668363140083784e-06
Completed 28 % :  mod = 2.4064222906502495e-10,  Error =1.7076172866836714e-06
Completed 28 % :  mod = 1.579099189797337e-10,  Error =1.7479919520724252e-06
Completed 30 % :  mod = 7.427278650375562e-11,  Error =1.8043117862021063e-06
Completed 31 % :  mod = 3.238839465793881e-11,  Error =1.8673584847306302e-06
Completed 32 % :  mod = 1.50051334077779e-11,  Error =1.9319536974649054e-06
Completed 33 % :  mod = 7.692044853852087e-12,  Error =1.996848865815082e-06
Completed 34 % :  mod = 6.145347082268135e-12,  Error =2.061796529062576e-06
Completed 35 % :  mod = 9.432449369761365e-12,  Error =2.1267364189725413e-06
Completed 36 % :  mod = 1.9493294932995266e-11,  Error =2.1915766694746708e-06
Completed 37 % :  mod = 4.286743780015974e-11,  Error =2.2558851711096395e-06
Completed 38 % :  mod = 9.806254613092282e-11,  Error =2.3175393835117575e-06
Completed 39 % :  mod = 1.9415561758933225e-10,  Error =2.369105018829032e-06
Completed 40 % :  mod = 2.3282705759665242e-10,  Error =2.4054621832192424e-06
Completed 41 % :  mod = 1.286340932340289e-10,  Error =2.4504117135393244e-06
Completed 42 % :  mod = 5.925774767701252e-11,  Error =2.5094771629596835e-06
Completed 43 % :  mod = 2.6823874004968633e-11,  Error =2.573207574130265e-06
Completed 44 % :  mod = 1.2419799556593537e-11,  Error =2.637927835280607e-06
Completed 45 % :  mod = 7.829903330085767e-12,  Error =2.702838777679517e-06
Completed 46 % :  mod = 8.965495315877644e-12,  Error =2.767773693790332e-06
Completed 47 % :  mod = 1.631138736376092e-11,  Error =2.8326465297823233e-06
Completed 48 % :  mod = 3.592855438418055e-11,  Error =2.8971577350489497e-06
Completed 49 % :  mod = 8.182474474609482e-11,  Error =2.9598315833823108e-06
Completed 50 % :  mod = 1.668390981517422e-10,  Error =3.0147849940931337e-06
Completed 51 % :  mod = 2.4456370246558095e-10,  Error =3.053515413853347e-06
Completed 52 % :  mod = 1.509964745666558e-10,  Error =3.0944169324698123e-06
Completed 53 % :  mod = 7.255684051795909e-11,  Error =3.1511557025964976e-06
Completed 54 % :  mod = 3.223876066659119e-11,  Error =3.2143080872515384e-06
Completed 55 % :  mod = 1.4780057652919455e-11,  Error =3.278909311177358e-06
Completed 56 % :  mod = 9.092513804518618e-12,  Error =3.343793537169404e-06
Completed 56 % :  mod = 9.572184172389784e-12,  Error =3.4087181930431143e-06
Completed 57 % :  mod = 1.6659950090306003e-11,  Error =3.473581394075609e-06
Completed 59 % :  mod = 3.7180800946540414e-11,  Error =3.5380668919060554e-06
Completed 60 % :  mod = 8.295149330600902e-11,  Error =3.600651155011292e-06
Completed 61 % :  mod = 1.6931032961584588e-10,  Error =3.6552464663941464e-06
Completed 62 % :  mod = 2.4581084872534855e-10,  Error =3.6937228102829067e-06
Completed 63 % :  mod = 1.4710567249605138e-10,  Error =3.7349468016145693e-06
Completed 64 % :  mod = 7.210121929606614e-11,  Error =3.7919029054478415e-06
Completed 65 % :  mod = 3.3135733009113036e-11,  Error =3.855065067170926e-06
Completed 66 % :  mod = 1.7023502944662156e-11,  Error =3.9196201413460585e-06
Completed 67 % :  mod = 1.5094134378976072e-11,  Error =3.984428815329011e-06
Completed 68 % :  mod = 2.4050982113436184e-11,  Error =4.049163052854965e-06
Completed 69 % :  mod = 4.762562212962519e-11,  Error =4.113259684856985e-06
Completed 70 % :  mod = 1.0852529518787677e-10,  Error =4.174138254597892e-06
Completed 71 % :  mod = 2.0868368508617694e-10,  Error =4.223712210205122e-06
Completed 72 % :  mod = 2.197205728855145e-10,  Error =4.259421864105661e-06
Completed 73 % :  mod = 1.2019761990534635e-10,  Error =4.306591833369566e-06
Completed 74 % :  mod = 5.310971607019636e-11,  Error =4.36660323543947e-06
Completed 75 % :  mod = 2.416940910073017e-11,  Error =4.430552529299803e-06
Completed 76 % :  mod = 1.1586878237856124e-11,  Error =4.495318655983738e-06
Completed 77 % :  mod = 7.36312826308558e-12,  Error =4.560240306261676e-06
Completed 78 % :  mod = 8.83677361774392e-12,  Error =4.625177545847237e-06
Completed 79 % :  mod = 1.692680276513748e-11,  Error =4.690046630173583e-06
Completed 80 % :  mod = 3.632840721837644e-11,  Error =4.75453884973831e-06
Completed 81 % :  mod = 8.308305315624828e-11,  Error =4.817102080778568e-06
Completed 82 % :  mod = 1.7310552346753827e-10,  Error =4.871664451400193e-06
Completed 83 % :  mod = 2.403274515186561e-10,  Error =4.910086865095309e-06
Completed 84 % :  mod = 1.4844811745368035e-10,  Error =4.951476050507608e-06
Completed 85 % :  mod = 7.132356293355154e-11,  Error =5.008604262002336e-06
Completed 86 % :  mod = 3.094590179431617e-11,  Error =5.071836973513655e-06
Completed 87 % :  mod = 1.490464984828872e-11,  Error =5.1364532183129086e-06
Completed 88 % :  mod = 9.57268789898584e-12,  Error =5.201334346338626e-06
Completed 89 % :  mod = 1.083401038238381e-11,  Error =5.266246780877282e-06
Completed 90 % :  mod = 2.0132922338512892e-11,  Error =5.331062190805369e-06
Completed 91 % :  mod = 4.535387230799627e-11,  Error =5.3953248695393086e-06
Completed 92 % :  mod = 9.76726672108104e-11,  Error =5.4568712073432835e-06
Completed 93 % :  mod = 1.969497157751739e-10,  Error =5.507951684080581e-06
Completed 94 % :  mod = 2.3469407031504505e-10,  Error =5.544424148240523e-06
Completed 95 % :  mod = 1.2336798825593714e-10,  Error =5.589643322423399e-06
Completed 96 % :  mod = 6.080925348690924e-11,  Error =5.648809114688902e-06
Completed 97 % :  mod = 3.0369838429331545e-11,  Error =5.712440710681221e-06
Completed 98 % :  mod = 2.013394501407583e-11,  Error =5.7770011494540086e-06
Completed 99 % :  mod = 2.6796828474930923e-11,  Error =5.841609720391716e-06
Completed 100 % :  mod = 5.412901410489375e-11,  Error =5.905536859529548e-06
Finished 84/201 frames
Finished all frames!
