/opt/local/miniconda_23_9/lib/python3.11/site-packages/conda/base/context.py:201: FutureWarning: Adding 'defaults' to channel list implicitly is deprecated and will be removed in 25.3. 

To remove this warning, please choose a default channel explicitly with conda's regular configuration system, e.g. by adding 'defaults' to the list of channels:

  conda config --add channels defaults

For more information see https://docs.conda.io/projects/conda/en/stable/user-guide/configuration/use-condarc.html

  deprecated.topic(
JOB 13930 ARRAY_ID 59  -> i=59 ; range=[1.9e-10, 5.0e-10] ; intervals=200 (frames=201)
Analytic t0 extension enabled (--extend-time-using-t0).
Density options: centers='2.0e-10,4.0e-10' width='2.0e-11,5.0e-11' strength='7.0'
Completed 0 % :  mod = 2.546430349615099e-16,  Error =-1.4210854715202004e-14
Completed 1 % :  mod = 3.337426286450021e-16,  Error =5.038945261048866e-08
Completed 2 % :  mod = 6.201827256150426e-16,  Error =1.0077964418542251e-07
Completed 3 % :  mod = 1.2919167203310018e-15,  Error =1.5116841467488484e-07
Completed 4 % :  mod = 2.7662651619030172e-15,  Error =2.0155839308699797e-07
Completed 5 % :  mod = 5.9591798225853875e-15,  Error =2.5194812991458093e-07
Completed 6 % :  mod = 1.2854286608196247e-14,  Error =3.023365451326754e-07
Completed 7 % :  mod = 2.7735230356039007e-14,  Error =3.52726274854831e-07
Completed 8 % :  mod = 5.984692588236163e-14,  Error =4.0311471849463487e-07
Completed 9 % :  mod = 1.2913903662241776e-13,  Error =4.5350433452995276e-07
Completed 10 % :  mod = 2.786598269366001e-13,  Error =5.038930979139877e-07
Completed 11 % :  mod = 6.012997744565695e-13,  Error =5.542812786529794e-07
Completed 12 % :  mod = 1.2974956056170733e-12,  Error =6.046698430850483e-07
Completed 13 % :  mod = 2.79970331280049e-12,  Error =6.550562687834827e-07
Completed 14 % :  mod = 6.040562458445636e-12,  Error =7.054329103084456e-07
Completed 15 % :  mod = 1.3027257074026738e-11,  Error =7.557667061064421e-07
Completed 16 % :  mod = 2.803784014790882e-11,  Error =8.059002425397921e-07
Completed 17 % :  mod = 5.97738600174375e-11,  Error =8.551247745458568e-07
Completed 18 % :  mod = 1.2189334074127798e-10,  Error =9.006536885181049e-07
Completed 19 % :  mod = 2.0373165892064845e-10,  Error =9.361926558426603e-07
Completed 20 % :  mod = 1.8690456424070063e-10,  Error =9.650651406900579e-07
Completed 21 % :  mod = 1.0288225358460565e-10,  Error =1.0036955586656404e-06
Completed 22 % :  mod = 4.910868266751754e-11,  Error =1.0506227354767361e-06
Completed 23 % :  mod = 2.39289821557629e-11,  Error =1.1002032707096987e-06
Completed 24 % :  mod = 1.1790001674944599e-11,  Error =1.1504026957709357e-06
Completed 25 % :  mod = 7.329317659503608e-12,  Error =1.2007371168465397e-06
Completed 26 % :  mod = 7.593135369269843e-12,  Error =1.2510945879284918e-06
Completed 27 % :  mod = 1.2301213676817783e-11,  Error =1.301423985466954e-06
Completed 28 % :  mod = 2.4376239308056152e-11,  Error =1.3516071675212515e-06
Completed 28 % :  mod = 5.2550303286236354e-11,  Error =1.4011084488174674e-06
Completed 30 % :  mod = 1.0631918720231481e-10,  Error =1.4477694918468842e-06
Completed 31 % :  mod = 1.8950687591114806e-10,  Error =1.485649853805171e-06
Completed 32 % :  mod = 2.040781786565483e-10,  Error =1.5144919913723243e-06
Completed 33 % :  mod = 1.1524458002576723e-10,  Error =1.5507002828485383e-06
Completed 34 % :  mod = 5.814425646980875e-11,  Error =1.5965421269470426e-06
Completed 35 % :  mod = 2.9053681395232084e-11,  Error =1.6458085738690897e-06
Completed 36 % :  mod = 1.5688202159480948e-11,  Error =1.6958998685367987e-06
Completed 37 % :  mod = 1.3377853066852406e-11,  Error =1.7461623116332703e-06
Completed 38 % :  mod = 1.9444224060941338e-11,  Error =1.796396681186252e-06
Completed 39 % :  mod = 3.5538847413398996e-11,  Error =1.8463299014115364e-06
Completed 40 % :  mod = 7.475688730509381e-11,  Error =1.894865292229042e-06
Completed 41 % :  mod = 1.4856059437042623e-10,  Error =1.938181348748458e-06
Completed 42 % :  mod = 2.1068972468882948e-10,  Error =1.9704003335618836e-06
Completed 43 % :  mod = 1.6260668101804728e-10,  Error =2.000958225778504e-06
Completed 44 % :  mod = 8.545254533738538e-11,  Error =2.0427340388096127e-06
Completed 45 % :  mod = 4.029958976575092e-11,  Error =2.0907357480837163e-06
Completed 46 % :  mod = 2.2788648266968692e-11,  Error =2.1405171821697877e-06
Completed 47 % :  mod = 1.674754978140699e-11,  Error =2.1906846328079155e-06
Completed 48 % :  mod = 2.0551275567656097e-11,  Error =2.2408656619177236e-06
Completed 49 % :  mod = 3.913553902095349e-11,  Error =2.290717887376559e-06
Completed 50 % :  mod = 7.913060354956198e-11,  Error =2.339073510881917e-06
Completed 51 % :  mod = 1.473290317047365e-10,  Error =2.3818364880412446e-06
Completed 52 % :  mod = 2.2075261070537634e-10,  Error =2.413384983412925e-06
Completed 53 % :  mod = 1.538908667278706e-10,  Error =2.4444722015459774e-06
Completed 54 % :  mod = 8.100477937205641e-11,  Error =2.4866887144980865e-06
Completed 55 % :  mod = 4.044756094140938e-11,  Error =2.534908091433863e-06
Completed 56 % :  mod = 2.0133680244363697e-11,  Error =2.584750262712987e-06
Completed 56 % :  mod = 1.4321846858137848e-11,  Error =2.6349598130082086e-06
Completed 57 % :  mod = 1.717767148499382e-11,  Error =2.6852086918438545e-06
Completed 59 % :  mod = 2.8964593350798177e-11,  Error =2.735278755494619e-06
Completed 60 % :  mod = 5.97847106376764e-11,  Error =2.7844581964586723e-06
Completed 61 % :  mod = 1.2329929101133316e-10,  Error =2.8300379923962282e-06
Completed 62 % :  mod = 1.9778657708854155e-10,  Error =2.865830701637151e-06
Completed 63 % :  mod = 1.9076211384429621e-10,  Error =2.894642875617137e-06
Completed 64 % :  mod = 1.0567870803795874e-10,  Error =2.933023736773066e-06
Completed 65 % :  mod = 5.081391319710818e-11,  Error =2.9796980243190774e-06
Completed 66 % :  mod = 2.924524862571501e-11,  Error =3.0291195756149136e-06
Completed 67 % :  mod = 2.088799212389361e-11,  Error =3.07915486530419e-06
Completed 68 % :  mod = 2.5302122874461458e-11,  Error =3.129220431219437e-06
Completed 69 % :  mod = 4.882528898567601e-11,  Error =3.1787917862402537e-06
Completed 70 % :  mod = 9.538305225772545e-11,  Error =3.2261842690672893e-06
Completed 71 % :  mod = 1.6986146332132606e-10,  Error =3.2661640148035076e-06
Completed 72 % :  mod = 2.1815793250868492e-10,  Error =3.2957196012262102e-06
Completed 73 % :  mod = 1.296249871471461e-10,  Error =3.329590811063099e-06
Completed 74 % :  mod = 6.871992890033363e-11,  Error =3.3739421780865086e-06
Completed 75 % :  mod = 3.8363070659551413e-11,  Error =3.422677970377208e-06
Completed 76 % :  mod = 2.524175607949941e-11,  Error =3.472483236066637e-06
Completed 77 % :  mod = 3.063964117292645e-11,  Error =3.5223913883442037e-06
Completed 78 % :  mod = 5.767131373981126e-11,  Error =3.571670113444725e-06
Completed 79 % :  mod = 1.0414693499864031e-10,  Error =3.618184820197712e-06
Completed 80 % :  mod = 1.8937773266061004e-10,  Error =3.655933554114199e-06
Completed 81 % :  mod = 2.0727467064454748e-10,  Error =3.6851440157192883e-06
Completed 82 % :  mod = 1.1293686575101684e-10,  Error =3.721105045428885e-06
Completed 83 % :  mod = 6.345484442527243e-11,  Error =3.7666954213477766e-06
Completed 84 % :  mod = 3.676371166448309e-11,  Error =3.815674979534833e-06
Completed 85 % :  mod = 2.9442938715641026e-11,  Error =3.865415024506547e-06
Completed 86 % :  mod = 4.4531298729390455e-11,  Error =3.914969170182303e-06
Completed 87 % :  mod = 8.633358122137868e-11,  Error =3.962956917291649e-06
Completed 88 % :  mod = 1.4750681150438045e-10,  Error =4.0052101795140516e-06
Completed 89 % :  mod = 2.2078696658892642e-10,  Error =4.036253685058e-06
Completed 90 % :  mod = 1.534572195332858e-10,  Error =4.067929779694168e-06
Completed 91 % :  mod = 7.782751935004102e-11,  Error =4.110313319927172e-06
Completed 92 % :  mod = 4.37518830391787e-11,  Error =4.158493162265131e-06
Completed 93 % :  mod = 2.6591897388144122e-11,  Error =4.208181202614014e-06
Completed 94 % :  mod = 2.728006749675846e-11,  Error =4.25812581994478e-06
Completed 95 % :  mod = 4.856545996110329e-11,  Error =4.307674231540659e-06
Completed 96 % :  mod = 9.082872231762687e-11,  Error =4.35526853692636e-06
Completed 97 % :  mod = 1.636696734682375e-10,  Error =4.395938844936609e-06
Completed 98 % :  mod = 2.216175081322181e-10,  Error =4.426002170987431e-06
Completed 99 % :  mod = 1.3450510917934327e-10,  Error =4.459020438218886e-06
Completed 100 % :  mod = 7.371720025806594e-11,  Error =4.502739699319136e-06
Finished 60/201 frames
Finished all frames!
