/opt/local/miniconda_23_9/lib/python3.11/site-packages/conda/base/context.py:201: FutureWarning: Adding 'defaults' to channel list implicitly is deprecated and will be removed in 25.3. 

To remove this warning, please choose a default channel explicitly with conda's regular configuration system, e.g. by adding 'defaults' to the list of channels:

  conda config --add channels defaults

For more information see https://docs.conda.io/projects/conda/en/stable/user-guide/configuration/use-condarc.html

  deprecated.topic(
JOB 14044 ARRAY_ID 173  -> i=173 ; range=[1.9e-10, 5.0e-10] ; intervals=200 (frames=201)
Analytic t0 extension enabled (--extend-time-using-t0).
Density options: centers='2.0e-10,4.0e-10' width='2.0e-11,5.0e-11' strength='7.0'
Completed 0 % :  mod = 3.5686444838073286e-16,  Error =-1.4210854715202004e-14
Completed 1 % :  mod = 5.998627572791601e-16,  Error =1.943669545312332e-07
Completed 2 % :  mod = 1.6597854701412804e-15,  Error =3.887343638098173e-07
Completed 3 % :  mod = 4.9800906688751024e-15,  Error =5.831013538681873e-07
Completed 4 % :  mod = 1.5082543280395295e-14,  Error =7.774677399652319e-07
Completed 5 % :  mod = 4.572519075001736e-14,  Error =9.71835170560098e-07
Completed 6 % :  mod = 1.3863878939977256e-13,  Error =1.1662017129765445e-06
Completed 7 % :  mod = 4.203578946702815e-13,  Error =1.3605694206830776e-06
Completed 8 % :  mod = 1.2745412811727944e-12,  Error =1.5549368654887985e-06
Completed 9 % :  mod = 3.8644320350147616e-12,  Error =1.74929667196011e-06
Completed 10 % :  mod = 1.171628396040585e-11,  Error =1.943594774900248e-06
Completed 11 % :  mod = 3.550081652709881e-11,  Error =2.1373273781932767e-06
Completed 12 % :  mod = 1.0693992199183882e-10,  Error =2.3260655197532287e-06
Completed 13 % :  mod = 2.967966567901234e-10,  Error =2.481333758908022e-06
Completed 14 % :  mod = 3.135653692865828e-10,  Error =2.579599659213727e-06
Completed 15 % :  mod = 1.1293712666831963e-10,  Error =2.734571616258563e-06
Completed 16 % :  mod = 5.445989608082829e-11,  Error =2.920742531387077e-06
Completed 17 % :  mod = 9.30169856936151e-11,  Error =3.1091277676864593e-06
Completed 18 % :  mod = 2.416894165139494e-10,  Error =3.278379480775584e-06
Completed 19 % :  mod = 3.52280509934443e-10,  Error =3.3861406905089098e-06
Completed 20 % :  mod = 1.3440833639147855e-10,  Error =3.5214761453516985e-06
Completed 21 % :  mod = 6.507481793384638e-11,  Error =3.7049215322326745e-06
Completed 22 % :  mod = 5.512333557435191e-11,  Error =3.895943869736129e-06
Completed 23 % :  mod = 1.0359548427594056e-10,  Error =4.082873886090965e-06
Completed 24 % :  mod = 3.2182244143623653e-10,  Error =4.234017524140654e-06
Completed 25 % :  mod = 3.0791598943092417e-10,  Error =4.3362950634673325e-06
Completed 26 % :  mod = 9.734445555376008e-11,  Error =4.4934501133298e-06
Completed 27 % :  mod = 5.383077693080907e-11,  Error =4.68063613823233e-06
Completed 28 % :  mod = 9.419896621290102e-11,  Error =4.869597759693534e-06
Completed 28 % :  mod = 2.1347977809345997e-10,  Error =5.041516516257616e-06
Completed 30 % :  mod = 3.6421217488918716e-10,  Error =5.149423913053397e-06
Completed 31 % :  mod = 1.4909101810974025e-10,  Error =5.281790457445368e-06
Completed 32 % :  mod = 5.370983472156315e-11,  Error =5.465111996727501e-06
Completed 33 % :  mod = 2.1483614893048945e-11,  Error =5.657915153278736e-06
Completed 34 % :  mod = 2.3784337392349094e-11,  Error =5.8517291705584285e-06
Completed 35 % :  mod = 5.939252113126171e-11,  Error =6.0443180416314135e-06
Completed 36 % :  mod = 1.5995356579275016e-10,  Error =6.225984066077217e-06
Completed 37 % :  mod = 3.75014866449524e-10,  Error =6.353187316676667e-06
Completed 38 % :  mod = 1.9200170925575564e-10,  Error =6.4649445121744975e-06
Completed 39 % :  mod = 8.841949299394382e-11,  Error =6.639597863511426e-06
Completed 40 % :  mod = 5.625173662797826e-11,  Error =6.82906469506861e-06
Completed 41 % :  mod = 9.602549894850273e-11,  Error =7.016399450776589e-06
Completed 42 % :  mod = 3.0647234744606797e-10,  Error =7.172924782139489e-06
Completed 43 % :  mod = 3.268649962642053e-10,  Error =7.275793990402235e-06
Completed 44 % :  mod = 1.0176509349944941e-10,  Error =7.4269547880589926e-06
Completed 45 % :  mod = 6.142463194830144e-11,  Error =7.613098958358933e-06
Completed 46 % :  mod = 9.503909006807489e-11,  Error =7.80192375060551e-06
Completed 47 % :  mod = 1.951935665315647e-10,  Error =7.974963139645297e-06
Completed 48 % :  mod = 3.7711046775379227e-10,  Error =8.083502102351758e-06
Completed 49 % :  mod = 1.559314796112282e-10,  Error =8.21347074975165e-06
Completed 50 % :  mod = 5.3169342890515225e-11,  Error =8.395973353003683e-06
Completed 51 % :  mod = 1.8534752476660336e-11,  Error =8.58893980648645e-06
Completed 52 % :  mod = 5.8557637531534114e-12,  Error =8.783146725477309e-06
Completed 53 % :  mod = 2.8070776190327094e-12,  Error =8.97749171713258e-06
Completed 54 % :  mod = 3.945314038360649e-12,  Error =9.171846507172177e-06
Completed 55 % :  mod = 1.0880493939581442e-11,  Error =9.366160270474211e-06
Completed 56 % :  mod = 2.941272545409925e-11,  Error =9.560088727766924e-06
Completed 56 % :  mod = 8.760464268941148e-11,  Error =9.75056602925406e-06
Completed 57 % :  mod = 2.5396648745121973e-10,  Error =9.915724717757257e-06
Completed 59 % :  mod = 3.635301724983542e-10,  Error =1.0017264969519601e-05
Completed 60 % :  mod = 1.2227987548626937e-10,  Error =1.0159930958764107e-05
Completed 61 % :  mod = 6.136531960177778e-11,  Error =1.0343900193277022e-05
Completed 62 % :  mod = 8.893042609837566e-11,  Error =1.0532688783371214e-05
Completed 63 % :  mod = 1.9612474348041078e-10,  Error =1.0707648627317212e-05
Completed 64 % :  mod = 3.62554251138432e-10,  Error =1.0822043144287363e-05
Completed 65 % :  mod = 1.6676560511069248e-10,  Error =1.0947607528066783e-05
Completed 66 % :  mod = 6.953511149391929e-11,  Error =1.1127981871084103e-05
Completed 67 % :  mod = 4.230669658008588e-11,  Error =1.131919541563775e-05
Completed 68 % :  mod = 7.825229768908673e-11,  Error =1.150919449344201e-05
Completed 69 % :  mod = 2.470253783324223e-10,  Error =1.1678434766793089e-05
Completed 70 % :  mod = 3.6953377409390163e-10,  Error =1.1788061399897742e-05
Completed 71 % :  mod = 1.268850381605268e-10,  Error =1.1921294849059905e-05
Completed 72 % :  mod = 8.586040749482666e-11,  Error =1.2102167850969181e-05
Completed 73 % :  mod = 1.2368442414030415e-10,  Error =1.2287143171363368e-05
Completed 74 % :  mod = 2.267105503499279e-10,  Error =1.2449241644674203e-05
Completed 75 % :  mod = 3.525077997961224e-10,  Error =1.2546743178631914e-05
Completed 76 % :  mod = 1.5467082615908652e-10,  Error =1.2688602211596844e-05
Completed 77 % :  mod = 7.465987484714125e-11,  Error =1.2868833117352096e-05
Completed 78 % :  mod = 1.2366159768226418e-10,  Error =1.3051749498060872e-05
Completed 79 % :  mod = 3.3164422881307805e-10,  Error =1.3202486357499765e-05
Completed 80 % :  mod = 2.8295592918191836e-10,  Error =1.3302039597817839e-05
Completed 81 % :  mod = 9.854235613539183e-11,  Error =1.3459103058721666e-05
Completed 82 % :  mod = 4.190038203953102e-11,  Error =1.3647808430050645e-05
Completed 83 % :  mod = 3.2949377343272996e-11,  Error =1.384093561540567e-05
Completed 84 % :  mod = 5.181859034428742e-11,  Error =1.403349524053965e-05
Completed 85 % :  mod = 1.536746325396707e-10,  Error =1.4216415102907831e-05
Completed 86 % :  mod = 3.6322341075103027e-10,  Error =1.435101869162736e-05
Completed 87 % :  mod = 2.0287126930799664e-10,  Error =1.4455492063802922e-05
Completed 88 % :  mod = 1.1895260260509935e-10,  Error =1.4624532269635893e-05
Completed 89 % :  mod = 9.484503282596198e-11,  Error =1.4809420854078326e-05
Completed 90 % :  mod = 1.5851686223842835e-10,  Error =1.4983611137608932e-05
Completed 91 % :  mod = 4.23788795707751e-10,  Error =1.510000507209952e-05
Completed 92 % :  mod = 1.7105812419397748e-10,  Error =1.5217576638804076e-05
Completed 93 % :  mod = 7.280436278485178e-11,  Error =1.539253211291225e-05
Completed 94 % :  mod = 8.622538919534037e-11,  Error =1.558110085397857e-05
Completed 95 % :  mod = 1.4895869668426933e-10,  Error =1.576324243757199e-05
Completed 96 % :  mod = 3.207029915178299e-10,  Error =1.5900057682927127e-05
Completed 97 % :  mod = 2.550942177654432e-10,  Error =1.6006783532418467e-05
Completed 98 % :  mod = 1.1025906593549584e-10,  Error =1.617190429215043e-05
Completed 99 % :  mod = 1.0199166673285513e-10,  Error =1.6352935951147174e-05
Completed 100 % :  mod = 2.452693852408615e-10,  Error =1.6513723267053138e-05
Finished 174/201 frames
Finished all frames!
