/opt/local/miniconda_23_9/lib/python3.11/site-packages/conda/base/context.py:201: FutureWarning: Adding 'defaults' to channel list implicitly is deprecated and will be removed in 25.3. 

To remove this warning, please choose a default channel explicitly with conda's regular configuration system, e.g. by adding 'defaults' to the list of channels:

  conda config --add channels defaults

For more information see https://docs.conda.io/projects/conda/en/stable/user-guide/configuration/use-condarc.html

  deprecated.topic(
JOB 13899 ARRAY_ID 28  -> i=28 ; range=[1.9e-10, 5.0e-10] ; intervals=200 (frames=201)
Analytic t0 extension enabled (--extend-time-using-t0).
Density options: centers='2.0e-10,4.0e-10' width='2.0e-11,5.0e-11' strength='7.0'
Extending simulation time for p0=2.165e-10 from 10000000000.0 to 1.415e+10
Completed 0 % :  mod = 1.7316699976821862e-16,  Error =-1.4210854715202004e-14
Completed 1 % :  mod = 1.8762420650202086e-16,  Error =1.5245291251630988e-08
Completed 2 % :  mod = 2.3340981011552e-16,  Error =3.0490980407194e-08
Completed 3 % :  mod = 3.18161167550057e-16,  Error =4.5735809806046746e-08
Completed 4 % :  mod = 4.560417095531512e-16,  Error =6.097936733340248e-08
Completed 5 % :  mod = 6.700694406094538e-16,  Error =7.622545439289752e-08
Completed 6 % :  mod = 9.959533253320798e-16,  Error =9.146977220098051e-08
Completed 7 % :  mod = 1.4881542630638754e-15,  Error =1.0671640637838209e-07
Completed 8 % :  mod = 2.2287747838584544e-15,  Error =1.2196046128565285e-07
Completed 9 % :  mod = 3.3415855354965035e-15,  Error =1.3720546832018954e-07
Completed 10 % :  mod = 5.012354774945261e-15,  Error =1.5245083773152146e-07
Completed 11 % :  mod = 7.519842150466211e-15,  Error =1.6769504185276674e-07
Completed 12 % :  mod = 1.1283092657339947e-14,  Error =1.8294014125785907e-07
Completed 13 % :  mod = 1.6930328179916328e-14,  Error =1.9818592278397773e-07
Completed 14 % :  mod = 2.5403762233713702e-14,  Error =2.1343053902000975e-07
Completed 15 % :  mod = 3.811945305869977e-14,  Error =2.2867561710882e-07
Completed 16 % :  mod = 5.719846327898979e-14,  Error =2.4392161890318675e-07
Completed 17 % :  mod = 8.582921947669715e-14,  Error =2.591659153949877e-07
Completed 18 % :  mod = 1.287911917901587e-13,  Error =2.74410915324097e-07
Completed 19 % :  mod = 1.9325226345120066e-13,  Error =2.8965413889636693e-07
Completed 20 % :  mod = 2.899846255103573e-13,  Error =3.0489986357906673e-07
Completed 21 % :  mod = 4.351350991964717e-13,  Error =3.2014563799975804e-07
Completed 22 % :  mod = 6.529169733518494e-13,  Error =3.3538896815343833e-07
Completed 23 % :  mod = 9.79710670108921e-13,  Error =3.506343162484882e-07
Completed 24 % :  mod = 1.4699778562095618e-12,  Error =3.658776748238779e-07
Completed 25 % :  mod = 2.205482555081722e-12,  Error =3.81121040504695e-07
Completed 26 % :  mod = 3.3084389584010836e-12,  Error =3.963632053682886e-07
Completed 27 % :  mod = 4.9609537251569594e-12,  Error =4.115994656217481e-07
Completed 28 % :  mod = 7.432735072336663e-12,  Error =4.2682972889451776e-07
Completed 29 % :  mod = 1.1114742991060535e-11,  Error =4.4203977722645504e-07
Completed 30 % :  mod = 1.6549188262607905e-11,  Error =4.57204635040398e-07
Completed 31 % :  mod = 2.4408606094503375e-11,  Error =4.7227679544903367e-07
Completed 32 % :  mod = 3.5265037070031976e-11,  Error =4.871552121699096e-07
Completed 33 % :  mod = 4.881278176428581e-11,  Error =5.016731847717892e-07
Completed 34 % :  mod = 6.226931654249402e-11,  Error =5.156430731290129e-07
Completed 35 % :  mod = 6.963747165932429e-11,  Error =5.290844171668141e-07
Completed 36 % :  mod = 6.612220207302339e-11,  Error =5.424169344792062e-07
Completed 37 % :  mod = 5.4148204575584826e-11,  Error =5.561656521990699e-07
Completed 38 % :  mod = 4.011913214616685e-11,  Error =5.704937962036638e-07
Completed 39 % :  mod = 2.8122718371679166e-11,  Error =5.852609845646839e-07
Completed 40 % :  mod = 1.9182327394841053e-11,  Error =6.002737507060374e-07
Completed 41 % :  mod = 1.2918047750020439e-11,  Error =6.154136045211089e-07
Completed 42 % :  mod = 8.649255002630079e-12,  Error =6.306103941255969e-07
Completed 43 % :  mod = 5.776244188965257e-12,  Error =6.45833551971009e-07
Completed 44 % :  mod = 3.8529844498326645e-12,  Error =6.610702243392552e-07
Completed 45 % :  mod = 2.568772244457474e-12,  Error =6.763108970631038e-07
Completed 46 % :  mod = 1.7122529008843382e-12,  Error =6.915534456197747e-07
Completed 47 % :  mod = 1.1411843571911357e-12,  Error =7.067981542263624e-07
Completed 48 % :  mod = 7.605741744401266e-13,  Error =7.220418396514106e-07
Completed 49 % :  mod = 5.068944224386673e-13,  Error =7.372873156441528e-07
Completed 50 % :  mod = 3.378431600349928e-13,  Error =7.52532749004331e-07
Completed 51 % :  mod = 2.2520654127844919e-13,  Error =7.677767257519008e-07
Completed 52 % :  mod = 1.5016305720183143e-13,  Error =7.83021206984813e-07
Completed 53 % :  mod = 1.0019553737842239e-13,  Error =7.982662069139224e-07
Completed 54 % :  mod = 6.69537132985976e-14,  Error =8.135118108043571e-07
Completed 55 % :  mod = 4.4891410362434264e-14,  Error =8.28757478643638e-07
Completed 56 % :  mod = 3.0325636467659046e-14,  Error =8.440022298827898e-07
Completed 57 % :  mod = 2.082219999509504e-14,  Error =8.592479545654896e-07
Completed 58 % :  mod = 1.4795533219690656e-14,  Error =8.744935016125055e-07
Completed 59 % :  mod = 1.1239518650496176e-14,  Error =8.89738444698196e-07
Completed 60 % :  mod = 9.559884108570946e-15,  Error =9.049826275031592e-07
Completed 61 % :  mod = 9.47645486942652e-15,  Error =9.202262347685064e-07
Completed 62 % :  mod = 1.0975288495403346e-14,  Error =9.354711281162054e-07
Completed 63 % :  mod = 1.4306712091070145e-14,  Error =9.507166751632212e-07
Completed 64 % :  mod = 2.002647891572464e-14,  Error =9.659617532520315e-07
Completed 65 % :  mod = 2.909046183972902e-14,  Error =9.81206497385756e-07
Completed 66 % :  mod = 4.301179985541875e-14,  Error =9.964523641770029e-07
Completed 67 % :  mod = 6.411317380118066e-14,  Error =1.0116965825091029e-06
Completed 68 % :  mod = 9.592097982475066e-14,  Error =1.026942214821247e-06
Completed 69 % :  mod = 1.4374093590256933e-13,  Error =1.042185857613731e-06
Completed 70 % :  mod = 2.1556443851602263e-13,  Error =1.0574310564948064e-06
Completed 71 % :  mod = 3.233808917544846e-13,  Error =1.0726764685387025e-06
Completed 72 % :  mod = 4.851771562757863e-13,  Error =1.0879210776693071e-06
Completed 73 % :  mod = 7.279861749260758e-13,  Error =1.1031651254711505e-06
Completed 74 % :  mod = 1.0923210866447734e-12,  Error =1.1184102604033797e-06
Completed 75 % :  mod = 1.6389004036796149e-12,  Error =1.1336548411122749e-06
Completed 76 % :  mod = 2.458834018079683e-12,  Error =1.1488987681218532e-06
Completed 77 % :  mod = 3.688105696529348e-12,  Error =1.1641389718874962e-06
Completed 78 % :  mod = 5.529493781258767e-12,  Error =1.1793751397704e-06
Completed 79 % :  mod = 8.281455832355211e-12,  Error =1.194600599774276e-06
Completed 80 % :  mod = 1.2373204096534556e-11,  Error =1.209801105517272e-06
Completed 81 % :  mod = 1.8389235744116924e-11,  Error =1.224948995570685e-06
Completed 82 % :  mod = 2.701193993188545e-11,  Error =1.239980470302271e-06
Completed 83 % :  mod = 3.868828334637906e-11,  Error =1.2547807699547775e-06
Completed 84 % :  mod = 5.262979418753335e-11,  Error =1.2691667308217802e-06
Completed 85 % :  mod = 6.512748367553466e-11,  Error =1.2829759512555938e-06
Completed 86 % :  mod = 6.980815571217577e-11,  Error =1.296332747813267e-06
Completed 87 % :  mod = 6.348039234067862e-11,  Error =1.309735303323123e-06
Completed 88 % :  mod = 5.035252979304048e-11,  Error =1.3236414062589574e-06
Completed 89 % :  mod = 3.661941160843521e-11,  Error =1.3381083903141189e-06
Completed 90 % :  mod = 2.5429078138351987e-11,  Error =1.352957262668042e-06
Completed 91 % :  mod = 1.7268164690704738e-11,  Error =1.368013812452773e-06
Completed 92 % :  mod = 1.1605434419025982e-11,  Error =1.383173923841241e-06
Completed 93 % :  mod = 7.763541008799059e-12,  Error =1.3983795668082166e-06
Completed 94 % :  mod = 5.182481636474697e-12,  Error =1.4136091053273958e-06
Completed 95 % :  mod = 3.4562988787761864e-12,  Error =1.4288472769408145e-06
Completed 96 % :  mod = 2.3041898431931643e-12,  Error =1.4440880775623555e-06
Completed 97 % :  mod = 1.5358019295601638e-12,  Error =1.4593333119705676e-06
Completed 98 % :  mod = 1.0236102440394933e-12,  Error =1.4745765142265554e-06
Completed 99 % :  mod = 6.822103758019177e-13,  Error =1.489820327549296e-06
Completed 100 % :  mod = 4.546981786752453e-13,  Error =1.5050648798364819e-06
Finished 29/201 frames
Finished all frames!
