/opt/local/miniconda_23_9/lib/python3.11/site-packages/conda/base/context.py:201: FutureWarning: Adding 'defaults' to channel list implicitly is deprecated and will be removed in 25.3. 

To remove this warning, please choose a default channel explicitly with conda's regular configuration system, e.g. by adding 'defaults' to the list of channels:

  conda config --add channels defaults

For more information see https://docs.conda.io/projects/conda/en/stable/user-guide/configuration/use-condarc.html

  deprecated.topic(
JOB 13561 ARRAY_ID 4  -> i=4 ; range=[2.0e-10, 2.09e-10] ; intervals=40 (frames=41)
Completed 0 % :  mod = 1.6070243897341032e-16,  Error =-1.4210854715202004e-14
Completed 1 % :  mod = 1.610553431223481e-16,  Error =7.992596806616348e-09
Completed 2 % :  mod = 1.6211560932454452e-16,  Error =1.5985165191523265e-08
Completed 3 % :  mod = 1.6388789114302945e-16,  Error =2.397827358890936e-08
Completed 4 % :  mod = 1.6637997048621063e-16,  Error =3.197145304056903e-08
Completed 5 % :  mod = 1.696028013450486e-16,  Error =3.9964803022485285e-08
Completed 6 % :  mod = 1.7357052912840344e-16,  Error =4.79575561485035e-08
Completed 7 % :  mod = 1.7830058056722772e-16,  Error =5.5951907995677175e-08
Completed 8 % :  mod = 1.838137396083876e-16,  Error =6.394471796511425e-08
Completed 9 % :  mod = 1.9013421126266637e-16,  Error =7.193702344920894e-08
Completed 10 % :  mod = 1.9728975302308434e-16,  Error =7.992930051159419e-08
Completed 11 % :  mod = 2.0531180369827917e-16,  Error =8.79225581229548e-08
Completed 12 % :  mod = 2.1423558562101035e-16,  Error =9.5916185216538e-08
Completed 13 % :  mod = 2.2410029195286913e-16,  Error =1.03908973869693e-07
Completed 14 % :  mod = 2.3494925796236413e-16,  Error =1.1190174831199329e-07
Completed 15 % :  mod = 2.468301266161402e-16,  Error =1.198943664348917e-07
Completed 16 % :  mod = 2.597950809650318e-16,  Error =1.2788707692834578e-07
Completed 17 % :  mod = 2.7390106438090095e-16,  Error =1.358795103101329e-07
Completed 18 % :  mod = 2.892100274700503e-16,  Error =1.4387165947482572e-07
Completed 19 % :  mod = 3.0578921386412463e-16,  Error =1.5186500945674197e-07
Completed 20 % :  mod = 3.237114333448093e-16,  Error =1.5985741441681967e-07
Completed 21 % :  mod = 3.430553990233276e-16,  Error =1.6785029544053032e-07
Completed 22 % :  mod = 3.6390608178733314e-16,  Error =1.7584375200385693e-07
Completed 23 % :  mod = 3.8635504675662396e-16,  Error =1.838373009377392e-07
Completed 24 % :  mod = 4.1050088998280727e-16,  Error =1.9182921562332922e-07
Completed 25 % :  mod = 4.3644967101306098e-16,  Error =1.9982245191840775e-07
Completed 26 % :  mod = 4.643153530019183e-16,  Error =2.078164555996409e-07
Completed 27 % :  mod = 4.942203230595721e-16,  Error =2.158092797799327e-07
Completed 28 % :  mod = 5.262959218025628e-16,  Error =2.238022034362075e-07
Completed 28 % :  mod = 5.606830317376883e-16,  Error =2.3179548236385017e-07
Completed 30 % :  mod = 5.97532684774465e-16,  Error =2.3978851260153533e-07
Completed 31 % :  mod = 6.37006710734728e-16,  Error =2.477816067880667e-07
Completed 32 % :  mod = 6.792784913794579e-16,  Error =2.557745020226321e-07
Completed 33 % :  mod = 7.245336918949371e-16,  Error =2.637671840943767e-07
Completed 34 % :  mod = 7.729710579329677e-16,  Error =2.7175933325906954e-07
Completed 35 % :  mod = 8.248033351772197e-16,  Error =2.797513403152152e-07
Completed 36 % :  mod = 8.802581872552162e-16,  Error =2.8774356763960895e-07
Completed 37 % :  mod = 9.395791589901574e-16,  Error =2.9573627102763567e-07
Completed 38 % :  mod = 1.0030267882867596e-15,  Error =3.037288536233973e-07
Completed 39 % :  mod = 1.0708797500703441e-15,  Error =3.1172253756039936e-07
Completed 40 % :  mod = 1.143436050115256e-15,  Error =3.197167970370174e-07
Completed 41 % :  mod = 1.2210143608898545e-15,  Error =3.2770837066209424e-07
Completed 42 % :  mod = 1.303955401603968e-15,  Error =3.357012516858049e-07
Completed 43 % :  mod = 1.3926234607899072e-15,  Error =3.436946727219947e-07
Completed 44 % :  mod = 1.4874079737358936e-15,  Error =3.516867934649781e-07
Completed 45 % :  mod = 1.5887252259094345e-15,  Error =3.5967962475069726e-07
Completed 46 % :  mod = 1.6970202140103039e-15,  Error =3.6767323763342574e-07
Completed 47 % :  mod = 1.812768581935067e-15,  Error =3.756663176091024e-07
Completed 48 % :  mod = 1.9364786845410105e-15,  Error =3.836592412653772e-07
Completed 49 % :  mod = 2.0686938677695e-15,  Error =3.9165240650618216e-07
Completed 50 % :  mod = 2.2099948351063157e-15,  Error =3.996449180476702e-07
Completed 51 % :  mod = 2.361002167277196e-15,  Error =4.076374935380045e-07
Completed 52 % :  mod = 2.522379103746044e-15,  Error =4.1563030350744157e-07
Completed 53 % :  mod = 2.694834424405387e-15,  Error =4.236240300770078e-07
Completed 54 % :  mod = 2.879125544576036e-15,  Error =4.3161771401400983e-07
Completed 55 % :  mod = 3.0760618900073823e-15,  Error =4.396098063352838e-07
Completed 56 % :  mod = 3.286508409137977e-15,  Error =4.4760302131408025e-07
Completed 56 % :  mod = 3.5113893905340586e-15,  Error =4.555954831175768e-07
Completed 57 % :  mod = 3.751692519331577e-15,  Error =4.635875896497055e-07
Completed 59 % :  mod = 4.008473211507509e-15,  Error =4.715794403864493e-07
Completed 60 % :  mod = 4.282859265788524e-15,  Error =4.795726908923825e-07
Completed 61 % :  mod = 4.576055792820256e-15,  Error =4.875649040059216e-07
Completed 62 % :  mod = 4.889350510674189e-15,  Error =4.955576287102303e-07
Completed 63 % :  mod = 5.224119437039341e-15,  Error =5.035503249928297e-07
Completed 64 % :  mod = 5.5818328929508475e-15,  Error =5.11544072878678e-07
Completed 65 % :  mod = 5.9640619497322635e-15,  Error =5.195372310140556e-07
Completed 66 % :  mod = 6.3724853842403415e-15,  Error =5.275298775586634e-07
Completed 67 % :  mod = 6.80889701197626e-15,  Error =5.355225312086986e-07
Completed 68 % :  mod = 7.275213556364984e-15,  Error =5.435156751332215e-07
Completed 69 % :  mod = 7.773483100266378e-15,  Error =5.515084851026586e-07
Completed 70 % :  mod = 8.305894058041418e-15,  Error =5.595013163883777e-07
Completed 71 % :  mod = 8.874784801814873e-15,  Error =5.674940268818318e-07
Completed 72 % :  mod = 9.482653917119032e-15,  Error =5.754874621288764e-07
Completed 73 % :  mod = 1.0132171178598157e-14,  Error =5.834799736703644e-07
Completed 74 % :  mod = 1.082618929375013e-14,  Error =5.914731175948873e-07
Completed 75 % :  mod = 1.1567756410672804e-14,  Error =5.994662757302649e-07
Completed 76 % :  mod = 1.2360129506344098e-14,  Error =6.074590999105567e-07
Completed 77 % :  mod = 1.3206788705893891e-14,  Error =6.154516611900362e-07
Completed 78 % :  mod = 1.4111452568384752e-14,  Error =6.234425740103688e-07
Completed 79 % :  mod = 1.5078094384337955e-14,  Error =6.314358529380115e-07
Completed 80 % :  mod = 1.6110959658764418e-14,  Error =6.394282863197986e-07
Completed 81 % :  mod = 1.72145847729797e-14,  Error =6.474220484165016e-07
Completed 82 % :  mod = 1.839381685079399e-14,  Error =6.554157394589311e-07
Completed 83 % :  mod = 1.9653835080901833e-14,  Error =6.634083788981116e-07
Completed 84 % :  mod = 2.100017348482172e-14,  Error =6.714003788488299e-07
Completed 85 % :  mod = 2.2438745181050263e-14,  Error =6.793931177639934e-07
Completed 86 % :  mod = 2.3975868354449242e-14,  Error =6.873858851008663e-07
Completed 87 % :  mod = 2.5618294035452103e-14,  Error =6.953786382268845e-07
Completed 88 % :  mod = 2.7373235724245137e-14,  Error =7.033711284520905e-07
Completed 89 % :  mod = 2.924840107013057e-14,  Error =7.113646987022548e-07
Completed 90 % :  mod = 3.125202571970555e-14,  Error =7.193570041863495e-07
Completed 91 % :  mod = 3.3392909483369834e-14,  Error =7.273495370441196e-07
Completed 92 % :  mod = 3.568045499805787e-14,  Error =7.353425601763774e-07
Completed 93 % :  mod = 3.8124708968809724e-14,  Error =7.433358533148748e-07
Completed 94 % :  mod = 4.073640630392328e-14,  Error =7.513299919992278e-07
Completed 95 % :  mod = 4.3527017290718915e-14,  Error =7.593234840896912e-07
Completed 96 % :  mod = 4.650879789701293e-14,  Error =7.673164290622481e-07
Completed 97 % :  mod = 4.969484357704507e-14,  Error =7.753092177154031e-07
Completed 98 % :  mod = 5.309914682784289e-14,  Error =7.833025179593278e-07
Completed 99 % :  mod = 5.673665856752249e-14,  Error =7.912950792388074e-07
Completed 100 % :  mod = 6.062335374089576e-14,  Error =7.992878892082445e-07
Finished 5/41 frames
Finished all frames!
