/opt/local/miniconda_23_9/lib/python3.11/site-packages/conda/base/context.py:201: FutureWarning: Adding 'defaults' to channel list implicitly is deprecated and will be removed in 25.3. 

To remove this warning, please choose a default channel explicitly with conda's regular configuration system, e.g. by adding 'defaults' to the list of channels:

  conda config --add channels defaults

For more information see https://docs.conda.io/projects/conda/en/stable/user-guide/configuration/use-condarc.html

  deprecated.topic(
JOB 13363 ARRAY_ID 9  -> i=9 ; range=[1.9e-10, 6.0e-10] ; intervals=200 (frames=201)
Density options: centers='2.0e-10,4.0e-10' width='5e-11,5e-11' strength=''
Completed 0 % :  mod = 1.604008801998404e-16,  Error =-1.4210854715202004e-14
Completed 1 % :  mod = 1.606018771270774e-16,  Error =7.932797529974778e-09
Completed 2 % :  mod = 1.6120537398822688e-16,  Error =1.5864891622641153e-08
Completed 3 % :  mod = 1.6221289026237533e-16,  Error =2.3797596782060282e-08
Completed 4 % :  mod = 1.6362693742495883e-16,  Error =3.173054352600957e-08
Completed 5 % :  mod = 1.654510672861301e-16,  Error =3.96632486854287e-08
Completed 6 % :  mod = 1.6768985829057963e-16,  Error =4.7596785179848666e-08
Completed 7 % :  mod = 1.7034890745252467e-16,  Error =5.5529966402900754e-08
Completed 8 % :  mod = 1.7343488158920846e-16,  Error =6.346233050180672e-08
Completed 9 % :  mod = 1.7695552657498332e-16,  Error =7.139438196190895e-08
Completed 10 % :  mod = 1.8091965296904748e-16,  Error =7.932667500654134e-08
Completed 11 % :  mod = 1.8533719577924438e-16,  Error =8.72597425427557e-08
Completed 12 % :  mod = 1.9021923483138522e-16,  Error =9.519331456431246e-08
Completed 13 % :  mod = 1.9557800247236845e-16,  Error =1.0312623999197967e-07
Completed 14 % :  mod = 2.0142692792774007e-16,  Error =1.1105949226930534e-07
Completed 15 % :  mod = 2.0778067121609877e-16,  Error =1.1899300034201588e-07
Completed 16 % :  mod = 2.1465515447856167e-16,  Error =1.269266292069915e-07
Completed 17 % :  mod = 2.220676127986731e-16,  Error =1.3485996674944545e-07
Completed 18 % :  mod = 2.3003661452002853e-16,  Error =1.4279275717399287e-07
Completed 19 % :  mod = 2.385821276792174e-16,  Error =1.5072551917683086e-07
Completed 20 % :  mod = 2.4772558287154973e-16,  Error =1.5865821723082263e-07
Completed 21 % :  mod = 2.5748988643424713e-16,  Error =1.6659127766160964e-07
Completed 22 % :  mod = 2.6789950487056406e-16,  Error =1.7452479283974753e-07
Completed 23 % :  mod = 2.789805418809824e-16,  Error =1.8245692956497805e-07
Completed 24 % :  mod = 2.907607636956176e-16,  Error =1.903904518485433e-07
Completed 25 % :  mod = 3.032696866002674e-16,  Error =1.9832348385762089e-07
Completed 26 % :  mod = 3.165386713383992e-16,  Error =2.0625633823101452e-07
Completed 27 % :  mod = 3.3060096162674726e-16,  Error =2.1418916418269873e-07
Completed 28 % :  mod = 3.454918072501276e-16,  Error =2.2212194039639144e-07
Completed 28 % :  mod = 3.6124852656527316e-16,  Error =2.3005498661632373e-07
Completed 30 % :  mod = 3.7791059878317077e-16,  Error =2.3798715886869104e-07
Completed 31 % :  mod = 3.95519798799501e-16,  Error =2.459195727055885e-07
Completed 32 % :  mod = 4.141202577856182e-16,  Error =2.5385277524492267e-07
Completed 33 % :  mod = 4.337585739790535e-16,  Error =2.617860488385304e-07
Completed 34 % :  mod = 4.544839893899734e-16,  Error =2.697182424071798e-07
Completed 35 % :  mod = 4.763484424822449e-16,  Error =2.776509830937357e-07
Completed 36 % :  mod = 4.994067105001999e-16,  Error =2.8558387299426613e-07
Completed 37 % :  mod = 5.237165957393689e-16,  Error =2.9351696184676257e-07
Completed 38 % :  mod = 5.493390293576485e-16,  Error =3.0145041307605425e-07
Completed 39 % :  mod = 5.763382141156551e-16,  Error =3.0938278428038757e-07
Completed 40 % :  mod = 6.047818154554473e-16,  Error =3.1731596550343966e-07
Completed 41 % :  mod = 6.347411274019366e-16,  Error =3.2524933146760304e-07
Completed 42 % :  mod = 6.662912368616374e-16,  Error =3.3318193715103916e-07
Completed 43 % :  mod = 6.995112095832077e-16,  Error =3.411139886111414e-07
Completed 44 % :  mod = 7.344842911106397e-16,  Error =3.4904702772564633e-07
Completed 45 % :  mod = 7.712981562816119e-16,  Error =3.5698023737040785e-07
Completed 46 % :  mod = 8.100450605498423e-16,  Error =3.649136459671354e-07
Completed 47 % :  mod = 8.508220883460674e-16,  Error =3.7284815590510334e-07
Completed 48 % :  mod = 8.937314568084236e-16,  Error =3.807809250133687e-07
Completed 49 % :  mod = 9.38880709807999e-16,  Error =3.8871469598689146e-07
Completed 50 % :  mod = 9.863829825432327e-16,  Error =3.9664739404088323e-07
Completed 51 % :  mod = 1.0363573319468699e-15,  Error =4.0457988603748163e-07
Completed 52 % :  mod = 1.0889290158594193e-15,  Error =4.125127190945932e-07
Completed 53 % :  mod = 1.1442297864197762e-15,  Error =4.2044653980610747e-07
Completed 54 % :  mod = 1.2023982284854907e-15,  Error =4.28379273387236e-07
Completed 55 % :  mod = 1.2635801342421878e-15,  Error =4.3631221302575796e-07
Completed 56 % :  mod = 1.327928842657811e-15,  Error =4.442456500441949e-07
Completed 56 % :  mod = 1.3956056087153682e-15,  Error =4.5217868915869985e-07
Completed 57 % :  mod = 1.466780053037294e-15,  Error =4.601121759151283e-07
Completed 59 % :  mod = 1.5416305620340704e-15,  Error =4.680451866079238e-07
Completed 60 % :  mod = 1.6203447166939768e-15,  Error =4.759767477935384e-07
Completed 61 % :  mod = 1.7031197904941204e-15,  Error =4.839091829467179e-07
Completed 62 % :  mod = 1.7901632405906234e-15,  Error =4.918417175758805e-07
Completed 63 % :  mod = 1.8816932213426872e-15,  Error =4.997740319367949e-07
Completed 64 % :  mod = 1.9779391185161717e-15,  Error =5.077065949876669e-07
Completed 65 % :  mod = 2.079142138236191e-15,  Error =5.156403304340529e-07
Completed 66 % :  mod = 2.185555934455308e-15,  Error =5.235726447949673e-07
Completed 67 % :  mod = 2.297447193770226e-15,  Error =5.315048596798988e-07
Completed 68 % :  mod = 2.415096330356901e-15,  Error =5.394382540657716e-07
Completed 69 % :  mod = 2.5387982127521098e-15,  Error =5.473715418702341e-07
Completed 70 % :  mod = 2.668862860339522e-15,  Error =5.553046520390126e-07
Completed 71 % :  mod = 2.805616232893597e-15,  Error =5.632368313968072e-07
Completed 72 % :  mod = 2.949401078646507e-15,  Error =5.711690818088755e-07
Completed 73 % :  mod = 3.1005777454938238e-15,  Error =5.791021351342351e-07
Completed 74 % :  mod = 3.2595251108489236e-15,  Error =5.870348758207911e-07
Completed 75 % :  mod = 3.426641541741186e-15,  Error =5.949678296701677e-07
Completed 76 % :  mod = 3.602345852329251e-15,  Error =6.029002506124925e-07
Completed 77 % :  mod = 3.787078405757294e-15,  Error =6.108326786602447e-07
Completed 78 % :  mod = 3.9813021887143396e-15,  Error =6.187648793343214e-07
Completed 79 % :  mod = 4.185503945912472e-15,  Error =6.26697790551134e-07
Completed 80 % :  mod = 4.400195462165087e-15,  Error =6.34630673346237e-07
Completed 81 % :  mod = 4.62591481463494e-15,  Error =6.425643803709136e-07
Completed 82 % :  mod = 4.863227676987779e-15,  Error =6.504976539645213e-07
Completed 83 % :  mod = 5.1127288200013765e-15,  Error =6.584305936030432e-07
Completed 84 % :  mod = 5.375043557477236e-15,  Error =6.663640945703264e-07
Completed 85 % :  mod = 5.650829283452367e-15,  Error =6.742960252381636e-07
Completed 86 % :  mod = 5.940777190253412e-15,  Error =6.822291069852326e-07
Completed 87 % :  mod = 6.245613949069164e-15,  Error =6.901628140099092e-07
Completed 88 % :  mod = 6.5661035386401e-15,  Error =6.980958673352688e-07
Completed 89 % :  mod = 6.9030491844799326e-15,  Error =7.060283380155852e-07
Completed 90 % :  mod = 7.257295333252333e-15,  Error =7.13961235021543e-07
Completed 91 % :  mod = 7.629729799666513e-15,  Error =7.218940325515177e-07
Completed 92 % :  mod = 8.021285999968277e-15,  Error =7.298279030010235e-07
Completed 93 % :  mod = 8.432945239404607e-15,  Error =7.377616029202727e-07
Completed 94 % :  mod = 8.865739220390377e-15,  Error =7.45694272552555e-07
Completed 95 % :  mod = 9.32075264269891e-15,  Error =7.536263950669309e-07
Completed 96 % :  mod = 9.79912584004848e-15,  Error =7.615591215426321e-07
Completed 97 % :  mod = 1.0302057711733804e-14,  Error =7.694925230339322e-07
Completed 98 % :  mod = 1.0830808735528022e-14,  Error =7.774258676818135e-07
Completed 99 % :  mod = 1.1386704051101831e-14,  Error =7.853587149497798e-07
Completed 100 % :  mod = 1.197113683709173e-14,  Error =7.932911927355235e-07
Finished 10/201 frames
Finished all frames!
