/opt/local/miniconda_23_9/lib/python3.11/site-packages/conda/base/context.py:201: FutureWarning: Adding 'defaults' to channel list implicitly is deprecated and will be removed in 25.3. 

To remove this warning, please choose a default channel explicitly with conda's regular configuration system, e.g. by adding 'defaults' to the list of channels:

  conda config --add channels defaults

For more information see https://docs.conda.io/projects/conda/en/stable/user-guide/configuration/use-condarc.html

  deprecated.topic(
JOB 13566 ARRAY_ID 9  -> i=9 ; range=[2.0e-10, 2.09e-10] ; intervals=40 (frames=41)
Completed 0 % :  mod = 1.6158048783321412e-16,  Error =-1.4210854715202004e-14
Completed 1 % :  mod = 1.623792095552862e-16,  Error =8.168733245383919e-09
Completed 2 % :  mod = 1.6478327150461776e-16,  Error =1.633811308465738e-08
Completed 3 % :  mod = 1.688164374945329e-16,  Error =2.4507272655682755e-08
Completed 4 % :  mod = 1.7451858517857975e-16,  Error =3.267559378627993e-08
Completed 5 % :  mod = 1.819460891902505e-16,  Error =4.0844255977390276e-08
Completed 6 % :  mod = 1.9117237426831719e-16,  Error =4.901301053905627e-08
Completed 7 % :  mod = 2.022886631315031e-16,  Error =5.718232642948351e-08
Completed 8 % :  mod = 2.154048501880047e-16,  Error =6.53510809911495e-08
Completed 9 % :  mod = 2.3065060380535674e-16,  Error =7.35203045110211e-08
Completed 10 % :  mod = 2.4817665526462165e-16,  Error =8.168895959670408e-08
Completed 11 % :  mod = 2.6815627258944606e-16,  Error =8.985823285456718e-08
Completed 12 % :  mod = 2.907869831496864e-16,  Error =9.80271508410624e-08
Completed 13 % :  mod = 3.16292517639246e-16,  Error =1.0619704937653296e-07
Completed 14 % :  mod = 3.449250335892603e-16,  Error =1.1436639368866963e-07
Completed 15 % :  mod = 3.769676111271015e-16,  Error =1.2253472192469417e-07
Completed 16 % :  mod = 4.1273702511710504e-16,  Error =1.3070361148947995e-07
Completed 17 % :  mod = 4.525868989934501e-16,  Error =1.3887228078601765e-07
Completed 18 % :  mod = 4.969112198641725e-16,  Error =1.4704126982678645e-07
Completed 19 % :  mod = 5.46148188726724e-16,  Error =1.552103512381109e-07
Completed 20 % :  mod = 6.007845712828971e-16,  Error =1.6337948238742683e-07
Completed 21 % :  mod = 6.613605328095061e-16,  Error =1.7154859932588806e-07
Completed 22 % :  mod = 7.284749473654496e-16,  Error =1.7971708388131447e-07
Completed 23 % :  mod = 8.027913357077379e-16,  Error =1.878860658166559e-07
Completed 24 % :  mod = 8.850444093241141e-16,  Error =1.960550193302879e-07
Completed 25 % :  mod = 9.760473555161062e-16,  Error =2.0422398705477462e-07
Completed 26 % :  mod = 1.0766998670480284e-15,  Error =2.123938998010999e-07
Completed 27 % :  mod = 1.1879970259633626e-15,  Error =2.2056174486806412e-07
Completed 28 % :  mod = 1.3110391557194438e-15,  Error =2.287302507397726e-07
Completed 28 % :  mod = 1.4470427008355633e-15,  Error =2.369002274349441e-07
Completed 30 % :  mod = 1.5973522396751134e-15,  Error =2.4506903884002895e-07
Completed 31 % :  mod = 1.7634537944020284e-15,  Error =2.532379355102421e-07
Completed 32 % :  mod = 1.9469895000983708e-15,  Error =2.6140691744558353e-07
Completed 33 % :  mod = 2.1497738617068003e-15,  Error =2.695759064863523e-07
Completed 34 % :  mod = 2.3738116830152554e-15,  Error =2.777450163193862e-07
Completed 35 % :  mod = 2.621317875357877e-15,  Error =2.8591376377562483e-07
Completed 36 % :  mod = 2.894739373868736e-15,  Error =2.940820564845126e-07
Completed 37 % :  mod = 3.1967793400110732e-15,  Error =3.022511592121191e-07
Completed 38 % :  mod = 3.5304238403751045e-15,  Error =3.1041998482805866e-07
Completed 39 % :  mod = 3.898971403650763e-15,  Error =3.1858898807968217e-07
Completed 40 % :  mod = 4.30606564504465e-15,  Error =3.2675829686468205e-07
Completed 41 % :  mod = 4.755731234729704e-15,  Error =3.349265398355783e-07
Completed 42 % :  mod = 5.252413734191422e-15,  Error =3.4309615415395456e-07
Completed 43 % :  mod = 5.8010235460915586e-15,  Error =3.512649868753215e-07
Completed 44 % :  mod = 6.406984399097841e-15,  Error =3.594340540757912e-07
Completed 45 % :  mod = 7.076287057341529e-15,  Error =3.676028796917308e-07
Completed 46 % :  mod = 7.815548507154793e-15,  Error =3.757720605790382e-07
Completed 47 % :  mod = 8.632077326466194e-15,  Error =3.839404456584816e-07
Completed 48 % :  mod = 9.53394604015001e-15,  Error =3.921089657410448e-07
Completed 49 % :  mod = 1.0530070859306721e-14,  Error =4.002770168654024e-07
Completed 50 % :  mod = 1.1630299800038168e-14,  Error =4.084467093434796e-07
Completed 51 % :  mod = 1.2845510152103696e-14,  Error =4.166158120710861e-07
Completed 52 % :  mod = 1.4187715920531031e-14,  Error =4.2478474426843604e-07
Completed 53 % :  mod = 1.5670186589261807e-14,  Error =4.3295368357121333e-07
Completed 54 % :  mod = 1.7307578419943778e-14,  Error =4.4112230312975953e-07
Completed 55 % :  mod = 1.911607921934307e-14,  Error =4.492915977039047e-07
Completed 56 % :  mod = 2.1113568416680482e-14,  Error =4.574604162144169e-07
Completed 56 % :  mod = 2.33197938832585e-14,  Error =4.6562899314039896e-07
Completed 57 % :  mod = 2.5756567059301314e-14,  Error =4.73798444033946e-07
Completed 59 % :  mod = 2.844797863059788e-14,  Error =4.819673335987318e-07
Completed 60 % :  mod = 3.1420636718726544e-14,  Error =4.901360384224063e-07
Completed 61 % :  mod = 3.470392982517644e-14,  Error =4.983061998586891e-07
Completed 62 % :  mod = 3.833031744564268e-14,  Error =5.064748691552268e-07
Completed 63 % :  mod = 4.233565091932392e-14,  Error =5.14643112126123e-07
Completed 64 % :  mod = 4.6759527741811535e-14,  Error =5.228120869560371e-07
Completed 65 % :  mod = 5.1645683116047385e-14,  Error =5.309810688913785e-07
Completed 66 % :  mod = 5.704242219239927e-14,  Error =5.391499584561643e-07
Completed 67 % :  mod = 6.300309742414928e-14,  Error =5.473189830240699e-07
Completed 68 % :  mod = 6.958663605901945e-14,  Error =5.554875031066331e-07
Completed 69 % :  mod = 7.685812241130219e-14,  Error =5.636561795085981e-07
Completed 70 % :  mod = 8.488944098408487e-14,  Error =5.718248559105632e-07
Completed 71 % :  mod = 9.37599869167385e-14,  Error =5.799938662676141e-07
Completed 72 % :  mod = 1.0355745031995265e-13,  Error =5.881623792447499e-07
Completed 73 % :  mod = 1.1437868256193189e-13,  Error =5.963313824963734e-07
Completed 74 % :  mod = 1.2633065293736066e-13,  Error =6.044998031029536e-07
Completed 75 % :  mod = 1.395315049028061e-13,  Error =6.126685434537649e-07
Completed 76 % :  mod = 1.541117225389521e-13,  Error =6.208366158944045e-07
Completed 77 % :  mod = 1.7021541838173624e-13,  Error =6.290052496638054e-07
Completed 78 % :  mod = 1.8800175508040096e-13,  Error =6.371734286858555e-07
Completed 79 % :  mod = 2.0764651511818642e-13,  Error =6.453420624552564e-07
Completed 80 % :  mod = 2.2934383326907305e-13,  Error =6.535108596494865e-07
Completed 81 % :  mod = 2.533081084938839e-13,  Error =6.616790813041007e-07
Completed 82 % :  mod = 2.7977611401025007e-13,  Error =6.698483900891006e-07
Completed 83 % :  mod = 3.090093249713065e-13,  Error =6.780176633469637e-07
Completed 84 % :  mod = 3.412964856571189e-13,  Error =6.861867731799975e-07
Completed 85 % :  mod = 3.7695644043932573e-13,  Error =6.943555632688003e-07
Completed 86 % :  mod = 4.1634125387161536e-13,  Error =7.0252463046927e-07
Completed 87 % :  mod = 4.598396479485989e-13,  Error =7.106935129286285e-07
Completed 88 % :  mod = 5.078807870159767e-13,  Error =7.188627577647821e-07
Completed 89 % :  mod = 5.609384420740197e-13,  Error =7.270322583963207e-07
Completed 90 % :  mod = 6.195355688819794e-13,  Error =7.352009561145678e-07
Completed 91 % :  mod = 6.84249335756496e-13,  Error =7.433696680436697e-07
Completed 92 % :  mod = 7.55716637667784e-13,  Error =7.515374633726424e-07
Completed 93 % :  mod = 8.346401345191891e-13,  Error =7.597056850272565e-07
Completed 94 % :  mod = 9.217948500873344e-13,  Error =7.678741482664009e-07
Completed 95 % :  mod = 1.0180353654898537e-12,  Error =7.760432652048621e-07
Completed 96 % :  mod = 1.1243036373747678e-12,  Error =7.842120055556734e-07
Completed 97 % :  mod = 1.241637461714403e-12,  Error =7.923799003606291e-07
Completed 98 % :  mod = 1.3711795913538559e-12,  Error =8.005478022710122e-07
Completed 99 % :  mod = 1.5141874972323767e-12,  Error =8.087157823410962e-07
Completed 100 % :  mod = 1.6720437338259674e-12,  Error =8.168845866407537e-07
Finished 10/41 frames
Finished all frames!
