/opt/local/miniconda_23_9/lib/python3.11/site-packages/conda/base/context.py:201: FutureWarning: Adding 'defaults' to channel list implicitly is deprecated and will be removed in 25.3. 

To remove this warning, please choose a default channel explicitly with conda's regular configuration system, e.g. by adding 'defaults' to the list of channels:

  conda config --add channels defaults

For more information see https://docs.conda.io/projects/conda/en/stable/user-guide/configuration/use-condarc.html

  deprecated.topic(
JOB 13931 ARRAY_ID 60  -> i=60 ; range=[1.9e-10, 5.0e-10] ; intervals=200 (frames=201)
Analytic t0 extension enabled (--extend-time-using-t0).
Density options: centers='2.0e-10,4.0e-10' width='2.0e-11,5.0e-11' strength='7.0'
Completed 0 % :  mod = 2.5657643553669577e-16,  Error =-1.4210854715202004e-14
Completed 1 % :  mod = 3.3798587814118313e-16,  Error =5.193745522547033e-08
Completed 2 % :  mod = 6.338751999434316e-16,  Error =1.0387446280901713e-07
Completed 3 % :  mod = 1.332010554843901e-15,  Error =1.5581155565769222e-07
Completed 4 % :  mod = 2.8754163349808358e-15,  Error =2.0774844244897395e-07
Completed 5 % :  mod = 6.243510663587338e-15,  Error =2.596861321535471e-07
Completed 6 % :  mod = 1.3573626858867883e-14,  Error =3.1162322500222217e-07
Completed 7 % :  mod = 2.951732746441392e-14,  Error =3.635603462726067e-07
Completed 8 % :  mod = 6.419220336270327e-14,  Error =4.1549679252739224e-07
Completed 9 % :  mod = 1.396023127168991e-13,  Error =4.6743423354200786e-07
Completed 10 % :  mod = 3.036015064530586e-13,  Error =5.193708858541868e-07
Completed 11 % :  mod = 6.602599975568145e-13,  Error =5.713078579105968e-07
Completed 12 % :  mod = 1.4358988818105097e-12,  Error =6.23244496011921e-07
Completed 13 % :  mod = 3.1226415899313615e-12,  Error =6.751778443003786e-07
Completed 14 % :  mod = 6.79000808171499e-12,  Error =7.271000868058763e-07
Completed 15 % :  mod = 1.475642971500927e-11,  Error =7.789656422119151e-07
Completed 16 % :  mod = 3.198672868163574e-11,  Error =8.305660159635408e-07
Completed 17 % :  mod = 6.849090780992296e-11,  Error =8.809609255422401e-07
Completed 18 % :  mod = 1.3834021804356225e-10,  Error =9.265644891343072e-07
Completed 19 % :  mod = 2.1572140973989898e-10,  Error =9.608284585738147e-07
Completed 20 % :  mod = 1.7070958056501349e-10,  Error =9.914144527556346e-07
Completed 21 % :  mod = 9.065308839583344e-11,  Error =1.0335348363810226e-06
Completed 22 % :  mod = 4.203673092375354e-11,  Error =1.0828090069026075e-06
Completed 23 % :  mod = 2.043777489850287e-11,  Error =1.134139566261183e-06
Completed 24 % :  mod = 1.0624490800387255e-11,  Error =1.1859327884167215e-06
Completed 25 % :  mod = 7.419583233641698e-12,  Error =1.237821585675647e-06
Completed 26 % :  mod = 9.225649030369619e-12,  Error =1.289717012298297e-06
Completed 27 % :  mod = 1.6902743126535526e-11,  Error =1.3415526112225962e-06
Completed 28 % :  mod = 3.4221430710111883e-11,  Error =1.3930847444498795e-06
Completed 28 % :  mod = 7.398630894621075e-11,  Error =1.443230829067943e-06
Completed 30 % :  mod = 1.468850072858592e-10,  Error =1.488068633648254e-06
Completed 31 % :  mod = 2.160121331338625e-10,  Error =1.521258397474412e-06
Completed 32 % :  mod = 1.63716598714214e-10,  Error =1.552613767330513e-06
Completed 33 % :  mod = 8.461568556687522e-11,  Error =1.595706436319233e-06
Completed 34 % :  mod = 3.934624022632486e-11,  Error =1.6452954270107512e-06
Completed 35 % :  mod = 1.989237454926024e-11,  Error =1.696689615471314e-06
Completed 36 % :  mod = 1.1306060664157128e-11,  Error =1.7484816723367658e-06
Completed 37 % :  mod = 1.0000272086876834e-11,  Error =1.8003510433572956e-06
Completed 38 % :  mod = 1.5604504031475662e-11,  Error =1.8521894062928368e-06
Completed 39 % :  mod = 3.064113835435883e-11,  Error =1.903805348035803e-06
Completed 40 % :  mod = 6.267654541456188e-11,  Error =1.9543878906347345e-06
Completed 41 % :  mod = 1.3171384785807685e-10,  Error =2.0007299141866497e-06
Completed 42 % :  mod = 2.1014406076329058e-10,  Error =2.0363444903637173e-06
Completed 43 % :  mod = 1.792108735671558e-10,  Error =2.0662138098259675e-06
Completed 44 % :  mod = 9.967996533055043e-11,  Error =2.1071366802516422e-06
Completed 45 % :  mod = 4.595451086164857e-11,  Error =2.1558966523116396e-06
Completed 46 % :  mod = 2.4421570763227938e-11,  Error =2.20705757669748e-06
Completed 47 % :  mod = 1.634956843828052e-11,  Error =2.2587530708051418e-06
Completed 48 % :  mod = 1.755357985161148e-11,  Error =2.3105201520934315e-06
Completed 49 % :  mod = 3.101479568138593e-11,  Error =2.362092679675243e-06
Completed 50 % :  mod = 6.470294711568686e-11,  Error =2.412675989660329e-06
Completed 51 % :  mod = 1.238724186083947e-10,  Error =2.459244065278199e-06
Completed 52 % :  mod = 2.1199596003828015e-10,  Error =2.4950063703954584e-06
Completed 53 % :  mod = 1.8466340124393241e-10,  Error =2.5250656463526866e-06
Completed 54 % :  mod = 9.64737942047368e-11,  Error =2.565579890756453e-06
Completed 55 % :  mod = 4.812919512378453e-11,  Error =2.614313046933603e-06
Completed 56 % :  mod = 2.317837753770328e-11,  Error =2.6654896529976213e-06
Completed 56 % :  mod = 1.2914948975639316e-11,  Error =2.717227289394941e-06
Completed 57 % :  mod = 1.1548224006441395e-11,  Error =2.769074647801517e-06
Completed 59 % :  mod = 1.706564210460291e-11,  Error =2.820892660793106e-06
Completed 60 % :  mod = 3.227661780131087e-11,  Error =2.872451666746656e-06
Completed 61 % :  mod = 6.99436712323107e-11,  Error =2.922796937809835e-06
Completed 62 % :  mod = 1.3852547524959404e-10,  Error =2.9684059086321213e-06
Completed 63 % :  mod = 2.126001899225005e-10,  Error =3.00263602071027e-06
Completed 64 % :  mod = 1.7388311446563093e-10,  Error =3.033319721623684e-06
Completed 65 % :  mod = 8.976051240705547e-11,  Error =3.0754052460224557e-06
Completed 66 % :  mod = 4.265260647841792e-11,  Error =3.1246350005176282e-06
Completed 67 % :  mod = 2.254866789788287e-11,  Error =3.1759238083850505e-06
Completed 68 % :  mod = 1.4052007465023668e-11,  Error =3.2276645214324162e-06
Completed 69 % :  mod = 1.497014385768004e-11,  Error =3.2794741713360054e-06
Completed 70 % :  mod = 2.6599315879661852e-11,  Error =3.3311543106151476e-06
Completed 71 % :  mod = 5.259678863231277e-11,  Error =3.38214945116988e-06
Completed 72 % :  mod = 1.0640891182535399e-10,  Error =3.4301841225214957e-06
Completed 73 % :  mod = 1.9765927820015695e-10,  Error =3.4690793881964055e-06
Completed 74 % :  mod = 2.0055954077145738e-10,  Error =3.4986743600029513e-06
Completed 75 % :  mod = 1.1528260309944497e-10,  Error =3.5362172781105983e-06
Completed 76 % :  mod = 5.7398490094396944e-11,  Error =3.583707268717262e-06
Completed 77 % :  mod = 2.6430512133355335e-11,  Error =3.6345798690717857e-06
Completed 78 % :  mod = 1.359517814437629e-11,  Error =3.686267362468243e-06
Completed 79 % :  mod = 9.114467006510436e-12,  Error =3.7381280080239776e-06
Completed 80 % :  mod = 9.897278059652574e-12,  Error =3.7900109290944783e-06
Completed 81 % :  mod = 1.7196879258827416e-11,  Error =3.841835571449792e-06
Completed 82 % :  mod = 3.618034763277016e-11,  Error =3.893342530147947e-06
Completed 83 % :  mod = 7.396381292132661e-11,  Error =3.943428367847446e-06
Completed 84 % :  mod = 1.4881645743532636e-10,  Error =3.98798007950063e-06
Completed 85 % :  mod = 2.2054040788703197e-10,  Error =4.020985969077628e-06
Completed 86 % :  mod = 1.57274865638854e-10,  Error =4.052434661616644e-06
Completed 87 % :  mod = 8.526629183301256e-11,  Error =4.095736699127883e-06
Completed 88 % :  mod = 3.97736672262206e-11,  Error =4.145362311192002e-06
Completed 89 % :  mod = 2.045825345898168e-11,  Error =4.196733101480277e-06
Completed 90 % :  mod = 1.4676372046860448e-11,  Error =4.2484868103542794e-06
Completed 91 % :  mod = 1.6888030259868967e-11,  Error =4.300279591973322e-06
Completed 92 % :  mod = 2.932560677152506e-11,  Error =4.351884442144183e-06
Completed 93 % :  mod = 6.306688119267474e-11,  Error =4.402537534531348e-06
Completed 94 % :  mod = 1.2341554645020496e-10,  Error =4.44934548937681e-06
Completed 95 % :  mod = 2.0582455750610118e-10,  Error =4.485546540422547e-06
Completed 96 % :  mod = 1.9019771729796976e-10,  Error =4.5154552310577856e-06
Completed 97 % :  mod = 9.903368319075478e-11,  Error =4.555595474187157e-06
Completed 98 % :  mod = 4.9182408313418966e-11,  Error =4.60410893055041e-06
Completed 99 % :  mod = 2.6338931182639792e-11,  Error =4.655194686620234e-06
Completed 100 % :  mod = 1.7032427288072295e-11,  Error =4.70685505149504e-06
Finished 61/201 frames
Finished all frames!
