/opt/local/miniconda_23_9/lib/python3.11/site-packages/conda/base/context.py:201: FutureWarning: Adding 'defaults' to channel list implicitly is deprecated and will be removed in 25.3. 

To remove this warning, please choose a default channel explicitly with conda's regular configuration system, e.g. by adding 'defaults' to the list of channels:

  conda config --add channels defaults

For more information see https://docs.conda.io/projects/conda/en/stable/user-guide/configuration/use-condarc.html

  deprecated.topic(
JOB 13577 ARRAY_ID 20  -> i=20 ; range=[2.0e-10, 2.09e-10] ; intervals=40 (frames=41)
Completed 0 % :  mod = 1.6351219506628854e-16,  Error =-1.4210854715202004e-14
Completed 1 % :  mod = 1.6531013861231428e-16,  Error =8.566431120016205e-09
Completed 2 % :  mod = 1.7074352213215164e-16,  Error =1.7132933294305985e-08
Completed 3 % :  mod = 1.7993181981946624e-16,  Error =2.5699264938339184e-08
Completed 4 % :  mod = 1.9307710507366472e-16,  Error =3.4265553949808236e-08
Completed 5 % :  mod = 2.104684686266428e-16,  Error =4.283294430251772e-08
Completed 6 % :  mod = 2.3248835955426465e-16,  Error =5.140008596526968e-08
Completed 7 % :  mod = 2.596210466619452e-16,  Error =5.996680840780755e-08
Completed 8 % :  mod = 2.9246321342752593e-16,  Error =6.85340353356878e-08
Completed 9 % :  mod = 3.317371072778823e-16,  Error =7.710076488365303e-08
Completed 10 % :  mod = 3.783064333991049e-16,  Error =8.566747311533618e-08
Completed 11 % :  mod = 4.3319531531880164e-16,  Error =9.423390423535238e-08
Completed 12 % :  mod = 4.976108552750281e-16,  Error =1.02800065349129e-07
Completed 13 % :  mod = 5.729696546607018e-16,  Error =1.1136642541487163e-07
Completed 14 % :  mod = 6.609289605789897e-16,  Error =1.1993278548061426e-07
Completed 15 % :  mod = 7.634231519012482e-16,  Error =1.284989252781088e-07
Completed 16 % :  mod = 8.827062377389452e-16,  Error =1.3706584667261268e-07
Completed 17 % :  mod = 1.0214014297573844e-15,  Error =1.4563298833536464e-07
Completed 18 % :  mod = 1.1825588711106556e-15,  Error =1.5420015131439868e-07
Completed 19 % :  mod = 1.3697226685735368e-15,  Error =1.6276626979561115e-07
Completed 20 % :  mod = 1.5870088490409502e-15,  Error =1.71333766729731e-07
Completed 21 % :  mod = 1.8391958820382978e-15,  Error =1.7990128498013291e-07
Completed 22 % :  mod = 2.1318297674348166e-15,  Error =1.884683413777566e-07
Completed 23 % :  mod = 2.4713459822351918e-15,  Error =1.9703526987768782e-07
Completed 24 % :  mod = 2.86521104121936e-15,  Error =2.0560207047992662e-07
Completed 25 % :  mod = 3.322086649590903e-15,  Error =2.14168842660456e-07
Completed 26 % :  mod = 3.852020239223161e-15,  Error =2.2273479061141188e-07
Completed 27 % :  mod = 4.4666659062744005e-15,  Error =2.3130189674702706e-07
Completed 28 % :  mod = 5.179540660161054e-15,  Error =2.398682923399065e-07
Completed 28 % :  mod = 6.0063217758076845e-15,  Error =2.484357466414622e-07
Completed 30 % :  mod = 6.965191495421267e-15,  Error =2.5700280303908585e-07
Completed 31 % :  mod = 8.077236861698207e-15,  Error =2.6556943311106807e-07
Completed 32 % :  mod = 9.366913541103155e-15,  Error =2.741362408187342e-07
Completed 33 % :  mod = 1.086258357775924e-14,  Error =2.827024232487929e-07
Completed 34 % :  mod = 1.259713910401845e-14,  Error =2.912685417300054e-07
Completed 35 % :  mod = 1.460872576367405e-14,  Error =2.9983457494608956e-07
Completed 36 % :  mod = 1.6941581512134294e-14,  Error =3.0840206477478205e-07
Completed 37 % :  mod = 1.9647009509604472e-14,  Error =3.1696802693659265e-07
Completed 38 % :  mod = 2.2784506358994784e-14,  Error =3.255347209574211e-07
Completed 39 % :  mod = 2.6423070466956095e-14,  Error =3.341011023394458e-07
Completed 40 % :  mod = 3.064271944570909e-14,  Error =3.426672989803592e-07
Completed 41 % :  mod = 3.553624976924319e-14,  Error =3.512339290523414e-07
Completed 42 % :  mod = 4.121127740457154e-14,  Error =3.598003317506482e-07
Completed 43 % :  mod = 4.7792604420234713e-14,  Error =3.683661446984843e-07
Completed 44 % :  mod = 5.54249633506125e-14,  Error =3.769330447767061e-07
Completed 45 % :  mod = 6.427619980595267e-14,  Error =3.855003427588599e-07
Completed 46 % :  mod = 7.454096331364518e-14,  Error =3.94067129150244e-07
Completed 47 % :  mod = 8.644498723730698e-14,  Error =4.02634093177312e-07
Completed 48 % :  mod = 1.0025005195563483e-13,  Error =4.1120033955621693e-07
Completed 49 % :  mod = 1.1625974028315742e-13,  Error =4.197664722482841e-07
Completed 50 % :  mod = 1.348261111169402e-13,  Error =4.283332444288135e-07
Completed 51 % :  mod = 1.5635743782521172e-13,  Error =4.369000734527617e-07
Completed 52 % :  mod = 1.8132718069687122e-13,  Error =4.454665045727779e-07
Completed 53 % :  mod = 2.10284389369399e-13,  Error =4.540327083191187e-07
Completed 54 % :  mod = 2.438657622814101e-13,  Error =4.6259918207169903e-07
Completed 55 % :  mod = 2.8280962525464265e-13,  Error =4.7116681400893867e-07
Completed 56 % :  mod = 3.279721317648885e-13,  Error =4.797328827521596e-07
Completed 56 % :  mod = 3.8034603407568817e-13,  Error =4.88299079393073e-07
Completed 57 % :  mod = 4.410824263986212e-13,  Error =4.968655602510808e-07
Completed 59 % :  mod = 5.115159203223989e-13,  Error =5.054320695307979e-07
Completed 60 % :  mod = 5.931937785062255e-13,  Error =5.139982945934207e-07
Completed 61 % :  mod = 6.879096036825384e-13,  Error =5.225653580964718e-07
Completed 62 % :  mod = 7.977422560290354e-13,  Error =5.3113181053277e-07
Completed 63 % :  mod = 9.251007494263125e-13,  Error =5.396967637238959e-07
Completed 64 % :  mod = 1.072775949075119e-12,  Error =5.482630811570743e-07
Completed 65 % :  mod = 1.2439999510631378e-12,  Error =5.568293914848255e-07
Completed 66 % :  mod = 1.442514050601004e-12,  Error =5.653960926110813e-07
Completed 67 % :  mod = 1.6726461719821147e-12,  Error =5.739622750411399e-07
Completed 68 % :  mod = 1.9393984967400234e-12,  Error =5.825280382509845e-07
Completed 69 % :  mod = 2.248545715446657e-12,  Error =5.910928777552726e-07
Completed 70 % :  mod = 2.606743733583102e-12,  Error =5.996587617573823e-07
Completed 71 % :  mod = 3.0216476132299663e-12,  Error =6.082232815174393e-07
Completed 72 % :  mod = 3.502035767920572e-12,  Error =6.16787218632453e-07
Completed 73 % :  mod = 4.057934553625101e-12,  Error =6.253502462527649e-07
Completed 74 % :  mod = 4.7007328293722565e-12,  Error =6.339125064869222e-07
Completed 75 % :  mod = 5.443268942934958e-12,  Error =6.424725853548807e-07
Completed 76 % :  mod = 6.299861736608223e-12,  Error =6.510301204798452e-07
Completed 77 % :  mod = 7.286240973203254e-12,  Error =6.595845931656186e-07
Completed 78 % :  mod = 8.419309114021927e-12,  Error =6.681352431314735e-07
Completed 79 % :  mod = 9.716633687249268e-12,  Error =6.766809192981782e-07
Completed 80 % :  mod = 1.1195526549951327e-11,  Error =6.85218154217182e-07
Completed 81 % :  mod = 1.2871515271526901e-11,  Error =6.937465570899803e-07
Completed 82 % :  mod = 1.4755962210678034e-11,  Error =7.02262468621484e-07
Completed 83 % :  mod = 1.685256312739932e-11,  Error =7.107635937586565e-07
Completed 84 % :  mod = 1.9152509434679328e-11,  Error =7.192455271365361e-07
Completed 85 % :  mod = 2.1628311774884414e-11,  Error =7.277029894225961e-07
Completed 86 % :  mod = 2.4226772884124502e-11,  Error =7.361321223697814e-07
Completed 87 % :  mod = 2.686245984446843e-11,  Error =7.445276182238558e-07
Completed 88 % :  mod = 2.941419895618058e-11,  Error =7.528873737783215e-07
Completed 89 % :  mod = 3.172816098526323e-11,  Error =7.612105434873229e-07
Completed 90 % :  mod = 3.363104543498556e-11,  Error =7.694978663153051e-07
Completed 91 % :  mod = 3.4954503367287e-11,  Error =7.777585437906964e-07
Completed 92 % :  mod = 3.5566950365696727e-11,  Error =7.860006974169664e-07
Completed 93 % :  mod = 3.540332571618789e-11,  Error =7.942381827774625e-07
Completed 94 % :  mod = 3.448127364333897e-11,  Error =8.024856796851054e-07
Completed 95 % :  mod = 3.289666229668255e-11,  Error =8.107561839665323e-07
Completed 96 % :  mod = 3.0800453558799494e-11,  Error =8.190582931888457e-07
Completed 97 % :  mod = 2.8366670990076287e-11,  Error =8.273965761418367e-07
Completed 98 % :  mod = 2.5762820430508653e-11,  Error =8.357719778473438e-07
Completed 99 % :  mod = 2.3130034459844807e-11,  Error =8.4418147849874e-07
Completed 100 % :  mod = 2.0574450000264268e-11,  Error =8.526245096618368e-07
Finished 21/41 frames
Finished all frames!
