/opt/local/miniconda_23_9/lib/python3.11/site-packages/conda/base/context.py:201: FutureWarning: Adding 'defaults' to channel list implicitly is deprecated and will be removed in 25.3. 

To remove this warning, please choose a default channel explicitly with conda's regular configuration system, e.g. by adding 'defaults' to the list of channels:

  conda config --add channels defaults

For more information see https://docs.conda.io/projects/conda/en/stable/user-guide/configuration/use-condarc.html

  deprecated.topic(
JOB 13977 ARRAY_ID 106  -> i=106 ; range=[1.9e-10, 5.0e-10] ; intervals=200 (frames=201)
Analytic t0 extension enabled (--extend-time-using-t0).
Density options: centers='2.0e-10,4.0e-10' width='2.0e-11,5.0e-11' strength='7.0'
Completed 0 % :  mod = 3.052969741912308e-16,  Error =-1.4210854715202004e-14
Completed 1 % :  mod = 4.547311704991462e-16,  Error =1.0411161355250442e-07
Completed 2 % :  mod = 1.0493213360720328e-15,  Error =2.0822334079184657e-07
Completed 3 % :  mod = 2.6711374741581567e-15,  Error =3.123361764778565e-07
Completed 4 % :  mod = 6.907845441076841e-15,  Error =4.164473779155742e-07
Completed 5 % :  mod = 1.7906941664667906e-14,  Error =5.205590483114975e-07
Completed 6 % :  mod = 4.643591643800779e-14,  Error =6.246704415957538e-07
Completed 7 % :  mod = 1.2042301334297957e-13,  Error =7.287826591095836e-07
Completed 8 % :  mod = 3.1229735754473363e-13,  Error =8.32894372138071e-07
Completed 9 % :  mod = 8.098923242845114e-13,  Error =9.370058151603189e-07
Completed 10 % :  mod = 2.100312721034467e-12,  Error =1.0411159792056424e-06
Completed 11 % :  mod = 5.446590392898823e-12,  Error =1.1452154495827926e-06
Completed 12 % :  mod = 1.4120764475505293e-11,  Error =1.249245755730044e-06
Completed 13 % :  mod = 3.6548317298665215e-11,  Error =1.3528094413572944e-06
Completed 14 % :  mod = 9.351452956561886e-11,  Error =1.4533787293657952e-06
Completed 15 % :  mod = 2.1941294733134275e-10,  Error =1.5386018787921785e-06
Completed 16 % :  mod = 2.8555012494446304e-10,  Error =1.5948087082051643e-06
Completed 17 % :  mod = 1.2580544634548142e-10,  Error =1.668099372409415e-06
Completed 18 % :  mod = 5.623135274183711e-11,  Error =1.7650080650355449e-06
Completed 19 % :  mod = 3.126990455727425e-11,  Error =1.8676154240893084e-06
Completed 20 % :  mod = 3.1880596719355764e-11,  Error =1.970944708773459e-06
Completed 21 % :  mod = 6.488050930106762e-11,  Error =2.0730043601702164e-06
Completed 22 % :  mod = 1.6763721748148058e-10,  Error =2.166763103161884e-06
Completed 23 % :  mod = 2.829908104299188e-10,  Error =2.233902215209582e-06
Completed 24 % :  mod = 1.8246464050512415e-10,  Error =2.293621967908166e-06
Completed 25 % :  mod = 9.516943631427042e-11,  Error =2.383310032882946e-06
Completed 26 % :  mod = 5.0635636921098267e-11,  Error =2.4834105545323837e-06
Completed 27 % :  mod = 6.430555874672483e-11,  Error =2.584504350977568e-06
Completed 28 % :  mod = 1.6172053529662629e-10,  Error =2.67900185946246e-06
Completed 28 % :  mod = 2.6686590930306736e-10,  Error =2.750543814045159e-06
Completed 30 % :  mod = 2.0065473490665249e-10,  Error =2.8067247939134177e-06
Completed 31 % :  mod = 1.2187286251728724e-10,  Error =2.8921247690050222e-06
Completed 32 % :  mod = 7.083520843629932e-11,  Error =2.9895705537796857e-06
Completed 33 % :  mod = 9.684798870888415e-11,  Error =3.086809691410508e-06
Completed 34 % :  mod = 2.509816502136199e-10,  Error =3.1692305029196177e-06
Completed 35 % :  mod = 2.5994313461909867e-10,  Error =3.2281118151900046e-06
Completed 36 % :  mod = 1.244812122103274e-10,  Error =3.3006408131086573e-06
Completed 37 % :  mod = 9.138435827589632e-11,  Error =3.3956373144405916e-06
Completed 38 % :  mod = 8.585169296784344e-11,  Error =3.4944719971008453e-06
Completed 39 % :  mod = 1.366745991891645e-10,  Error =3.586793944521105e-06
Completed 40 % :  mod = 3.132739785760139e-10,  Error =3.65316492434431e-06
Completed 41 % :  mod = 1.916943996321094e-10,  Error =3.7136175876639754e-06
Completed 42 % :  mod = 8.594666369013554e-11,  Error =3.80123889698325e-06
Completed 43 % :  mod = 5.911922587656801e-11,  Error =3.901324404864681e-06
Completed 44 % :  mod = 6.124689699214135e-11,  Error =4.002785580325963e-06
Completed 45 % :  mod = 1.1664120762422306e-10,  Error =4.0994375183345255e-06
Completed 46 % :  mod = 2.848768423240108e-10,  Error =4.1736891844834645e-06
Completed 47 % :  mod = 2.3015148247432422e-10,  Error =4.2306382113110885e-06
Completed 48 % :  mod = 9.783283833893892e-11,  Error =4.313857459692372e-06
Completed 49 % :  mod = 4.650485616468365e-11,  Error =4.413649691059618e-06
Completed 50 % :  mod = 2.993349429722898e-11,  Error =4.516527681630578e-06
Completed 51 % :  mod = 5.0613838953976905e-11,  Error =4.619204617029027e-06
Completed 52 % :  mod = 1.2231686328550754e-10,  Error =4.717374245899464e-06
Completed 53 % :  mod = 2.560467421730655e-10,  Error =4.795907422305845e-06
Completed 54 % :  mod = 2.432588150187206e-10,  Error =4.850049968752046e-06
Completed 55 % :  mod = 1.1031771327383003e-10,  Error =4.930849833328921e-06
Completed 56 % :  mod = 4.362260630545905e-11,  Error =5.029917417687102e-06
Completed 56 % :  mod = 2.8765355229615498e-11,  Error =5.1330013519645945e-06
Completed 57 % :  mod = 2.8296192181392508e-11,  Error =5.236546627429561e-06
Completed 59 % :  mod = 5.303795803221556e-11,  Error =5.339147527649857e-06
Completed 60 % :  mod = 1.3889057673347112e-10,  Error =5.435324474944991e-06
Completed 61 % :  mod = 2.8841725781084916e-10,  Error =5.506880128791636e-06
Completed 62 % :  mod = 2.0675062107696176e-10,  Error =5.563370095273967e-06
Completed 63 % :  mod = 9.692592457527971e-11,  Error =5.650027475212482e-06
Completed 64 % :  mod = 3.3781159447557046e-11,  Error =5.750638301549316e-06
Completed 65 % :  mod = 2.1365601505755895e-11,  Error =5.853967579128039e-06
Completed 66 % :  mod = 3.4903193939302184e-11,  Error =5.957516243881855e-06
Completed 67 % :  mod = 6.421626362206363e-11,  Error =6.059779856570913e-06
Completed 68 % :  mod = 1.4881448091575204e-10,  Error =6.1540153595274205e-06
Completed 69 % :  mod = 3.053532823651563e-10,  Error =6.221014366758482e-06
Completed 70 % :  mod = 1.7918642903665026e-10,  Error =6.2803567573155306e-06
Completed 71 % :  mod = 8.727900320695682e-11,  Error =6.3701107677616164e-06
Completed 72 % :  mod = 3.886215861369194e-11,  Error =6.471320808998371e-06
Completed 73 % :  mod = 2.296843422003365e-11,  Error =6.574616641330522e-06
Completed 74 % :  mod = 4.259351858157852e-11,  Error =6.6777209468682486e-06
Completed 75 % :  mod = 1.0550719611908293e-10,  Error =6.7776197951729955e-06
Completed 76 % :  mod = 2.154682762647557e-10,  Error =6.8613867867384215e-06
Completed 77 % :  mod = 2.8956461929899823e-10,  Error =6.917003368300811e-06
Completed 78 % :  mod = 1.249554563001061e-10,  Error =6.991267440525917e-06
Completed 79 % :  mod = 5.6312122256961804e-11,  Error =7.087632347690942e-06
Completed 80 % :  mod = 5.698000493399798e-11,  Error =7.189212460900762e-06
Completed 81 % :  mod = 8.699193872065112e-11,  Error =7.2897082787903855e-06
Completed 82 % :  mod = 1.6692031791791356e-10,  Error =7.379616853597781e-06
Completed 83 % :  mod = 3.200231683564239e-10,  Error =7.440700713345905e-06
Completed 84 % :  mod = 1.5286365824569684e-10,  Error =7.505172519017833e-06
Completed 85 % :  mod = 7.660939050816805e-11,  Error =7.597065589948215e-06
Completed 86 % :  mod = 6.306715338917382e-11,  Error =7.697727248512365e-06
Completed 87 % :  mod = 7.296799021467844e-11,  Error =7.798491225230464e-06
Completed 88 % :  mod = 1.513816761001782e-10,  Error =7.89087449248882e-06
Completed 89 % :  mod = 3.1817619118194444e-10,  Error =7.956515638340989e-06
Completed 90 % :  mod = 1.6997029210866602e-10,  Error =8.01655931326195e-06
Completed 91 % :  mod = 9.155165440375052e-11,  Error =8.105797490998157e-06
Completed 92 % :  mod = 5.7330325280100776e-11,  Error =8.206063242255368e-06
Completed 93 % :  mod = 5.674944968295053e-11,  Error =8.30751320535228e-06
Completed 94 % :  mod = 1.3024067894630682e-10,  Error =8.40354041287128e-06
Completed 95 % :  mod = 2.901661653591395e-10,  Error =8.477291125075226e-06
Completed 96 % :  mod = 2.1101234718705456e-10,  Error =8.532786068826681e-06
Completed 97 % :  mod = 1.0705199512478966e-10,  Error =8.616936142402665e-06
Completed 98 % :  mod = 4.3302288725750095e-11,  Error =8.716737376346373e-06
Completed 99 % :  mod = 2.8263004058925623e-11,  Error =8.819623502631657e-06
Completed 100 % :  mod = 5.502954175099731e-11,  Error =8.922294071567194e-06
Finished 107/201 frames
Finished all frames!
