/opt/local/miniconda_23_9/lib/python3.11/site-packages/conda/base/context.py:201: FutureWarning: Adding 'defaults' to channel list implicitly is deprecated and will be removed in 25.3. 

To remove this warning, please choose a default channel explicitly with conda's regular configuration system, e.g. by adding 'defaults' to the list of channels:

  conda config --add channels defaults

For more information see https://docs.conda.io/projects/conda/en/stable/user-guide/configuration/use-condarc.html

  deprecated.topic(
JOB 13992 ARRAY_ID 121  -> i=121 ; range=[1.9e-10, 5.0e-10] ; intervals=200 (frames=201)
Analytic t0 extension enabled (--extend-time-using-t0).
Density options: centers='2.0e-10,4.0e-10' width='2.0e-11,5.0e-11' strength='7.0'
Completed 0 % :  mod = 3.161512326056825e-16,  Error =-1.4210854715202004e-14
Completed 1 % :  mod = 4.833868220188094e-16,  Error =1.1972705493690228e-07
Completed 2 % :  mod = 1.1620199634728693e-15,  Error =2.394535698613254e-07
Completed 3 % :  mod = 3.0700084296181975e-15,  Error =3.5917980767408153e-07
Completed 4 % :  mod = 8.225902532874203e-15,  Error =4.789067347132914e-07
Completed 5 % :  mod = 2.208436408355119e-14,  Error =5.986324111972863e-07
Completed 6 % :  mod = 5.930690835106835e-14,  Error =7.183585069014953e-07
Completed 7 % :  mod = 1.592730038296553e-13,  Error =8.380843539157468e-07
Completed 8 % :  mod = 4.2774137793796897e-13,  Error =9.578102861951265e-07
Completed 9 % :  mod = 1.1487356010943576e-12,  Error =1.0775360692605318e-06
Completed 10 % :  mod = 3.0849963132530064e-12,  Error =1.1972571698493084e-06
Completed 11 % :  mod = 8.284346485281802e-12,  Error =1.3169531243306665e-06
Completed 12 % :  mod = 2.2235048817151464e-11,  Error =1.4364669524979945e-06
Completed 13 % :  mod = 5.945431562516225e-11,  Error =1.554684153859398e-06
Completed 14 % :  mod = 1.543812420769016e-10,  Error =1.6645430633843716e-06
Completed 15 % :  mod = 3.096213979847908e-10,  Error =1.7428709924161012e-06
Completed 16 % :  mod = 1.9113205717689256e-10,  Error =1.8104195547152813e-06
Completed 17 % :  mod = 8.729955213793014e-11,  Error =1.9143348097827584e-06
Completed 18 % :  mod = 3.749996923579037e-11,  Error =2.030818833986814e-06
Completed 19 % :  mod = 3.571860803521554e-11,  Error =2.1493042368092574e-06
Completed 20 % :  mod = 7.953398162466253e-11,  Error =2.2662577592313937e-06
Completed 21 % :  mod = 1.7528757682892226e-10,  Error =2.372582933674039e-06
Completed 22 % :  mod = 3.1035768926704767e-10,  Error =2.4436938304006617e-06
Completed 23 % :  mod = 1.7051395618532728e-10,  Error =2.518139353924198e-06
Completed 24 % :  mod = 6.69904778629773e-11,  Error =2.6261306018682262e-06
Completed 25 % :  mod = 2.5303160091380627e-11,  Error =2.7439261032213835e-06
Completed 26 % :  mod = 1.4386484447107769e-11,  Error =2.8632971478259606e-06
Completed 27 % :  mod = 1.729608810483656e-11,  Error =2.9828236520756946e-06
Completed 28 % :  mod = 3.556069545208949e-11,  Error =3.101921357995252e-06
Completed 28 % :  mod = 9.492497522646515e-11,  Error =3.2177896827079167e-06
Completed 30 % :  mod = 2.333748230361302e-10,  Error =3.316099778771786e-06
Completed 31 % :  mod = 2.936055930665773e-10,  Error =3.3796798746266177e-06
Completed 32 % :  mod = 1.2403681391927002e-10,  Error =3.465788239509493e-06
Completed 33 % :  mod = 5.1476800027649055e-11,  Error =3.5784707321795395e-06
Completed 34 % :  mod = 2.5009153696468778e-11,  Error =3.6969416186138915e-06
Completed 35 % :  mod = 2.3010348027274136e-11,  Error =3.816179926730001e-06
Completed 36 % :  mod = 4.624891534897338e-11,  Error =3.934813094019773e-06
Completed 37 % :  mod = 1.233473343378777e-10,  Error =4.048491135222321e-06
Completed 38 % :  mod = 2.610487867439264e-10,  Error =4.138988842328217e-06
Completed 39 % :  mod = 2.5702757315738296e-10,  Error =4.2007132776689105e-06
Completed 40 % :  mod = 1.1471578306573526e-10,  Error =4.294915974867308e-06
Completed 41 % :  mod = 5.070701648954028e-11,  Error =4.408561146362899e-06
Completed 42 % :  mod = 5.564726355618915e-11,  Error =4.525734254912095e-06
Completed 43 % :  mod = 1.1815508350088978e-10,  Error =4.639585846177852e-06
Completed 44 % :  mod = 2.2542821409399045e-10,  Error =4.734549804652488e-06
Completed 45 % :  mod = 2.8887529187831215e-10,  Error =4.796324809319685e-06
Completed 46 % :  mod = 1.3474089492326147e-10,  Error =4.88442777424325e-06
Completed 47 % :  mod = 6.421876223512511e-11,  Error =4.995145609143492e-06
Completed 48 % :  mod = 8.281208867108622e-11,  Error =5.109995889540642e-06
Completed 49 % :  mod = 1.7726297076503708e-10,  Error =5.217184884998005e-06
Completed 50 % :  mod = 2.737836810625371e-10,  Error =5.2953595144344945e-06
Completed 51 % :  mod = 2.0010394527212863e-10,  Error =5.364166042909346e-06
Completed 52 % :  mod = 1.1502896873797233e-10,  Error =5.465750035682504e-06
Completed 53 % :  mod = 8.535995797902398e-11,  Error =5.57737959638871e-06
Completed 54 % :  mod = 1.522047396621179e-10,  Error =5.682991393030079e-06
Completed 55 % :  mod = 3.3450127625066806e-10,  Error =5.761132449322304e-06
Completed 56 % :  mod = 1.8500693797596192e-10,  Error =5.827853676976247e-06
Completed 56 % :  mod = 9.959533140952851e-11,  Error =5.9274765717987066e-06
Completed 57 % :  mod = 9.065264716070287e-11,  Error =6.0404256245760735e-06
Completed 59 % :  mod = 1.1900638442174296e-10,  Error =6.151543928467618e-06
Completed 60 % :  mod = 2.4187769379409016e-10,  Error =6.240933331014276e-06
Completed 61 % :  mod = 2.9614770789933305e-10,  Error =6.306892458951552e-06
Completed 62 % :  mod = 1.1375538369525612e-10,  Error =6.3966637711132535e-06
Completed 63 % :  mod = 8.245355986090906e-11,  Error =6.5053066649056746e-06
Completed 64 % :  mod = 1.7905031452428396e-10,  Error =6.611800081657293e-06
Completed 65 % :  mod = 2.671610051588502e-10,  Error =6.697244259612489e-06
Completed 66 % :  mod = 2.1110761030334658e-10,  Error =6.759277063395075e-06
Completed 67 % :  mod = 1.5504722692811473e-10,  Error =6.852783947408625e-06
Completed 68 % :  mod = 1.0006555037850345e-10,  Error =6.960984762827138e-06
Completed 69 % :  mod = 1.3978277654518875e-10,  Error =7.065082790802535e-06
Completed 70 % :  mod = 3.2835929958725753e-10,  Error =7.140864155985582e-06
Completed 71 % :  mod = 2.0703075841836132e-10,  Error =7.2112479898578385e-06
Completed 72 % :  mod = 9.286932945393209e-11,  Error =7.310853987974042e-06
Completed 73 % :  mod = 8.272898369872155e-11,  Error =7.4238110627788956e-06
Completed 74 % :  mod = 1.390882415344677e-10,  Error =7.534206439174795e-06
Completed 75 % :  mod = 2.3657650385896025e-10,  Error =7.623187137539844e-06
Completed 76 % :  mod = 2.658814083813647e-10,  Error =7.686192624589694e-06
Completed 77 % :  mod = 1.460114409639693e-10,  Error =7.777240000450547e-06
Completed 78 % :  mod = 8.861570157632245e-11,  Error =7.885010298025463e-06
Completed 79 % :  mod = 1.5822603928431498e-10,  Error =7.989571891187097e-06
Completed 80 % :  mod = 3.2205829476118694e-10,  Error =8.07067016239671e-06
Completed 81 % :  mod = 1.8736871635598426e-10,  Error =8.135477969517524e-06
Completed 82 % :  mod = 1.2278484073027952e-10,  Error =8.231693243487825e-06
Completed 83 % :  mod = 1.1363971512953339e-10,  Error =8.341797077093815e-06
Completed 84 % :  mod = 1.396561778898315e-10,  Error =8.44800786126143e-06
Completed 85 % :  mod = 2.862472574492518e-10,  Error =8.525588697239073e-06
Completed 86 % :  mod = 2.3744575683255697e-10,  Error =8.596304880370553e-06
Completed 87 % :  mod = 8.968137803981593e-11,  Error =8.695751262166596e-06
Completed 88 % :  mod = 7.376952525210428e-11,  Error =8.808376044555644e-06
Completed 89 % :  mod = 1.6003394098040092e-10,  Error =8.917550651688089e-06
Completed 90 % :  mod = 2.596383620402822e-10,  Error =9.005274712592382e-06
Completed 91 % :  mod = 2.2621718528066429e-10,  Error =9.066485915809608e-06
Completed 92 % :  mod = 1.4802844170547316e-10,  Error =9.159940887570883e-06
Completed 93 % :  mod = 8.38343332859826e-11,  Error =9.269828602498364e-06
Completed 94 % :  mod = 1.1377534396300951e-10,  Error =9.378932006143259e-06
Completed 95 % :  mod = 3.042404949955742e-10,  Error =9.46558213854587e-06
Completed 96 % :  mod = 2.415603380189201e-10,  Error =9.531822193764583e-06
Completed 97 % :  mod = 1.0278962910732904e-10,  Error =9.624845581868158e-06
Completed 98 % :  mod = 7.85775749576344e-11,  Error =9.737642741924901e-06
Completed 99 % :  mod = 9.230100191947767e-11,  Error =9.85207991277548e-06
Completed 100 % :  mod = 1.6377892356115758e-10,  Error =9.955910599046547e-06
Finished 122/201 frames
Finished all frames!
