/opt/local/miniconda_23_9/lib/python3.11/site-packages/conda/base/context.py:201: FutureWarning: Adding 'defaults' to channel list implicitly is deprecated and will be removed in 25.3. 

To remove this warning, please choose a default channel explicitly with conda's regular configuration system, e.g. by adding 'defaults' to the list of channels:

  conda config --add channels defaults

For more information see https://docs.conda.io/projects/conda/en/stable/user-guide/configuration/use-condarc.html

  deprecated.topic(
JOB 13587 ARRAY_ID 30  -> i=30 ; range=[2.0e-10, 2.09e-10] ; intervals=40 (frames=41)
Completed 0 % :  mod = 1.6526829268249857e-16,  Error =-1.4210854715202004e-14
Completed 1 % :  mod = 1.6799666123413677e-16,  Error =8.94040397270146e-09
Completed 2 % :  mod = 1.7627185962735913e-16,  Error =1.788149006642925e-08
Completed 3 % :  mod = 1.903671064973713e-16,  Error =2.682163113831848e-08
Completed 4 % :  mod = 2.1074779464650366e-16,  Error =3.576164431251527e-08
Completed 5 % :  mod = 2.3808684418846454e-16,  Error =4.470226144803746e-08
Completed 6 % :  mod = 2.7328691141720904e-16,  Error =5.364285726727758e-08
Completed 7 % :  mod = 3.175102242293569e-16,  Error =6.258316176399603e-08
Completed 8 % :  mod = 3.72216926184885e-16,  Error =7.152378600494558e-08
Completed 9 % :  mod = 4.39213282576974e-16,  Error =8.046384181170652e-08
Completed 10 % :  mod = 5.207113538617836e-16,  Error =8.940443052551927e-08
Completed 11 % :  mod = 6.194020024125214e-16,  Error =9.834491976334903e-08
Completed 12 % :  mod = 7.385437335783871e-16,  Error =1.0728575006169194e-07
Completed 13 % :  mod = 8.820703205159636e-16,  Error =1.1622589823900853e-07
Completed 14 % :  mod = 1.0547206370105972e-15,  Error =1.2516713354671083e-07
Completed 15 % :  mod = 1.2621951551369076e-15,  Error =1.3410751620313022e-07
Completed 16 % :  mod = 1.511344172998909e-15,  Error =1.4304811202237033e-07
Completed 17 % :  mod = 1.8103939517440144e-15,  Error =1.5198874336874724e-07
Completed 18 % :  mod = 2.1692183572818004e-15,  Error =1.6092815258161863e-07
Completed 19 % :  mod = 2.5996648795637726e-15,  Error =1.698689757745342e-07
Completed 20 % :  mod = 3.1159457677794446e-15,  Error =1.788098558108686e-07
Completed 21 % :  mod = 3.735107305892765e-15,  Error =1.8774980503621919e-07
Completed 22 % :  mod = 4.47759265523052e-15,  Error =1.9668971162900561e-07
Completed 23 % :  mod = 5.367916798190015e-15,  Error =2.0563021507769008e-07
Completed 24 % :  mod = 6.435475982289835e-15,  Error =2.1457043430928024e-07
Completed 25 % :  mod = 7.715518321441208e-15,  Error =2.235104687997591e-07
Completed 26 % :  mod = 9.250307567828933e-15,  Error =2.3245153357720483e-07
Completed 27 % :  mod = 1.1090518582303472e-14,  Error =2.4139204413131665e-07
Completed 28 % :  mod = 1.3296910458802378e-14,  Error =2.5033358497239533e-07
Completed 28 % :  mod = 1.5942332659950724e-14,  Error =2.5927359104116476e-07
Completed 30 % :  mod = 1.9114130294397243e-14,  Error =2.682143858123709e-07
Completed 31 % :  mod = 2.291702800426502e-14,  Error =2.7715455530596955e-07
Completed 32 % :  mod = 2.747658769219494e-14,  Error =2.8609505164922666e-07
Completed 33 % :  mod = 3.294335422453415e-14,  Error =2.9503558351962056e-07
Completed 34 % :  mod = 3.949782589889081e-14,  Error =3.03976861459887e-07
Completed 35 % :  mod = 4.735641391147331e-14,  Error =3.129170949023319e-07
Completed 36 % :  mod = 5.677858747058468e-14,  Error =3.2185778309212765e-07
Completed 37 % :  mod = 6.807544027405403e-14,  Error =3.307987768152998e-07
Completed 38 % :  mod = 8.161996124477179e-14,  Error =3.3973909552287296e-07
Completed 39 % :  mod = 9.785934831662139e-14,  Error =3.486796558149763e-07
Completed 40 % :  mod = 1.1732977128465622e-13,  Error =3.576206353272937e-07
Completed 41 % :  mod = 1.4067407062196685e-13,  Error =3.6656097535114895e-07
Completed 42 % :  mod = 1.6866297524767507e-13,  Error =3.755012443207306e-07
Completed 43 % :  mod = 2.0222053756293947e-13,  Error =3.8444121486236327e-07
Completed 44 % :  mod = 2.4245462191866325e-13,  Error =3.9338129909083364e-07
Completed 45 % :  mod = 2.906934464963386e-13,  Error =4.023211346293465e-07
Completed 46 % :  mod = 3.4852937401589334e-13,  Error =4.112616167617489e-07
Completed 47 % :  mod = 4.1787137771522693e-13,  Error =4.202010757126118e-07
Completed 48 % :  mod = 5.010078815279988e-13,  Error =4.291409680945435e-07
Completed 49 % :  mod = 6.0068199184353e-13,  Error =4.38082267351092e-07
Completed 50 % :  mod = 7.201815058429614e-13,  Error =4.4702284185405006e-07
Completed 51 % :  mod = 8.63446497476162e-13,  Error =4.559633310918798e-07
Completed 52 % :  mod = 1.0351977395168547e-12,  Error =4.64903273211803e-07
Completed 53 % :  mod = 1.2410896957149259e-12,  Error =4.7384395429617143e-07
Completed 54 % :  mod = 1.4878922627900695e-12,  Error =4.827846211696851e-07
Completed 55 % :  mod = 1.7837057633721382e-12,  Error =4.917253448866177e-07
Completed 56 % :  mod = 2.1382137094072324e-12,  Error =5.00664157243591e-07
Completed 56 % :  mod = 2.5629772507689485e-12,  Error =5.096020956329994e-07
Completed 57 % :  mod = 3.0717734299381656e-12,  Error =5.185402471852285e-07
Completed 59 % :  mod = 3.680975397352474e-12,  Error =5.274781855746369e-07
Completed 60 % :  mod = 4.409964926439746e-12,  Error =5.364140491792568e-07
Completed 61 % :  mod = 5.281553090060651e-12,  Error =5.453472482486177e-07
Completed 62 % :  mod = 6.322359207370621e-12,  Error =5.542802412605852e-07
Completed 63 % :  mod = 7.56305381491259e-12,  Error =5.632079478345986e-07
Completed 64 % :  mod = 9.038297377506253e-12,  Error =5.721306521877523e-07
Completed 65 % :  mod = 1.078608735448752e-11,  Error =5.810443397535892e-07
Completed 66 % :  mod = 1.2846044180524443e-11,  Error =5.899473549675349e-07
Completed 67 % :  mod = 1.5255909993343663e-11,  Error =5.988357045794146e-07
Completed 68 % :  mod = 1.804522231851944e-11,  Error =6.07702510535546e-07
Completed 69 % :  mod = 2.1224868110371327e-11,  Error =6.165402126612207e-07
Completed 70 % :  mod = 2.477132926855297e-11,  Error =6.253396094280106e-07
Completed 71 % :  mod = 2.8605540930454476e-11,  Error =6.340892895195793e-07
Completed 72 % :  mod = 3.2569371626359515e-11,  Error =6.427804351005761e-07
Completed 73 % :  mod = 3.640848810730842e-11,  Error =6.514043207062059e-07
Completed 74 % :  mod = 3.977730983991057e-11,  Error =6.599588431299708e-07
Completed 75 % :  mod = 4.228363175170614e-11,  Error =6.684520599264943e-07
Completed 76 % :  mod = 4.3577339142000146e-11,  Error =6.769022817820769e-07
Completed 77 % :  mod = 4.345718279158446e-11,  Error =6.853400194017922e-07
Completed 78 % :  mod = 4.194245835883056e-11,  Error =6.937955205899016e-07
Completed 79 % :  mod = 3.926582755734552e-11,  Error =7.022975552217758e-07
Completed 80 % :  mod = 3.5791900201203126e-11,  Error =7.108623449880724e-07
Completed 81 % :  mod = 3.1910214673382744e-11,  Error =7.194983382419196e-07
Completed 82 % :  mod = 2.7953014420501025e-11,  Error =7.281999998554056e-07
Completed 83 % :  mod = 2.4158135796102778e-11,  Error =7.369593717498901e-07
Completed 84 % :  mod = 2.066903079714208e-11,  Error =7.457662434262602e-07
Completed 85 % :  mod = 1.7553881325009258e-11,  Error =7.546099070054879e-07
Completed 86 % :  mod = 1.4829143941721105e-11,  Error =7.63481018850598e-07
Completed 87 % :  mod = 1.2479888663449599e-11,  Error =7.723710595541888e-07
Completed 88 % :  mod = 1.047461582007911e-11,  Error =7.812765190351456e-07
Completed 89 % :  mod = 8.77492308101194e-12,  Error =7.901918621655568e-07
Completed 90 % :  mod = 7.34127657686256e-12,  Error =7.991148933683689e-07
Completed 91 % :  mod = 6.1361513886935645e-12,  Error =8.080438291813152e-07
Completed 92 % :  mod = 5.125526441818389e-12,  Error =8.169759979637092e-07
Completed 93 % :  mod = 4.2794122159660595e-12,  Error =8.259100354734983e-07
Completed 94 % :  mod = 3.5718453561708588e-12,  Error =8.348470714736322e-07
Completed 95 % :  mod = 2.9806138597127317e-12,  Error =8.437854717158189e-07
Completed 96 % :  mod = 2.486866141084025e-12,  Error =8.527233319455263e-07
Completed 97 % :  mod = 2.074689131804495e-12,  Error =8.616624782575855e-07
Completed 98 % :  mod = 1.7306999681808114e-12,  Error =8.706017879944739e-07
Completed 99 % :  mod = 1.443672366424465e-12,  Error =8.795425756602526e-07
Completed 100 % :  mod = 1.204205676930567e-12,  Error =8.884826812050051e-07
Finished 31/41 frames
Finished all frames!
