/opt/local/miniconda_23_9/lib/python3.11/site-packages/conda/base/context.py:201: FutureWarning: Adding 'defaults' to channel list implicitly is deprecated and will be removed in 25.3. 

To remove this warning, please choose a default channel explicitly with conda's regular configuration system, e.g. by adding 'defaults' to the list of channels:

  conda config --add channels defaults

For more information see https://docs.conda.io/projects/conda/en/stable/user-guide/configuration/use-condarc.html

  deprecated.topic(
JOB 14028 ARRAY_ID 157  -> i=157 ; range=[1.9e-10, 5.0e-10] ; intervals=200 (frames=201)
Analytic t0 extension enabled (--extend-time-using-t0).
Density options: centers='2.0e-10,4.0e-10' width='2.0e-11,5.0e-11' strength='7.0'
Completed 0 % :  mod = 3.4253703889954454e-16,  Error =-1.4210854715202004e-14
Completed 1 % :  mod = 5.572274619295824e-16,  Error =1.6498333366143925e-07
Completed 2 % :  mod = 1.4704198592322703e-15,  Error =3.2996668863916057e-07
Completed 3 % :  mod = 4.226829364831414e-15,  Error =4.949499796680357e-07
Completed 4 % :  mod = 1.2281701203435302e-14,  Error =6.599330504286627e-07
Completed 5 % :  mod = 3.573206833620701e-14,  Error =8.249163840901019e-07
Completed 6 % :  mod = 1.039736965226439e-13,  Error =9.899000090740628e-07
Completed 7 % :  mod = 3.025495764441062e-13,  Error =1.1548828382501597e-06
Completed 8 % :  mod = 8.803803018812584e-13,  Error =1.3198649355672387e-06
Completed 9 % :  mod = 2.5617831940900117e-12,  Error =1.484846144705898e-06
Completed 10 % :  mod = 7.454165155239627e-12,  Error =1.649802449321669e-06
Completed 11 % :  mod = 2.1683263344543214e-11,  Error =1.814561926494207e-06
Completed 12 % :  mod = 6.290952621178423e-11,  Error =1.9776703794605055e-06
Completed 13 % :  mod = 1.7788417029131737e-10,  Error =2.1283955859985326e-06
Completed 14 % :  mod = 3.6452617093407187e-10,  Error =2.230337329933718e-06
Completed 15 % :  mod = 1.66464647510495e-10,  Error =2.3291728368235454e-06
Completed 16 % :  mod = 8.234479916263207e-11,  Error =2.478576398345922e-06
Completed 17 % :  mod = 5.246078006312898e-11,  Error =2.6396550225626925e-06
Completed 18 % :  mod = 7.977972077129867e-11,  Error =2.7997880991392776e-06
Completed 19 % :  mod = 2.405446494068382e-10,  Error =2.9402727292904274e-06
Completed 20 % :  mod = 3.5687210437941395e-10,  Error =3.033598055424136e-06
Completed 21 % :  mod = 1.2820677425619311e-10,  Error =3.1452049640279256e-06
Completed 22 % :  mod = 9.412134914458078e-11,  Error =3.2957388000909305e-06
Completed 23 % :  mod = 1.541064709925218e-10,  Error =3.4482030386584483e-06
Completed 24 % :  mod = 2.558228751032293e-10,  Error =3.575444310399689e-06
Completed 25 % :  mod = 2.7433049728426604e-10,  Error =3.6572040116311655e-06
Completed 26 % :  mod = 1.6795606235453335e-10,  Error =3.7834532733427295e-06
Completed 27 % :  mod = 1.0361030855214478e-10,  Error =3.932938234640915e-06
Completed 28 % :  mod = 1.6442936681177688e-10,  Error =4.075573983186587e-06
Completed 28 % :  mod = 4.0190477982472324e-10,  Error =4.175661345584558e-06
Completed 30 % :  mod = 1.735394080026731e-10,  Error =4.273065577820034e-06
Completed 31 % :  mod = 9.24880698106888e-11,  Error =4.414663287377607e-06
Completed 32 % :  mod = 1.558989326547386e-10,  Error =4.566571725206359e-06
Completed 33 % :  mod = 2.486411863195275e-10,  Error =4.6993581150900354e-06
Completed 34 % :  mod = 2.8950709915934035e-10,  Error =4.782830096417001e-06
Completed 35 % :  mod = 1.5766797021575785e-10,  Error =4.904976790953697e-06
Completed 36 % :  mod = 5.933417918217899e-11,  Error =5.059287758513165e-06
Completed 37 % :  mod = 7.552563449490236e-11,  Error =5.218239280679882e-06
Completed 38 % :  mod = 2.2597521443721099e-10,  Error =5.363016995829639e-06
Completed 39 % :  mod = 3.493110757667495e-10,  Error =5.463481279832649e-06
Completed 40 % :  mod = 1.5733674177945487e-10,  Error =5.564072679931087e-06
Completed 41 % :  mod = 1.1517438343939465e-10,  Error =5.709148716448453e-06
Completed 42 % :  mod = 1.6180763385139343e-10,  Error =5.8583137132472984e-06
Completed 43 % :  mod = 2.615060033018513e-10,  Error =5.980133359173578e-06
Completed 44 % :  mod = 2.6104756290143105e-10,  Error =6.064776464143051e-06
Completed 45 % :  mod = 1.9145509109553344e-10,  Error =6.1913280475778265e-06
Completed 46 % :  mod = 1.3724894015097013e-10,  Error =6.333829588811568e-06
Completed 47 % :  mod = 2.3589716272091917e-10,  Error =6.454785562937104e-06
Completed 48 % :  mod = 3.5720461741999965e-10,  Error =6.548049526600153e-06
Completed 49 % :  mod = 1.4415760827623537e-10,  Error =6.666579039915632e-06
Completed 50 % :  mod = 1.3929551559386326e-10,  Error =6.8012285439067455e-06
Completed 51 % :  mod = 3.5614903593570567e-10,  Error =6.911271341891734e-06
Completed 52 % :  mod = 2.5834772920996803e-10,  Error =7.008745001257921e-06
Completed 53 % :  mod = 1.3136575017731942e-10,  Error =7.1350933410485595e-06
Completed 54 % :  mod = 1.6499344087769859e-10,  Error =7.27583191917347e-06
Completed 55 % :  mod = 3.474294432228736e-10,  Error =7.3913675251446875e-06
Completed 56 % :  mod = 2.275920237027054e-10,  Error =7.47937277623123e-06
Completed 56 % :  mod = 1.1282335955124677e-10,  Error =7.608269825709613e-06
Completed 57 % :  mod = 1.6545346151217538e-10,  Error =7.757353237991538e-06
Completed 59 % :  mod = 2.2211736726317919e-10,  Error =7.892700679690279e-06
Completed 60 % :  mod = 3.063404904453465e-10,  Error =7.979427842030873e-06
Completed 61 % :  mod = 1.899262952160293e-10,  Error =8.093966428646127e-06
Completed 62 % :  mod = 7.877111370035081e-11,  Error =8.244114404476477e-06
Completed 63 % :  mod = 9.923164273602493e-11,  Error =8.398637206141757e-06
Completed 64 % :  mod = 3.000303637854838e-10,  Error =8.530174902432464e-06
Completed 65 % :  mod = 3.0467523149687676e-10,  Error =8.620006639148414e-06
Completed 66 % :  mod = 1.4152302880270404e-10,  Error =8.740102551030304e-06
Completed 67 % :  mod = 8.712261948583766e-11,  Error =8.891904400343265e-06
Completed 68 % :  mod = 1.5373605194817238e-10,  Error =9.041679895460675e-06
Completed 69 % :  mod = 3.150314817925559e-10,  Error =9.158263445385728e-06
Completed 70 % :  mod = 2.1483795443375397e-10,  Error =9.243982226792014e-06
Completed 71 % :  mod = 1.813573254685989e-10,  Error =9.37694716895976e-06
Completed 72 % :  mod = 1.375404434208708e-10,  Error =9.523459020499558e-06
Completed 73 % :  mod = 2.17530414688285e-10,  Error =9.649048045901054e-06
Completed 74 % :  mod = 3.6816368532159963e-10,  Error =9.738323484498324e-06
Completed 75 % :  mod = 1.3861479510043385e-10,  Error =9.855428864113946e-06
Completed 76 % :  mod = 1.3374736099478923e-10,  Error =9.993681167941304e-06
Completed 77 % :  mod = 3.113807689240888e-10,  Error =1.0113843480041851e-05
Completed 78 % :  mod = 3.0551694435916946e-10,  Error =1.0209221436241478e-05
Completed 79 % :  mod = 1.529153443825574e-10,  Error =1.032626040142759e-05
Completed 80 % :  mod = 1.4020138765363403e-10,  Error =1.0463666576754349e-05
Completed 81 % :  mod = 3.5624680578694833e-10,  Error =1.0580546316418804e-05
Completed 82 % :  mod = 2.3228918512962977e-10,  Error =1.0670357831088495e-05
Completed 83 % :  mod = 1.228603531145251e-10,  Error =1.079423772409882e-05
Completed 84 % :  mod = 2.0144105470589337e-10,  Error =1.0939052330627419e-05
Completed 85 % :  mod = 2.370765577767258e-10,  Error =1.1067171747924931e-05
Completed 86 % :  mod = 3.0216726764023677e-10,  Error =1.1151729559344403e-05
Completed 87 % :  mod = 1.573453290988206e-10,  Error =1.1270556917963859e-05
Completed 88 % :  mod = 9.43373481550732e-11,  Error =1.1418592357870239e-05
Completed 89 % :  mod = 1.8669956500318838e-10,  Error =1.1562500802142495e-05
Completed 90 % :  mod = 3.377621438121542e-10,  Error =1.1664227436369856e-05
Completed 91 % :  mod = 2.328576361990505e-10,  Error =1.17609994916279e-05
Completed 92 % :  mod = 1.0576662005061278e-10,  Error =1.1902491344528698e-05
Completed 93 % :  mod = 9.657711887210396e-11,  Error =1.2056162823625982e-05
Completed 94 % :  mod = 2.461438825642095e-10,  Error =1.219511209171742e-05
Completed 95 % :  mod = 3.2301744462511635e-10,  Error =1.2287066518013035e-05
Completed 96 % :  mod = 1.5988507021185627e-10,  Error =1.2396060427022348e-05
Completed 97 % :  mod = 1.321855372113317e-10,  Error =1.2544298634509232e-05
Completed 98 % :  mod = 1.1918595905144994e-10,  Error =1.2695503642135009e-05
Completed 99 % :  mod = 2.7942195366580707e-10,  Error =1.281925966623021e-05
Completed 100 % :  mod = 2.837662543559087e-10,  Error =1.2903568922695285e-05
Finished 158/201 frames
Finished all frames!
