/opt/local/miniconda_23_9/lib/python3.11/site-packages/conda/base/context.py:201: FutureWarning: Adding 'defaults' to channel list implicitly is deprecated and will be removed in 25.3. 

To remove this warning, please choose a default channel explicitly with conda's regular configuration system, e.g. by adding 'defaults' to the list of channels:

  conda config --add channels defaults

For more information see https://docs.conda.io/projects/conda/en/stable/user-guide/configuration/use-condarc.html

  deprecated.topic(
JOB 14052 ARRAY_ID 181  -> i=181 ; range=[1.9e-10, 5.0e-10] ; intervals=200 (frames=201)
Analytic t0 extension enabled (--extend-time-using-t0).
Density options: centers='2.0e-10,4.0e-10' width='2.0e-11,5.0e-11' strength='7.0'
Completed 0 % :  mod = 3.6569756893018397e-16,  Error =-1.4210854715202004e-14
Completed 1 % :  mod = 6.27058860188502e-16,  Error =2.1433690733374533e-07
Completed 2 % :  mod = 1.7847286218833364e-15,  Error =4.2867419836056797e-07
Completed 3 % :  mod = 5.493462568172314e-15,  Error =6.430124344092292e-07
Completed 4 % :  mod = 1.7054469143997847e-14,  Error =8.57350087812847e-07
Completed 5 % :  mod = 5.299287714044515e-14,  Error =1.0716880893824055e-06
Completed 6 % :  mod = 1.6467850485066345e-13,  Error =1.286025735680596e-06
Completed 7 % :  mod = 5.117530586389409e-13,  Error =1.5003631972376752e-06
Completed 8 % :  mod = 1.5903181357702015e-12,  Error =1.71470050958078e-06
Completed 9 % :  mod = 4.94201165847298e-12,  Error =1.92902533058259e-06
Completed 10 % :  mod = 1.535628617047766e-11,  Error =2.1432397403486902e-06
Completed 11 % :  mod = 4.767608411890057e-11,  Error =2.3563979780760747e-06
Completed 12 % :  mod = 1.4658702100573848e-10,  Error =2.560040350374493e-06
Completed 13 % :  mod = 3.776592821791673e-10,  Error =2.7097663561903573e-06
Completed 14 % :  mod = 2.1596173290249664e-10,  Error =2.8252941817186183e-06
Completed 15 % :  mod = 1.0323474610234577e-10,  Error =3.013969248399917e-06
Completed 16 % :  mod = 6.844013008707977e-11,  Error =3.221234223360625e-06
Completed 17 % :  mod = 1.255647412267029e-10,  Error =3.4231517958005497e-06
Completed 18 % :  mod = 3.9447473833503143e-10,  Error =3.5747971267596768e-06
Completed 19 % :  mod = 2.3988768998154605e-10,  Error =3.6901430178204464e-06
Completed 20 % :  mod = 7.902759165396532e-11,  Error =3.877527738893605e-06
Completed 21 % :  mod = 2.7407981967260912e-11,  Error =4.088559791171065e-06
Completed 22 % :  mod = 9.891477959379788e-12,  Error =4.30253505356859e-06
Completed 23 % :  mod = 4.089429794709155e-12,  Error =4.516820354183437e-06
Completed 24 % :  mod = 5.562181110221781e-12,  Error =4.731123823376038e-06
Completed 25 % :  mod = 1.9039115701198995e-11,  Error =4.945285652979692e-06
Completed 26 % :  mod = 5.5720628646472064e-11,  Error =5.158072106326017e-06
Completed 27 % :  mod = 1.65485672496101e-10,  Error =5.3586940680361295e-06
Completed 28 % :  mod = 4.008847855982107e-10,  Error =5.498495831091077e-06
Completed 28 % :  mod = 1.8045692142875614e-10,  Error =5.621363023067261e-06
Completed 30 % :  mod = 9.422115450373008e-11,  Error =5.814658386782412e-06
Completed 31 % :  mod = 7.769506737951727e-11,  Error =6.022325742094381e-06
Completed 32 % :  mod = 1.3706059050179328e-10,  Error =6.222135269240425e-06
Completed 33 % :  mod = 4.067158297369194e-10,  Error =6.363882683046995e-06
Completed 34 % :  mod = 2.142673067931029e-10,  Error =6.4862363942097545e-06
Completed 35 % :  mod = 6.949747222582238e-11,  Error =6.678891139699772e-06
Completed 36 % :  mod = 2.4456335195083668e-11,  Error =6.890637365586372e-06
Completed 37 % :  mod = 1.0123661169982798e-11,  Error =7.10467075748511e-06
Completed 38 % :  mod = 6.555095849398264e-12,  Error =7.3189309759413845e-06
Completed 39 % :  mod = 1.5678557286524254e-11,  Error =7.533091739730935e-06
Completed 40 % :  mod = 5.268140821552238e-11,  Error =7.746053711343848e-06
Completed 41 % :  mod = 1.567939865824448e-10,  Error =7.948368370591652e-06
Completed 42 % :  mod = 3.8517070809205837e-10,  Error =8.093327764413516e-06
Completed 43 % :  mod = 2.0102523192406328e-10,  Error =8.212565447252018e-06
Completed 44 % :  mod = 9.783881651496303e-11,  Error =8.403637146159326e-06
Completed 45 % :  mod = 7.152558421571588e-11,  Error =8.611081554477096e-06
Completed 46 % :  mod = 1.3391608524738565e-10,  Error =8.811680366704877e-06
Completed 47 % :  mod = 4.0592783271837886e-10,  Error =8.957577335877431e-06
Completed 48 % :  mod = 2.22560706050324e-10,  Error =9.076144110053974e-06
Completed 49 % :  mod = 7.456424709477016e-11,  Error =9.266601203705704e-06
Completed 50 % :  mod = 2.443716442523754e-11,  Error =9.478048134781147e-06
Completed 51 % :  mod = 9.334953210644507e-12,  Error =9.692061659904994e-06
Completed 52 % :  mod = 5.902410549835363e-12,  Error =9.90634222830522e-06
Completed 53 % :  mod = 1.0180210065661354e-11,  Error =1.012060469207654e-05
Completed 54 % :  mod = 3.0322050065425733e-11,  Error =1.033443027154135e-05
Completed 55 % :  mod = 9.609692427995102e-11,  Error =1.0544112683419371e-05
Completed 56 % :  mod = 2.798570335730046e-10,  Error =1.0722905912530223e-05
Completed 56 % :  mod = 3.5356832027564637e-10,  Error =1.0831944699418727e-05
Completed 57 % :  mod = 1.1693134553360255e-10,  Error =1.0996846100397306e-05
Completed 59 % :  mod = 5.6008735974300626e-11,  Error =1.1201536722182937e-05
Completed 60 % :  mod = 9.685139521509988e-11,  Error =1.1409466409872948e-05
Completed 61 % :  mod = 2.4024268474509794e-10,  Error =1.1597060051826702e-05
Completed 62 % :  mod = 3.6669248269683047e-10,  Error =1.1713700850179976e-05
Completed 63 % :  mod = 1.3548042948624048e-10,  Error =1.1865234064600827e-05
Completed 64 % :  mod = 5.3873538157807557e-11,  Error =1.206924465435577e-05
Completed 65 % :  mod = 3.205436373862816e-11,  Error =1.2281608945841072e-05
Completed 66 % :  mod = 5.6880638468806455e-11,  Error =1.249356720478545e-05
Completed 67 % :  mod = 1.7987580352786928e-10,  Error =1.2692825706039912e-05
Completed 68 % :  mod = 3.971057472953115e-10,  Error =1.2833523072686148e-05
Completed 69 % :  mod = 1.7556567590968186e-10,  Error =1.295454628547077e-05
Completed 70 % :  mod = 1.1469006095480507e-10,  Error =1.3144748734816858e-05
Completed 71 % :  mod = 1.2970765384509876e-10,  Error =1.3346277931702843e-05
Completed 72 % :  mod = 2.2607416060709303e-10,  Error =1.352332923687527e-05
Completed 73 % :  mod = 3.7069871434932e-10,  Error =1.3631112040002336e-05
Completed 74 % :  mod = 1.6788052818104465e-10,  Error =1.3786788272796002e-05
Completed 75 % :  mod = 1.0000899391595925e-10,  Error =1.3980092482768214e-05
Completed 76 % :  mod = 2.1725581763847992e-10,  Error =1.4163252899379586e-05
Completed 77 % :  mod = 4.314557081568282e-10,  Error =1.429175920719672e-05
Completed 78 % :  mod = 1.6585836165666422e-10,  Error =1.442152467490132e-05
Completed 79 % :  mod = 1.225118231830835e-10,  Error =1.4601921556334219e-05
Completed 80 % :  mod = 3.202426923188713e-10,  Error =1.4772367606497028e-05
Completed 81 % :  mod = 3.310607367157479e-10,  Error =1.4899719481320517e-05
Completed 82 % :  mod = 1.4297500459663224e-10,  Error =1.5042655412855765e-05
Completed 83 % :  mod = 2.1549005687201828e-10,  Error =1.5221655921493493e-05
Completed 84 % :  mod = 3.543635746533338e-10,  Error =1.5372518475942343e-05
Completed 85 % :  mod = 2.6112780968383655e-10,  Error =1.5485540068027603e-05
Completed 86 % :  mod = 1.2047786440797824e-10,  Error =1.5653623933076233e-05
Completed 87 % :  mod = 1.7435379048790282e-10,  Error =1.5843838575335667e-05
Completed 88 % :  mod = 3.185800612077908e-10,  Error =1.6004085530596512e-05
Completed 89 % :  mod = 2.4981220584797137e-10,  Error =1.6109168534228502e-05
Completed 90 % :  mod = 2.1495702950197208e-10,  Error =1.627495434775028e-05
Completed 91 % :  mod = 1.3528415231505897e-10,  Error =1.646486955309001e-05
Completed 92 % :  mod = 2.451009805534434e-10,  Error =1.662849241057529e-05
Completed 93 % :  mod = 3.5686893367759384e-10,  Error =1.6739022512979318e-05
Completed 94 % :  mod = 1.629516184672326e-10,  Error =1.6895728506938212e-05
Completed 95 % :  mod = 1.8239308898331928e-10,  Error =1.707368274850296e-05
Completed 96 % :  mod = 3.1449076334744876e-10,  Error =1.7214903209605836e-05
Completed 97 % :  mod = 3.243883042768615e-10,  Error =1.7339727158116602e-05
Completed 98 % :  mod = 1.4518806279127035e-10,  Error =1.7509697109119315e-05
Completed 99 % :  mod = 1.737443438813719e-10,  Error =1.768722216866081e-05
Completed 100 % :  mod = 4.4786076391394384e-10,  Error =1.78138040141107e-05
Finished 182/201 frames
Finished all frames!
