/opt/local/miniconda_23_9/lib/python3.11/site-packages/conda/base/context.py:201: FutureWarning: Adding 'defaults' to channel list implicitly is deprecated and will be removed in 25.3. 

To remove this warning, please choose a default channel explicitly with conda's regular configuration system, e.g. by adding 'defaults' to the list of channels:

  conda config --add channels defaults

For more information see https://docs.conda.io/projects/conda/en/stable/user-guide/configuration/use-condarc.html

  deprecated.topic(
JOB 13574 ARRAY_ID 17  -> i=17 ; range=[2.0e-10, 2.09e-10] ; intervals=40 (frames=41)
Completed 0 % :  mod = 1.6298536580210505e-16,  Error =-1.4210854715202004e-14
Completed 1 % :  mod = 1.645082798077691e-16,  Error =8.456716216187488e-09
Completed 2 % :  mod = 1.6910548510963917e-16,  Error =1.691383744173436e-08
Completed 3 % :  mod = 1.7686289098007502e-16,  Error =2.5369942591169092e-08
Completed 4 % :  mod = 1.8792546619810055e-16,  Error =3.382615432201419e-08
Completed 5 % :  mod = 2.0249994480888626e-16,  Error =4.228312633358655e-08
Completed 6 % :  mod = 2.2085869582975116e-16,  Error =5.07387767356704e-08
Completed 7 % :  mod = 2.4334479578017284e-16,  Error =5.919563506040504e-08
Completed 8 % :  mod = 2.7037846342317014e-16,  Error =6.765245785800289e-08
Completed 9 % :  mod = 3.0246489709481194e-16,  Error =7.610913144162623e-08
Completed 10 % :  mod = 3.402037200728367e-16,  Error =8.456564160042035e-08
Completed 11 % :  mod = 3.843001846863508e-16,  Error =9.302294046165116e-08
Completed 12 % :  mod = 4.3557835638572033e-16,  Error =1.014800332654886e-07
Completed 13 % :  mod = 4.949965113477825e-16,  Error =1.099373676538562e-07
Completed 14 % :  mod = 5.636650371812888e-16,  Error =1.1839390623435975e-07
Completed 15 % :  mod = 6.42867195315377e-16,  Error =1.268503950768718e-07
Completed 16 % :  mod = 7.340830981737938e-16,  Error =1.3530654285887067e-07
Completed 17 % :  mod = 8.390173683885193e-16,  Error =1.4376344381616946e-07
Completed 18 % :  mod = 9.596309838057837e-16,  Error =1.5222067872855405e-07
Completed 19 % :  mod = 1.0981779472815013e-15,  Error =1.6067816943632351e-07
Completed 20 % :  mod = 1.257247390794835e-15,  Error =1.691349211796478e-07
Completed 21 % :  mod = 1.4398119636528745e-15,  Error =1.7759202819433995e-07
Completed 22 % :  mod = 1.6492833898179838e-15,  Error =1.8604850993142463e-07
Completed 23 % :  mod = 1.889576221664442e-15,  Error =1.9450479982197066e-07
Completed 24 % :  mod = 2.1651809912306262e-15,  Error =2.0296133129704685e-07
Completed 25 % :  mod = 2.4812481345680917e-15,  Error =2.1141872963426067e-07
Completed 26 % :  mod = 2.843684235860206e-15,  Error =2.1987545295587552e-07
Completed 27 % :  mod = 3.259262406764978e-15,  Error =2.2833160784330175e-07
Completed 28 % :  mod = 3.73574888170322e-15,  Error =2.3678864380372033e-07
Completed 28 % :  mod = 4.282048115419254e-15,  Error =2.4524438657635983e-07
Completed 30 % :  mod = 4.9083692097039025e-15,  Error =2.5370088252429923e-07
Completed 31 % :  mod = 5.626416717026738e-15,  Error =2.621583092832225e-07
Completed 32 % :  mod = 6.4496093201032726e-15,  Error =2.70614151531845e-07
Completed 33 % :  mod = 7.39333063889865e-15,  Error =2.790712017031183e-07
Completed 34 % :  mod = 8.47521671657745e-15,  Error =2.8752943137533293e-07
Completed 35 % :  mod = 9.715485560039626e-15,  Error =2.959867018148543e-07
Completed 36 % :  mod = 1.1137315003417245e-14,  Error =3.0444243748206645e-07
Completed 37 % :  mod = 1.2767275844348444e-14,  Error =3.128991963308181e-07
Completed 38 % :  mod = 1.463582836198355e-14,  Error =3.213559764958518e-07
Completed 39 % :  mod = 1.677789158061469e-14,  Error =3.2981246533836384e-07
Completed 40 % :  mod = 1.9233495811109426e-14,  Error =3.382704747423304e-07
Completed 41 % :  mod = 2.2048530705855766e-14,  Error =3.467280151880914e-07
Completed 42 % :  mod = 2.5275602834229713e-14,  Error =3.551844400817572e-07
Completed 43 % :  mod = 2.8975018758422355e-14,  Error =3.6364114208709e-07
Completed 44 % :  mod = 3.3215911979498414e-14,  Error =3.720982348909274e-07
Completed 45 % :  mod = 3.807753486928087e-14,  Error =3.8055578244211574e-07
Completed 46 % :  mod = 4.3650739617606746e-14,  Error =3.890126194505683e-07
Completed 47 % :  mod = 5.0039675944537136e-14,  Error =3.9746798563555785e-07
Completed 48 % :  mod = 5.736373730274146e-14,  Error =4.0592404815242844e-07
Completed 49 % :  mod = 6.575979176903046e-14,  Error =4.1438050857323105e-07
Completed 50 % :  mod = 7.53847394400519e-14,  Error =4.2283678425292237e-07
Completed 51 % :  mod = 8.64184440080994e-14,  Error =4.312930101946222e-07
Completed 52 % :  mod = 9.906709310294164e-14,  Error =4.397495203534163e-07
Completed 53 % :  mod = 1.1356705019772464e-13,  Error =4.4820614419904814e-07
Completed 54 % :  mod = 1.3018926979504098e-13,  Error =4.5666293857493656e-07
Completed 55 % :  mod = 1.4924435798231146e-13,  Error =4.651204008609966e-07
Completed 56 % :  mod = 1.710883725519817e-13,  Error =4.735774510322699e-07
Completed 56 % :  mod = 1.961294702681965e-13,  Error =4.820343662004234e-07
Completed 57 % :  mod = 2.2483552436034293e-13,  Error =4.904917929593466e-07
Completed 59 % :  mod = 2.5774285289497876e-13,  Error =4.989479052142087e-07
Completed 60 % :  mod = 2.954662185652045e-13,  Error =5.074051188103113e-07
Completed 61 % :  mod = 3.387102828955763e-13,  Error =5.158618705536355e-07
Completed 62 % :  mod = 3.882827231007816e-13,  Error =5.243188070380711e-07
Completed 63 % :  mod = 4.4510924782054214e-13,  Error =5.327758003659255e-07
Completed 64 % :  mod = 5.102507791789684e-13,  Error =5.412319765696338e-07
Completed 65 % :  mod = 5.849231023102909e-13,  Error =5.496879538213761e-07
Completed 66 % :  mod = 6.705193193810569e-13,  Error =5.581448476732476e-07
Completed 67 % :  mod = 7.686354824679377e-13,  Error =5.666019688987944e-07
Completed 68 % :  mod = 8.810998163081463e-13,  Error =5.750589977537857e-07
Completed 69 % :  mod = 1.0100059741745377e-12,  Error =5.835154084365968e-07
Completed 70 % :  mod = 1.1577507941289883e-12,  Error =5.919716699054334e-07
Completed 71 % :  mod = 1.327077029034682e-12,  Error =6.004289829775189e-07
Completed 72 % :  mod = 1.5211214996112279e-12,  Error =6.088861326247752e-07
Completed 73 % :  mod = 1.7434690459505465e-12,  Error =6.173427777866891e-07
Completed 74 % :  mod = 1.998212498346251e-12,  Error =6.257984566104824e-07
Completed 75 % :  mod = 2.2900186073574133e-12,  Error =6.342547465010284e-07
Completed 76 % :  mod = 2.6241993974478123e-12,  Error =6.427105887496509e-07
Completed 77 % :  mod = 3.006787635945823e-12,  Error =6.511662391517348e-07
Completed 78 % :  mod = 3.444613890294736e-12,  Error =6.596206034714669e-07
Completed 79 % :  mod = 3.945380765555055e-12,  Error =6.680737243414114e-07
Completed 80 % :  mod = 4.517727062524347e-12,  Error =6.765259783492183e-07
Completed 81 % :  mod = 5.171270348846637e-12,  Error =6.849758520388605e-07
Completed 82 % :  mod = 5.9166102190903255e-12,  Error =6.934248020229461e-07
Completed 83 % :  mod = 6.7652656125424106e-12,  Error =7.018715209028414e-07
Completed 84 % :  mod = 7.7295071304016e-12,  Error =7.1031371362551e-07
Completed 85 % :  mod = 8.82202857842226e-12,  Error =7.187521475771064e-07
Completed 86 % :  mod = 1.0055380658084278e-11,  Error =7.271854229884411e-07
Completed 87 % :  mod = 1.1441064872673848e-11,  Error =7.356122395663078e-07
Completed 88 % :  mod = 1.2988161277699825e-11,  Error =7.440297622451908e-07
Completed 89 % :  mod = 1.470134925545874e-11,  Error =7.524369536326958e-07
Completed 90 % :  mod = 1.6578194935846025e-11,  Error =7.60829863111212e-07
Completed 91 % :  mod = 1.860565425817045e-11,  Error =7.692064158959511e-07
Completed 92 % :  mod = 2.0755922481588533e-11,  Error =7.775628247941313e-07
Completed 93 % :  mod = 2.2982097117436095e-11,  Error =7.858954162998089e-07
Completed 94 % :  mod = 2.5214627155793237e-11,  Error =7.942008295458436e-07
Completed 95 % :  mod = 2.7360111798600917e-11,  Error =8.024780555615507e-07
Completed 96 % :  mod = 2.930441705192285e-11,  Error =8.107263056444936e-07
Completed 97 % :  mod = 3.0921826161622964e-11,  Error =8.189481661702303e-07
Completed 98 % :  mod = 3.209054685422826e-11,  Error =8.271474882803886e-07
Completed 99 % :  mod = 3.2712349014523186e-11,  Error =8.353316474085659e-07
Completed 100 % :  mod = 3.273135367060737e-11,  Error =8.435105343096438e-07
Finished 18/41 frames
Finished all frames!
