/opt/local/miniconda_23_9/lib/python3.11/site-packages/conda/base/context.py:201: FutureWarning: Adding 'defaults' to channel list implicitly is deprecated and will be removed in 25.3. 

To remove this warning, please choose a default channel explicitly with conda's regular configuration system, e.g. by adding 'defaults' to the list of channels:

  conda config --add channels defaults

For more information see https://docs.conda.io/projects/conda/en/stable/user-guide/configuration/use-condarc.html

  deprecated.topic(
JOB 14020 ARRAY_ID 149  -> i=149 ; range=[1.9e-10, 5.0e-10] ; intervals=200 (frames=201)
Analytic t0 extension enabled (--extend-time-using-t0).
Density options: centers='2.0e-10,4.0e-10' width='2.0e-11,5.0e-11' strength='7.0'
Completed 0 % :  mod = 3.362839008845009e-16,  Error =-1.4210854715202004e-14
Completed 1 % :  mod = 5.391848884969519e-16,  Error =1.532618725264001e-07
Completed 2 % :  mod = 1.3927334180121315e-15,  Error =3.065236171551078e-07
Completed 3 % :  mod = 3.9269273020931286e-15,  Error =4.5978564600090976e-07
Completed 4 % :  mod = 1.1199840124447083e-14,  Error =6.13048236175473e-07
Completed 5 % :  mod = 3.198787317825439e-14,  Error =7.663107126631985e-07
Completed 6 % :  mod = 9.137645260863799e-14,  Error =9.195731038857957e-07
Completed 7 % :  mod = 2.610312130743215e-13,  Error =1.0728356016898033e-06
Completed 8 % :  mod = 7.456783738005635e-13,  Error =1.2260961810284243e-06
Completed 9 % :  mod = 2.1301459764274628e-12,  Error =1.3793550337481975e-06
Completed 10 % :  mod = 6.084929456159543e-12,  Error =1.5325999100923582e-06
Completed 11 % :  mod = 1.7378267402019714e-11,  Error =1.6857211662113514e-06
Completed 12 % :  mod = 4.954164774666367e-11,  Error =1.8378446569045082e-06
Completed 13 % :  mod = 1.389691545486656e-10,  Error =1.9824294881232163e-06
Completed 14 % :  mod = 3.24786507031824e-10,  Error =2.0902439530345873e-06
Completed 15 % :  mod = 2.2491112704645367e-10,  Error =2.1720094878219243e-06
Completed 16 % :  mod = 9.760766943565892e-11,  Error =2.302937062381716e-06
Completed 17 % :  mod = 4.4882085019067895e-11,  Error =2.451475850762108e-06
Completed 18 % :  mod = 5.88966995094437e-11,  Error =2.6018859884402445e-06
Completed 19 % :  mod = 1.607695153519347e-10,  Error =2.744513302843643e-06
Completed 20 % :  mod = 3.081321962532204e-10,  Error =2.852118342389076e-06
Completed 21 % :  mod = 2.1610253681011906e-10,  Error =2.9331800561749333e-06
Completed 22 % :  mod = 1.2717515892473326e-10,  Error =3.061828238060116e-06
Completed 23 % :  mod = 8.963285407281049e-11,  Error =3.2054781655688203e-06
Completed 24 % :  mod = 1.4955315637182151e-10,  Error =3.3420588607668833e-06
Completed 25 % :  mod = 3.7952438089000914e-10,  Error =3.43863089824481e-06
Completed 26 % :  mod = 1.873266922137307e-10,  Error =3.5267415370299204e-06
Completed 27 % :  mod = 8.373039212303117e-11,  Error =3.659658943888644e-06
Completed 28 % :  mod = 7.866902279463588e-11,  Error =3.8072288077728444e-06
Completed 28 % :  mod = 1.1879226702704054e-10,  Error =3.952428130560293e-06
Completed 30 % :  mod = 2.488224077821786e-10,  Error =4.07140558422725e-06
Completed 31 % :  mod = 3.214605683026777e-10,  Error =4.152334490470366e-06
Completed 32 % :  mod = 1.25720533567407e-10,  Error =4.268209607971585e-06
Completed 33 % :  mod = 8.75136805419404e-11,  Error =4.407621261748318e-06
Completed 34 % :  mod = 2.0689715555623452e-10,  Error =4.540806216368765e-06
Completed 35 % :  mod = 3.3951674224642333e-10,  Error =4.640597147442804e-06
Completed 36 % :  mod = 1.7694597367545104e-10,  Error =4.725399328719959e-06
Completed 37 % :  mod = 1.4098348295431697e-10,  Error =4.851991377563536e-06
Completed 38 % :  mod = 1.7674251994089671e-10,  Error =4.986268557161111e-06
Completed 39 % :  mod = 2.451091293440671e-10,  Error =5.097868047698739e-06
Completed 40 % :  mod = 2.5386090875371707e-10,  Error =5.177460863592387e-06
Completed 41 % :  mod = 2.0421762999965748e-10,  Error =5.292410470758568e-06
Completed 42 % :  mod = 1.4587027752271126e-10,  Error =5.421360789625851e-06
Completed 43 % :  mod = 2.2672258896732164e-10,  Error =5.5309286892679665e-06
Completed 44 % :  mod = 3.4604132812184755e-10,  Error =5.618531453421838e-06
Completed 45 % :  mod = 1.4799912813055874e-10,  Error =5.728261527337963e-06
Completed 46 % :  mod = 1.4219445648562527e-10,  Error =5.8510208162942945e-06
Completed 47 % :  mod = 3.4412523878886626e-10,  Error =5.952073372839095e-06
Completed 48 % :  mod = 2.534071176432934e-10,  Error =6.04347881250078e-06
Completed 49 % :  mod = 1.3640385371007095e-10,  Error =6.158815168078036e-06
Completed 50 % :  mod = 1.716335498930668e-10,  Error =6.286210606276654e-06
Completed 51 % :  mod = 3.443609263465323e-10,  Error =6.391219301349338e-06
Completed 52 % :  mod = 2.1318268145488065e-10,  Error =6.4743509895492934e-06
Completed 53 % :  mod = 1.2092460421462569e-10,  Error =6.592044250908202e-06
Completed 54 % :  mod = 1.9776101861623296e-10,  Error =6.726002396817421e-06
Completed 55 % :  mod = 2.3366706572573305e-10,  Error =6.843584685611859e-06
Completed 56 % :  mod = 2.715244001614769e-10,  Error =6.921463594267152e-06
Completed 56 % :  mod = 1.9633662868766705e-10,  Error =7.032049566646492e-06
Completed 57 % :  mod = 1.0088224898487667e-10,  Error =7.167528487173058e-06
Completed 59 % :  mod = 1.684194815521067e-10,  Error =7.297645495896177e-06
Completed 60 % :  mod = 3.694119781351964e-10,  Error =7.389227064891202e-06
Completed 61 % :  mod = 1.9699697912267253e-10,  Error =7.48128027794337e-06
Completed 62 % :  mod = 1.1112275606254534e-10,  Error =7.6118461507235224e-06
Completed 63 % :  mod = 1.1784620465986903e-10,  Error =7.75225678495417e-06
Completed 64 % :  mod = 2.5670141481814677e-10,  Error =7.876177207322144e-06
Completed 65 % :  mod = 2.8405116160948354e-10,  Error =7.956819480625654e-06
Completed 66 % :  mod = 1.397647238515507e-10,  Error =8.067305742542885e-06
Completed 67 % :  mod = 9.817005085402024e-11,  Error =8.20946778645748e-06
Completed 68 % :  mod = 8.351149641395214e-11,  Error =8.356320002178563e-06
Completed 69 % :  mod = 1.8524038475278118e-10,  Error =8.489219233354106e-06
Completed 70 % :  mod = 3.8047337718073024e-10,  Error =8.579976608302786e-06
Completed 71 % :  mod = 1.4140716823948673e-10,  Error =8.674292971022624e-06
Completed 72 % :  mod = 1.1201901472867716e-10,  Error =8.809161421652334e-06
Completed 73 % :  mod = 1.6043241613506038e-10,  Error =8.949517138034935e-06
Completed 74 % :  mod = 2.2106001523793977e-10,  Error =9.07068468336547e-06
Completed 75 % :  mod = 3.044966000871568e-10,  Error =9.147755001492897e-06
Completed 76 % :  mod = 1.4994798014239344e-10,  Error =9.260268107880165e-06
Completed 77 % :  mod = 8.99293138129261e-11,  Error =9.399306897250881e-06
Completed 78 % :  mod = 1.457107917984589e-10,  Error =9.538611607240455e-06
Completed 79 % :  mod = 3.3211447143464413e-10,  Error =9.646154602194201e-06
Completed 80 % :  mod = 2.4819244807491e-10,  Error =9.728872278458311e-06
Completed 81 % :  mod = 8.791058163264697e-11,  Error =9.854738280523634e-06
Completed 82 % :  mod = 5.7988640701174395e-11,  Error =1.0001416015370523e-05
Completed 83 % :  mod = 1.1017253995954351e-10,  Error =1.0148669588261328e-05
Completed 84 % :  mod = 2.0236460960701577e-10,  Error =1.027936125552742e-05
Completed 85 % :  mod = 3.631129991919163e-10,  Error =1.036326408154764e-05
Completed 86 % :  mod = 1.484272173636543e-10,  Error =1.0465253552638387e-05
Completed 87 % :  mod = 7.404871039358899e-11,  Error =1.0604169965233723e-05
Completed 88 % :  mod = 1.1784719855878367e-10,  Error =1.07493139225312e-05
Completed 89 % :  mod = 2.2614215710601207e-10,  Error =1.0879700390376001e-05
Completed 90 % :  mod = 3.0706164004159885e-10,  Error =1.0963882651537915e-05
Completed 91 % :  mod = 1.7150142867903437e-10,  Error =1.1068107504286218e-05
Completed 92 % :  mod = 5.706682054662524e-11,  Error =1.1209694918079549e-05
Completed 93 % :  mod = 4.893354830513996e-11,  Error =1.1359024902901638e-05
Completed 94 % :  mod = 1.3130123993598738e-10,  Error =1.1504911725523925e-05
Completed 95 % :  mod = 2.789486987103781e-10,  Error =1.1624262668874508e-05
Completed 96 % :  mod = 2.9217926118498527e-10,  Error =1.1702822533266044e-05
Completed 97 % :  mod = 1.1445376624586756e-10,  Error =1.1822285657103748e-05
Completed 98 % :  mod = 5.1931432362142355e-11,  Error =1.1968458778710556e-05
Completed 99 % :  mod = 6.237352323116602e-11,  Error =1.2118582262132804e-05
Completed 100 % :  mod = 1.4569049593142385e-10,  Error =1.2263337190177026e-05
Finished 150/201 frames
Finished all frames!
