/opt/local/miniconda_23_9/lib/python3.11/site-packages/conda/base/context.py:201: FutureWarning: Adding 'defaults' to channel list implicitly is deprecated and will be removed in 25.3. 

To remove this warning, please choose a default channel explicitly with conda's regular configuration system, e.g. by adding 'defaults' to the list of channels:

  conda config --add channels defaults

For more information see https://docs.conda.io/projects/conda/en/stable/user-guide/configuration/use-condarc.html

  deprecated.topic(
JOB 13464 ARRAY_ID 110  -> i=110 ; range=[1.9e-10, 6.0e-10] ; intervals=200 (frames=201)
Density options: centers='2.0e-10,4.0e-10' width='5e-11,5e-11' strength=''
Completed 0 % :  mod = 3.0411029199227065e-16,  Error =-1.4210854715202004e-14
Completed 1 % :  mod = 4.516580343606656e-16,  Error =1.025022839939993e-07
Completed 2 % :  mod = 1.0374752213082956e-15,  Error =2.0500436193060523e-07
Completed 3 % :  mod = 2.630013535291628e-15,  Error =3.075068519819979e-07
Completed 4 % :  mod = 6.7746033579924155e-15,  Error =4.1000984651873296e-07
Completed 5 % :  mod = 1.749297563289804e-14,  Error =5.12512166039869e-07
Completed 6 % :  mod = 4.518577576448262e-14,  Error =6.150147271455353e-07
Completed 7 % :  mod = 1.1672489887074492e-13,  Error =7.17516641657312e-07
Completed 8 % :  mod = 3.0152878347755067e-13,  Error =8.200193235552433e-07
Completed 9 % :  mod = 7.789224950095979e-13,  Error =9.225219983477473e-07
Completed 10 % :  mod = 2.012137162388441e-12,  Error =1.0250226267771723e-06
Completed 11 % :  mod = 5.197639386601089e-12,  Error =1.1275140749944512e-06
Completed 12 % :  mod = 1.342319769138795e-11,  Error =1.2299432938789323e-06
Completed 13 % :  mod = 3.461343251131902e-11,  Error =1.3319569234226947e-06
Completed 14 % :  mod = 8.833260996754566e-11,  Error =1.43131109098249e-06
Completed 15 % :  mod = 2.0875227076199207e-10,  Error =1.5167699061180429e-06
Completed 16 % :  mod = 2.9001688948078907e-10,  Error =1.5731854432488035e-06
Completed 17 % :  mod = 1.3218581795216915e-10,  Error =1.6431066995892252e-06
Completed 18 % :  mod = 6.021318399086826e-11,  Error =1.7377024690290455e-06
Completed 19 % :  mod = 3.13207412935913e-11,  Error =1.8385798625786265e-06
Completed 20 % :  mod = 2.940451276663496e-11,  Error =1.9403487456770563e-06
Completed 21 % :  mod = 5.903947440023582e-11,  Error =2.0411736514347467e-06
Completed 22 % :  mod = 1.4890049700600543e-10,  Error =2.1354219654767803e-06
Completed 23 % :  mod = 2.6906753734714346e-10,  Error =2.2056165605022215e-06
Completed 24 % :  mod = 2.0917147882760506e-10,  Error =2.2616590271695713e-06
Completed 25 % :  mod = 1.0273824886788831e-10,  Error =2.346814227394134e-06
Completed 26 % :  mod = 5.075339341354532e-11,  Error =2.4446441528880314e-06
Completed 27 % :  mod = 6.234071196794175e-11,  Error =2.5443298241611956e-06
Completed 28 % :  mod = 1.4302113334779914e-10,  Error =2.6391391045876844e-06
Completed 28 % :  mod = 2.4319993389353857e-10,  Error =2.713878643589851e-06
Completed 30 % :  mod = 2.339405712494811e-10,  Error =2.767614219578718e-06
Completed 31 % :  mod = 1.2757935226973634e-10,  Error =2.8479083127308513e-06
Completed 32 % :  mod = 6.68149096057788e-11,  Error =2.943057701543239e-06
Completed 33 % :  mod = 9.064021445346547e-11,  Error =3.0398572263834467e-06
Completed 34 % :  mod = 2.1341713636206768e-10,  Error =3.126317366763942e-06
Completed 35 % :  mod = 2.624826736781765e-10,  Error =3.1877311883476978e-06
Completed 36 % :  mod = 1.5600122317904393e-10,  Error =3.252392843933194e-06
Completed 37 % :  mod = 1.049868792498597e-10,  Error =3.3425467051984015e-06
Completed 38 % :  mod = 8.399385455934367e-11,  Error =3.438841780223356e-06
Completed 39 % :  mod = 1.3457285047614e-10,  Error =3.529835602478215e-06
Completed 40 % :  mod = 3.1183744416714433e-10,  Error =3.5976956738181798e-06
Completed 41 % :  mod = 1.9282293218160158e-10,  Error =3.6553283493390154e-06
Completed 42 % :  mod = 9.536772819642601e-11,  Error =3.7392788385659514e-06
Completed 43 % :  mod = 7.284148507600903e-11,  Error =3.8366572567838375e-06
Completed 44 % :  mod = 7.69696173796296e-11,  Error =3.935208368943677e-06
Completed 45 % :  mod = 1.462780236594368e-10,  Error =4.026012476288088e-06
Completed 46 % :  mod = 3.168920206632107e-10,  Error =4.090966612579905e-06
Completed 47 % :  mod = 1.7521139443924306e-10,  Error =4.149984995649447e-06
Completed 48 % :  mod = 9.023934119383736e-11,  Error =4.237096000281326e-06
Completed 49 % :  mod = 5.927004769561911e-11,  Error =4.335647240338858e-06
Completed 50 % :  mod = 5.884713286645234e-11,  Error =4.435460120078005e-06
Completed 51 % :  mod = 1.2506159719777055e-10,  Error =4.5300700151074125e-06
Completed 52 % :  mod = 2.89930900634604e-10,  Error =4.602742144754757e-06
Completed 53 % :  mod = 2.137559195659218e-10,  Error =4.6578169943245484e-06
Completed 54 % :  mod = 1.0327366934649372e-10,  Error =4.740364396127461e-06
Completed 55 % :  mod = 4.3810808788162273e-11,  Error =4.8387108932956835e-06
Completed 56 % :  mod = 2.426879989170633e-11,  Error =4.940179458401417e-06
Completed 56 % :  mod = 4.028282231167796e-11,  Error =5.041781875547713e-06
Completed 57 % :  mod = 9.332158644952088e-11,  Error =5.1409874046726145e-06
Completed 59 % :  mod = 1.9018338136348546e-10,  Error =5.227639739757706e-06
Completed 60 % :  mod = 2.972679844867795e-10,  Error =5.284336332067596e-06
Completed 61 % :  mod = 1.4210962434721752e-10,  Error =5.352697982630161e-06
Completed 62 % :  mod = 5.995469030977313e-11,  Error =5.446380079376922e-06
Completed 63 % :  mod = 3.3839323600870886e-11,  Error =5.547200650823925e-06
Completed 64 % :  mod = 2.4076039165578272e-11,  Error =5.649106761040912e-06
Completed 65 % :  mod = 4.0623902055712477e-11,  Error =5.750594255005126e-06
Completed 66 % :  mod = 1.1384619719323008e-10,  Error =5.848276259712293e-06
Completed 67 % :  mod = 2.35025649996992e-10,  Error =5.928546457312223e-06
Completed 68 % :  mod = 2.61140516491512e-10,  Error =5.98198511170267e-06
Completed 69 % :  mod = 1.2360409436608219e-10,  Error =6.0584211425407375e-06
Completed 70 % :  mod = 4.585899375994713e-11,  Error =6.154872600916406e-06
Completed 71 % :  mod = 3.0299626967293756e-11,  Error =6.256046056307696e-06
Completed 72 % :  mod = 4.107026930359096e-11,  Error =6.357666940459694e-06
Completed 73 % :  mod = 7.255503231287867e-11,  Error =6.457525657310725e-06
Completed 74 % :  mod = 1.8443089251696914e-10,  Error =6.54653150888862e-06
Completed 75 % :  mod = 3.023915846335113e-10,  Error =6.60791493345414e-06
Completed 76 % :  mod = 1.480037075339807e-10,  Error =6.670921088414161e-06
Completed 77 % :  mod = 8.716947342716638e-11,  Error =6.761879340899668e-06
Completed 78 % :  mod = 5.68503730436226e-11,  Error =6.860873128289313e-06
Completed 79 % :  mod = 6.845642510006547e-11,  Error =6.9598788812186285e-06
Completed 80 % :  mod = 1.7749742564537527e-10,  Error =7.049829079619485e-06
Completed 81 % :  mod = 2.9852787665728257e-10,  Error =7.114658387763484e-06
Completed 82 % :  mod = 1.630541358094654e-10,  Error =7.173781249036892e-06
Completed 83 % :  mod = 1.076907033795262e-10,  Error =7.261406643976898e-06
Completed 84 % :  mod = 7.481756270427308e-11,  Error =7.358280299740727e-06
Completed 85 % :  mod = 1.0058153176125764e-10,  Error =7.4535827181421155e-06
Completed 86 % :  mod = 2.509328071780915e-10,  Error =7.531667840510181e-06
Completed 87 % :  mod = 2.694654733848739e-10,  Error =7.589400055962869e-06
Completed 88 % :  mod = 1.1628671458600238e-10,  Error =7.663297658666579e-06
Completed 89 % :  mod = 8.481474735152154e-11,  Error =7.756832431482508e-06
Completed 90 % :  mod = 1.1213423766600224e-10,  Error =7.85247058843197e-06
Completed 91 % :  mod = 1.7884432423099325e-10,  Error =7.937989799700063e-06
Completed 92 % :  mod = 2.8222576143952805e-10,  Error =7.995187097264989e-06
Completed 93 % :  mod = 1.780287821434634e-10,  Error =8.06242125861445e-06
Completed 94 % :  mod = 7.434671715179332e-11,  Error =8.15295496181534e-06
Completed 95 % :  mod = 5.866055496866751e-11,  Error =8.251258840630271e-06
Completed 96 % :  mod = 1.1999730464399448e-10,  Error =8.34773570801417e-06
Completed 97 % :  mod = 2.069962737450276e-10,  Error =8.42997877725793e-06
Completed 98 % :  mod = 2.7207905370614496e-10,  Error =8.484010884046711e-06
Completed 99 % :  mod = 1.5459116019974952e-10,  Error =8.556251223978961e-06
Completed 100 % :  mod = 6.191902028818694e-11,  Error =8.649518861147953e-06
Finished 111/201 frames
Finished all frames!
