/opt/local/miniconda_23_9/lib/python3.11/site-packages/conda/base/context.py:201: FutureWarning: Adding 'defaults' to channel list implicitly is deprecated and will be removed in 25.3. 

To remove this warning, please choose a default channel explicitly with conda's regular configuration system, e.g. by adding 'defaults' to the list of channels:

  conda config --add channels defaults

For more information see https://docs.conda.io/projects/conda/en/stable/user-guide/configuration/use-condarc.html

  deprecated.topic(
JOB 13884 ARRAY_ID 13  -> i=13 ; range=[1.9e-10, 5.0e-10] ; intervals=200 (frames=201)
Analytic t0 extension enabled (--extend-time-using-t0).
Density options: centers='2.0e-10,4.0e-10' width='2.0e-11,5.0e-11' strength='7.0'
Extending simulation time for p0=2.018e-10 from 10000000000.0 to 3.979e+10
Completed 0 % :  mod = 1.6141755791286319e-16,  Error =-1.4210854715202004e-14
Completed 1 % :  mod = 1.7287012123425332e-16,  Error =3.2370756741784135e-08
Completed 2 % :  mod = 2.088529351043936e-16,  Error =6.474166980297014e-08
Completed 3 % :  mod = 2.7447195750461636e-16,  Error =9.711222759278826e-08
Completed 4 % :  mod = 3.790385201393667e-16,  Error =1.2948289196401674e-07
Completed 5 % :  mod = 5.373906158233883e-16,  Error =1.6185364160037352e-07
Completed 6 % :  mod = 7.719983971886759e-16,  Error =1.9422392938395205e-07
Completed 7 % :  mod = 1.116152691025023e-15,  Error =2.2659529719248894e-07
Completed 8 % :  mod = 1.6186889918099322e-15,  Error =2.5896718369722294e-07
Completed 9 % :  mod = 2.350895110053954e-15,  Error =2.9133816070725516e-07
Completed 10 % :  mod = 3.416708304839746e-15,  Error =3.2370908797929587e-07
Completed 11 % :  mod = 4.967352303956311e-15,  Error =3.5607838100304434e-07
Completed 12 % :  mod = 7.222863434485567e-15,  Error =3.884493722239313e-07
Completed 13 % :  mod = 1.0503298630885115e-14,  Error =4.2081960316409095e-07
Completed 14 % :  mod = 1.5274151255935796e-14,  Error =4.5319168862079096e-07
Completed 15 % :  mod = 2.2212403995606622e-14,  Error =4.855616566601384e-07
Completed 16 % :  mod = 3.2302590699546376e-14,  Error =5.179334934268809e-07
Completed 17 % :  mod = 4.6976495463791873e-14,  Error =5.503038238430236e-07
Completed 18 % :  mod = 6.831566018170938e-14,  Error =5.826748505910473e-07
Completed 19 % :  mod = 9.934906656656877e-14,  Error =6.150456286491135e-07
Completed 20 % :  mod = 1.4447950738433495e-13,  Error =6.47416094068376e-07
Completed 21 % :  mod = 2.101097411189548e-13,  Error =6.79785756574347e-07
Completed 22 % :  mod = 3.0554884348456104e-13,  Error =7.121585383629281e-07
Completed 23 % :  mod = 4.4432775843339665e-13,  Error =7.445295864272339e-07
Completed 24 % :  mod = 6.461027131283077e-13,  Error =7.769001300061973e-07
Completed 25 % :  mod = 9.393933363968848e-13,  Error =8.092704035789211e-07
Completed 26 % :  mod = 1.3654726745242635e-12,  Error =8.416403147748497e-07
Completed 27 % :  mod = 1.983724236798629e-12,  Error =8.740061829826118e-07
Completed 28 % :  mod = 2.878668476958313e-12,  Error =9.063732235858879e-07
Completed 29 % :  mod = 4.167412593281467e-12,  Error =9.387334216626186e-07
Completed 30 % :  mod = 6.003074325991449e-12,  Error =9.710788972938644e-07
Completed 31 % :  mod = 8.558430901403845e-12,  Error =1.0033949635612771e-06
Completed 32 % :  mod = 1.1949208099413464e-11,  Error =1.035657923864619e-06
Completed 33 % :  mod = 1.60232684778531e-11,  Error =1.06783037523428e-06
Completed 34 % :  mod = 2.0002742248991835e-11,  Error =1.0998680650686765e-06
Completed 35 % :  mod = 2.237986847565742e-11,  Error =1.1317731249960161e-06
Completed 36 % :  mod = 2.1867657281350838e-11,  Error =1.1636371297640835e-06
Completed 37 % :  mod = 1.8768572427775064e-11,  Error =1.1955828682630454e-06
Completed 38 % :  mod = 1.461946441474422e-11,  Error =1.227669002901166e-06
Completed 39 % :  mod = 1.0725647776070156e-11,  Error =1.2598768535099225e-06
Completed 40 % :  mod = 7.616211138712953e-12,  Error =1.292162217225723e-06
Completed 41 % :  mod = 5.3192839709891355e-12,  Error =1.324490192189387e-06
Completed 42 % :  mod = 3.685032970670332e-12,  Error =1.3568410466291425e-06
Completed 43 % :  mod = 2.542932249618692e-12,  Error =1.3892017065586515e-06
Completed 44 % :  mod = 1.7515638253347311e-12,  Error =1.4215676955586787e-06
Completed 45 % :  mod = 1.2054065281928576e-12,  Error =1.4539377133360176e-06
Completed 46 % :  mod = 8.292166841582914e-13,  Error =1.4863093227290847e-06
Completed 47 % :  mod = 5.703412779886634e-13,  Error =1.5186790420784746e-06
Completed 48 % :  mod = 3.922830573448559e-13,  Error =1.5510508006855162e-06
Completed 49 % :  mod = 2.69852708984188e-13,  Error =1.5834210458365305e-06
Completed 50 % :  mod = 1.8570244183287797e-13,  Error =1.6157919233705798e-06
Completed 51 % :  mod = 1.278994746480092e-13,  Error =1.6481621543107394e-06
Completed 52 % :  mod = 8.824420473070816e-14,  Error =1.6805326552571387e-06
Completed 53 % :  mod = 6.111096061893846e-14,  Error =1.7129052309883264e-06
Completed 54 % :  mod = 4.2648427405732355e-14,  Error =1.7452773377613084e-06
Completed 55 % :  mod = 3.0237677103838115e-14,  Error =1.7776490892629226e-06
Completed 56 % :  mod = 2.2117649832175805e-14,  Error =1.8100186451874833e-06
Completed 57 % :  mod = 1.7136120674243487e-14,  Error =1.8423901906317042e-06
Completed 58 % :  mod = 1.4586212083867644e-14,  Error =1.8747597962942564e-06
Completed 59 % :  mod = 1.4106092152379603e-14,  Error =1.907128357458987e-06
Completed 60 % :  mod = 1.5627631976385394e-14,  Error =1.939499227887609e-06
Completed 61 % :  mod = 1.9366738376233354e-14,  Error =1.971870737804693e-06
Completed 62 % :  mod = 2.5853786154472898e-14,  Error =2.004239668451646e-06
Completed 63 % :  mod = 3.600961477706883e-14,  Error =2.036612031020013e-06
Completed 64 % :  mod = 5.1275198365777286e-14,  Error =2.06898264565325e-06
Completed 65 % :  mod = 7.381667766705636e-14,  Error =2.1013518960444344e-06
Completed 66 % :  mod = 1.0683253677289947e-13,  Error =2.1337230293738685e-06
Completed 67 % :  mod = 1.5500724164881785e-13,  Error =2.1660940987544564e-06
Completed 68 % :  mod = 2.2517526655235635e-13,  Error =2.198465146818762e-06
Completed 69 % :  mod = 3.2728875127383956e-13,  Error =2.23083758754683e-06
Completed 70 % :  mod = 4.758230779876807e-13,  Error =2.2632090690422046e-06
Completed 71 % :  mod = 6.918040226835742e-13,  Error =2.2955781346922777e-06
Completed 72 % :  mod = 1.0057526206281935e-12,  Error =2.3279466816461536e-06
Completed 73 % :  mod = 1.4617906566837215e-12,  Error =2.3603170333785783e-06
Completed 74 % :  mod = 2.123331723779241e-12,  Error =2.392682453944417e-06
Completed 75 % :  mod = 3.0802760811219985e-12,  Error =2.425043376774738e-06
Completed 76 % :  mod = 4.456329792693589e-12,  Error =2.457400441358004e-06
Completed 77 % :  mod = 6.410440128171974e-12,  Error =2.48974067318386e-06
Completed 78 % :  mod = 9.113509819055849e-12,  Error =2.522050621678318e-06
Completed 79 % :  mod = 1.265326208161645e-11,  Error =2.554301978818785e-06
Completed 80 % :  mod = 1.679216898763831e-11,  Error =2.586452424679919e-06
Completed 81 % :  mod = 2.0605904095447138e-11,  Error =2.618462978887237e-06
Completed 82 % :  mod = 2.251878920999679e-11,  Error =2.650354808508837e-06
Completed 83 % :  mod = 2.1457854343880654e-11,  Error =2.682224312877679e-06
Completed 84 % :  mod = 1.804203678478945e-11,  Error =2.714194330621922e-06
Completed 85 % :  mod = 1.386517550851268e-11,  Error =2.7463048297704518e-06
Completed 86 % :  mod = 1.0095032487671591e-11,  Error =2.778528973124139e-06
Completed 87 % :  mod = 7.140198661520439e-12,  Error =2.8108246041824714e-06
Completed 88 % :  mod = 4.977166098183493e-12,  Error =2.8431596987843477e-06
Completed 89 % :  mod = 3.444786170023356e-12,  Error =2.875512990385687e-06
Completed 90 % :  mod = 2.3760871735748742e-12,  Error =2.9078754337774626e-06
Completed 91 % :  mod = 1.6362933935204806e-12,  Error =2.9402419912116784e-06
Completed 92 % :  mod = 1.1259900468782888e-12,  Error =2.972610595008973e-06
Completed 93 % :  mod = 7.745851831338502e-13,  Error =3.004980769105714e-06
Completed 94 % :  mod = 5.328079452876014e-13,  Error =3.0373504813496766e-06
Completed 95 % :  mod = 3.665433072349345e-13,  Error =3.069719852533126e-06
Completed 96 % :  mod = 2.522611056532518e-13,  Error =3.1020899058376017e-06
Completed 97 % :  mod = 1.7376670121545557e-13,  Error =3.1344612310135744e-06
Completed 98 % :  mod = 1.199243446676822e-13,  Error =3.1668321014421963e-06
Completed 99 % :  mod = 8.309829806122733e-14,  Error =3.1992035971484256e-06
Completed 100 % :  mod = 5.806362283471291e-14,  Error =3.23157521364692e-06
Finished 14/201 frames
Finished all frames!
