/opt/local/miniconda_23_9/lib/python3.11/site-packages/conda/base/context.py:201: FutureWarning: Adding 'defaults' to channel list implicitly is deprecated and will be removed in 25.3. 

To remove this warning, please choose a default channel explicitly with conda's regular configuration system, e.g. by adding 'defaults' to the list of channels:

  conda config --add channels defaults

For more information see https://docs.conda.io/projects/conda/en/stable/user-guide/configuration/use-condarc.html

  deprecated.topic(
JOB 14008 ARRAY_ID 137  -> i=137 ; range=[1.9e-10, 5.0e-10] ; intervals=200 (frames=201)
Analytic t0 extension enabled (--extend-time-using-t0).
Density options: centers='2.0e-10,4.0e-10' width='2.0e-11,5.0e-11' strength='7.0'
Completed 0 % :  mod = 3.2747590584275854e-16,  Error =-1.4210854715202004e-14
Completed 1 % :  mod = 5.143458906132172e-16,  Error =1.3782355523517253e-07
Completed 2 % :  mod = 1.2882258542930654e-15,  Error =2.756481123356025e-07
Completed 3 % :  mod = 3.532325425981269e-15,  Error =4.134725131166306e-07
Completed 4 % :  mod = 9.80777878685694e-15,  Error =5.512975604915482e-07
Completed 5 % :  mod = 2.727660240188402e-14,  Error =6.891225297067649e-07
Completed 6 % :  mod = 7.587552330650049e-14,  Error =8.269484936818117e-07
Completed 7 % :  mod = 2.110692549254924e-13,  Error =9.647736689544217e-07
Completed 8 % :  mod = 5.871508063613207e-13,  Error =1.1025981265788687e-06
Completed 9 % :  mod = 1.6333285592706484e-12,  Error =1.2404220512962638e-06
Completed 10 % :  mod = 4.5434925254930484e-12,  Error =1.3782376342419411e-06
Completed 11 % :  mod = 1.2637081153624846e-11,  Error =1.5159910802253762e-06
Completed 12 % :  mod = 3.511092737675158e-11,  Error =1.6532624371734528e-06
Completed 13 % :  mod = 9.672193630789072e-11,  Error =1.7869510529067156e-06
Completed 14 % :  mod = 2.4580617638507343e-10,  Error =1.899606601796222e-06
Completed 15 % :  mod = 3.093612515434262e-10,  Error =1.9717281602993353e-06
Completed 16 % :  mod = 1.187746613528797e-10,  Error =2.073352632692149e-06
Completed 17 % :  mod = 5.27505195784155e-11,  Error =2.2036704407923935e-06
Completed 18 % :  mod = 4.526316831425861e-11,  Error =2.3394005381760508e-06
Completed 19 % :  mod = 7.655086896307994e-11,  Error =2.474020696752177e-06
Completed 20 % :  mod = 1.7557438613690602e-10,  Error =2.5962553067415683e-06
Completed 21 % :  mod = 3.562843271574444e-10,  Error =2.677832632969057e-06
Completed 22 % :  mod = 1.5769222993506292e-10,  Error =2.762307005355069e-06
Completed 23 % :  mod = 7.697561645618083e-11,  Error =2.886041933436445e-06
Completed 24 % :  mod = 6.037627422916714e-11,  Error =3.019993584985059e-06
Completed 25 % :  mod = 8.845782953823001e-11,  Error =3.1529155961607103e-06
Completed 26 % :  mod = 2.0986478187395817e-10,  Error =3.269131227057187e-06
Completed 27 % :  mod = 3.4987004647834923e-10,  Error =3.3463391204691106e-06
Completed 28 % :  mod = 1.3596471690367928e-10,  Error =3.4377122588580278e-06
Completed 28 % :  mod = 8.441586969842526e-11,  Error =3.5617127593923215e-06
Completed 30 % :  mod = 1.3210549256920596e-10,  Error =3.6901720505966296e-06
Completed 31 % :  mod = 2.187465850128737e-10,  Error =3.803440975502781e-06
Completed 32 % :  mod = 2.892441178159852e-10,  Error =3.875278231646462e-06
Completed 33 % :  mod = 1.6533198139764957e-10,  Error =3.972935402885014e-06
Completed 34 % :  mod = 6.138366595689343e-11,  Error =4.100188668587634e-06
Completed 35 % :  mod = 5.505742648621135e-11,  Error =4.234119629131783e-06
Completed 36 % :  mod = 1.436518529435404e-10,  Error =4.363462849710231e-06
Completed 37 % :  mod = 2.729595999129707e-10,  Error =4.467500865246166e-06
Completed 38 % :  mod = 2.490057389508347e-10,  Error =4.53666878996728e-06
Completed 39 % :  mod = 1.352440979831094e-10,  Error =4.645665384828135e-06
Completed 40 % :  mod = 6.174770611343642e-11,  Error =4.775387594690983e-06
Completed 41 % :  mod = 8.576571591644482e-11,  Error =4.906877379085017e-06
Completed 42 % :  mod = 2.479799756860934e-10,  Error =5.022441122548571e-06
Completed 43 % :  mod = 3.048654143518175e-10,  Error =5.101915171223936e-06
Completed 44 % :  mod = 1.3485428022747864e-10,  Error =5.194096196703413e-06
Completed 45 % :  mod = 1.0005465349911111e-10,  Error =5.319327087249803e-06
Completed 46 % :  mod = 1.1306988780367172e-10,  Error =5.448624655457479e-06
Completed 47 % :  mod = 1.906002333032264e-10,  Error =5.563009366937877e-06
Completed 48 % :  mod = 3.397559938103951e-10,  Error =5.636872408842919e-06
Completed 49 % :  mod = 1.6062134071532024e-10,  Error =5.7299330293858475e-06
Completed 50 % :  mod = 8.103734743094384e-11,  Error =5.853180091719423e-06
Completed 51 % :  mod = 1.1603633921494684e-10,  Error =5.981951268552166e-06
Completed 52 % :  mod = 2.4270631269708007e-10,  Error =6.095710517683983e-06
Completed 53 % :  mod = 2.8283292624660414e-10,  Error =6.17118267598471e-06
Completed 54 % :  mod = 1.425938747381198e-10,  Error =6.267672056026186e-06
Completed 55 % :  mod = 7.670436386651333e-11,  Error =6.395378001400331e-06
Completed 56 % :  mod = 6.782034617626362e-11,  Error =6.5289016433212055e-06
Completed 56 % :  mod = 1.3017963119774808e-10,  Error =6.656786055714292e-06
Completed 57 % :  mod = 3.282203661710187e-10,  Error =6.754487934301778e-06
Completed 59 % :  mod = 2.208495728563059e-10,  Error =6.8271740900627265e-06
Completed 60 % :  mod = 9.46242670374446e-11,  Error =6.941695779971724e-06
Completed 61 % :  mod = 4.7920552225749205e-11,  Error =7.075127165023787e-06
Completed 62 % :  mod = 3.715318270852384e-11,  Error =7.211547462304679e-06
Completed 63 % :  mod = 6.590154664646517e-11,  Error =7.346658840390319e-06
Completed 64 % :  mod = 1.880320052035935e-10,  Error =7.470348684535111e-06
Completed 65 % :  mod = 3.218453571654951e-10,  Error =7.554921488406308e-06
Completed 66 % :  mod = 1.6613948611276233e-10,  Error =7.638556773770233e-06
Completed 67 % :  mod = 9.282328627063664e-11,  Error =7.762230715968599e-06
Completed 68 % :  mod = 5.5895757100474406e-11,  Error =7.895796926504772e-06
Completed 69 % :  mod = 8.602650130450692e-11,  Error =8.027809222710403e-06
Completed 70 % :  mod = 2.6400920869748635e-10,  Error =8.140176461779447e-06
Completed 71 % :  mod = 3.0102336244506e-10,  Error =8.216108106751108e-06
Completed 72 % :  mod = 1.1997240253245728e-10,  Error =8.314593102909384e-06
Completed 73 % :  mod = 8.12787818632083e-11,  Error =8.443097740951089e-06
Completed 74 % :  mod = 8.35424872784565e-11,  Error =8.575675629174384e-06
Completed 75 % :  mod = 1.5135334410936782e-10,  Error =8.69932015490349e-06
Completed 76 % :  mod = 3.4029799753956816e-10,  Error =8.783802130096774e-06
Completed 77 % :  mod = 1.907642735090848e-10,  Error =8.866823186792772e-06
Completed 78 % :  mod = 7.690728892441531e-11,  Error =8.989054585128997e-06
Completed 79 % :  mod = 3.613665434813611e-11,  Error =9.124106810531885e-06
Completed 80 % :  mod = 3.158474391106682e-11,  Error =9.260740654326582e-06
Completed 81 % :  mod = 7.690841533163198e-11,  Error =9.395474037887652e-06
Completed 82 % :  mod = 2.0349862988841423e-10,  Error =9.516017016153455e-06
Completed 83 % :  mod = 3.4007826104883196e-10,  Error =9.596022806590554e-06
Completed 84 % :  mod = 1.5035568066823173e-10,  Error =9.683434640805899e-06
Completed 85 % :  mod = 7.632074409726793e-11,  Error =9.808265531319194e-06
Completed 86 % :  mod = 7.141042429508516e-11,  Error =9.941236726263014e-06
Completed 87 % :  mod = 1.2802607626622638e-10,  Error =1.0069800943313112e-05
Completed 88 % :  mod = 2.8811275872886405e-10,  Error =1.016863128455725e-05
Completed 89 % :  mod = 2.708606670500677e-10,  Error =1.0244495292965894e-05
Completed 90 % :  mod = 9.950852671607505e-11,  Error =1.0356143604894896e-05
Completed 91 % :  mod = 5.94472864154745e-11,  Error =1.0486762057837495e-05
Completed 92 % :  mod = 1.2506270205228092e-10,  Error =1.0616953780129279e-05
Completed 93 % :  mod = 2.4783962451435485e-10,  Error =1.0728254800085324e-05
Completed 94 % :  mod = 2.784691572778535e-10,  Error =1.0798824455093836e-05
Completed 95 % :  mod = 1.4967351007247393e-10,  Error =1.0900328639706913e-05
Completed 96 % :  mod = 4.8962292701748763e-11,  Error =1.1029842809762158e-05
Completed 97 % :  mod = 3.9785036324189326e-11,  Error =1.1165090896270158e-05
Completed 98 % :  mod = 1.045601428124937e-10,  Error =1.1298518288072046e-05
Completed 99 % :  mod = 2.132437430468927e-10,  Error =1.1416132167596516e-05
Completed 100 % :  mod = 3.1903721155316824e-10,  Error =1.1490770333466571e-05
Finished 138/201 frames
Finished all frames!
