/opt/local/miniconda_23_9/lib/python3.11/site-packages/conda/base/context.py:201: FutureWarning: Adding 'defaults' to channel list implicitly is deprecated and will be removed in 25.3. 

To remove this warning, please choose a default channel explicitly with conda's regular configuration system, e.g. by adding 'defaults' to the list of channels:

  conda config --add channels defaults

For more information see https://docs.conda.io/projects/conda/en/stable/user-guide/configuration/use-condarc.html

  deprecated.topic(
JOB 13877 ARRAY_ID 6  -> i=6 ; range=[1.9e-10, 5.0e-10] ; intervals=200 (frames=201)
Analytic t0 extension enabled (--extend-time-using-t0).
Density options: centers='2.0e-10,4.0e-10' width='2.0e-11,5.0e-11' strength='7.0'
Completed 0 % :  mod = 1.5645675146577138e-16,  Error =-1.4210854715202004e-14
Completed 1 % :  mod = 1.54727567825152e-16,  Error =7.181952810242365e-09
Completed 2 % :  mod = 1.4957823838615928e-16,  Error =1.4363067180056532e-08
Completed 3 % :  mod = 1.4112258687169452e-16,  Error =2.1544025230468833e-08
Completed 4 % :  mod = 1.295475206348259e-16,  Error =2.872508275686414e-08
Completed 5 % :  mod = 1.1510889604819559e-16,  Error =3.590645292206318e-08
Completed 6 % :  mod = 9.812586095052122e-17,  Error =4.3087553081022634e-08
Completed 7 % :  mod = 7.897383353755668e-17,  Error =5.0267829010408605e-08
Completed 8 % :  mod = 5.807614261632765e-17,  Error =5.744898601278692e-08
Completed 9 % :  mod = 3.589470936383241e-17,  Error =6.463032775627653e-08
Completed 10 % :  mod = 1.2919857340774586e-17,  Error =7.181159844549256e-08
Completed 11 % :  mod = 1.0340578271779287e-17,  Error =7.89933878309057e-08
Completed 12 % :  mod = 3.337244837144827e-17,  Error =8.617486457751511e-08
Completed 13 % :  mod = 5.56666404035049e-17,  Error =9.33561423721585e-08
Completed 14 % :  mod = 7.67303576406116e-17,  Error =1.0053786070329807e-07
Completed 15 % :  mod = 9.609800575856124e-17,  Error =1.0771833558465005e-07
Completed 16 % :  mod = 1.1334147401920698e-16,  Error =1.1489944995446422e-07
Completed 17 % :  mod = 1.2807961558746272e-16,  Error =1.2208017352577372e-07
Completed 18 % :  mod = 1.399866379861477e-16,  Error =1.2926147974212654e-07
Completed 19 % :  mod = 1.4879935183479076e-16,  Error =1.364429138561718e-07
Completed 20 % :  mod = 1.543229770888437e-16,  Error =1.436243763919265e-07
Completed 21 % :  mod = 1.5643538714830794e-16,  Error =1.5080572524084346e-07
Completed 22 % :  mod = 1.5508989867944679e-16,  Error =1.5798653407728125e-07
Completed 23 % :  mod = 1.503162723482302e-16,  Error =1.65167719501369e-07
Completed 24 % :  mod = 1.4221999586153883e-16,  Error =1.723487415006275e-07
Completed 25 % :  mod = 1.3098004158392108e-16,  Error =1.7952932296338986e-07
Completed 26 % :  mod = 1.1684487704549863e-16,  Error =1.8671048707119553e-07
Completed 27 % :  mod = 1.0012693456748736e-16,  Error =1.9389118932622296e-07
Completed 28 % :  mod = 8.119575533078653e-17,  Error =2.010722255363362e-07
Completed 28 % :  mod = 6.046980447551637e-17,  Error =2.0825284963166268e-07
Completed 30 % :  mod = 3.8407211331048433e-17,  Error =2.154349090233154e-07
Completed 31 % :  mod = 1.5495656099041357e-17,  Error =2.2261610155283051e-07
Completed 32 % :  mod = 7.758423612782023e-18,  Error =2.2979707381409753e-07
Completed 33 % :  mod = 3.08410166861067e-17,  Error =2.36978372925023e-07
Completed 34 % :  mod = 5.324187629479025e-17,  Error =2.4415905386376835e-07
Completed 35 % :  mod = 7.446587027043311e-17,  Error =2.513395642722571e-07
Completed 36 % :  mod = 9.404386126746946e-17,  Error =2.585197051985233e-07
Completed 37 % :  mod = 1.1154305753266602e-16,  Error =2.6570060640551674e-07
Completed 38 % :  mod = 1.2657667670112212e-16,  Error =2.728813228713989e-07
Completed 39 % :  mod = 1.3881241803859748e-16,  Error =2.8006280672343564e-07
Completed 40 % :  mod = 1.479797929161006e-16,  Error =2.87243686614147e-07
Completed 41 % :  mod = 1.53876180650852e-16,  Error =2.9442447413430273e-07
Completed 42 % :  mod = 1.5637124994175484e-16,  Error =3.016058229832197e-07
Completed 43 % :  mod = 1.554098397843719e-16,  Error =3.0878646839482826e-07
Completed 44 % :  mod = 1.5101321202916825e-16,  Error =3.159676893460528e-07
Completed 45 % :  mod = 1.4327853584119443e-16,  Error =3.231482565979604e-07
Completed 46 % :  mod = 1.323767910557276e-16,  Error =3.303284685785002e-07
Completed 47 % :  mod = 1.185489603040204e-16,  Error =3.375095403157502e-07
Completed 48 % :  mod = 1.0210066841764255e-16,  Error =3.4469087495381245e-07
Completed 49 % :  mod = 8.339551173382846e-17,  Error =3.518719893236266e-07
Completed 50 % :  mod = 6.284697679938658e-17,  Error =3.5905306106087664e-07
Completed 51 % :  mod = 4.090923328179493e-17,  Error =3.662345093857766e-07
Completed 52 % :  mod = 1.806722201901733e-17,  Error =3.73415488752471e-07
Completed 53 % :  mod = 5.174136792358328e-18,  Error =3.805958783686947e-07
Completed 54 % :  mod = 2.8301132610772124e-17,  Error =3.877768648408164e-07
Completed 55 % :  mod = 5.0802549516295235e-17,  Error =3.9495758130669856e-07
Completed 56 % :  mod = 7.218101533542931e-17,  Error =4.021389372610429e-07
Completed 56 % :  mod = 9.196397114170349e-17,  Error =4.0931968214863446e-07
Completed 57 % :  mod = 1.0971411968418428e-16,  Error =4.164996738609261e-07
Completed 59 % :  mod = 1.250391303874099e-16,  Error =4.2368059638420164e-07
Completed 60 % :  mod = 1.3760023975501418e-16,  Error =4.3086129863922906e-07
Completed 61 % :  mod = 1.4711977183736192e-16,  Error =4.380420151051112e-07
Completed 62 % :  mod = 1.5338733893251697e-16,  Error =4.4522343500830175e-07
Completed 63 % :  mod = 1.562643961977913e-16,  Error =4.524053736076894e-07
Completed 64 % :  mod = 1.5568731705556372e-16,  Error =4.595864524503668e-07
Completed 65 % :  mod = 1.5166888506521332e-16,  Error =4.6676729681394136e-07
Completed 66 % :  mod = 1.4429792898137308e-16,  Error =4.739491856753375e-07
Completed 67 % :  mod = 1.337373634215526e-16,  Error =4.811296534512621e-07
Completed 68 % :  mod = 1.2022062521696287e-16,  Error =4.883102420194518e-07
Completed 69 % :  mod = 1.0404649489999021e-16,  Error =4.954915127086679e-07
Completed 70 % :  mod = 8.557250283394323e-17,  Error =5.026730391932688e-07
Completed 71 % :  mod = 6.520698833087118e-17,  Error =5.098536917103047e-07
Completed 72 % :  mod = 4.340010240804116e-17,  Error =5.170346852878538e-07
Completed 73 % :  mod = 2.063390240350041e-17,  Error =5.242154372808727e-07
Completed 74 % :  mod = 2.588389377768017e-18,  Error =5.313967790243623e-07
Completed 75 % :  mod = 2.575348803032815e-17,  Error =5.385794352719131e-07
Completed 76 % :  mod = 4.834931819359472e-17,  Error =5.457599456804019e-07
Completed 77 % :  mod = 6.987640949874685e-17,  Error =5.529408255711132e-07
Completed 78 % :  mod = 8.985893834423109e-17,  Error =5.601219328355e-07
Completed 79 % :  mod = 1.0785520170837632e-16,  Error =5.673032745789897e-07
Completed 80 % :  mod = 1.2346739711257117e-16,  Error =5.744837707766237e-07
Completed 81 % :  mod = 1.363504297166434e-16,  Error =5.816633361632739e-07
Completed 82 % :  mod = 1.462195359772767e-16,  Error =5.888435481438137e-07
Completed 83 % :  mod = 1.528565742014729e-16,  Error =5.960249609415769e-07
Completed 84 % :  mod = 1.5611481526646697e-16,  Error =6.032057626725873e-07
Completed 85 % :  mod = 1.5592224519002157e-16,  Error =6.103861380779563e-07
Completed 86 % :  mod = 1.5228313951362663e-16,  Error =6.175670179686676e-07
Completed 87 % :  mod = 1.4527791492697697e-16,  Error =6.247484591881403e-07
Completed 88 % :  mod = 1.350614156599358e-16,  Error =6.319291827594498e-07
Completed 89 % :  mod = 1.2185948952348548e-16,  Error =6.391098139602036e-07
Completed 90 % :  mod = 1.0596394588200243e-16,  Error =6.462909141191631e-07
Completed 91 % :  mod = 8.772613688680013e-17,  Error =6.534715737416263e-07
Completed 92 % :  mod = 6.754920756927128e-17,  Error =6.606518354601576e-07
Completed 93 % :  mod = 4.587915308788796e-17,  Error =6.678332198362114e-07
Completed 94 % :  mod = 2.3194975072117052e-17,  Error =6.750157766077791e-07
Completed 95 % :  mod = 1.913527250776576e-21,  Error =6.821974452009272e-07
Completed 96 % :  mod = 2.3198763249129816e-17,  Error =6.893784245676216e-07
Completed 97 % :  mod = 4.588281175943607e-17,  Error =6.965592120877773e-07
Completed 98 % :  mod = 6.755265505126925e-17,  Error =7.037410441057546e-07
Completed 99 % :  mod = 8.772931026182261e-17,  Error =7.109224569035177e-07
Completed 100 % :  mod = 1.0596676088102453e-16,  Error =7.181030454717074e-07
Finished 7/201 frames
Finished all frames!
