/opt/local/miniconda_23_9/lib/python3.11/site-packages/conda/base/context.py:201: FutureWarning: Adding 'defaults' to channel list implicitly is deprecated and will be removed in 25.3. 

To remove this warning, please choose a default channel explicitly with conda's regular configuration system, e.g. by adding 'defaults' to the list of channels:

  conda config --add channels defaults

For more information see https://docs.conda.io/projects/conda/en/stable/user-guide/configuration/use-condarc.html

  deprecated.topic(
JOB 13528 ARRAY_ID 174  -> i=174 ; range=[1.9e-10, 6.0e-10] ; intervals=200 (frames=201)
Density options: centers='2.0e-10,4.0e-10' width='5e-11,5e-11' strength=''
Completed 0 % :  mod = 3.7560249200794325e-16,  Error =-1.4210854715202004e-14
Completed 1 % :  mod = 6.583931706857957e-16,  Error =2.385195969623055e-07
Completed 2 % :  mod = 1.9325907275226896e-15,  Error =4.770390802377733e-07
Completed 3 % :  mod = 6.116878921576236e-15,  Error =7.155587908869165e-07
Completed 4 % :  mod = 1.951194923255865e-14,  Error =9.540782244243928e-07
Completed 5 % :  mod = 6.22880677165982e-14,  Error =1.1925972671633644e-06
Completed 6 % :  mod = 1.9885741385719088e-13,  Error =1.4311159475255408e-06
Completed 7 % :  mod = 6.348657279634897e-13,  Error =1.669635416590154e-06
Completed 8 % :  mod = 2.026851020960359e-12,  Error =1.90815224243579e-06
Completed 9 % :  mod = 6.470785898916777e-12,  Error =2.146649279666235e-06
Completed 10 % :  mod = 2.0655861133738476e-11,  Error =2.384938916577539e-06
Completed 11 % :  mod = 6.585735819286104e-11,  Error =2.6211368506778854e-06
Completed 12 % :  mod = 2.0622110036494348e-10,  Error =2.838589175269135e-06
Completed 13 % :  mod = 4.300425114456105e-10,  Error =2.9779411647723464e-06
Completed 14 % :  mod = 1.4277577325399925e-10,  Error =3.132053116416955e-06
Completed 15 % :  mod = 8.241210477349665e-11,  Error =3.353598586386397e-06
Completed 16 % :  mod = 1.1233365121216649e-10,  Error =3.5831204598935074e-06
Completed 17 % :  mod = 2.2281314587408302e-10,  Error =3.7899285771914037e-06
Completed 18 % :  mod = 3.9286731495114593e-10,  Error =3.911873037054647e-06
Completed 19 % :  mod = 1.485993009216661e-10,  Error =4.084212051225222e-06
Completed 20 % :  mod = 5.6728366603423366e-11,  Error =4.310224625214687e-06
Completed 21 % :  mod = 6.578484770389494e-11,  Error =4.544312723453459e-06
Completed 22 % :  mod = 1.7615346435015087e-10,  Error =4.767662510118953e-06
Completed 23 % :  mod = 3.7570541278203367e-10,  Error =4.930336615416309e-06
Completed 24 % :  mod = 1.9585558988541686e-10,  Error =5.063604525901155e-06
Completed 25 % :  mod = 1.4437934305287634e-10,  Error =5.27200373312553e-06
Completed 26 % :  mod = 1.7174676117869018e-10,  Error =5.488390875996174e-06
Completed 27 % :  mod = 3.0493462543690504e-10,  Error =5.656618313309991e-06
Completed 28 % :  mod = 2.800033305396055e-10,  Error =5.789961377899999e-06
Completed 28 % :  mod = 1.7236347522497719e-10,  Error =5.985029353894333e-06
Completed 30 % :  mod = 1.9258815602978352e-10,  Error =6.184482650439804e-06
Completed 31 % :  mod = 3.512009144442788e-10,  Error =6.318803983162979e-06
Completed 32 % :  mod = 2.22720117950746e-10,  Error =6.479120330027399e-06
Completed 33 % :  mod = 1.1458475692053494e-10,  Error =6.6938163811869344e-06
Completed 34 % :  mod = 1.2428231569166897e-10,  Error =6.9140019718361145e-06
Completed 35 % :  mod = 4.087134756743356e-10,  Error =7.078572899388291e-06
Completed 36 % :  mod = 2.484783137606628e-10,  Error =7.212544829826584e-06
Completed 37 % :  mod = 8.007021182292235e-11,  Error =7.420731499507838e-06
Completed 38 % :  mod = 7.988782805489438e-11,  Error =7.651908148886832e-06
Completed 39 % :  mod = 1.6457638216677042e-10,  Error =7.876242499094133e-06
Completed 40 % :  mod = 3.647924034576347e-10,  Error =8.04949044663772e-06
Completed 41 % :  mod = 2.309139277607459e-10,  Error =8.170673133633954e-06
Completed 42 % :  mod = 1.2108861304054383e-10,  Error =8.372946936674452e-06
Completed 43 % :  mod = 1.4046054767959803e-10,  Error =8.594607443512814e-06
Completed 44 % :  mod = 2.4409605820461455e-10,  Error =8.788870843545737e-06
Completed 45 % :  mod = 3.7923567822696484e-10,  Error =8.910075322887678e-06
Completed 46 % :  mod = 1.8997797185417213e-10,  Error =9.083488542671603e-06
Completed 47 % :  mod = 1.320333506497014e-10,  Error =9.291500163044475e-06
Completed 48 % :  mod = 3.203190213180682e-10,  Error =9.465865808522267e-06
Completed 49 % :  mod = 3.5128766200169473e-10,  Error =9.60278195805131e-06
Completed 50 % :  mod = 1.6602758928738495e-10,  Error =9.784912471388907e-06
Completed 51 % :  mod = 1.649264541806474e-10,  Error =9.982202271885399e-06
Completed 52 % :  mod = 4.354086285698359e-10,  Error =1.012010647372108e-05
Completed 53 % :  mod = 2.204369199370488e-10,  Error =1.027091209948594e-05
Completed 54 % :  mod = 1.0038120355353833e-10,  Error =1.0476855173635613e-05
Completed 55 % :  mod = 1.9326545256162956e-10,  Error =1.0688189583163421e-05
Completed 56 % :  mod = 4.3444698339304925e-10,  Error =1.0842637557573198e-05
Completed 56 % :  mod = 2.0554025735695892e-10,  Error =1.0974463400259538e-05
Completed 57 % :  mod = 1.0119203120060467e-10,  Error =1.1179279034934098e-05
Completed 59 % :  mod = 1.7516073373326007e-10,  Error =1.139645481629259e-05
Completed 60 % :  mod = 3.4068358203658e-10,  Error =1.1573458465363728e-05
Completed 61 % :  mod = 2.3508634094398213e-10,  Error =1.1690213597148613e-05
Completed 62 % :  mod = 2.0743883906786088e-10,  Error =1.1881715636263834e-05
Completed 63 % :  mod = 1.683664029878901e-10,  Error =1.2092125245999341e-05
Completed 64 % :  mod = 2.852421732200947e-10,  Error =1.2262450219679977e-05
Completed 65 % :  mod = 2.980364005611611e-10,  Error =1.2390928539218748e-05
Completed 66 % :  mod = 1.8189440700299124e-10,  Error =1.2577103191802053e-05
Completed 67 % :  mod = 2.382690384415993e-10,  Error =1.276600983857179e-05
Completed 68 % :  mod = 3.105915696568057e-10,  Error =1.289615548216716e-05
Completed 69 % :  mod = 2.571285768694113e-10,  Error =1.305720218880424e-05
Completed 70 % :  mod = 1.4906029891489433e-10,  Error =1.3262977660133402e-05
Completed 71 % :  mod = 1.9707091264007518e-10,  Error =1.3457830114305125e-05
Completed 72 % :  mod = 4.322963743895768e-10,  Error =1.358269101103815e-05
Completed 73 % :  mod = 1.539063833971755e-10,  Error =1.3744872106258299e-05
Completed 74 % :  mod = 1.510653201547104e-10,  Error =1.3951300566361624e-05
Completed 75 % :  mod = 2.854590176290226e-10,  Error =1.4141022489866373e-05
Completed 76 % :  mod = 3.9928708853197303e-10,  Error =1.4271977811119996e-05
Completed 77 % :  mod = 1.8347379545862392e-10,  Error =1.4433712117067898e-05
Completed 78 % :  mod = 1.7207527049882973e-10,  Error =1.4630935986303939e-05
Completed 79 % :  mod = 4.3752830450774155e-10,  Error =1.4789855555363829e-05
Completed 80 % :  mod = 2.3307185349215934e-10,  Error =1.4922696855990125e-05
Completed 81 % :  mod = 1.6077235934510448e-10,  Error =1.5112774285341857e-05
Completed 82 % :  mod = 2.2821924789895425e-10,  Error =1.5315216479905303e-05
Completed 83 % :  mod = 3.8579447458486695e-10,  Error =1.5461199467381448e-05
Completed 84 % :  mod = 2.4444828779762185e-10,  Error =1.559754738167385e-05
Completed 85 % :  mod = 1.3873643075565379e-10,  Error =1.5796748698448937e-05
Completed 86 % :  mod = 2.551769723279234e-10,  Error =1.5996007611818186e-05
Completed 87 % :  mod = 3.818597677733286e-10,  Error =1.61357152421715e-05
Completed 88 % :  mod = 1.9037030852309876e-10,  Error =1.6280005482371962e-05
Completed 89 % :  mod = 2.1601085728842489e-10,  Error =1.6478790961116374e-05
Completed 90 % :  mod = 2.7779205181913587e-10,  Error =1.6657819124077378e-05
Completed 91 % :  mod = 3.8115949722900875e-10,  Error =1.6783624872118708e-05
Completed 92 % :  mod = 1.5459259268059845e-10,  Error =1.6957134270967344e-05
Completed 93 % :  mod = 1.7237441484782763e-10,  Error =1.7160031134721976e-05
Completed 94 % :  mod = 4.0068721568309453e-10,  Error =1.7323651377409988e-05
Completed 95 % :  mod = 2.493767636336315e-10,  Error =1.7448287664478812e-05
Completed 96 % :  mod = 2.0120564874761663e-10,  Error =1.7637848905849296e-05
Completed 97 % :  mod = 1.6522943662006737e-10,  Error =1.784213866784512e-05
Completed 98 % :  mod = 4.0259599795397124e-10,  Error =1.799811038694088e-05
Completed 99 % :  mod = 1.998269892389455e-10,  Error =1.8127803166123613e-05
Completed 100 % :  mod = 1.5266516680813836e-10,  Error =1.8320565288831858e-05
Finished 175/201 frames
Finished all frames!
