/opt/local/miniconda_23_9/lib/python3.11/site-packages/conda/base/context.py:201: FutureWarning: Adding 'defaults' to channel list implicitly is deprecated and will be removed in 25.3. 

To remove this warning, please choose a default channel explicitly with conda's regular configuration system, e.g. by adding 'defaults' to the list of channels:

  conda config --add channels defaults

For more information see https://docs.conda.io/projects/conda/en/stable/user-guide/configuration/use-condarc.html

  deprecated.topic(
JOB 14035 ARRAY_ID 164  -> i=164 ; range=[1.9e-10, 5.0e-10] ; intervals=200 (frames=201)
Analytic t0 extension enabled (--extend-time-using-t0).
Density options: centers='2.0e-10,4.0e-10' width='2.0e-11,5.0e-11' strength='7.0'
Completed 0 % :  mod = 3.484213457648472e-16,  Error =-1.4210854715202004e-14
Completed 1 % :  mod = 5.74518439825698e-16,  Error =1.766155364180122e-07
Completed 2 % :  mod = 1.546246930991083e-15,  Error =3.5323080993521216e-07
Completed 3 % :  mod = 4.5247522429612e-15,  Error =5.298464671454894e-07
Completed 4 % :  mod = 1.3375649467086066e-14,  Error =7.064617619789715e-07
Completed 5 % :  mod = 3.958596261886877e-14,  Error =8.830774334001035e-07
Completed 6 % :  mod = 1.1717241148708763e-13,  Error =1.0596934387763213e-06
Completed 7 % :  mod = 3.4682955521541677e-13,  Error =1.2363092736222825e-06
Completed 8 % :  mod = 1.0266143414673096e-12,  Error =1.4129241918681146e-06
Completed 9 % :  mod = 3.038759873664994e-12,  Error =1.5895362110995848e-06
Completed 10 % :  mod = 8.994264277687135e-12,  Error =1.7661129305679424e-06
Completed 11 % :  mod = 2.6610963504924946e-11,  Error =1.942382759523298e-06
Completed 12 % :  mod = 7.844584942150234e-11,  Error =2.1160298047107062e-06
Completed 13 % :  mod = 2.2203392369022042e-10,  Error =2.270528618453227e-06
Completed 14 % :  mod = 3.7048145513663526e-10,  Error =2.3677921987541595e-06
Completed 15 % :  mod = 1.3249244147443118e-10,  Error =2.488296303226889e-06
Completed 16 % :  mod = 6.626705450637359e-11,  Error =2.6534426282864843e-06
Completed 17 % :  mod = 6.699135526517987e-11,  Error =2.826081292539584e-06
Completed 18 % :  mod = 1.2364409305278514e-10,  Error =2.993472534740249e-06
Completed 19 % :  mod = 3.1140991962323093e-10,  Error =3.122880663397609e-06
Completed 20 % :  mod = 2.800025658330749e-10,  Error =3.2182128890667627e-06
Completed 21 % :  mod = 1.0638545347293339e-10,  Error =3.3642982160131396e-06
Completed 22 % :  mod = 7.039021705875548e-11,  Error =3.5316940625307325e-06
Completed 23 % :  mod = 1.7044502566887192e-10,  Error =3.6930563993564647e-06
Completed 24 % :  mod = 3.5945732485736293e-10,  Error =3.815095318771e-06
Completed 25 % :  mod = 1.99517959876085e-10,  Error =3.9072775450677e-06
Completed 26 % :  mod = 1.2803132120598023e-10,  Error =4.056143097841414e-06
Completed 27 % :  mod = 1.076603332854509e-10,  Error =4.221529906089927e-06
Completed 28 % :  mod = 1.7064873754528342e-10,  Error =4.37589923762971e-06
Completed 28 % :  mod = 3.762483268134056e-10,  Error =4.475566022676958e-06
Completed 30 % :  mod = 1.8087695820405534e-10,  Error =4.589661266152234e-06
Completed 31 % :  mod = 7.099948381353519e-11,  Error =4.750525377517079e-06
Completed 32 % :  mod = 5.598562107912448e-11,  Error =4.923099432119216e-06
Completed 33 % :  mod = 1.11991859564241e-10,  Error =5.09277428761834e-06
Completed 34 % :  mod = 2.550341238334462e-10,  Error =5.236044330558798e-06
Completed 35 % :  mod = 3.2022388049945586e-10,  Error =5.3244235331817436e-06
Completed 36 % :  mod = 1.4406196701987236e-10,  Error =5.4578942609850856e-06
Completed 37 % :  mod = 7.688137693945913e-11,  Error =5.622407925898187e-06
Completed 38 % :  mod = 1.2743725464223797e-10,  Error =5.7871606102821715e-06
Completed 39 % :  mod = 3.3330553867332135e-10,  Error =5.920790641766871e-06
Completed 40 % :  mod = 2.5534555029793245e-10,  Error =6.01059191751574e-06
Completed 41 % :  mod = 1.0483223946624174e-10,  Error =6.1540684157535e-06
Completed 42 % :  mod = 5.3641346725189214e-11,  Error =6.324789566747313e-06
Completed 43 % :  mod = 4.5926151043023755e-11,  Error =6.499323589537198e-06
Completed 44 % :  mod = 9.420712062763303e-11,  Error =6.670318121848595e-06
Completed 45 % :  mod = 2.813856005970733e-10,  Error =6.815092973511128e-06
Completed 46 % :  mod = 3.1538086066080037e-10,  Error =6.905959779146542e-06
Completed 47 % :  mod = 1.117435227696189e-10,  Error =7.041072699109918e-06
Completed 48 % :  mod = 5.203447733182241e-11,  Error =7.210754517927853e-06
Completed 49 % :  mod = 3.105995276346906e-11,  Error =7.385925407277227e-06
Completed 50 % :  mod = 4.429701856217812e-11,  Error =7.560873207523855e-06
Completed 51 % :  mod = 1.3316030179322197e-10,  Error =7.728292821695959e-06
Completed 52 % :  mod = 3.505848385188532e-10,  Error =7.854564884723914e-06
Completed 53 % :  mod = 2.3191427923478878e-10,  Error =7.947390692208955e-06
Completed 54 % :  mod = 1.0158905069956222e-10,  Error =8.098872626760567e-06
Completed 55 % :  mod = 3.607084580481644e-11,  Error =8.270983400393561e-06
Completed 56 % :  mod = 4.040785906758366e-11,  Error =8.44556092260973e-06
Completed 56 % :  mod = 1.2683262836547084e-10,  Error =8.615289821989336e-06
Completed 57 % :  mod = 2.830960650131822e-10,  Error =8.754617901729489e-06
Completed 59 % :  mod = 2.9272696603495567e-10,  Error =8.842286398191845e-06
Completed 60 % :  mod = 1.3011195326722764e-10,  Error =8.982093177678507e-06
Completed 61 % :  mod = 5.590432533707291e-11,  Error =9.149974637523428e-06
Completed 62 % :  mod = 9.099651964166505e-11,  Error =9.319742794389185e-06
Completed 63 % :  mod = 2.704282383714659e-10,  Error =9.46869528206662e-06
Completed 64 % :  mod = 3.259216994560065e-10,  Error =9.565831035729389e-06
Completed 65 % :  mod = 1.27626966857842e-10,  Error =9.691819727208895e-06
Completed 66 % :  mod = 7.444176305177615e-11,  Error =9.85805109365856e-06
Completed 67 % :  mod = 7.730918119284075e-11,  Error =1.0029479007300779e-05
Completed 68 % :  mod = 1.5710067256773333e-10,  Error =1.0190059235526405e-05
Completed 69 % :  mod = 3.864035204141648e-10,  Error =1.029800574769979e-05
Completed 70 % :  mod = 1.84739586365026e-10,  Error =1.0404341338698941e-05
Completed 71 % :  mod = 7.137365482390677e-11,  Error =1.0564410104052513e-05
Completed 72 % :  mod = 2.7649984951966695e-11,  Error =1.0738591434744649e-05
Completed 73 % :  mod = 2.1958103042996685e-11,  Error =1.091445827228199e-05
Completed 74 % :  mod = 5.572714661252447e-11,  Error =1.1089309595035957e-05
Completed 75 % :  mod = 1.6693738132137673e-10,  Error =1.1254133760019158e-05
Completed 76 % :  mod = 3.5056384074794893e-10,  Error =1.137316000665578e-05
Completed 77 % :  mod = 1.990440024231614e-10,  Error =1.1470339437380517e-05
Completed 78 % :  mod = 1.0344048840218972e-10,  Error =1.1624928120568256e-05
Completed 79 % :  mod = 7.631192731439832e-11,  Error =1.1794204077375525e-05
Completed 80 % :  mod = 1.3632901206569417e-10,  Error =1.195731098135866e-05
Completed 81 % :  mod = 3.7642828067928455e-10,  Error =1.2075466834460258e-05
Completed 82 % :  mod = 2.217603136777085e-10,  Error =1.2174318200663947e-05
Completed 83 % :  mod = 7.647477908772136e-11,  Error =1.232884470425688e-05
Completed 84 % :  mod = 2.92547120874316e-11,  Error =1.2502298595507e-05
Completed 85 % :  mod = 2.2170340225777296e-11,  Error =1.2678202693905405e-05
Completed 86 % :  mod = 4.246662333083495e-11,  Error =1.2853772510368344e-05
Completed 87 % :  mod = 1.1781776035871335e-10,  Error =1.3023895355956938e-05
Completed 88 % :  mod = 2.989631668768335e-10,  Error =1.3161644176307163e-05
Completed 89 % :  mod = 2.844518442997932e-10,  Error =1.3250137882891977e-05
Completed 90 % :  mod = 1.1078512262336326e-10,  Error =1.3392824250502144e-05
Completed 91 % :  mod = 4.910831218528531e-11,  Error =1.3562691080437617e-05
Completed 92 % :  mod = 6.388948705558369e-11,  Error =1.3736043833034728e-05
Completed 93 % :  mod = 1.609984639251659e-10,  Error =1.3901118599335405e-05
Completed 94 % :  mod = 3.2296074256031743e-10,  Error =1.4025027304853666e-05
Completed 95 % :  mod = 2.189294064494985e-10,  Error =1.411940552031865e-05
Completed 96 % :  mod = 1.301291502264807e-10,  Error =1.4269110238274152e-05
Completed 97 % :  mod = 1.1005999267586785e-10,  Error =1.4433276049885535e-05
Completed 98 % :  mod = 1.9657844966784033e-10,  Error =1.4581809232083742e-05
Completed 99 % :  mod = 4.0249702795746257e-10,  Error =1.4680138626488315e-05
Completed 100 % :  mod = 1.5715725010201087e-10,  Error =1.47950406272912e-05
Finished 165/201 frames
Finished all frames!
