/opt/local/miniconda_23_9/lib/python3.11/site-packages/conda/base/context.py:201: FutureWarning: Adding 'defaults' to channel list implicitly is deprecated and will be removed in 25.3. 

To remove this warning, please choose a default channel explicitly with conda's regular configuration system, e.g. by adding 'defaults' to the list of channels:

  conda config --add channels defaults

For more information see https://docs.conda.io/projects/conda/en/stable/user-guide/configuration/use-condarc.html

  deprecated.topic(
JOB 13283 ARRAY_ID 6  -> i=6 ; range=[1.9e-10, 6.0e-10] ; intervals=6
THIS SHOULD ONLY BE REACHED ONCE
Completed 0 % :  mod = 4.800000000702922e-16,  Error =-1.4210854715202004e-14
Completed 1 % :  mod = 1.0455296625668204e-15,  Error =6.361725937154006e-07
Completed 2 % :  mod = 4.074717900863659e-15,  Error =1.2723449387408436e-06
Completed 3 % :  mod = 1.6705464307924037e-14,  Error =1.9085173548205603e-06
Completed 4 % :  mod = 6.870052883308852e-14,  Error =2.544689969852243e-06
Completed 5 % :  mod = 2.825797310250996e-13,  Error =3.1808627056761907e-06
Completed 6 % :  mod = 1.1623231176218285e-12,  Error =3.817032954600563e-06
Completed 7 % :  mod = 4.780982288114006e-12,  Error =4.453186875252868e-06
Completed 8 % :  mod = 1.966875045676356e-11,  Error =5.089067506958145e-06
Completed 9 % :  mod = 8.112761159403082e-11,  Error =5.720348632110017e-06
Completed 10 % :  mod = 3.4137337235893046e-10,  Error =6.286626764051562e-06
Completed 11 % :  mod = 4.831181803548498e-10,  Error =6.603389849146879e-06
Completed 12 % :  mod = 1.7201892935515045e-10,  Error =7.117399661638046e-06
Completed 13 % :  mod = 1.8073218196305433e-10,  Error =7.691198049997183e-06
Completed 14 % :  mod = 5.750018408513046e-10,  Error =8.057451452714304e-06
Completed 15 % :  mod = 1.5785472598622954e-10,  Error =8.508948681651418e-06
Completed 16 % :  mod = 7.09971935868867e-11,  Error =9.125471450488476e-06
Completed 17 % :  mod = 7.175174776554717e-11,  Error =9.75534909741782e-06
Completed 18 % :  mod = 2.119429806978191e-10,  Error =1.0351114234197212e-05
Completed 19 % :  mod = 6.630058671743674e-10,  Error =1.070950420967165e-05
Completed 20 % :  mod = 1.4383462214107286e-10,  Error =1.1154702676208217e-05
Completed 21 % :  mod = 1.459607651658894e-10,  Error =1.1737404108203009e-05
Completed 22 % :  mod = 5.995734205484639e-10,  Error =1.219172889221909e-05
Completed 23 % :  mod = 2.60634232396969e-10,  Error =1.2561769487717811e-05
Completed 24 % :  mod = 1.3463007749251605e-10,  Error =1.314829138721052e-05
Completed 25 % :  mod = 1.6349615869419403e-10,  Error =1.3752906838249146e-05
Completed 26 % :  mod = 5.699919755218093e-10,  Error =1.4182586568267652e-05
Completed 27 % :  mod = 1.808376117997749e-10,  Error =1.4572683085134486e-05
Completed 28 % :  mod = 1.4095795101459933e-10,  Error =1.5157046107105998e-05
Completed 28 % :  mod = 4.064854588033215e-10,  Error =1.5697661439162403e-05
Completed 30 % :  mod = 3.9805505678124614e-10,  Error =1.6011362383494543e-05
Completed 31 % :  mod = 9.57859271339507e-11,  Error =1.6557596964617005e-05
Completed 32 % :  mod = 5.413898043815673e-11,  Error =1.7185005894759797e-05
Completed 33 % :  mod = 9.89740178255277e-11,  Error =1.7813852764447802e-05
Completed 34 % :  mod = 3.216497974505166e-10,  Error =1.838340668314231e-05
Completed 35 % :  mod = 5.051342979670982e-10,  Error =1.8700034310370484e-05
Completed 36 % :  mod = 1.28987531775308e-10,  Error =1.9215763245483686e-05
Completed 37 % :  mod = 1.4048501208551206e-10,  Error =1.981051825339364e-05
Completed 38 % :  mod = 5.618466170731361e-10,  Error =2.0261171748359175e-05
Completed 39 % :  mod = 2.2925130598914085e-10,  Error =2.0636590512879138e-05
Completed 40 % :  mod = 1.9929234922801298e-10,  Error =2.12149712197629e-05
Completed 41 % :  mod = 3.246104670313828e-10,  Error =2.17629684016174e-05
Completed 42 % :  mod = 4.330037979364003e-10,  Error =2.2067153402360873e-05
Completed 43 % :  mod = 1.2594233463215593e-10,  Error =2.2599590536742653e-05
Completed 44 % :  mod = 5.0434765067343906e-11,  Error =2.3223487708889934e-05
Completed 45 % :  mod = 1.0339522222792297e-10,  Error =2.384485190276564e-05
Completed 46 % :  mod = 5.394978942635022e-10,  Error =2.4346183671752897e-05
Completed 47 % :  mod = 2.5772537346983133e-10,  Error =2.467264604177899e-05
Completed 48 % :  mod = 1.6086202958106812e-10,  Error =2.5246202696393993e-05
Completed 49 % :  mod = 2.2348423699366129e-10,  Error =2.5836960439562517e-05
Completed 50 % :  mod = 5.576365584204409e-10,  Error =2.6241468518151123e-05
Completed 51 % :  mod = 1.5559375206206886e-10,  Error =2.66591771165281e-05
Completed 52 % :  mod = 1.8662322589696459e-10,  Error =2.7231838053864976e-05
Completed 53 % :  mod = 6.16215569774509e-10,  Error =2.769274500025176e-05
Completed 54 % :  mod = 2.1941888180553596e-10,  Error =2.802730602269321e-05
Completed 55 % :  mod = 9.552142322563155e-11,  Error =2.8604309576962805e-05
Completed 56 % :  mod = 2.2381696080947798e-10,  Error =2.9204044878383684e-05
Completed 56 % :  mod = 5.565525391223025e-10,  Error =2.9661669856295703e-05
Completed 57 % :  mod = 2.0810135275849654e-10,  Error =3.0004210891831917e-05
Completed 59 % :  mod = 2.68681807092902e-10,  Error =3.053091894855697e-05
Completed 60 % :  mod = 6.460733073022556e-10,  Error =3.0936011981452793e-05
Completed 61 % :  mod = 2.500221589761744e-10,  Error =3.13051929907715e-05
Completed 62 % :  mod = 1.9538601412214529e-10,  Error =3.1851935041515844e-05
Completed 63 % :  mod = 5.544987335830851e-10,  Error =3.2319389895008044e-05
Completed 64 % :  mod = 2.8195527450803916e-10,  Error =3.266837494209085e-05
Completed 65 % :  mod = 3.3015585993923096e-10,  Error =3.319756817177222e-05
Completed 66 % :  mod = 4.0424214428905396e-10,  Error =3.3662129659717266e-05
Completed 67 % :  mod = 2.584164322078793e-10,  Error =3.3978423800817836e-05
Completed 68 % :  mod = 3.5545292668992477e-10,  Error =3.4455698319391104e-05
Completed 69 % :  mod = 5.865639747040247e-10,  Error =3.486894203064139e-05
Completed 70 % :  mod = 2.6860729680070955e-10,  Error =3.521537836093103e-05
Completed 71 % :  mod = 2.5575302161378955e-10,  Error =3.5695622209175326e-05
Completed 72 % :  mod = 6.494602474508651e-10,  Error =3.607077019296412e-05
Completed 73 % :  mod = 2.2939269025205368e-10,  Error =3.645863981205366e-05
Completed 74 % :  mod = 3.7000581627649035e-10,  Error =3.6973758227532016e-05
Completed 75 % :  mod = 4.710473461615775e-10,  Error =3.73582185630994e-05
Completed 76 % :  mod = 2.8258430571942433e-10,  Error =3.77367949582208e-05
Completed 77 % :  mod = 2.634095625338053e-10,  Error =3.822139935039104e-05
Completed 78 % :  mod = 6.90829036332104e-10,  Error =3.857242310090214e-05
Completed 79 % :  mod = 2.474626532380168e-10,  Error =3.897611851044758e-05
Completed 80 % :  mod = 4.11096779765313e-10,  Error =3.9413159527157404e-05
Completed 81 % :  mod = 3.3231529959242464e-10,  Error =3.9733302550359895e-05
Completed 82 % :  mod = 4.6028866436703045e-10,  Error =4.016595782729837e-05
Completed 83 % :  mod = 3.873105031177243e-10,  Error =4.057233937260207e-05
Completed 84 % :  mod = 4.4076592098899135e-10,  Error =4.089825242914458e-05
Completed 85 % :  mod = 2.605376983660324e-10,  Error =4.134068219485698e-05
Completed 86 % :  mod = 6.552405764454982e-10,  Error =4.1709092442943074e-05
Completed 87 % :  mod = 2.7745041212068644e-10,  Error =4.207012049306513e-05
Completed 88 % :  mod = 4.5033179451866057e-10,  Error =4.25139611479608e-05
Completed 89 % :  mod = 3.778715043117688e-10,  Error =4.2843100068523654e-05
Completed 90 % :  mod = 4.2077006802814895e-10,  Error =4.324866105775982e-05
Completed 91 % :  mod = 3.3769088601970484e-10,  Error =4.367515693814994e-05
Completed 92 % :  mod = 4.586115651024368e-10,  Error =4.3995942831998036e-05
Completed 93 % :  mod = 2.5448409318330445e-10,  Error =4.442412737404311e-05
Completed 94 % :  mod = 6.749453246981914e-10,  Error =4.4818787372946645e-05
Completed 95 % :  mod = 2.927213049088895e-10,  Error =4.5165469892083365e-05
Completed 96 % :  mod = 3.1667854282923924e-10,  Error =4.561428486482555e-05
Completed 97 % :  mod = 4.814180831397316e-10,  Error =4.5960674164291504e-05
Completed 98 % :  mod = 4.2033474683792943e-10,  Error =4.635960807064521e-05
Completed 99 % :  mod = 2.7593191590258707e-10,  Error =4.684180647274161e-05
Completed 100 % :  mod = 5.484813067187125e-10,  Error =4.7165582891750546e-05
Finished 7/6 frames
Finished all frames!
