/opt/local/miniconda_23_9/lib/python3.11/site-packages/conda/base/context.py:201: FutureWarning: Adding 'defaults' to channel list implicitly is deprecated and will be removed in 25.3. 

To remove this warning, please choose a default channel explicitly with conda's regular configuration system, e.g. by adding 'defaults' to the list of channels:

  conda config --add channels defaults

For more information see https://docs.conda.io/projects/conda/en/stable/user-guide/configuration/use-condarc.html

  deprecated.topic(
JOB 13876 ARRAY_ID 5  -> i=5 ; range=[1.9e-10, 5.0e-10] ; intervals=200 (frames=201)
Analytic t0 extension enabled (--extend-time-using-t0).
Density options: centers='2.0e-10,4.0e-10' width='2.0e-11,5.0e-11' strength='7.0'
Completed 0 % :  mod = 1.557333275812697e-16,  Error =-1.4210854715202004e-14
Completed 1 % :  mod = 1.536615042759337e-16,  Error =7.050005024211714e-09
Completed 2 % :  mod = 1.4750115514270565e-16,  Error =1.4098915812610358e-08
Completed 3 % :  mod = 1.3741619196532356e-16,  Error =2.1147663176179776e-08
Completed 4 % :  mod = 1.2367495528812572e-16,  Error =2.819657396457842e-08
Completed 5 % :  mod = 1.0664305201422294e-16,  Error =3.5245541596395924e-08
Completed 6 % :  mod = 8.67736645193334e-17,  Error =4.2294338697956846e-08
Completed 7 % :  mod = 6.459546404376838e-17,  Error =4.934393160738182e-08
Completed 8 % :  mod = 4.069854479630854e-17,  Error =5.639319766714834e-08
Completed 9 % :  mod = 1.5718757153402142e-17,  Error =6.344189529272626e-08
Completed 10 % :  mod = 9.679273893521531e-18,  Error =7.04914100424503e-08
Completed 11 % :  mod = 3.481976856397899e-17,  Error =7.753988029435277e-08
Completed 12 % :  mod = 5.903379230724835e-17,  Error =8.458930267352116e-08
Completed 13 % :  mod = 8.167709348698994e-17,  Error =9.163850478444147e-08
Completed 14 % :  mod = 1.0214718440240158e-16,  Error =9.86882042752768e-08
Completed 15 % :  mod = 1.1989940534250955e-16,  Error =1.057368379520085e-07
Completed 16 % :  mod = 1.344614274921496e-16,  Error =1.1278601164121937e-07
Completed 17 % :  mod = 1.4544578502844e-16,  Error =1.1983556902350756e-07
Completed 18 % :  mod = 1.5256021405125772e-16,  Error =1.268840605916921e-07
Completed 19 % :  mod = 1.55615433561068e-16,  Error =1.3393312059406526e-07
Completed 20 % :  mod = 1.5453013454709025e-16,  Error =1.409819461173356e-07
Completed 21 % :  mod = 1.4933320319029058e-16,  Error =1.480306295320588e-07
Completed 22 % :  mod = 1.401629174642119e-16,  Error =1.5507955453131217e-07
Completed 23 % :  mod = 1.2726326576765773e-16,  Error =1.6212775477697505e-07
Completed 24 % :  mod = 1.1097747702813352e-16,  Error =1.6917739031896417e-07
Completed 25 % :  mod = 9.173887828812647e-17,  Error =1.7622663506244862e-07
Completed 26 % :  mod = 7.005934245576691e-17,  Error =1.83275759013668e-07
Completed 27 % :  mod = 4.651571913066246e-17,  Error =1.9032454900980156e-07
Completed 28 % :  mod = 2.1734442116866873e-17,  Error =1.9737356637961057e-07
Completed 28 % :  mod = 3.625137646077426e-18,  Error =2.044223634811715e-07
Completed 30 % :  mod = 2.888826494427317e-17,  Error =2.1147175743863045e-07
Completed 31 % :  mod = 5.338274370554196e-17,  Error =2.1852161324886765e-07
Completed 32 % :  mod = 7.64568514050467e-17,  Error =2.255713624776945e-07
Completed 33 % :  mod = 9.749664937057293e-17,  Error =2.326205148506233e-07
Completed 34 % :  mod = 1.1594231939283155e-16,  Error =2.396702711848775e-07
Completed 35 % :  mod = 1.3130307670622865e-16,  Error =2.467192032895582e-07
Completed 36 % :  mod = 1.431702078028854e-16,  Error =2.5376871803928225e-07
Completed 37 % :  mod = 1.5122796434960653e-16,  Error =2.6081841042469023e-07
Completed 38 % :  mod = 1.552619518849663e-16,  Error =2.678683870271925e-07
Completed 39 % :  mod = 1.5516482500952457e-16,  Error =2.7491706333648835e-07
Completed 40 % :  mod = 1.50939181742489e-16,  Error =2.819661446551436e-07
Completed 41 % :  mod = 1.4269744973268205e-16,  Error =2.8901558835059404e-07
Completed 42 % :  mod = 1.3065890913211874e-16,  Error =2.9606474072352285e-07
Completed 43 % :  mod = 1.1514389209535875e-16,  Error =3.031136301956394e-07
Completed 44 % :  mod = 9.656520713960217e-17,  Error =3.10162718619722e-07
Completed 45 % :  mod = 7.54171680931288e-17,  Error =3.172125886408139e-07
Completed 46 % :  mod = 5.2262487883781354e-17,  Error =3.2426232365878604e-07
Completed 47 % :  mod = 2.771724546191049e-17,  Error =3.313109644409451e-07
Completed 48 % :  mod = 2.434513828100876e-18,  Error =3.383595981176768e-07
Completed 49 % :  mod = 2.2912987805430442e-17,  Error =3.4540869364718674e-07
Completed 50 % :  mod = 4.7650838767645184e-17,  Error =3.524579526015259e-07
Completed 51 % :  mod = 7.112082828407775e-17,  Error =3.5950696286590755e-07
Completed 52 % :  mod = 9.269848302042493e-17,  Error =3.6655644919392216e-07
Completed 53 % :  mod = 1.1180968607163026e-16,  Error =3.736056655156972e-07
Completed 54 % :  mod = 1.279459240202237e-16,  Error =3.8065537921738724e-07
Completed 55 % :  mod = 1.406778597811015e-16,  Error =3.877039844724095e-07
Completed 56 % :  mod = 1.4966674459205214e-16,  Error =3.9475376212294577e-07
Completed 56 % :  mod = 1.5467338661615037e-16,  Error =4.0180315608040473e-07
Completed 57 % :  mod = 1.5556457399921366e-16,  Error =4.0885252161615426e-07
Completed 59 % :  mod = 1.5231662073459427e-16,  Error =4.1590174504335664e-07
Completed 60 % :  mod = 1.4501592687124915e-16,  Error =4.2295054214491756e-07
Completed 61 % :  mod = 1.3385673514821983e-16,  Error =4.299997513612652e-07
Completed 62 % :  mod = 1.1913598789577638e-16,  Error =4.370486408333818e-07
Completed 63 % :  mod = 1.0124534939539715e-16,  Error =4.440981413722511e-07
Completed 64 % :  mod = 8.066083815306743e-17,  Error =4.5114767743825723e-07
Completed 65 % :  mod = 5.793015568136728e-17,  Error =4.581956289939626e-07
Completed 66 % :  mod = 3.3658105114729746e-17,  Error =4.6524509400569514e-07
Completed 67 % :  mod = 8.490511800609896e-18,  Error =4.722935145196061e-07
Completed 68 % :  mod = 1.6903001444301954e-17,  Error =4.793422689886029e-07
Completed 69 % :  mod = 4.1846780467577844e-17,  Error =4.863912224095657e-07
Completed 70 % :  mod = 6.567710397260772e-17,  Error =4.934396926614681e-07
Completed 71 % :  mod = 8.775994024291757e-17,  Error =5.004891718840554e-07
Completed 72 % :  mod = 1.075077433030013e-16,  Error =5.075379263530522e-07
Completed 73 % :  mod = 1.2439502691979746e-16,  Error =5.145872705725196e-07
Completed 74 % :  mod = 1.3797248959052804e-16,  Error =5.216372613858766e-07
Completed 75 % :  mod = 1.478788963718123e-16,  Error =5.286862432285488e-07
Completed 76 % :  mod = 1.5385062718057386e-16,  Error =5.357356158697257e-07
Completed 77 % :  mod = 1.5572880419578874e-16,  Error =5.427862248552628e-07
Completed 78 % :  mod = 1.5346345485171318e-16,  Error =5.498352564359266e-07
Completed 79 % :  mod = 1.4711485833282457e-16,  Error =5.568842809111629e-07
Completed 80 % :  mod = 1.3685193174444627e-16,  Error =5.63934094088836e-07
Completed 81 % :  mod = 1.2294772838905903e-16,  Error =5.709835591005685e-07
Completed 82 % :  mod = 1.0577221477349332e-16,  Error =5.780318872439238e-07
Completed 83 % :  mod = 8.578240430877557e-17,  Error =5.850812101471092e-07
Completed 84 % :  mod = 6.351013349352978e-17,  Error =5.921304691014484e-07
Completed 85 % :  mod = 3.9548023728404324e-17,  Error =5.991790885673254e-07
Completed 86 % :  mod = 1.4533668000904184e-17,  Error =6.062280561991429e-07
Completed 87 % :  mod = 1.0867393577289942e-17,  Error =6.132778338496792e-07
Completed 88 % :  mod = 3.5979320324521963e-17,  Error =6.203275901839334e-07
Completed 89 % :  mod = 6.013391620726064e-17,  Error =6.273764654451952e-07
Completed 90 % :  mod = 8.268850991772658e-17,  Error =6.344252909684656e-07
Completed 91 % :  mod = 1.0304299267486053e-16,  Error =6.4147453571195e-07
Completed 92 % :  mod = 1.2065577567571285e-16,  Error =6.485239083531269e-07
Completed 93 % :  mod = 1.35058235770866e-16,  Error =6.555725633461407e-07
Completed 94 % :  mod = 1.4586714835093268e-16,  Error =6.626220212524458e-07
Completed 95 % :  mod = 1.5279492680856358e-16,  Error =6.696706620346049e-07
Completed 96 % :  mod = 1.5565725829438052e-16,  Error =6.767193596601828e-07
Completed 97 % :  mod = 1.5437794577378847e-16,  Error =6.83767744646957e-07
Completed 98 % :  mod = 1.4899103936122135e-16,  Error =6.908172665021084e-07
Completed 99 % :  mod = 1.3963991277298813e-16,  Error =6.978655164857628e-07
Completed 100 % :  mod = 1.2657332269053337e-16,  Error =7.04914697280401e-07
Finished 6/201 frames
Finished all frames!
