/opt/local/miniconda_23_9/lib/python3.11/site-packages/conda/base/context.py:201: FutureWarning: Adding 'defaults' to channel list implicitly is deprecated and will be removed in 25.3. 

To remove this warning, please choose a default channel explicitly with conda's regular configuration system, e.g. by adding 'defaults' to the list of channels:

  conda config --add channels defaults

For more information see https://docs.conda.io/projects/conda/en/stable/user-guide/configuration/use-condarc.html

  deprecated.topic(
JOB 14069 ARRAY_ID 198  -> i=198 ; range=[1.9e-10, 5.0e-10] ; intervals=200 (frames=201)
Analytic t0 extension enabled (--extend-time-using-t0).
Density options: centers='2.0e-10,4.0e-10' width='2.0e-11,5.0e-11' strength='7.0'
Completed 0 % :  mod = 3.9458569170278935e-16,  Error =-1.4210854715202004e-14
Completed 1 % :  mod = 7.209647168656211e-16,  Error =2.905190115143341e-07
Completed 2 % :  mod = 2.2400264237165857e-15,  Error =5.810379946069588e-07
Completed 3 % :  mod = 7.464735186462219e-15,  Error =8.7155790140514e-07
Completed 4 % :  mod = 2.50382599938175e-14,  Error =1.162077069238876e-06
Completed 5 % :  mod = 8.403225878109178e-14,  Error =1.452596912088211e-06
Completed 6 % :  mod = 2.820397503743777e-13,  Error =1.743116001762246e-06
Completed 7 % :  mod = 9.466219277097998e-13,  Error =2.033634430631537e-06
Completed 8 % :  mod = 3.17718552228779e-12,  Error =2.32414787859625e-06
Completed 9 % :  mod = 1.0663604992134623e-11,  Error =2.6146019465045356e-06
Completed 10 % :  mod = 3.578590529299833e-11,  Error =2.9043839901987667e-06
Completed 11 % :  mod = 1.1985320742522538e-10,  Error =3.1868822247815842e-06
Completed 12 % :  mod = 3.7090071899444154e-10,  Error =3.4126253538602214e-06
Completed 13 % :  mod = 2.8725918368902594e-10,  Error =3.558788463919882e-06
Completed 14 % :  mod = 1.232642248647218e-10,  Error =3.8064461236331226e-06
Completed 15 % :  mod = 9.01970958268501e-11,  Error =4.083585075420615e-06
Completed 16 % :  mod = 2.1831396794229077e-10,  Error =4.339623153271077e-06
Completed 17 % :  mod = 4.927890123285215e-10,  Error =4.503682262679831e-06
Completed 18 % :  mod = 1.606388603447735e-10,  Error =4.6932808288602246e-06
Completed 19 % :  mod = 1.2342404235872793e-10,  Error =4.948754451561399e-06
Completed 20 % :  mod = 3.678838705510448e-10,  Error =5.176426292052838e-06
Completed 21 % :  mod = 3.767137024892189e-10,  Error =5.343074334973608e-06
Completed 22 % :  mod = 1.4243626609585796e-10,  Error =5.559600062099435e-06
Completed 23 % :  mod = 1.7519125355933572e-10,  Error =5.8096365478377265e-06
Completed 24 % :  mod = 4.850031524746765e-10,  Error =5.991318154485725e-06
Completed 25 % :  mod = 2.2255966679574703e-10,  Error =6.1609422559172344e-06
Completed 26 % :  mod = 1.0447279914887108e-10,  Error =6.414521230624359e-06
Completed 27 % :  mod = 1.8155672344424815e-10,  Error =6.6821329554045406e-06
Completed 28 % :  mod = 4.147075033500624e-10,  Error =6.8920126636839996e-06
Completed 28 % :  mod = 2.4347194442199686e-10,  Error =7.037951739619075e-06
Completed 30 % :  mod = 1.4972924088185103e-10,  Error =7.285530422507236e-06
Completed 31 % :  mod = 1.1797823260756334e-10,  Error =7.5567977830814925e-06
Completed 32 % :  mod = 2.862616342697746e-10,  Error =7.791436530624196e-06
Completed 33 % :  mod = 3.4242867388248304e-10,  Error =7.932351238082447e-06
Completed 34 % :  mod = 1.8090293547951558e-10,  Error =8.156028982853059e-06
Completed 35 % :  mod = 1.7192784725073876e-10,  Error =8.41358925640634e-06
Completed 36 % :  mod = 3.136486916150377e-10,  Error =8.624213371888345e-06
Completed 37 % :  mod = 3.6130258837855833e-10,  Error =8.784610365353274e-06
Completed 38 % :  mod = 1.6168816662618257e-10,  Error =9.014697582188091e-06
Completed 39 % :  mod = 1.974356989145595e-10,  Error =9.251365312934468e-06
Completed 40 % :  mod = 4.0882692408400457e-10,  Error =9.405759243463763e-06
Completed 41 % :  mod = 1.9256977657157515e-10,  Error =9.604806706420277e-06
Completed 42 % :  mod = 1.7513513671058274e-10,  Error =9.86179370698892e-06
Completed 43 % :  mod = 2.2521368616176924e-10,  Error =1.0105469684162927e-05
Completed 44 % :  mod = 4.69209467907457e-10,  Error =1.0258570682708523e-05
Completed 45 % :  mod = 1.6142131239213715e-10,  Error =1.0456159081684291e-05
Completed 46 % :  mod = 1.4793077707478339e-10,  Error =1.0707962857736675e-05
Completed 47 % :  mod = 3.922953422006317e-10,  Error =1.0925697608854534e-05
Completed 48 % :  mod = 3.1997551983951483e-10,  Error =1.1082109580229371e-05
Completed 49 % :  mod = 2.2183080750073017e-10,  Error =1.1303101992155007e-05
Completed 50 % :  mod = 1.8531832364477853e-10,  Error =1.1545022680081729e-05
Completed 51 % :  mod = 4.4634396171594047e-10,  Error =1.1706799440958093e-05
Completed 52 % :  mod = 2.1444650271564164e-10,  Error =1.1892943334146366e-05
Completed 53 % :  mod = 1.2578173157116227e-10,  Error =1.2147670553019907e-05
Completed 54 % :  mod = 2.5460075037567406e-10,  Error =1.2394197092646664e-05
Completed 55 % :  mod = 4.3533803298940125e-10,  Error =1.2554532787589778e-05
Completed 56 % :  mod = 2.242609652108664e-10,  Error =1.274200255352298e-05
Completed 56 % :  mod = 1.3545159944475757e-10,  Error =1.2992779282683387e-05
Completed 57 % :  mod = 3.3772539527214727e-10,  Error =1.3207765448441933e-05
Completed 59 % :  mod = 3.906758744570685e-10,  Error =1.3370613523022712e-05
Completed 60 % :  mod = 1.433290103674939e-10,  Error =1.3594674015848796e-05
Completed 61 % :  mod = 1.9100241271963052e-10,  Error =1.3836684878754113e-05
Completed 62 % :  mod = 4.689166837778806e-10,  Error =1.4002932395840162e-05
Completed 63 % :  mod = 2.3533461246465175e-10,  Error =1.418520383822397e-05
Completed 64 % :  mod = 1.1484091981370647e-10,  Error =1.443808860557283e-05
Completed 65 % :  mod = 2.30971782100448e-10,  Error =1.4683854544728092e-05
Completed 66 % :  mod = 4.985765561642693e-10,  Error =1.485845540827313e-05
Completed 67 % :  mod = 1.6567206627219727e-10,  Error =1.5038110703358143e-05
Completed 68 % :  mod = 1.5683519572906122e-10,  Error =1.527376400645153e-05
Completed 69 % :  mod = 4.775659778034005e-10,  Error =1.5465907253542355e-05
Completed 70 % :  mod = 2.632660974730677e-10,  Error =1.5635771987376756e-05
Completed 71 % :  mod = 1.1329451871611808e-10,  Error =1.5877445910916776e-05
Completed 72 % :  mod = 1.9794638222007907e-10,  Error =1.613705691738687e-05
Completed 73 % :  mod = 4.580153131050981e-10,  Error =1.6332088165427194e-05
Completed 74 % :  mod = 2.116624548325883e-10,  Error =1.6487662669817382e-05
Completed 75 % :  mod = 1.0416133391590746e-10,  Error =1.673727621209764e-05
Completed 76 % :  mod = 2.0704563213944289e-10,  Error =1.7000845645043228e-05
Completed 77 % :  mod = 3.781836551338075e-10,  Error =1.7207536920693656e-05
Completed 78 % :  mod = 2.0927910317565799e-10,  Error =1.7355951783315504e-05
Completed 79 % :  mod = 2.462685788834472e-10,  Error =1.759194968542488e-05
Completed 80 % :  mod = 2.742036115207911e-10,  Error =1.7825054719367017e-05
Completed 81 % :  mod = 3.672618719018397e-10,  Error =1.7982816899575482e-05
Completed 82 % :  mod = 1.4032495849973545e-10,  Error =1.8191250887866772e-05
Completed 83 % :  mod = 1.3946603450797638e-10,  Error =1.8451284688580927e-05
Completed 84 % :  mod = 3.480181646976349e-10,  Error =1.868079856848226e-05
Completed 85 % :  mod = 2.97783473683149e-10,  Error =1.8822387104933114e-05
Completed 86 % :  mod = 1.9569216416927802e-10,  Error =1.9049097112144864e-05
Completed 87 % :  mod = 1.2361687997672075e-10,  Error =1.9317522443884627e-05
Completed 88 % :  mod = 2.172317747170047e-10,  Error =1.9563172337200285e-05
Completed 89 % :  mod = 4.6508260280099766e-10,  Error =1.971344749307491e-05
Completed 90 % :  mod = 1.4083280136908616e-10,  Error =1.9918671419816292e-05
Completed 91 % :  mod = 1.3879987084066036e-10,  Error =2.017723512892644e-05
Completed 92 % :  mod = 3.471923442468983e-10,  Error =2.0405592650263316e-05
Completed 93 % :  mod = 3.9315701052524483e-10,  Error =2.0563266453166307e-05
Completed 94 % :  mod = 1.752807923233253e-10,  Error =2.077769672581553e-05
Completed 95 % :  mod = 1.7746198346623796e-10,  Error =2.1025612163327878e-05
Completed 96 % :  mod = 4.984605297595261e-10,  Error =2.1207044710536138e-05
Completed 97 % :  mod = 1.943635471666341e-10,  Error =2.1375844397653054e-05
Completed 98 % :  mod = 1.2624369754674692e-10,  Error =2.162544657124954e-05
Completed 99 % :  mod = 2.4230021896845907e-10,  Error =2.1881969438197757e-05
Completed 100 % :  mod = 4.1222090107167176e-10,  Error =2.2062411368040102e-05
Finished 199/201 frames
Finished all frames!
