/opt/local/miniconda_23_9/lib/python3.11/site-packages/conda/base/context.py:201: FutureWarning: Adding 'defaults' to channel list implicitly is deprecated and will be removed in 25.3. 

To remove this warning, please choose a default channel explicitly with conda's regular configuration system, e.g. by adding 'defaults' to the list of channels:

  conda config --add channels defaults

For more information see https://docs.conda.io/projects/conda/en/stable/user-guide/configuration/use-condarc.html

  deprecated.topic(
JOB 13429 ARRAY_ID 75  -> i=75 ; range=[1.9e-10, 6.0e-10] ; intervals=200 (frames=201)
Density options: centers='2.0e-10,4.0e-10' width='5e-11,5e-11' strength=''
Completed 0 % :  mod = 2.567489656635372e-16,  Error =-1.4210854715202004e-14
Completed 1 % :  mod = 3.383659414730644e-16,  Error =5.207770215065466e-08
Completed 2 % :  mod = 6.351067135738333e-16,  Error =1.0415489981596693e-07
Completed 3 % :  mod = 1.335630925758301e-15,  Error =1.56231259040851e-07
Completed 4 % :  mod = 2.8853126758529447e-15,  Error =2.083077816905643e-07
Completed 5 % :  mod = 6.269397160192213e-15,  Error =2.6038528488925294e-07
Completed 6 % :  mod = 1.3639392563603467e-14,  Error =3.124621983374709e-07
Completed 7 % :  mod = 2.9680939980410186e-14,  Error =3.645401420726557e-07
Completed 8 % :  mod = 6.459281505451855e-14,  Error =4.1661780159074624e-07
Completed 9 % :  mod = 1.4057102401301345e-13,  Error =4.6869435266216897e-07
Completed 10 % :  mod = 3.0592035276016173e-13,  Error =5.207707758358993e-07
Completed 11 % :  mod = 6.657645698245292e-13,  Error =5.728474974375786e-07
Completed 12 % :  mod = 1.4488744675974858e-12,  Error =6.2492386376789e-07
Completed 13 % :  mod = 3.153044268958509e-12,  Error =6.76997956361447e-07
Completed 14 % :  mod = 6.860856195089765e-12,  Error =7.290591312880679e-07
Completed 15 % :  mod = 1.4920544770741035e-11,  Error =7.810631359461695e-07
Completed 16 % :  mod = 3.236268453913978e-11,  Error =8.32795002736475e-07
Completed 17 % :  mod = 6.931971689976513e-11,  Error =8.832911362333107e-07
Completed 18 % :  mod = 1.398622212641327e-10,  Error =9.288892499625945e-07
Completed 19 % :  mod = 2.1656402557186746e-10,  Error =9.630426163198536e-07
Completed 20 % :  mod = 1.6918246127913248e-10,  Error =9.93823327632981e-07
Completed 21 % :  mod = 8.960741263072728e-11,  Error =1.0362499054394902e-06
Completed 22 % :  mod = 4.147701360923465e-11,  Error =1.0857257279894839e-06
Completed 23 % :  mod = 2.0153156578789457e-11,  Error =1.1372104182783005e-06
Completed 24 % :  mod = 1.0540557103421592e-11,  Error =1.1891462321500512e-06
Completed 25 % :  mod = 7.452994553309455e-12,  Error =1.2411748500085196e-06
Completed 26 % :  mod = 9.405071889376608e-12,  Error =1.2932084914041297e-06
Completed 27 % :  mod = 1.739510804285861e-11,  Error =1.3451781057938206e-06
Completed 28 % :  mod = 3.528078215603134e-11,  Error =1.3968253682605791e-06
Completed 28 % :  mod = 7.620271112876558e-11,  Error =1.4469996401089702e-06
Completed 30 % :  mod = 1.5082274600603508e-10,  Error =1.4915867083686862e-06
Completed 31 % :  mod = 2.1692547127305193e-10,  Error =1.5244038991113484e-06
Completed 32 % :  mod = 1.5968848357169738e-10,  Error =1.5562108472977343e-06
Completed 33 % :  mod = 8.216197270554611e-11,  Error =1.599857256451287e-06
Completed 34 % :  mod = 3.805632629464254e-11,  Error =1.6497257959713352e-06
Completed 35 % :  mod = 1.9135539560269942e-11,  Error =1.7012947921557497e-06
Completed 36 % :  mod = 1.0841791526941752e-11,  Error =1.753238187518491e-06
Completed 37 % :  mod = 9.469100143102755e-12,  Error =1.8052538450774591e-06
Completed 38 % :  mod = 1.4611105145154145e-11,  Error =1.8572432622931956e-06
Completed 39 % :  mod = 2.875297558515785e-11,  Error =1.9090371736751877e-06
Completed 40 % :  mod = 5.886124391090444e-11,  Error =1.959918790817028e-06
Completed 41 % :  mod = 1.244701635326428e-10,  Error =2.0069850492632213e-06
Completed 42 % :  mod = 2.0615557250708626e-10,  Error =2.0437414676166554e-06
Completed 43 % :  mod = 1.8691626973445728e-10,  Error =2.0733509700221475e-06
Completed 44 % :  mod = 1.0495871237587795e-10,  Error =2.113393072988856e-06
Completed 45 % :  mod = 4.8576398502623326e-11,  Error =2.1619276182605063e-06
Completed 46 % :  mod = 2.490535331230697e-11,  Error =2.2131593553353923e-06
Completed 47 % :  mod = 1.4841615979584484e-11,  Error =2.2650045679029063e-06
Completed 48 % :  mod = 1.3611742080012253e-11,  Error =2.3169604972395064e-06
Completed 49 % :  mod = 2.1938860005636944e-11,  Error =2.3688444770186834e-06
Completed 50 % :  mod = 4.4460541006036185e-11,  Error =2.4202659361094447e-06
Completed 51 % :  mod = 8.818234000198201e-11,  Error =2.4696349782971083e-06
Completed 52 % :  mod = 1.7382682292817378e-10,  Error =2.511669713101128e-06
Completed 53 % :  mod = 2.17890994721384e-10,  Error =2.5425437186754607e-06
Completed 54 % :  mod = 1.3355721237369763e-10,  Error =2.5768116103108696e-06
Completed 55 % :  mod = 7.210204232344671e-11,  Error =2.622537081720111e-06
Completed 56 % :  mod = 3.4817720210538835e-11,  Error =2.6729419317916836e-06
Completed 56 % :  mod = 2.0943799169017152e-11,  Error =2.7245336227110784e-06
Completed 57 % :  mod = 2.201973334576942e-11,  Error =2.776338511978338e-06
Completed 59 % :  mod = 3.4989252617977906e-11,  Error =2.8279435682065923e-06
Completed 60 % :  mod = 6.633740896873991e-11,  Error =2.878398355221634e-06
Completed 61 % :  mod = 1.4119269918873728e-10,  Error =2.9241622740983075e-06
Completed 62 % :  mod = 2.1183855255128518e-10,  Error =2.959026424775857e-06
Completed 63 % :  mod = 1.709280803102263e-10,  Error =2.989347265724973e-06
Completed 64 % :  mod = 9.803988361045983e-11,  Error =3.03119264799534e-06
Completed 65 % :  mod = 4.5624488633689366e-11,  Error =3.0802249995076636e-06
Completed 66 % :  mod = 2.8842036466610192e-11,  Error =3.131420818647257e-06
Completed 67 % :  mod = 2.929147792511875e-11,  Error =3.183020162111916e-06
Completed 68 % :  mod = 4.309554780988135e-11,  Error =3.234318803890801e-06
Completed 69 % :  mod = 8.50605012692927e-11,  Error =3.283797809672251e-06
Completed 70 % :  mod = 1.7033709392390703e-10,  Error =3.326753038379593e-06
Completed 71 % :  mod = 2.097405748278959e-10,  Error =3.3583328757913478e-06
Completed 72 % :  mod = 1.470086067729359e-10,  Error =3.391650608364216e-06
Completed 73 % :  mod = 7.802607632176863e-11,  Error =3.436563929426484e-06
Completed 74 % :  mod = 3.7856944238276205e-11,  Error =3.4866095361962834e-06
Completed 75 % :  mod = 2.7804197900313004e-11,  Error =3.538014212267626e-06
Completed 76 % :  mod = 3.358035966696339e-11,  Error =3.5895618211156943e-06
Completed 77 % :  mod = 5.430960845393865e-11,  Error =3.6404528103162193e-06
Completed 78 % :  mod = 1.1299747222880696e-10,  Error =3.688216956732049e-06
Completed 79 % :  mod = 1.999841849151016e-10,  Error =3.7269162689312907e-06
Completed 80 % :  mod = 1.929879763825277e-10,  Error =3.756395130949386e-06
Completed 81 % :  mod = 1.191741188741967e-10,  Error =3.7944271298329113e-06
Completed 82 % :  mod = 5.68534792211696e-11,  Error =3.842031453871186e-06
Completed 83 % :  mod = 2.931050390602071e-11,  Error =3.892942650907116e-06
Completed 84 % :  mod = 2.1726312536036692e-11,  Error =3.944632076979815e-06
Completed 85 % :  mod = 2.540511774232032e-11,  Error =3.996390951499507e-06
Completed 86 % :  mod = 4.363089896009982e-11,  Error =4.047716338106966e-06
Completed 87 % :  mod = 9.437951102822554e-11,  Error =4.096952530119324e-06
Completed 88 % :  mod = 1.698200451481733e-10,  Error =4.139114651025011e-06
Completed 89 % :  mod = 2.133589372620178e-10,  Error =4.169638145867793e-06
Completed 90 % :  mod = 1.4163921170264514e-10,  Error =4.204162188159444e-06
Completed 91 % :  mod = 6.749908135170273e-11,  Error =4.249825479973879e-06
Completed 92 % :  mod = 3.362183858476476e-11,  Error =4.3003021303889e-06
Completed 93 % :  mod = 1.826383559444065e-11,  Error =4.35197851089697e-06
Completed 94 % :  mod = 1.350834793296031e-11,  Error =4.403906132210977e-06
Completed 95 % :  mod = 1.8168292273933135e-11,  Error =4.45583051345011e-06
Completed 96 % :  mod = 3.496367426205706e-11,  Error =4.507489649085983e-06
Completed 97 % :  mod = 6.89521557329077e-11,  Error =4.557904944135771e-06
Completed 98 % :  mod = 1.4180927122206196e-10,  Error =4.603319290197305e-06
Completed 99 % :  mod = 2.1877689126621204e-10,  Error =4.6374739710586255e-06
Completed 100 % :  mod = 1.6486934615064013e-10,  Error =4.6682058538749516e-06
Finished 76/201 frames
Finished all frames!
