/opt/local/miniconda_23_9/lib/python3.11/site-packages/conda/base/context.py:201: FutureWarning: Adding 'defaults' to channel list implicitly is deprecated and will be removed in 25.3. 

To remove this warning, please choose a default channel explicitly with conda's regular configuration system, e.g. by adding 'defaults' to the list of channels:

  conda config --add channels defaults

For more information see https://docs.conda.io/projects/conda/en/stable/user-guide/configuration/use-condarc.html

  deprecated.topic(
JOB 13954 ARRAY_ID 83  -> i=83 ; range=[1.9e-10, 5.0e-10] ; intervals=200 (frames=201)
Analytic t0 extension enabled (--extend-time-using-t0).
Density options: centers='2.0e-10,4.0e-10' width='2.0e-11,5.0e-11' strength='7.0'
Completed 0 % :  mod = 2.8619252253648636e-16,  Error =-1.4210854715202004e-14
Completed 1 % :  mod = 4.066687457355475e-16,  Error =8.039673815574133e-08
Completed 2 % :  mod = 8.695292745175144e-16,  Error =1.6079425080306464e-07
Completed 3 % :  mod = 2.064467667396322e-15,  Error =2.4119176345038795e-07
Completed 4 % :  mod = 4.9975316142026836e-15,  Error =3.215896029473697e-07
Completed 5 % :  mod = 1.2138139060862878e-14,  Error =4.019872363869581e-07
Completed 6 % :  mod = 2.9498141177196234e-14,  Error =4.823849266699654e-07
Completed 7 % :  mod = 7.169334573212567e-14,  Error =5.627826382692547e-07
Completed 8 % :  mod = 1.7424891338930576e-13,  Error =6.431805061879459e-07
Completed 9 % :  mod = 4.2350873785546487e-13,  Error =7.235787791159964e-07
Completed 10 % :  mod = 1.0293287805857048e-12,  Error =8.039758654376783e-07
Completed 11 % :  mod = 2.501735613527322e-12,  Error =8.843710546102557e-07
Completed 12 % :  mod = 6.079981261715605e-12,  Error =9.64755095367309e-07
Completed 13 % :  mod = 1.4770888636771894e-11,  Error =1.0450705758557888e-06
Completed 14 % :  mod = 3.580834798386202e-11,  Error =1.124985153921898e-06
Completed 15 % :  mod = 8.570464388208788e-11,  Error =1.2026315232560592e-06
Completed 16 % :  mod = 1.893339569354693e-10,  Error =1.2697697684416198e-06
Completed 17 % :  mod = 2.6487348309201657e-10,  Error =1.3155737477177354e-06
Completed 18 % :  mod = 1.3991960711350692e-10,  Error =1.3683751376447617e-06
Completed 19 % :  mod = 6.565205916129888e-11,  Error =1.4409373392254565e-06
Completed 20 % :  mod = 2.948690798843805e-11,  Error =1.5197182818837973e-06
Completed 21 % :  mod = 1.805016022562638e-11,  Error =1.5996974624954419e-06
Completed 22 % :  mod = 2.378329656546639e-11,  Error =1.6797764885723154e-06
Completed 23 % :  mod = 4.917613355290416e-11,  Error =1.7592276293498799e-06
Completed 24 % :  mod = 1.0554065536372574e-10,  Error =1.8350955670598523e-06
Completed 25 % :  mod = 2.300016759511981e-10,  Error =1.8961412351359286e-06
Completed 26 % :  mod = 2.400948344231479e-10,  Error =1.939940318607114e-06
Completed 27 % :  mod = 1.1039380310331555e-10,  Error =1.9995462565702837e-06
Completed 28 % :  mod = 5.261992922888628e-11,  Error =2.074859509093585e-06
Completed 28 % :  mod = 2.781178965568177e-11,  Error =2.154118078578904e-06
Completed 30 % :  mod = 2.445346151659415e-11,  Error =2.23402381749338e-06
Completed 31 % :  mod = 4.4161547517263154e-11,  Error =2.313531155095916e-06
Completed 32 % :  mod = 1.0247096603397082e-10,  Error =2.3901600059161865e-06
Completed 33 % :  mod = 1.9925152899819277e-10,  Error =2.454517840533299e-06
Completed 34 % :  mod = 2.585356079983872e-10,  Error =2.49828084974979e-06
Completed 35 % :  mod = 1.3081184468113442e-10,  Error =2.5544452171288867e-06
Completed 36 % :  mod = 5.830281482169907e-11,  Error =2.6280206526507754e-06
Completed 37 % :  mod = 3.5947504474534876e-11,  Error =2.706801765839373e-06
Completed 38 % :  mod = 3.526839836656327e-11,  Error =2.7863470535294255e-06
Completed 39 % :  mod = 6.093715156803926e-11,  Error =2.8649250154444417e-06
Completed 40 % :  mod = 1.4954830818012312e-10,  Error =2.9374741288279438e-06
Completed 41 % :  mod = 2.524552812769265e-10,  Error =2.9919434467728934e-06
Completed 42 % :  mod = 1.8926229206148587e-10,  Error =3.036318815929917e-06
Completed 43 % :  mod = 1.0481937295896892e-10,  Error =3.1021401341035926e-06
Completed 44 % :  mod = 4.890794782027668e-11,  Error =3.1784886260766143e-06
Completed 45 % :  mod = 4.5457939926965216e-11,  Error =3.2571073234066716e-06
Completed 46 % :  mod = 8.967524945548104e-11,  Error =3.33437186128549e-06
Completed 47 % :  mod = 1.6540970010252982e-10,  Error =3.403664585732713e-06
Completed 48 % :  mod = 2.565786487113423e-10,  Error =3.451587978986481e-06
Completed 49 % :  mod = 1.7373210116283792e-10,  Error =3.501746668632677e-06
Completed 50 % :  mod = 7.162125880185456e-11,  Error =3.5718560624786733e-06
Completed 51 % :  mod = 3.668495987707154e-11,  Error =3.649926462401254e-06
Completed 52 % :  mod = 3.242254280823281e-11,  Error =3.729499098881206e-06
Completed 53 % :  mod = 4.8052609571080175e-11,  Error =3.8087734637315407e-06
Completed 54 % :  mod = 9.989438044238066e-11,  Error =3.884879610893677e-06
Completed 55 % :  mod = 2.270784064663918e-10,  Error =3.9475277020528665e-06
Completed 56 % :  mod = 2.396384813495923e-10,  Error =3.991603975350699e-06
Completed 56 % :  mod = 1.1914586350553034e-10,  Error =4.049450296861323e-06
Completed 57 % :  mod = 5.734939073374755e-11,  Error =4.124194688870375e-06
Completed 59 % :  mod = 2.6423127789829944e-11,  Error =4.203355622678373e-06
Completed 60 % :  mod = 2.1384405674551377e-11,  Error =4.2833105595718735e-06
Completed 61 % :  mod = 3.830879562947985e-11,  Error =4.363070623014664e-06
Completed 62 % :  mod = 8.000821718446636e-11,  Error =4.440971956398698e-06
Completed 63 % :  mod = 1.7096516144797545e-10,  Error =4.5097176339936595e-06
Completed 64 % :  mod = 2.7617547549395253e-10,  Error =4.557332339061304e-06
Completed 65 % :  mod = 1.4986131967056542e-10,  Error =4.607433304215647e-06
Completed 66 % :  mod = 7.504622033830227e-11,  Error =4.678222815357458e-06
Completed 67 % :  mod = 3.966581436183905e-11,  Error =4.756369193614773e-06
Completed 68 % :  mod = 3.120803718712362e-11,  Error =4.83587037081179e-06
Completed 69 % :  mod = 5.424148861975633e-11,  Error =4.9148476577443034e-06
Completed 70 % :  mod = 1.2633878491284005e-10,  Error =4.9896706997287765e-06
Completed 71 % :  mod = 2.2247603973426997e-10,  Error =5.049068796836309e-06
Completed 72 % :  mod = 2.3231192563499646e-10,  Error =5.092153926966603e-06
Completed 73 % :  mod = 1.166230550886163e-10,  Error =5.153387483858296e-06
Completed 74 % :  mod = 5.353023475342494e-11,  Error =5.228294320147597e-06
Completed 75 % :  mod = 5.000004209606296e-11,  Error =5.306673322991173e-06
Completed 76 % :  mod = 8.051022185691368e-11,  Error =5.38431142160789e-06
Completed 77 % :  mod = 1.413916928666411e-10,  Error =5.455357793948679e-06
Completed 78 % :  mod = 2.7159777300072316e-10,  Error =5.5061153787505646e-06
Completed 79 % :  mod = 1.8410680545670858e-10,  Error =5.553594924379013e-06
Completed 80 % :  mod = 8.025457070929041e-11,  Error =5.621282696210983e-06
Completed 81 % :  mod = 4.342976307369137e-11,  Error =5.698831756717482e-06
Completed 82 % :  mod = 3.001269864237567e-11,  Error =5.778317600402261e-06
Completed 83 % :  mod = 4.1630286415580153e-11,  Error =5.857717376045457e-06
Completed 84 % :  mod = 9.753286724149394e-11,  Error =5.934564107690221e-06
Completed 85 % :  mod = 2.0028273571139832e-10,  Error =6.000291030261451e-06
Completed 86 % :  mod = 2.4998582358338847e-10,  Error =6.044845612507288e-06
Completed 87 % :  mod = 1.4005122342745058e-10,  Error =6.099672646087129e-06
Completed 88 % :  mod = 5.861250953193094e-11,  Error =6.173033938239314e-06
Completed 89 % :  mod = 2.6153147597536142e-11,  Error =6.252058348366063e-06
Completed 90 % :  mod = 1.460961046316069e-11,  Error =6.332163614786168e-06
Completed 91 % :  mod = 1.2794114771466275e-11,  Error =6.41242687038357e-06
Completed 92 % :  mod = 2.368404133514289e-11,  Error =6.4925617166977645e-06
Completed 93 % :  mod = 5.728811957130777e-11,  Error =6.571763428553368e-06
Completed 94 % :  mod = 1.2736981843327377e-10,  Error =6.646056867509742e-06
Completed 95 % :  mod = 2.439100427390044e-10,  Error =6.702718302165067e-06
Completed 96 % :  mod = 2.1627530598732678e-10,  Error =6.746767034826462e-06
Completed 97 % :  mod = 9.82011443830228e-11,  Error =6.810802233303548e-06
Completed 98 % :  mod = 4.418094651663588e-11,  Error =6.887318590997893e-06
Completed 99 % :  mod = 2.8553455740313056e-11,  Error =6.9667705702158855e-06
Completed 100 % :  mod = 3.092325465982896e-11,  Error =7.046561755430503e-06
Finished 84/201 frames
Finished all frames!
