/opt/local/miniconda_23_9/lib/python3.11/site-packages/conda/base/context.py:201: FutureWarning: Adding 'defaults' to channel list implicitly is deprecated and will be removed in 25.3. 

To remove this warning, please choose a default channel explicitly with conda's regular configuration system, e.g. by adding 'defaults' to the list of channels:

  conda config --add channels defaults

For more information see https://docs.conda.io/projects/conda/en/stable/user-guide/configuration/use-condarc.html

  deprecated.topic(
JOB 13900 ARRAY_ID 29  -> i=29 ; range=[1.9e-10, 5.0e-10] ; intervals=200 (frames=201)
Analytic t0 extension enabled (--extend-time-using-t0).
Density options: centers='2.0e-10,4.0e-10' width='2.0e-11,5.0e-11' strength='7.0'
Extending simulation time for p0=2.177e-10 from 10000000000.0 to 1.369e+10
Completed 0 % :  mod = 1.7412797188176843e-16,  Error =-1.4210854715202004e-14
Completed 1 % :  mod = 1.8873153178474724e-16,  Error =1.5080736659456306e-08
Completed 2 % :  mod = 2.3498703209561456e-16,  Error =3.016130989408339e-08
Completed 3 % :  mod = 3.206519255756072e-16,  Error =4.5241691282171814e-08
Completed 4 % :  mod = 4.600929654143762e-16,  Error =6.032062316307929e-08
Completed 5 % :  mod = 6.766956522285038e-16,  Error =7.540008084561123e-08
Completed 6 % :  mod = 1.0067861502560893e-15,  Error =9.048006432976763e-08
Completed 7 % :  mod = 1.505723551822445e-15,  Error =1.0555917384635904e-07
Completed 8 % :  mod = 2.2571840484140316e-15,  Error =1.2063863863431834e-07
Completed 9 % :  mod = 3.3871941827914022e-15,  Error =1.3571833079595308e-07
Completed 10 % :  mod = 5.0852666098836514e-15,  Error =1.5079839954523777e-07
Completed 11 % :  mod = 7.636183017937579e-15,  Error =1.6587866014106112e-07
Completed 12 % :  mod = 1.1467754544883356e-14,  Error =1.8095823151043078e-07
Completed 13 % :  mod = 1.7222569398591864e-14,  Error =1.9603796630462966e-07
Completed 14 % :  mod = 2.586576049251964e-14,  Error =2.1111826953301716e-07
Completed 15 % :  mod = 3.884686625693498e-14,  Error =2.2619799011636132e-07
Completed 16 % :  mod = 5.834292960178993e-14,  Error =2.412770356841065e-07
Completed 17 % :  mod = 8.762360234307435e-14,  Error =2.5635770128928925e-07
Completed 18 % :  mod = 1.315994780598094e-13,  Error =2.7143723002609477e-07
Completed 19 % :  mod = 1.9764558602651016e-13,  Error =2.865173556187983e-07
Completed 20 % :  mod = 2.9683805905525306e-13,  Error =3.0159686303932176e-07
Completed 21 % :  mod = 4.458110565111969e-13,  Error =3.1667594413420375e-07
Completed 22 % :  mod = 6.695442842301712e-13,  Error =3.317550678616499e-07
Completed 23 % :  mod = 1.005544943050048e-12,  Error =3.468353853008921e-07
Completed 24 % :  mod = 1.5101130594424756e-12,  Error =3.6191433849808163e-07
Completed 25 % :  mod = 2.2676989810269376e-12,  Error =3.76993426698391e-07
Completed 26 % :  mod = 3.404780382932772e-12,  Error =3.920701914239544e-07
Completed 27 % :  mod = 5.110106504376163e-12,  Error =4.0714297711019753e-07
Completed 28 % :  mod = 7.663091009005422e-12,  Error =4.222056588787382e-07
Completed 29 % :  mod = 1.146973103794649e-11,  Error =4.3724828913127567e-07
Completed 30 % :  mod = 1.709445712309365e-11,  Error =4.5224818734368455e-07
Completed 31 % :  mod = 2.5238122052746564e-11,  Error =4.671482969342833e-07
Completed 32 % :  mod = 3.650346601157133e-11,  Error =4.818436210030086e-07
Completed 33 % :  mod = 5.0582222473181636e-11,  Error =4.961603536912662e-07
Completed 34 % :  mod = 6.458381668737363e-11,  Error =5.099011914921903e-07
Completed 35 % :  mod = 7.2238476149013e-11,  Error =5.230857951232792e-07
Completed 36 % :  mod = 6.853002909804355e-11,  Error =5.361580051044257e-07
Completed 37 % :  mod = 5.603309646776592e-11,  Error =5.496708652685811e-07
Completed 38 % :  mod = 4.1449542437282313e-11,  Error =5.637932645186083e-07
Completed 39 % :  mod = 2.90160045992462e-11,  Error =5.783725143260199e-07
Completed 40 % :  mod = 1.976830437410616e-11,  Error =5.932125546337375e-07
Completed 41 % :  mod = 1.3299034220793266e-11,  Error =6.081812600200465e-07
Completed 42 % :  mod = 8.895859586967683e-12,  Error =6.232113634041525e-07
Completed 43 % :  mod = 5.935323859136722e-12,  Error =6.382694905937569e-07
Completed 44 % :  mod = 3.9555445403983525e-12,  Error =6.533394767416212e-07
Completed 45 % :  mod = 2.6348067325043795e-12,  Error =6.684144295832084e-07
Completed 46 % :  mod = 1.7546668220378877e-12,  Error =6.834928001353546e-07
Completed 47 % :  mod = 1.1684211860749967e-12,  Error =6.985720659713479e-07
Completed 48 % :  mod = 7.780182214500043e-13,  Error =7.136522057749062e-07
Completed 49 % :  mod = 5.18062754894741e-13,  Error =7.287319832016692e-07
Completed 50 % :  mod = 3.449812454731058e-13,  Error =7.438121016889454e-07
Completed 51 % :  mod = 2.297532681178405e-13,  Error =7.588911188349812e-07
Completed 52 % :  mod = 1.5305609775372393e-13,  Error =7.739703207221282e-07
Completed 53 % :  mod = 1.0202753603525974e-13,  Error =7.890493733953008e-07
Completed 54 % :  mod = 6.810981708502184e-14,  Error =8.041291224003544e-07
Completed 55 % :  mod = 4.561469208596982e-14,  Error =8.192088785108353e-07
Completed 56 % :  mod = 3.07695463407198e-14,  Error =8.342896649082832e-07
Completed 57 % :  mod = 2.1084723288326274e-14,  Error =8.493704442003036e-07
Completed 58 % :  mod = 1.4935994308934022e-14,  Error =8.644497384580063e-07
Completed 59 % :  mod = 1.1292163700831264e-14,  Error =8.795305532771636e-07
Completed 60 % :  mod = 9.542128839677076e-15,  Error =8.94610657553585e-07
Completed 61 % :  mod = 9.39239331842921e-15,  Error =9.096902999772283e-07
Completed 62 % :  mod = 1.0817845185163124e-14,  Error =9.24770091614846e-07
Completed 63 % :  mod = 1.4057545226993223e-14,  Error =9.398514251302004e-07
Completed 64 % :  mod = 1.9654819467086404e-14,  Error =9.549307620204672e-07
Completed 65 % :  mod = 2.854837967989567e-14,  Error =9.700097152176568e-07
Completed 66 % :  mod = 4.2229753302522e-14,  Error =9.850897413343773e-07
Completed 67 % :  mod = 6.299342436972339e-14,  Error =1.0001685026850282e-06
Completed 68 % :  mod = 9.432163315645893e-14,  Error =1.0152490332870912e-06
Completed 69 % :  mod = 1.4146835767321338e-13,  Error =1.03032914466894e-06
Completed 70 % :  mod = 2.123403815739433e-13,  Error =1.0454084105049333e-06
Completed 71 % :  mod = 3.188230950475544e-13,  Error =1.0604879889797303e-06
Completed 72 % :  mod = 4.787729836832587e-13,  Error =1.0755675106111084e-06
Completed 73 % :  mod = 7.190096279014438e-13,  Error =1.0906469469773583e-06
Completed 74 % :  mod = 1.07980446738437e-12,  Error =1.1057259783342488e-06
Completed 75 % :  mod = 1.6216037845356953e-12,  Error =1.1208040078258819e-06
Completed 76 % :  mod = 2.435061442098833e-12,  Error =1.1358829468122167e-06
Completed 77 % :  mod = 3.65588818563517e-12,  Error =1.1509591004710273e-06
Completed 78 % :  mod = 5.4864145036826404e-12,  Error =1.1660309127137225e-06
Completed 79 % :  mod = 8.225488790602854e-12,  Error =1.1810925713007236e-06
Completed 80 % :  mod = 1.2305085935725741e-11,  Error =1.1961290766748789e-06
Completed 81 % :  mod = 1.8318156540790047e-11,  Error =1.211114870613983e-06
Completed 82 % :  mod = 2.697561422732082e-11,  Error =1.2259882566922897e-06
Completed 83 % :  mod = 3.8803342267576476e-11,  Error =1.2406318035118602e-06
Completed 84 % :  mod = 5.318029265929909e-11,  Error =1.2548603294249006e-06
Completed 85 % :  mod = 6.658866989405155e-11,  Error =1.2684928805128948e-06
Completed 86 % :  mod = 7.244787750263845e-11,  Error =1.281614480319604e-06
Completed 87 % :  mod = 6.679044841544891e-11,  Error =1.294732342671523e-06
Completed 88 % :  mod = 5.345849249480897e-11,  Error =1.3083516421374952e-06
Completed 89 % :  mod = 3.905540896016996e-11,  Error =1.3225687638396266e-06
Completed 90 % :  mod = 2.7167985023124185e-11,  Error =1.3372068394801317e-06
Completed 91 % :  mod = 1.8454253278576456e-11,  Error =1.3520772981223672e-06
Completed 92 % :  mod = 1.2398178753331374e-11,  Error =1.3670626444195477e-06
Completed 93 % :  mod = 8.288219865525104e-12,  Error =1.382098851365754e-06
Completed 94 % :  mod = 5.528407126408653e-12,  Error =1.3971586128036506e-06
Completed 95 % :  mod = 3.683917313403211e-12,  Error =1.4122302331998071e-06
Completed 96 % :  mod = 2.453748473970763e-12,  Error =1.427306372647763e-06
Completed 97 % :  mod = 1.634059244951724e-12,  Error =1.4423832368493095e-06
Completed 98 % :  mod = 1.0881103252494338e-12,  Error =1.4574633127040215e-06
Completed 99 % :  mod = 7.245568119308578e-13,  Error =1.472542265901211e-06
Completed 100 % :  mod = 4.824912098497806e-13,  Error =1.487621403839512e-06
Finished 30/201 frames
Finished all frames!
