/opt/local/miniconda_23_9/lib/python3.11/site-packages/conda/base/context.py:201: FutureWarning: Adding 'defaults' to channel list implicitly is deprecated and will be removed in 25.3. 

To remove this warning, please choose a default channel explicitly with conda's regular configuration system, e.g. by adding 'defaults' to the list of channels:

  conda config --add channels defaults

For more information see https://docs.conda.io/projects/conda/en/stable/user-guide/configuration/use-condarc.html

  deprecated.topic(
JOB 13989 ARRAY_ID 118  -> i=118 ; range=[1.9e-10, 5.0e-10] ; intervals=200 (frames=201)
Analytic t0 extension enabled (--extend-time-using-t0).
Density options: centers='2.0e-10,4.0e-10' width='2.0e-11,5.0e-11' strength='7.0'
Completed 0 % :  mod = 3.140218332387134e-16,  Error =-1.4210854715202004e-14
Completed 1 % :  mod = 4.7768708975385e-16,  Error =1.1653331455363514e-07
Completed 2 % :  mod = 1.139284470273823e-15,  Error =2.3306616014906467e-07
Completed 3 % :  mod = 2.9884507741357214e-15,  Error =3.4959904837705835e-07
Completed 4 % :  mod = 7.95272255957338e-15,  Error =4.661323416144114e-07
Completed 5 % :  mod = 2.1206764369688513e-14,  Error =5.826652937912513e-07
Completed 6 % :  mod = 5.656634272113488e-14,  Error =6.991982530735186e-07
Completed 7 % :  mod = 1.508896207760278e-13,  Error =8.157310062983925e-07
Completed 8 % :  mod = 4.0249735481608023e-13,  Error =9.322648963916436e-07
Completed 9 % :  mod = 1.073659333607009e-12,  Error =1.0487977277762184e-06
Completed 10 % :  mod = 2.8639550336945485e-12,  Error =1.165326978025405e-06
Completed 11 % :  mod = 7.639037123389516e-12,  Error =1.2818352672638866e-06
Completed 12 % :  mod = 2.036651400416583e-11,  Error =1.3981923956407627e-06
Completed 13 % :  mod = 5.412497772859613e-11,  Error =1.5134835251728873e-06
Completed 14 % :  mod = 1.4037599895521262e-10,  Error =1.6218810827695052e-06
Completed 15 % :  mod = 2.9530265392856447e-10,  Error =1.7020486851038186e-06
Completed 16 % :  mod = 2.1226883065167676e-10,  Error =1.765334268100105e-06
Completed 17 % :  mod = 9.389899810864465e-11,  Error =1.863598676266065e-06
Completed 18 % :  mod = 3.8604703345917764e-11,  Error =1.976386563740107e-06
Completed 19 % :  mod = 3.377177499922558e-11,  Error =2.0917360572525467e-06
Completed 20 % :  mod = 6.657454661409613e-11,  Error =2.2062458384652928e-06
Completed 21 % :  mod = 1.424506698857878e-10,  Error =2.3133986744028334e-06
Completed 22 % :  mod = 3.006338348021341e-10,  Error =2.390327715318108e-06
Completed 23 % :  mod = 2.086175265360989e-10,  Error =2.4564588869679937e-06
Completed 24 % :  mod = 8.169222407608603e-11,  Error =2.5564899246433015e-06
Completed 25 % :  mod = 3.398566399084175e-11,  Error =2.6699656672235506e-06
Completed 26 % :  mod = 2.6101226913268675e-11,  Error =2.7857188342750305e-06
Completed 27 % :  mod = 4.224644855684553e-11,  Error =2.9013174156489185e-06
Completed 28 % :  mod = 9.232174269766143e-11,  Error =3.013702539078622e-06
Completed 28 % :  mod = 2.4043780346580857e-10,  Error =3.108043969746177e-06
Completed 30 % :  mod = 2.919860996398724e-10,  Error =3.171049399952608e-06
Completed 31 % :  mod = 1.1689450216874285e-10,  Error =3.254948502728894e-06
Completed 32 % :  mod = 6.02635416131574e-11,  Error =3.3641648826687742e-06
Completed 33 % :  mod = 4.655957118598172e-11,  Error =3.478521165334314e-06
Completed 34 % :  mod = 6.864299055295635e-11,  Error =3.5921687882023434e-06
Completed 35 % :  mod = 1.692256737823522e-10,  Error =3.6960031479793543e-06
Completed 36 % :  mod = 3.2468902739097377e-10,  Error =3.769050252344641e-06
Completed 37 % :  mod = 1.6632667379864047e-10,  Error =3.836494293807391e-06
Completed 38 % :  mod = 9.319986381640232e-11,  Error =3.937870580728031e-06
Completed 39 % :  mod = 6.373960504773414e-11,  Error =4.049843973064071e-06
Completed 40 % :  mod = 8.417529411107309e-11,  Error =4.161424712378903e-06
Completed 41 % :  mod = 2.100230945727454e-10,  Error =4.259089315894471e-06
Completed 42 % :  mod = 3.1956859977613e-10,  Error =4.326821859024221e-06
Completed 43 % :  mod = 1.3702301656819589e-10,  Error =4.401680065768687e-06
Completed 44 % :  mod = 9.468908714151226e-11,  Error =4.5049812911202025e-06
Completed 45 % :  mod = 1.181917848584645e-10,  Error =4.613423818966567e-06
Completed 46 % :  mod = 1.7722555084237493e-10,  Error =4.711836737669728e-06
Completed 47 % :  mod = 2.956231371731787e-10,  Error =4.777070280681528e-06
Completed 48 % :  mod = 1.846388824490606e-10,  Error =4.8532186625038776e-06
Completed 49 % :  mod = 7.175733301996286e-11,  Error =4.956789595667033e-06
Completed 50 % :  mod = 5.85380621780158e-11,  Error =5.0690291999444526e-06
Completed 51 % :  mod = 1.2554394241885337e-10,  Error =5.178917795944926e-06
Completed 52 % :  mod = 2.2424503691720576e-10,  Error =5.27159279783973e-06
Completed 53 % :  mod = 2.743395062340367e-10,  Error =5.33140941882948e-06
Completed 54 % :  mod = 1.4837728966694987e-10,  Error =5.416480014730496e-06
Completed 55 % :  mod = 6.023017092875078e-11,  Error =5.524100203047055e-06
Completed 56 % :  mod = 6.474916217348364e-11,  Error =5.636577363077322e-06
Completed 56 % :  mod = 1.565126593745321e-10,  Error =5.743901667187856e-06
Completed 57 % :  mod = 2.5403583792053304e-10,  Error =5.82786735492391e-06
Completed 59 % :  mod = 2.3382461575652823e-10,  Error =5.888900361128435e-06
Completed 60 % :  mod = 1.3543352195159719e-10,  Error =5.981537171351192e-06
Completed 61 % :  mod = 7.626566333871963e-11,  Error =6.089048241619821e-06
Completed 62 % :  mod = 1.2507429161418676e-10,  Error =6.194978254825401e-06
Completed 63 % :  mod = 3.030955560285764e-10,  Error =6.279392366081993e-06
Completed 64 % :  mod = 2.2608212639610796e-10,  Error =6.342277217186165e-06
Completed 65 % :  mod = 1.1052679322572087e-10,  Error =6.4333451987863555e-06
Completed 66 % :  mod = 6.924119526936331e-11,  Error =6.543493732635852e-06
Completed 67 % :  mod = 7.106399844361438e-11,  Error =6.6561577227730595e-06
Completed 68 % :  mod = 1.398418867451226e-10,  Error =6.761930492871215e-06
Completed 69 % :  mod = 3.232968615595936e-10,  Error =6.839242324474526e-06
Completed 70 % :  mod = 1.966253584054162e-10,  Error =6.9038848522495755e-06
Completed 71 % :  mod = 8.930152659701503e-11,  Error =7.0022875320319145e-06
Completed 72 % :  mod = 4.682486129587499e-11,  Error =7.115037718108397e-06
Completed 73 % :  mod = 4.2245490486610816e-11,  Error =7.229966712429814e-06
Completed 74 % :  mod = 8.248523810947776e-11,  Error =7.342875008475858e-06
Completed 75 % :  mod = 2.1783220280724352e-10,  Error =7.441973025379411e-06
Completed 76 % :  mod = 2.9567698505853633e-10,  Error =7.50846645303227e-06
Completed 77 % :  mod = 1.3828085413169553e-10,  Error =7.585669834497821e-06
Completed 78 % :  mod = 7.515517901950127e-11,  Error =7.692509797152525e-06
Completed 79 % :  mod = 5.0008980965537035e-11,  Error =7.806136920862627e-06
Completed 80 % :  mod = 7.121769364374149e-11,  Error =7.919148259816211e-06
Completed 81 % :  mod = 1.9689553362640773e-10,  Error =8.020876258285625e-06
Completed 82 % :  mod = 3.0785530038839207e-10,  Error =8.092299914608247e-06
Completed 83 % :  mod = 1.5308115173419864e-10,  Error =8.162511051068577e-06
Completed 84 % :  mod = 1.0428959515903955e-10,  Error =8.264864689522256e-06
Completed 85 % :  mod = 8.658453102758046e-11,  Error =8.37508206785742e-06
Completed 86 % :  mod = 1.270122611747162e-10,  Error =8.480356868290073e-06
Completed 87 % :  mod = 3.1145876494415896e-10,  Error =8.557859885627295e-06
Completed 88 % :  mod = 2.201996695628515e-10,  Error =8.624487627173494e-06
Completed 89 % :  mod = 8.736548602275819e-11,  Error =8.721283357715492e-06
Completed 90 % :  mod = 5.7527862916145207e-11,  Error =8.833241622596688e-06
Completed 91 % :  mod = 6.859826944102298e-11,  Error =8.946693625944135e-06
Completed 92 % :  mod = 1.3090896647792263e-10,  Error =9.054060498669969e-06
Completed 93 % :  mod = 2.971107384991206e-10,  Error =9.133147834461397e-06
Completed 94 % :  mod = 2.2626610025362028e-10,  Error =9.198638650786961e-06
Completed 95 % :  mod = 8.880213263829496e-11,  Error =9.296085188736924e-06
Completed 96 % :  mod = 4.144416743144215e-11,  Error =9.408699042978697e-06
Completed 97 % :  mod = 4.288287842146515e-11,  Error =9.523601114835856e-06
Completed 98 % :  mod = 8.792888436507831e-11,  Error =9.636560093895241e-06
Completed 99 % :  mod = 1.9411817665558027e-10,  Error =9.735954556333581e-06
Completed 100 % :  mod = 3.2561228940955883e-10,  Error =9.802127472369193e-06
Finished 119/201 frames
Finished all frames!
