/opt/local/miniconda_23_9/lib/python3.11/site-packages/conda/base/context.py:201: FutureWarning: Adding 'defaults' to channel list implicitly is deprecated and will be removed in 25.3. 

To remove this warning, please choose a default channel explicitly with conda's regular configuration system, e.g. by adding 'defaults' to the list of channels:

  conda config --add channels defaults

For more information see https://docs.conda.io/projects/conda/en/stable/user-guide/configuration/use-condarc.html

  deprecated.topic(
JOB 13923 ARRAY_ID 52  -> i=52 ; range=[1.9e-10, 5.0e-10] ; intervals=200 (frames=201)
Analytic t0 extension enabled (--extend-time-using-t0).
Density options: centers='2.0e-10,4.0e-10' width='2.0e-11,5.0e-11' strength='7.0'
Completed 0 % :  mod = 2.374031403279055e-16,  Error =-1.4210854715202004e-14
Completed 1 % :  mod = 2.9718009092942075e-16,  Error =3.806835735531422e-08
Completed 2 % :  mod = 5.066140312854219e-16,  Error =7.613618180357662e-08
Completed 3 % :  mod = 9.711738469191286e-16,  Error =1.1420367229675321e-07
Completed 4 % :  mod = 1.924807323675794e-15,  Error =1.5227117700078452e-07
Completed 5 % :  mod = 3.847754964699002e-15,  Error =1.9033937803669687e-07
Completed 6 % :  mod = 7.708394415151618e-15,  Error =2.284075506508998e-07
Completed 7 % :  mod = 1.5450905985140865e-14,  Error =2.664748919301019e-07
Completed 8 % :  mod = 3.097434280277975e-14,  Error =3.0454228294729546e-07
Completed 9 % :  mod = 6.209615522051224e-14,  Error =3.4261024239867766e-07
Completed 10 % :  mod = 1.2448897725294214e-13,  Error =3.806781805337778e-07
Completed 11 % :  mod = 2.4957316953703017e-13,  Error =4.1874545786413364e-07
Completed 12 % :  mod = 5.003394630552611e-13,  Error =4.568127991433357e-07
Completed 13 % :  mod = 1.0030677109087868e-12,  Error =4.948800764736916e-07
Completed 14 % :  mod = 2.0108979050393194e-12,  Error =5.329457692937467e-07
Completed 15 % :  mod = 4.031129454104744e-12,  Error =5.710080728249523e-07
Completed 16 % :  mod = 8.079245875092759e-12,  Error =6.090564639293916e-07
Completed 17 % :  mod = 1.61786617521023e-11,  Error =6.470450983897535e-07
Completed 18 % :  mod = 3.2286332446313133e-11,  Error =6.848001845582985e-07
Completed 19 % :  mod = 6.354732301300115e-11,  Error =7.216535280463177e-07
Completed 20 % :  mod = 1.1841311921451906e-10,  Error =7.554359982009373e-07
Completed 21 % :  mod = 1.80658631563891e-10,  Error =7.823333234568963e-07
Completed 22 % :  mod = 1.683546061463409e-10,  Error =8.051849675894118e-07
Completed 23 % :  mod = 1.0212570673239738e-10,  Error =8.340926882510757e-07
Completed 24 % :  mod = 5.3385640601881816e-11,  Error =8.689945261153298e-07
Completed 25 % :  mod = 2.7325849661041928e-11,  Error =9.061978687441297e-07
Completed 26 % :  mod = 1.3701272313058936e-11,  Error =9.440431867346888e-07
Completed 27 % :  mod = 7.1176836583457185e-12,  Error =9.820525832537896e-07
Completed 28 % :  mod = 4.1358628818668675e-12,  Error =1.0201027507150684e-06
Completed 28 % :  mod = 3.1542667651762433e-12,  Error =1.0581634413142638e-06
Completed 30 % :  mod = 3.789830116326525e-12,  Error =1.0962243592871346e-06
Completed 31 % :  mod = 6.392848024202897e-12,  Error =1.1342780723566648e-06
Completed 32 % :  mod = 1.2069810413137758e-11,  Error =1.1723005073349668e-06
Completed 33 % :  mod = 2.3843815403610505e-11,  Error =1.2101952293619433e-06
Completed 34 % :  mod = 4.751401866849822e-11,  Error =1.2475912001264078e-06
Completed 35 % :  mod = 9.051866514481023e-11,  Error =1.283158617582103e-06
Completed 36 % :  mod = 1.5642494348869508e-10,  Error =1.3134731489117257e-06
Completed 37 % :  mod = 1.876349271694735e-10,  Error =1.3368976041761016e-06
Completed 38 % :  mod = 1.298098929426998e-10,  Error =1.3623663690509602e-06
Completed 39 % :  mod = 7.269286030647394e-11,  Error =1.3951350013030606e-06
Completed 40 % :  mod = 3.698762804206275e-11,  Error =1.4316343879272608e-06
Completed 41 % :  mod = 1.8829472892374368e-11,  Error =1.4692843350871954e-06
Completed 42 % :  mod = 1.0396572222302408e-11,  Error =1.507239502984703e-06
Completed 43 % :  mod = 6.7081081004490285e-12,  Error =1.5452691854989098e-06
Completed 44 % :  mod = 6.508246545752152e-12,  Error =1.5833134980880459e-06
Completed 45 % :  mod = 9.78380700136301e-12,  Error =1.621346086722042e-06
Completed 46 % :  mod = 1.7636233207695895e-11,  Error =1.6593144707144347e-06
Completed 47 % :  mod = 3.4104829613383666e-11,  Error =1.6970223697398978e-06
Completed 48 % :  mod = 6.780767025313501e-11,  Error =1.7337295687980259e-06
Completed 49 % :  mod = 1.2277647435704355e-10,  Error =1.7671168919264346e-06
Completed 50 % :  mod = 1.8341199633464618e-10,  Error =1.793387156112658e-06
Completed 51 % :  mod = 1.6463535625252355e-10,  Error =1.8164571571333e-06
Completed 52 % :  mod = 9.652904240653004e-11,  Error =1.8459492778788444e-06
Completed 53 % :  mod = 5.108670099921191e-11,  Error =1.8811399229434755e-06
Completed 54 % :  mod = 2.6195385729854634e-11,  Error =1.918422320557056e-06
Completed 55 % :  mod = 1.3388131148440849e-11,  Error =1.9562820341434417e-06
Completed 56 % :  mod = 7.823595778499967e-12,  Error =1.994290009577071e-06
Completed 56 % :  mod = 5.983430071873715e-12,  Error =2.032333128454411e-06
Completed 57 % :  mod = 7.041750842619575e-12,  Error =2.0703776826280773e-06
Completed 59 % :  mod = 1.1857884657772619e-11,  Error =2.108397268330009e-06
Completed 60 % :  mod = 2.2604759490998765e-11,  Error =2.146309370232302e-06
Completed 61 % :  mod = 4.356189876425895e-11,  Error =2.1837911390321096e-06
Completed 62 % :  mod = 8.561800743831303e-11,  Error =2.2196671878305096e-06
Completed 63 % :  mod = 1.4889423953768406e-10,  Error =2.2507916312974885e-06
Completed 64 % :  mod = 1.8747220534865919e-10,  Error =2.2746671675122343e-06
Completed 65 % :  mod = 1.394088123178368e-10,  Error =2.299438328634551e-06
Completed 66 % :  mod = 7.70999394267593e-11,  Error =2.3315376296295653e-06
Completed 67 % :  mod = 3.9528016967155764e-11,  Error =2.3678042779806674e-06
Completed 68 % :  mod = 2.018090629198759e-11,  Error =2.4053982627947335e-06
Completed 69 % :  mod = 1.021446377657769e-11,  Error =2.443344087055266e-06
Completed 70 % :  mod = 5.604908359169811e-12,  Error =2.481378068353024e-06
Completed 71 % :  mod = 3.7960389690563336e-12,  Error =2.5194346662260614e-06
Completed 72 % :  mod = 3.828081828670415e-12,  Error =2.5574943407491446e-06
Completed 73 % :  mod = 5.824299810837455e-12,  Error =2.595549524642138e-06
Completed 74 % :  mod = 1.084313218188555e-11,  Error =2.633579967437072e-06
Completed 75 % :  mod = 2.0987575550560248e-11,  Error =2.671512874030668e-06
Completed 76 % :  mod = 4.1737808546704014e-11,  Error =2.7090553444963916e-06
Completed 77 % :  mod = 8.137679643191465e-11,  Error =2.745142559490432e-06
Completed 78 % :  mod = 1.429409938904222e-10,  Error =2.776763388112613e-06
Completed 79 % :  mod = 1.8961143760324473e-10,  Error =2.8010565173985924e-06
Completed 80 % :  mod = 1.4339241600040667e-10,  Error =2.825359629810009e-06
Completed 81 % :  mod = 8.108764998019032e-11,  Error =2.8569690186941443e-06
Completed 82 % :  mod = 4.1829228095200365e-11,  Error =2.8930576405628017e-06
Completed 83 % :  mod = 2.0928461684004705e-11,  Error =2.930601795014809e-06
Completed 84 % :  mod = 1.064226051601782e-11,  Error =2.968536264802424e-06
Completed 85 % :  mod = 5.508372224423696e-12,  Error =3.0065690097558218e-06
Completed 86 % :  mod = 3.1536608870297178e-12,  Error =3.044627078452322e-06
Completed 87 % :  mod = 2.4263368486929078e-12,  Error =3.082690660960452e-06
Completed 88 % :  mod = 2.8966207854274286e-12,  Error =3.1207551032252923e-06
Completed 89 % :  mod = 4.799085610707531e-12,  Error =3.1588145574801274e-06
Completed 90 % :  mod = 9.200162313878034e-12,  Error =3.1968569018658854e-06
Completed 91 % :  mod = 1.812186815610315e-11,  Error =3.2348262593018262e-06
Completed 92 % :  mod = 3.586341355788725e-11,  Error =3.272503732887344e-06
Completed 93 % :  mod = 7.075748879103362e-11,  Error =3.309073726143197e-06
Completed 94 % :  mod = 1.2871358724808966e-10,  Error =3.342027042663176e-06
Completed 95 % :  mod = 1.8574497782956625e-10,  Error =3.367735324388832e-06
Completed 96 % :  mod = 1.587640782884426e-10,  Error =3.391015489739857e-06
Completed 97 % :  mod = 9.270436189955181e-11,  Error =3.421115692958665e-06
Completed 98 % :  mod = 4.807301254779072e-11,  Error =3.456578632210494e-06
Completed 99 % :  mod = 2.4521975110729647e-11,  Error =3.4939463517957847e-06
Completed 100 % :  mod = 1.2292599865390384e-11,  Error =3.531834494197028e-06
Finished 53/201 frames
Finished all frames!
