/opt/local/miniconda_23_9/lib/python3.11/site-packages/conda/base/context.py:201: FutureWarning: Adding 'defaults' to channel list implicitly is deprecated and will be removed in 25.3. 

To remove this warning, please choose a default channel explicitly with conda's regular configuration system, e.g. by adding 'defaults' to the list of channels:

  conda config --add channels defaults

For more information see https://docs.conda.io/projects/conda/en/stable/user-guide/configuration/use-condarc.html

  deprecated.topic(
JOB 13901 ARRAY_ID 30  -> i=30 ; range=[1.9e-10, 5.0e-10] ; intervals=200 (frames=201)
Analytic t0 extension enabled (--extend-time-using-t0).
Density options: centers='2.0e-10,4.0e-10' width='2.0e-11,5.0e-11' strength='7.0'
Extending simulation time for p0=2.189e-10 from 10000000000.0 to 1.325e+10
Completed 0 % :  mod = 1.7513280695335887e-16,  Error =-1.4210854715202004e-14
Completed 1 % :  mod = 1.898820720846007e-16,  Error =1.494039025828897e-08
Completed 2 % :  mod = 2.366141575718717e-16,  Error =2.988239344858812e-08
Completed 3 % :  mod = 3.2320039599249522e-16,  Error =4.482479454281929e-08
Completed 4 % :  mod = 4.642117326552705e-16,  Error =5.976613692837418e-08
Completed 5 % :  mod = 6.83421017625689e-16,  Error =7.470766405504037e-08
Completed 6 % :  mod = 1.0177424537551098e-15,  Error =8.96505412129045e-08
Completed 7 % :  mod = 1.5234409965903365e-15,  Error =1.045910948960227e-07
Completed 8 % :  mod = 2.2857714545863282e-15,  Error =1.195322525404663e-07
Completed 9 % :  mod = 3.433106273280704e-15,  Error =1.3447361624230325e-07
Completed 10 % :  mod = 5.15853846303444e-15,  Error =1.4941410597657523e-07
Completed 11 % :  mod = 7.752955531672128e-15,  Error =1.6435555494354048e-07
Completed 12 % :  mod = 1.165324316879163e-14,  Error =1.7929635021118884e-07
Completed 13 % :  mod = 1.7515808358386358e-14,  Error =1.9423632835469107e-07
Completed 14 % :  mod = 2.6329010198509477e-14,  Error =2.0917788390306669e-07
Completed 15 % :  mod = 3.957694293145447e-14,  Error =2.2411987288251112e-07
Completed 16 % :  mod = 5.948919236907803e-14,  Error =2.3906109447580093e-07
Completed 17 % :  mod = 8.94227191934621e-14,  Error =2.54002301858236e-07
Completed 18 % :  mod = 1.3441813291648104e-13,  Error =2.689441842562701e-07
Completed 19 % :  mod = 2.02047919191488e-13,  Error =2.838840131857978e-07
Completed 20 % :  mod = 3.03713281576991e-13,  Error =2.988258600566951e-07
Completed 21 % :  mod = 4.565328185531759e-13,  Error =3.137672521802415e-07
Completed 22 % :  mod = 6.862212224460655e-13,  Error =3.2870789112848797e-07
Completed 23 % :  mod = 1.031486327566405e-12,  Error =3.4364928325203437e-07
Completed 24 % :  mod = 1.5504182132949633e-12,  Error =3.585898937785714e-07
Completed 25 % :  mod = 2.3302511870509233e-12,  Error =3.7352994297634723e-07
Completed 26 % :  mod = 3.501644816631869e-12,  Error =3.8846693684035927e-07
Completed 27 % :  mod = 5.2601008223490726e-12,  Error =4.0340108853342826e-07
Completed 28 % :  mod = 7.895022496160278e-12,  Error =4.183255271072994e-07
Completed 29 % :  mod = 1.1827216412697773e-11,  Error =4.3322699383452346e-07
Completed 30 % :  mod = 1.7643797985843255e-11,  Error =4.480830426700777e-07
Completed 31 % :  mod = 2.6075021844310867e-11,  Error =4.6283771837352106e-07
Completed 32 % :  mod = 3.7753032024771156e-11,  Error =4.773768509380716e-07
Completed 33 % :  mod = 5.237131897184514e-11,  Error =4.915175608743994e-07
Completed 34 % :  mod = 6.692896013277682e-11,  Error =5.0505361315345e-07
Completed 35 % :  mod = 7.487623524292385e-11,  Error =5.180048603392606e-07
Completed 36 % :  mod = 7.097070962062072e-11,  Error =5.308403174808518e-07
Completed 37 % :  mod = 5.7940057754306656e-11,  Error =5.441400574568434e-07
Completed 38 % :  mod = 4.279480581705821e-11,  Error =5.580796980098057e-07
Completed 39 % :  mod = 2.9917904545975823e-11,  Error =5.724999994072277e-07
Completed 40 % :  mod = 2.035967882040554e-11,  Error =5.871919910305223e-07
Completed 41 % :  mod = 1.3683491871053785e-11,  Error =6.020187939270727e-07
Completed 42 % :  mod = 9.144438922489833e-12,  Error =6.169093467178755e-07
Completed 43 % :  mod = 6.095669293267281e-12,  Error =6.318285628026388e-07
Completed 44 % :  mod = 4.058936171135542e-12,  Error =6.467579254376687e-07
Completed 45 % :  mod = 2.701308331914706e-12,  Error =6.616955445792883e-07
Completed 46 % :  mod = 1.7973857907336056e-12,  Error =6.76634499541251e-07
Completed 47 % :  mod = 1.1958630445993582e-12,  Error =6.915739305668467e-07
Completed 48 % :  mod = 7.955986282666731e-13,  Error =7.065147400453498e-07
Completed 49 % :  mod = 5.29308137196989e-13,  Error =7.214556063672717e-07
Completed 50 % :  mod = 3.5216208324435323e-13,  Error =7.363974816598784e-07
Completed 51 % :  mod = 2.343368526359885e-13,  Error =7.513371329537222e-07
Completed 52 % :  mod = 1.5597051507406094e-13,  Error =7.662798182650477e-07
Completed 53 % :  mod = 1.0387485209082584e-13,  Error =7.812207769575252e-07
Completed 54 % :  mod = 6.927741490624296e-14,  Error =7.961611316886774e-07
Completed 55 % :  mod = 4.634553596332132e-14,  Error =8.111025380230785e-07
Completed 56 % :  mod = 3.1219873364908964e-14,  Error =8.26044249890856e-07
Completed 57 % :  mod = 2.1353326770788922e-14,  Error =8.40984839101111e-07
Completed 58 % :  mod = 1.5082513175932383e-14,  Error =8.559267214991451e-07
Completed 59 % :  mod = 1.1352125038883509e-14,  Error =8.708681704661103e-07
Completed 60 % :  mod = 9.533908997141024e-15,  Error =8.858091433694426e-07
Completed 61 % :  mod = 9.321335582519175e-15,  Error =9.007507912883739e-07
Completed 62 % :  mod = 1.0678803762016845e-14,  Error =9.15691622083159e-07
Completed 63 % :  mod = 1.3834642006834602e-14,  Error =9.306327726221753e-07
Completed 64 % :  mod = 1.932088743145192e-14,  Error =9.455738734232e-07
Completed 65 % :  mod = 2.80614502779224e-14,  Error =9.605155213421313e-07
Completed 66 % :  mod = 4.152730141349029e-14,  Error =9.754556344887533e-07
Completed 67 % :  mod = 6.198862079231098e-14,  Error =9.903977513658901e-07
Completed 68 % :  mod = 9.289099173883554e-14,  Error =1.0053391292785818e-06
Completed 69 % :  mod = 1.3943515240035302e-13,  Error =1.0202790718949473e-06
Completed 70 % :  mod = 2.0946778054874597e-13,  Error =1.0352203219099465e-06
Completed 71 % :  mod = 3.1478156628320473e-13,  Error =1.0501616927172108e-06
Completed 72 % :  mod = 4.730990554340886e-13,  Error =1.065102047448363e-06
Completed 73 % :  mod = 7.111058046896247e-13,  Error =1.0800438730029782e-06
Completed 74 % :  mod = 1.0688642653106264e-12,  Error =1.09498487432802e-06
Completed 75 % :  mod = 1.6065772413484419e-12,  Error =1.1099264085601135e-06
Completed 76 % :  mod = 2.4145489348622703e-12,  Error =1.124864780877033e-06
Completed 77 % :  mod = 3.628344002299244e-12,  Error =1.1398030821396787e-06
Completed 78 % :  mod = 5.4501543752294334e-12,  Error =1.1547366511877044e-06
Completed 79 % :  mod = 8.179122558205997e-12,  Error =1.1696587449705476e-06
Completed 80 % :  mod = 1.2250145951130276e-11,  Error =1.1845587835068727e-06
Completed 81 % :  mod = 1.8264575242801506e-11,  Error =1.19940794007789e-06
Completed 82 % :  mod = 2.6958572226754976e-11,  Error =1.2141474599047797e-06
Completed 83 % :  mod = 3.8930664749315785e-11,  Error =1.2286608424005863e-06
Completed 84 % :  mod = 5.371758687745917e-11,  Error =1.242757242891912e-06
Completed 85 % :  mod = 6.799536021685851e-11,  Error =1.256236075164452e-06
Completed 86 % :  mod = 7.50308225968462e-11,  Error =1.2691536781517243e-06
Completed 87 % :  mod = 7.00984586215895e-11,  Error =1.282011460546073e-06
Completed 88 % :  mod = 5.661132382642079e-11,  Error =1.2953648038660504e-06
Completed 89 % :  mod = 4.1547306825790546e-11,  Error =1.309356527201544e-06
Completed 90 % :  mod = 2.895220827284839e-11,  Error =1.3238087674949384e-06
Completed 91 % :  mod = 1.9673160573716766e-11,  Error =1.3385154176148717e-06
Completed 92 % :  mod = 1.3212552286156437e-11,  Error =1.3533501430629258e-06
Completed 93 % :  mod = 8.826980576556104e-12,  Error =1.3682430619610386e-06
Completed 94 % :  mod = 5.883422113269313e-12,  Error =1.3831606935355012e-06
Completed 95 % :  mod = 3.917249961586482e-12,  Error =1.3980923014855762e-06
Completed 96 % :  mod = 2.6069473707355584e-12,  Error =1.4130293735092891e-06
Completed 97 % :  mod = 1.73464006775565e-12,  Error =1.4279696145536036e-06
Completed 98 % :  mod = 1.1540854163287813e-12,  Error =1.4429098769142001e-06
Completed 99 % :  mod = 7.678188894395067e-13,  Error =1.4578512619323192e-06
Completed 100 % :  mod = 5.108506145592059e-13,  Error =1.47279317985749e-06
Finished 31/201 frames
Finished all frames!
