/opt/local/miniconda_23_9/lib/python3.11/site-packages/conda/base/context.py:201: FutureWarning: Adding 'defaults' to channel list implicitly is deprecated and will be removed in 25.3. 

To remove this warning, please choose a default channel explicitly with conda's regular configuration system, e.g. by adding 'defaults' to the list of channels:

  conda config --add channels defaults

For more information see https://docs.conda.io/projects/conda/en/stable/user-guide/configuration/use-condarc.html

  deprecated.topic(
JOB 13878 ARRAY_ID 7  -> i=7 ; range=[1.9e-10, 5.0e-10] ; intervals=200 (frames=201)
Analytic t0 extension enabled (--extend-time-using-t0).
Density options: centers='2.0e-10,4.0e-10' width='2.0e-11,5.0e-11' strength='7.0'
Completed 0 % :  mod = 1.5717392827549191e-16,  Error =-1.4210854715202004e-14
Completed 1 % :  mod = 1.5578790573356777e-16,  Error =7.3138082257173664e-09
Completed 2 % :  mod = 1.51654284293426e-16,  Error =1.4627552502588514e-08
Completed 3 % :  mod = 1.4484596338245088e-16,  Error =2.1941296779459663e-08
Completed 4 % :  mod = 1.3548302527545586e-16,  Error =2.925501263462138e-08
Completed 5 % :  mod = 1.2373059921094428e-16,  Error =3.6568970074313256e-08
Completed 6 % :  mod = 1.0979596372572484e-16,  Error =4.388189722703828e-08
Completed 7 % :  mod = 9.392487516206404e-17,  Error =5.119557044963585e-08
Completed 8 % :  mod = 7.639725583364683e-17,  Error =5.850922235595135e-08
Completed 9 % :  mod = 5.752223678386437e-17,  Error =6.582268952115555e-08
Completed 10 % :  mod = 3.763270211608397e-17,  Error =7.313599326153053e-08
Completed 11 % :  mod = 1.707944703057291e-17,  Error =8.044973753840168e-08
Completed 12 % :  mod = 3.775032906034539e-18,  Error =8.776370208352091e-08
Completed 13 % :  mod = 2.4562933902318207e-17,  Error =9.50759471152196e-08
Completed 14 % :  mod = 4.491762180024407e-17,  Error =1.0238910874704743e-07
Completed 15 % :  mod = 6.448011055372178e-17,  Error =1.0970290986733744e-07
Completed 16 % :  mod = 8.290537061814869e-17,  Error =1.1701679625275574e-07
Completed 17 % :  mod = 9.986844310760637e-17,  Error =1.2433076079787497e-07
Completed 18 % :  mod = 1.1507016295412127e-16,  Error =1.3164513745778095e-07
Completed 19 % :  mod = 1.2824240742035014e-16,  Error =1.3895781592054846e-07
Completed 20 % :  mod = 1.3915286159048655e-16,  Error =1.4627205047190728e-07
Completed 21 % :  mod = 1.476091172569912e-16,  Error =1.535857805379237e-07
Completed 22 % :  mod = 1.534620184008807e-16,  Error =1.6090000798385518e-07
Completed 23 % :  mod = 1.5660833432927447e-16,  Error =1.6821322645910186e-07
Completed 24 % :  mod = 1.5699258764115102e-16,  Error =1.7552623177152782e-07
Completed 25 % :  mod = 1.5460799530039106e-16,  Error =1.8284011815694612e-07
Completed 26 % :  mod = 1.494966075504216e-16,  Error =1.9015346452988524e-07
Completed 27 % :  mod = 1.4174857322273567e-16,  Error =1.9746666168884985e-07
Completed 28 % :  mod = 1.3150055392826044e-16,  Error =2.0477962436871167e-07
Completed 28 % :  mod = 1.1893329075048908e-16,  Error =2.1209368128438655e-07
Completed 30 % :  mod = 1.0426841934162843e-16,  Error =2.194069708139068e-07
Completed 31 % :  mod = 8.776458636132191e-17,  Error =2.2672058008765816e-07
Completed 32 % :  mod = 6.971287661542816e-17,  Error =2.3403401172572558e-07
Completed 33 % :  mod = 5.043165098370956e-17,  Error =2.413475286289213e-07
Completed 34 % :  mod = 3.026096424316729e-17,  Error =2.486613084329292e-07
Completed 35 % :  mod = 9.556579795923977e-18,  Error =2.559750953423645e-07
Completed 36 % :  mod = 1.1316352368800422e-17,  Error =2.6328905988748375e-07
Completed 37 % :  mod = 3.1989710822230516e-17,  Error =2.70603422336535e-07
Completed 38 % :  mod = 5.209886845669107e-17,  Error =2.7791787005071455e-07
Completed 39 % :  mod = 7.128916238216565e-17,  Error =2.852311311585254e-07
Completed 40 % :  mod = 8.922214611925785e-17,  Error =2.9254517386334555e-07
Completed 41 % :  mod = 1.055815401297228e-16,  Error =2.9985827154632716e-07
Completed 42 % :  mod = 1.200788088749522e-16,  Error =3.0717199450691623e-07
Completed 43 % :  mod = 1.3245826927664226e-16,  Error =3.144854545666931e-07
Completed 44 % :  mod = 1.4250159859263818e-16,  Error =3.217987156745039e-07
Completed 45 % :  mod = 1.500316597136769e-16,  Error =3.29112836539025e-07
Completed 46 % :  mod = 1.5491563772887237e-16,  Error =3.364270284578197e-07
Completed 47 % :  mod = 1.5706740328412309e-16,  Error =3.4374129143088794e-07
Completed 48 % :  mod = 1.5644900579821422e-16,  Error =3.510550214969044e-07
Completed 49 % :  mod = 1.5307134513347496e-16,  Error =3.5836943368394714e-07
Completed 50 % :  mod = 1.469939943723323e-16,  Error =3.6568206240872314e-07
Completed 51 % :  mod = 1.3832413983705476e-16,  Error =3.7299551536307263e-07
Completed 52 % :  mod = 1.2721469144734193e-16,  Error =3.8030847804293444e-07
Completed 53 % :  mod = 1.13861585491142e-16,  Error =3.8762174625617263e-07
Completed 54 % :  mod = 9.850032204660758e-17,  Error =3.9493462367090615e-07
Completed 55 % :  mod = 8.140183631686342e-17,  Error =4.0224847452918766e-07
Completed 56 % :  mod = 6.286769048759946e-17,  Error =4.095623395983239e-07
Completed 56 % :  mod = 4.322474673562482e-17,  Error =4.1687591334493845e-07
Completed 57 % :  mod = 2.2819463766845476e-17,  Error =4.2418898260621063e-07
Completed 59 % :  mod = 2.0117229469672997e-18,  Error =4.315029045187657e-07
Completed 60 % :  mod = 1.883151183110401e-17,  Error =4.388160377288841e-07
Completed 61 % :  mod = 3.9342617101321814e-17,  Error =4.4612951910494303e-07
Completed 62 % :  mod = 5.915984144941042e-17,  Error =4.5344281573989065e-07
Completed 63 % :  mod = 7.793367692323204e-17,  Error =4.607560910585562e-07
Completed 64 % :  mod = 9.53330114987854e-17,  Error =4.6806921716324723e-07
Completed 65 % :  mod = 1.1105097884979891e-16,  Error =4.753835085580249e-07
Completed 66 % :  mod = 1.2481035626991429e-16,  Error =4.826974375760074e-07
Completed 67 % :  mod = 1.3636847517869412e-16,  Error =4.900101444604843e-07
Completed 68 % :  mod = 1.4552150426283371e-16,  Error =4.973233060923121e-07
Completed 69 % :  mod = 1.521080018550005e-16,  Error =5.046362190341824e-07
Completed 70 % :  mod = 1.5601178878380014e-16,  Error =5.119496293559678e-07
Completed 71 % :  mod = 1.571640469826895e-16,  Error =5.192631391537361e-07
Completed 72 % :  mod = 1.5554443525322529e-16,  Error =5.2657649973753e-07
Completed 73 % :  mod = 1.51181501717997e-16,  Error =5.338903719120935e-07
Completed 74 % :  mod = 1.441522192036167e-16,  Error =5.412047059394354e-07
Completed 75 % :  mod = 1.34580554993741e-16,  Error =5.485179812581009e-07
Completed 76 % :  mod = 1.226353109053954e-16,  Error =5.558312565767665e-07
Completed 77 % :  mod = 1.0852718085243908e-16,  Error =5.631442832054745e-07
Completed 78 % :  mod = 9.250497797139341e-17,  Error =5.704587735522182e-07
Completed 79 % :  mod = 7.485128680504607e-17,  Error =5.777725959887903e-07
Completed 80 % :  mod = 5.587747069876756e-17,  Error =5.85086212367969e-07
Completed 81 % :  mod = 3.591814018526116e-17,  Error =5.923991963641129e-07
Completed 82 % :  mod = 1.5325337853157887e-17,  Error =5.99713416704617e-07
Completed 83 % :  mod = 5.537745795795879e-18,  Error =6.07027118348924e-07
Completed 84 % :  mod = 2.630318832146085e-17,  Error =6.143410118397696e-07
Completed 85 % :  mod = 4.660471694033311e-17,  Error =6.216542658421531e-07
Completed 86 % :  mod = 6.608427933813752e-17,  Error =6.289691896199656e-07
Completed 87 % :  mod = 8.439834332227651e-17,  Error =6.362822517758104e-07
Completed 88 % :  mod = 1.0122387992259834e-16,  Error =6.435950865579798e-07
Completed 89 % :  mod = 1.162641446600957e-16,  Error =6.509079142347218e-07
Completed 90 % :  mod = 1.292538917315958e-16,  Error =6.582218716744137e-07
Completed 91 % :  mod = 1.3996400937481677e-16,  Error =6.655360493823537e-07
Completed 92 % :  mod = 1.4820561182746028e-16,  Error =6.728492962793098e-07
Completed 93 % :  mod = 1.5383335213386615e-16,  Error =6.801631968755828e-07
Completed 94 % :  mod = 1.5674795750528853e-16,  Error =6.874763585074106e-07
Completed 95 % :  mod = 1.5689804808326778e-16,  Error =6.947904154230855e-07
Completed 96 % :  mod = 1.5428095951905087e-16,  Error =7.021037546905973e-07
Completed 97 % :  mod = 1.4894282765620658e-16,  Error =7.094173213317845e-07
Completed 98 % :  mod = 1.4097784200012268e-16,  Error =7.16729921634851e-07
Completed 99 % :  mod = 1.3052645999015977e-16,  Error =7.240434314326194e-07
Completed 100 % :  mod = 1.1777298372234805e-16,  Error =7.313570904443623e-07
Finished 8/201 frames
Finished all frames!
