/opt/local/miniconda_23_9/lib/python3.11/site-packages/conda/base/context.py:201: FutureWarning: Adding 'defaults' to channel list implicitly is deprecated and will be removed in 25.3. 

To remove this warning, please choose a default channel explicitly with conda's regular configuration system, e.g. by adding 'defaults' to the list of channels:

  conda config --add channels defaults

For more information see https://docs.conda.io/projects/conda/en/stable/user-guide/configuration/use-condarc.html

  deprecated.topic(
JOB 13583 ARRAY_ID 26  -> i=26 ; range=[2.0e-10, 2.09e-10] ; intervals=40 (frames=41)
Completed 0 % :  mod = 1.645658537497519e-16,  Error =-1.4210854715202004e-14
Completed 1 % :  mod = 1.6691953342044255e-16,  Error =8.789541539044876e-09
Completed 2 % :  mod = 1.740478950599078e-16,  Error =1.7578749123003945e-08
Completed 3 % :  mod = 1.861548446345026e-16,  Error =2.6367636962731922e-08
Completed 4 % :  mod = 2.035867005913203e-16,  Error =3.515719981805887e-08
Completed 5 % :  mod = 2.268420908674267e-16,  Error =4.3947487426976295e-08
Completed 6 % :  mod = 2.5658623436993086e-16,  Error =5.273730607768812e-08
Completed 7 % :  mod = 2.936699476219077e-16,  Error =6.152686893301507e-08
Completed 8 % :  mod = 3.3915400791977465e-16,  Error =7.031655968603445e-08
Completed 9 % :  mod = 3.9433946412606766e-16,  Error =7.91049004078559e-08
Completed 10 % :  mod = 4.608048803731239e-16,  Error =8.789445615775549e-08
Completed 11 % :  mod = 5.404514925248054e-16,  Error =9.668451639299747e-08
Completed 12 % :  mod = 6.35557556010695e-16,  Error =1.0547410056460649e-07
Completed 13 % :  mod = 7.488435478725919e-16,  Error =1.1426371315792494e-07
Completed 14 % :  mod = 8.835499949475762e-16,  Error =1.2305301311243966e-07
Completed 15 % :  mod = 1.0435301294703475e-15,  Error =1.3184260438947604e-07
Completed 16 % :  mod = 1.2333601281572438e-15,  Error =1.4063138564779365e-07
Completed 17 % :  mod = 1.4584700326667287e-15,  Error =1.4942075665658194e-07
Completed 18 % :  mod = 1.7252990456249664e-15,  Error =1.5821079557554185e-07
Completed 19 % :  mod = 2.041479729686166e-15,  Error =1.6700061422625367e-07
Completed 20 % :  mod = 2.4160563309985203e-15,  Error =1.757897791776486e-07
Completed 21 % :  mod = 2.859743512769511e-15,  Error =1.845795836175057e-07
Completed 22 % :  mod = 3.385232825682861e-15,  Error =1.9336935963565338e-07
Completed 23 % :  mod = 4.00755571280163e-15,  Error =2.021587448552964e-07
Completed 24 % :  mod = 4.744513550377224e-15,  Error =2.1094945878985527e-07
Completed 25 % :  mod = 5.617186813136889e-15,  Error =2.1973837505129268e-07
Completed 26 % :  mod = 6.650538044799493e-15,  Error =2.285283784431158e-07
Completed 27 % :  mod = 7.874125944796976e-15,  Error =2.3731698206574947e-07
Completed 28 % :  mod = 9.322950900922766e-15,  Error =2.461060120140246e-07
Completed 28 % :  mod = 1.1038456111499793e-14,  Error =2.548958875081553e-07
Completed 30 % :  mod = 1.3069713064600346e-14,  Error =2.636850666704049e-07
Completed 31 % :  mod = 1.5474825258685885e-14,  Error =2.7247558875842515e-07
Completed 32 % :  mod = 1.8322590180407837e-14,  Error =2.8126522266802567e-07
Completed 33 % :  mod = 2.1694467216657193e-14,  Error =2.900546007822413e-07
Completed 34 % :  mod = 2.5686907782025025e-14,  Error =2.988439433693202e-07
Completed 35 % :  mod = 3.041411425565856e-14,  Error =3.0763325042926226e-07
Completed 36 % :  mod = 3.6011306612264024e-14,  Error =3.1642285591715336e-07
Completed 37 % :  mod = 4.263859024761682e-14,  Error =3.252133922160283e-07
Completed 38 % :  mod = 5.0485535600226615e-14,  Error =3.340027774356713e-07
Completed 39 % :  mod = 5.977660049701077e-14,  Error =3.4279219107702374e-07
Completed 40 % :  mod = 7.077755016460655e-14,  Error =3.5158147682068375e-07
Completed 41 % :  mod = 8.380305860540331e-14,  Error =3.60370925989173e-07
Completed 42 % :  mod = 9.922570855447623e-14,  Error =3.691610785949706e-07
Completed 43 % :  mod = 1.1748664682396595e-13,  Error =3.7795076224256263e-07
Completed 44 % :  mod = 1.3910819962989602e-13,  Error =3.867403748358811e-07
Completed 45 % :  mod = 1.6470880774655303e-13,  Error =3.9552939767872886e-07
Completed 46 % :  mod = 1.950207068933562e-13,  Error =4.043190315883294e-07
Completed 47 % :  mod = 2.3091085678455756e-13,  Error =4.1310859444365633e-07
Completed 48 % :  mod = 2.73405713197254e-13,  Error =4.2189800808500877e-07
Completed 49 % :  mod = 3.2372054438315533e-13,  Error =4.3068704513871126e-07
Completed 50 % :  mod = 3.832941187478818e-13,  Error =4.3947556349621664e-07
Completed 51 % :  mod = 4.5382973635027726e-13,  Error =4.482643660708163e-07
Completed 52 % :  mod = 5.373437454345434e-13,  Error =4.5705428419751115e-07
Completed 53 % :  mod = 6.362228777948255e-13,  Error =4.6584366941715416e-07
Completed 54 % :  mod = 7.532919533412081e-13,  Error =4.746326638382925e-07
Completed 55 % :  mod = 8.918937420148821e-13,  Error =4.834224256455855e-07
Completed 56 % :  mod = 1.0559830209042066e-12,  Error =4.922117184946728e-07
Completed 56 % :  mod = 1.250237107827203e-12,  Error =5.010006205452555e-07
Completed 57 % :  mod = 1.4801853553024827e-12,  Error =5.097895154904108e-07
Completed 59 % :  mod = 1.7523601856273808e-12,  Error =5.185781049021898e-07
Completed 60 % :  mod = 2.074472126655125e-12,  Error =5.273675895978158e-07
Completed 61 % :  mod = 2.4556107777156218e-12,  Error =5.361556389971156e-07
Completed 62 % :  mod = 2.906472370697087e-12,  Error =5.449434610227399e-07
Completed 63 % :  mod = 3.4396120538075807e-12,  Error =5.537293290558409e-07
Completed 64 % :  mod = 4.069714335042368e-12,  Error =5.625155878874466e-07
Completed 65 % :  mod = 4.8138668550695785e-12,  Error =5.712997648288365e-07
Completed 66 % :  mod = 5.691808570421907e-12,  Error =5.800821298862502e-07
Completed 67 % :  mod = 6.726100070401481e-12,  Error =5.88861695405285e-07
Completed 68 % :  mod = 7.942126056559896e-12,  Error =5.976364434445713e-07
Completed 69 % :  mod = 9.367781051117042e-12,  Error =6.06405137659749e-07
Completed 70 % :  mod = 1.1032600916797374e-11,  Error =6.151670746135096e-07
Completed 71 % :  mod = 1.2965977961072673e-11,  Error =6.239182894773876e-07
Completed 72 % :  mod = 1.5193938923015858e-11,  Error =6.326551442725759e-07
Completed 73 % :  mod = 1.773380364799489e-11,  Error =6.413715851749657e-07
Completed 74 % :  mod = 2.0585972161057705e-11,  Error =6.500643863205369e-07
Completed 75 % :  mod = 2.3722321568995712e-11,  Error =6.587236427435528e-07
Completed 76 % :  mod = 2.707160730994333e-11,  Error =6.673424266523398e-07
Completed 77 % :  mod = 3.050432641218278e-11,  Error =6.759125312782999e-07
Completed 78 % :  mod = 3.382287733769635e-11,  Error =6.844283433338205e-07
Completed 79 % :  mod = 3.676646128042065e-11,  Error =6.928884843659944e-07
Completed 80 % :  mod = 3.9040660651887646e-11,  Error =7.012987737198273e-07
Completed 81 % :  mod = 4.037423871161579e-11,  Error =7.096716387877677e-07
Completed 82 % :  mod = 4.058943076136873e-11,  Error =7.180279766316744e-07
Completed 83 % :  mod = 3.9656217099578047e-11,  Error =7.263924359790508e-07
Completed 84 % :  mod = 3.770208680274809e-11,  Error =7.347873562935092e-07
Completed 85 % :  mod = 3.497175212867437e-11,  Error =7.432276447616459e-07
Completed 86 % :  mod = 3.175888601068613e-11,  Error =7.517230642406503e-07
Completed 87 % :  mod = 2.834171094609423e-11,  Error =7.602747800206089e-07
Completed 88 % :  mod = 2.4942925364952935e-11,  Error =7.688774275038668e-07
Completed 89 % :  mod = 2.171664644263902e-11,  Error =7.775231765094759e-07
Completed 90 % :  mod = 1.8754036620686337e-11,  Error =7.862040334316589e-07
Completed 91 % :  mod = 1.6097369672787663e-11,  Error =7.949132196927167e-07
Completed 92 % :  mod = 1.3755269264750673e-11,  Error =8.0364258536747e-07
Completed 93 % :  mod = 1.1715547427874663e-11,  Error =8.123894872369419e-07
Completed 94 % :  mod = 9.954641164685235e-12,  Error =8.21148134377836e-07
Completed 95 % :  mod = 8.44393193810119e-12,  Error =8.299157201463458e-07
Completed 96 % :  mod = 7.153665511811708e-12,  Error =8.386888197264852e-07
Completed 97 % :  mod = 6.055199064716547e-12,  Error =8.474670636360315e-07
Completed 98 % :  mod = 5.122158870952732e-12,  Error =8.562477304963068e-07
Completed 99 % :  mod = 4.330926265225076e-12,  Error =8.650312537383797e-07
Completed 100 % :  mod = 3.660731089259514e-12,  Error =8.738170649280619e-07
Finished 27/41 frames
Finished all frames!
