/opt/local/miniconda_23_9/lib/python3.11/site-packages/conda/base/context.py:201: FutureWarning: Adding 'defaults' to channel list implicitly is deprecated and will be removed in 25.3. 

To remove this warning, please choose a default channel explicitly with conda's regular configuration system, e.g. by adding 'defaults' to the list of channels:

  conda config --add channels defaults

For more information see https://docs.conda.io/projects/conda/en/stable/user-guide/configuration/use-condarc.html

  deprecated.topic(
JOB 14018 ARRAY_ID 147  -> i=147 ; range=[1.9e-10, 5.0e-10] ; intervals=200 (frames=201)
Analytic t0 extension enabled (--extend-time-using-t0).
Density options: centers='2.0e-10,4.0e-10' width='2.0e-11,5.0e-11' strength='7.0'
Completed 0 % :  mod = 3.347777936896191e-16,  Error =-1.4210854715202004e-14
Completed 1 % :  mod = 5.348900643929758e-16,  Error =1.5053444002433025e-07
Completed 2 % :  mod = 1.3744597191494154e-15,  Error =3.0106940585028497e-07
Completed 3 % :  mod = 3.857186507304846e-15,  Error =4.5160414430256424e-07
Completed 4 % :  mod = 1.0951153231300209e-14,  Error =6.021384066912105e-07
Completed 5 % :  mod = 3.1137148371104646e-14,  Error =7.526732730411823e-07
Completed 6 % :  mod = 8.854739009224204e-14,  Error =9.032077414872219e-07
Completed 7 % :  mod = 2.5181541616841496e-13,  Error =1.0537430412682625e-06
Completed 8 % :  mod = 7.161267398463905e-13,  Error =1.2042773605003276e-06
Completed 9 % :  mod = 2.036555601471337e-12,  Error =1.3548110118222212e-06
Completed 10 % :  mod = 5.791509901316467e-12,  Error =1.5053295356892704e-06
Completed 11 % :  mod = 1.6466424841970808e-11,  Error =1.6557384014959098e-06
Completed 12 % :  mod = 4.673984965766535e-11,  Error =1.8052644961130682e-06
Completed 13 % :  mod = 1.3076418170765573e-10,  Error =1.9481298068058095e-06
Completed 14 % :  mod = 3.121514759588178e-10,  Error =2.057163165147813e-06
Completed 15 % :  mod = 2.410361635651082e-10,  Error =2.1360417505889018e-06
Completed 16 % :  mod = 1.0079051756210586e-10,  Error =2.262195266666822e-06
Completed 17 % :  mod = 4.455487618770451e-11,  Error =2.407679318139344e-06
Completed 18 % :  mod = 5.600316696681738e-11,  Error =2.5556181952879342e-06
Completed 19 % :  mod = 1.4316123487876972e-10,  Error =2.69754419690571e-06
Completed 20 % :  mod = 2.839394870830326e-10,  Error =2.808870569026567e-06
Completed 21 % :  mod = 2.507601156694512e-10,  Error =2.8859803435921094e-06
Completed 22 % :  mod = 1.2932314189529645e-10,  Error =3.008055386999331e-06
Completed 23 % :  mod = 7.805983761353445e-11,  Error =3.149018603210152e-06
Completed 24 % :  mod = 1.3477170127319895e-10,  Error =3.2868417179088283e-06
Completed 25 % :  mod = 3.4801600028942033e-10,  Error =3.392406924263014e-06
Completed 26 % :  mod = 2.2230428521526446e-10,  Error =3.4726703006526805e-06
Completed 27 % :  mod = 9.436634546455446e-11,  Error =3.5979445911493713e-06
Completed 28 % :  mod = 5.639136160464323e-11,  Error =3.743344251461167e-06
Completed 28 % :  mod = 6.234954165361885e-11,  Error =3.890930734939957e-06
Completed 30 % :  mod = 1.3202982648853566e-10,  Error =4.03149255845392e-06
Completed 31 % :  mod = 3.4404698660276385e-10,  Error =4.13656079700786e-06
Completed 32 % :  mod = 2.1706954746447534e-10,  Error =4.216747917951125e-06
Completed 33 % :  mod = 8.931885394340532e-11,  Error =4.344972147407589e-06
Completed 34 % :  mod = 3.928630751064573e-11,  Error =4.491749656665434e-06
Completed 35 % :  mod = 2.619455400490122e-11,  Error =4.641386468051678e-06
Completed 36 % :  mod = 4.337744540209622e-11,  Error =4.790655040665115e-06
Completed 37 % :  mod = 1.2322595592432457e-10,  Error =4.934445428261824e-06
Completed 38 % :  mod = 2.8401537832251785e-10,  Error =5.048465020252024e-06
Completed 39 % :  mod = 2.7168744236770606e-10,  Error =5.126000921507057e-06
Completed 40 % :  mod = 1.188762708003128e-10,  Error =5.246882629705851e-06
Completed 41 % :  mod = 5.917518091369164e-11,  Error =5.389710473480136e-06
Completed 42 % :  mod = 9.895870463777984e-11,  Error =5.5334273625362584e-06
Completed 43 % :  mod = 2.5756866111523323e-10,  Error =5.6587564003507396e-06
Completed 44 % :  mod = 2.993940498784613e-10,  Error =5.740396076703291e-06
Completed 45 % :  mod = 1.3150637331458587e-10,  Error =5.84799935410274e-06
Completed 46 % :  mod = 6.467922349685638e-11,  Error =5.989801707073639e-06
Completed 47 % :  mod = 4.402353497248461e-11,  Error =6.137772793124441e-06
Completed 48 % :  mod = 7.983209798338792e-11,  Error =6.283995254818819e-06
Completed 49 % :  mod = 2.41214398941824e-10,  Error =6.4121772638259245e-06
Completed 50 % :  mod = 3.30572617481849e-10,  Error =6.497067715827143e-06
Completed 51 % :  mod = 1.2899353302348234e-10,  Error =6.599513660887624e-06
Completed 52 % :  mod = 8.308263088395221e-11,  Error =6.7386457018869805e-06
Completed 53 % :  mod = 9.184621799726128e-11,  Error =6.883109989530567e-06
Completed 54 % :  mod = 1.6099357825491133e-10,  Error =7.017246495877316e-06
Completed 55 % :  mod = 3.5360951211478926e-10,  Error =7.106357884367753e-06
Completed 56 % :  mod = 1.8380918205780138e-10,  Error =7.199733985885359e-06
Completed 56 % :  mod = 6.77856906698655e-11,  Error =7.335550279208292e-06
Completed 57 % :  mod = 3.3045335097724365e-11,  Error =7.483633005733736e-06
Completed 59 % :  mod = 3.279610801504609e-11,  Error =7.633096721804122e-06
Completed 60 % :  mod = 7.498650259223606e-11,  Error =7.780541757540504e-06
Completed 61 % :  mod = 2.0979624630731518e-10,  Error =7.912335604487453e-06
Completed 62 % :  mod = 3.539502343560458e-10,  Error =7.999326207652757e-06
Completed 63 % :  mod = 1.4281888639646288e-10,  Error =8.096015001513024e-06
Completed 64 % :  mod = 8.127877246033722e-11,  Error =8.23302477215293e-06
Completed 65 % :  mod = 9.00698590509588e-11,  Error =8.377397882952664e-06
Completed 66 % :  mod = 1.5770275078603286e-10,  Error =8.51319628480951e-06
Completed 67 % :  mod = 3.34159137782418e-10,  Error =8.606329444660332e-06
Completed 68 % :  mod = 2.0684738338548137e-10,  Error =8.697325370121689e-06
Completed 69 % :  mod = 7.182038713495515e-11,  Error =8.831357249050598e-06
Completed 70 % :  mod = 3.327735004562831e-11,  Error =8.978812921611734e-06
Completed 71 % :  mod = 5.1367304442065114e-11,  Error =9.127510736561817e-06
Completed 72 % :  mod = 1.2108655459014597e-10,  Error =9.271489105344699e-06
Completed 73 % :  mod = 2.670090586396527e-10,  Error =9.387440485397747e-06
Completed 74 % :  mod = 2.988741206503728e-10,  Error =9.465859662327603e-06
Completed 75 % :  mod = 1.1434495980352631e-10,  Error =9.58372736192814e-06
Completed 76 % :  mod = 6.419646178138649e-11,  Error =9.725099467061682e-06
Completed 77 % :  mod = 1.3178480687840582e-10,  Error =9.866431959437705e-06
Completed 78 % :  mod = 2.808890446602725e-10,  Error =9.984729508971668e-06
Completed 79 % :  mod = 2.7020798509162376e-10,  Error =1.0061333568955888e-05
Completed 80 % :  mod = 1.288723684372179e-10,  Error =1.0177168697111938e-05
Completed 81 % :  mod = 4.403171865143557e-11,  Error =1.0320718246248362e-05
Completed 82 % :  mod = 3.8878095552828034e-11,  Error =1.0469147888159114e-05
Completed 83 % :  mod = 9.342620595221796e-11,  Error =1.0615812300329708e-05
Completed 84 % :  mod = 2.1552386571399237e-10,  Error =1.0746448211307325e-05
Completed 85 % :  mod = 3.339735494082684e-10,  Error =1.0830612914958238e-05
Completed 86 % :  mod = 1.396508265608657e-10,  Error =1.0932064348878612e-05
Completed 87 % :  mod = 5.709198908869846e-11,  Error =1.1072282703139535e-05
Completed 88 % :  mod = 4.38658113905504e-11,  Error =1.1220448350002243e-05
Completed 89 % :  mod = 6.408343333659381e-11,  Error =1.1368554531543396e-05
Completed 90 % :  mod = 1.5743224637834834e-10,  Error =1.1507430492940784e-05
Completed 91 % :  mod = 3.4006897753750146e-10,  Error =1.1608652989991697e-05
Completed 92 % :  mod = 1.885619700643892e-10,  Error =1.1690648371143197e-05
Completed 93 % :  mod = 1.065607740905926e-10,  Error =1.1820383328142725e-05
Completed 94 % :  mod = 8.275456556514501e-11,  Error =1.1964051644497431e-05
Completed 95 % :  mod = 1.140004975433482e-10,  Error =1.2104650245703397e-05
Completed 96 % :  mod = 3.211080628183768e-10,  Error =1.2213552537332362e-05
Completed 97 % :  mod = 2.623414596050914e-10,  Error =1.2295544166818217e-05
Completed 98 % :  mod = 8.49770875852162e-11,  Error =1.2418624230292608e-05
Completed 99 % :  mod = 5.83846804438975e-11,  Error =1.2563637831419783e-05
Completed 100 % :  mod = 7.692709321727828e-11,  Error =1.2710791573056213e-05
Finished 148/201 frames
Finished all frames!
