/opt/local/miniconda_23_9/lib/python3.11/site-packages/conda/base/context.py:201: FutureWarning: Adding 'defaults' to channel list implicitly is deprecated and will be removed in 25.3. 

To remove this warning, please choose a default channel explicitly with conda's regular configuration system, e.g. by adding 'defaults' to the list of channels:

  conda config --add channels defaults

For more information see https://docs.conda.io/projects/conda/en/stable/user-guide/configuration/use-condarc.html

  deprecated.topic(
JOB 13929 ARRAY_ID 58  -> i=58 ; range=[1.9e-10, 5.0e-10] ; intervals=200 (frames=201)
Analytic t0 extension enabled (--extend-time-using-t0).
Density options: centers='2.0e-10,4.0e-10' width='2.0e-11,5.0e-11' strength='7.0'
Completed 0 % :  mod = 2.526053271178762e-16,  Error =-1.4210854715202004e-14
Completed 1 % :  mod = 3.29301868064083e-16,  Error =4.879566262161461e-08
Completed 2 % :  mod = 6.059650203422086e-16,  Error =9.759133945408394e-08
Completed 3 % :  mod = 1.2505968365428274e-15,  Error =1.463868244400146e-07
Completed 4 % :  mod = 2.6546461880084778e-15,  Error =1.9518188310030382e-07
Completed 5 % :  mod = 5.670713697768758e-15,  Error =2.439775812490552e-07
Completed 6 % :  mod = 1.2130288513835083e-14,  Error =2.927730662349859e-07
Completed 7 % :  mod = 2.5955909174499764e-14,  Error =3.4156846595578827e-07
Completed 8 % :  mod = 5.554310151627392e-14,  Error =3.903641285774029e-07
Completed 9 % :  mod = 1.1885850823961606e-13,  Error =4.391597201447439e-07
Completed 10 % :  mod = 2.5434998808830476e-13,  Error =4.879552548686661e-07
Completed 11 % :  mod = 5.442934747692003e-13,  Error =5.367509530174175e-07
Completed 12 % :  mod = 1.1647508658114863e-12,  Error =5.855467222204425e-07
Completed 13 % :  mod = 2.4924464504027767e-12,  Error =6.34339919258764e-07
Completed 14 % :  mod = 5.333176574557114e-12,  Error =6.831266503581901e-07
Completed 15 % :  mod = 1.1407657292400644e-11,  Error =7.318812009771136e-07
Completed 16 % :  mod = 2.4362484148590867e-11,  Error =7.80484718632124e-07
Completed 17 % :  mod = 5.165399563938666e-11,  Error =8.284183650175692e-07
Completed 18 % :  mod = 1.059371357283833e-10,  Error =8.735814347460291e-07
Completed 19 % :  mod = 1.8722341841252846e-10,  Error =9.103891684958398e-07
Completed 20 % :  mod = 2.0024419866514785e-10,  Error =9.384006958157443e-07
Completed 21 % :  mod = 1.1711077879238163e-10,  Error =9.733407893008916e-07
Completed 22 % :  mod = 5.826754884504441e-11,  Error =1.0176109128678945e-06
Completed 23 % :  mod = 2.8193114375950134e-11,  Error =1.0653023849727106e-06
Completed 24 % :  mod = 1.3540472347774182e-11,  Error =1.113839758204449e-06
Completed 25 % :  mod = 7.743670952736422e-12,  Error =1.1625683455918079e-06
Completed 26 % :  mod = 6.501481136425605e-12,  Error =1.2113355225551459e-06
Completed 27 % :  mod = 8.987517136574932e-12,  Error =1.260096581745529e-06
Completed 28 % :  mod = 1.7137522605211564e-11,  Error =1.3087894146224244e-06
Completed 28 % :  mod = 3.5906168554574084e-11,  Error =1.3571703831871673e-06
Completed 30 % :  mod = 7.321590275523876e-11,  Error =1.40419076899434e-06
Completed 31 % :  mod = 1.4546718788516037e-10,  Error =1.4461058057690934e-06
Completed 32 % :  mod = 2.1261103719131406e-10,  Error =1.4774744769852077e-06
Completed 33 % :  mod = 1.582378424293379e-10,  Error =1.5070003271944188e-06
Completed 34 % :  mod = 8.68397827546916e-11,  Error =1.547293358328261e-06
Completed 35 % :  mod = 4.085067999221597e-11,  Error =1.5937271911070638e-06
Completed 36 % :  mod = 2.0859162668437765e-11,  Error =1.6419448769511291e-06
Completed 37 % :  mod = 1.3218139780936485e-11,  Error =1.6905732991290279e-06
Completed 38 % :  mod = 1.2636021907439949e-11,  Error =1.7392738413946063e-06
Completed 39 % :  mod = 1.9956762416022766e-11,  Error =1.787911244832685e-06
Completed 40 % :  mod = 4.0691182596293786e-11,  Error =1.8361712150749554e-06
Completed 41 % :  mod = 8.033192442326317e-11,  Error =1.8828093288902892e-06
Completed 42 % :  mod = 1.5531704368675742e-10,  Error =1.9235596013800205e-06
Completed 43 % :  mod = 2.158984658522432e-10,  Error =1.9537692068638535e-06
Completed 44 % :  mod = 1.4557060152858317e-10,  Error =1.9843870759927995e-06
Completed 45 % :  mod = 8.015109788905402e-11,  Error =2.0257833810433112e-06
Completed 46 % :  mod = 3.8979140524780647e-11,  Error =2.0725539116028813e-06
Completed 47 % :  mod = 2.1054253755685932e-11,  Error =2.120806819050358e-06
Completed 48 % :  mod = 1.74093675611464e-11,  Error =2.1693877414463714e-06
Completed 49 % :  mod = 2.297204748101894e-11,  Error =2.217955398009508e-06
Completed 50 % :  mod = 4.058096449636947e-11,  Error =2.2661373861865286e-06
Completed 51 % :  mod = 8.640729637210627e-11,  Error =2.312569520768193e-06
Completed 52 % :  mod = 1.5863850805161077e-10,  Error =2.3530245982783526e-06
Completed 53 % :  mod = 2.0891306480086894e-10,  Error =2.3827023483136145e-06
Completed 54 % :  mod = 1.4911715327037334e-10,  Error =2.4139294652059107e-06
Completed 55 % :  mod = 7.435481588628556e-11,  Error =2.4556933198027764e-06
Completed 56 % :  mod = 3.642924503816683e-11,  Error =2.5026337553413214e-06
Completed 56 % :  mod = 1.9205316819053396e-11,  Error =2.550974464554656e-06
Completed 57 % :  mod = 1.1978080391232154e-11,  Error =2.599630470001557e-06
Completed 59 % :  mod = 1.270225721864614e-11,  Error =2.648336185018252e-06
Completed 60 % :  mod = 2.1788310358755473e-11,  Error =2.696960855530506e-06
Completed 61 % :  mod = 4.1885260801093534e-11,  Error =2.745156486128053e-06
Completed 62 % :  mod = 8.633592109967216e-11,  Error =2.7914834106468334e-06
Completed 63 % :  mod = 1.6633493262686736e-10,  Error =2.8314053963640617e-06
Completed 64 % :  mod = 2.0845778588767107e-10,  Error =2.860828203665733e-06
Completed 65 % :  mod = 1.4133841945857507e-10,  Error =2.892455256642279e-06
Completed 66 % :  mod = 7.381977820846536e-11,  Error =2.9347096557330588e-06
Completed 67 % :  mod = 3.457610055309338e-11,  Error =2.9817735978099336e-06
Completed 68 % :  mod = 1.8556059166004672e-11,  Error =3.0301407605293207e-06
Completed 69 % :  mod = 1.2595588200036312e-11,  Error =3.0787984570679328e-06
Completed 70 % :  mod = 1.3671415742552603e-11,  Error =3.127494309751455e-06
Completed 71 % :  mod = 2.3810112855705115e-11,  Error =3.176080156208627e-06
Completed 72 % :  mod = 4.863343993238676e-11,  Error =3.2241158152146454e-06
Completed 73 % :  mod = 9.516536035910413e-11,  Error =3.269836717834096e-06
Completed 74 % :  mod = 1.7909532972240895e-10,  Error =3.3079987318274107e-06
Completed 75 % :  mod = 2.0760843817144327e-10,  Error =3.336582210522465e-06
Completed 76 % :  mod = 1.247010085311439e-10,  Error =3.369929679308825e-06
Completed 77 % :  mod = 6.682540041141539e-11,  Error =3.4133481179310365e-06
Completed 78 % :  mod = 3.2585621102870727e-11,  Error =3.4607276120368624e-06
Completed 79 % :  mod = 1.8675422870208623e-11,  Error =3.5091278220988897e-06
Completed 80 % :  mod = 1.73515707163469e-11,  Error =3.5577362709204863e-06
Completed 81 % :  mod = 2.5233497745630087e-11,  Error =3.606276770540262e-06
Completed 82 % :  mod = 4.635992677157852e-11,  Error =3.654290388510617e-06
Completed 83 % :  mod = 9.885025196225574e-11,  Error =3.7000196115855033e-06
Completed 84 % :  mod = 1.741324122118066e-10,  Error =3.738539831488197e-06
Completed 85 % :  mod = 2.048955922497441e-10,  Error =3.766929630444338e-06
Completed 86 % :  mod = 1.328269000382388e-10,  Error =3.8001995079639528e-06
Completed 87 % :  mod = 6.437644564682393e-11,  Error =3.843417047733055e-06
Completed 88 % :  mod = 3.220107818245848e-11,  Error =3.890799142425294e-06
Completed 89 % :  mod = 1.697668752736981e-11,  Error =3.9392436619323234e-06
Completed 90 % :  mod = 1.128055483789367e-11,  Error =3.9879232360817696e-06
Completed 91 % :  mod = 1.3182100473467633e-11,  Error =4.036631899850818e-06
Completed 92 % :  mod = 2.332529362803223e-11,  Error =4.085235794093478e-06
Completed 93 % :  mod = 4.516265538482584e-11,  Error =4.133327898614425e-06
Completed 94 % :  mod = 9.482368327320905e-11,  Error =4.179217896194132e-06
Completed 95 % :  mod = 1.7472774143568604e-10,  Error =4.21798312544297e-06
Completed 96 % :  mod = 2.0552186435153172e-10,  Error =4.246584680345222e-06
Completed 97 % :  mod = 1.3281922804996208e-10,  Error =4.279527054507071e-06
Completed 98 % :  mod = 6.63936254607689e-11,  Error =4.3226559398590325e-06
Completed 99 % :  mod = 3.136561500975667e-11,  Error =4.370023347632923e-06
Completed 100 % :  mod = 1.544029996815385e-11,  Error =4.418490853197454e-06
Finished 59/201 frames
Finished all frames!
