/opt/local/miniconda_23_9/lib/python3.11/site-packages/conda/base/context.py:201: FutureWarning: Adding 'defaults' to channel list implicitly is deprecated and will be removed in 25.3. 

To remove this warning, please choose a default channel explicitly with conda's regular configuration system, e.g. by adding 'defaults' to the list of channels:

  conda config --add channels defaults

For more information see https://docs.conda.io/projects/conda/en/stable/user-guide/configuration/use-condarc.html

  deprecated.topic(
JOB 13987 ARRAY_ID 116  -> i=116 ; range=[1.9e-10, 5.0e-10] ; intervals=200 (frames=201)
Analytic t0 extension enabled (--extend-time-using-t0).
Density options: centers='2.0e-10,4.0e-10' width='2.0e-11,5.0e-11' strength='7.0'
Completed 0 % :  mod = 3.1259431192433687e-16,  Error =-1.4210854715202004e-14
Completed 1 % :  mod = 4.738874573235787e-16,  Error =1.1442881486800616e-07
Completed 2 % :  mod = 1.1242157312913045e-15,  Error =2.2885679840101147e-07
Completed 3 % :  mod = 2.9346949713018337e-15,  Error =3.4328564169072706e-07
Completed 4 % :  mod = 7.77367584927233e-15,  Error =4.577143215556134e-07
Completed 5 % :  mod = 2.063481590950887e-14,  Error =5.721429161553715e-07
Completed 6 % :  mod = 5.479035782556502e-14,  Error =6.865716315473946e-07
Completed 7 % :  mod = 1.454876125144028e-13,  Error =8.010000058789046e-07
Completed 8 % :  mod = 3.863228797838916e-13,  Error =9.154281670475939e-07
Completed 9 % :  mod = 1.0258283789702038e-12,  Error =1.0298564347976935e-06
Completed 10 % :  mod = 2.723927185684124e-12,  Error =1.1442814695783454e-06
Completed 11 % :  mod = 7.232546988571195e-12,  Error =1.2586879876153034e-06
Completed 12 % :  mod = 1.9195983689999128e-11,  Error =1.3729607601931093e-06
Completed 13 % :  mod = 5.0801067498917344e-11,  Error =1.4863007606891188e-06
Completed 14 % :  mod = 1.315761741399189e-10,  Error =1.5935962238700085e-06
Completed 15 % :  mod = 2.8422234746655134e-10,  Error =1.6749200142385234e-06
Completed 16 % :  mod = 2.2679370160240078e-10,  Error =1.7358962907110254e-06
Completed 17 % :  mod = 9.827815174881845e-11,  Error =1.8302344599874232e-06
Completed 18 % :  mod = 3.99870757840911e-11,  Error =1.9405184517040652e-06
Completed 19 % :  mod = 3.2931544845175845e-11,  Error =2.0537740823556305e-06
Completed 20 % :  mod = 5.882609365762645e-11,  Error =2.166545591819613e-06
Completed 21 % :  mod = 1.2390888767273992e-10,  Error =2.2736392963906837e-06
Completed 22 % :  mod = 2.856753771367595e-10,  Error =2.3546021097331504e-06
Completed 23 % :  mod = 2.3632919369717687e-10,  Error =2.416901878632416e-06
Completed 24 % :  mod = 9.163351921378425e-11,  Error =2.510796740295973e-06
Completed 25 % :  mod = 4.128345572629712e-11,  Error =2.6211404744458378e-06
Completed 26 % :  mod = 3.440800614558569e-11,  Error =2.734384501934528e-06
Completed 27 % :  mod = 5.660172833368389e-11,  Error =2.8471455593148676e-06
Completed 28 % :  mod = 1.2565158350374525e-10,  Error =2.953996627752531e-06
Completed 28 % :  mod = 2.9730245159410624e-10,  Error =3.0348164585802806e-06
Completed 30 % :  mod = 2.234617955049615e-10,  Error =3.0962743551299354e-06
Completed 31 % :  mod = 9.211812641193724e-11,  Error =3.190657302809541e-06
Completed 32 % :  mod = 3.545669189496815e-11,  Error =3.3015219216281366e-06
Completed 33 % :  mod = 1.3683096386776913e-11,  Error =3.415425368302749e-06
Completed 34 % :  mod = 4.8041142041772385e-12,  Error =3.5297770324405064e-06
Completed 35 % :  mod = 1.957864857762223e-12,  Error =3.644193817819996e-06
Completed 36 % :  mod = 2.077876277879794e-12,  Error =3.7586188170735113e-06
Completed 37 % :  mod = 3.037224253531501e-12,  Error =3.873042935254034e-06
Completed 38 % :  mod = 6.4237385440967515e-12,  Error =3.9874510520121476e-06
Completed 39 % :  mod = 1.788670757017479e-11,  Error =4.101741744477749e-06
Completed 40 % :  mod = 4.823265324182842e-11,  Error =4.215210637426026e-06
Completed 41 % :  mod = 1.235491942141842e-10,  Error =4.3233149966681594e-06
Completed 42 % :  mod = 2.744722099671478e-10,  Error =4.407114857940542e-06
Completed 43 % :  mod = 2.416280995871667e-10,  Error =4.467339451252883e-06
Completed 44 % :  mod = 1.0185714364866274e-10,  Error =4.559599119602353e-06
Completed 45 % :  mod = 4.2229264224153184e-11,  Error =4.6694152615600615e-06
Completed 46 % :  mod = 3.397558821890687e-11,  Error =4.782604570152671e-06
Completed 47 % :  mod = 5.577651655809764e-11,  Error =4.895457976772377e-06
Completed 48 % :  mod = 1.1756895888559546e-10,  Error =5.003093299649208e-06
Completed 49 % :  mod = 2.8315736026299154e-10,  Error =5.085863428178072e-06
Completed 50 % :  mod = 2.433900173619924e-10,  Error =5.147549551054453e-06
Completed 51 % :  mod = 9.484883463401902e-11,  Error =5.2399537082692405e-06
Completed 52 % :  mod = 4.250154148305413e-11,  Error =5.350065265474768e-06
Completed 53 % :  mod = 3.052668527788007e-11,  Error =5.463387246606999e-06
Completed 54 % :  mod = 4.650968055197276e-11,  Error =5.5765868722801315e-06
Completed 55 % :  mod = 1.057223660782834e-10,  Error =5.6857545018829114e-06
Completed 56 % :  mod = 2.62982768409738e-10,  Error =5.77440238203053e-06
Completed 56 % :  mod = 2.6402487760861424e-10,  Error =5.834787437208888e-06
Completed 57 % :  mod = 1.0775758323388424e-10,  Error =5.9221470962711464e-06
Completed 59 % :  mod = 4.542786945127272e-11,  Error =6.031278573459531e-06
Completed 60 % :  mod = 2.17647940879491e-11,  Error =6.144781167449764e-06
Completed 61 % :  mod = 1.720125302765391e-11,  Error =6.258902807587674e-06
Completed 62 % :  mod = 3.221405791754461e-11,  Error =6.372774713270246e-06
Completed 63 % :  mod = 8.437432896940052e-11,  Error =6.484319250432691e-06
Completed 64 % :  mod = 1.943147094541028e-10,  Error =6.582626930651259e-06
Completed 65 % :  mod = 3.1343983484875157e-10,  Error =6.646756737893611e-06
Completed 66 % :  mod = 1.4423283826180698e-10,  Error =6.721967608314117e-06
Completed 67 % :  mod = 6.25504448600192e-11,  Error =6.826756724365168e-06
Completed 68 % :  mod = 3.351046437374096e-11,  Error =6.939262441107985e-06
Completed 69 % :  mod = 3.45319497187593e-11,  Error =7.0527543556409e-06
Completed 70 % :  mod = 7.02192417460111e-11,  Error =7.164709877827136e-06
Completed 71 % :  mod = 1.846378919857242e-10,  Error =7.266277535222798e-06
Completed 72 % :  mod = 2.9960585604782236e-10,  Error =7.3366265596064295e-06
Completed 73 % :  mod = 1.642964466506409e-10,  Error =7.405602211463247e-06
Completed 74 % :  mod = 8.843129517516527e-11,  Error =7.5071087692890615e-06
Completed 75 % :  mod = 5.3277935820564356e-11,  Error =7.617782230795456e-06
Completed 76 % :  mod = 7.242327817921208e-11,  Error =7.728413862650996e-06
Completed 77 % :  mod = 1.9763153811285764e-10,  Error =7.828323035141693e-06
Completed 78 % :  mod = 2.9840104161749813e-10,  Error =7.899120170407059e-06
Completed 79 % :  mod = 1.5662868775257888e-10,  Error =7.967607388081888e-06
Completed 80 % :  mod = 1.0901826565518529e-10,  Error =8.067547611290138e-06
Completed 81 % :  mod = 8.832203121891909e-11,  Error =8.175302902202475e-06
Completed 82 % :  mod = 1.296547705678597e-10,  Error =8.277801342160274e-06
Completed 83 % :  mod = 3.1882505663422953e-10,  Error =8.352727590477116e-06
Completed 84 % :  mod = 2.0858286988358434e-10,  Error =8.418368906859541e-06
Completed 85 % :  mod = 8.68319077119223e-11,  Error =8.513834593770753e-06
Completed 86 % :  mod = 6.114112413441691e-11,  Error =8.623766234450159e-06
Completed 87 % :  mod = 6.88831814540318e-11,  Error =8.735041092222673e-06
Completed 88 % :  mod = 1.3057419427471126e-10,  Error =8.839929648729594e-06
Completed 89 % :  mod = 3.075204439523652e-10,  Error =8.916543890791218e-06
Completed 90 % :  mod = 2.1369632005313285e-10,  Error =8.980993428053807e-06
Completed 91 % :  mod = 8.695827077915112e-11,  Error =9.077332002505045e-06
Completed 92 % :  mod = 3.880872806391421e-11,  Error =9.188369062940183e-06
Completed 93 % :  mod = 2.5202352861174105e-11,  Error =9.301840684372564e-06
Completed 94 % :  mod = 4.8003682411175645e-11,  Error =9.415023320968885e-06
Completed 95 % :  mod = 1.1734239497997773e-10,  Error =9.523772753539106e-06
Completed 96 % :  mod = 2.6155384486462006e-10,  Error =9.611298452227857e-06
Completed 97 % :  mod = 2.5799119524438907e-10,  Error =9.670730477751022e-06
Completed 98 % :  mod = 1.0679719631785433e-10,  Error =9.75952579551631e-06
Completed 99 % :  mod = 4.0974062268065656e-11,  Error =9.868844848881508e-06
Completed 100 % :  mod = 2.5582928546925166e-11,  Error =9.982381065753998e-06
Finished 117/201 frames
Finished all frames!
