/opt/local/miniconda_23_9/lib/python3.11/site-packages/conda/base/context.py:201: FutureWarning: Adding 'defaults' to channel list implicitly is deprecated and will be removed in 25.3. 

To remove this warning, please choose a default channel explicitly with conda's regular configuration system, e.g. by adding 'defaults' to the list of channels:

  conda config --add channels defaults

For more information see https://docs.conda.io/projects/conda/en/stable/user-guide/configuration/use-condarc.html

  deprecated.topic(
JOB 13526 ARRAY_ID 172  -> i=172 ; range=[1.9e-10, 6.0e-10] ; intervals=200 (frames=201)
Density options: centers='2.0e-10,4.0e-10' width='5e-11,5e-11' strength=''
Completed 0 % :  mod = 3.7190193813407026e-16,  Error =-1.4210854715202004e-14
Completed 1 % :  mod = 6.465820521760168e-16,  Error =2.2925674869611612e-07
Completed 2 % :  mod = 1.876370025104682e-15,  Error =4.5851483321257547e-07
Completed 3 % :  mod = 5.87786465303153e-15,  Error =6.877725340359575e-07
Completed 4 % :  mod = 1.8561930704237276e-14,  Error =9.170301922267754e-07
Completed 5 % :  mod = 5.866501699985015e-14,  Error =1.1462881062129782e-06
Completed 6 % :  mod = 1.8542596741684925e-13,  Error =1.3755459917774715e-06
Completed 7 % :  mod = 5.86091465256001e-13,  Error =1.6048025059944848e-06
Completed 8 % :  mod = 1.8525082494096103e-12,  Error =1.8340582954579077e-06
Completed 9 % :  mod = 5.855317980433422e-12,  Error =2.063298857990503e-06
Completed 10 % :  mod = 1.8505300141005883e-11,  Error =2.292373814327675e-06
Completed 11 % :  mod = 5.842229670795486e-11,  Error =2.5198250526159427e-06
Completed 12 % :  mod = 1.818469711413621e-10,  Error =2.732631060098356e-06
Completed 13 % :  mod = 4.1901699611762815e-10,  Error =2.8758733634504097e-06
Completed 14 % :  mod = 1.6306391874903774e-10,  Error =3.0136653066392682e-06
Completed 15 % :  mod = 9.130691617066258e-11,  Error =3.2234220057603125e-06
Completed 16 % :  mod = 9.301910139907972e-11,  Error =3.444920480433211e-06
Completed 17 % :  mod = 1.7441378953275809e-10,  Error =3.6518457733336618e-06
Completed 18 % :  mod = 4.293349500090649e-10,  Error =3.782992109790939e-06
Completed 19 % :  mod = 1.6531833822306938e-10,  Error =3.931124062717117e-06
Completed 20 % :  mod = 5.936915573294451e-11,  Error =4.144941883055253e-06
Completed 21 % :  mod = 3.6702405832423954e-11,  Error =4.371748282494536e-06
Completed 22 % :  mod = 5.386880994317229e-11,  Error =4.598844526526591e-06
Completed 23 % :  mod = 1.4129870930953824e-10,  Error =4.815802270741187e-06
Completed 24 % :  mod = 4.11797658289568e-10,  Error =4.972011176107571e-06
Completed 25 % :  mod = 2.0689879911990259e-10,  Error =5.098427202199218e-06
Completed 26 % :  mod = 8.720057700277698e-11,  Error =5.304042510090312e-06
Completed 27 % :  mod = 4.2425658179880186e-11,  Error =5.529121992253749e-06
Completed 28 % :  mod = 6.00153217285066e-11,  Error =5.754976299954251e-06
Completed 28 % :  mod = 2.0374529617771378e-10,  Error =5.964939248315204e-06
Completed 30 % :  mod = 4.1466688579909003e-10,  Error =6.108603990639949e-06
Completed 31 % :  mod = 1.5436176027069988e-10,  Error =6.245680729932701e-06
Completed 32 % :  mod = 1.239504402276288e-10,  Error =6.45081203032305e-06
Completed 33 % :  mod = 1.8963188826474696e-10,  Error =6.6592017020639105e-06
Completed 34 % :  mod = 3.116770838073516e-10,  Error =6.823036464709276e-06
Completed 35 % :  mod = 2.333503599777485e-10,  Error =6.944386058194141e-06
Completed 36 % :  mod = 2.0263949139818002e-10,  Error =7.129312457720971e-06
Completed 37 % :  mod = 2.286132461797043e-10,  Error =7.3181282189693775e-06
Completed 38 % :  mod = 3.0312412262398837e-10,  Error =7.450796672969773e-06
Completed 39 % :  mod = 2.295677981032673e-10,  Error =7.603654736954013e-06
Completed 40 % :  mod = 1.324844411905023e-10,  Error =7.805128404925199e-06
Completed 41 % :  mod = 1.8091348180722404e-10,  Error =8.001465069185087e-06
Completed 42 % :  mod = 3.903666890476591e-10,  Error =8.12797226501516e-06
Completed 43 % :  mod = 1.8440472165785972e-10,  Error =8.281717043701065e-06
Completed 44 % :  mod = 9.975821239483776e-11,  Error =8.491619603034906e-06
Completed 45 % :  mod = 9.775981724417325e-11,  Error =8.711277956763297e-06
Completed 46 % :  mod = 2.64741088383621e-10,  Error =8.904151641786484e-06
Completed 47 % :  mod = 3.99207163363458e-10,  Error =9.029199070198501e-06
Completed 48 % :  mod = 1.230805224349574e-10,  Error =9.1944347673234e-06
Completed 49 % :  mod = 1.0845052415423795e-10,  Error =9.405161229381065e-06
Completed 50 % :  mod = 2.675240028453984e-10,  Error =9.604374291427575e-06
Completed 51 % :  mod = 3.614064884449268e-10,  Error =9.746666869148157e-06
Completed 52 % :  mod = 1.627674215637305e-10,  Error =9.888547232606015e-06
Completed 53 % :  mod = 1.5885781384397383e-10,  Error =1.0084862495318703e-05
Completed 54 % :  mod = 3.112610615513921e-10,  Error =1.0267889258841478e-05
Completed 55 % :  mod = 3.01371946909221e-10,  Error =1.039162586380371e-05
Completed 56 % :  mod = 1.3177062351401123e-10,  Error =1.0560763115563532e-05
Completed 56 % :  mod = 1.4028864979030178e-10,  Error =1.077259827297894e-05
Completed 57 % :  mod = 2.0107943047096587e-10,  Error =1.0975692731562958e-05
Completed 59 % :  mod = 3.6290275480378307e-10,  Error =1.111005626341921e-05
Completed 60 % :  mod = 1.91688643779207e-10,  Error =1.1259962974463633e-05
Completed 61 % :  mod = 6.833456792064537e-11,  Error =1.1471242700622497e-05
Completed 62 % :  mod = 8.055115832126393e-11,  Error =1.1692162608767376e-05
Completed 63 % :  mod = 2.35258080380336e-10,  Error =1.1893177521926646e-05
Completed 64 % :  mod = 4.2065610169535223e-10,  Error =1.2023209386313738e-05
Completed 65 % :  mod = 1.6488201944046635e-10,  Error =1.217201774750265e-05
Completed 66 % :  mod = 1.0079910436578092e-10,  Error =1.2376853646856034e-05
Completed 67 % :  mod = 2.4249742031729203e-10,  Error =1.2574177851831791e-05
Completed 68 % :  mod = 3.9264496288490103e-10,  Error =1.2717706084686142e-05
Completed 69 % :  mod = 1.6309364640202296e-10,  Error =1.2854549908070112e-05
Completed 70 % :  mod = 2.0452377201029536e-10,  Error =1.3045734938543774e-05
Completed 71 % :  mod = 3.305142577735016e-10,  Error =1.3218010899151977e-05
Completed 72 % :  mod = 3.096733434019182e-10,  Error =1.3342650518666233e-05
Completed 73 % :  mod = 1.2484156015300244e-10,  Error =1.3514924724233879e-05
Completed 74 % :  mod = 1.4298314671430804e-10,  Error =1.3719740969975192e-05
Completed 75 % :  mod = 3.299322367893104e-10,  Error =1.389919685834684e-05
Completed 76 % :  mod = 2.7491793168972516e-10,  Error =1.4013533984780224e-05
Completed 77 % :  mod = 1.752657549601344e-10,  Error =1.419076230746441e-05
Completed 78 % :  mod = 9.972271440175686e-11,  Error =1.4404723472694059e-05
Completed 79 % :  mod = 1.4061273882912295e-10,  Error =1.4613883067227107e-05
Completed 80 % :  mod = 4.2931322566489763e-10,  Error =1.476062925576116e-05
Completed 81 % :  mod = 1.845996262041062e-10,  Error =1.4894140882404372e-05
Completed 82 % :  mod = 1.0701384511259075e-10,  Error =1.5098666587221032e-05
Completed 83 % :  mod = 1.1603464767911845e-10,  Error =1.5317947919868402e-05
Completed 84 % :  mod = 1.9582000240315226e-10,  Error =1.5519959269738592e-05
Completed 85 % :  mod = 4.4935053285460793e-10,  Error =1.56512808757725e-05
Completed 86 % :  mod = 1.404874267535499e-10,  Error =1.5798239566322536e-05
Completed 87 % :  mod = 9.12473536281079e-11,  Error =1.6003597977487516e-05
Completed 88 % :  mod = 2.4157166400988766e-10,  Error =1.6208645867266114e-05
Completed 89 % :  mod = 3.3890011837365813e-10,  Error =1.6362822670146215e-05
Completed 90 % :  mod = 2.116202060032329e-10,  Error =1.6487389643771166e-05
Completed 91 % :  mod = 1.8999294011041987e-10,  Error =1.6676238047352854e-05
Completed 92 % :  mod = 2.361035744634023e-10,  Error =1.686553309809824e-05
Completed 93 % :  mod = 3.371993004316458e-10,  Error =1.6996710236583112e-05
Completed 94 % :  mod = 1.5466684090038065e-10,  Error =1.7149912913794196e-05
Completed 95 % :  mod = 1.7728524386174564e-10,  Error =1.7351953935929032e-05
Completed 96 % :  mod = 2.460259386750913e-10,  Error =1.7540821396266892e-05
Completed 97 % :  mod = 3.3344164441429515e-10,  Error =1.7659529319757894e-05
Completed 98 % :  mod = 2.0252732181276546e-10,  Error =1.782220098078824e-05
Completed 99 % :  mod = 8.258078215757293e-11,  Error =1.8033132903383375e-05
Completed 100 % :  mod = 1.2597794162618387e-10,  Error =1.824419575768843e-05
Finished 173/201 frames
Finished all frames!
