/opt/local/miniconda_23_9/lib/python3.11/site-packages/conda/base/context.py:201: FutureWarning: Adding 'defaults' to channel list implicitly is deprecated and will be removed in 25.3. 

To remove this warning, please choose a default channel explicitly with conda's regular configuration system, e.g. by adding 'defaults' to the list of channels:

  conda config --add channels defaults

For more information see https://docs.conda.io/projects/conda/en/stable/user-guide/configuration/use-condarc.html

  deprecated.topic(
JOB 13912 ARRAY_ID 41  -> i=41 ; range=[1.9e-10, 5.0e-10] ; intervals=200 (frames=201)
Analytic t0 extension enabled (--extend-time-using-t0).
Density options: centers='2.0e-10,4.0e-10' width='2.0e-11,5.0e-11' strength='7.0'
Completed 0 % :  mod = 1.9353339878585944e-16,  Error =-1.4210854715202004e-14
Completed 1 % :  mod = 2.141708515519465e-16,  Error =1.681265615616212e-08
Completed 2 % :  mod = 2.804845573428902e-16,  Error =3.3624949935529e-08
Completed 3 % :  mod = 4.0661725425940396e-16,  Error =5.043690265438272e-08
Completed 4 % :  mod = 6.194692867828114e-16,  Error =6.724910406319395e-08
Completed 5 % :  mod = 9.644356407837045e-16,  Error =8.406097862234674e-08
Completed 6 % :  mod = 1.5150873559875415e-15,  Error =1.0087423873983425e-07
Completed 7 % :  mod = 2.388862024466975e-15,  Error =1.1768597119043989e-07
Completed 8 % :  mod = 3.7721097202669234e-15,  Error =1.344979239092936e-07
Completed 9 % :  mod = 5.959835927461411e-15,  Error =1.5130994057699354e-07
Completed 10 % :  mod = 9.418617406467223e-15,  Error =1.681225043626e-07
Completed 11 % :  mod = 1.4886109071284185e-14,  Error =1.8493511078077063e-07
Completed 12 % :  mod = 2.3528363780059843e-14,  Error =2.0174788062377047e-07
Completed 13 % :  mod = 3.7188516420578534e-14,  Error =2.185606859939071e-07
Completed 14 % :  mod = 5.877986887713015e-14,  Error =2.3537410243079648e-07
Completed 15 % :  mod = 9.290720750751169e-14,  Error =2.5218717070174534e-07
Completed 16 % :  mod = 1.4684885509411675e-13,  Error =2.6899952842995845e-07
Completed 17 % :  mod = 2.321088739097102e-13,  Error =2.858115948356499e-07
Completed 18 % :  mod = 3.66870357022924e-13,  Error =3.026243007298035e-07
Completed 19 % :  mod = 5.798726204024586e-13,  Error =3.1943715583793164e-07
Completed 20 % :  mod = 9.165376009333698e-13,  Error =3.3624930750875137e-07
Completed 21 % :  mod = 1.4486457827495287e-12,  Error =3.5306069889884384e-07
Completed 22 % :  mod = 2.2896005400595797e-12,  Error =3.6987193396953444e-07
Completed 23 % :  mod = 3.618438842818694e-12,  Error =3.866806821406499e-07
Completed 24 % :  mod = 5.717324602515347e-12,  Error =4.034856928569752e-07
Completed 25 % :  mod = 9.029007023239454e-12,  Error =4.2027919278098125e-07
Completed 26 % :  mod = 1.4240563762502316e-11,  Error =4.3704270069611084e-07
Completed 27 % :  mod = 2.2388280980773734e-11,  Error =4.5373474932830504e-07
Completed 28 % :  mod = 3.4919294301786236e-11,  Error =4.7025152127844194e-07
Completed 28 % :  mod = 5.341899484498664e-11,  Error =4.863620901573995e-07
Completed 30 % :  mod = 7.807506406977765e-11,  Error =5.016293300741381e-07
Completed 31 % :  mod = 1.0340429380329742e-10,  Error =5.155256346256465e-07
Completed 32 % :  mod = 1.1492127509422119e-10,  Error =5.281446675553525e-07
Completed 33 % :  mod = 1.0262717107593687e-10,  Error =5.407940406598755e-07
Completed 34 % :  mod = 7.712429603487278e-11,  Error =5.547449148934902e-07
Completed 35 % :  mod = 5.264002542390995e-11,  Error =5.700518030948842e-07
Completed 36 % :  mod = 3.4375408357640405e-11,  Error =5.86183119821726e-07
Completed 37 % :  mod = 2.2031539541702247e-11,  Error =6.027085674986665e-07
Completed 38 % :  mod = 1.4009915115781887e-11,  Error =6.194032309281283e-07
Completed 39 % :  mod = 8.882766755941369e-12,  Error =6.361688562606105e-07
Completed 40 % :  mod = 5.624664647314201e-12,  Error =6.52962981462224e-07
Completed 41 % :  mod = 3.559547174750036e-12,  Error =6.697681200762418e-07
Completed 42 % :  mod = 2.252647575072145e-12,  Error =6.865782395948372e-07
Completed 43 % :  mod = 1.4253778111068668e-12,  Error =7.033895883523655e-07
Completed 44 % :  mod = 9.020616591486798e-13,  Error =7.202021095054079e-07
Completed 45 % :  mod = 5.712067663594334e-13,  Error =7.370145382878945e-07
Completed 46 % :  mod = 3.6205492735972866e-13,  Error =7.538268675943982e-07
Completed 47 % :  mod = 2.3016765706182857e-13,  Error =7.706396871753896e-07
Completed 48 % :  mod = 1.4737089740660634e-13,  Error =7.874524854400988e-07
Completed 49 % :  mod = 9.59808372420346e-14,  Error =8.042641397310035e-07
Completed 50 % :  mod = 6.507829924623024e-14,  Error =8.210766253569091e-07
Completed 51 % :  mod = 4.805038488715314e-14,  Error =8.378898570526871e-07
Completed 52 % :  mod = 4.126551430934987e-14,  Error =8.547019376692333e-07
Completed 53 % :  mod = 4.328797207140213e-14,  Error =8.715147927773614e-07
Completed 54 % :  mod = 5.454053867094867e-14,  Error =8.883279392080112e-07
Completed 55 % :  mod = 7.741809381278636e-14,  Error =9.051402258819508e-07
Completed 56 % :  mod = 1.1682085793156387e-13,  Error =9.219522212333686e-07
Completed 56 % :  mod = 1.8112741416160772e-13,  Error =9.387643729041883e-07
Completed 57 % :  mod = 2.840495079689541e-13,  Error =9.55576723526974e-07
Completed 59 % :  mod = 4.4760297685561727e-13,  Error =9.723896639002305e-07
Completed 60 % :  mod = 7.065384863609988e-13,  Error =9.892019150470333e-07
Completed 61 % :  mod = 1.1161683069086188e-12,  Error =1.0060144077783661e-06
Completed 62 % :  mod = 1.7639350619788393e-12,  Error =1.0228261757561086e-06
Completed 63 % :  mod = 2.787357696508762e-12,  Error =1.0396367784437643e-06
Completed 64 % :  mod = 4.4048493473017645e-12,  Error =1.0564439349991517e-06
Completed 65 % :  mod = 6.958882980279241e-12,  Error =1.073245030625003e-06
Completed 66 % :  mod = 1.098411252707648e-11,  Error =1.0900292011228885e-06
Completed 67 % :  mod = 1.7307659714793743e-11,  Error =1.1067689911214984e-06
Completed 68 % :  mod = 2.7139885730880428e-11,  Error =1.1234025336648301e-06
Completed 69 % :  mod = 4.206187216172524e-11,  Error =1.1397829311476926e-06
Completed 70 % :  mod = 6.338685276084987e-11,  Error =1.15559811320054e-06
Completed 71 % :  mod = 8.954265808128306e-11,  Error =1.1703289501951986e-06
Completed 72 % :  mod = 1.1103547946421773e-10,  Error =1.1835930493475644e-06
Completed 73 % :  mod = 1.1235340442947947e-10,  Error =1.1960189070236993e-06
Completed 74 % :  mod = 9.226609276276307e-11,  Error =1.2091403220892971e-06
Completed 75 % :  mod = 6.597452364121473e-11,  Error =1.223726137311587e-06
Completed 76 % :  mod = 4.398766747521986e-11,  Error =1.239453524704004e-06
Completed 77 % :  mod = 2.843088149336837e-11,  Error =1.255794074950245e-06
Completed 78 % :  mod = 1.8147844752563085e-11,  Error =1.2724110831641156e-06
Completed 79 % :  mod = 1.1521670002268721e-11,  Error =1.2891451461882752e-06
Completed 80 % :  mod = 7.298957053698138e-12,  Error =1.305926005557012e-06
Completed 81 % :  mod = 4.6214959842887546e-12,  Error =1.322725822205939e-06
Completed 82 % :  mod = 2.924498247836469e-12,  Error =1.3395326021736764e-06
Completed 83 % :  mod = 1.850865766390774e-12,  Error =1.3563446188413764e-06
Completed 84 % :  mod = 1.1719913716084344e-12,  Error =1.3731567989339055e-06
Completed 85 % :  mod = 7.425954769816229e-13,  Error =1.3899685242790838e-06
Completed 86 % :  mod = 4.718044952560197e-13,  Error =1.406780150148279e-06
Completed 87 % :  mod = 3.015956545948172e-13,  Error =1.4235921810268337e-06
Completed 88 % :  mod = 1.9563770361589933e-13,  Error =1.4404047661287223e-06
Completed 89 % :  mod = 1.3147538266960563e-13,  Error =1.4572166620041571e-06
Completed 90 % :  mod = 9.532300955362564e-14,  Error =1.474028856307541e-06
Completed 91 % :  mod = 7.949078427389236e-14,  Error =1.4908403613844712e-06
Completed 92 % :  mod = 8.063634177297983e-14,  Error =1.5076539412461898e-06
Completed 93 % :  mod = 9.896486862900585e-14,  Error =1.5244666045077793e-06
Completed 94 % :  mod = 1.3838378185898873e-13,  Error =1.5412785643320603e-06
Completed 95 % :  mod = 2.0736521614280064e-13,  Error =1.5580911281176668e-06
Completed 96 % :  mod = 3.205179546264619e-13,  Error =1.574904182177761e-06
Completed 97 % :  mod = 5.020126233703372e-13,  Error =1.5917166606982391e-06
Completed 98 % :  mod = 7.907250723759026e-13,  Error =1.6085286063116655e-06
Completed 99 % :  mod = 1.2477702051328958e-12,  Error =1.6253411203592805e-06
Completed 100 % :  mod = 1.971059288708747e-12,  Error =1.642153087288989e-06
Finished 42/201 frames
Finished all frames!
