/opt/local/miniconda_23_9/lib/python3.11/site-packages/conda/base/context.py:201: FutureWarning: Adding 'defaults' to channel list implicitly is deprecated and will be removed in 25.3. 

To remove this warning, please choose a default channel explicitly with conda's regular configuration system, e.g. by adding 'defaults' to the list of channels:

  conda config --add channels defaults

For more information see https://docs.conda.io/projects/conda/en/stable/user-guide/configuration/use-condarc.html

  deprecated.topic(
JOB 13948 ARRAY_ID 77  -> i=77 ; range=[1.9e-10, 5.0e-10] ; intervals=200 (frames=201)
Analytic t0 extension enabled (--extend-time-using-t0).
Density options: centers='2.0e-10,4.0e-10' width='2.0e-11,5.0e-11' strength='7.0'
Completed 0 % :  mod = 2.8012880371183855e-16,  Error =-1.4210854715202004e-14
Completed 1 % :  mod = 3.920365206122237e-16,  Error =7.379706090659965e-08
Completed 2 % :  mod = 8.17170956725793e-16,  Error =1.4759446287371247e-07
Completed 3 % :  mod = 1.895203185506747e-15,  Error =2.213920993199281e-07
Completed 4 % :  mod = 4.487452196181345e-15,  Error =2.951885775814844e-07
Completed 5 % :  mod = 1.0665055795243087e-14,  Error =3.6898606481372553e-07
Completed 6 % :  mod = 2.5363754470807358e-14,  Error =4.427839144227619e-07
Completed 7 % :  mod = 6.032741604422712e-14,  Error =5.165815863961143e-07
Completed 8 % :  mod = 1.4349106798705174e-13,  Error =5.903788746763894e-07
Completed 9 % :  mod = 3.4130017298520196e-13,  Error =6.641761487458098e-07
Completed 10 % :  mod = 8.117978840191313e-13,  Error =7.379733588663839e-07
Completed 11 % :  mod = 1.9308852224300303e-12,  Error =8.117682526176395e-07
Completed 12 % :  mod = 4.5924932979099685e-12,  Error =8.855577817712401e-07
Completed 13 % :  mod = 1.092062123794586e-11,  Error =9.593115137818131e-07
Completed 14 % :  mod = 2.593688806058987e-11,  Error =1.0328616752985909e-06
Completed 15 % :  mod = 6.11757102221374e-11,  Error =1.1052888311269271e-06
Completed 16 % :  mod = 1.3857471938736564e-10,  Error =1.1721328831981737e-06
Completed 17 % :  mod = 2.477836608008439e-10,  Error =1.2217852685125763e-06
Completed 18 % :  mod = 1.9207283863923968e-10,  Error =1.2632452524030668e-06
Completed 19 % :  mod = 9.283691621503761e-11,  Error =1.3237051135206457e-06
Completed 20 % :  mod = 3.902660111738387e-11,  Error =1.3944119814368605e-06
Completed 21 % :  mod = 2.0447950293637263e-11,  Error =1.4675609421033187e-06
Completed 22 % :  mod = 1.6214744310084873e-11,  Error =1.5411338836202049e-06
Completed 23 % :  mod = 2.3656733525424136e-11,  Error =1.614650614101265e-06
Completed 24 % :  mod = 5.178849110693845e-11,  Error =1.6874090462692948e-06
Completed 25 % :  mod = 1.1905992575362024e-10,  Error =1.756225159965652e-06
Completed 26 % :  mod = 2.2116165959126797e-10,  Error =1.8107355614915832e-06
Completed 27 % :  mod = 2.2671912847984994e-10,  Error =1.8507465000539014e-06
Completed 28 % :  mod = 1.1112824247347065e-10,  Error =1.906683337438153e-06
Completed 28 % :  mod = 5.009269124992933e-11,  Error =1.9757095515160472e-06
Completed 30 % :  mod = 3.3525243833726726e-11,  Error =2.04827149019593e-06
Completed 31 % :  mod = 3.675121483881335e-11,  Error =2.1212726863950593e-06
Completed 32 % :  mod = 6.382013376175899e-11,  Error =2.1931715110667938e-06
Completed 33 % :  mod = 1.5220083539216762e-10,  Error =2.2589375561210545e-06
Completed 34 % :  mod = 2.4839263364927626e-10,  Error =2.3079514122059663e-06
Completed 35 % :  mod = 1.7903095232985123e-10,  Error =2.3495213028468243e-06
Completed 36 % :  mod = 1.0125122157356222e-10,  Error =2.4103323639224072e-06
Completed 37 % :  mod = 4.7770498220822686e-11,  Error =2.4804817115864353e-06
Completed 38 % :  mod = 4.1803987450083817e-11,  Error =2.5527439859729384e-06
Completed 39 % :  mod = 7.784276401819299e-11,  Error =2.6241469939236595e-06
Completed 40 % :  mod = 1.443629385609189e-10,  Error =2.6898088236748663e-06
Completed 41 % :  mod = 2.3936751186737165e-10,  Error =2.7377725544397435e-06
Completed 42 % :  mod = 1.977344392729183e-10,  Error =2.7809296554437424e-06
Completed 43 % :  mod = 8.653221271375732e-11,  Error =2.841890207605502e-06
Completed 44 % :  mod = 4.626537323826283e-11,  Error =2.9122914568802116e-06
Completed 45 % :  mod = 4.55473498351521e-11,  Error =2.9846839311176154e-06
Completed 46 % :  mod = 6.814459680045025e-11,  Error =3.0563770181402106e-06
Completed 47 % :  mod = 1.3081971211998462e-10,  Error =3.1226735117684257e-06
Completed 48 % :  mod = 2.6085850214580505e-10,  Error =3.172219983582636e-06
Completed 49 % :  mod = 1.8787114453242988e-10,  Error =3.2139322883040222e-06
Completed 50 % :  mod = 9.366010758298036e-11,  Error =3.27367779107135e-06
Completed 51 % :  mod = 4.709305446921573e-11,  Error =3.3441126561228884e-06
Completed 52 % :  mod = 2.6751897478630782e-11,  Error =3.4169796094829508e-06
Completed 53 % :  mod = 3.271686618247522e-11,  Error =3.490112618464991e-06
Completed 54 % :  mod = 6.995119416588337e-11,  Error =3.562138978452367e-06
Completed 55 % :  mod = 1.3700427518821384e-10,  Error =3.6285564561922e-06
Completed 56 % :  mod = 2.4737206534203437e-10,  Error =3.6773084630681296e-06
Completed 56 % :  mod = 1.9595733165506217e-10,  Error =3.7197169717728684e-06
Completed 57 % :  mod = 8.60752067288439e-11,  Error =3.7804311290301484e-06
Completed 59 % :  mod = 4.0988404531737924e-11,  Error =3.851210237826308e-06
Completed 60 % :  mod = 2.4864295149375955e-11,  Error =3.924277343969607e-06
Completed 61 % :  mod = 2.405281970560144e-11,  Error =3.997672152422638e-06
Completed 62 % :  mod = 4.4065091604743086e-11,  Error =4.070595380767372e-06
Completed 63 % :  mod = 1.0486873117889036e-10,  Error =4.1406145072642175e-06
Completed 64 % :  mod = 1.9883182978620846e-10,  Error =4.199131296900305e-06
Completed 65 % :  mod = 2.442290338350433e-10,  Error =4.239418778695381e-06
Completed 66 % :  mod = 1.3053404502893353e-10,  Error =4.291272261980339e-06
Completed 67 % :  mod = 5.6129823862920966e-11,  Error =4.358810734572671e-06
Completed 68 % :  mod = 3.079236042821292e-11,  Error =4.43124127258443e-06
Completed 69 % :  mod = 2.3205979384929327e-11,  Error =4.504567222340938e-06
Completed 70 % :  mod = 3.2334971316808094e-11,  Error =4.577801931304748e-06
Completed 71 % :  mod = 7.39275119775699e-11,  Error =4.649571430093147e-06
Completed 72 % :  mod = 1.581555896302668e-10,  Error =4.714458789578657e-06
Completed 73 % :  mod = 2.4721256699889577e-10,  Error =4.760781578738715e-06
Completed 74 % :  mod = 1.7675537383519186e-10,  Error =4.804756386533882e-06
Completed 75 % :  mod = 8.110287827076328e-11,  Error =4.8677200510383045e-06
Completed 76 % :  mod = 3.622021458370474e-11,  Error =4.938993853897955e-06
Completed 77 % :  mod = 2.569600774083309e-11,  Error =5.012113682312247e-06
Completed 78 % :  mod = 3.1077420310818745e-11,  Error =5.0853921820248615e-06
Completed 79 % :  mod = 5.629214112750677e-11,  Error =5.157767901664556e-06
Completed 80 % :  mod = 1.3435989846242573e-10,  Error =5.225161523014776e-06
Completed 81 % :  mod = 2.4180022908435555e-10,  Error =5.276879605276008e-06
Completed 82 % :  mod = 1.9806284647460918e-10,  Error =5.317140043814561e-06
Completed 83 % :  mod = 1.0633140363145432e-10,  Error =5.375783082683938e-06
Completed 84 % :  mod = 4.482716612391721e-11,  Error =5.445688508132207e-06
Completed 85 % :  mod = 2.8863497370897744e-11,  Error =5.518454955222296e-06
Completed 86 % :  mod = 3.706560430185173e-11,  Error =5.591541366811725e-06
Completed 87 % :  mod = 6.516685163354535e-11,  Error =5.663547469225705e-06
Completed 88 % :  mod = 1.387753235864821e-10,  Error =5.729672011511866e-06
Completed 89 % :  mod = 2.600658428848781e-10,  Error =5.778597909511518e-06
Completed 90 % :  mod = 1.8119933841693597e-10,  Error =5.8203501751563635e-06
Completed 91 % :  mod = 9.320309677355452e-11,  Error =5.881041197142167e-06
Completed 92 % :  mod = 4.234574308119444e-11,  Error =5.951748640597998e-06
Completed 93 % :  mod = 2.3079356359177696e-11,  Error =6.0247707196481315e-06
Completed 94 % :  mod = 2.6954048909332422e-11,  Error =6.098119939679236e-06
Completed 95 % :  mod = 5.1462873545426604e-11,  Error =6.170897009383225e-06
Completed 96 % :  mod = 1.030731049712923e-10,  Error =6.240346266395136e-06
Completed 97 % :  mod = 2.2174936590460952e-10,  Error =6.296476321665523e-06
Completed 98 % :  mod = 2.355542722777085e-10,  Error =6.3372284699880765e-06
Completed 99 % :  mod = 1.1181171666471064e-10,  Error =6.391073661404789e-06
Completed 100 % :  mod = 5.7163266582838954e-11,  Error =6.459649682710733e-06
Finished 78/201 frames
Finished all frames!
