/opt/local/miniconda_23_9/lib/python3.11/site-packages/conda/base/context.py:201: FutureWarning: Adding 'defaults' to channel list implicitly is deprecated and will be removed in 25.3. 

To remove this warning, please choose a default channel explicitly with conda's regular configuration system, e.g. by adding 'defaults' to the list of channels:

  conda config --add channels defaults

For more information see https://docs.conda.io/projects/conda/en/stable/user-guide/configuration/use-condarc.html

  deprecated.topic(
JOB 13465 ARRAY_ID 111  -> i=111 ; range=[1.9e-10, 6.0e-10] ; intervals=200 (frames=201)
Density options: centers='2.0e-10,4.0e-10' width='5e-11,5e-11' strength=''
Completed 0 % :  mod = 3.0510109968333463e-16,  Error =-1.4210854715202004e-14
Completed 1 % :  mod = 4.5422310789511e-16,  Error =1.0384513160488495e-07
Completed 2 % :  mod = 1.0473596508829813e-15,  Error =2.0768999320353032e-07
Completed 3 % :  mod = 2.6643166714536297e-15,  Error =3.1153566482089445e-07
Completed 4 % :  mod = 6.885710434783792e-15,  Error =4.153815211793699e-07
Completed 5 % :  mod = 1.7838059820431553e-14,  Error =5.192264040942973e-07
Completed 6 % :  mod = 4.622756260827877e-14,  Error =6.230704840959334e-07
Completed 7 % :  mod = 1.1980567194513193e-13,  Error =7.269152888511599e-07
Completed 8 % :  mod = 3.104968067471306e-13,  Error =8.307591556899752e-07
Completed 9 % :  mod = 8.047056654986574e-13,  Error =9.34604265978578e-07
Completed 10 % :  mod = 2.0855216997860954e-12,  Error =1.0384479338654273e-06
Completed 11 % :  mod = 5.404762766888346e-12,  Error =1.1422813201988902e-06
Completed 12 % :  mod = 1.4003376151079512e-11,  Error =1.2460454641427532e-06
Completed 13 % :  mod = 3.622224462753347e-11,  Error =1.3493523667307272e-06
Completed 14 % :  mod = 9.264115946104778e-11,  Error =1.449723079360865e-06
Completed 15 % :  mod = 2.1764262226005634e-10,  Error =1.5349924211705002e-06
Completed 16 % :  mod = 2.864133830110482e-10,  Error =1.591219060514959e-06
Completed 17 % :  mod = 1.2680603828462473e-10,  Error =1.663949007024712e-06
Completed 18 % :  mod = 5.6868422830511785e-11,  Error =1.7604796269665712e-06
Completed 19 % :  mod = 3.127008090982235e-11,  Error =1.8628019873290214e-06
Completed 20 % :  mod = 3.143797454012927e-11,  Error =1.9658734018435098e-06
Completed 21 % :  mod = 6.387105512664316e-11,  Error =2.067734591548742e-06
Completed 22 % :  mod = 1.6446637302823224e-10,  Error =2.1616011025571424e-06
Completed 23 % :  mod = 2.8099930880107293e-10,  Error =2.2292349868280326e-06
Completed 24 % :  mod = 1.8670117127126e-10,  Error =2.288271197414815e-06
Completed 25 % :  mod = 9.648755017364691e-11,  Error =2.3772406265720747e-06
Completed 26 % :  mod = 5.0613431571925823e-11,  Error =2.4769720141648577e-06
Completed 27 % :  mod = 6.39935245980294e-11,  Error =2.5778301093737355e-06
Completed 28 % :  mod = 1.5901501400865512e-10,  Error =2.6723690282892676e-06
Completed 28 % :  mod = 2.633329276450381e-10,  Error =2.7443708461305505e-06
Completed 30 % :  mod = 2.0545962332889262e-10,  Error =2.800084580201201e-06
Completed 31 % :  mod = 1.2290795459483684e-10,  Error =2.8847376185581197e-06
Completed 32 % :  mod = 7.012714979038123e-11,  Error =2.9818211828569474e-06
Completed 33 % :  mod = 9.596958308010795e-11,  Error =3.0789613987280973e-06
Completed 34 % :  mod = 2.463649158703754e-10,  Error =3.1619397660165305e-06
Completed 35 % :  mod = 2.6071776053936193e-10,  Error =3.2209715783437787e-06
Completed 36 % :  mod = 1.2802245480473193e-10,  Error =3.2924047843607696e-06
Completed 37 % :  mod = 9.326081608394157e-11,  Error =3.386775951241816e-06
Completed 38 % :  mod = 8.543412378801316e-11,  Error =3.485255668067566e-06
Completed 39 % :  mod = 1.3569872489346365e-10,  Error =3.5773945725736667e-06
Completed 40 % :  mod = 3.137174236791241e-10,  Error =3.643989735735431e-06
Completed 41 % :  mod = 1.9181884185472884e-10,  Error =3.703972900837016e-06
Completed 42 % :  mod = 8.715042565070244e-11,  Error =3.7910269838903332e-06
Completed 43 % :  mod = 6.109089108459279e-11,  Error =3.890713500709353e-06
Completed 44 % :  mod = 6.299315976746022e-11,  Error =3.9917706260439445e-06
Completed 45 % :  mod = 1.1959903597765285e-10,  Error =4.087721677592526e-06
Completed 46 % :  mod = 2.9041841550249215e-10,  Error =4.160703433342405e-06
Completed 47 % :  mod = 2.2245017143077082e-10,  Error =4.217674586470821e-06
Completed 48 % :  mod = 9.608873814581375e-11,  Error =4.3015744779495435e-06
Completed 49 % :  mod = 4.5148182051054975e-11,  Error =4.401377722729194e-06
Completed 50 % :  mod = 2.6420979121774506e-11,  Error =4.504134558658279e-06
Completed 51 % :  mod = 4.417543951958022e-11,  Error =4.606842296084324e-06
Completed 52 % :  mod = 1.0837536963561137e-10,  Error =4.706145752209068e-06
Completed 53 % :  mod = 2.2967104633743659e-10,  Error =4.789119991244206e-06
Completed 54 % :  mod = 2.6892929681175414e-10,  Error =4.843806593157751e-06
Completed 55 % :  mod = 1.2234837418647738e-10,  Error =4.9196130902373625e-06
Completed 56 % :  mod = 4.782558676315596e-11,  Error =5.017191149647715e-06
Completed 56 % :  mod = 2.6040154777439832e-11,  Error =5.119955964971723e-06
Completed 57 % :  mod = 1.468553970733188e-11,  Error =5.22352581810992e-06
Completed 59 % :  mod = 1.8177199977013654e-11,  Error =5.327101639807097e-06
Completed 60 % :  mod = 5.0472309797157203e-11,  Error =5.429889064600957e-06
Completed 61 % :  mod = 1.2676924175096557e-10,  Error =5.527682439776527e-06
Completed 62 % :  mod = 2.554851561324141e-10,  Error =5.604006339865464e-06
Completed 63 % :  mod = 2.444347524123456e-10,  Error =5.658848159839636e-06
Completed 64 % :  mod = 1.0308511780810257e-10,  Error =5.741151639426789e-06
Completed 65 % :  mod = 4.4365425017016876e-11,  Error =5.840048352467875e-06
Completed 66 % :  mod = 4.4244919235812025e-11,  Error =5.9423523239843234e-06
Completed 67 % :  mod = 6.885746693575162e-11,  Error =6.043971524150038e-06
Completed 68 % :  mod = 1.3482185771744687e-10,  Error =6.1386779108829614e-06
Completed 69 % :  mod = 2.998573023221061e-10,  Error =6.206934635599737e-06
Completed 70 % :  mod = 1.9778996460140074e-10,  Error =6.2658192661047e-06
Completed 71 % :  mod = 8.390926154536993e-11,  Error =6.353954276505647e-06
Completed 72 % :  mod = 3.7943081860736424e-11,  Error =6.4549056020268836e-06
Completed 73 % :  mod = 1.4946169790275112e-11,  Error =6.558186726124404e-06
Completed 74 % :  mod = 1.557833602850654e-11,  Error =6.661770321159111e-06
Completed 75 % :  mod = 3.976439803003032e-11,  Error =6.765014425980098e-06
Completed 76 % :  mod = 8.914417413494677e-11,  Error =6.865697415037175e-06
Completed 77 % :  mod = 1.9876634264625062e-10,  Error =6.952905756918426e-06
Completed 78 % :  mod = 2.991528017483973e-10,  Error =7.0102432445651175e-06
Completed 79 % :  mod = 1.3274522264404e-10,  Error =7.080233388023771e-06
Completed 80 % :  mod = 6.326655099344388e-11,  Error =7.175595598596374e-06
Completed 81 % :  mod = 3.8170746028974314e-11,  Error =7.27762325425374e-06
Completed 82 % :  mod = 3.222218844993907e-11,  Error =7.380511178212146e-06
Completed 83 % :  mod = 6.92437334843778e-11,  Error =7.4818344018012795e-06
Completed 84 % :  mod = 1.8716933710636779e-10,  Error =7.573353158818463e-06
Completed 85 % :  mod = 2.834520086462563e-10,  Error =7.637042152452977e-06
Completed 86 % :  mod = 1.6759350158865022e-10,  Error =7.69974646175342e-06
Completed 87 % :  mod = 8.689972956022944e-11,  Error =7.791389684541628e-06
Completed 88 % :  mod = 4.485343728474079e-11,  Error =7.891828481376706e-06
Completed 89 % :  mod = 6.457208378776578e-11,  Error =7.992807965706561e-06
Completed 90 % :  mod = 1.6442024687694683e-10,  Error =8.086945868512885e-06
Completed 91 % :  mod = 2.695292992122922e-10,  Error =8.157864272106963e-06
Completed 92 % :  mod = 1.992636946942177e-10,  Error =8.214057999111901e-06
Completed 93 % :  mod = 1.1498595403197421e-10,  Error =8.299681496737321e-06
Completed 94 % :  mod = 6.751520678207691e-11,  Error =8.397314111618925e-06
Completed 95 % :  mod = 9.383829987733256e-11,  Error =8.49509736156051e-06
Completed 96 % :  mod = 2.334630120667021e-10,  Error =8.579439800371347e-06
Completed 97 % :  mod = 2.7293701779928066e-10,  Error =8.639561578149824e-06
Completed 98 % :  mod = 1.3118422885131908e-10,  Error =8.7088907037014e-06
Completed 99 % :  mod = 9.544536190146337e-11,  Error =8.802112617445346e-06
Completed 100 % :  mod = 9.807189910684733e-11,  Error =8.899703630049771e-06
Finished 112/201 frames
Finished all frames!
