/opt/local/miniconda_23_9/lib/python3.11/site-packages/conda/base/context.py:201: FutureWarning: Adding 'defaults' to channel list implicitly is deprecated and will be removed in 25.3. 

To remove this warning, please choose a default channel explicitly with conda's regular configuration system, e.g. by adding 'defaults' to the list of channels:

  conda config --add channels defaults

For more information see https://docs.conda.io/projects/conda/en/stable/user-guide/configuration/use-condarc.html

  deprecated.topic(
JOB 13286 ARRAY_ID 2  -> i=2 ; range=[1.9e-10, 6.0e-10] ; intervals=6
Completed 0 % :  mod = 2.613333333807944e-16,  Error =-1.4210854715202004e-14
Completed 1 % :  mod = 3.4854991124213144e-16,  Error =5.589641460801431e-08
Completed 2 % :  mod = 6.684144166575807e-16,  Error =1.1179358239132853e-07
Completed 3 % :  mod = 1.4344280421215478e-15,  Error =1.6769073596378803e-07
Completed 4 % :  mod = 3.1578848029252586e-15,  Error =2.235878966416749e-07
Completed 5 % :  mod = 6.989146965355917e-15,  Error =2.794842117737062e-07
Completed 6 % :  mod = 1.548548167276521e-14,  Error =3.3538006505295925e-07
Completed 7 % :  mod = 3.4317969738085455e-14,  Error =3.9127757389678663e-07
Completed 8 % :  mod = 7.605680270559121e-14,  Error =4.4717487668322065e-07
Completed 9 % :  mod = 1.685615464894353e-13,  Error =5.030715826137566e-07
Completed 10 % :  mod = 3.735765622148268e-13,  Error =5.589689777707463e-07
Completed 11 % :  mod = 8.27942552416235e-13,  Error =6.148646960468795e-07
Completed 12 % :  mod = 1.8349210993787444e-12,  Error =6.707608761757911e-07
Completed 13 % :  mod = 4.066471787293036e-12,  Error =7.266527646265786e-07
Completed 14 % :  mod = 9.01022148036244e-12,  Error =7.825221359780699e-07
Completed 15 % :  mod = 1.994559326440141e-11,  Error =8.382845919641113e-07
Completed 16 % :  mod = 4.395005967097464e-11,  Error =8.935313715596749e-07
Completed 17 % :  mod = 9.466277148792225e-11,  Error =9.464196466524299e-07
Completed 18 % :  mod = 1.8215334947791055e-10,  Error =9.908985774131907e-07
Completed 19 % :  mod = 2.215649403772297e-10,  Error =1.0230404470235044e-06
Completed 20 % :  mod = 1.301478251266109e-10,  Error =1.060952776299473e-06
Completed 21 % :  mod = 6.418594014155415e-11,  Error =1.1109587987334635e-06
Completed 22 % :  mod = 2.9850999761358356e-11,  Error =1.165480433940047e-06
Completed 23 % :  mod = 1.438178955360466e-11,  Error =1.2210661211042861e-06
Completed 24 % :  mod = 9.334029497131026e-12,  Error =1.276875259748067e-06
Completed 25 % :  mod = 1.0134605914958936e-11,  Error =1.3327162022847006e-06
Completed 26 % :  mod = 1.7212596152424582e-11,  Error =1.3884960310406314e-06
Completed 27 % :  mod = 3.677114994552811e-11,  Error =1.443929050992665e-06
Completed 28 % :  mod = 7.892365758450186e-11,  Error =1.4977526205939284e-06
Completed 28 % :  mod = 1.552192342658004e-10,  Error =1.545229430632844e-06
Completed 30 % :  mod = 2.29858736492111e-10,  Error =1.57963643232506e-06
Completed 31 % :  mod = 1.5378837954543423e-10,  Error =1.6141856633566931e-06
Completed 32 % :  mod = 7.829375339823849e-11,  Error =1.6618009155422442e-06
Completed 33 % :  mod = 3.6454637139150774e-11,  Error =1.7156608862478606e-06
Completed 34 % :  mod = 1.719724026759139e-11,  Error =1.77109910737272e-06
Completed 35 % :  mod = 1.0451021272930351e-11,  Error =1.8268758879003144e-06
Completed 36 % :  mod = 1.0131097806332612e-11,  Error =1.882709462108778e-06
Completed 37 % :  mod = 1.6119061230236042e-11,  Error =1.938497675268991e-06
Completed 38 % :  mod = 3.389750297157251e-11,  Error =1.9939977136118614e-06
Completed 39 % :  mod = 7.26420405775173e-11,  Error =2.048135165466647e-06
Completed 40 % :  mod = 1.4472648453051062e-10,  Error =2.096717892641209e-06
Completed 41 % :  mod = 2.2834917149036136e-10,  Error =2.132453289505065e-06
Completed 42 % :  mod = 1.6501966332466124e-10,  Error =2.1658419981918087e-06
Completed 43 % :  mod = 8.474742651008009e-11,  Error =2.212267752099706e-06
Completed 44 % :  mod = 3.914267000154438e-11,  Error =2.2657814184867675e-06
Completed 45 % :  mod = 1.7938968684735578e-11,  Error =2.3211574244896838e-06
Completed 46 % :  mod = 9.278194143843991e-12,  Error =2.3769371892967683e-06
Completed 47 % :  mod = 6.3634283931389435e-12,  Error =2.4327982117711144e-06
Completed 48 % :  mod = 7.649675288949459e-12,  Error =2.4886658920308946e-06
Completed 49 % :  mod = 1.4371378686838647e-11,  Error =2.5444864775181486e-06
Completed 50 % :  mod = 3.0357023347834494e-11,  Error =2.6000682282756316e-06
Completed 51 % :  mod = 6.486089548287514e-11,  Error =2.6545154341306443e-06
Completed 52 % :  mod = 1.374257738213672e-10,  Error =2.7041650270120954e-06
Completed 53 % :  mod = 2.2001784101579912e-10,  Error =2.741622992630255e-06
Completed 54 % :  mod = 1.7764732023689166e-10,  Error =2.7738896832829596e-06
Completed 55 % :  mod = 9.464769443363652e-11,  Error =2.818911035262772e-06
Completed 56 % :  mod = 4.2744596764595135e-11,  Error =2.8718732849597473e-06
Completed 56 % :  mod = 2.2394365145387403e-11,  Error =2.927082952908222e-06
Completed 57 % :  mod = 1.517326586264663e-11,  Error =2.9827681586880317e-06
Completed 59 % :  mod = 1.7178705989572666e-11,  Error =3.0385050706627226e-06
Completed 60 % :  mod = 3.165856258087472e-11,  Error =3.094021813865311e-06
Completed 61 % :  mod = 6.765400604073541e-11,  Error =3.148408701747485e-06
Completed 62 % :  mod = 1.3221826964235412e-10,  Error =3.198088435851787e-06
Completed 63 % :  mod = 2.2335152930684317e-10,  Error =3.235394565592742e-06
Completed 64 % :  mod = 1.7987201510679057e-10,  Error =3.2679042831773586e-06
Completed 65 % :  mod = 9.089026094558935e-11,  Error =3.3128250152003602e-06
Completed 66 % :  mod = 4.334467412866378e-11,  Error =3.36587136473554e-06
Completed 67 % :  mod = 1.9998396126746882e-11,  Error =3.421139851411681e-06
Completed 68 % :  mod = 1.0087062026096654e-11,  Error =3.476893475351517e-06
Completed 69 % :  mod = 7.146583093892258e-12,  Error =3.532745402878845e-06
Completed 70 % :  mod = 8.740474697377275e-12,  Error =3.5886040308241718e-06
Completed 71 % :  mod = 1.5983015495995145e-11,  Error =3.6444043018946104e-06
Completed 72 % :  mod = 3.466726866468418e-11,  Error =3.699894861597386e-06
Completed 73 % :  mod = 7.416611475376676e-11,  Error =3.7539422024224223e-06
Completed 74 % :  mod = 1.4920918519145068e-10,  Error =3.802152072296394e-06
Completed 75 % :  mod = 2.287055671233012e-10,  Error =3.837440573306594e-06
Completed 76 % :  mod = 1.606275900350551e-10,  Error =3.8711726659812484e-06
Completed 77 % :  mod = 8.308134951812645e-11,  Error =3.9180400435157026e-06
Completed 78 % :  mod = 3.805774171386874e-11,  Error =3.971669116253906e-06
Completed 79 % :  mod = 1.798158321598742e-11,  Error =4.027060803935001e-06
Completed 80 % :  mod = 1.047447499286272e-11,  Error =4.082831594587333e-06
Completed 81 % :  mod = 9.172189988371408e-12,  Error =4.1386708318214005e-06
Completed 82 % :  mod = 1.3890309209205177e-11,  Error =4.1944845818875365e-06
Completed 83 % :  mod = 2.8946723588894683e-11,  Error =4.250092537461114e-06
Completed 84 % :  mod = 6.114299685134815e-11,  Error =4.3047197522128045e-06
Completed 85 % :  mod = 1.261659971788616e-10,  Error =4.355117411591891e-06
Completed 86 % :  mod = 2.1896163504646396e-10,  Error =4.393802306879024e-06
Completed 87 % :  mod = 1.86303757956415e-10,  Error =4.425609681391052e-06
Completed 88 % :  mod = 9.901330974373636e-11,  Error =4.469411457819206e-06
Completed 89 % :  mod = 4.578207779586464e-11,  Error =4.522048627109143e-06
Completed 90 % :  mod = 2.0847412149084742e-11,  Error =4.577236005331997e-06
Completed 91 % :  mod = 9.654155503879307e-12,  Error =4.632984300201315e-06
Completed 92 % :  mod = 4.7661484052495335e-12,  Error =4.688847653255834e-06
Completed 93 % :  mod = 3.026729959755958e-12,  Error =4.744735129236233e-06
Completed 94 % :  mod = 3.299858933145124e-12,  Error =4.800626150824883e-06
Completed 95 % :  mod = 5.853225341752699e-12,  Error =4.856510393835833e-06
Completed 96 % :  mod = 1.2270890345489803e-11,  Error =4.9123550240892655e-06
Completed 97 % :  mod = 2.6921617628873566e-11,  Error =4.9680079285963075e-06
Completed 98 % :  mod = 5.836785290921935e-11,  Error =5.0227472456754185e-06
Completed 99 % :  mod = 1.2360461437250663e-10,  Error =5.0735164549564615e-06
Completed 100 % :  mod = 2.13365771430484e-10,  Error =5.1129215421497065e-06
Finished 3/6 frames
Finished all frames!
