/opt/local/miniconda_23_9/lib/python3.11/site-packages/conda/base/context.py:201: FutureWarning: Adding 'defaults' to channel list implicitly is deprecated and will be removed in 25.3. 

To remove this warning, please choose a default channel explicitly with conda's regular configuration system, e.g. by adding 'defaults' to the list of channels:

  conda config --add channels defaults

For more information see https://docs.conda.io/projects/conda/en/stable/user-guide/configuration/use-condarc.html

  deprecated.topic(
JOB 13563 ARRAY_ID 6  -> i=6 ; range=[2.0e-10, 2.09e-10] ; intervals=40 (frames=41)
Completed 0 % :  mod = 1.6105365851733184e-16,  Error =-1.4210854715202004e-14
Completed 1 % :  mod = 1.6158426194815647e-16,  Error =8.063373968525411e-09
Completed 2 % :  mod = 1.631795715248142e-16,  Error =1.6125682122947183e-08
Completed 3 % :  mod = 1.6585009683548143e-16,  Error =2.4189610314806487e-08
Completed 4 % :  mod = 1.6961342989213686e-16,  Error =3.225225952974142e-08
Completed 5 % :  mod = 1.7449437794474854e-16,  Error =4.0315185856343305e-08
Completed 6 % :  mod = 1.8052509815661734e-16,  Error =4.8377707173585804e-08
Completed 7 % :  mod = 1.8774532290769633e-16,  Error =5.644118772352158e-08
Completed 8 % :  mod = 1.9620263240230138e-16,  Error =6.45042916858074e-08
Completed 9 % :  mod = 2.0595275100656563e-16,  Error =7.256682010847726e-08
Completed 10 % :  mod = 2.1705993018136428e-16,  Error =8.06298530164895e-08
Completed 11 % :  mod = 2.2959734945811656e-16,  Error =8.86920901166377e-08
Completed 12 % :  mod = 2.436476209672606e-16,  Error =9.675543566345368e-08
Completed 13 % :  mod = 2.5930333186194e-16,  Error =1.0481893042424417e-07
Completed 14 % :  mod = 2.7666763487326264e-16,  Error =1.1288137358178574e-07
Completed 15 % :  mod = 2.9585493678306404e-16,  Error =1.2094372436877165e-07
Completed 16 % :  mod = 3.169916797476948e-16,  Error =1.2900671464421976e-07
Completed 17 % :  mod = 3.4021713290986684e-16,  Error =1.370692785940264e-07
Completed 18 % :  mod = 3.6568432540668547e-16,  Error =1.4513248203229523e-07
Completed 19 % :  mod = 3.93561068919983e-16,  Error =1.5319526625034996e-07
Completed 20 % :  mod = 4.240310539491242e-16,  Error =1.6125805757383205e-07
Completed 21 % :  mod = 4.572950511357497e-16,  Error =1.6932020940885195e-07
Completed 22 % :  mod = 4.935722355799369e-16,  Error =1.773835620610953e-07
Completed 23 % :  mod = 5.331016472275709e-16,  Error =1.8544663049624432e-07
Completed 24 % :  mod = 5.761437627720028e-16,  Error =1.935102460492999e-07
Completed 25 % :  mod = 6.2298217555447625e-16,  Error =2.0157357738526116e-07
Completed 26 % :  mod = 6.739255162775093e-16,  Error =2.0963668845297434e-07
Completed 27 % :  mod = 7.293094654319275e-16,  Error =2.176991813485074e-07
Completed 28 % :  mod = 7.894989485825109e-16,  Error =2.2576195846113478e-07
Completed 28 % :  mod = 8.5489056677973e-16,  Error =2.3382465030863386e-07
Completed 30 % :  mod = 9.259152003692176e-16,  Error =2.4188781111433855e-07
Completed 31 % :  mod = 1.0030408407411984e-15,  Error =2.4995083691692344e-07
Completed 32 % :  mod = 1.086775686881112e-15,  Error =2.580144879971158e-07
Completed 33 % :  mod = 1.1776714733757115e-15,  Error =2.6607742142914503e-07
Completed 34 % :  mod = 1.2763271257241898e-15,  Error =2.7414046144258464e-07
Completed 35 % :  mod = 1.3833927172600377e-15,  Error =2.822032598714941e-07
Completed 36 % :  mod = 1.4995737017825394e-15,  Error =2.9026578829416394e-07
Completed 37 % :  mod = 1.6256356164404467e-15,  Error =2.9832894199444127e-07
Completed 38 % :  mod = 1.7624091189517162e-15,  Error =3.063914704171111e-07
Completed 39 % :  mod = 1.910795422231833e-15,  Error =3.1445490833448275e-07
Completed 40 % :  mod = 2.071772269015977e-15,  Error =3.2251825388129873e-07
Completed 41 % :  mod = 2.2464003695472375e-15,  Error =3.3058105941563554e-07
Completed 42 % :  mod = 2.435830368401924e-15,  Error =3.386434173080488e-07
Completed 43 % :  mod = 2.6413104653562482e-15,  Error =3.4670618020982147e-07
Completed 44 % :  mod = 2.8641945852424403e-15,  Error =3.547684812588159e-07
Completed 45 % :  mod = 3.1059513545644538e-15,  Error =3.628312512660159e-07
Completed 46 % :  mod = 3.3681737591418106e-15,  Error =3.7089466786710545e-07
Completed 47 % :  mod = 3.652589613010831e-15,  Error =3.7895695470524515e-07
Completed 48 % :  mod = 3.961072974861255e-15,  Error =3.870192486488122e-07
Completed 49 % :  mod = 4.295656512990533e-15,  Error =3.9508263682819234e-07
Completed 50 % :  mod = 4.658544844728577e-15,  Error =4.03145300253982e-07
Completed 51 % :  mod = 5.052129089853456e-15,  Error =4.112083757945584e-07
Completed 52 % :  mod = 5.47900266374404e-15,  Error =4.192713944917159e-07
Completed 53 % :  mod = 5.9419782937776654e-15,  Error =4.2733356053759053e-07
Completed 54 % :  mod = 6.444106596410829e-15,  Error =4.3539638028278205e-07
Completed 55 % :  mod = 6.988696195038865e-15,  Error =4.434604150560517e-07
Completed 56 % :  mod = 7.579335456906574e-15,  Error =4.515235403346196e-07
Completed 56 % :  mod = 8.219916223162242e-15,  Error =4.5958672245660637e-07
Completed 57 % :  mod = 8.914659380732682e-15,  Error =4.676496700994903e-07
Completed 59 % :  mod = 9.66814268169971e-15,  Error =4.7571273853463936e-07
Completed 60 % :  mod = 1.0485330979336466e-14,  Error =4.837759348674808e-07
Completed 61 % :  mod = 1.1371608852420975e-14,  Error =4.918386764529714e-07
Completed 62 % :  mod = 1.2332816102089463e-14,  Error =4.99901915418377e-07
Completed 63 % :  mod = 1.3375286298039317e-14,  Error =5.079649341155346e-07
Completed 64 % :  mod = 1.4505888433948864e-14,  Error =5.160276899118799e-07
Completed 65 % :  mod = 1.573207220026137e-14,  Error =5.240904457082252e-07
Completed 66 % :  mod = 1.706191710873556e-14,  Error =5.32153748622477e-07
Completed 67 % :  mod = 1.850418570430233e-14,  Error =5.402161420420271e-07
Completed 68 % :  mod = 2.0068381291104585e-14,  Error =5.482788196786714e-07
Completed 69 % :  mod = 2.1764810555601354e-14,  Error =5.563422149634789e-07
Completed 70 % :  mod = 2.3604651482232007e-14,  Error =5.644046936481573e-07
Completed 71 % :  mod = 2.5600027013591292e-14,  Error =5.724678615592893e-07
Completed 72 % :  mod = 2.7764084894761755e-14,  Error =5.805309655215751e-07
Completed 73 % :  mod = 3.011108428419035e-14,  Error =5.88594865291725e-07
Completed 74 % :  mod = 3.265648978504724e-14,  Error =5.966584950556353e-07
Completed 75 % :  mod = 3.5417073257303915e-14,  Error =6.047219969218531e-07
Completed 76 % :  mod = 3.841102429277049e-14,  Error =6.127851150949937e-07
Completed 77 % :  mod = 4.165807013746617e-14,  Error =6.208486880154851e-07
Completed 78 % :  mod = 4.517960561005381e-14,  Error =6.28911038802471e-07
Completed 79 % :  mod = 4.899883399318721e-14,  Error =6.369749456780482e-07
Completed 80 % :  mod = 5.314091996710887e-14,  Error =6.450372609378974e-07
Completed 81 % :  mod = 5.763315532303308e-14,  Error =6.530999527853965e-07
Completed 82 % :  mod = 6.250513872867332e-14,  Error =6.611625167352031e-07
Completed 83 % :  mod = 6.778897068442453e-14,  Error =6.692255993812068e-07
Completed 84 % :  mod = 7.351946490766262e-14,  Error =6.772883267558427e-07
Completed 85 % :  mod = 7.973437763300051e-14,  Error =6.853517149352228e-07
Completed 86 % :  mod = 8.647465617447877e-14,  Error =6.934149112680643e-07
Completed 87 % :  mod = 9.378470847948048e-14,  Error =7.014782497094529e-07
Completed 88 % :  mod = 1.017126955495372e-13,  Error =7.095403944390455e-07
Completed 89 % :  mod = 1.1031084833244614e-13,  Error =7.176031289191087e-07
Completed 90 % :  mod = 1.1963581138040103e-13,  Error =7.256651812781456e-07
Completed 91 % :  mod = 1.2974901557297493e-13,  Error =7.337281289210296e-07
Completed 92 % :  mod = 1.407170820894356e-13,  Error =7.417911902507512e-07
Completed 93 % :  mod = 1.526122603604515e-13,  Error =7.498539034145324e-07
Completed 94 % :  mod = 1.6551290291665401e-13,  Error =7.579167586868607e-07
Completed 95 % :  mod = 1.7950398009763792e-13,  Error =7.65980587402737e-07
Completed 96 % :  mod = 1.9467763784595616e-13,  Error =7.740441390069464e-07
Completed 97 % :  mod = 2.1113380226349604e-13,  Error =7.821072429692322e-07
Completed 98 % :  mod = 2.2898083477166327e-13,  Error =7.901703682478001e-07
Completed 99 % :  mod = 2.483362418645042e-13,  Error =7.98233593002351e-07
Completed 100 % :  mod = 2.69327443959023e-13,  Error =8.062970096034405e-07
Finished 7/41 frames
Finished all frames!
