/opt/local/miniconda_23_9/lib/python3.11/site-packages/conda/base/context.py:201: FutureWarning: Adding 'defaults' to channel list implicitly is deprecated and will be removed in 25.3. 

To remove this warning, please choose a default channel explicitly with conda's regular configuration system, e.g. by adding 'defaults' to the list of channels:

  conda config --add channels defaults

For more information see https://docs.conda.io/projects/conda/en/stable/user-guide/configuration/use-condarc.html

  deprecated.topic(
JOB 14046 ARRAY_ID 175  -> i=175 ; range=[1.9e-10, 5.0e-10] ; intervals=200 (frames=201)
Analytic t0 extension enabled (--extend-time-using-t0).
Density options: centers='2.0e-10,4.0e-10' width='2.0e-11,5.0e-11' strength='7.0'
Completed 0 % :  mod = 3.589279513347811e-16,  Error =-1.4210854715202004e-14
Completed 1 % :  mod = 6.061534003869599e-16,  Error =1.989015672165806e-07
Completed 2 % :  mod = 1.6884018650132403e-15,  Error =3.9780351102081113e-07
Completed 3 % :  mod = 5.096554012068386e-15,  Error =5.967054832467511e-07
Completed 4 % :  mod = 1.552560209017466e-14,  Error =7.956069225656393e-07
Completed 5 % :  mod = 4.7342363713014555e-14,  Error =9.945091719032462e-07
Completed 6 % :  mod = 1.4437687958266425e-13,  Error =1.1934112720268786e-06
Completed 7 % :  mod = 4.403016374090301e-13,  Error =1.3923121571224328e-06
Completed 8 % :  mod = 1.3427746791254456e-12,  Error =1.5912139446072615e-06
Completed 9 % :  mod = 4.094990082290028e-12,  Error =1.7901075679560563e-06
Completed 10 % :  mod = 1.2487424131088158e-11,  Error =1.9889297249164883e-06
Completed 11 % :  mod = 3.805514743240871e-11,  Error =2.1870980688731834e-06
Completed 12 % :  mod = 1.1521085824702237e-10,  Error =2.379442094024853e-06
Completed 13 % :  mod = 3.162701065550327e-10,  Error =2.5339679297076145e-06
Completed 14 % :  mod = 2.913013442722679e-10,  Error =2.6346450994196857e-06
Completed 15 % :  mod = 1.1074119844801348e-10,  Error =2.7978717227483685e-06
Completed 16 % :  mod = 5.52528768874517e-11,  Error =2.989031337108372e-06
Completed 17 % :  mod = 9.937896632488626e-11,  Error =3.1809723992637373e-06
Completed 18 % :  mod = 2.785406661845669e-10,  Error =3.34810429336585e-06
Completed 19 % :  mod = 3.3819286000269244e-10,  Error =3.4533411650272683e-06
Completed 20 % :  mod = 1.1533553008913303e-10,  Error =3.601663458141502e-06
Completed 21 % :  mod = 5.3056934400930484e-11,  Error =3.79227783753322e-06
Completed 22 % :  mod = 4.383092086264185e-11,  Error =3.9889873377774165e-06
Completed 23 % :  mod = 7.978482330873369e-11,  Error =4.183541172153582e-06
Completed 24 % :  mod = 2.4743953228331286e-10,  Error =4.354560914521244e-06
Completed 25 % :  mod = 3.87020729094355e-10,  Error =4.464261103009903e-06
Completed 26 % :  mod = 1.2513550860850778e-10,  Error =4.602940009590384e-06
Completed 27 % :  mod = 8.73764287170747e-11,  Error =4.786479685492395e-06
Completed 28 % :  mod = 1.796673640730885e-10,  Error =4.96925064652487e-06
Completed 28 % :  mod = 3.1407777356753135e-10,  Error =5.114835865072109e-06
Completed 30 % :  mod = 2.2887175871665393e-10,  Error =5.214511894280349e-06
Completed 31 % :  mod = 1.7641214889953905e-10,  Error =5.375378314909085e-06
Completed 32 % :  mod = 1.544429439430763e-10,  Error =5.552545943032783e-06
Completed 33 % :  mod = 2.408776622585234e-10,  Error =5.701752570530516e-06
Completed 34 % :  mod = 3.397972542208189e-10,  Error =5.8075798747836416e-06
Completed 35 % :  mod = 1.7999725070400944e-10,  Error =5.955348825636975e-06
Completed 36 % :  mod = 1.5803892161080846e-10,  Error =6.118601426408077e-06
Completed 37 % :  mod = 3.266828076662235e-10,  Error =6.244134077348917e-06
Completed 38 % :  mod = 2.871629858495784e-10,  Error =6.366286697812029e-06
Completed 39 % :  mod = 1.432928075863721e-10,  Error =6.528037488351401e-06
Completed 40 % :  mod = 1.5647382353838215e-10,  Error =6.69643575434975e-06
Completed 41 % :  mod = 4.331276103376099e-10,  Error =6.816897233363761e-06
Completed 42 % :  mod = 1.9107798988443973e-10,  Error =6.935669368601793e-06
Completed 43 % :  mod = 9.868274476873461e-11,  Error =7.104808545932428e-06
Completed 44 % :  mod = 1.870080093582198e-10,  Error =7.285240691601302e-06
Completed 45 % :  mod = 3.1848244467645363e-10,  Error =7.431719211581367e-06
Completed 46 % :  mod = 2.7952574901405453e-10,  Error =7.531920680037274e-06
Completed 47 % :  mod = 1.1101860497190821e-10,  Error =7.692072806264605e-06
Completed 48 % :  mod = 8.148889127678813e-11,  Error =7.878448613496403e-06
Completed 49 % :  mod = 1.935474933296587e-10,  Error =8.056577755155558e-06
Completed 50 % :  mod = 3.6307792965885834e-10,  Error =8.178519273371876e-06
Completed 51 % :  mod = 2.187639956719861e-10,  Error =8.297488790276475e-06
Completed 52 % :  mod = 9.867295699072477e-11,  Error =8.474613032660727e-06
Completed 53 % :  mod = 8.588321021417717e-11,  Error =8.664485037002123e-06
Completed 54 % :  mod = 2.096912975851059e-10,  Error =8.839842813301857e-06
Completed 55 % :  mod = 3.859762513878523e-10,  Error =8.955259453102826e-06
Completed 56 % :  mod = 1.6609032466543521e-10,  Error =9.080033613884098e-06
Completed 56 % :  mod = 1.2731566239760537e-10,  Error =9.259116090731823e-06
Completed 57 % :  mod = 1.2490342605183078e-10,  Error =9.443700960787282e-06
Completed 59 % :  mod = 2.7951400265210755e-10,  Error =9.59870848760147e-06
Completed 60 % :  mod = 3.029056740101771e-10,  Error =9.697107927308934e-06
Completed 61 % :  mod = 1.3622556197289775e-10,  Error =9.850357137963783e-06
Completed 62 % :  mod = 1.332845079161784e-10,  Error =1.003148164357981e-05
Completed 63 % :  mod = 2.050206507648941e-10,  Error =1.0201219986072374e-05
Completed 64 % :  mod = 4.155349225431547e-10,  Error =1.031567865084071e-05
Completed 65 % :  mod = 1.6472720126038114e-10,  Error =1.043937933786765e-05
Completed 66 % :  mod = 1.1602809386076732e-10,  Error =1.0610897412277609e-05
Completed 67 % :  mod = 2.604407775454086e-10,  Error =1.0781062492526416e-05
Completed 68 % :  mod = 3.350938317688602e-10,  Error =1.0906291102230625e-05
Completed 69 % :  mod = 1.917770682630385e-10,  Error =1.101994199359524e-05
Completed 70 % :  mod = 1.9867426418003806e-10,  Error =1.1183068387765616e-05
Completed 71 % :  mod = 2.389832087974149e-10,  Error =1.1341280533372355e-05
Completed 72 % :  mod = 3.35966296184209e-10,  Error =1.1453054902688109e-05
Completed 73 % :  mod = 1.5209944939451243e-10,  Error =1.1585405893299594e-05
Completed 74 % :  mod = 1.8691636095541225e-10,  Error =1.1755705898508495e-05
Completed 75 % :  mod = 2.7744100577040134e-10,  Error =1.1910185492070013e-05
Completed 76 % :  mod = 2.9229262466223904e-10,  Error =1.2012394961402606e-05
Completed 77 % :  mod = 2.1530315894476692e-10,  Error =1.2153706229867112e-05
Completed 78 % :  mod = 1.1420684160432253e-10,  Error =1.232929385253101e-05
Completed 79 % :  mod = 2.1768937211137674e-10,  Error =1.2492487279303077e-05
Completed 80 % :  mod = 3.7823397678676686e-10,  Error =1.2599879390506885e-05
Completed 81 % :  mod = 1.7110335589783664e-10,  Error =1.2730869400456868e-05
Completed 82 % :  mod = 1.5817452503619937e-10,  Error =1.2903752072190855e-05
Completed 83 % :  mod = 2.0611781739503735e-10,  Error =1.3069889277517177e-05
Completed 84 % :  mod = 4.0787721575557256e-10,  Error =1.3188637538519288e-05
Completed 85 % :  mod = 1.5971627063288878e-10,  Error =1.3308716994231418e-05
Completed 86 % :  mod = 1.262392826277865e-10,  Error =1.3473612021641657e-05
Completed 87 % :  mod = 3.285154298653523e-10,  Error =1.363153008782092e-05
Completed 88 % :  mod = 2.8427343296477193e-10,  Error =1.3745919403618245e-05
Completed 89 % :  mod = 1.8604026834226974e-10,  Error =1.3877448701293815e-05
Completed 90 % :  mod = 1.8495591746549107e-10,  Error =1.4044995197082244e-05
Completed 91 % :  mod = 2.7772027552208697e-10,  Error =1.4196901503282788e-05
Completed 92 % :  mod = 2.9631324547367636e-10,  Error =1.4299014821972378e-05
Completed 93 % :  mod = 1.3261373358219838e-10,  Error =1.4444981353278763e-05
Completed 94 % :  mod = 1.7341073303117179e-10,  Error =1.4622485814186348e-05
Completed 95 % :  mod = 2.2769330731417612e-10,  Error =1.4785781928594588e-05
Completed 96 % :  mod = 3.47593218381237e-10,  Error =1.488909843772035e-05
Completed 97 % :  mod = 1.9871820695466323e-10,  Error =1.502569963207634e-05
Completed 98 % :  mod = 1.0557060151414074e-10,  Error =1.5204177131522556e-05
Completed 99 % :  mod = 1.7169818173725227e-10,  Error =1.538020982394528e-05
Completed 100 % :  mod = 4.0189772626022923e-10,  Error =1.550763091273666e-05
Finished 176/201 frames
Finished all frames!
