/opt/local/miniconda_23_9/lib/python3.11/site-packages/conda/base/context.py:201: FutureWarning: Adding 'defaults' to channel list implicitly is deprecated and will be removed in 25.3. 

To remove this warning, please choose a default channel explicitly with conda's regular configuration system, e.g. by adding 'defaults' to the list of channels:

  conda config --add channels defaults

For more information see https://docs.conda.io/projects/conda/en/stable/user-guide/configuration/use-condarc.html

  deprecated.topic(
JOB 13934 ARRAY_ID 63  -> i=63 ; range=[1.9e-10, 5.0e-10] ; intervals=200 (frames=201)
Analytic t0 extension enabled (--extend-time-using-t0).
Density options: centers='2.0e-10,4.0e-10' width='2.0e-11,5.0e-11' strength='7.0'
Completed 0 % :  mod = 2.6184909403780374e-16,  Error =-1.4210854715202004e-14
Completed 1 % :  mod = 3.497059346120728e-16,  Error =5.634058197756531e-08
Completed 2 % :  mod = 6.722327500905381e-16,  Error =1.1268058841551465e-07
Completed 3 % :  mod = 1.4458609626951244e-15,  Error =1.6901999799756595e-07
Completed 4 % :  mod = 3.189733353204608e-15,  Error =2.2536012522778037e-07
Completed 5 % :  mod = 7.074074522704083e-15,  Error =2.817002382471401e-07
Completed 6 % :  mod = 1.5705469392181093e-14,  Error =3.380395483532084e-07
Completed 7 % :  mod = 3.4876010605382055e-14,  Error =3.9437843923906257e-07
Completed 8 % :  mod = 7.74500779980421e-14,  Error =4.5071821830333647e-07
Completed 9 % :  mod = 1.719969629400277e-13,  Error =5.070581323707302e-07
Completed 10 % :  mod = 3.81962158722503e-13,  Error =5.633976059016277e-07
Completed 11 % :  mod = 8.482411427529833e-13,  Error =6.19736240992097e-07
Completed 12 % :  mod = 1.8837131766396784e-12,  Error =6.760751034562418e-07
Completed 13 % :  mod = 4.1830450733741244e-12,  Error =7.324090560700824e-07
Completed 14 % :  mod = 9.287163901299897e-12,  Error =7.887195039302242e-07
Completed 15 % :  mod = 2.0598871123808865e-11,  Error =8.449154478284981e-07
Completed 16 % :  mod = 4.546502754124082e-11,  Error =9.005575449805292e-07
Completed 17 % :  mod = 9.793523925428382e-11,  Error =9.536679144162008e-07
Completed 18 % :  mod = 1.869337669072502e-10,  Error =9.97911101308091e-07
Completed 19 % :  mod = 2.1989544571753504e-10,  Error =1.030008547786565e-06
Completed 20 % :  mod = 1.2628964180113722e-10,  Error =1.0688962390759116e-06
Completed 21 % :  mod = 6.166003449352437e-11,  Error =1.11968401483864e-06
Completed 22 % :  mod = 2.8830755286502738e-11,  Error =1.1747421240215772e-06
Completed 23 % :  mod = 1.3952189605700139e-11,  Error =1.2307914687426091e-06
Completed 24 % :  mod = 9.324856064696573e-12,  Error =1.287046600850772e-06
Completed 25 % :  mod = 1.0682557095504417e-11,  Error =1.343326694325242e-06
Completed 26 % :  mod = 1.8590971532118317e-11,  Error =1.3995296441748906e-06
Completed 27 % :  mod = 3.987921318554716e-11,  Error =1.4553206426626275e-06
Completed 28 % :  mod = 8.61112138325586e-11,  Error =1.5092013896378376e-06
Completed 28 % :  mod = 1.6611093302440534e-10,  Error =1.555822052523581e-06
Completed 30 % :  mod = 2.2961498692652544e-10,  Error =1.5892835207864664e-06
Completed 31 % :  mod = 1.4335418098918563e-10,  Error =1.62550767868197e-06
Completed 32 % :  mod = 7.16143098440232e-11,  Error =1.674624144243353e-06
Completed 33 % :  mod = 3.397545670973005e-11,  Error =1.7292308029936976e-06
Completed 34 % :  mod = 1.6573320112316527e-11,  Error =1.7851653382194854e-06
Completed 35 % :  mod = 1.1673750548076823e-11,  Error =1.8413791593729911e-06
Completed 36 % :  mod = 1.4326529089394026e-11,  Error =1.8976166984430165e-06
Completed 37 % :  mod = 2.5399380707878694e-11,  Error =1.9537055990781482e-06
Completed 38 % :  mod = 5.474253583578224e-11,  Error =2.009012568748858e-06
Completed 39 % :  mod = 1.1654602379879246e-10,  Error =2.060886131971529e-06
Completed 40 % :  mod = 2.017891057676807e-10,  Error =2.1021232186058114e-06
Completed 41 % :  mod = 2.0614371873325882e-10,  Error =2.1337087687811618e-06
Completed 42 % :  mod = 1.1054739055061831e-10,  Error =2.175724581832128e-06
Completed 43 % :  mod = 5.233594226217091e-11,  Error =2.2278050053614606e-06
Completed 44 % :  mod = 2.9012146353485886e-11,  Error =2.283102624289768e-06
Completed 45 % :  mod = 2.014841607701878e-11,  Error =2.3390838848058593e-06
Completed 46 % :  mod = 2.5139222359994696e-11,  Error =2.3950956773433063e-06
Completed 47 % :  mod = 5.045965172744102e-11,  Error =2.45054778957865e-06
Completed 48 % :  mod = 1.0043301895797044e-10,  Error =2.503413789156639e-06
Completed 49 % :  mod = 1.8496671041366399e-10,  Error =2.5471764146800524e-06
Completed 50 % :  mod = 2.2446191196715792e-10,  Error =2.579346890740908e-06
Completed 51 % :  mod = 1.2240835775488389e-10,  Error =2.618452306535346e-06
Completed 52 % :  mod = 6.375380813395863e-11,  Error =2.6691311347804003e-06
Completed 53 % :  mod = 3.681964200871954e-11,  Error =2.7239516668942088e-06
Completed 54 % :  mod = 2.8101915262164024e-11,  Error =2.779657528151347e-06
Completed 55 % :  mod = 4.083161615543391e-11,  Error =2.8352187015912023e-06
Completed 56 % :  mod = 8.516264562968322e-11,  Error =2.8891900569760764e-06
Completed 56 % :  mod = 1.5159895602535103e-10,  Error =2.9369987188943014e-06
Completed 57 % :  mod = 2.2765810248240452e-10,  Error =2.9714768103872302e-06
Completed 59 % :  mod = 1.6087339975948104e-10,  Error =3.0065724772043723e-06
Completed 60 % :  mod = 7.590825710590576e-11,  Error =3.05434606673316e-06
Completed 61 % :  mod = 3.9531165327410376e-11,  Error =3.108527060646793e-06
Completed 62 % :  mod = 2.281347030203569e-11,  Error =3.164282610157443e-06
Completed 63 % :  mod = 2.061716185413521e-11,  Error =3.2203288142795827e-06
Completed 64 % :  mod = 3.435651924777589e-11,  Error =3.276189524115125e-06
Completed 65 % :  mod = 7.014973998153339e-11,  Error =3.3308717704017e-06
Completed 66 % :  mod = 1.3423864752430346e-10,  Error =3.380610635872472e-06
Completed 67 % :  mod = 2.2795805479924185e-10,  Error =3.4177139696112135e-06
Completed 68 % :  mod = 1.7549595170067756e-10,  Error =3.4507274051520653e-06
Completed 69 % :  mod = 8.889543158862992e-11,  Error =3.4963884729677375e-06
Completed 70 % :  mod = 4.322812435953627e-11,  Error =3.5499837167662918e-06
Completed 71 % :  mod = 2.0294688586046356e-11,  Error =3.6056933865324936e-06
Completed 72 % :  mod = 1.2229421564966544e-11,  Error =3.661865100923478e-06
Completed 73 % :  mod = 1.2498158321243648e-11,  Error =3.7181118415219316e-06
Completed 74 % :  mod = 2.0427625934235742e-11,  Error =3.7742845719890283e-06
Completed 75 % :  mod = 4.1650475488637614e-11,  Error =3.8299984410627985e-06
Completed 76 % :  mod = 9.199177031443279e-11,  Error =3.883575608654155e-06
Completed 77 % :  mod = 1.7314827682533288e-10,  Error =3.929381051648306e-06
Completed 78 % :  mod = 2.2510897959829552e-10,  Error =3.9621352954100075e-06
Completed 79 % :  mod = 1.3906227021349295e-10,  Error =3.99939690254314e-06
Completed 80 % :  mod = 6.664915837731023e-11,  Error =4.049166612674071e-06
Completed 81 % :  mod = 3.15282728033961e-11,  Error =4.1039766145445356e-06
Completed 82 % :  mod = 1.466965664503355e-11,  Error =4.159980512952188e-06
Completed 83 % :  mod = 8.430174789337565e-12,  Error =4.2162351974184276e-06
Completed 84 % :  mod = 7.812945391613343e-12,  Error =4.272535647942277e-06
Completed 85 % :  mod = 1.2040723530102342e-11,  Error =4.328815286669396e-06
Completed 86 % :  mod = 2.4359976961832013e-11,  Error =4.384940432089479e-06
Completed 87 % :  mod = 5.3996493905790616e-11,  Error =4.440313851716837e-06
Completed 88 % :  mod = 1.1178169820459003e-10,  Error =4.492377073006537e-06
Completed 89 % :  mod = 2.0351585393510937e-10,  Error =4.53389034760221e-06
Completed 90 % :  mod = 2.0755487271982285e-10,  Error =4.565586806393185e-06
Completed 91 % :  mod = 1.0996891628445237e-10,  Error =4.6072555832665785e-06
Completed 92 % :  mod = 5.3431218152686434e-11,  Error =4.659318733502005e-06
Completed 93 % :  mod = 2.659365208040839e-11,  Error =4.714662267701897e-06
Completed 94 % :  mod = 1.5159968543174725e-11,  Error =4.770732267900257e-06
Completed 95 % :  mod = 1.5238053040178202e-11,  Error =4.826926890189043e-06
Completed 96 % :  mod = 2.6040004608559488e-11,  Error =4.883008372758013e-06
Completed 97 % :  mod = 5.085581057972655e-11,  Error =4.938409233545826e-06
Completed 98 % :  mod = 1.0891893341163536e-10,  Error =4.990684836059245e-06
Completed 99 % :  mod = 2.0296237824327832e-10,  Error =5.032991005293752e-06
Completed 100 % :  mod = 2.0535144740876302e-10,  Error =5.064579241320644e-06
Finished 64/201 frames
Finished all frames!
