/opt/local/miniconda_23_9/lib/python3.11/site-packages/conda/base/context.py:201: FutureWarning: Adding 'defaults' to channel list implicitly is deprecated and will be removed in 25.3. 

To remove this warning, please choose a default channel explicitly with conda's regular configuration system, e.g. by adding 'defaults' to the list of channels:

  conda config --add channels defaults

For more information see https://docs.conda.io/projects/conda/en/stable/user-guide/configuration/use-condarc.html

  deprecated.topic(
JOB 13452 ARRAY_ID 98  -> i=98 ; range=[1.9e-10, 6.0e-10] ; intervals=200 (frames=201)
Density options: centers='2.0e-10,4.0e-10' width='5e-11,5e-11' strength=''
Completed 0 % :  mod = 2.9139997273554555e-16,  Error =-1.4210854715202004e-14
Completed 1 % :  mod = 4.194726881891335e-16,  Error =8.641086424177047e-08
Completed 2 % :  mod = 9.16268890450287e-16,  Error =1.7282143716101928e-07
Completed 3 % :  mod = 2.2184807371844682e-15,  Error =2.5923220192680674e-07
Completed 4 % :  mod = 5.470774163263613e-15,  Error =3.456428672166112e-07
Completed 5 % :  mod = 1.3531969373306814e-14,  Error =4.3205440647398063e-07
Completed 6 % :  mod = 3.348799144736217e-14,  Error =5.184651143963492e-07
Completed 7 % :  mod = 8.288051604869332e-14,  Error =6.048761562738036e-07
Completed 8 % :  mod = 2.0512638288855037e-13,  Error =6.912865089248044e-07
Completed 9 % :  mod = 5.076815337656703e-13,  Error =7.776975365914041e-07
Completed 10 % :  mod = 1.2564937092289633e-12,  Error =8.64107676079584e-07
Completed 11 % :  mod = 3.1097314155091416e-12,  Error =9.505144902277607e-07
Completed 12 % :  mod = 7.695664874890698e-12,  Error =1.0369022120926275e-06
Completed 13 % :  mod = 1.9033929946677784e-11,  Error =1.1231731207317353e-06
Completed 14 % :  mod = 4.691666765437679e-11,  Error =1.2087354619438884e-06
Completed 15 % :  mod = 1.1318187559326561e-10,  Error =1.2902716122198399e-06
Completed 16 % :  mod = 2.3651346858189375e-10,  Error =1.3552925679505279e-06
Completed 17 % :  mod = 2.395847052608796e-10,  Error =1.4014358953318151e-06
Completed 18 % :  mod = 1.1010613692471662e-10,  Error =1.4671169452640243e-06
Completed 19 % :  mod = 4.693866531913951e-11,  Error =1.5486737936498685e-06
Completed 20 % :  mod = 2.5470795507019158e-11,  Error =1.6340879014364873e-06
Completed 21 % :  mod = 2.1953386787290385e-11,  Error =1.7201013235990104e-06
Completed 22 % :  mod = 3.683982535564609e-11,  Error =1.8058277433397052e-06
Completed 23 % :  mod = 9.059677277233311e-11,  Error =1.8891805027010378e-06
Completed 24 % :  mod = 1.924110969908533e-10,  Error =1.961468925060217e-06
Completed 25 % :  mod = 2.6741050744661795e-10,  Error =2.009886500786706e-06
Completed 26 % :  mod = 1.4411674608972918e-10,  Error =2.0673930762882264e-06
Completed 27 % :  mod = 6.056520253294589e-11,  Error =2.145952109344762e-06
Completed 28 % :  mod = 2.4866479160863704e-11,  Error =2.2309407654574898e-06
Completed 28 % :  mod = 1.0196109791099638e-11,  Error =2.3171116936282488e-06
Completed 30 % :  mod = 4.399947214423885e-12,  Error =2.40348197877438e-06
Completed 31 % :  mod = 2.3785756591074452e-12,  Error =2.489883101475243e-06
Completed 32 % :  mod = 2.706078093319215e-12,  Error =2.5762885158542304e-06
Completed 33 % :  mod = 5.388192444583533e-12,  Error =2.6626876561408608e-06
Completed 34 % :  mod = 1.2633290576665305e-11,  Error =2.7490356373505165e-06
Completed 35 % :  mod = 3.078652889780593e-11,  Error =2.8350768985774266e-06
Completed 36 % :  mod = 7.556333464566888e-11,  Error =2.919290906788774e-06
Completed 37 % :  mod = 1.7521680791634703e-10,  Error =2.9942392743009805e-06
Completed 38 % :  mod = 2.756910903301582e-10,  Error =3.045838191439998e-06
Completed 39 % :  mod = 1.5627072620527147e-10,  Error =3.099286530527934e-06
Completed 40 % :  mod = 7.400983121662893e-11,  Error =3.1758270182535853e-06
Completed 41 % :  mod = 3.187102205503067e-11,  Error =3.2601801720488766e-06
Completed 42 % :  mod = 2.0977280625691663e-11,  Error =3.346047165564414e-06
Completed 43 % :  mod = 3.046616880526592e-11,  Error =3.431970789335992e-06
Completed 44 % :  mod = 6.327749378142401e-11,  Error =3.5167572463024044e-06
Completed 45 % :  mod = 1.3937459728928418e-10,  Error =3.5951599954842095e-06
Completed 46 % :  mod = 2.7502590334851e-10,  Error =3.652437079892934e-06
Completed 47 % :  mod = 1.9085883690582783e-10,  Error =3.7010072446719278e-06
Completed 48 % :  mod = 8.80935807708194e-11,  Error =3.7732038435933646e-06
Completed 49 % :  mod = 3.616482368388647e-11,  Error =3.8567115723253664e-06
Completed 50 % :  mod = 1.5956533967987844e-11,  Error =3.942590829808523e-06
Completed 51 % :  mod = 1.0577636359153689e-11,  Error =4.028869113881228e-06
Completed 52 % :  mod = 1.3907479853005817e-11,  Error =4.115171712726351e-06
Completed 53 % :  mod = 2.8544430311748214e-11,  Error =4.201228811950841e-06
Completed 54 % :  mod = 7.065930350826822e-11,  Error =4.285743564480526e-06
Completed 55 % :  mod = 1.618672634126614e-10,  Error =4.362318570372281e-06
Completed 56 % :  mod = 2.71488363604111e-10,  Error =4.416060129130983e-06
Completed 56 % :  mod = 1.7301537026187291e-10,  Error =4.4674469350525214e-06
Completed 57 % :  mod = 7.89991385315401e-11,  Error =4.542476588653699e-06
Completed 59 % :  mod = 3.248334681109829e-11,  Error =4.6265354001207015e-06
Completed 60 % :  mod = 1.9488370201172475e-11,  Error =4.7124166684398006e-06
Completed 61 % :  mod = 2.2924406279652892e-11,  Error =4.7985073408085555e-06
Completed 62 % :  mod = 4.3162862423360544e-11,  Error =4.8840835091823465e-06
Completed 63 % :  mod = 1.0200213867316495e-10,  Error =4.96635507118981e-06
Completed 64 % :  mod = 2.2647131017552254e-10,  Error =5.0342669055680744e-06
Completed 65 % :  mod = 2.4879645996802446e-10,  Error =5.0808304550287176e-06
Completed 66 % :  mod = 1.2043946900445067e-10,  Error =5.143460008127931e-06
Completed 67 % :  mod = 5.16547054313144e-11,  Error =5.224214369548008e-06
Completed 68 % :  mod = 2.1231333222379547e-11,  Error =5.309609250048197e-06
Completed 69 % :  mod = 9.54045774454165e-12,  Error =5.395836524257902e-06
Completed 70 % :  mod = 6.604090229585818e-12,  Error =5.482197785511289e-06
Completed 71 % :  mod = 9.49758660972006e-12,  Error =5.568560681012968e-06
Completed 72 % :  mod = 2.016773504047631e-11,  Error =5.654800268928284e-06
Completed 73 % :  mod = 4.956596044836618e-11,  Error =5.740267511100683e-06
Completed 74 % :  mod = 1.17693012840306e-10,  Error =5.82141266392e-06
Completed 75 % :  mod = 2.4026058133768925e-10,  Error =5.885240838665595e-06
Completed 76 % :  mod = 2.3496533308120006e-10,  Error =5.9315591727227e-06
Completed 77 % :  mod = 1.0659273173121654e-10,  Error =5.998313881150352e-06
Completed 78 % :  mod = 4.627014306917331e-11,  Error =6.08009121805253e-06
Completed 79 % :  mod = 2.898717855391848e-11,  Error =6.165432147042793e-06
Completed 80 % :  mod = 3.1748779980281423e-11,  Error =6.25120099329024e-06
Completed 81 % :  mod = 5.846756565625399e-11,  Error =6.3359745112734345e-06
Completed 82 % :  mod = 1.4654919130092637e-10,  Error =6.414640196794608e-06
Completed 83 % :  mod = 2.597351520047332e-10,  Error =6.473656263494831e-06
Completed 84 % :  mod = 1.9527636204867397e-10,  Error =6.5209061119730904e-06
Completed 85 % :  mod = 1.0388653787573498e-10,  Error =6.5918180212065636e-06
Completed 86 % :  mod = 4.682477127425788e-11,  Error =6.674182728261258e-06
Completed 87 % :  mod = 4.2227523013541274e-11,  Error =6.758963444042365e-06
Completed 88 % :  mod = 8.322681467342838e-11,  Error =6.842581584010077e-06
Completed 89 % :  mod = 1.588504303273931e-10,  Error =6.918542027278818e-06
Completed 90 % :  mod = 2.655017882900483e-10,  Error =6.971489497686889e-06
Completed 91 % :  mod = 1.8288053836392497e-10,  Error =7.023917504511701e-06
Completed 92 % :  mod = 7.445391682638745e-11,  Error =7.098730314680779e-06
Completed 93 % :  mod = 3.5846707873796405e-11,  Error =7.182643535941224e-06
Completed 94 % :  mod = 2.996653300562197e-11,  Error =7.268272085525496e-06
Completed 95 % :  mod = 4.3480833366493276e-11,  Error =7.353733188608658e-06
Completed 96 % :  mod = 9.001292347444246e-11,  Error =7.436520796488821e-06
Completed 97 % :  mod = 2.1623890666414228e-10,  Error =7.5066067424245375e-06
Completed 98 % :  mod = 2.587974341962183e-10,  Error =7.554839825729687e-06
Completed 99 % :  mod = 1.2778960206412552e-10,  Error =7.614245348008808e-06
Completed 100 % :  mod = 6.522787097776162e-11,  Error =7.693643190975763e-06
Finished 99/201 frames
Finished all frames!
