/opt/local/miniconda_23_9/lib/python3.11/site-packages/conda/base/context.py:201: FutureWarning: Adding 'defaults' to channel list implicitly is deprecated and will be removed in 25.3. 

To remove this warning, please choose a default channel explicitly with conda's regular configuration system, e.g. by adding 'defaults' to the list of channels:

  conda config --add channels defaults

For more information see https://docs.conda.io/projects/conda/en/stable/user-guide/configuration/use-condarc.html

  deprecated.topic(
JOB 13595 ARRAY_ID 38  -> i=38 ; range=[2.0e-10, 2.09e-10] ; intervals=40 (frames=41)
Completed 0 % :  mod = 1.6667317075478707e-16,  Error =-1.4210854715202004e-14
Completed 1 % :  mod = 1.7016103069547733e-16,  Error =9.248957155705284e-09
Completed 2 % :  mod = 1.8077058623387141e-16,  Error =1.8497424036922894e-08
Completed 3 % :  mod = 1.9894587391984724e-16,  Error =2.7745862496431073e-08
Completed 4 % :  mod = 2.254475767995268e-16,  Error =3.699403805512702e-08
Completed 5 % :  mod = 2.613848683873177e-16,  Error =4.624199334557488e-08
Completed 6 % :  mod = 3.082618153786269e-16,  Error =5.548952231038129e-08
Completed 7 % :  mod = 3.680403395878599e-16,  Error =6.473771918535931e-08
Completed 8 % :  mod = 4.432223458680078e-16,  Error =7.398644896738915e-08
Completed 9 % :  mod = 5.369543923562875e-16,  Error =8.323498690288034e-08
Completed 10 % :  mod = 6.531594131447276e-16,  Error =9.24836953686281e-08
Completed 11 % :  mod = 7.967009051014605e-16,  Error =1.0173257436463246e-07
Completed 12 % :  mod = 9.73586464862825e-16,  Error =1.1098096308614913e-07
Completed 13 % :  mod = 1.191219224235827e-15,  Error =1.2022915996112715e-07
Completed 14 % :  mod = 1.458707698303725e-15,  Error =1.294772005167033e-07
Completed 15 % :  mod = 1.7872469936275766e-15,  Error =1.3872561055450205e-07
Completed 16 % :  mod = 2.1905873687367257e-15,  Error =1.4797455349935262e-07
Completed 17 % :  mod = 2.6856096891535956e-15,  Error =1.572228427448863e-07
Completed 18 % :  mod = 3.2930319631452147e-15,  Error =1.664717785843095e-07
Completed 19 % :  mod = 4.038276457323274e-15,  Error =1.7572030941437333e-07
Completed 20 % :  mod = 4.952533635373146e-15,  Error =1.8496938025691634e-07
Completed 21 % :  mod = 6.074067598780187e-15,  Error =1.9421779740014244e-07
Completed 22 % :  mod = 7.449817571257964e-15,  Error =2.0346604401311197e-07
Completed 23 % :  mod = 9.137362356336531e-15,  Error =2.1271520012078327e-07
Completed 24 % :  mod = 1.1207330205964563e-14,  Error =2.2196339699576129e-07
Completed 25 % :  mod = 1.3746354820893762e-14,  Error =2.312123328351845e-07
Completed 26 % :  mod = 1.6860701145002943e-14,  Error =2.404614889428558e-07
Completed 27 % :  mod = 2.0680712830901604e-14,  Error =2.497101547760394e-07
Completed 28 % :  mod = 2.5366267471357688e-14,  Error =2.5895887034721454e-07
Completed 28 % :  mod = 3.111346784995685e-14,  Error =2.682074651261246e-07
Completed 30 % :  mod = 3.816284921101019e-14,  Error =2.7745608832674407e-07
Completed 31 % :  mod = 4.6809446179234136e-14,  Error =2.867040294063372e-07
Completed 32 % :  mod = 5.741514038879459e-14,  Error =2.959525318146916e-07
Completed 33 % :  mod = 7.04238055542062e-14,  Error =3.052010058013366e-07
Completed 34 % :  mod = 8.637988358694398e-14,  Error =3.144491671491778e-07
Completed 35 % :  mod = 1.0595116879386403e-13,  Error =3.236989414290292e-07
Completed 36 % :  mod = 1.2995675287237148e-13,  Error =3.3294806200956373e-07
Completed 37 % :  mod = 1.5940129864041502e-13,  Error =3.4219592492945594e-07
Completed 38 % :  mod = 1.955170742169971e-13,  Error =3.51444718660332e-07
Completed 39 % :  mod = 2.398155015992155e-13,  Error =3.606932850175326e-07
Completed 40 % :  mod = 2.941503671510275e-13,  Error =3.699417234770408e-07
Completed 41 % :  mod = 3.607953216482629e-13,  Error =3.7919058115676307e-07
Completed 42 % :  mod = 4.4253888032299126e-13,  Error =3.8843856486892037e-07
Completed 43 % :  mod = 5.428008373140335e-13,  Error =3.9768753623548037e-07
Completed 44 % :  mod = 6.65774853762901e-13,  Error =4.0693556968562916e-07
Completed 45 % :  mod = 8.166029784812458e-13,  Error =4.1618380919317133e-07
Completed 46 % :  mod = 1.0015890200785712e-12,  Error =4.2543270950545775e-07
Completed 47 % :  mod = 1.2284589903608393e-12,  Error =4.3468131138979516e-07
Completed 48 % :  mod = 1.5066782095069984e-12,  Error =4.439284353452422e-07
Completed 49 % :  mod = 1.847835930700427e-12,  Error =4.5317577246350993e-07
Completed 50 % :  mod = 2.266109135626839e-12,  Error =4.624231024763503e-07
Completed 51 % :  mod = 2.778816730638868e-12,  Error =4.7167042538376336e-07
Completed 52 % :  mod = 3.407072306587522e-12,  Error =4.809155100815588e-07
Completed 53 % :  mod = 4.17653522407015e-12,  Error =4.901611987406795e-07
Completed 54 % :  mod = 5.118241104715938e-12,  Error =4.994040310180026e-07
Completed 55 % :  mod = 6.269454943926121e-12,  Error =5.086433958467751e-07
Completed 56 % :  mod = 7.674417405377432e-12,  Error =5.178788171633641e-07
Completed 56 % :  mod = 9.384721115107303e-12,  Error =5.27107459902254e-07
Completed 57 % :  mod = 1.1458817382350551e-11,  Error =5.363265813684848e-07
Completed 59 % :  mod = 1.3959756549654497e-11,  Error =5.455307956481192e-07
Completed 60 % :  mod = 1.694964668542537e-11,  Error =5.547137646999545e-07
Completed 61 % :  mod = 2.047847600044553e-11,  Error =5.638671041197085e-07
Completed 62 % :  mod = 2.456412671471381e-11,  Error =5.729781307195481e-07
Completed 63 % :  mod = 2.9160492898232305e-11,  Error =5.820313333515514e-07
Completed 64 % :  mod = 3.411370097403778e-11,  Error =5.91008458172837e-07
Completed 65 % :  mod = 3.911587209701558e-11,  Error =5.998928642725332e-07
Completed 66 % :  mod = 4.368337390171248e-11,  Error =6.086773041147353e-07
Completed 67 % :  mod = 4.720336248732593e-11,  Error =6.173665738629097e-07
Completed 68 % :  mod = 4.9080878585036726e-11,  Error =6.259888678528114e-07
Completed 69 % :  mod = 4.895198999711386e-11,  Error =6.345872378688e-07
Completed 70 % :  mod = 4.6842749835602623e-11,  Error =6.432154506796905e-07
Completed 71 % :  mod = 4.315715434221484e-11,  Error =6.519176025676643e-07
Completed 72 % :  mod = 3.8503562043655954e-11,  Error =6.607154148241534e-07
Completed 73 % :  mod = 3.3484608183642104e-11,  Error =6.696129162264697e-07
Completed 74 % :  mod = 2.856267198925983e-11,  Error =6.786004220771247e-07
Completed 75 % :  mod = 2.4024339642212108e-11,  Error =6.876604174976819e-07
Completed 76 % :  mod = 2.000738023385412e-11,  Error =6.967773629185103e-07
Completed 77 % :  mod = 1.6547726780592045e-11,  Error =7.05935185862927e-07
Completed 78 % :  mod = 1.3622012222255416e-11,  Error =7.151217999989967e-07
Completed 79 % :  mod = 1.1177857099037305e-11,  Error =7.243274140478206e-07
Completed 80 % :  mod = 9.152568239091074e-12,  Error =7.335481200243521e-07
Completed 81 % :  mod = 7.48345285978736e-12,  Error =7.427784396440984e-07
Completed 82 % :  mod = 6.112840280031427e-12,  Error =7.520150262507741e-07
Completed 83 % :  mod = 4.990053286541722e-12,  Error =7.612551229385645e-07
Completed 84 % :  mod = 4.071753898332869e-12,  Error =7.704986089152044e-07
Completed 85 % :  mod = 3.3214997072213943e-12,  Error =7.797430399136829e-07
Completed 86 % :  mod = 2.70897339187059e-12,  Error =7.889893822721206e-07
Completed 87 % :  mod = 2.2091273019672503e-12,  Error =7.982357530522677e-07
Completed 88 % :  mod = 1.8013608110424152e-12,  Error =8.074831328030996e-07
Completed 89 % :  mod = 1.4687809978952227e-12,  Error =8.167299441197429e-07
Completed 90 % :  mod = 1.1975624291747327e-12,  Error =8.259771817620276e-07
Completed 91 % :  mod = 9.764048013682845e-13,  Error =8.352251725796123e-07
Completed 92 % :  mod = 7.960796768935838e-13,  Error =8.444738384127959e-07
Completed 93 % :  mod = 6.490549260748909e-13,  Error =8.537220139714918e-07
Completed 94 % :  mod = 5.291852765719592e-13,  Error =8.629707011209575e-07
Completed 95 % :  mod = 4.3145825573691645e-13,  Error =8.722198145960647e-07
Completed 96 % :  mod = 3.5178610648227623e-13,  Error =8.814680114710427e-07
Completed 97 % :  mod = 2.8683562569747917e-13,  Error =8.90716592039098e-07
Completed 98 % :  mod = 2.338891604227082e-13,  Error =8.999653573482647e-07
Completed 99 % :  mod = 1.9073113765005633e-13,  Error =9.092141581845681e-07
Completed 100 % :  mod = 1.555554834202495e-13,  Error =9.18462731647196e-07
Finished 39/41 frames
Finished all frames!
