/opt/local/miniconda_23_9/lib/python3.11/site-packages/conda/base/context.py:201: FutureWarning: Adding 'defaults' to channel list implicitly is deprecated and will be removed in 25.3. 

To remove this warning, please choose a default channel explicitly with conda's regular configuration system, e.g. by adding 'defaults' to the list of channels:

  conda config --add channels defaults

For more information see https://docs.conda.io/projects/conda/en/stable/user-guide/configuration/use-condarc.html

  deprecated.topic(
JOB 13285 ARRAY_ID 1  -> i=1 ; range=[1.9e-10, 6.0e-10] ; intervals=6
THIS SHOULD ONLY BE REACHED ONCE
Completed 0 % :  mod = 2.0666666676011875e-16,  Error =-1.4210854715202004e-14
Completed 1 % :  mod = 2.375452989675934e-16,  Error =2.1862184951260133e-08
Completed 2 % :  mod = 3.3940851660840376e-16,  Error =4.372474649017022e-08
Completed 3 % :  mod = 5.426956405059982e-16,  Error =6.558633458553231e-08
Completed 4 % :  mod = 9.081540446377232e-16,  Error =8.74482424251255e-08
Completed 5 % :  mod = 1.5449920022556842e-15,  Error =1.0931080396403559e-07
Completed 6 % :  mod = 2.6435129168171234e-15,  Error =1.311729604935863e-07
Completed 7 % :  mod = 4.5319828132602e-15,  Error =1.5303490386031626e-07
Completed 8 % :  mod = 7.774724591245931e-15,  Error =1.7489692538674717e-07
Completed 9 % :  mod = 1.3340752070413333e-14,  Error =1.967593803442469e-07
Completed 10 % :  mod = 2.289333597041746e-14,  Error =2.186215368737976e-07
Completed 11 % :  mod = 3.928703132909352e-14,  Error =2.404831889180059e-07
Completed 12 % :  mod = 6.742069020060467e-14,  Error =2.623448125405048e-07
Completed 13 % :  mod = 1.1570135797173058e-13,  Error =2.84206244316465e-07
Completed 14 % :  mod = 1.985564850075068e-13,  Error =3.060682658428959e-07
Completed 15 % :  mod = 3.4074507654773906e-13,  Error =3.279304650050108e-07
Completed 16 % :  mod = 5.847556077078805e-13,  Error =3.4979276364310863e-07
Completed 17 % :  mod = 1.0034990914236527e-12,  Error =3.7165466437727446e-07
Completed 18 % :  mod = 1.7220787003284775e-12,  Error =3.9351608904780733e-07
Completed 19 % :  mod = 2.9550825866218596e-12,  Error =4.153756520963725e-07
Completed 20 % :  mod = 5.070247550548987e-12,  Error =4.3723146347929287e-07
Completed 21 % :  mod = 8.696022044467082e-12,  Error =4.590742932464309e-07
Completed 22 % :  mod = 1.489764294223879e-11,  Error =4.808787039678464e-07
Completed 23 % :  mod = 2.5436766980161436e-11,  Error =5.025744158615453e-07
Completed 24 % :  mod = 4.3009254944331706e-11,  Error =5.239583416027926e-07
Completed 25 % :  mod = 7.070566824685015e-11,  Error =5.445088859801217e-07
Completed 26 % :  mod = 1.0762101036041835e-10,  Error =5.631867523447909e-07
Completed 27 % :  mod = 1.3647250429728198e-10,  Error =5.79167185321694e-07
Completed 28 % :  mod = 1.28062506937882e-10,  Error =5.941395997410837e-07
Completed 28 % :  mod = 9.23717560123446e-11,  Error =6.111846104772667e-07
Completed 30 % :  mod = 5.828934624857805e-11,  Error =6.307584499154473e-07
Completed 31 % :  mod = 3.496414388844566e-11,  Error =6.517339556921797e-07
Completed 32 % :  mod = 2.056361078526027e-11,  Error =6.73281128626968e-07
Completed 33 % :  mod = 1.202115096562271e-11,  Error =6.950351334467086e-07
Completed 34 % :  mod = 7.019511752013858e-12,  Error =7.168607325525045e-07
Completed 35 % :  mod = 4.092205493040935e-12,  Error =7.387094882460588e-07
Completed 36 % :  mod = 2.3910668248481304e-12,  Error =7.6056712572381e-07
Completed 37 % :  mod = 1.4034994447067213e-12,  Error =7.824276906376326e-07
Completed 38 % :  mod = 8.336488960114724e-13,  Error =8.042876444847025e-07
Completed 39 % :  mod = 5.142628042009905e-13,  Error =8.261499786499371e-07
Completed 40 % :  mod = 3.480897788050541e-13,  Error =8.480116306941454e-07
Completed 41 % :  mod = 2.8572701812081477e-13,  Error =8.698733111600632e-07
Completed 42 % :  mod = 3.091265306890404e-13,  Error =8.917352900539299e-07
Completed 43 % :  mod = 4.2478802554854103e-13,  Error =9.135975673757457e-07
Completed 44 % :  mod = 6.669060552009354e-13,  Error =9.354600791766643e-07
Completed 45 % :  mod = 1.1093636767190285e-12,  Error =9.573223209713433e-07
Completed 46 % :  mod = 1.8824315359188533e-12,  Error =9.79183283789098e-07
Completed 47 % :  mod = 3.216598174513787e-12,  Error =1.0010424134065943e-06
Completed 48 % :  mod = 5.515922422061575e-12,  Error =1.0228968960745988e-06
Completed 49 % :  mod = 9.449826916386452e-12,  Error =1.0447357041698524e-06
Completed 50 % :  mod = 1.618113813892174e-11,  Error =1.06652978359989e-06
Completed 51 % :  mod = 2.761826748731926e-11,  Error =1.0881951268970624e-06
Completed 52 % :  mod = 4.653726664374658e-11,  Error =1.109496139406474e-06
Completed 53 % :  mod = 7.596176066444689e-11,  Error =1.129837116309318e-06
Completed 54 % :  mod = 1.1339178843755785e-10,  Error =1.148118897731365e-06
Completed 55 % :  mod = 1.379957972203081e-10,  Error =1.1637488555038544e-06
Completed 56 % :  mod = 1.2347133293264677e-10,  Error =1.1788756424380153e-06
Completed 56 % :  mod = 8.657562284386541e-11,  Error =1.1963553916416458e-06
Completed 57 % :  mod = 5.396857168724601e-11,  Error =1.2162216975752926e-06
Completed 59 % :  mod = 3.225308451459414e-11,  Error =1.2373257121112147e-06
Completed 60 % :  mod = 1.8938160086186855e-11,  Error =1.2589199869239565e-06
Completed 61 % :  mod = 1.106534725623375e-11,  Error =1.280690938187945e-06
Completed 62 % :  mod = 6.4680869469185975e-12,  Error =1.3025212979300704e-06
Completed 63 % :  mod = 3.776125663238654e-12,  Error =1.3243722776223876e-06
Completed 64 % :  mod = 2.219190971042757e-12,  Error =1.3462306398537294e-06
Completed 65 % :  mod = 1.3248059787566549e-12,  Error =1.3680916879366123e-06
Completed 66 % :  mod = 8.23446952532896e-13,  Error =1.3899534749839404e-06
Completed 67 % :  mod = 5.703138362806308e-13,  Error =1.4118157025677647e-06
Completed 68 % :  mod = 4.871329716966024e-13,  Error =1.433677752515905e-06
Completed 69 % :  mod = 5.486584585323746e-13,  Error =1.4555396674609256e-06
Completed 70 % :  mod = 7.752617744877542e-13,  Error =1.477402989280563e-06
Completed 71 % :  mod = 1.2336238631297102e-12,  Error =1.499264278947976e-06
Completed 72 % :  mod = 2.0576746129383834e-12,  Error =1.521125568615389e-06
Completed 73 % :  mod = 3.5019076655783008e-12,  Error =1.5429838668978846e-06
Completed 74 % :  mod = 5.987257705589053e-12,  Error =1.5648370990106741e-06
Completed 75 % :  mod = 1.0246615636285998e-11,  Error =1.5866721270185735e-06
Completed 76 % :  mod = 1.755918170413305e-11,  Error =1.6084543901229154e-06
Completed 77 % :  mod = 2.9891045572659505e-11,  Error =1.6300861673812506e-06
Completed 78 % :  mod = 5.024386845327772e-11,  Error =1.6512918392663778e-06
Completed 79 % :  mod = 8.136380203555582e-11,  Error =1.6714026429553996e-06
Completed 80 % :  mod = 1.1865110184170676e-10,  Error =1.6892787613187465e-06
Completed 81 % :  mod = 1.3857348905412962e-10,  Error =1.7046191729264137e-06
Completed 82 % :  mod = 1.1845809372375515e-10,  Error =1.7199744206664036e-06
Completed 83 % :  mod = 8.099676981856787e-11,  Error =1.7378719547878063e-06
Completed 84 % :  mod = 5.007423609833544e-11,  Error =1.7579961735236793e-06
Completed 85 % :  mod = 2.976904288427432e-11,  Error =1.779207437380137e-06
Completed 86 % :  mod = 1.7466865534864637e-11,  Error =1.8008404367719777e-06
Completed 87 % :  mod = 1.020825592215655e-11,  Error =1.8226244691277316e-06
Completed 88 % :  mod = 5.951242663960813e-12,  Error =1.844459397659648e-06
Completed 89 % :  mod = 3.4717814719396293e-12,  Error =1.8663125374018819e-06
Completed 90 % :  mod = 2.0275200160796235e-12,  Error =1.8881719725527546e-06
Completed 91 % :  mod = 1.1872776883675271e-12,  Error =1.9100332977473045e-06
Completed 92 % :  mod = 7.032351354411525e-13,  Error =1.931894374251897e-06
Completed 93 % :  mod = 4.28736545447406e-13,  Error =1.95375652367602e-06
Completed 94 % :  mod = 2.822911123738649e-13,  Error =1.9756189857389472e-06
Completed 95 % :  mod = 2.2047152233684056e-13,  Error =1.997480566728882e-06
Completed 96 % :  mod = 2.2435931771372998e-13,  Error =2.019342886683262e-06
Completed 97 % :  mod = 2.9522071755477474e-13,  Error =2.041205412695035e-06
Completed 98 % :  mod = 4.546195945640793e-13,  Error =2.0630675408028765e-06
Completed 99 % :  mod = 7.495455167576808e-13,  Error =2.084929711543282e-06
Completed 100 % :  mod = 1.2681876401195133e-12,  Error =2.1067913920091996e-06
Finished 2/6 frames
Finished all frames!
