/opt/local/miniconda_23_9/lib/python3.11/site-packages/conda/base/context.py:201: FutureWarning: Adding 'defaults' to channel list implicitly is deprecated and will be removed in 25.3. 

To remove this warning, please choose a default channel explicitly with conda's regular configuration system, e.g. by adding 'defaults' to the list of channels:

  conda config --add channels defaults

For more information see https://docs.conda.io/projects/conda/en/stable/user-guide/configuration/use-condarc.html

  deprecated.topic(
JOB 14070 ARRAY_ID 199  -> i=199 ; range=[1.9e-10, 5.0e-10] ; intervals=200 (frames=201)
Analytic t0 extension enabled (--extend-time-using-t0).
Density options: centers='2.0e-10,4.0e-10' width='2.0e-11,5.0e-11' strength='7.0'
Completed 0 % :  mod = 3.9720093963504697e-16,  Error =-1.4210854715202004e-14
Completed 1 % :  mod = 7.298479114138385e-16,  Error =2.982989073530007e-07
Completed 2 % :  mod = 2.2849577754742272e-15,  Error =5.965965783616411e-07
Completed 3 % :  mod = 7.667270611735915e-15,  Error =8.948947183284872e-07
Completed 4 % :  mod = 2.589192201592484e-14,  Error =1.1931935759434964e-06
Completed 5 % :  mod = 8.74843960026546e-14,  Error =1.4914928101461555e-06
Completed 6 % :  mod = 2.9560935831068545e-13,  Error =1.789791078010694e-06
Completed 7 % :  mod = 9.988668380016353e-13,  Error =2.0880893885077967e-06
Completed 8 % :  mod = 3.3751791360767244e-12,  Error =2.3863802312007465e-06
Completed 9 % :  mod = 1.1404652778448408e-11,  Error =2.6846028049476445e-06
Completed 10 % :  mod = 3.853174164151363e-11,  Error =2.982038033394474e-06
Completed 11 % :  mod = 1.2990787874239894e-10,  Error =3.270884192829726e-06
Completed 12 % :  mod = 3.9663086886617656e-10,  Error =3.495300056499673e-06
Completed 13 % :  mod = 2.5607993260016316e-10,  Error =3.6483811882703776e-06
Completed 14 % :  mod = 1.2341896771466947e-10,  Error =3.9079353015836205e-06
Completed 15 % :  mod = 1.0333374649054486e-10,  Error =4.192187276430559e-06
Completed 16 % :  mod = 2.356616742436305e-10,  Error =4.448404098411629e-06
Completed 17 % :  mod = 4.70745228558069e-10,  Error =4.6071093819932685e-06
Completed 18 % :  mod = 1.668648353050848e-10,  Error =4.8155979328612375e-06
Completed 19 % :  mod = 1.3869347637954467e-10,  Error =5.075918416252989e-06
Completed 20 % :  mod = 4.0419676109611693e-10,  Error =5.2891112076736135e-06
Completed 21 % :  mod = 3.269033531387205e-10,  Error =5.462436000414073e-06
Completed 22 % :  mod = 1.4683325929992535e-10,  Error =5.7069863785841335e-06
Completed 23 % :  mod = 1.5652277704688598e-10,  Error =5.970373379682314e-06
Completed 24 % :  mod = 4.910156178962369e-10,  Error =6.150972509999519e-06
Completed 25 % :  mod = 2.0296476325703503e-10,  Error =6.333642168954157e-06
Completed 26 % :  mod = 7.505853427542156e-11,  Error =6.604294313206083e-06
Completed 27 % :  mod = 1.1089958509866239e-10,  Error =6.892280104864312e-06
Completed 28 % :  mod = 2.9233275017043334e-10,  Error =7.151267105598436e-06
Completed 28 % :  mod = 4.147198248923912e-10,  Error =7.312796434177926e-06
Completed 30 % :  mod = 1.2685816314987812e-10,  Error =7.5316465668606725e-06
Completed 31 % :  mod = 7.420610678365826e-11,  Error =7.813388940292043e-06
Completed 32 % :  mod = 1.9052734988097796e-10,  Error =8.090351329315126e-06
Completed 33 % :  mod = 4.0976130726284393e-10,  Error =8.296774588245626e-06
Completed 34 % :  mod = 1.8890130627066498e-10,  Error =8.458256125720709e-06
Completed 35 % :  mod = 2.1750735440764615e-10,  Error =8.711538939110142e-06
Completed 36 % :  mod = 2.836012909070427e-10,  Error =8.956070487897705e-06
Completed 37 % :  mod = 3.7165607223214565e-10,  Error =9.117445124218193e-06
Completed 38 % :  mod = 1.393745868358868e-10,  Error =9.335439337121443e-06
Completed 39 % :  mod = 1.0285008707045083e-10,  Error =9.61012065658906e-06
Completed 40 % :  mod = 2.794399184645804e-10,  Error =9.866741393693701e-06
Completed 41 % :  mod = 3.758194814313887e-10,  Error =1.002552939155521e-05
Completed 42 % :  mod = 1.6282427086233254e-10,  Error =1.0240883604240025e-05
Completed 43 % :  mod = 1.0746648648745582e-10,  Error =1.0522311882255053e-05
Completed 44 % :  mod = 1.1940725766348495e-10,  Error =1.0805186654749832e-05
Completed 45 % :  mod = 3.7254448454736083e-10,  Error =1.1030331954486883e-05
Completed 46 % :  mod = 2.7056542385073575e-10,  Error =1.1181575175100988e-05
Completed 47 % :  mod = 1.4824424730614572e-10,  Error =1.1430331902317903e-05
Completed 48 % :  mod = 1.9572419287847425e-10,  Error =1.1696453867671153e-05
Completed 49 % :  mod = 3.5451206248960656e-10,  Error =1.1896780094389214e-05
Completed 50 % :  mod = 2.8105420647951695e-10,  Error =1.2070137358932698e-05
Completed 51 % :  mod = 1.5540431445908911e-10,  Error =1.2323473477238167e-05
Completed 52 % :  mod = 2.011301711584695e-10,  Error =1.2577294427273955e-05
Completed 53 % :  mod = 4.154843800007411e-10,  Error =1.2737806315499256e-05
Completed 54 % :  mod = 1.5503178274112114e-10,  Error =1.2945615253556753e-05
Completed 55 % :  mod = 1.2724465088574097e-10,  Error =1.3222093365072851e-05
Completed 56 % :  mod = 1.66595040989787e-10,  Error =1.3499595752364257e-05
Completed 56 % :  mod = 4.0874363592894486e-10,  Error =1.3702778097979262e-05
Completed 57 % :  mod = 2.506843787281653e-10,  Error =1.3869078607342544e-05
Completed 59 % :  mod = 9.125045440229555e-11,  Error =1.4132699597269038e-05
Completed 60 % :  mod = 1.2242226391441575e-10,  Error =1.441287153625126e-05
Completed 61 % :  mod = 3.475374165755517e-10,  Error =1.4647123357747205e-05
Completed 62 % :  mod = 3.331978376309588e-10,  Error =1.4799633653694855e-05
Completed 63 % :  mod = 2.1163247889536989e-10,  Error =1.5033621544091602e-05
Completed 64 % :  mod = 1.602830524646437e-10,  Error =1.5293638625735184e-05
Completed 65 % :  mod = 4.174128203746285e-10,  Error =1.547590962047707e-05
Completed 66 % :  mod = 2.2988565801149133e-10,  Error =1.5663613119443198e-05
Completed 67 % :  mod = 9.281608895358473e-11,  Error =1.5931536992752626e-05
Completed 68 % :  mod = 1.5316385379782267e-10,  Error =1.620602035501406e-05
Completed 69 % :  mod = 4.3202216884449007e-10,  Error =1.6404919790602435e-05
Completed 70 % :  mod = 2.540041337585831e-10,  Error =1.6578053255500436e-05
Completed 71 % :  mod = 9.813728986302319e-11,  Error =1.6846133831904808e-05
Completed 72 % :  mod = 7.690159005719588e-11,  Error =1.713543265680073e-05
Completed 73 % :  mod = 2.0499952787197426e-10,  Error =1.740614180079092e-05
Completed 74 % :  mod = 4.855302244688551e-10,  Error =1.7584878953869065e-05
Completed 75 % :  mod = 1.5362920182058107e-10,  Error =1.7769713529958153e-05
Completed 76 % :  mod = 1.434848275255253e-10,  Error =1.803695447932796e-05
Completed 77 % :  mod = 2.904688673038394e-10,  Error =1.8289205520716223e-05
Completed 78 % :  mod = 4.2894965007679777e-10,  Error =1.8467258755094917e-05
Completed 79 % :  mod = 1.526171925399405e-10,  Error =1.8667915291814552e-05
Completed 80 % :  mod = 1.7174208614903799e-10,  Error =1.8922345333294288e-05
Completed 81 % :  mod = 4.770340625205916e-10,  Error =1.9128789226385834e-05
Completed 82 % :  mod = 2.33290426646002e-10,  Error =1.9288924242744088e-05
Completed 83 % :  mod = 1.1122114895066278e-10,  Error =1.9542196554311886e-05
Completed 84 % :  mod = 1.586322950119789e-10,  Error =1.9821001515651915e-05
Completed 85 % :  mod = 3.2152477607722647e-10,  Error =2.006184565317426e-05
Completed 86 % :  mod = 3.1067014020384246e-10,  Error =2.0203883984493132e-05
Completed 87 % :  mod = 1.36906615536909e-10,  Error =2.044701449221975e-05
Completed 88 % :  mod = 6.965709410877796e-11,  Error =2.073388338175164e-05
Completed 89 % :  mod = 1.1369240883924064e-10,  Error =2.101925539932381e-05
Completed 90 % :  mod = 4.1756572231579097e-10,  Error =2.124101613532048e-05
Completed 91 % :  mod = 2.8276582022873306e-10,  Error =2.140061516087144e-05
Completed 92 % :  mod = 8.690768688002208e-11,  Error =2.1662269745093e-05
Completed 93 % :  mod = 4.850845696193563e-11,  Error =2.195428124451837e-05
Completed 94 % :  mod = 1.1017104877280701e-10,  Error =2.2244212757982496e-05
Completed 95 % :  mod = 3.3919598439206633e-10,  Error =2.249031721390793e-05
Completed 96 % :  mod = 3.419803352616995e-10,  Error =2.2636981512391685e-05
Completed 97 % :  mod = 1.0686483565064922e-10,  Error =2.2882303106541713e-05
Completed 98 % :  mod = 4.022440787432149e-11,  Error =2.317322430656077e-05
Completed 99 % :  mod = 5.469166813573936e-11,  Error =2.3468551802352522e-05
Completed 100 % :  mod = 1.6536681720396153e-10,  Error =2.375279748889625e-05
Finished 200/201 frames
Finished all frames!
