/opt/local/miniconda_23_9/lib/python3.11/site-packages/conda/base/context.py:201: FutureWarning: Adding 'defaults' to channel list implicitly is deprecated and will be removed in 25.3. 

To remove this warning, please choose a default channel explicitly with conda's regular configuration system, e.g. by adding 'defaults' to the list of channels:

  conda config --add channels defaults

For more information see https://docs.conda.io/projects/conda/en/stable/user-guide/configuration/use-condarc.html

  deprecated.topic(
JOB 13917 ARRAY_ID 46  -> i=46 ; range=[1.9e-10, 5.0e-10] ; intervals=200 (frames=201)
Analytic t0 extension enabled (--extend-time-using-t0).
Density options: centers='2.0e-10,4.0e-10' width='2.0e-11,5.0e-11' strength='7.0'
Completed 0 % :  mod = 2.144119734597348e-16,  Error =-1.4210854715202004e-14
Completed 1 % :  mod = 2.5191506816115543e-16,  Error =2.5328709796212934e-08
Completed 2 % :  mod = 3.775437910206057e-16,  Error =5.0657902761486184e-08
Completed 3 % :  mod = 6.352459240384205e-16,  Error =7.598618623205766e-08
Completed 4 % :  mod = 1.1151715445450198e-15,  Error =1.0131468997087723e-07
Completed 5 % :  mod = 1.9852095749473213e-15,  Error =1.2664246185067896e-07
Completed 6 % :  mod = 3.5497191118955158e-15,  Error =1.5197039004988255e-07
Completed 7 % :  mod = 6.356001227353567e-15,  Error =1.7729892221041155e-07
Completed 8 % :  mod = 1.138575733198232e-14,  Error =2.0262717015384624e-07
Completed 9 % :  mod = 2.0398510597292885e-14,  Error =2.279549207173659e-07
Completed 10 % :  mod = 3.6547127155791243e-14,  Error =2.53282223638962e-07
Completed 11 % :  mod = 6.548075953161822e-14,  Error =2.7861056395295236e-07
Completed 12 % :  mod = 1.1732104341136258e-13,  Error =3.039392240111738e-07
Completed 13 % :  mod = 2.1020284520021753e-13,  Error =3.2926787696396786e-07
Completed 14 % :  mod = 3.7661807198281e-13,  Error =3.54596252805095e-07
Completed 15 % :  mod = 6.747810485026624e-13,  Error =3.7992472101677777e-07
Completed 16 % :  mod = 1.2089872770363887e-12,  Error =4.052525071074342e-07
Completed 17 % :  mod = 2.166064233728057e-12,  Error =4.3057992371586806e-07
Completed 18 % :  mod = 3.880531509131444e-12,  Error =4.55903943930025e-07
Completed 19 % :  mod = 6.950494521990206e-12,  Error =4.812199634329772e-07
Completed 20 % :  mod = 1.2440393104424856e-11,  Error =5.065069217380369e-07
Completed 21 % :  mod = 2.2216275512104005e-11,  Error =5.317040248087324e-07
Completed 22 % :  mod = 3.938877930432916e-11,  Error =5.566165128811917e-07
Completed 23 % :  mod = 6.825826417177378e-11,  Error =5.806818634823685e-07
Completed 24 % :  mod = 1.1032630880510004e-10,  Error =6.025899565997861e-07
Completed 25 % :  mod = 1.4786577573911082e-10,  Error =6.20904103243447e-07
Completed 26 % :  mod = 1.3995473111436024e-10,  Error =6.375425840587923e-07
Completed 27 % :  mod = 9.714656276950853e-11,  Error =6.569360451180728e-07
Completed 28 % :  mod = 5.835846155462957e-11,  Error =6.796550309218219e-07
Completed 28 % :  mod = 3.3421219200842334e-11,  Error =7.040624723231304e-07
Completed 30 % :  mod = 1.8771794842209572e-11,  Error =7.290920081004515e-07
Completed 31 % :  mod = 1.0507859862482441e-11,  Error =7.543254056940896e-07
Completed 32 % :  mod = 5.88919025983271e-12,  Error =7.796240169000157e-07
Completed 33 % :  mod = 3.3027096340956784e-12,  Error =8.049424380374148e-07
Completed 34 % :  mod = 1.882829270645996e-12,  Error =8.302671048454613e-07
Completed 35 % :  mod = 1.11902286798601e-12,  Error =8.555945569810319e-07
Completed 36 % :  mod = 7.442090881151388e-13,  Error =8.809221725414318e-07
Completed 37 % :  mod = 6.32252277579179e-13,  Error =9.062497809964043e-07
Completed 38 % :  mod = 7.410919692036772e-13,  Error =9.315777447227447e-07
Completed 39 % :  mod = 1.1069255441259843e-12,  Error =9.569057723979313e-07
Completed 40 % :  mod = 1.863475755463333e-12,  Error =9.82233522961451e-07
Completed 41 % :  mod = 3.2711484637305788e-12,  Error =1.0075592697944558e-06
Completed 42 % :  mod = 5.812450863269633e-12,  Error =1.032878088835787e-06
Completed 43 % :  mod = 1.040383229843888e-11,  Error =1.0581764868788923e-06
Completed 44 % :  mod = 1.8571879110881725e-11,  Error =1.083413373237363e-06
Completed 45 % :  mod = 3.2999826497081864e-11,  Error =1.1084504478731105e-06
Completed 46 % :  mod = 5.785946771213109e-11,  Error =1.1328776707841826e-06
Completed 47 % :  mod = 9.621931231115373e-11,  Error =1.1556450374428096e-06
Completed 48 % :  mod = 1.3920785935033696e-10,  Error =1.1751076556265616e-06
Completed 49 % :  mod = 1.4849029585532579e-10,  Error =1.1917662732230383e-06
Completed 50 % :  mod = 1.1100950349951679e-10,  Error =1.2100124564540238e-06
Completed 51 % :  mod = 6.900606172845549e-11,  Error =1.2318615034700997e-06
Completed 52 % :  mod = 3.9866060952085416e-11,  Error =1.2559009974211222e-06
Completed 53 % :  mod = 2.2438931429285036e-11,  Error =1.280804177383743e-06
Completed 54 % :  mod = 1.2632513089380312e-11,  Error =1.3059981256446918e-06
Completed 55 % :  mod = 7.083473158083855e-12,  Error =1.3312841105062034e-06
Completed 56 % :  mod = 4.0182844151570066e-12,  Error =1.356598964719069e-06
Completed 56 % :  mod = 2.3729356852829566e-12,  Error =1.381922885457243e-06
Completed 57 % :  mod = 1.539629416293779e-12,  Error =1.4072499325834542e-06
Completed 59 % :  mod = 1.251327126590447e-12,  Error =1.4325775410384267e-06
Completed 60 % :  mod = 1.4047833009816e-12,  Error =1.4579042399986974e-06
Completed 61 % :  mod = 2.0410477061667938e-12,  Error =1.4832317134505502e-06
Completed 62 % :  mod = 3.3933154826594818e-12,  Error =1.508557780027786e-06
Completed 63 % :  mod = 5.950041354577775e-12,  Error =1.5338757464178343e-06
Completed 64 % :  mod = 1.053421367680004e-11,  Error =1.5591737749787171e-06
Completed 65 % :  mod = 1.8811003844929325e-11,  Error =1.5844073573134665e-06
Completed 66 % :  mod = 3.347887234041335e-11,  Error =1.609435074101384e-06
Completed 67 % :  mod = 5.834782508225012e-11,  Error =1.633841449688589e-06
Completed 68 % :  mod = 9.729877599071824e-11,  Error =1.6565557316994273e-06
Completed 69 % :  mod = 1.3998560199494735e-10,  Error =1.6759450787162677e-06
Completed 70 % :  mod = 1.4774167426705518e-10,  Error =1.6925811578971661e-06
Completed 71 % :  mod = 1.1037722895211773e-10,  Error =1.7109030636675016e-06
Completed 72 % :  mod = 6.815130842515736e-11,  Error =1.7328155692553082e-06
Completed 73 % :  mod = 3.936040497999412e-11,  Error =1.7568834707049064e-06
Completed 74 % :  mod = 2.2222558939058747e-11,  Error =1.7817966764255289e-06
Completed 75 % :  mod = 1.2426152980187963e-11,  Error =1.8069935805442583e-06
Completed 76 % :  mod = 6.966964752458914e-12,  Error =1.832279210134402e-06
Completed 77 % :  mod = 3.910646535222524e-12,  Error =1.8575944409349177e-06
Completed 78 % :  mod = 2.2190864242034686e-12,  Error =1.8829195056468961e-06
Completed 79 % :  mod = 1.3116093214873233e-12,  Error =1.908246090920329e-06
Completed 80 % :  mod = 8.576270435477418e-13,  Error =1.9335742322823535e-06
Completed 81 % :  mod = 7.041399424734596e-13,  Error =1.958902039689292e-06
Completed 82 % :  mod = 7.992289039431092e-13,  Error =1.984230152629607e-06
Completed 83 % :  mod = 1.171864794151185e-12,  Error =2.0095565318456465e-06
Completed 84 % :  mod = 1.9528559836774755e-12,  Error =2.034883820556388e-06
Completed 85 % :  mod = 3.424841432215385e-12,  Error =2.0602087502652466e-06
Completed 86 % :  mod = 6.080212085655728e-12,  Error =2.0855268516584147e-06
Completed 87 % :  mod = 1.086055420374849e-11,  Error =2.1108228764887826e-06
Completed 88 % :  mod = 1.9425505802376918e-11,  Error =2.136050518686261e-06
Completed 89 % :  mod = 3.444921120249398e-11,  Error =2.1610603937460837e-06
Completed 90 % :  mod = 6.023547602644221e-11,  Error =2.1854099401252824e-06
Completed 91 % :  mod = 9.972464275253058e-11,  Error =2.2079836128341412e-06
Completed 92 % :  mod = 1.4157174467793922e-10,  Error =2.2271606852086734e-06
Completed 93 % :  mod = 1.4686471810828476e-10,  Error =2.243764065212872e-06
Completed 94 % :  mod = 1.0767019130305474e-10,  Error =2.262281775244901e-06
Completed 95 % :  mod = 6.620241338132784e-11,  Error =2.284357343285137e-06
Completed 96 % :  mod = 3.823639376868141e-11,  Error =2.308497322189851e-06
Completed 97 % :  mod = 2.1486399725235918e-11,  Error =2.3334344305681043e-06
Completed 98 % :  mod = 1.2077126748461227e-11,  Error =2.3586375093032075e-06
Completed 99 % :  mod = 6.795279556380331e-12,  Error =2.383926030802286e-06
Completed 100 % :  mod = 3.85506337421638e-12,  Error =2.4092414676601948e-06
Finished 47/201 frames
Finished all frames!
