/opt/local/miniconda_23_9/lib/python3.11/site-packages/conda/base/context.py:201: FutureWarning: Adding 'defaults' to channel list implicitly is deprecated and will be removed in 25.3. 

To remove this warning, please choose a default channel explicitly with conda's regular configuration system, e.g. by adding 'defaults' to the list of channels:

  conda config --add channels defaults

For more information see https://docs.conda.io/projects/conda/en/stable/user-guide/configuration/use-condarc.html

  deprecated.topic(
JOB 13978 ARRAY_ID 107  -> i=107 ; range=[1.9e-10, 5.0e-10] ; intervals=200 (frames=201)
Analytic t0 extension enabled (--extend-time-using-t0).
Density options: centers='2.0e-10,4.0e-10' width='2.0e-11,5.0e-11' strength='7.0'
Completed 0 % :  mod = 3.0604253585876747e-16,  Error =-1.4210854715202004e-14
Completed 1 % :  mod = 4.566679372858349e-16,  Error =1.0513232240327852e-07
Completed 2 % :  mod = 1.056811184376279e-15,  Error =2.1026518481903622e-07
Completed 3 % :  mod = 2.697219034840723e-15,  Error =3.1539728695406666e-07
Completed 4 % :  mod = 6.992615353206494e-15,  Error =4.2052934645653295e-07
Completed 5 % :  mod = 1.817114314094361e-14,  Error =5.256619530769058e-07
Completed 6 % :  mod = 4.7236307089713325e-14,  Error =6.30794666278689e-07
Completed 7 % :  mod = 1.2279819369785471e-13,  Error =7.359264131423515e-07
Completed 8 % :  mod = 3.1923556986318985e-13,  Error =8.41059311085246e-07
Completed 9 % :  mod = 8.299094251782321e-13,  Error =9.461918466513453e-07
Completed 10 % :  mod = 2.1574846785379533e-12,  Error =1.051322009004707e-06
Completed 11 % :  mod = 5.60851712854959e-12,  Error =1.1564422663923324e-06
Completed 12 % :  mod = 1.4575901103538244e-11,  Error =1.2614870072980011e-06
Completed 13 % :  mod = 3.7814286987835633e-11,  Error =1.3660317321750881e-06
Completed 14 % :  mod = 9.690543528385278e-11,  Error =1.4673530088771258e-06
Completed 15 % :  mod = 2.261805572245535e-10,  Error =1.552366590829024e-06
Completed 16 % :  mod = 2.818242681109068e-10,  Error =1.6085624068296056e-06
Completed 17 % :  mod = 1.2217403878240318e-10,  Error =1.6840037915244466e-06
Completed 18 % :  mod = 5.3887472605039393e-11,  Error =1.7823413429596258e-06
Completed 19 % :  mod = 3.129539615048513e-11,  Error =1.8860353137029051e-06
Completed 20 % :  mod = 3.369114370434549e-11,  Error =1.9903463197579185e-06
Completed 21 % :  mod = 6.890821674177336e-11,  Error =2.09314726618004e-06
Completed 22 % :  mod = 1.7994657240984183e-10,  Error =2.186388279312723e-06
Completed 23 % :  mod = 2.8924736086926015e-10,  Error =2.2517036271096913e-06
Completed 24 % :  mod = 1.6719601434570979e-10,  Error =2.314261507763149e-06
Completed 25 % :  mod = 8.98813124820412e-11,  Error =2.406582744640673e-06
Completed 26 % :  mod = 5.075780803509377e-11,  Error =2.5080694285861682e-06
Completed 27 % :  mod = 6.550599886510043e-11,  Error =2.610083541298991e-06
Completed 28 % :  mod = 1.703459514606076e-10,  Error =2.7044943919918296e-06
Completed 28 % :  mod = 2.790390341204227e-10,  Error =2.7745581192561986e-06
Completed 30 % :  mod = 1.851508910290051e-10,  Error =2.8325877536872213e-06
Completed 31 % :  mod = 1.1753246627041059e-10,  Error =2.9205268745613466e-06
Completed 32 % :  mod = 7.336037424523477e-11,  Error =3.0193104905151813e-06
Completed 33 % :  mod = 9.988164642543864e-11,  Error =3.1170466456842405e-06
Completed 34 % :  mod = 2.630701000730925e-10,  Error =3.1978516190633854e-06
Completed 35 % :  mod = 2.5792063286537493e-10,  Error =3.256722060029915e-06
Completed 36 % :  mod = 1.1493561461091391e-10,  Error =3.3326948880585405e-06
Completed 37 % :  mod = 8.547351030575122e-11,  Error =3.4296376156817132e-06
Completed 38 % :  mod = 8.86548528503249e-11,  Error =3.529620315134707e-06
Completed 39 % :  mod = 1.4291548071240867e-10,  Error =3.6223644457322735e-06
Completed 40 % :  mod = 3.104142941056409e-10,  Error =3.6876432929489056e-06
Completed 41 % :  mod = 1.900062716167617e-10,  Error =3.7500826763903206e-06
Completed 42 % :  mod = 8.156762311021927e-11,  Error =3.839918264247899e-06
Completed 43 % :  mod = 5.30406481987421e-11,  Error =3.941419464581486e-06
Completed 44 % :  mod = 5.885745144079504e-11,  Error =4.044164775507397e-06
Completed 45 % :  mod = 1.1364608705614575e-10,  Error =4.1425057446531355e-06
Completed 46 % :  mod = 2.7268215353434464e-10,  Error =4.219177306197253e-06
Completed 47 % :  mod = 2.459896139071323e-10,  Error =4.27658485335769e-06
Completed 48 % :  mod = 1.0039194248769085e-10,  Error =4.359092073968895e-06
Completed 49 % :  mod = 4.957175341461915e-11,  Error =4.459217940677718e-06
Completed 50 % :  mod = 4.417991905423519e-11,  Error =4.562546585873406e-06
Completed 51 % :  mod = 7.687709532858678e-11,  Error =4.664691509503882e-06
Completed 52 % :  mod = 1.7506620132110642e-10,  Error =4.756706729835969e-06
Completed 53 % :  mod = 3.1121414496001426e-10,  Error =4.820927955506704e-06
Completed 54 % :  mod = 1.5792627751344324e-10,  Error =4.883650440490328e-06
Completed 55 % :  mod = 8.541447378615236e-11,  Error =4.975517484240299e-06
Completed 56 % :  mod = 6.626620056130207e-11,  Error =5.0764590184826375e-06
Completed 56 % :  mod = 8.577301915697931e-11,  Error =5.176997710520936e-06
Completed 57 % :  mod = 1.9413891226459926e-10,  Error =5.2655039866067455e-06
Completed 59 % :  mod = 3.1203510262178326e-10,  Error =5.327663032517194e-06
Completed 60 % :  mod = 1.3902958848775442e-10,  Error =5.393533903941261e-06
Completed 61 % :  mod = 9.406775923598819e-11,  Error =5.485703020724486e-06
Completed 62 % :  mod = 1.0639477514113537e-10,  Error =5.584165450045475e-06
Completed 63 % :  mod = 1.435804463522986e-10,  Error =5.676791928976854e-06
Completed 64 % :  mod = 2.834322060474486e-10,  Error =5.7428731565778435e-06
Completed 65 % :  mod = 2.1502994498947309e-10,  Error =5.805796320146328e-06
Completed 66 % :  mod = 8.04291500067277e-11,  Error =5.894390355365431e-06
Completed 67 % :  mod = 6.202937496698469e-11,  Error =5.994645214002503e-06
Completed 68 % :  mod = 1.0662080584015097e-10,  Error =6.0947299544977795e-06
Completed 69 % :  mod = 1.8098393561952476e-10,  Error =6.18409514885343e-06
Completed 70 % :  mod = 2.8604470095424447e-10,  Error =6.2430383067635375e-06
Completed 71 % :  mod = 1.6776765379851688e-10,  Error =6.311991043617127e-06
Completed 72 % :  mod = 6.315750872665718e-11,  Error =6.406638199507597e-06
Completed 73 % :  mod = 3.999366375051729e-11,  Error =6.509401409005022e-06
Completed 74 % :  mod = 5.2315712712996794e-11,  Error =6.61296448356552e-06
Completed 75 % :  mod = 9.791178880905693e-11,  Error =6.713480132702898e-06
Completed 76 % :  mod = 2.2433603331793742e-10,  Error =6.797174982864362e-06
Completed 77 % :  mod = 2.911046616353327e-10,  Error =6.85440801362347e-06
Completed 78 % :  mod = 1.2048007660753505e-10,  Error =6.92928981749219e-06
Completed 79 % :  mod = 6.870866315882304e-11,  Error =7.026063826742757e-06
Completed 80 % :  mod = 7.853514714329828e-11,  Error =7.1271742285716755e-06
Completed 81 % :  mod = 1.2902309803569067e-10,  Error =7.224084718870927e-06
Completed 82 % :  mod = 2.486370396273287e-10,  Error =7.298973095259953e-06
Completed 83 % :  mod = 2.5662379697672286e-10,  Error =7.3572118353126825e-06
Completed 84 % :  mod = 1.0688151175911357e-10,  Error =7.439791524177508e-06
Completed 85 % :  mod = 6.764311257705068e-11,  Error =7.537504124854877e-06
Completed 86 % :  mod = 1.2303796809708142e-10,  Error =7.635462914379332e-06
Completed 87 % :  mod = 2.202362137991983e-10,  Error =7.720479523243284e-06
Completed 88 % :  mod = 2.534221120445349e-10,  Error =7.77698671328153e-06
Completed 89 % :  mod = 1.5766815416878035e-10,  Error =7.850581447144123e-06
Completed 90 % :  mod = 6.353605278605499e-11,  Error =7.9467672620126e-06
Completed 91 % :  mod = 4.9249293710599415e-11,  Error =8.04882351701508e-06
Completed 92 % :  mod = 1.0335652720674455e-10,  Error =8.149368106558086e-06
Completed 93 % :  mod = 2.0665075549394466e-10,  Error =8.23748855083295e-06
Completed 94 % :  mod = 2.736257356889231e-10,  Error =8.295733309182651e-06
Completed 95 % :  mod = 1.514048876878215e-10,  Error =8.366783831093016e-06
Completed 96 % :  mod = 5.860476866311e-11,  Error =8.463183576168376e-06
Completed 97 % :  mod = 3.363580616986151e-11,  Error =8.56643086422082e-06
Completed 98 % :  mod = 4.0504519337654034e-11,  Error =8.670574821678656e-06
Completed 99 % :  mod = 7.529676899292314e-11,  Error =8.773097029290966e-06
Completed 100 % :  mod = 1.6655718828854055e-10,  Error =8.865630952925585e-06
Finished 108/201 frames
Finished all frames!
