/opt/local/miniconda_23_9/lib/python3.11/site-packages/conda/base/context.py:201: FutureWarning: Adding 'defaults' to channel list implicitly is deprecated and will be removed in 25.3. 

To remove this warning, please choose a default channel explicitly with conda's regular configuration system, e.g. by adding 'defaults' to the list of channels:

  conda config --add channels defaults

For more information see https://docs.conda.io/projects/conda/en/stable/user-guide/configuration/use-condarc.html

  deprecated.topic(
JOB 13478 ARRAY_ID 124  -> i=124 ; range=[1.9e-10, 6.0e-10] ; intervals=200 (frames=201)
Density options: centers='2.0e-10,4.0e-10' width='5e-11,5e-11' strength=''
Completed 0 % :  mod = 3.175029712512521e-16,  Error =-1.4210854715202004e-14
Completed 1 % :  mod = 4.870248796056694e-16,  Error =1.2178679043017837e-07
Completed 2 % :  mod = 1.1766136683460302e-15,  Error =2.4357371586347654e-07
Completed 3 % :  mod = 3.122642984375481e-15,  Error =3.65361223941818e-07
Completed 4 % :  mod = 8.403169691576557e-15,  Error =4.871490659752453e-07
Completed 5 % :  mod = 2.2656975682847387e-14,  Error =6.089364603667491e-07
Completed 6 % :  mod = 6.11049104298418e-14,  Error =7.307230944775256e-07
Completed 7 % :  mod = 1.6480338871092638e-13,  Error =8.52510005699969e-07
Completed 8 % :  mod = 4.444861753504173e-13,  Error =9.742974711457464e-07
Completed 9 % :  mod = 1.1988091396234188e-12,  Error =1.0960837144580182e-06
Completed 10 % :  mod = 3.233234949542433e-12,  Error =1.2178670019125093e-06
Completed 11 % :  mod = 8.719487195868321e-12,  Error =1.3396208018434663e-06
Completed 12 % :  mod = 2.350174448891342e-11,  Error =1.4611694112431906e-06
Completed 13 % :  mod = 6.308185633080213e-11,  Error =1.581249435389509e-06
Completed 14 % :  mod = 1.6382503270837847e-10,  Error =1.6919106400337114e-06
Completed 15 % :  mod = 3.16946389911511e-10,  Error =1.7690490565769323e-06
Completed 16 % :  mod = 1.7856368068868732e-10,  Error =1.839777439727186e-06
Completed 17 % :  mod = 8.299286894838927e-11,  Error =1.9471495562584096e-06
Completed 18 % :  mod = 3.7333121953748346e-11,  Error =2.065959769481651e-06
Completed 19 % :  mod = 3.755948644703327e-11,  Error =2.186435025919309e-06
Completed 20 % :  mod = 8.854781047157446e-11,  Error =2.3048124546676263e-06
Completed 21 % :  mod = 1.9914598908232563e-10,  Error =2.4099404143385073e-06
Completed 22 % :  mod = 3.0698110211294597e-10,  Error =2.478007552042527e-06
Completed 23 % :  mod = 1.5079023924609517e-10,  Error =2.558822458809118e-06
Completed 24 % :  mod = 5.808205512249658e-11,  Error =2.6711726519579315e-06
Completed 25 % :  mod = 2.1276477967288728e-11,  Error =2.791515193223404e-06
Completed 26 % :  mod = 9.19028829910252e-12,  Error =2.9130886858297345e-06
Completed 27 % :  mod = 5.762495778496006e-12,  Error =3.0348294473014903e-06
Completed 28 % :  mod = 7.666596184714921e-12,  Error =3.1565767102392783e-06
Completed 28 % :  mod = 1.8846361518073613e-11,  Error =3.2781971057715964e-06
Completed 30 % :  mod = 5.11205014894431e-11,  Error =3.3988868040069065e-06
Completed 31 % :  mod = 1.306475973791224e-10,  Error =3.5133636870909868e-06
Completed 32 % :  mod = 2.9225601801805047e-10,  Error =3.5999337697489864e-06
Completed 33 % :  mod = 2.2995017464534483e-10,  Error =3.6648772976377586e-06
Completed 34 % :  mod = 9.598307138460867e-11,  Error =3.7659298257608498e-06
Completed 35 % :  mod = 3.9149219008692334e-11,  Error =3.883601365828326e-06
Completed 36 % :  mod = 3.3237840326375355e-11,  Error =4.004221253239848e-06
Completed 37 % :  mod = 6.043033136059898e-11,  Error =4.124236589575503e-06
Completed 38 % :  mod = 1.3030485028782427e-10,  Error =4.237748918001216e-06
Completed 39 % :  mod = 3.0201451879686244e-10,  Error =4.3217350977897695e-06
Completed 40 % :  mod = 2.2494167438596715e-10,  Error =4.388722217640861e-06
Completed 41 % :  mod = 8.695177229936102e-11,  Error =4.4912039527389425e-06
Completed 42 % :  mod = 3.599151955835963e-11,  Error =4.609480264150534e-06
Completed 43 % :  mod = 2.5125211984220234e-11,  Error =4.730445233747105e-06
Completed 44 % :  mod = 3.903342141507044e-11,  Error =4.851373304859408e-06
Completed 45 % :  mod = 8.743277812068603e-11,  Error =4.969424047374105e-06
Completed 46 % :  mod = 2.3231639531214358e-10,  Error =5.070415490138203e-06
Completed 47 % :  mod = 3.0395806345581904e-10,  Error =5.137121974030379e-06
Completed 48 % :  mod = 1.2286212634858542e-10,  Error =5.222355994760619e-06
Completed 49 % :  mod = 6.403536840389873e-11,  Error =5.335871833267447e-06
Completed 50 % :  mod = 4.9353477280363977e-11,  Error =5.4551913848399636e-06
Completed 51 % :  mod = 7.283902272485547e-11,  Error =5.5736299628961206e-06
Completed 52 % :  mod = 1.8584597624855096e-10,  Error =5.68036482206935e-06
Completed 53 % :  mod = 3.3107355836049526e-10,  Error =5.7541098144042735e-06
Completed 54 % :  mod = 1.5268447534770228e-10,  Error =5.827488315901519e-06
Completed 55 % :  mod = 9.373485685944563e-11,  Error =5.934844821808838e-06
Completed 56 % :  mod = 8.386246248312233e-11,  Error =6.050891776965273e-06
Completed 56 % :  mod = 1.2272645086880812e-10,  Error =6.1629714451783e-06
Completed 57 % :  mod = 2.8587694981205413e-10,  Error =6.2482032561206324e-06
Completed 59 % :  mod = 2.543465768176329e-10,  Error =6.316646420145844e-06
Completed 60 % :  mod = 9.543719506156173e-11,  Error =6.414987787195514e-06
Completed 61 % :  mod = 6.34743866980899e-11,  Error =6.5303118574888686e-06
Completed 62 % :  mod = 1.1222513046238192e-10,  Error =6.645875153310499e-06
Completed 63 % :  mod = 2.0710774505516447e-10,  Error =6.747768907189311e-06
Completed 64 % :  mod = 2.8871171241058287e-10,  Error =6.813117813919689e-06
Completed 65 % :  mod = 1.6113116355194202e-10,  Error =6.896954204194117e-06
Completed 66 % :  mod = 5.7994285726773795e-11,  Error =7.009083169862151e-06
Completed 67 % :  mod = 3.48061509670515e-11,  Error =7.128621668073265e-06
Completed 68 % :  mod = 6.358886366746352e-11,  Error =7.248341162835459e-06
Completed 69 % :  mod = 1.3306792834233162e-10,  Error =7.362235059815703e-06
Completed 70 % :  mod = 2.768990382803002e-10,  Error =7.448480708660554e-06
Completed 71 % :  mod = 2.478075353889099e-10,  Error =7.514817731646417e-06
Completed 72 % :  mod = 9.495912928115565e-11,  Error =7.614769707231517e-06
Completed 73 % :  mod = 5.0362028912585436e-11,  Error =7.731102854791061e-06
Completed 74 % :  mod = 8.204840098883926e-11,  Error =7.849178992103134e-06
Completed 75 % :  mod = 1.673181206098237e-10,  Error =7.959351776776202e-06
Completed 76 % :  mod = 2.8132749922928576e-10,  Error =8.038733831483569e-06
Completed 77 % :  mod = 2.0745039162059698e-10,  Error =8.108956542685064e-06
Completed 78 % :  mod = 9.556474709237835e-11,  Error =8.213356636588287e-06
Completed 79 % :  mod = 6.773205366275117e-11,  Error =8.329064101531003e-06
Completed 80 % :  mod = 1.24168580393986e-10,  Error =8.442476975289992e-06
Completed 81 % :  mod = 2.809214539048363e-10,  Error =8.534702658380411e-06
Completed 82 % :  mod = 2.4948994963937274e-10,  Error =8.598777121449075e-06
Completed 83 % :  mod = 1.097443180735804e-10,  Error =8.692736940929535e-06
Completed 84 % :  mod = 5.320398445238736e-11,  Error =8.808548834338126e-06
Completed 85 % :  mod = 4.803541004439561e-11,  Error =8.928325804902215e-06
Completed 86 % :  mod = 7.741381532095516e-11,  Error =9.046752950325754e-06
Completed 87 % :  mod = 1.9852152550526996e-10,  Error =9.152920270594223e-06
Completed 88 % :  mod = 3.094288101887594e-10,  Error =9.225155501724203e-06
Completed 89 % :  mod = 1.4676174698217242e-10,  Error =9.30180824099125e-06
Completed 90 % :  mod = 8.968005530261119e-11,  Error =9.411550223603626e-06
Completed 91 % :  mod = 6.695636574002657e-11,  Error =9.529118948137238e-06
Completed 92 % :  mod = 9.114100263382462e-11,  Error =9.644681448151005e-06
Completed 93 % :  mod = 2.624121791244398e-10,  Error =9.740868762264654e-06
Completed 94 % :  mod = 2.8391617300558825e-10,  Error =9.807721241372747e-06
Completed 95 % :  mod = 1.1144875531259486e-10,  Error =9.896330389835839e-06
Completed 96 % :  mod = 8.195619618972581e-11,  Error =1.0009870322846837e-05
Completed 97 % :  mod = 8.287561577866568e-11,  Error =1.0126940040322552e-05
Completed 98 % :  mod = 1.3692644376542978e-10,  Error =1.0236962211251921e-05
Completed 99 % :  mod = 3.184773543760434e-10,  Error =1.0315008424299776e-05
Completed 100 % :  mod = 2.0272547215123793e-10,  Error =1.0386063770795317e-05
Finished 125/201 frames
Finished all frames!
