/opt/local/miniconda_23_9/lib/python3.11/site-packages/conda/base/context.py:201: FutureWarning: Adding 'defaults' to channel list implicitly is deprecated and will be removed in 25.3. 

To remove this warning, please choose a default channel explicitly with conda's regular configuration system, e.g. by adding 'defaults' to the list of channels:

  conda config --add channels defaults

For more information see https://docs.conda.io/projects/conda/en/stable/user-guide/configuration/use-condarc.html

  deprecated.topic(
JOB 13287 ARRAY_ID 3  -> i=3 ; range=[1.9e-10, 6.0e-10] ; intervals=6
THIS SHOULD ONLY BE REACHED ONCE
Completed 0 % :  mod = 3.160000002082652e-16,  Error =-1.4210854715202004e-14
Completed 1 % :  mod = 4.829807620546368e-16,  Error =1.194976775309442e-07
Completed 2 % :  mod = 1.1603950289912597e-15,  Error =2.3899593770693173e-07
Completed 3 % :  mod = 3.0641614877419348e-15,  Error =3.5849311075253354e-07
Completed 4 % :  mod = 8.206257202395968e-15,  Error =4.779905324880929e-07
Completed 5 % :  mod = 2.202105601937286e-14,  Error =5.974881105430541e-07
Completed 6 % :  mod = 5.910859365219673e-14,  Error =7.169855322786134e-07
Completed 7 % :  mod = 1.5866446958736447e-13,  Error =8.364833234963953e-07
Completed 8 % :  mod = 4.259032583329891e-13,  Error =9.55980432593151e-07
Completed 9 % :  mod = 1.1432520017058003e-12,  Error =1.0754769093068717e-06
Completed 10 % :  mod = 3.068801267889726e-12,  Error =1.1949698119906316e-06
Completed 11 % :  mod = 8.236920471211599e-12,  Error =1.3144378314677851e-06
Completed 12 % :  mod = 2.209731090604832e-11,  Error =1.4337256928342867e-06
Completed 13 % :  mod = 5.90605527555369e-11,  Error =1.5517340656856504e-06
Completed 14 % :  mod = 1.5335147402709978e-10,  Error =1.6614976345863397e-06
Completed 15 % :  mod = 3.0870902767633167e-10,  Error =1.7399575185095273e-06
Completed 16 % :  mod = 1.9258789726477397e-10,  Error =1.8071724952051227e-06
Completed 17 % :  mod = 8.777499101949886e-11,  Error =1.9106930722045945e-06
Completed 18 % :  mod = 3.754331010306972e-11,  Error =2.0269153679919327e-06
Completed 19 % :  mod = 3.554543307857315e-11,  Error =2.1451776035519288e-06
Completed 20 % :  mod = 7.856182514312318e-11,  Error =2.261964354488555e-06
Completed 21 % :  mod = 1.7275597515502966e-10,  Error =2.3683894454507026e-06
Completed 22 % :  mod = 3.102511355184545e-10,  Error =2.4398824578497624e-06
Completed 23 % :  mod = 1.729619226686055e-10,  Error =2.5136560211080905e-06
Completed 24 % :  mod = 6.802220714652143e-11,  Error =2.6211272583509526e-06
Completed 25 % :  mod = 2.5833618243501924e-11,  Error =2.7386284173758213e-06
Completed 26 % :  mod = 1.5115350340774747e-11,  Error =2.8577475390534346e-06
Completed 27 % :  mod = 1.8938976986018074e-11,  Error =2.9770127127903834e-06
Completed 28 % :  mod = 3.9427395582233216e-11,  Error =3.0957412917587135e-06
Completed 28 % :  mod = 1.0554915788512126e-10,  Error =3.2105079910138556e-06
Completed 30 % :  mod = 2.521463026072594e-10,  Error =3.3050042276272507e-06
Completed 31 % :  mod = 2.7550049902057926e-10,  Error =3.3670823427200958e-06
Completed 32 % :  mod = 1.1570131986951e-10,  Error =3.457362964809363e-06
Completed 33 % :  mod = 4.5413020279720184e-11,  Error =3.5709573182884924e-06
Completed 34 % :  mod = 2.3966364514242022e-11,  Error =3.6893897146228483e-06
Completed 35 % :  mod = 2.4612068776999918e-11,  Error =3.8084047488951e-06
Completed 36 % :  mod = 4.891836784716314e-11,  Error =3.926658649788806e-06
Completed 37 % :  mod = 1.3315781720079143e-10,  Error =4.039040796044446e-06
Completed 38 % :  mod = 2.8068573046950574e-10,  Error =4.125937991261708e-06
Completed 39 % :  mod = 2.32147639981908e-10,  Error =4.188096269786001e-06
Completed 40 % :  mod = 1.0880920778358077e-10,  Error =4.285315483798513e-06
Completed 41 % :  mod = 4.657732199305561e-11,  Error =4.399726535098125e-06
Completed 42 % :  mod = 4.720725604449746e-11,  Error =4.517171028339817e-06
Completed 43 % :  mod = 1.0559904172001516e-10,  Error =4.631985035530306e-06
Completed 44 % :  mod = 2.118410215984355e-10,  Error =4.730921816076261e-06
Completed 45 % :  mod = 2.988292064688985e-10,  Error =4.793773989320016e-06
Completed 46 % :  mod = 1.4133698389872323e-10,  Error =4.877977765715968e-06
Completed 47 % :  mod = 5.536003284264209e-11,  Error =4.988923230087039e-06
Completed 48 % :  mod = 3.870784420322673e-11,  Error =5.106429668444434e-06
Completed 49 % :  mod = 5.828054099834957e-11,  Error =5.224056835118063e-06
Completed 50 % :  mod = 1.1893007828836755e-10,  Error =5.33635982691294e-06
Completed 51 % :  mod = 2.885365130576753e-10,  Error =5.422374080410464e-06
Completed 52 % :  mod = 2.458453228434178e-10,  Error =5.487056668584955e-06
Completed 53 % :  mod = 9.28407982135823e-11,  Error =5.5841697701453086e-06
Completed 54 % :  mod = 4.2440474541649045e-11,  Error =5.699289651772688e-06
Completed 55 % :  mod = 3.623499107512354e-11,  Error =5.817494027837711e-06
Completed 56 % :  mod = 6.045791386537086e-11,  Error =5.935062887374443e-06
Completed 56 % :  mod = 1.3856260321460107e-10,  Error =6.045432662915573e-06
Completed 57 % :  mod = 3.150075604798963e-10,  Error =6.126438975684323e-06
Completed 59 % :  mod = 2.0322634773703175e-10,  Error =6.191631023000355e-06
Completed 60 % :  mod = 8.894300850083613e-11,  Error =6.293018870451306e-06
Completed 61 % :  mod = 3.6248135468959935e-11,  Error =6.409195336232187e-06
Completed 62 % :  mod = 2.203826665222036e-11,  Error =6.527969638625564e-06
Completed 63 % :  mod = 3.117658238186074e-11,  Error =6.646853073277725e-06
Completed 64 % :  mod = 7.4360387799998e-11,  Error =6.763929263797763e-06
Completed 65 % :  mod = 1.75761963300475e-10,  Error =6.86970786745178e-06
Completed 66 % :  mod = 3.258361553368291e-10,  Error =6.940398435517636e-06
Completed 67 % :  mod = 1.598397418307721e-10,  Error =7.014153574402826e-06
Completed 68 % :  mod = 7.12368867827675e-11,  Error =7.1216935637608e-06
Completed 69 % :  mod = 3.407861925579853e-11,  Error =7.238863986458455e-06
Completed 70 % :  mod = 3.30617176602394e-11,  Error =7.357371195837459e-06
Completed 71 % :  mod = 7.02692017883541e-11,  Error =7.474474031710088e-06
Completed 72 % :  mod = 1.7952207732956783e-10,  Error =7.581521629163035e-06
Completed 73 % :  mod = 3.0218002572693934e-10,  Error =7.65589049223081e-06
Completed 74 % :  mod = 1.7234126570811727e-10,  Error =7.72714862051771e-06
Completed 75 % :  mod = 8.744454718928119e-11,  Error =7.832917958694452e-06
Completed 76 % :  mod = 5.206992234492465e-11,  Error =7.948592106288288e-06
Completed 77 % :  mod = 7.27955442557519e-11,  Error =8.064370376814622e-06
Completed 78 % :  mod = 1.9571062531060687e-10,  Error =8.169460123497174e-06
Completed 79 % :  mod = 3.012149722894747e-10,  Error =8.24384202502415e-06
Completed 80 % :  mod = 1.6006236503586423e-10,  Error =8.315020927796013e-06
Completed 81 % :  mod = 1.091793689486183e-10,  Error =8.419499955891752e-06
Completed 82 % :  mod = 8.930215116229201e-11,  Error =8.53212998208619e-06
Completed 83 % :  mod = 1.3253904420737302e-10,  Error =8.639056424897262e-06
Completed 84 % :  mod = 3.2952643326002914e-10,  Error =8.716552791554477e-06
Completed 85 % :  mod = 2.0304606601145751e-10,  Error =8.785112612486046e-06
Completed 86 % :  mod = 8.420893837399649e-11,  Error =8.885832919247605e-06
Completed 87 % :  mod = 6.119485705528377e-11,  Error =9.001002140962555e-06
Completed 88 % :  mod = 6.776783136467153e-11,  Error =9.117440548322975e-06
Completed 89 % :  mod = 1.2890234259350696e-10,  Error =9.227295826974569e-06
Completed 90 % :  mod = 3.1738851727131697e-10,  Error =9.307588655360632e-06
Completed 91 % :  mod = 2.108091801158575e-10,  Error =9.374386294780379e-06
Completed 92 % :  mod = 8.675055791073373e-11,  Error =9.475434289640816e-06
Completed 93 % :  mod = 3.8647090092173386e-11,  Error =9.591663904018333e-06
Completed 94 % :  mod = 1.9309364889759337e-11,  Error =9.710412086860742e-06
Completed 95 % :  mod = 3.155374468090029e-11,  Error =9.829227046509459e-06
Completed 96 % :  mod = 8.380830987374976e-11,  Error =9.945949642542473e-06
Completed 97 % :  mod = 1.948574690084592e-10,  Error =1.0050010764928174e-05
Completed 98 % :  mod = 3.114595313654976e-10,  Error =1.0118858241980888e-05
Completed 99 % :  mod = 1.485527279389842e-10,  Error =1.0195896265940974e-05
Completed 100 % :  mod = 6.415088748931748e-11,  Error =1.0305093063323056e-05
Finished 4/6 frames
Finished all frames!
