/opt/local/miniconda_23_9/lib/python3.11/site-packages/conda/base/context.py:201: FutureWarning: Adding 'defaults' to channel list implicitly is deprecated and will be removed in 25.3. 

To remove this warning, please choose a default channel explicitly with conda's regular configuration system, e.g. by adding 'defaults' to the list of channels:

  conda config --add channels defaults

For more information see https://docs.conda.io/projects/conda/en/stable/user-guide/configuration/use-condarc.html

  deprecated.topic(
JOB 13895 ARRAY_ID 24  -> i=24 ; range=[1.9e-10, 5.0e-10] ; intervals=200 (frames=201)
Analytic t0 extension enabled (--extend-time-using-t0).
Density options: centers='2.0e-10,4.0e-10' width='2.0e-11,5.0e-11' strength='7.0'
Extending simulation time for p0=2.121e-10 from 10000000000.0 to 1.636e+10
Completed 0 % :  mod = 1.6965584393993704e-16,  Error =-1.4210854715202004e-14
Completed 1 % :  mod = 1.8353617589682176e-16,  Error =1.6238196565154794e-08
Completed 2 % :  mod = 2.27444675968746e-16,  Error =3.247697577535291e-08
Completed 3 % :  mod = 3.085651746141976e-16,  Error =4.8715087075379415e-08
Completed 4 % :  mod = 4.401796971253641e-16,  Error =6.495442761433878e-08
Completed 5 % :  mod = 6.438052454269723e-16,  Error =8.119237548953606e-08
Completed 6 % :  mod = 9.52763131946894e-16,  Error =9.743058626554557e-08
Completed 7 % :  mod = 1.417636233293715e-15,  Error =1.1367042418441997e-07
Completed 8 % :  mod = 2.114424357269363e-15,  Error =1.2990919628919073e-07
Completed 9 % :  mod = 3.1571513640031892e-15,  Error =1.4614713705896065e-07
Completed 10 % :  mod = 4.71641678524789e-15,  Error =1.6238466571394383e-07
Completed 11 % :  mod = 7.0475035684703155e-15,  Error =1.786237220358089e-07
Completed 12 % :  mod = 1.0531509651422232e-14,  Error =1.948617338598524e-07
Completed 13 % :  mod = 1.5738565537619326e-14,  Error =2.1110067649487974e-07
Completed 14 % :  mod = 2.3521170056211036e-14,  Error =2.273403509889249e-07
Completed 15 % :  mod = 3.5151662164057696e-14,  Error =2.435788033494646e-07
Completed 16 % :  mod = 5.2533278783283653e-14,  Error =2.5981646700756755e-07
Completed 17 % :  mod = 7.851172755114216e-14,  Error =2.7605614150161273e-07
Completed 18 % :  mod = 1.173340632331185e-13,  Error =2.9229386200313456e-07
Completed 19 % :  mod = 1.7535314536933373e-13,  Error =3.085320017248705e-07
Completed 20 % :  mod = 2.6206103411393817e-13,  Error =3.2476982170237534e-07
Completed 21 % :  mod = 3.9165225763158806e-13,  Error =3.4100873591569325e-07
Completed 22 % :  mod = 5.853087580443405e-13,  Error =3.5724814040349884e-07
Completed 23 % :  mod = 8.747065969587045e-13,  Error =3.7348678461057716e-07
Completed 24 % :  mod = 1.3071781592355049e-12,  Error =3.8972549987192906e-07
Completed 25 % :  mod = 1.9532665235583226e-12,  Error =4.0596172112827844e-07
Completed 26 % :  mod = 2.918166754064531e-12,  Error =4.221974307938581e-07
Completed 27 % :  mod = 4.358077760120479e-12,  Error =4.384301561799475e-07
Completed 28 % :  mod = 6.50249955840296e-12,  Error =4.54654895065687e-07
Completed 29 % :  mod = 9.682783706211674e-12,  Error =4.708630143568371e-07
Completed 30 % :  mod = 1.4354967444328582e-11,  Error =4.870351304475662e-07
Completed 31 % :  mod = 2.1076779195874742e-11,  Error =5.031305576608247e-07
Completed 32 % :  mod = 3.030714712946944e-11,  Error =5.190659067011438e-07
Completed 33 % :  mod = 4.175171460576652e-11,  Error =5.347090450413816e-07
Completed 34 % :  mod = 5.306733706626581e-11,  Error =5.499115331986104e-07
Completed 35 % :  mod = 5.931693725715095e-11,  Error =5.646864096320314e-07
Completed 36 % :  mod = 5.6546815559858745e-11,  Error =5.793679420662556e-07
Completed 37 % :  mod = 4.662052218468629e-11,  Error =5.943773047079048e-07
Completed 38 % :  mod = 3.478116852854371e-11,  Error =6.098560518807972e-07
Completed 39 % :  mod = 2.4529521013287874e-11,  Error =6.256918965164004e-07
Completed 40 % :  mod = 1.681888255114089e-11,  Error =6.41734033024477e-07
Completed 41 % :  mod = 1.1379434457958142e-11,  Error =6.578822819847119e-07
Completed 42 % :  mod = 7.652558588749534e-12,  Error =6.740793594417482e-07
Completed 43 % :  mod = 5.132090674999559e-12,  Error =6.902978384459857e-07
Completed 44 % :  mod = 3.4374182996630684e-12,  Error =7.065294767016894e-07
Completed 45 % :  mod = 2.301122423805983e-12,  Error =7.22765562954919e-07
Completed 46 % :  mod = 1.5400681350219216e-12,  Error =7.390020897446448e-07
Completed 47 % :  mod = 1.0306103036772075e-12,  Error =7.552391139142856e-07
Completed 48 % :  mod = 6.896410296010904e-13,  Error =7.714775378531158e-07
Completed 49 % :  mod = 4.61495119976972e-13,  Error =7.877171199766053e-07
Completed 50 % :  mod = 3.0884396139429337e-13,  Error =8.039546344207338e-07
Completed 51 % :  mod = 2.0671439233077733e-13,  Error =8.201932502061027e-07
Completed 52 % :  mod = 1.3841185116952824e-13,  Error =8.364313046627103e-07
Completed 53 % :  mod = 9.275447142989912e-14,  Error =8.526701620326094e-07
Completed 54 % :  mod = 6.227097035614428e-14,  Error =8.689086854474226e-07
Completed 55 % :  mod = 4.19778054943454e-14,  Error =8.851472514948e-07
Completed 56 % :  mod = 2.855258222636715e-14,  Error =9.01385114104869e-07
Completed 57 % :  mod = 1.979881763677393e-14,  Error =9.176231969831861e-07
Completed 58 % :  mod = 1.4284059467254707e-14,  Error =9.338627151578294e-07
Completed 59 % :  mod = 1.1106727207551253e-14,  Error =9.500996398514872e-07
Completed 60 % :  mod = 9.746555995165227e-15,  Error =9.663376303592486e-07
Completed 61 % :  mod = 9.981072148234797e-15,  Error =9.825769566873532e-07
Completed 62 % :  mod = 1.1848615535973176e-14,  Error =9.988157003704146e-07
Completed 63 % :  mod = 1.565469965464495e-14,  Error =1.0150552043342032e-06
Completed 64 % :  mod = 2.2022034157552073e-14,  Error =1.0312938272249994e-06
Completed 65 % :  mod = 3.199312129487541e-14,  Error =1.0475332672399418e-06
Completed 66 % :  mod = 4.719808352064667e-14,  Error =1.06377091668719e-06
Completed 67 % :  mod = 7.012506942456499e-14,  Error =1.0800094045748665e-06
Completed 68 % :  mod = 1.04527674220869e-13,  Error =1.0962477645648505e-06
Completed 69 % :  mod = 1.5603013167327087e-13,  Error =1.1124859682354327e-06
Completed 70 % :  mod = 2.3306014627013226e-13,  Error =1.1287235253121253e-06
Completed 71 % :  mod = 3.4822817441350287e-13,  Error =1.144962354260315e-06
Completed 72 % :  mod = 5.203594624200403e-13,  Error =1.1612015811124365e-06
Completed 73 % :  mod = 7.776119049000926e-13,  Error =1.1774392874031037e-06
Completed 74 % :  mod = 1.162040740989647e-12,  Error =1.1936766171061208e-06
Completed 75 % :  mod = 1.7364725487727803e-12,  Error =1.209913826016873e-06
Completed 76 % :  mod = 2.59444435799849e-12,  Error =1.2261490454079649e-06
Completed 77 % :  mod = 3.875109613761582e-12,  Error =1.2423813728901223e-06
Completed 78 % :  mod = 5.783986109636346e-12,  Error =1.2586107942524905e-06
Completed 79 % :  mod = 8.61936396227047e-12,  Error =1.2748253368499718e-06
Completed 80 % :  mod = 1.2799799744339499e-11,  Error =1.291009994019987e-06
Completed 81 % :  mod = 1.886220727177646e-11,  Error =1.307133189243359e-06
Completed 82 % :  mod = 2.733475890596436e-11,  Error =1.3231276128067293e-06
Completed 83 % :  mod = 3.825320933777784e-11,  Error =1.338872543499292e-06
Completed 84 % :  mod = 5.002175709827867e-11,  Error =1.3542141346079006e-06
Completed 85 % :  mod = 5.832998221084063e-11,  Error =1.3690949387523688e-06
Completed 86 % :  mod = 5.830209788677754e-11,  Error =1.3837551193773834e-06
Completed 87 % :  mod = 4.995778050345204e-11,  Error =1.3986377709329645e-06
Completed 88 % :  mod = 3.818360886908515e-11,  Error =1.4139823818482e-06
Completed 89 % :  mod = 2.7277236095796888e-11,  Error =1.4297289183673456e-06
Completed 90 % :  mod = 1.8819881500647365e-11,  Error =1.4457248056487515e-06
Completed 91 % :  mod = 1.2770551174444752e-11,  Error =1.4618482140349442e-06
Completed 92 % :  mod = 8.59920680046239e-12,  Error =1.4780351378362866e-06
Completed 93 % :  mod = 5.77038426761592e-12,  Error =1.4942497443826142e-06
Completed 94 % :  mod = 3.8660714409503605e-12,  Error =1.5104765225260053e-06
Completed 95 % :  mod = 2.5883276383845586e-12,  Error =1.5267111379557718e-06
Completed 96 % :  mod = 1.732383919873014e-12,  Error =1.5429474302663948e-06
Completed 97 % :  mod = 1.1593436047717673e-12,  Error =1.5591845752283007e-06
Completed 98 % :  mod = 7.7580442908118e-13,  Error =1.575422025723583e-06
Completed 99 % :  mod = 5.191747523885087e-13,  Error =1.591660385713567e-06
Completed 100 % :  mod = 3.4747251201315914e-13,  Error =1.6078990938694915e-06
Finished 25/201 frames
Finished all frames!
