/opt/local/miniconda_23_9/lib/python3.11/site-packages/conda/base/context.py:201: FutureWarning: Adding 'defaults' to channel list implicitly is deprecated and will be removed in 25.3. 

To remove this warning, please choose a default channel explicitly with conda's regular configuration system, e.g. by adding 'defaults' to the list of channels:

  conda config --add channels defaults

For more information see https://docs.conda.io/projects/conda/en/stable/user-guide/configuration/use-condarc.html

  deprecated.topic(
JOB 13994 ARRAY_ID 123  -> i=123 ; range=[1.9e-10, 5.0e-10] ; intervals=200 (frames=201)
Analytic t0 extension enabled (--extend-time-using-t0).
Density options: centers='2.0e-10,4.0e-10' width='2.0e-11,5.0e-11' strength='7.0'
Completed 0 % :  mod = 3.1756524823200515e-16,  Error =-1.4210854715202004e-14
Completed 1 % :  mod = 4.871928669599843e-16,  Error =1.218815697257014e-07
Completed 2 % :  mod = 1.1772890672098416e-15,  Error =2.4376437579576304e-07
Completed 3 % :  mod = 3.1250842337285147e-15,  Error =3.656465707990719e-07
Completed 4 % :  mod = 8.411409718353531e-15,  Error =4.875287231698167e-07
Completed 5 % :  mod = 2.2683651886301525e-14,  Error =6.094111668630831e-07
Completed 6 % :  mod = 6.118885994041421e-14,  Error =7.312940297765635e-07
Completed 7 % :  mod = 1.6506217847260897e-13,  Error =8.531781148235495e-07
Completed 8 % :  mod = 4.4527147400395885e-13,  Error =9.750610487913036e-07
Completed 9 % :  mod = 1.20116270254408e-12,  Error =1.09694249772474e-06
Completed 10 % :  mod = 3.2402179247763403e-12,  Error =1.2188207918484295e-06
Completed 11 % :  mod = 8.740030316247528e-12,  Error =1.340669953719953e-06
Completed 12 % :  mod = 2.3561673684524524e-11,  Error =1.4623130510926785e-06
Completed 13 % :  mod = 6.32537538048165e-11,  Error =1.5824781485207495e-06
Completed 14 % :  mod = 1.642705103939676e-10,  Error =1.693173850014773e-06
Completed 15 % :  mod = 3.172456159711728e-10,  Error =1.7702589190093931e-06
Completed 16 % :  mod = 1.7800603448175305e-10,  Error =1.8411400759532626e-06
Completed 17 % :  mod = 8.279199148924321e-11,  Error =1.948668881368576e-06
Completed 18 % :  mod = 3.733466256702019e-11,  Error =2.0675858110053014e-06
Completed 19 % :  mod = 3.7658106285999385e-11,  Error =2.188152130599974e-06
Completed 20 % :  mod = 8.897667971866629e-11,  Error =2.306591149192627e-06
Completed 21 % :  mod = 2.0029462869611363e-10,  Error =2.411650257272413e-06
Completed 22 % :  mod = 3.0663589306189153e-10,  Error =2.4795968016633196e-06
Completed 23 % :  mod = 1.4997638960855413e-10,  Error =2.560717867083895e-06
Completed 24 % :  mod = 5.769119560782739e-11,  Error =2.673257625929182e-06
Completed 25 % :  mod = 2.1126104410532926e-11,  Error =2.7937129516431014e-06
Completed 26 % :  mod = 9.022674861940516e-12,  Error =2.915386367874362e-06
Completed 27 % :  mod = 5.414510781666359e-12,  Error =3.037227003233056e-06
Completed 28 % :  mod = 6.810566455854664e-12,  Error =3.1590766980116314e-06
Completed 28 % :  mod = 1.6550348692173806e-11,  Error =3.280829837137844e-06
Completed 30 % :  mod = 4.4876174257282464e-11,  Error =3.401864489660511e-06
Completed 31 % :  mod = 1.153802352352671e-10,  Error =3.5180185946614984e-06
Completed 32 % :  mod = 2.712577452610386e-10,  Error =3.610007489385225e-06
Completed 33 % :  mod = 2.6022160547590696e-10,  Error =3.673636726375662e-06
Completed 34 % :  mod = 1.0471114290806786e-10,  Error =3.77013072494492e-06
Completed 35 % :  mod = 4.421014038820155e-11,  Error =3.8868142198111855e-06
Completed 36 % :  mod = 3.696870868058475e-11,  Error =4.007278462836439e-06
Completed 37 % :  mod = 6.169201790451351e-11,  Error =4.127209351167949e-06
Completed 38 % :  mod = 1.3285037467975778e-10,  Error =4.240216377127126e-06
Completed 39 % :  mod = 3.1361883424457025e-10,  Error =4.322951618007664e-06
Completed 40 % :  mod = 2.1299401240697397e-10,  Error =4.390205013748982e-06
Completed 41 % :  mod = 8.449483712699849e-11,  Error =4.493746544653732e-06
Completed 42 % :  mod = 3.196091065600094e-11,  Error =4.612578649698662e-06
Completed 43 % :  mod = 1.166406079395497e-11,  Error =4.734023072217042e-06
Completed 44 % :  mod = 5.119431312295079e-12,  Error =4.85583667142464e-06
Completed 45 % :  mod = 4.941790236096266e-12,  Error =4.977699134656177e-06
Completed 46 % :  mod = 8.269815478072878e-12,  Error =5.099547692566375e-06
Completed 47 % :  mod = 1.9746755082249958e-11,  Error =5.221245622522019e-06
Completed 48 % :  mod = 5.41201242029801e-11,  Error =5.3418520664649805e-06
Completed 49 % :  mod = 1.4411328874415e-10,  Error =5.455231764983637e-06
Completed 50 % :  mod = 2.999683840482918e-10,  Error =5.538764796142459e-06
Completed 51 % :  mod = 2.1122627755845987e-10,  Error =5.605054397506137e-06
Completed 52 % :  mod = 9.447390821635544e-11,  Error =5.708445279140051e-06
Completed 53 % :  mod = 4.053533648669497e-11,  Error =5.826389006813315e-06
Completed 54 % :  mod = 4.2500675054174557e-11,  Error =5.946661161715383e-06
Completed 55 % :  mod = 9.543769720692325e-11,  Error =6.064692151142026e-06
Completed 56 % :  mod = 1.9851848569017575e-10,  Error =6.168548615903546e-06
Completed 56 % :  mod = 3.122727061271688e-10,  Error =6.234837329088805e-06
Completed 57 % :  mod = 1.4671224464903427e-10,  Error =6.3173284985396094e-06
Completed 59 % :  mod = 5.636212179813962e-11,  Error =6.429936625806931e-06
Completed 60 % :  mod = 2.847198930863198e-11,  Error =6.550219538326019e-06
Completed 61 % :  mod = 2.4155195323111064e-11,  Error =6.671539544811367e-06
Completed 62 % :  mod = 4.459434236911222e-11,  Error =6.792305384806241e-06
Completed 63 % :  mod = 1.2241548340821067e-10,  Error =6.908062793797853e-06
Completed 64 % :  mod = 2.7063291213523467e-10,  Error =7.000275140001122e-06
Completed 65 % :  mod = 2.5188445923608524e-10,  Error =7.062812741764901e-06
Completed 66 % :  mod = 1.1237030490809249e-10,  Error =7.159260732692019e-06
Completed 67 % :  mod = 4.3235178050652604e-11,  Error =7.275798822092838e-06
Completed 68 % :  mod = 3.43324602080192e-11,  Error =7.396281411331529e-06
Completed 69 % :  mod = 6.158982787239123e-11,  Error =7.516328160761532e-06
Completed 70 % :  mod = 1.2926677401855032e-10,  Error =7.630104541078708e-06
Completed 71 % :  mod = 2.9582405060447357e-10,  Error =7.71481810346586e-06
Completed 72 % :  mod = 2.3157840342189487e-10,  Error =7.781765567926868e-06
Completed 73 % :  mod = 8.855785800667332e-11,  Error =7.883654504325932e-06
Completed 74 % :  mod = 4.0311256893599896e-11,  Error =8.001604705043519e-06
Completed 75 % :  mod = 3.8619818786921683e-11,  Error =8.122165745305665e-06
Completed 76 % :  mod = 7.092457654001551e-11,  Error =8.241588204782602e-06
Completed 77 % :  mod = 1.5738309461153733e-10,  Error =8.35141518251703e-06
Completed 78 % :  mod = 3.317363647074018e-10,  Error =8.427049458248348e-06
Completed 79 % :  mod = 1.7557276164668492e-10,  Error =8.498647169119522e-06
Completed 80 % :  mod = 7.667924263471575e-11,  Error =8.606260379906416e-06
Completed 81 % :  mod = 3.506946156511344e-11,  Error =8.725521880137421e-06
Completed 82 % :  mod = 2.7225497951059696e-11,  Error =8.846572001175446e-06
Completed 83 % :  mod = 5.2100561177265956e-11,  Error =8.966996546178052e-06
Completed 84 % :  mod = 1.374011202026247e-10,  Error =9.081434839686153e-06
Completed 85 % :  mod = 2.7444652802407755e-10,  Error =9.16955506369277e-06
Completed 86 % :  mod = 2.374898202331605e-10,  Error =9.233570885669451e-06
Completed 87 % :  mod = 1.1158309801077859e-10,  Error =9.332802925143824e-06
Completed 88 % :  mod = 5.551777370244742e-11,  Error =9.44862816965042e-06
Completed 89 % :  mod = 7.734159010873528e-11,  Error =9.566284035145145e-06
Completed 90 % :  mod = 1.8965975749142115e-10,  Error =9.674607838405791e-06
Completed 91 % :  mod = 2.8710831193939047e-10,  Error =9.752197911438998e-06
Completed 92 % :  mod = 1.7940099010872843e-10,  Error =9.823643246420488e-06
Completed 93 % :  mod = 1.1173133287287873e-10,  Error =9.929096613348065e-06
Completed 94 % :  mod = 8.653486755216587e-11,  Error =1.0043563200667904e-05
Completed 95 % :  mod = 1.424137881083084e-10,  Error =1.0151899708432666e-05
Completed 96 % :  mod = 3.393235935138524e-10,  Error =1.0230807852451562e-05
Completed 97 % :  mod = 1.9132279148286325e-10,  Error =1.0299707682293047e-05
Completed 98 % :  mod = 8.938492201532294e-11,  Error =1.0402320441471602e-05
Completed 99 % :  mod = 7.32187696242473e-11,  Error =1.0518982108465025e-05
Completed 100 % :  mod = 9.152039366311722e-11,  Error =1.063577001758631e-05
Finished 124/201 frames
Finished all frames!
