/opt/local/miniconda_23_9/lib/python3.11/site-packages/conda/base/context.py:201: FutureWarning: Adding 'defaults' to channel list implicitly is deprecated and will be removed in 25.3. 

To remove this warning, please choose a default channel explicitly with conda's regular configuration system, e.g. by adding 'defaults' to the list of channels:

  conda config --add channels defaults

For more information see https://docs.conda.io/projects/conda/en/stable/user-guide/configuration/use-condarc.html

  deprecated.topic(
JOB 14067 ARRAY_ID 196  -> i=196 ; range=[1.9e-10, 5.0e-10] ; intervals=200 (frames=201)
Analytic t0 extension enabled (--extend-time-using-t0).
Density options: centers='2.0e-10,4.0e-10' width='2.0e-11,5.0e-11' strength='7.0'
Completed 0 % :  mod = 3.898319796414224e-16,  Error =-1.4210854715202004e-14
Completed 1 % :  mod = 7.049818805439026e-16,  Error =2.767708480178044e-07
Completed 2 % :  mod = 2.159981647453269e-15,  Error =5.535414047130871e-07
Completed 3 % :  mod = 7.107347588323463e-15,  Error =8.303114640284548e-07
Completed 4 % :  mod = 2.3546228018005298e-14,  Error =1.107081871509763e-06
Completed 5 % :  mod = 7.805582602791992e-14,  Error =1.3838526555787212e-06
Completed 6 % :  mod = 2.5876998152001783e-13,  Error =1.6606234893856708e-06
Completed 7 % :  mod = 8.578762872800587e-13,  Error =1.9373939679212526e-06
Completed 8 % :  mod = 2.844036557630979e-12,  Error =2.2141601405678557e-06
Completed 9 % :  mod = 9.428456424312661e-12,  Error =2.4908796163458646e-06
Completed 10 % :  mod = 3.1252775929390695e-11,  Error =2.767095999445246e-06
Completed 11 % :  mod = 1.0340790089903439e-10,  Error =3.0379408926251017e-06
Completed 12 % :  mod = 3.245631089202898e-10,  Error =3.26450865628658e-06
Completed 13 % :  mod = 3.4494356749999304e-10,  Error =3.4023319557263676e-06
Completed 14 % :  mod = 1.2187095927347946e-10,  Error =3.6272664019065815e-06
Completed 15 % :  mod = 7.424177967107226e-11,  Error =3.8910654041046655e-06
Completed 16 % :  mod = 1.929479368415661e-10,  Error =4.1440011600002435e-06
Completed 17 % :  mod = 4.707182477806303e-10,  Error =4.321940494378396e-06
Completed 18 % :  mod = 1.730569442873605e-10,  Error =4.4788455326738585e-06
Completed 19 % :  mod = 1.2033570278946612e-10,  Error =4.721639697891078e-06
Completed 20 % :  mod = 2.4458082236545234e-10,  Error =4.965991337257947e-06
Completed 21 % :  mod = 3.8474760261572666e-10,  Error =5.148767179719016e-06
Completed 22 % :  mod = 1.7615624695941826e-10,  Error =5.307849576752233e-06
Completed 23 % :  mod = 2.384098618269692e-10,  Error =5.535155246150225e-06
Completed 24 % :  mod = 3.6472074803535163e-10,  Error =5.7379764655252075e-06
Completed 25 % :  mod = 2.8716573691186366e-10,  Error =5.8814381205252175e-06
Completed 26 % :  mod = 1.341409925689745e-10,  Error =6.0994579698103735e-06
Completed 27 % :  mod = 1.5806301529709625e-10,  Error =6.348848415882458e-06
Completed 28 % :  mod = 3.5352813434474845e-10,  Error =6.559314314813491e-06
Completed 28 % :  mod = 2.521598463844941e-10,  Error =6.692651076889433e-06
Completed 30 % :  mod = 2.1123716676721262e-10,  Error =6.913608757486145e-06
Completed 31 % :  mod = 1.7457286750111158e-10,  Error =7.160149792184711e-06
Completed 32 % :  mod = 2.931358365809223e-10,  Error =7.3633397903449804e-06
Completed 33 % :  mod = 3.155752951399994e-10,  Error =7.5079607029238105e-06
Completed 34 % :  mod = 1.7389114583682258e-10,  Error =7.723480564436613e-06
Completed 35 % :  mod = 2.683510317884737e-10,  Error =7.943150194478221e-06
Completed 36 % :  mod = 3.171041730752339e-10,  Error =8.09247977429095e-06
Completed 37 % :  mod = 2.4044446638045555e-10,  Error =8.283480980253444e-06
Completed 38 % :  mod = 1.7429711915636935e-10,  Error =8.524896024653117e-06
Completed 39 % :  mod = 2.2956179704327447e-10,  Error =8.747192090652334e-06
Completed 40 % :  mod = 4.0072252273381134e-10,  Error =8.884374153694807e-06
Completed 41 % :  mod = 1.4471803325937183e-10,  Error =9.086459428431226e-06
Completed 42 % :  mod = 1.753481111716736e-10,  Error =9.32894684524399e-06
Completed 43 % :  mod = 3.181584470029723e-10,  Error =9.536670255272384e-06
Completed 44 % :  mod = 3.53432725695336e-10,  Error =9.682099388896859e-06
Completed 45 % :  mod = 2.183220854034558e-10,  Error =9.889671687801638e-06
Completed 46 % :  mod = 1.9866816829218617e-10,  Error =1.0115954260925264e-05
Completed 47 % :  mod = 4.254336253456264e-10,  Error =1.0270115225807785e-05
Completed 48 % :  mod = 1.8177925769064943e-10,  Error =1.0451458791749246e-05
Completed 49 % :  mod = 1.6998998260980556e-10,  Error =1.0692783497745495e-05
Completed 50 % :  mod = 2.434151357250659e-10,  Error =1.092309872063879e-05
Completed 51 % :  mod = 4.128222811939726e-10,  Error =1.1066729314279655e-05
Completed 52 % :  mod = 2.1315260010772232e-10,  Error =1.1255591203962467e-05
Completed 53 % :  mod = 1.4021288588725047e-10,  Error =1.149976339576142e-05
Completed 54 % :  mod = 3.0489642830921416e-10,  Error =1.1718127225890385e-05
Completed 55 % :  mod = 3.9264033803846636e-10,  Error =1.1868083760191439e-05
Completed 56 % :  mod = 1.982859147414511e-10,  Error =1.2065008490935725e-05
Completed 56 % :  mod = 1.8253314767306562e-10,  Error =1.2291225324645438e-05
Completed 57 % :  mod = 4.154780930314071e-10,  Error =1.24512430517143e-05
Completed 59 % :  mod = 2.6919319925677146e-10,  Error =1.2626514561020485e-05
Completed 60 % :  mod = 1.165290142241367e-10,  Error =1.2866256682286803e-05
Completed 61 % :  mod = 1.9340390789214126e-10,  Error =1.3104622858861603e-05
Completed 62 % :  mod = 4.931708082168406e-10,  Error =1.3267489606505478e-05
Completed 63 % :  mod = 1.8692387744027008e-10,  Error =1.3436313892611906e-05
Completed 64 % :  mod = 1.2299151904369934e-10,  Error =1.3675070782426246e-05
Completed 65 % :  mod = 3.060579956451098e-10,  Error =1.3899788235960386e-05
Completed 66 % :  mod = 4.230469484008458e-10,  Error =1.4065577502719862e-05
Completed 67 % :  mod = 1.5131685485023823e-10,  Error =1.4251021958955334e-05
Completed 68 % :  mod = 1.859205207835106e-10,  Error =1.4475407077441105e-05
Completed 69 % :  mod = 4.885827051296517e-10,  Error =1.4648308429343615e-05
Completed 70 % :  mod = 2.1962969657674385e-10,  Error =1.480973276812847e-05
Completed 71 % :  mod = 1.2891664435391637e-10,  Error =1.5037982656451732e-05
Completed 72 % :  mod = 2.9983131174708655e-10,  Error =1.526700257414859e-05
Completed 73 % :  mod = 4.1807107571449795e-10,  Error =1.5435879952008236e-05
Completed 74 % :  mod = 1.8623560382273808e-10,  Error =1.5605693143072585e-05
Completed 75 % :  mod = 1.824523315572632e-10,  Error =1.5824883611514906e-05
Completed 76 % :  mod = 4.637369205084609e-10,  Error =1.6001943407673025e-05
Completed 77 % :  mod = 2.445788809049126e-10,  Error =1.616061355491638e-05
Completed 78 % :  mod = 1.440439090386052e-10,  Error =1.6381900316275733e-05
Completed 79 % :  mod = 3.092088983638915e-10,  Error =1.6607492931086654e-05
Completed 80 % :  mod = 4.02973050200435e-10,  Error =1.6768809629752468e-05
Completed 81 % :  mod = 2.2805787103547106e-10,  Error =1.6940038207735597e-05
Completed 82 % :  mod = 1.7341412015410424e-10,  Error =1.7160466590837586e-05
Completed 83 % :  mod = 4.444325932069305e-10,  Error =1.733664959857606e-05
Completed 84 % :  mod = 2.5667411077227465e-10,  Error =1.749518751381629e-05
Completed 85 % :  mod = 1.398774206413605e-10,  Error =1.771605904821172e-05
Completed 86 % :  mod = 2.946665121537055e-10,  Error =1.7938356727142946e-05
Completed 87 % :  mod = 3.949211251704981e-10,  Error =1.8090586024754884e-05
Completed 88 % :  mod = 2.568142297137044e-10,  Error =1.826778579072652e-05
Completed 89 % :  mod = 1.785213134223274e-10,  Error =1.849275265186634e-05
Completed 90 % :  mod = 4.132335973563069e-10,  Error =1.867100738905947e-05
Completed 91 % :  mod = 2.72340936475738e-10,  Error =1.8830887348997294e-05
Completed 92 % :  mod = 1.5232079846983777e-10,  Error =1.9053709635841187e-05
Completed 93 % :  mod = 2.584751295424174e-10,  Error =1.9275522276984702e-05
Completed 94 % :  mod = 3.920912388076398e-10,  Error =1.9421657952989335e-05
Completed 95 % :  mod = 2.65269941961534e-10,  Error =1.960514612875386e-05
Completed 96 % :  mod = 1.6240315448708585e-10,  Error =1.9837058694349707e-05
Completed 97 % :  mod = 3.538939008640976e-10,  Error =2.0026874352652158e-05
Completed 98 % :  mod = 3.249076274851974e-10,  Error =2.0185642533476766e-05
Completed 99 % :  mod = 1.7302731684769826e-10,  Error =2.0403975049987366e-05
Completed 100 % :  mod = 2.2410769333738758e-10,  Error =2.062257694035452e-05
Finished 197/201 frames
Finished all frames!
