/opt/local/miniconda_23_9/lib/python3.11/site-packages/conda/base/context.py:201: FutureWarning: Adding 'defaults' to channel list implicitly is deprecated and will be removed in 25.3. 

To remove this warning, please choose a default channel explicitly with conda's regular configuration system, e.g. by adding 'defaults' to the list of channels:

  conda config --add channels defaults

For more information see https://docs.conda.io/projects/conda/en/stable/user-guide/configuration/use-condarc.html

  deprecated.topic(
JOB 14057 ARRAY_ID 186  -> i=186 ; range=[1.9e-10, 5.0e-10] ; intervals=200 (frames=201)
Analytic t0 extension enabled (--extend-time-using-t0).
Density options: centers='2.0e-10,4.0e-10' width='2.0e-11,5.0e-11' strength='7.0'
Completed 0 % :  mod = 3.7224312511453485e-16,  Error =-1.4210854715202004e-14
Completed 1 % :  mod = 6.47665797538009e-16,  Error =2.3010055372196803e-07
Completed 2 % :  mod = 1.8815042636156757e-15,  Error =4.6020114297107284e-07
Completed 3 % :  mod = 5.899592628974151e-15,  Error =6.903014337922286e-07
Completed 4 % :  mod = 1.8647897883996187e-14,  Error =9.204009927543666e-07
Completed 5 % :  mod = 5.89913616913307e-14,  Error =1.1505002248668461e-06
Completed 6 % :  mod = 1.8663023901110562e-13,  Error =1.3806003735794548e-06
Completed 7 % :  mod = 5.904444752084045e-13,  Error =1.6107005293974908e-06
Completed 8 % :  mod = 1.8679963273909737e-12,  Error =1.8407989728075336e-06
Completed 9 % :  mod = 5.90974200978224e-12,  Error =2.0708802139779436e-06
Completed 10 % :  mod = 1.8694589754768907e-11,  Error =2.3007939873309624e-06
Completed 11 % :  mod = 5.907376139269265e-11,  Error =2.529044685672943e-06
Completed 12 % :  mod = 1.8398547839956974e-10,  Error =2.7423093840184265e-06
Completed 13 % :  mod = 4.2054272552805734e-10,  Error =2.885179746670019e-06
Completed 14 % :  mod = 1.6084039645709275e-10,  Error =3.0243956672393324e-06
Completed 15 % :  mod = 9.050918416694942e-11,  Error =3.2352596051055116e-06
Completed 16 % :  mod = 9.467196971538549e-11,  Error =3.457515049376525e-06
Completed 17 % :  mod = 1.7822736173799098e-10,  Error =3.664543001491438e-06
Completed 18 % :  mod = 4.2777520221036046e-10,  Error =3.7946539421795933e-06
Completed 19 % :  mod = 1.6294121710582998e-10,  Error =3.944971510350115e-06
Completed 20 % :  mod = 5.87088605171865e-11,  Error =4.160009176246149e-06
Completed 21 % :  mod = 3.860841898926235e-11,  Error =4.387590330168223e-06
Completed 22 % :  mod = 6.109828204063287e-11,  Error =4.615060895218903e-06
Completed 23 % :  mod = 1.6030902203581848e-10,  Error =4.8295539585296865e-06
Completed 24 % :  mod = 4.3149987296007745e-10,  Error =4.975588289823918e-06
Completed 25 % :  mod = 1.7612301841406959e-10,  Error =5.110496267946019e-06
Completed 26 % :  mod = 8.08246040812394e-11,  Error =5.320844941536507e-06
Completed 27 % :  mod = 5.334199560810931e-11,  Error =5.5466657542524445e-06
Completed 28 % :  mod = 8.706132984712248e-11,  Error =5.770579896591244e-06
Completed 28 % :  mod = 2.845177823682327e-10,  Error =5.962374508783341e-06
Completed 30 % :  mod = 3.8369030346930885e-10,  Error =6.085042137726759e-06
Completed 31 % :  mod = 1.2420420296566184e-10,  Error =6.2570386205607065e-06
Completed 32 % :  mod = 9.197951480992355e-11,  Error =6.469765608585476e-06
Completed 33 % :  mod = 2.6106884686838235e-10,  Error =6.667720171549263e-06
Completed 34 % :  mod = 3.9690811344513103e-10,  Error =6.808413552050752e-06
Completed 35 % :  mod = 1.4853966368378819e-10,  Error =6.952429956186279e-06
Completed 36 % :  mod = 1.690159018520291e-10,  Error =7.148070601203926e-06
Completed 37 % :  mod = 3.547467835289521e-10,  Error =7.322030782574984e-06
Completed 38 % :  mod = 2.9791454023675214e-10,  Error =7.447907734103865e-06
Completed 39 % :  mod = 1.1472738278832388e-10,  Error =7.624378476123184e-06
Completed 40 % :  mod = 1.4426962846554715e-10,  Error =7.835320758431408e-06
Completed 41 % :  mod = 2.881915655088456e-10,  Error =8.0255509473659e-06
Completed 42 % :  mod = 3.218316430406979e-10,  Error =8.14542784155492e-06
Completed 43 % :  mod = 1.5260017102113803e-10,  Error =8.31723420446906e-06
Completed 44 % :  mod = 5.708860196192582e-11,  Error =8.535861468317307e-06
Completed 45 % :  mod = 7.19995894589914e-11,  Error =8.759534132707358e-06
Completed 46 % :  mod = 2.2546791690118516e-10,  Error =8.963465219835598e-06
Completed 47 % :  mod = 4.215794997614481e-10,  Error =9.093986534480791e-06
Completed 48 % :  mod = 1.6244515689875786e-10,  Error =9.243175732365216e-06
Completed 49 % :  mod = 1.0220094696669769e-10,  Error =9.451685976102908e-06
Completed 50 % :  mod = 1.8949057599766824e-10,  Error =9.658635690357187e-06
Completed 51 % :  mod = 3.821929373433475e-10,  Error =9.816930401029822e-06
Completed 52 % :  mod = 1.8513222933588685e-10,  Error =9.93867242016222e-06
Completed 53 % :  mod = 1.9075907219469645e-10,  Error =1.0128817116594746e-05
Completed 54 % :  mod = 2.5367305523838815e-10,  Error =1.0321127795975826e-05
Completed 55 % :  mod = 3.131002379920901e-10,  Error =1.0463303929952872e-05
Completed 56 % :  mod = 1.9428536718746206e-10,  Error =1.060835656829795e-05
Completed 56 % :  mod = 1.7762776344989838e-10,  Error =1.0801632221557611e-05
Completed 57 % :  mod = 2.9967392610933913e-10,  Error =1.0979918762643592e-05
Completed 59 % :  mod = 2.6866317663912017e-10,  Error =1.1096851778802375e-05
Completed 60 % :  mod = 1.9734777259581543e-10,  Error =1.1268953159060402e-05
Completed 61 % :  mod = 1.4259122237661726e-10,  Error =1.147679810031832e-05
Completed 62 % :  mod = 1.8548911620114063e-10,  Error =1.1672403040563495e-05
Completed 63 % :  mod = 4.1753017279384557e-10,  Error =1.1793551649930123e-05
Completed 64 % :  mod = 1.5193207777678592e-10,  Error =1.1951539079291251e-05
Completed 65 % :  mod = 9.441285707763956e-11,  Error =1.216156910288646e-05
Completed 66 % :  mod = 1.619034537735537e-10,  Error =1.2375998210245598e-05
Completed 67 % :  mod = 3.5267556544190755e-10,  Error =1.2545153090570693e-05
Completed 68 % :  mod = 2.8639753598320243e-10,  Error =1.2663030503290429e-05
Completed 69 % :  mod = 8.718818954951246e-11,  Error =1.2856355304791123e-05
Completed 70 % :  mod = 6.190188873431048e-11,  Error =1.3077298660846282e-05
Completed 71 % :  mod = 1.5993638748875826e-10,  Error =1.3294293381704847e-05
Completed 72 % :  mod = 3.5004456293461483e-10,  Error =1.346183343997609e-05
Completed 73 % :  mod = 2.794848745255215e-10,  Error =1.3581802988937852e-05
Completed 74 % :  mod = 1.200461951245365e-10,  Error =1.3776145820543206e-05
Completed 75 % :  mod = 9.24707182046084e-11,  Error =1.399409890723291e-05
Completed 76 % :  mod = 2.1393944906094281e-10,  Error =1.4195900099878145e-05
Completed 77 % :  mod = 4.280075822083543e-10,  Error =1.4328044272815532e-05
Completed 78 % :  mod = 1.7106680329149447e-10,  Error =1.4472939504628357e-05
Completed 79 % :  mod = 1.2686040705943835e-10,  Error =1.4677521392059134e-05
Completed 80 % :  mod = 2.123479955831958e-10,  Error =1.4877866789220207e-05
Completed 81 % :  mod = 4.014656008467762e-10,  Error =1.5027352738172794e-05
Completed 82 % :  mod = 1.7436035087971931e-10,  Error =1.5158177774310388e-05
Completed 83 % :  mod = 1.7979997299269377e-10,  Error =1.534767849165064e-05
Completed 84 % :  mod = 3.340119411417387e-10,  Error =1.5526710257063314e-05
Completed 85 % :  mod = 2.940696462314717e-10,  Error =1.5656329708235717e-05
Completed 86 % :  mod = 1.5448752444195892e-10,  Error =1.582187368853738e-05
Completed 87 % :  mod = 1.6247154330225792e-10,  Error =1.6024694822647234e-05
Completed 88 % :  mod = 3.055813811237794e-10,  Error =1.620576909999727e-05
Completed 89 % :  mod = 2.7872622453381503e-10,  Error =1.632033420406742e-05
Completed 90 % :  mod = 1.562564759312798e-10,  Error =1.6498395105202235e-05
Completed 91 % :  mod = 1.0742539271625832e-10,  Error =1.6714195218980876e-05
Completed 92 % :  mod = 1.3074649648146682e-10,  Error =1.6927569149061128e-05
Completed 93 % :  mod = 3.975308416325034e-10,  Error =1.7081386921802277e-05
Completed 94 % :  mod = 2.340671206257344e-10,  Error =1.7214231441187167e-05
Completed 95 % :  mod = 7.35676662106595e-11,  Error =1.7419075795999106e-05
Completed 96 % :  mod = 6.116594414070114e-11,  Error =1.764354674094193e-05
Completed 97 % :  mod = 1.3108255872070113e-10,  Error =1.7864530917677257e-05
Completed 98 % :  mod = 3.189344807931309e-10,  Error =1.8047030678758347e-05
Completed 99 % :  mod = 3.0358819475098256e-10,  Error =1.815981608643824e-05
Completed 100 % :  mod = 1.0481142577318744e-10,  Error =1.8348252382338615e-05
Finished 187/201 frames
Finished all frames!
