/opt/local/miniconda_23_9/lib/python3.11/site-packages/conda/base/context.py:201: FutureWarning: Adding 'defaults' to channel list implicitly is deprecated and will be removed in 25.3. 

To remove this warning, please choose a default channel explicitly with conda's regular configuration system, e.g. by adding 'defaults' to the list of channels:

  conda config --add channels defaults

For more information see https://docs.conda.io/projects/conda/en/stable/user-guide/configuration/use-condarc.html

  deprecated.topic(
JOB 13894 ARRAY_ID 23  -> i=23 ; range=[1.9e-10, 5.0e-10] ; intervals=200 (frames=201)
Analytic t0 extension enabled (--extend-time-using-t0).
Density options: centers='2.0e-10,4.0e-10' width='2.0e-11,5.0e-11' strength='7.0'
Extending simulation time for p0=2.111e-10 from 10000000000.0 to 1.704e+10
Completed 0 % :  mod = 1.6884130688644446e-16,  Error =-1.4210854715202004e-14
Completed 1 % :  mod = 1.82573504702595e-16,  Error =1.660009019133213e-08
Completed 2 % :  mod = 2.2600029661008805e-16,  Error =3.319780006449946e-08
Completed 3 % :  mod = 3.061848205401012e-16,  Error =4.979638390523178e-08
Completed 4 % :  mod = 4.3616865594208806e-16,  Error =6.63938450884416e-08
Completed 5 % :  mod = 6.370929709901614e-16,  Error =8.299119969024105e-08
Completed 6 % :  mod = 9.416370257423069e-16,  Error =9.958870350601501e-08
Completed 7 % :  mod = 1.3993332756051668e-15,  Error =1.1618720918704639e-07
Completed 8 % :  mod = 2.084623551119417e-15,  Error =1.327842369391874e-07
Completed 9 % :  mod = 3.108966623887316e-15,  Error =1.4938264314423577e-07
Completed 10 % :  mod = 4.638966379653652e-15,  Error =1.6598016117086445e-07
Completed 11 % :  mod = 6.92346905881132e-15,  Error =1.825776507757837e-07
Completed 12 % :  mod = 1.033403668714755e-14,  Error =1.9917490590160014e-07
Completed 13 % :  mod = 1.5425379667635018e-14,  Error =2.1577157838237326e-07
Completed 14 % :  mod = 2.3025577312353942e-14,  Error =2.3236903246015572e-07
Completed 15 % :  mod = 3.437075995417195e-14,  Error =2.489671331318277e-07
Completed 16 % :  mod = 5.1306157435612465e-14,  Error =2.6556462984217433e-07
Completed 17 % :  mod = 7.658621069639045e-14,  Error =2.821625812998718e-07
Completed 18 % :  mod = 1.1432254969260155e-13,  Error =2.9876074592039004e-07
Completed 19 % :  mod = 1.706526711846882e-13,  Error =3.153581786818904e-07
Completed 20 % :  mod = 2.5473798079390726e-13,  Error =3.3195654225437465e-07
Completed 21 % :  mod = 3.802532181049483e-13,  Error =3.485532928948487e-07
Completed 22 % :  mod = 5.676084899869433e-13,  Error =3.651497735290832e-07
Completed 23 % :  mod = 8.472619146507662e-13,  Error =3.817464815369931e-07
Completed 24 % :  mod = 1.2646503578023376e-12,  Error =3.98344162988451e-07
Completed 25 % :  mod = 1.8875026502403708e-12,  Error =4.1494101310490805e-07
Completed 26 % :  mod = 2.816599974807334e-12,  Error =4.3153630002734644e-07
Completed 27 % :  mod = 4.2013199594682874e-12,  Error =4.481272810608061e-07
Completed 28 % :  mod = 6.261127451778312e-12,  Error =4.647123148515675e-07
Completed 29 % :  mod = 9.312043315736974e-12,  Error =4.812819014432534e-07
Completed 30 % :  mod = 1.3788106339067734e-11,  Error =4.97816628808323e-07
Completed 31 % :  mod = 2.0217744822911584e-11,  Error =5.142772394606254e-07
Completed 32 % :  mod = 2.9032843966608337e-11,  Error =5.305882808670503e-07
Completed 33 % :  mod = 3.9943963389899556e-11,  Error =5.466223669259307e-07
Completed 34 % :  mod = 5.0719764807581964e-11,  Error =5.622413468131526e-07
Completed 35 % :  mod = 5.668853330315408e-11,  Error =5.774582945150541e-07
Completed 36 % :  mod = 5.410221490027117e-11,  Error =5.925843566956246e-07
Completed 37 % :  mod = 4.4689131202975826e-11,  Error =6.080164212107775e-07
Completed 38 % :  mod = 3.340621676277972e-11,  Error =6.238909406874882e-07
Completed 39 % :  mod = 2.3600728426484923e-11,  Error =6.401034013947537e-07
Completed 40 % :  mod = 1.6206437509518823e-11,  Error =6.565136629888002e-07
Completed 41 % :  mod = 1.0980178448873679e-11,  Error =6.730243171659822e-07
Completed 42 % :  mod = 7.393417294166481e-12,  Error =6.895812916241084e-07
Completed 43 % :  mod = 4.9643482742587155e-12,  Error =7.061612095071723e-07
Completed 44 % :  mod = 3.3291224579875973e-12,  Error =7.227505989249039e-07
Completed 45 % :  mod = 2.2312623829960166e-12,  Error =7.393442089664859e-07
Completed 46 % :  mod = 1.4950710548625467e-12,  Error =7.559407535495666e-07
Completed 47 % :  mod = 1.0016737213868224e-12,  Error =7.72537411819485e-07
Completed 48 % :  mod = 6.710815894031056e-13,  Error =7.891360169764994e-07
Completed 49 % :  mod = 4.4960371017270245e-13,  Error =8.057343450218468e-07
Completed 50 % :  mod = 3.012413741938398e-13,  Error =8.223310814514662e-07
Completed 51 % :  mod = 2.0187130167210781e-13,  Error =8.389276544562563e-07
Completed 52 % :  mod = 1.3533360460086263e-13,  Error =8.555257906550651e-07
Completed 53 % :  mod = 9.080692062592338e-14,  Error =8.721234507902409e-07
Completed 54 % :  mod = 6.104941454329817e-14,  Error =8.887205922292196e-07
Completed 55 % :  mod = 4.122124478449014e-14,  Error =9.053176626139248e-07
Completed 56 % :  mod = 2.8097482853892516e-14,  Error =9.219157348638873e-07
Completed 57 % :  mod = 1.9543624206327682e-14,  Error =9.385137786921405e-07
Completed 58 % :  mod = 1.4168431031781669e-14,  Error =9.5511175146612e-07
Completed 59 % :  mod = 1.1097657302829146e-14,  Error =9.717098947703562e-07
Completed 60 % :  mod = 9.83185821239132e-15,  Error =9.883082441319857e-07
Completed 61 % :  mod = 1.0165158405804713e-14,  Error =1.0049066219153246e-06
Completed 62 % :  mod = 1.2151767333516325e-14,  Error =1.0215043602102014e-06
Completed 63 % :  mod = 1.6114796297962825e-14,  Error =1.038102077188796e-06
Completed 64 % :  mod = 2.2698810632150664e-14,  Error =1.0546998154836729e-06
Completed 65 % :  mod = 3.2974664348063534e-14,  Error =1.0712971487691902e-06
Completed 66 % :  mod = 4.861366770159586e-14,  Error =1.0878947591663746e-06
Completed 67 % :  mod = 7.215941263557687e-14,  Error =1.104492469039542e-06
Completed 68 % :  mod = 1.0744146034547827e-13,  Error =1.1210901575964272e-06
Completed 69 % :  mod = 1.6019815222242974e-13,  Error =1.1376877324664747e-06
Completed 70 % :  mod = 2.39009764672054e-13,  Error =1.1542865081537457e-06
Completed 71 % :  mod = 3.5669352717182993e-13,  Error =1.1708849996239223e-06
Completed 72 % :  mod = 5.323865525038821e-13,  Error =1.187482240538884e-06
Completed 73 % :  mod = 7.946526525802352e-13,  Error =1.2040801848911542e-06
Completed 74 % :  mod = 1.1861090227006995e-12,  Error =1.2206778094991932e-06
Completed 75 % :  mod = 1.7702943030803844e-12,  Error =1.2372744393474022e-06
Completed 76 % :  mod = 2.641792111405154e-12,  Error =1.2538692928387718e-06
Completed 77 % :  mod = 3.940915150150477e-12,  Error =1.2704615599545832e-06
Completed 78 % :  mod = 5.8742101026248754e-12,  Error =1.2870477874571407e-06
Completed 79 % :  mod = 8.740422008915622e-12,  Error =1.3036208272865224e-06
Completed 80 % :  mod = 1.2954253276009372e-11,  Error =1.3201630579828816e-06
Completed 81 % :  mod = 1.903513971035421e-11,  Error =1.3366391939939604e-06
Completed 82 % :  mod = 2.7457035831262958e-11,  Error =1.3529819042901181e-06
Completed 83 % :  mod = 3.8115309680519234e-11,  Error =1.369070126600036e-06
Completed 84 % :  mod = 4.9177181331835936e-11,  Error =1.3847625126572893e-06
Completed 85 % :  mod = 5.6263490698079025e-11,  Error =1.4000305412764646e-06
Completed 86 % :  mod = 5.508975854562326e-11,  Error =1.4151411349416776e-06
Completed 87 % :  mod = 4.64482318379215e-11,  Error =1.4305072113529604e-06
Completed 88 % :  mod = 3.516652794576446e-11,  Error =1.4463136182030212e-06
Completed 89 % :  mod = 2.5012361458823552e-11,  Error =1.4624830413367818e-06
Completed 90 % :  mod = 1.7232055671239598e-11,  Error =1.4788708213586688e-06
Completed 91 % :  mod = 1.1692830865482363e-11,  Error =1.4953686715557524e-06
Completed 92 % :  mod = 7.878743321404472e-12,  Error =1.5119198621960095e-06
Completed 93 % :  mod = 5.29188495909169e-12,  Error =1.5284968952755662e-06
Completed 94 % :  mod = 3.5492749807905704e-12,  Error =1.5450857091536818e-06
Completed 95 % :  mod = 2.3789698848289638e-12,  Error =1.5616793689332553e-06
Completed 96 % :  mod = 1.5940958556220125e-12,  Error =1.578274918756506e-06
Completed 97 % :  mod = 1.0680429873005712e-12,  Error =1.5948709091162527e-06
Completed 98 % :  mod = 7.155662816379489e-13,  Error =1.6114681287149324e-06
Completed 99 % :  mod = 4.794319329842207e-13,  Error =1.6280652843647658e-06
Completed 100 % :  mod = 3.21262407541364e-13,  Error =1.6446630013433605e-06
Finished 24/201 frames
Finished all frames!
