/opt/local/miniconda_23_9/lib/python3.11/site-packages/conda/base/context.py:201: FutureWarning: Adding 'defaults' to channel list implicitly is deprecated and will be removed in 25.3. 

To remove this warning, please choose a default channel explicitly with conda's regular configuration system, e.g. by adding 'defaults' to the list of channels:

  conda config --add channels defaults

For more information see https://docs.conda.io/projects/conda/en/stable/user-guide/configuration/use-condarc.html

  deprecated.topic(
JOB 13489 ARRAY_ID 135  -> i=135 ; range=[1.9e-10, 6.0e-10] ; intervals=200 (frames=201)
Density options: centers='2.0e-10,4.0e-10' width='5e-11,5e-11' strength=''
Completed 0 % :  mod = 3.278086265262561e-16,  Error =-1.4210854715202004e-14
Completed 1 % :  mod = 5.152720369754124e-16,  Error =1.3838612034078324e-07
Completed 2 % :  mod = 1.2920710691313769e-15,  Error =2.7677253200408813e-07
Completed 3 % :  mod = 3.5466594560092852e-15,  Error =4.151583112843582e-07
Completed 4 % :  mod = 9.857693117017608e-15,  Error =5.535445382065518e-07
Completed 5 % :  mod = 2.744333415517245e-14,  Error =6.919308432884463e-07
Completed 6 % :  mod = 7.641692896638923e-14,  Error =8.303170631052126e-07
Completed 7 % :  mod = 2.1279137725309613e-13,  Error =9.687026576443714e-07
Completed 8 % :  mod = 5.925429812172833e-13,  Error =1.1070888348285735e-06
Completed 9 % :  mod = 1.650003569235632e-12,  Error =1.2454735056621757e-06
Completed 10 % :  mod = 4.594541199413585e-12,  Error =1.3838503321039752e-06
Completed 11 % :  mod = 1.2792016451786653e-11,  Error =1.5221625986328036e-06
Completed 12 % :  mod = 3.557663169261086e-11,  Error =1.6599794321336958e-06
Completed 13 % :  mod = 9.80816932791336e-11,  Error =1.7941078880312489e-06
Completed 14 % :  mod = 2.488337876047153e-10,  Error =1.9066928587108123e-06
Completed 15 % :  mod = 3.070914180627231e-10,  Error =1.978877236297194e-06
Completed 16 % :  mod = 1.1768804782923802e-10,  Error =2.081640261053508e-06
Completed 17 % :  mod = 5.202238519750185e-11,  Error =2.2126684200429736e-06
Completed 18 % :  mod = 4.5699582638446055e-11,  Error =2.3489586808977947e-06
Completed 19 % :  mod = 7.883844573965447e-11,  Error =2.4840046961571716e-06
Completed 20 % :  mod = 1.7950689164201662e-10,  Error =2.6060451148168795e-06
Completed 21 % :  mod = 3.566795067569244e-10,  Error =2.6867682407782922e-06
Completed 22 % :  mod = 1.5426233181711013e-10,  Error =2.7729017944011503e-06
Completed 23 % :  mod = 7.536233719767661e-11,  Error =2.8976280503911767e-06
Completed 24 % :  mod = 6.34062279481012e-11,  Error =3.0320472532707754e-06
Completed 25 % :  mod = 9.650921103979065e-11,  Error =3.164837096392148e-06
Completed 26 % :  mod = 2.2373000699905125e-10,  Error =3.2784018273446236e-06
Completed 27 % :  mod = 3.4016603032893434e-10,  Error =3.353890029700324e-06
Completed 28 % :  mod = 1.2973614847622683e-10,  Error =3.4500945815807427e-06
Completed 28 % :  mod = 8.147733883646712e-11,  Error =3.5754988232383766e-06
Completed 30 % :  mod = 1.489475033429756e-10,  Error =3.7029186614745413e-06
Completed 31 % :  mod = 2.517790803709394e-10,  Error =3.810879341870077e-06
Completed 32 % :  mod = 2.5911133193872387e-10,  Error =3.880513581577816e-06
Completed 33 % :  mod = 1.5651773223699935e-10,  Error =3.984474844287433e-06
Completed 34 % :  mod = 6.905349047341648e-11,  Error =4.112829685709585e-06
Completed 35 % :  mod = 8.225243119168527e-11,  Error =4.244411854870123e-06
Completed 36 % :  mod = 2.433748318457809e-10,  Error =4.360640375011826e-06
Completed 37 % :  mod = 3.1437301584140265e-10,  Error =4.4417741023039525e-06
Completed 38 % :  mod = 1.3723614336837003e-10,  Error =4.531947951136317e-06
Completed 39 % :  mod = 1.1385186000479464e-10,  Error =4.655418457844007e-06
Completed 40 % :  mod = 1.4483970291638076e-10,  Error =4.781524054919828e-06
Completed 41 % :  mod = 2.2643102774389347e-10,  Error =4.887103230544199e-06
Completed 42 % :  mod = 2.8711443612421224e-10,  Error =4.958476353067454e-06
Completed 43 % :  mod = 1.669584230830225e-10,  Error =5.060527499267664e-06
Completed 44 % :  mod = 1.0792565495041449e-10,  Error =5.182122620794871e-06
Completed 45 % :  mod = 1.8462676430799846e-10,  Error =5.297413608218449e-06
Completed 46 % :  mod = 3.6324057385974244e-10,  Error =5.382826280708741e-06
Completed 47 % :  mod = 1.6492754410164638e-10,  Error =5.46390837286026e-06
Completed 48 % :  mod = 1.1346958584577019e-10,  Error =5.577470474804613e-06
Completed 49 % :  mod = 2.0709771346750098e-10,  Error =5.6968614714492105e-06
Completed 50 % :  mod = 2.501646486891886e-10,  Error =5.796223028653458e-06
Completed 51 % :  mod = 2.2444378422017487e-10,  Error =5.86779363942469e-06
Completed 52 % :  mod = 1.9748441727992747e-10,  Error =5.972115076247064e-06
Completed 53 % :  mod = 1.3443923290266288e-10,  Error =6.09069370227644e-06
Completed 54 % :  mod = 1.972205617890195e-10,  Error =6.195922011897892e-06
Completed 55 % :  mod = 3.347132945222374e-10,  Error =6.272290342224096e-06
Completed 56 % :  mod = 1.782777962809102e-10,  Error =6.366168477711653e-06
Completed 56 % :  mod = 1.24273199030437e-10,  Error =6.479502260958725e-06
Completed 57 % :  mod = 2.4443309834907045e-10,  Error =6.584688790667315e-06
Completed 59 % :  mod = 3.2692468398104897e-10,  Error =6.669160988792555e-06
Completed 60 % :  mod = 1.489874219657545e-10,  Error =6.756652233264049e-06
Completed 61 % :  mod = 1.5381876864559317e-10,  Error =6.865660537869189e-06
Completed 62 % :  mod = 3.046833895177218e-10,  Error =6.967910579191994e-06
Completed 63 % :  mod = 2.3272853515607313e-10,  Error =7.049882270848684e-06
Completed 64 % :  mod = 1.523205500525813e-10,  Error =7.142072597332572e-06
Completed 65 % :  mod = 2.203612045731948e-10,  Error =7.254146893842517e-06
Completed 66 % :  mod = 2.3226497389640397e-10,  Error =7.357264664165086e-06
Completed 67 % :  mod = 2.3211921074336986e-10,  Error =7.4321443364055995e-06
Completed 68 % :  mod = 2.1002242535488634e-10,  Error =7.528450311156121e-06
Completed 69 % :  mod = 1.4660645381543332e-10,  Error =7.644478849044845e-06
Completed 70 % :  mod = 1.815963200214548e-10,  Error =7.753204869231922e-06
Completed 71 % :  mod = 3.1603102579780155e-10,  Error =7.829884559384936e-06
Completed 72 % :  mod = 2.136207527035302e-10,  Error =7.920806851302586e-06
Completed 73 % :  mod = 1.1416729441060846e-10,  Error =8.035683570994934e-06
Completed 74 % :  mod = 1.6703659884881111e-10,  Error =8.151161750902247e-06
Completed 75 % :  mod = 3.597058310018414e-10,  Error =8.241297308586581e-06
Completed 76 % :  mod = 1.7850500102790994e-10,  Error =8.318718450084361e-06
Completed 77 % :  mod = 1.2397893758354658e-10,  Error =8.428698521356637e-06
Completed 78 % :  mod = 1.9222533809788256e-10,  Error =8.549486857134525e-06
Completed 79 % :  mod = 2.2382227445305914e-10,  Error =8.654827709619894e-06
Completed 80 % :  mod = 2.593639529136697e-10,  Error =8.72570728915889e-06
Completed 81 % :  mod = 1.874687710878193e-10,  Error =8.8260802542095e-06
Completed 82 % :  mod = 1.0539983393130225e-10,  Error =8.947667986092256e-06
Completed 83 % :  mod = 1.5652597050818297e-10,  Error =9.065486544557189e-06
Completed 84 % :  mod = 3.5703587143545123e-10,  Error =9.150143135627786e-06
Completed 85 % :  mod = 1.996103920377989e-10,  Error =9.23243516126604e-06
Completed 86 % :  mod = 9.552840949954108e-11,  Error =9.348732724845377e-06
Completed 87 % :  mod = 1.1483038513936687e-10,  Error =9.476705031374877e-06
Completed 88 % :  mod = 2.195947522997622e-10,  Error =9.593983364197811e-06
Completed 89 % :  mod = 2.8073864728138116e-10,  Error =9.673618144745433e-06
Completed 90 % :  mod = 1.736309907764211e-10,  Error =9.764847490600914e-06
Completed 91 % :  mod = 9.507297360994199e-11,  Error =9.889516270789045e-06
Completed 92 % :  mod = 8.001773189382962e-11,  Error =1.0020973071789285e-05
Completed 93 % :  mod = 1.8153670213300366e-10,  Error =1.0141566619381592e-05
Completed 94 % :  mod = 3.5957098134484725e-10,  Error =1.0226594994833249e-05
Completed 95 % :  mod = 1.5944247866237792e-10,  Error =1.0307799918507499e-05
Completed 96 % :  mod = 1.0653748968117596e-10,  Error =1.0427013421576703e-05
Completed 97 % :  mod = 1.3085039605036285e-10,  Error =1.055484838019538e-05
Completed 98 % :  mod = 1.952309891894052e-10,  Error =1.0670317315941702e-05
Completed 99 % :  mod = 3.0482720070150345e-10,  Error =1.0744505701154594e-05
Completed 100 % :  mod = 1.784746501108926e-10,  Error =1.0838885074804239e-05
Finished 136/201 frames
Finished all frames!
