/opt/local/miniconda_23_9/lib/python3.11/site-packages/conda/base/context.py:201: FutureWarning: Adding 'defaults' to channel list implicitly is deprecated and will be removed in 25.3. 

To remove this warning, please choose a default channel explicitly with conda's regular configuration system, e.g. by adding 'defaults' to the list of channels:

  conda config --add channels defaults

For more information see https://docs.conda.io/projects/conda/en/stable/user-guide/configuration/use-condarc.html

  deprecated.topic(
JOB 13975 ARRAY_ID 104  -> i=104 ; range=[1.9e-10, 5.0e-10] ; intervals=200 (frames=201)
Analytic t0 extension enabled (--extend-time-using-t0).
Density options: centers='2.0e-10,4.0e-10' width='2.0e-11,5.0e-11' strength='7.0'
Completed 0 % :  mod = 3.037922097172783e-16,  Error =-1.4210854715202004e-14
Completed 1 % :  mod = 4.508362927708328e-16,  Error =1.0207521228267069e-07
Completed 2 % :  mod = 1.0343155885475215e-15,  Error =2.0414906032328872e-07
Completed 3 % :  mod = 2.61907130415108e-15,  Error =3.0622327784612935e-07
Completed 4 % :  mod = 6.739237261759456e-15,  Error =4.082978222186284e-07
Completed 5 % :  mod = 1.738336889092504e-14,  Error =5.103726650190765e-07
Completed 6 % :  mod = 4.4855592044233977e-14,  Error =6.124472307078577e-07
Completed 7 % :  mod = 1.1575058227361452e-13,  Error =7.14520766109672e-07
Completed 8 % :  mod = 2.9869869432775434e-13,  Error =8.165947491534098e-07
Completed 9 % :  mod = 7.708035006089498e-13,  Error =9.186685758777458e-07
Completed 10 % :  mod = 1.9890785710408872e-12,  Error =1.0207413652096875e-06
Completed 11 % :  mod = 5.132698116248247e-12,  Error =1.1228050027511927e-06
Completed 12 % :  mod = 1.3241676168650142e-11,  Error =1.2248083862687054e-06
Completed 13 % :  mod = 3.411104864312841e-11,  Error =1.326409147850427e-06
Completed 14 % :  mod = 8.698750133867163e-11,  Error =1.42543260039929e-06
Completed 15 % :  mod = 2.059250017255917e-10,  Error =1.5109333730833896e-06
Completed 16 % :  mod = 2.908982599385376e-10,  Error =1.5674419842071075e-06
Completed 17 % :  mod = 1.3403091619167573e-10,  Error =1.6364745718533413e-06
Completed 18 % :  mod = 6.132621662204124e-11,  Error =1.7304411059626545e-06
Completed 19 % :  mod = 3.135638613047125e-11,  Error =1.8308542664158267e-06
Completed 20 % :  mod = 2.8822973904730075e-11,  Error =1.932206131982639e-06
Completed 21 % :  mod = 5.757671505871118e-11,  Error =2.0326873908516063e-06
Completed 22 % :  mod = 1.4408749331090792e-10,  Error =2.127000783502808e-06
Completed 23 % :  mod = 2.646829209298191e-10,  Error =2.1980205104910056e-06
Completed 24 % :  mod = 2.1660848797472048e-10,  Error =2.2532763566118774e-06
Completed 25 % :  mod = 1.0462556298678091e-10,  Error =2.337145289743603e-06
Completed 26 % :  mod = 5.093993810173048e-11,  Error =2.434353163494052e-06
Completed 27 % :  mod = 6.174745357103883e-11,  Error =2.533667888826585e-06
Completed 28 % :  mod = 1.3723547569522136e-10,  Error =2.6285653973445733e-06
Completed 28 % :  mod = 2.3595053814918433e-10,  Error =2.7043136299198522e-06
Completed 30 % :  mod = 2.442154433962977e-10,  Error =2.757626717198036e-06
Completed 31 % :  mod = 1.2900169984076938e-10,  Error =2.836292772201432e-06
Completed 32 % :  mod = 6.603167620814996e-11,  Error =2.930773014497845e-06
Completed 33 % :  mod = 8.839356055219194e-11,  Error =3.0274989839540467e-06
Completed 34 % :  mod = 1.995681616361055e-10,  Error =3.1152463719763546e-06
Completed 35 % :  mod = 2.6065259090739344e-10,  Error =3.178221369637413e-06
Completed 36 % :  mod = 1.6999872190688067e-10,  Error =3.2403436023287213e-06
Completed 37 % :  mod = 1.0949563517996356e-10,  Error =3.328610461039716e-06
Completed 38 % :  mod = 8.317955260282841e-11,  Error =3.4240533040019727e-06
Completed 39 % :  mod = 1.3501262440659215e-10,  Error =3.514747852761957e-06
Completed 40 % :  mod = 3.081223376164659e-10,  Error =3.5833836733445423e-06
Completed 41 % :  mod = 1.9485517029689464e-10,  Error =3.640132028692733e-06
Completed 42 % :  mod = 9.967775475327946e-11,  Error =3.722798275873629e-06
Completed 43 % :  mod = 7.630309157417656e-11,  Error =3.819319388753684e-06
Completed 44 % :  mod = 8.102955540752807e-11,  Error =3.917011696330519e-06
Completed 45 % :  mod = 1.5526991307036957e-10,  Error =4.006125152500317e-06
Completed 46 % :  mod = 3.1954447739601704e-10,  Error =4.0693604432817665e-06
Completed 47 % :  mod = 1.648065343264399e-10,  Error =4.1291891861305885e-06
Completed 48 % :  mod = 9.12687371276815e-11,  Error =4.2164192706195536e-06
Completed 49 % :  mod = 7.299288361547802e-11,  Error =4.313862390858958e-06
Completed 50 % :  mod = 8.506247161295231e-11,  Error =4.411196776743509e-06
Completed 51 % :  mod = 1.8168138774244557e-10,  Error =4.497243288881236e-06
Completed 52 % :  mod = 3.1563343637133525e-10,  Error =4.55711338531728e-06
Completed 53 % :  mod = 1.4553890620175579e-10,  Error =4.620836307367426e-06
Completed 54 % :  mod = 9.177182853408186e-11,  Error =4.709915671696763e-06
Completed 55 % :  mod = 9.435164157898672e-11,  Error =4.806041644656034e-06
Completed 56 % :  mod = 1.3377763172669994e-10,  Error =4.898076248593952e-06
Completed 56 % :  mod = 2.561774998447546e-10,  Error =4.967536860078781e-06
Completed 57 % :  mod = 2.42467379341612e-10,  Error =5.025986112627834e-06
Completed 59 % :  mod = 1.0187910310237624e-10,  Error =5.107667824688633e-06
Completed 60 % :  mod = 7.175910436822996e-11,  Error =5.202588717168055e-06
Completed 61 % :  mod = 1.3476106052811039e-10,  Error =5.296508945207279e-06
Completed 62 % :  mod = 2.2944017421918683e-10,  Error =5.375964867937455e-06
Completed 63 % :  mod = 2.3938988480713637e-10,  Error =5.429276740187561e-06
Completed 64 % :  mod = 1.5441201665375197e-10,  Error =5.503523240690811e-06
Completed 65 % :  mod = 6.745002882958714e-11,  Error =5.596967078247417e-06
Completed 66 % :  mod = 6.218098554384357e-11,  Error =5.6948970339476546e-06
Completed 67 % :  mod = 1.527697812325282e-10,  Error =5.78812370832793e-06
Completed 68 % :  mod = 2.563523850168832e-10,  Error =5.861860309153144e-06
Completed 69 % :  mod = 2.1469730016824736e-10,  Error =5.914967530884496e-06
Completed 70 % :  mod = 1.3493407896981411e-10,  Error =5.995172109862779e-06
Completed 71 % :  mod = 6.553929449359116e-11,  Error =6.090074727183037e-06
Completed 72 % :  mod = 8.104797322471326e-11,  Error =6.186696772658706e-06
Completed 73 % :  mod = 2.1160199811186894e-10,  Error =6.273200320094929e-06
Completed 74 % :  mod = 2.7364467731596214e-10,  Error =6.335943460555882e-06
Completed 75 % :  mod = 1.549908079466578e-10,  Error =6.398025099940696e-06
Completed 76 % :  mod = 1.150586234516281e-10,  Error =6.486040348363531e-06
Completed 77 % :  mod = 1.0023080972007563e-10,  Error =6.580306532555369e-06
Completed 78 % :  mod = 1.4926332356525666e-10,  Error =6.6676669518983545e-06
Completed 79 % :  mod = 3.105959967107764e-10,  Error =6.729656988113675e-06
Completed 80 % :  mod = 1.860910058773073e-10,  Error =6.791352149093655e-06
Completed 81 % :  mod = 8.735784905145155e-11,  Error =6.877342485722693e-06
Completed 82 % :  mod = 8.075425618514652e-11,  Error =6.973687064260048e-06
Completed 83 % :  mod = 1.2593829062393253e-10,  Error =7.068270669208232e-06
Completed 84 % :  mod = 2.0863928760124814e-10,  Error =7.146729899432103e-06
Completed 85 % :  mod = 2.797716762333396e-10,  Error =7.201333311002145e-06
Completed 86 % :  mod = 1.4180413538647706e-10,  Error =7.274856500316673e-06
Completed 87 % :  mod = 7.908107256003632e-11,  Error =7.3660845743006576e-06
Completed 88 % :  mod = 1.2596859705314756e-10,  Error =7.459218508643062e-06
Completed 89 % :  mod = 2.3815027405085237e-10,  Error =7.539761206487583e-06
Completed 90 % :  mod = 2.3562462526846404e-10,  Error =7.595525914894097e-06
Completed 91 % :  mod = 1.52607023370837e-10,  Error =7.667297573732412e-06
Completed 92 % :  mod = 8.176041567873118e-11,  Error =7.75990824308792e-06
Completed 93 % :  mod = 7.141328884472496e-11,  Error =7.857024328927764e-06
Completed 94 % :  mod = 1.5226646710156753e-10,  Error =7.948321027129168e-06
Completed 95 % :  mod = 2.9393634963018264e-10,  Error =8.017834936424606e-06
Completed 96 % :  mod = 1.8975740806833973e-10,  Error =8.073021128041091e-06
Completed 97 % :  mod = 1.1303656009867307e-10,  Error =8.156030894213018e-06
Completed 98 % :  mod = 7.119714017150411e-11,  Error =8.252148738563392e-06
Completed 99 % :  mod = 8.253522260073775e-11,  Error =8.349206993329972e-06
Completed 100 % :  mod = 1.9042665483522937e-10,  Error =8.435813960261385e-06
Finished 105/201 frames
Finished all frames!
