/opt/local/miniconda_23_9/lib/python3.11/site-packages/conda/base/context.py:201: FutureWarning: Adding 'defaults' to channel list implicitly is deprecated and will be removed in 25.3. 

To remove this warning, please choose a default channel explicitly with conda's regular configuration system, e.g. by adding 'defaults' to the list of channels:

  conda config --add channels defaults

For more information see https://docs.conda.io/projects/conda/en/stable/user-guide/configuration/use-condarc.html

  deprecated.topic(
JOB 13564 ARRAY_ID 7  -> i=7 ; range=[2.0e-10, 2.09e-10] ; intervals=40 (frames=41)
Completed 0 % :  mod = 1.612292682892926e-16,  Error =-1.4210854715202004e-14
Completed 1 % :  mod = 1.618490376025486e-16,  Error =8.098261616851232e-09
Completed 2 % :  mod = 1.6371310286481453e-16,  Error =1.619665823682226e-08
Completed 3 % :  mod = 1.668357979270338e-16,  Error =2.4295474077007384e-08
Completed 4 % :  mod = 1.7124113470501551e-16,  Error =3.2394538607150025e-08
Completed 5 % :  mod = 1.7696297611188118e-16,  Error =4.0492423636351305e-08
Completed 6 % :  mod = 1.8404530975145e-16,  Error =4.859147395563923e-08
Completed 7 % :  mod = 1.925425935246385e-16,  Error =5.668918845458393e-08
Completed 8 % :  mod = 2.0252014879874545e-16,  Error =6.478828851186336e-08
Completed 9 % :  mod = 2.1405468277200865e-16,  Error =7.28862303844835e-08
Completed 10 % :  mod = 2.2723487783979144e-16,  Error =8.098453463389887e-08
Completed 11 % :  mod = 2.4216205794026485e-16,  Error =8.908290993758783e-08
Completed 12 % :  mod = 2.5895099066110786e-16,  Error =9.718080917764382e-08
Completed 13 % :  mod = 2.7773074207897167e-16,  Error =1.0527909211077713e-07
Completed 14 % :  mod = 2.9864569274406707e-16,  Error =1.1337675687173032e-07
Completed 15 % :  mod = 3.2185664858372713e-16,  Error =1.214750966482825e-07
Completed 16 % :  mod = 3.4754204119317475e-16,  Error =1.2957369932564688e-07
Completed 17 % :  mod = 3.7589934097020166e-16,  Error =1.3767166961997646e-07
Completed 18 % :  mod = 4.071465757670743e-16,  Error =1.4577049256558894e-07
Completed 19 % :  mod = 4.4152396043634046e-16,  Error =1.538684628599185e-07
Completed 20 % :  mod = 4.792957923152031e-16,  Error =1.6196689500702632e-07
Completed 21 % :  mod = 5.207524657205045e-16,  Error =1.7006578900691238e-07
Completed 22 % :  mod = 5.662127023378505e-16,  Error =1.781637521958146e-07
Completed 23 % :  mod = 6.16025997401477e-16,  Error =1.8626088404971597e-07
Completed 24 % :  mod = 6.705753178540104e-16,  Error =1.9436006226669633e-07
Completed 25 % :  mod = 7.302800415259793e-16,  Error =2.0245843046495793e-07
Completed 26 % :  mod = 7.955991758506744e-16,  Error =2.1055642918099693e-07
Completed 27 % :  mod = 8.670349023847716e-16,  Error =2.1865424315592463e-07
Completed 28 % :  mod = 9.451364147712785e-16,  Error =2.2675203581457026e-07
Completed 28 % :  mod = 1.030504168379931e-15,  Error =2.3484980715693382e-07
Completed 30 % :  mod = 1.1237944716765811e-15,  Error =2.429479906140841e-07
Completed 31 % :  mod = 1.225724535695547e-15,  Error =2.5104590406499483e-07
Completed 32 % :  mod = 1.3370780148055493e-15,  Error =2.591449259625733e-07
Completed 33 % :  mod = 1.4587109881044187e-15,  Error =2.672435641670745e-07
Completed 34 % :  mod = 1.5915585716941179e-15,  Error =2.753410797140532e-07
Completed 35 % :  mod = 1.7366421101889868e-15,  Error =2.8344004476821283e-07
Completed 36 % :  mod = 1.8950770065489274e-15,  Error =2.915383490176282e-07
Completed 37 % :  mod = 2.068081309816824e-15,  Error =2.996360279894361e-07
Completed 38 % :  mod = 2.2569850946746064e-15,  Error =3.077337638046629e-07
Completed 39 % :  mod = 2.463240645173962e-15,  Error =3.1583174830984717e-07
Completed 40 % :  mod = 2.6884336703748654e-15,  Error =3.239293278056721e-07
Completed 41 % :  mod = 2.934295466433823e-15,  Error =3.320280725915836e-07
Completed 42 % :  mod = 3.2027162090344248e-15,  Error =3.401262631541613e-07
Completed 43 % :  mod = 3.4957595378740143e-15,  Error =3.4822481609353417e-07
Completed 44 % :  mod = 3.815678386108877e-15,  Error =3.5632360351200987e-07
Completed 45 % :  mod = 4.164932277528032e-15,  Error =3.644220640808271e-07
Completed 46 % :  mod = 4.546206310244888e-15,  Error =3.7251948725725015e-07
Completed 47 % :  mod = 4.962431734572744e-15,  Error =3.806178980880759e-07
Completed 48 % :  mod = 5.416808476170589e-15,  Error =3.8871637286774785e-07
Completed 49 % :  mod = 5.912829825885125e-15,  Error =3.968140305232737e-07
Completed 50 % :  mod = 6.454309208607855e-15,  Error =4.04912611884356e-07
Completed 51 % :  mod = 7.045409515358101e-15,  Error =4.1301122166714777e-07
Completed 52 % :  mod = 7.690675166044317e-15,  Error =4.21109483283999e-07
Completed 53 % :  mod = 8.395066969543436e-15,  Error =4.2920782306055116e-07
Completed 54 % :  mod = 9.164000307598723e-15,  Error =4.37306553635608e-07
Completed 55 % :  mod = 1.0003386774833309e-14,  Error =4.454036428569452e-07
Completed 56 % :  mod = 1.0919679580626068e-14,  Error =4.5350222421802755e-07
Completed 56 % :  mod = 1.1919923218463967e-14,  Error =4.615999174006902e-07
Completed 57 % :  mod = 1.3011807591523168e-14,  Error =4.6969786637873767e-07
Completed 59 % :  mod = 1.4203727108313149e-14,  Error =4.7779607115217e-07
Completed 60 % :  mod = 1.5504845280209265e-14,  Error =4.85894346979876e-07
Completed 61 % :  mod = 1.6925165126568696e-14,  Error =4.939930065006592e-07
Completed 62 % :  mod = 1.847560605972082e-14,  Error =5.020920994525113e-07
Completed 63 % :  mod = 2.0168087895911755e-14,  Error =5.101900484305588e-07
Completed 64 % :  mod = 2.2015622427196715e-14,  Error =5.182890134847185e-07
Completed 65 % :  mod = 2.403241346697053e-14,  Error =5.263867137728084e-07
Completed 66 % :  mod = 2.623396609250583e-14,  Error =5.344850748656427e-07
Completed 67 % :  mod = 2.863720577204104e-14,  Error =5.42584452034589e-07
Completed 68 % :  mod = 3.126060850122874e-14,  Error =5.506831186607997e-07
Completed 69 % :  mod = 3.4124342871871184e-14,  Error =5.587818279195744e-07
Completed 70 % :  mod = 3.725042504999829e-14,  Error =5.668796632107842e-07
Completed 71 % :  mod = 4.066288806210235e-14,  Error =5.749783369424222e-07
Completed 72 % :  mod = 4.438796651206509e-14,  Error =5.830767193515385e-07
Completed 73 % :  mod = 4.845429823295351e-14,  Error =5.911746043807398e-07
Completed 74 % :  mod = 5.289314442976615e-14,  Error =5.992726102022061e-07
Completed 75 % :  mod = 5.773862993368012e-14,  Error =6.073712128795705e-07
Completed 76 % :  mod = 6.302800545635559e-14,  Error =6.154684299986002e-07
Completed 77 % :  mod = 6.880193391178398e-14,  Error =6.23566286606092e-07
Completed 78 % :  mod = 7.510480286990909e-14,  Error =6.316651521842687e-07
Completed 79 % :  mod = 8.198506558499566e-14,  Error =6.397630798460341e-07
Completed 80 % :  mod = 8.949561334813868e-14,  Error =6.478618743699371e-07
Completed 81 % :  mod = 9.76941817644659e-14,  Error =6.559612089063194e-07
Completed 82 % :  mod = 1.0664379418998174e-13,  Error =6.640602805418894e-07
Completed 83 % :  mod = 1.1641324580469277e-13,  Error =6.721591176983566e-07
Completed 84 % :  mod = 1.2707763179994742e-13,  Error =6.802580472253794e-07
Completed 85 % :  mod = 1.3871892378761356e-13,  Error =6.883553922421015e-07
Completed 86 % :  mod = 1.5142659891518852e-13,  Error =6.964541654497225e-07
Completed 87 % :  mod = 1.6529832623411183e-13,  Error =7.045525407534114e-07
Completed 88 % :  mod = 1.8044071559305772e-13,  Error =7.126508236865448e-07
Completed 89 % :  mod = 1.9697013479601382e-13,  Error =7.207493979421997e-07
Completed 90 % :  mod = 2.1501360088675455e-13,  Error =7.288471692845633e-07
Completed 91 % :  mod = 2.3470975234052226e-13,  Error =7.3694490509979e-07
Completed 92 % :  mod = 2.562099094144985e-13,  Error =7.450437493616846e-07
Completed 93 % :  mod = 2.796792301566466e-13,  Error =7.531421317708009e-07
Completed 94 % :  mod = 3.052979706886837e-13,  Error =7.612400594325663e-07
Completed 95 % :  mod = 3.3326285880462854e-13,  Error =7.693371486539036e-07
Completed 96 % :  mod = 3.637885903117848e-13,  Error =7.77435474219601e-07
Completed 97 % :  mod = 3.9710945884682933e-13,  Error =7.855337003093155e-07
Completed 98 % :  mod = 4.334811301260618e-13,  Error =7.936324095680902e-07
Completed 99 % :  mod = 4.731825722015564e-13,  Error =8.017300032747698e-07
Completed 100 % :  mod = 5.165181544660871e-13,  Error =8.09828144099356e-07
Finished 8/41 frames
Finished all frames!
