/opt/local/miniconda_23_9/lib/python3.11/site-packages/conda/base/context.py:201: FutureWarning: Adding 'defaults' to channel list implicitly is deprecated and will be removed in 25.3. 

To remove this warning, please choose a default channel explicitly with conda's regular configuration system, e.g. by adding 'defaults' to the list of channels:

  conda config --add channels defaults

For more information see https://docs.conda.io/projects/conda/en/stable/user-guide/configuration/use-condarc.html

  deprecated.topic(
JOB 13586 ARRAY_ID 29  -> i=29 ; range=[2.0e-10, 2.09e-10] ; intervals=40 (frames=41)
Completed 0 % :  mod = 1.6509268285883902e-16,  Error =-1.4210854715202004e-14
Completed 1 % :  mod = 1.6772706270318316e-16,  Error =8.90219808979964e-09
Completed 2 % :  mod = 1.7571428312922885e-16,  Error =1.78051635657539e-08
Completed 3 % :  mod = 1.893092447541192e-16,  Error =2.6708185885127023e-08
Completed 4 % :  mod = 2.0894581725082323e-16,  Error =3.561103767424356e-08
Completed 5 % :  mod = 2.3525068175039784e-16,  Error =4.451332813459885e-08
Completed 6 % :  mod = 2.690633283468866e-16,  Error =5.341561859495414e-08
Completed 7 % :  mod = 3.1146285623217866e-16,  Error =6.231942961676395e-08
Completed 8 % :  mod = 3.6380240467541576e-16,  Error =7.122247325241915e-08
Completed 9 % :  mod = 4.2775233428081077e-16,  Error =8.012614927110917e-08
Completed 10 % :  mod = 5.053535395536084e-16,  Error =8.90286173671484e-08
Completed 11 % :  mod = 5.990825889597337e-16,  Error =9.793186706019696e-08
Completed 12 % :  mod = 7.119307467821784e-16,  Error =1.0683392304144945e-07
Completed 13 % :  mod = 8.474994460488085e-16,  Error =1.1573754221672061e-07
Completed 14 % :  mod = 1.0101152196433102e-15,  Error =1.2464055032523902e-07
Completed 15 % :  mod = 1.2049677906121315e-15,  Error =1.3354333106008198e-07
Completed 16 % :  mod = 1.4382756774971267e-15,  Error =1.4244589863210422e-07
Completed 17 % :  mod = 1.7174846597799263e-15,  Error =1.5134841646613495e-07
Completed 18 % :  mod = 2.0515054131717448e-15,  Error =1.6025094140559304e-07
Completed 19 % :  mod = 2.4509978694925575e-15,  Error =1.691538571435558e-07
Completed 20 % :  mod = 2.928711419565131e-15,  Error =1.7805594154651772e-07
Completed 21 % :  mod = 3.4998917993775302e-15,  Error =1.8695854464567674e-07
Completed 22 % :  mod = 4.18276765322906e-15,  Error =1.9586158828133193e-07
Completed 23 % :  mod = 4.999132273725049e-15,  Error =2.0476509376976537e-07
Completed 24 % :  mod = 5.975039085051228e-15,  Error =2.1366697922076128e-07
Completed 25 % :  mod = 7.141633162200289e-15,  Error =2.2256919152141563e-07
Completed 26 % :  mod = 8.53614518189758e-15,  Error =2.3147290306724244e-07
Completed 27 % :  mod = 1.0203079546213985e-14,  Error =2.403753498469996e-07
Completed 28 % :  mod = 1.219563474173696e-14,  Error =2.492779529461586e-07
Completed 28 % :  mod = 1.4577401141012693e-14,  Error =2.5818130922061755e-07
Completed 30 % :  mod = 1.742439033285959e-14,  Error =2.67084139693452e-07
Completed 31 % :  mod = 2.0827460984559248e-14,  Error =2.7598774465786846e-07
Completed 32 % :  mod = 2.4895218527733067e-14,  Error =2.8489017012134354e-07
Completed 33 % :  mod = 2.9757481079126646e-14,  Error =2.9379317822986195e-07
Completed 34 % :  mod = 3.556942239709333e-14,  Error =3.0269541895222574e-07
Completed 35 % :  mod = 4.251652403826533e-14,  Error =3.1159879654296674e-07
Completed 36 % :  mod = 5.082049457087221e-14,  Error =3.205017975460578e-07
Completed 37 % :  mod = 6.074634485992273e-14,  Error =3.2940457828090075e-07
Completed 38 % :  mod = 7.261084506800599e-14,  Error =3.383070961149315e-07
Completed 39 % :  mod = 8.679263308118843e-14,  Error =3.47210423967681e-07
Completed 40 % :  mod = 1.0374429676791916e-13,  Error =3.5611313364825037e-07
Completed 41 % :  mod = 1.240068150163474e-13,  Error =3.6501569411484525e-07
Completed 42 % :  mod = 1.4822681776444504e-13,  Error =3.7391749430071286e-07
Completed 43 % :  mod = 1.7717721449451003e-13,  Error =3.828196213362389e-07
Completed 44 % :  mod = 2.1178184688907508e-13,  Error =3.9172194021830364e-07
Completed 45 % :  mod = 2.53144948552389e-13,  Error =4.006245859500268e-07
Completed 46 % :  mod = 3.0258634513141216e-13,  Error =4.095272956305962e-07
Completed 47 % :  mod = 3.616835059780134e-13,  Error =4.184301047871486e-07
Completed 48 % :  mod = 4.3232176930330944e-13,  Error =4.273320044489992e-07
Completed 49 % :  mod = 5.167543092615203e-13,  Error =4.3623629863986935e-07
Completed 50 % :  mod = 6.176736992085221e-13,  Error =4.4513831909398505e-07
Completed 51 % :  mod = 7.382972542347704e-13,  Error =4.5404082271716106e-07
Completed 52 % :  mod = 8.824687042645761e-13,  Error =4.6294370292798703e-07
Completed 53 % :  mod = 1.0547791480341665e-12,  Error =4.718461497077442e-07
Completed 54 % :  mod = 1.2607106460742902e-12,  Error =4.807479498936118e-07
Completed 55 % :  mod = 1.506806178575377e-12,  Error =4.89650297197386e-07
Completed 56 % :  mod = 1.800869931628334e-12,  Error =4.985519055367149e-07
Completed 56 % :  mod = 2.1522018153600572e-12,  Error =5.074527678061713e-07
Completed 57 % :  mod = 2.5718694623501576e-12,  Error =5.163547527331502e-07
Completed 59 % :  mod = 3.0730191877788266e-12,  Error =5.252550678847001e-07
Completed 60 % :  mod = 3.671223625054726e-12,  Error =5.341548288129161e-07
Completed 61 % :  mod = 4.384856482797924e-12,  Error =5.430538365658322e-07
Completed 62 % :  mod = 5.235471616880542e-12,  Error =5.519500874129335e-07
Completed 63 % :  mod = 6.248140342120599e-12,  Error =5.608444197946483e-07
Completed 64 % :  mod = 7.451661287880211e-12,  Error =5.697343539168287e-07
Completed 65 % :  mod = 8.87849166599099e-12,  Error =5.786190016010551e-07
Completed 66 % :  mod = 1.0564144583482323e-11,  Error =5.874960891105729e-07
Completed 67 % :  mod = 1.2545639081769486e-11,  Error =5.963634492900383e-07
Completed 68 % :  mod = 1.4858368342368223e-11,  Error =6.052160443914545e-07
Completed 69 % :  mod = 1.7530483392110795e-11,  Error =6.140490569350732e-07
Completed 70 % :  mod = 2.0573664173156052e-11,  Error =6.228555449183659e-07
Completed 71 % :  mod = 2.396921621616792e-11,  Error =6.316258307492717e-07
Completed 72 % :  mod = 2.764930936957384e-11,  Error =6.403514518638076e-07
Completed 73 % :  mod = 3.147566798120484e-11,  Error =6.490210751053382e-07
Completed 74 % :  mod = 3.5222771508284016e-11,  Error =6.576279503178739e-07
Completed 75 % :  mod = 3.8578684369211886e-11,  Error =6.661685958420094e-07
Completed 76 % :  mod = 4.117929733869459e-11,  Error =6.746487244413402e-07
Completed 77 % :  mod = 4.268274264908883e-11,  Error =6.830834990978474e-07
Completed 78 % :  mod = 4.2866209288558757e-11,  Error =6.914996504292503e-07
Completed 79 % :  mod = 4.170120532107849e-11,  Error =6.999275612429301e-07
Completed 80 % :  mod = 3.936382446708841e-11,  Error =7.083942179519909e-07
Completed 81 % :  mod = 3.6173605463802105e-11,  Error =7.169174622845276e-07
Completed 82 % :  mod = 3.2497496512912926e-11,  Error =7.255063394495664e-07
Completed 83 % :  mod = 2.8666437146747212e-11,  Error =7.341590162468492e-07
Completed 84 % :  mod = 2.4930265222840676e-11,  Error =7.428715491641924e-07
Completed 85 % :  mod = 2.1449401146333547e-11,  Error =7.516314681765834e-07
Completed 86 % :  mod = 1.8308446736187857e-11,  Error =7.604286835771745e-07
Completed 87 % :  mod = 1.553722804476573e-11,  Error =7.692553367633082e-07
Completed 88 % :  mod = 1.3130619176474498e-11,  Error =7.781039599308315e-07
Completed 89 % :  mod = 1.1063794370466451e-11,  Error =7.869666092119587e-07
Completed 90 % :  mod = 9.302619684109233e-12,  Error =7.95842055367757e-07
Completed 91 % :  mod = 7.8101198105801e-12,  Error =8.047253174936486e-07
Completed 92 % :  mod = 6.5501748294961524e-12,  Error =8.136142000125801e-07
Completed 93 % :  mod = 5.489420620747247e-12,  Error =8.225073102607894e-07
Completed 94 % :  mod = 4.598056496304262e-12,  Error =8.314035184753266e-07
Completed 95 % :  mod = 3.850026317320229e-12,  Error =8.403015883118314e-07
Completed 96 % :  mod = 3.2228648696095643e-12,  Error =8.49201143182654e-07
Completed 97 % :  mod = 2.697384104994749e-12,  Error =8.581008970054427e-07
Completed 98 % :  mod = 2.2572994460927386e-12,  Error =8.670024200796433e-07
Completed 99 % :  mod = 1.888850899619379e-12,  Error =8.75904120789528e-07
Completed 100 % :  mod = 1.5804468149412038e-12,  Error =8.848059067645409e-07
Finished 30/41 frames
Finished all frames!
