/opt/local/miniconda_23_9/lib/python3.11/site-packages/conda/base/context.py:201: FutureWarning: Adding 'defaults' to channel list implicitly is deprecated and will be removed in 25.3. 

To remove this warning, please choose a default channel explicitly with conda's regular configuration system, e.g. by adding 'defaults' to the list of channels:

  conda config --add channels defaults

For more information see https://docs.conda.io/projects/conda/en/stable/user-guide/configuration/use-condarc.html

  deprecated.topic(
JOB 13924 ARRAY_ID 53  -> i=53 ; range=[1.9e-10, 5.0e-10] ; intervals=200 (frames=201)
Analytic t0 extension enabled (--extend-time-using-t0).
Density options: centers='2.0e-10,4.0e-10' width='2.0e-11,5.0e-11' strength='7.0'
Completed 0 % :  mod = 2.403762816006643e-16,  Error =-1.4210854715202004e-14
Completed 1 % :  mod = 3.0332331711377623e-16,  Error =4.0012047008985974e-08
Completed 2 % :  mod = 5.251321475434867e-16,  Error =8.002376006288614e-08
Completed 3 % :  mod = 1.021972378250502e-15,  Error =1.2003403782046007e-07
Completed 4 % :  mod = 2.0540578656361016e-15,  Error =1.600443013671793e-07
Completed 5 % :  mod = 4.161930498642081e-15,  Error =2.0005458623018058e-07
Completed 6 % :  mod = 8.449562221593724e-15,  Error =2.400651979428403e-07
Completed 7 % :  mod = 1.7162546567674388e-14,  Error =2.80076086767167e-07
Completed 8 % :  mod = 3.4864200109429084e-14,  Error =3.200856326657231e-07
Completed 9 % :  mod = 7.082554157979197e-14,  Error =3.600966991257337e-07
Completed 10 % :  mod = 1.4388086426061484e-13,  Error =4.0010731083839346e-07
Completed 11 % :  mod = 2.922918955464867e-13,  Error =4.40118157030156e-07
Completed 12 % :  mod = 5.937863423335006e-13,  Error =4.801286834776874e-07
Completed 13 % :  mod = 1.2062621402946032e-12,  Error =5.201385420150473e-07
Completed 14 % :  mod = 2.4504454003456392e-12,  Error =5.601476189553978e-07
Completed 15 % :  mod = 4.977538707054167e-12,  Error =6.001504644359557e-07
Completed 16 % :  mod = 1.0107531537663967e-11,  Error =6.4013003253649e-07
Completed 17 % :  mod = 2.0497520301750004e-11,  Error =6.800129312978243e-07
Completed 18 % :  mod = 4.134174226760675e-11,  Error =7.195015996330767e-07
Completed 19 % :  mod = 8.153198107198333e-11,  Error =7.574799312237701e-07
Completed 20 % :  mod = 1.4688606562025347e-10,  Error =7.906840480131905e-07
Completed 21 % :  mod = 1.9370468275025965e-10,  Error =8.159842579402721e-07
Completed 22 % :  mod = 1.4378291545465523e-10,  Error =8.414730672257065e-07
Completed 23 % :  mod = 8.03258533579887e-11,  Error =8.749257105478137e-07
Completed 24 % :  mod = 4.031306607669359e-11,  Error =9.129874598556853e-07
Completed 25 % :  mod = 2.015954414223087e-11,  Error =9.52496897355104e-07
Completed 26 % :  mod = 1.0279639508245612e-11,  Error =9.923817287926795e-07
Completed 27 % :  mod = 5.528934086663245e-12,  Error =1.0323590586835962e-06
Completed 28 % :  mod = 3.80816772569971e-12,  Error =1.072358642772997e-06
Completed 28 % :  mod = 4.078342010249582e-12,  Error =1.1123606427076993e-06
Completed 30 % :  mod = 6.392471060202827e-12,  Error =1.1523575977889777e-06
Completed 31 % :  mod = 1.2124961513468094e-11,  Error =1.1923213847353509e-06
Completed 32 % :  mod = 2.4305189964213446e-11,  Error =1.2321530675762915e-06
Completed 33 % :  mod = 4.807250791053271e-11,  Error =1.2714496264720765e-06
Completed 34 % :  mod = 9.448633150487722e-11,  Error =1.308730929849844e-06
Completed 35 % :  mod = 1.6297398057646998e-10,  Error =1.3402282235119856e-06
Completed 36 % :  mod = 1.8948804591260212e-10,  Error =1.3643914513750133e-06
Completed 37 % :  mod = 1.282576565559338e-10,  Error =1.3915499508243556e-06
Completed 38 % :  mod = 6.880671413453524e-11,  Error =1.4264470635794169e-06
Completed 39 % :  mod = 3.4473009120348585e-11,  Error =1.4650166377805363e-06
Completed 40 % :  mod = 1.7099293460635942e-11,  Error =1.5046634800341963e-06
Completed 41 % :  mod = 8.449314569457305e-12,  Error =1.5445852099560398e-06
Completed 42 % :  mod = 4.189238403332853e-12,  Error =1.5845743490672248e-06
Completed 43 % :  mod = 2.1467810350154956e-12,  Error =1.6245792551217164e-06
Completed 44 % :  mod = 1.2154715357970907e-12,  Error =1.6645884244326226e-06
Completed 45 % :  mod = 9.228675713775567e-13,  Error =1.7045987021901965e-06
Completed 46 % :  mod = 1.1163886448475173e-12,  Error =1.744609051002044e-06
Completed 47 % :  mod = 1.8920357276245125e-12,  Error =1.7846187816417114e-06
Completed 48 % :  mod = 3.651655006950192e-12,  Error =1.8246250661491104e-06
Completed 49 % :  mod = 7.347824062775838e-12,  Error =1.8646199038130362e-06
Completed 50 % :  mod = 1.4845770225806226e-11,  Error =1.90456395188221e-06
Completed 51 % :  mod = 2.9990679514743434e-11,  Error =1.944301814660321e-06
Completed 52 % :  mod = 6.015174295416858e-11,  Error =1.983213280709606e-06
Completed 53 % :  mod = 1.1435502131256601e-10,  Error =2.0191831495708357e-06
Completed 54 % :  mod = 1.814892911366597e-10,  Error =2.0479986559962526e-06
Completed 55 % :  mod = 1.761756232711961e-10,  Error =2.0717160751360097e-06
Completed 56 % :  mod = 1.0639898803613334e-10,  Error =2.1015463573803572e-06
Completed 56 % :  mod = 5.529507382734036e-11,  Error =2.1380511086022125e-06
Completed 57 % :  mod = 2.7990115746265204e-11,  Error =2.1771239531176434e-06
Completed 59 % :  mod = 1.3866708417880284e-11,  Error =2.2168969664448923e-06
Completed 60 % :  mod = 7.336217140427122e-12,  Error =2.2568463506900116e-06
Completed 61 % :  mod = 4.574955975765374e-12,  Error =2.296838594872952e-06
Completed 62 % :  mod = 4.121645742179501e-12,  Error =2.3368390102973535e-06
Completed 63 % :  mod = 5.88884282554999e-12,  Error =2.3768354253661528e-06
Completed 64 % :  mod = 1.0823306591873426e-11,  Error =2.4168090604348436e-06
Completed 65 % :  mod = 2.1050049399017365e-11,  Error =2.4566805905124056e-06
Completed 66 % :  mod = 4.2447875270905826e-11,  Error =2.4961411071444672e-06
Completed 67 % :  mod = 8.374474714067684e-11,  Error =2.534025661304895e-06
Completed 68 % :  mod = 1.4823585881691093e-10,  Error =2.566995270569805e-06
Completed 69 % :  mod = 1.9449979082965956e-10,  Error =2.5920801931533788e-06
Completed 70 % :  mod = 1.4138720719247822e-10,  Error =2.6178038510238366e-06
Completed 71 % :  mod = 7.825239796962806e-11,  Error =2.651465408121112e-06
Completed 72 % :  mod = 3.976307867924624e-11,  Error =2.689609843287144e-06
Completed 73 % :  mod = 1.962451268360801e-11,  Error =2.729139772839062e-06
Completed 74 % :  mod = 1.007912903913871e-11,  Error =2.7690294928106596e-06
Completed 75 % :  mod = 5.529038411818026e-12,  Error =2.8090084711607233e-06
Completed 76 % :  mod = 3.877152380247174e-12,  Error =2.8490063925801223e-06
Completed 77 % :  mod = 4.331988288447712e-12,  Error =2.8890067582665324e-06
Completed 78 % :  mod = 7.0207247723575856e-12,  Error =2.929001112761398e-06
Completed 79 % :  mod = 1.3236814503867538e-11,  Error =2.9689560605561383e-06
Completed 80 % :  mod = 2.670482351881773e-11,  Error =3.008748940658279e-06
Completed 81 % :  mod = 5.312340748596269e-11,  Error =3.0478983177317787e-06
Completed 82 % :  mod = 1.0205917293226033e-10,  Error =3.0846731533529237e-06
Completed 83 % :  mod = 1.7240266844029972e-10,  Error =3.1150312267413938e-06
Completed 84 % :  mod = 1.848399932650161e-10,  Error =3.1388527332865124e-06
Completed 85 % :  mod = 1.1812690170153412e-10,  Error =3.167117924363083e-06
Completed 86 % :  mod = 6.309897929838708e-11,  Error =3.202770876953309e-06
Completed 87 % :  mod = 3.1422303726538605e-11,  Error =3.241579335622191e-06
Completed 88 % :  mod = 1.5660606597834424e-11,  Error =3.281285884781937e-06
Completed 89 % :  mod = 8.10349480138769e-12,  Error =3.321220084728793e-06
Completed 90 % :  mod = 4.56911371005785e-12,  Error =3.361209195418269e-06
Completed 91 % :  mod = 3.5127901497976955e-12,  Error =3.4012114866754928e-06
Completed 92 % :  mod = 4.330016441306785e-12,  Error =3.44121374240558e-06
Completed 93 % :  mod = 7.318442452107764e-12,  Error =3.4812070381917692e-06
Completed 94 % :  mod = 1.4151156001022104e-11,  Error =3.5211551292491095e-06
Completed 95 % :  mod = 2.8586027973347733e-11,  Error =3.5609187918339558e-06
Completed 96 % :  mod = 5.645258548264126e-11,  Error =3.5999473837478035e-06
Completed 97 % :  mod = 1.0889830941190997e-10,  Error =3.636304725773698e-06
Completed 98 % :  mod = 1.776836452636648e-10,  Error =3.665857143175799e-06
Completed 99 % :  mod = 1.7984256401305785e-10,  Error =3.6895380262080835e-06
Completed 100 % :  mod = 1.1243455247486855e-10,  Error =3.7186462904514883e-06
Finished 54/201 frames
Finished all frames!
