/opt/local/miniconda_23_9/lib/python3.11/site-packages/conda/base/context.py:201: FutureWarning: Adding 'defaults' to channel list implicitly is deprecated and will be removed in 25.3. 

To remove this warning, please choose a default channel explicitly with conda's regular configuration system, e.g. by adding 'defaults' to the list of channels:

  conda config --add channels defaults

For more information see https://docs.conda.io/projects/conda/en/stable/user-guide/configuration/use-condarc.html

  deprecated.topic(
JOB 13562 ARRAY_ID 5  -> i=5 ; range=[2.0e-10, 2.09e-10] ; intervals=40 (frames=41)
Completed 0 % :  mod = 1.6087804874537108e-16,  Error =-1.4210854715202004e-14
Completed 1 % :  mod = 1.6131969815539874e-16,  Error =8.027960518575128e-09
Completed 2 % :  mod = 1.6264707224772438e-16,  Error =1.605584998287668e-08
Completed 3 % :  mod = 1.648674611201828e-16,  Error =2.408430788136684e-08
Completed 4 % :  mod = 1.679930522451242e-16,  Error =3.211167154404393e-08
Completed 5 % :  mod = 1.720410089998736e-16,  Error =4.013983101458507e-08
Completed 6 % :  mod = 1.7703355007606965e-16,  Error =4.816752152692061e-08
Completed 7 % :  mod = 1.82998093202296e-16,  Error =5.6196313380496576e-08
Completed 8 % :  mod = 1.8996739369683401e-16,  Error =6.422435205877264e-08
Completed 9 % :  mod = 1.979796978579675e-16,  Error =7.225212783623647e-08
Completed 10 % :  mod = 2.0707900797197152e-16,  Error =8.028017361993989e-08
Completed 11 % :  mod = 2.1731529820725227e-16,  Error =8.830778597257449e-08
Completed 12 % :  mod = 2.287447442086658e-16,  Error =9.633553332832889e-08
Completed 13 % :  mod = 2.4143011099352657e-16,  Error =1.0436357911203231e-07
Completed 14 % :  mod = 2.5544106479869835e-16,  Error =1.1239113462124806e-07
Completed 15 % :  mod = 2.708545037460441e-16,  Error =1.204194788329005e-07
Completed 16 % :  mod = 2.8775506309468385e-16,  Error =1.284474251406209e-07
Completed 17 % :  mod = 3.062355504930933e-16,  Error =1.3647508012581966e-07
Completed 18 % :  mod = 3.2639741643807727e-16,  Error =1.445034740754636e-07
Completed 19 % :  mod = 3.4835136163213426e-16,  Error =1.525304185179266e-07
Completed 20 % :  mod = 3.7221793689619594e-16,  Error =1.605590682629554e-07
Completed 21 % :  mod = 3.9812816836307374e-16,  Error =1.6858615481396555e-07
Completed 22 % :  mod = 4.2622432691052493e-16,  Error =1.7661430717907933e-07
Completed 23 % :  mod = 4.566606698837681e-16,  Error =1.8464152873320927e-07
Completed 24 % :  mod = 4.896042964002367e-16,  Error =1.9266853712451848e-07
Completed 25 % :  mod = 5.252361053798244e-16,  Error =2.0069597184146915e-07
Completed 26 % :  mod = 5.637517164554013e-16,  Error =2.0872437289654044e-07
Completed 27 % :  mod = 6.053625888379893e-16,  Error =2.1675257499964573e-07
Completed 28 % :  mod = 6.50297220521856e-16,  Error =2.2477985339719453e-07
Completed 28 % :  mod = 6.988023033905406e-16,  Error =2.3280809813286396e-07
Completed 30 % :  mod = 7.511441450886284e-16,  Error =2.4083623628712303e-07
Completed 31 % :  mod = 8.076101584638414e-16,  Error =2.488642607545444e-07
Completed 32 % :  mod = 8.6851035230159825e-16,  Error =2.5689199389944406e-07
Completed 33 % :  mod = 9.34179088101539e-16,  Error =2.6491949256524094e-07
Completed 34 % :  mod = 1.004976941647494e-15,  Error =2.729483199459537e-07
Completed 35 % :  mod = 1.0812926144150835e-15,  Error =2.8097637994051183e-07
Completed 36 % :  mod = 1.1635451221365231e-15,  Error =2.8900514337237837e-07
Completed 37 % :  mod = 1.2521860745620902e-15,  Error =2.9703286230642334e-07
Completed 38 % :  mod = 1.3477021404066505e-15,  Error =3.050611212529475e-07
Completed 39 % :  mod = 1.4506177751328247e-15,  Error =3.130893020397707e-07
Completed 40 % :  mod = 1.5614980290740715e-15,  Error =3.211178523088165e-07
Completed 41 % :  mod = 1.6809516693694157e-15,  Error =3.29145919408802e-07
Completed 42 % :  mod = 1.809634585931319e-15,  Error =3.371741996716082e-07
Completed 43 % :  mod = 1.9482533030341762e-15,  Error =3.452024373018503e-07
Completed 44 % :  mod = 2.097568884744179e-15,  Error =3.532294670094416e-07
Completed 45 % :  mod = 2.2584011760294126e-15,  Error =3.6125673119613566e-07
Completed 46 % :  mod = 2.431633219283943e-15,  Error =3.6928493329924095e-07
Completed 47 % :  mod = 2.61821613764026e-15,  Error =3.7731292934495286e-07
Completed 48 % :  mod = 2.819174377588302e-15,  Error =3.853404848541686e-07
Completed 49 % :  mod = 3.0356112894460605e-15,  Error =3.9336799062539285e-07
Completed 50 % :  mod = 3.26871522388749e-15,  Error =4.013957806137114e-07
Completed 51 % :  mod = 3.5197660495053494e-15,  Error =4.094241319307912e-07
Completed 52 % :  mod = 3.7901421367488124e-15,  Error =4.1745190060282766e-07
Completed 53 % :  mod = 4.081327999107774e-15,  Error =4.2547936374148776e-07
Completed 54 % :  mod = 4.394922411632068e-15,  Error =4.335074876848921e-07
Completed 55 % :  mod = 4.7326471249690276e-15,  Error =4.415356684717153e-07
Completed 56 % :  mod = 5.096356437704331e-15,  Error =4.495632879297773e-07
Completed 56 % :  mod = 5.488047320897599e-15,  Error =4.575906658033091e-07
Completed 57 % :  mod = 5.909870308845742e-15,  Error =4.656178091977381e-07
Completed 59 % :  mod = 6.364141442588723e-15,  Error =4.7364499522473125e-07
Completed 60 % :  mod = 6.853354912951634e-15,  Error =4.816725436285196e-07
Completed 61 % :  mod = 7.380196715332056e-15,  Error =4.896997509717949e-07
Completed 62 % :  mod = 7.947559496402978e-15,  Error =4.977268517336597e-07
Completed 63 % :  mod = 8.558558354865163e-15,  Error =5.057538103869774e-07
Completed 64 % :  mod = 9.216547960777104e-15,  Error =5.137818135381167e-07
Completed 65 % :  mod = 9.925141036217474e-15,  Error =5.218095253667343e-07
Completed 66 % :  mod = 1.0688228086954857e-14,  Error =5.298374361473179e-07
Completed 67 % :  mod = 1.1509998824978044e-14,  Error =5.378648921805507e-07
Completed 68 % :  mod = 1.2394965218452492e-14,  Error =5.458930729673739e-07
Completed 69 % :  mod = 1.3347986133637566e-14,  Error =5.539206071603076e-07
Completed 70 % :  mod = 1.437429410891351e-14,  Error =5.61947778976446e-07
Completed 71 % :  mod = 1.5479524119108364e-14,  Error =5.699759384469871e-07
Completed 72 % :  mod = 1.66697443747926e-14,  Error =5.780031813173991e-07
Completed 73 % :  mod = 1.7951489749785045e-14,  Error =5.860305023475121e-07
Completed 74 % :  mod = 1.93317976704e-14,  Error =5.940581075947193e-07
Completed 75 % :  mod = 2.0818246639419733e-14,  Error =6.020865512823548e-07
Completed 76 % :  mod = 2.2418997959187957e-14,  Error =6.101144975900752e-07
Completed 77 % :  mod = 2.4142840513410448e-14,  Error =6.181432041785229e-07
Completed 78 % :  mod = 2.5999238929849598e-14,  Error =6.261712854893631e-07
Completed 79 % :  mod = 2.7998385682828547e-14,  Error =6.341992531133656e-07
Completed 80 % :  mod = 3.0151256957545927e-14,  Error =6.422269507311285e-07
Completed 81 % :  mod = 3.246967288464429e-14,  Error =6.502548970388489e-07
Completed 82 % :  mod = 3.4966362533238405e-14,  Error =6.582822180689618e-07
Completed 83 % :  mod = 3.765503370190129e-14,  Error =6.663093188308267e-07
Completed 84 % :  mod = 4.055044814887977e-14,  Error =6.743369951323075e-07
Completed 85 % :  mod = 4.3668502747714965e-14,  Error =6.823653890819514e-07
Completed 86 % :  mod = 4.702631661024708e-14,  Error =6.903935343416379e-07
Completed 87 % :  mod = 5.064232508669645e-14,  Error =6.984216796013243e-07
Completed 88 % :  mod = 5.4536381045502635e-14,  Error =7.064494411679334e-07
Completed 89 % :  mod = 5.872986367301079e-14,  Error =7.144772808942434e-07
Completed 90 % :  mod = 6.324579589677436e-14,  Error =7.225048292980318e-07
Completed 91 % :  mod = 6.810897076355331e-14,  Error =7.305322711204099e-07
Completed 92 % :  mod = 7.334608734508867e-14,  Error =7.385602600606944e-07
Completed 93 % :  mod = 7.898589730990596e-14,  Error =7.465874602985423e-07
Completed 94 % :  mod = 8.505936270098599e-14,  Error =7.546159750404513e-07
Completed 95 % :  mod = 9.159982560648337e-14,  Error =7.626443760955226e-07
Completed 96 % :  mod = 9.864319114448578e-14,  Error =7.706723010869609e-07
Completed 97 % :  mod = 1.0622812432605436e-13,  Error =7.786992242131419e-07
Completed 98 % :  mod = 1.1439626189824656e-13,  Error =7.867274334216745e-07
Completed 99 % :  mod = 1.2319244069714697e-13,  Error =7.947553157805487e-07
Completed 100 % :  mod = 1.3266494321359618e-13,  Error =8.027828144463456e-07
Finished 6/41 frames
Finished all frames!
