/opt/local/miniconda_23_9/lib/python3.11/site-packages/conda/base/context.py:201: FutureWarning: Adding 'defaults' to channel list implicitly is deprecated and will be removed in 25.3. 

To remove this warning, please choose a default channel explicitly with conda's regular configuration system, e.g. by adding 'defaults' to the list of channels:

  conda config --add channels defaults

For more information see https://docs.conda.io/projects/conda/en/stable/user-guide/configuration/use-condarc.html

  deprecated.topic(
JOB 14050 ARRAY_ID 179  -> i=179 ; range=[1.9e-10, 5.0e-10] ; intervals=200 (frames=201)
Analytic t0 extension enabled (--extend-time-using-t0).
Density options: centers='2.0e-10,4.0e-10' width='2.0e-11,5.0e-11' strength='7.0'
Completed 0 % :  mod = 3.633310234990408e-16,  Error =-1.4210854715202004e-14
Completed 1 % :  mod = 6.197038104776485e-16,  Error =2.0884237983409548e-07
Completed 2 % :  mod = 1.750624504135944e-15,  Error =4.176845180836608e-07
Completed 3 % :  mod = 5.352088373120808e-15,  Error =6.265277150419024e-07
Completed 4 % :  mod = 1.650660858723008e-14,  Error =8.353704075148016e-07
Completed 5 % :  mod = 5.095583857846786e-14,  Error =1.044213540524197e-06
Completed 6 % :  mod = 1.5731574902130877e-13,  Error =1.2530572846003452e-06
Completed 7 % :  mod = 4.856851626884095e-13,  Error =1.4619007941973905e-06
Completed 8 % :  mod = 1.4994692227559311e-12,  Error =1.670743174031486e-06
Completed 9 % :  mod = 4.629314695151335e-12,  Error =1.8795744054500574e-06
Completed 10 % :  mod = 1.4290955822048447e-11,  Error =2.0883120868120386e-06
Completed 11 % :  mod = 4.4082949581890626e-11,  Error =2.2961539798416197e-06
Completed 12 % :  mod = 1.348353236298424e-10,  Error =2.495963187243433e-06
Completed 13 % :  mod = 3.5718765968742386e-10,  Error =2.6477370838051684e-06
Completed 14 % :  mod = 2.413542784434854e-10,  Error =2.756867829134535e-06
Completed 15 % :  mod = 1.0629285386484128e-10,  Error =2.9369545444524192e-06
Completed 16 % :  mod = 6.20784267003362e-11,  Error =3.1386375312081327e-06
Completed 17 % :  mod = 1.1463708032539977e-10,  Error =3.3374469055047484e-06
Completed 18 % :  mod = 3.5792939052505454e-10,  Error =3.4958876184987275e-06
Completed 19 % :  mod = 2.783789518693096e-10,  Error =3.6042058013663336e-06
Completed 20 % :  mod = 8.90878937228631e-11,  Error =3.7790413855987026e-06
Completed 21 % :  mod = 3.3313529725805416e-11,  Error =3.983377069971539e-06
Completed 22 % :  mod = 1.7822524923226808e-11,  Error =4.191566937095104e-06
Completed 23 % :  mod = 2.1452001893875487e-11,  Error =4.4000096650620435e-06
Completed 24 % :  mod = 5.7878055459390605e-11,  Error =4.60688350045757e-06
Completed 25 % :  mod = 1.8645622712399222e-10,  Error =4.799869877558649e-06
Completed 26 % :  mod = 3.9372777666673663e-10,  Error =4.93118480449084e-06
Completed 27 % :  mod = 1.6566974782622646e-10,  Error =5.055911188378559e-06
Completed 28 % :  mod = 9.857294828396451e-11,  Error =5.245517201046823e-06
Completed 28 % :  mod = 9.586457590411537e-11,  Error =5.446103244821643e-06
Completed 30 % :  mod = 1.76213957000643e-10,  Error =5.6319195564924485e-06
Completed 31 % :  mod = 4.197647565444532e-10,  Error =5.749360880713539e-06
Completed 32 % :  mod = 1.6295911052227593e-10,  Error =5.884730057914567e-06
Completed 33 % :  mod = 6.639801345320953e-11,  Error =6.0775300596560555e-06
Completed 34 % :  mod = 6.686563074263993e-11,  Error =6.281981114852897e-06
Completed 35 % :  mod = 1.317647534435215e-10,  Error =6.481221461740461e-06
Completed 36 % :  mod = 3.047792957261887e-10,  Error =6.639461858526374e-06
Completed 37 % :  mod = 2.891799437034716e-10,  Error =6.747301412701745e-06
Completed 38 % :  mod = 1.3809027856944417e-10,  Error =6.917457078259304e-06
Completed 39 % :  mod = 1.1216575303929497e-10,  Error =7.108838843805643e-06
Completed 40 % :  mod = 2.6049362517808456e-10,  Error =7.275696432884615e-06
Completed 41 % :  mod = 3.9457395524338275e-10,  Error =7.392125141336692e-06
Completed 42 % :  mod = 1.5336147491748618e-10,  Error =7.538869333245657e-06
Completed 43 % :  mod = 1.4088827729976516e-10,  Error =7.715752097681161e-06
Completed 44 % :  mod = 3.898504948976606e-10,  Error =7.86056718737882e-06
Completed 45 % :  mod = 2.7370700248924367e-10,  Error =7.981175158988663e-06
Completed 46 % :  mod = 1.177452002550343e-10,  Error =8.146601480518711e-06
Completed 47 % :  mod = 1.6559667792512768e-10,  Error =8.333134488225369e-06
Completed 48 % :  mod = 3.5724503134093894e-10,  Error =8.484172923317601e-06
Completed 49 % :  mod = 2.763818226811987e-10,  Error =8.594227601577131e-06
Completed 50 % :  mod = 9.789855297681478e-11,  Error =8.764669210847842e-06
Completed 51 % :  mod = 8.701188151804206e-11,  Error =8.96255912863353e-06
Completed 52 % :  mod = 1.9885058652476995e-10,  Error =9.15292511649568e-06
Completed 53 % :  mod = 3.3371166870427955e-10,  Error =9.28944884037719e-06
Completed 54 % :  mod = 2.3019663548274767e-10,  Error =9.41060987003084e-06
Completed 55 % :  mod = 1.1573566452290919e-10,  Error =9.592787201029296e-06
Completed 56 % :  mod = 1.1447245455311174e-10,  Error =9.785726831523789e-06
Completed 56 % :  mod = 2.988613708034908e-10,  Error =9.94480093652328e-06
Completed 57 % :  mod = 3.1876740691594825e-10,  Error =1.0055837591949057e-05
Completed 59 % :  mod = 1.7757639167574154e-10,  Error =1.0215443914773914e-05
Completed 60 % :  mod = 1.3668897446448643e-10,  Error =1.039676288883129e-05
Completed 61 % :  mod = 3.3832770446354155e-10,  Error =1.053826393615509e-05
Completed 62 % :  mod = 3.092819088800225e-10,  Error =1.0660682399077359e-05
Completed 63 % :  mod = 1.0529914396870022e-10,  Error =1.083112696420585e-05
Completed 64 % :  mod = 1.2914835015444197e-10,  Error =1.101738342867975e-05
Completed 65 % :  mod = 4.005867642184385e-10,  Error =1.116334222928117e-05
Completed 66 % :  mod = 2.564182144629669e-10,  Error =1.1279472893477305e-05
Completed 67 % :  mod = 9.854039411656496e-11,  Error =1.1454233664665026e-05
Completed 68 % :  mod = 8.28034914575582e-11,  Error =1.1654323529342037e-05
Completed 69 % :  mod = 1.6338334831207907e-10,  Error =1.1848306499473438e-05
Completed 70 % :  mod = 3.354812014081951e-10,  Error =1.1994744475885e-05
Completed 71 % :  mod = 2.196605681623339e-10,  Error =1.2107545252604268e-05
Completed 72 % :  mod = 1.623047981208322e-10,  Error =1.2283397765600057e-05
Completed 73 % :  mod = 1.6498447916739338e-10,  Error =1.2469060600039938e-05
Completed 74 % :  mod = 2.8789616306689647e-10,  Error =1.2613656032556264e-05
Completed 75 % :  mod = 3.047590026632431e-10,  Error =1.2732713550178687e-05
Completed 76 % :  mod = 1.4220369648636095e-10,  Error =1.2901852983304707e-05
Completed 77 % :  mod = 1.5467636600515666e-10,  Error =1.3079367285229182e-05
Completed 78 % :  mod = 3.7600476971393654e-10,  Error =1.3206430388379431e-05
Completed 79 % :  mod = 2.337975929082845e-10,  Error =1.3336137691055683e-05
Completed 80 % :  mod = 1.2491526090648014e-10,  Error =1.351665915905187e-05
Completed 81 % :  mod = 1.1910260851866301e-10,  Error =1.3708653675337246e-05
Completed 82 % :  mod = 3.543083306786172e-10,  Error =1.3861894437638966e-05
Completed 83 % :  mod = 2.8977925391930476e-10,  Error =1.3973990824922566e-05
Completed 84 % :  mod = 9.531387111766362e-11,  Error =1.4144824156403502e-05
Completed 85 % :  mod = 1.0051776838239586e-10,  Error =1.4342879111950424e-05
Completed 86 % :  mod = 2.0909976419777245e-10,  Error =1.4532052084348379e-05
Completed 87 % :  mod = 3.5044569047092095e-10,  Error =1.4670528940996519e-05
Completed 88 % :  mod = 2.006065886086881e-10,  Error =1.4787178827191383e-05
Completed 89 % :  mod = 1.2447039768362815e-10,  Error =1.4964982177900765e-05
Completed 90 % :  mod = 2.0041929206810162e-10,  Error =1.5148953316668212e-05
Completed 91 % :  mod = 3.031698610362465e-10,  Error =1.5289190066880565e-05
Completed 92 % :  mod = 2.3251078029738592e-10,  Error =1.5408289989693458e-05
Completed 93 % :  mod = 2.0930103436506066e-10,  Error =1.5579224871942188e-05
Completed 94 % :  mod = 1.874315589420917e-10,  Error =1.5751836080823978e-05
Completed 95 % :  mod = 3.294539335131594e-10,  Error =1.5868247224659626e-05
Completed 96 % :  mod = 2.1679686032278468e-10,  Error =1.600838705684282e-05
Completed 97 % :  mod = 1.0226429393104672e-10,  Error =1.6194380172862566e-05
Completed 98 % :  mod = 1.4067246455833737e-10,  Error =1.6382569228312605e-05
Completed 99 % :  mod = 3.952858722135836e-10,  Error =1.6518302359713743e-05
Completed 100 % :  mod = 2.399406408131457e-10,  Error =1.6640470171580546e-05
Finished 180/201 frames
Finished all frames!
