/opt/local/miniconda_23_9/lib/python3.11/site-packages/conda/base/context.py:201: FutureWarning: Adding 'defaults' to channel list implicitly is deprecated and will be removed in 25.3. 

To remove this warning, please choose a default channel explicitly with conda's regular configuration system, e.g. by adding 'defaults' to the list of channels:

  conda config --add channels defaults

For more information see https://docs.conda.io/projects/conda/en/stable/user-guide/configuration/use-condarc.html

  deprecated.topic(
JOB 14037 ARRAY_ID 166  -> i=166 ; range=[1.9e-10, 5.0e-10] ; intervals=200 (frames=201)
Analytic t0 extension enabled (--extend-time-using-t0).
Density options: centers='2.0e-10,4.0e-10' width='2.0e-11,5.0e-11' strength='7.0'
Completed 0 % :  mod = 3.501978923197753e-16,  Error =-1.4210854715202004e-14
Completed 1 % :  mod = 5.797987428198345e-16,  Error =1.802457560984294e-07
Completed 2 % :  mod = 1.569668502679432e-15,  Error =3.604918887845088e-07
Completed 3 % :  mod = 4.617787240994291e-15,  Error =5.40737381982126e-07
Completed 4 % :  mod = 1.3721041808038883e-14,  Error =7.209826407006403e-07
Completed 5 % :  mod = 4.0816197628117804e-14,  Error =9.012277217834708e-07
Completed 6 % :  mod = 1.2143214293168658e-13,  Error =1.0814725257546343e-06
Completed 7 % :  mod = 3.61277598884211e-13,  Error =1.2617173013040883e-06
Completed 8 % :  mod = 1.0748524458386262e-12,  Error =1.4419621408023886e-06
Completed 9 % :  mod = 3.1978224116665384e-12,  Error =1.6222026175682913e-06
Completed 10 % :  mod = 9.513461228042582e-12,  Error =1.802403829742616e-06
Completed 11 % :  mod = 2.829002341489201e-11,  Error =1.9822556964754767e-06
Completed 12 % :  mod = 8.378679101583698e-11,  Error =2.1590982157704275e-06
Completed 13 % :  mod = 2.3677745341280875e-10,  Error =2.3142515672702757e-06
Completed 14 % :  mod = 3.646082216636765e-10,  Error =2.4107423044483767e-06
Completed 15 % :  mod = 1.2614225154578347e-10,  Error =2.5383905679632335e-06
Completed 16 % :  mod = 6.211721119813976e-11,  Error =2.708073552071255e-06
Completed 17 % :  mod = 7.230468214389758e-11,  Error =2.884133685654433e-06
Completed 18 % :  mod = 1.4308634242350499e-10,  Error =3.053010182441085e-06
Completed 19 % :  mod = 3.2907411191306784e-10,  Error =3.177656850539279e-06
Completed 20 % :  mod = 2.4334097908287087e-10,  Error =3.27827314094975e-06
Completed 21 % :  mod = 1.0043085637581448e-10,  Error =3.433559854215673e-06
Completed 22 % :  mod = 6.863596647690658e-11,  Error =3.6059025916301835e-06
Completed 23 % :  mod = 1.610553407485852e-10,  Error =3.7712751463914174e-06
Completed 24 % :  mod = 3.7721524910671256e-10,  Error =3.893994005466084e-06
Completed 25 % :  mod = 1.9929085939184456e-10,  Error =3.989746325316901e-06
Completed 26 % :  mod = 1.0866304984886837e-10,  Error =4.144358165092399e-06
Completed 27 % :  mod = 8.397129583403758e-11,  Error =4.3165250218635265e-06
Completed 28 % :  mod = 1.3631261753870827e-10,  Error =4.483191744952819e-06
Completed 28 % :  mod = 3.5047703720550395e-10,  Error =4.6041723820167135e-06
Completed 30 % :  mod = 2.407742725209396e-10,  Error =4.707647910606738e-06
Completed 31 % :  mod = 8.57292527847043e-11,  Error =4.864685323013873e-06
Completed 32 % :  mod = 4.717793914697657e-11,  Error =5.0398766830994646e-06
Completed 33 % :  mod = 9.747398275535994e-11,  Error =5.2142705015967294e-06
Completed 34 % :  mod = 2.4979406372452207e-10,  Error =5.3677006306429575e-06
Completed 35 % :  mod = 3.3145552955636965e-10,  Error =5.462286296165075e-06
Completed 36 % :  mod = 1.3644682136940617e-10,  Error =5.592999876569138e-06
Completed 37 % :  mod = 4.8092477134067405e-11,  Error =5.764780617312226e-06
Completed 38 % :  mod = 1.7654253903656954e-11,  Error =5.943852585232889e-06
Completed 39 % :  mod = 1.5537929123969008e-11,  Error =6.123748590880496e-06
Completed 40 % :  mod = 4.258744631821027e-11,  Error =6.303222029657718e-06
Completed 41 % :  mod = 1.0439161746232948e-10,  Error =6.478230879736202e-06
Completed 42 % :  mod = 2.7384239383251416e-10,  Error =6.62391772010551e-06
Completed 43 % :  mod = 3.254480410144358e-10,  Error =6.715654990330222e-06
Completed 44 % :  mod = 1.1100648742203257e-10,  Error =6.8555527619196255e-06
Completed 45 % :  mod = 5.889365920097213e-11,  Error =7.026992371095275e-06
Completed 46 % :  mod = 9.925040776607924e-11,  Error =7.201372632437142e-06
Completed 47 % :  mod = 2.2070702244453297e-10,  Error =7.359377462989869e-06
Completed 48 % :  mod = 3.4774558855358905e-10,  Error =7.461211303905202e-06
Completed 49 % :  mod = 1.440300408666015e-10,  Error =7.582966084385134e-06
Completed 50 % :  mod = 6.406427685106664e-11,  Error =7.751427283153589e-06
Completed 51 % :  mod = 5.6958354786703715e-11,  Error =7.928233806353546e-06
Completed 52 % :  mod = 1.01183527762026e-10,  Error =8.102037327262224e-06
Completed 53 % :  mod = 2.915411941562237e-10,  Error =8.246653258936476e-06
Completed 54 % :  mod = 3.252549211546094e-10,  Error =8.341729774485884e-06
Completed 55 % :  mod = 9.856673527994815e-11,  Error =8.481234921475789e-06
Completed 56 % :  mod = 5.707982513230601e-11,  Error =8.65351360346267e-06
Completed 56 % :  mod = 9.117205187273498e-11,  Error =8.829101631135927e-06
Completed 57 % :  mod = 1.7174726397510178e-10,  Error =8.993012777125386e-06
Completed 59 % :  mod = 3.631674323761481e-10,  Error =9.102196322885447e-06
Completed 60 % :  mod = 1.823310678275756e-10,  Error =9.213969399013422e-06
Completed 61 % :  mod = 6.175479789450119e-11,  Error =9.37904795250688e-06
Completed 62 % :  mod = 3.3730941760430074e-11,  Error =9.556663520982056e-06
Completed 63 % :  mod = 5.010367112989126e-11,  Error =9.735348037054337e-06
Completed 64 % :  mod = 1.173083177782376e-10,  Error =9.908956762672005e-06
Completed 65 % :  mod = 2.812306029664397e-10,  Error =1.005121182373614e-05
Completed 66 % :  mod = 3.0044104359821677e-10,  Error =1.0141288484533106e-05
Completed 67 % :  mod = 1.210261078114723e-10,  Error =1.028407524472641e-05
Completed 68 % :  mod = 6.994648134702949e-11,  Error =1.0454599113529639e-05
Completed 69 % :  mod = 1.2109293569644295e-10,  Error =1.0625363238148111e-05
Completed 70 % :  mod = 3.0758255453099076e-10,  Error =1.0767162130775887e-05
Completed 71 % :  mod = 2.9222402171370933e-10,  Error =1.0859599221646477e-05
Completed 72 % :  mod = 1.0007280979130259e-10,  Error =1.1002358938583257e-05
Completed 73 % :  mod = 4.232069988885477e-11,  Error =1.1176578013305516e-05
Completed 74 % :  mod = 3.633141588326523e-11,  Error =1.1355512420152536e-05
Completed 75 % :  mod = 5.0255617839108854e-11,  Error =1.1534116211464607e-05
Completed 76 % :  mod = 1.350507371966529e-10,  Error =1.1704911464960333e-05
Completed 77 % :  mod = 3.421297037767655e-10,  Error =1.1834632047680316e-05
Completed 78 % :  mod = 2.2598768438861684e-10,  Error =1.1928343369049799e-05
Completed 79 % :  mod = 1.1650687991848983e-10,  Error =1.2081636576510846e-05
Completed 80 % :  mod = 7.522127323915154e-11,  Error =1.225417213390756e-05
Completed 81 % :  mod = 1.1329179088661896e-10,  Error =1.2423919478976586e-05
Completed 82 % :  mod = 3.4847768439024613e-10,  Error =1.2557325732132085e-05
Completed 83 % :  mod = 2.613292544726623e-10,  Error =1.26521988335071e-05
Completed 84 % :  mod = 8.590997217306668e-11,  Error =1.280196346442608e-05
Completed 85 % :  mod = 4.954677719415417e-11,  Error =1.2977399279634483e-05
Completed 86 % :  mod = 4.080769245596297e-11,  Error =1.3156172016692835e-05
Completed 87 % :  mod = 6.32154915518848e-11,  Error =1.333332583186575e-05
Completed 88 % :  mod = 2.025606401019272e-10,  Error =1.3494212311115916e-05
Completed 89 % :  mod = 3.8559544108320144e-10,  Error =1.3599545013676106e-05
Completed 90 % :  mod = 1.4446982010614458e-10,  Error =1.3713755990352183e-05
Completed 91 % :  mod = 9.677110217698987e-11,  Error =1.3878348489981818e-05
Completed 92 % :  mod = 1.021014863411716e-10,  Error =1.4050658762698731e-05
Completed 93 % :  mod = 1.8112019815499407e-10,  Error =1.4209135528631123e-05
Completed 94 % :  mod = 3.7396437800254213e-10,  Error =1.4309293618453012e-05
Completed 95 % :  mod = 1.5938706109063778e-10,  Error =1.4428706705871264e-05
Completed 96 % :  mod = 6.592159179774964e-11,  Error =1.459582033191964e-05
Completed 97 % :  mod = 4.280190483972828e-11,  Error =1.4773646199728319e-05
Completed 98 % :  mod = 4.844567288250618e-11,  Error =1.49517492715745e-05
Completed 99 % :  mod = 1.3288521804001782e-10,  Error =1.5121871875578563e-05
Completed 100 % :  mod = 3.542455150103667e-10,  Error =1.5247761055547926e-05
Finished 167/201 frames
Finished all frames!
