/opt/local/miniconda_23_9/lib/python3.11/site-packages/conda/base/context.py:201: FutureWarning: Adding 'defaults' to channel list implicitly is deprecated and will be removed in 25.3. 

To remove this warning, please choose a default channel explicitly with conda's regular configuration system, e.g. by adding 'defaults' to the list of channels:

  conda config --add channels defaults

For more information see https://docs.conda.io/projects/conda/en/stable/user-guide/configuration/use-condarc.html

  deprecated.topic(
JOB 13925 ARRAY_ID 54  -> i=54 ; range=[1.9e-10, 5.0e-10] ; intervals=200 (frames=201)
Analytic t0 extension enabled (--extend-time-using-t0).
Density options: centers='2.0e-10,4.0e-10' width='2.0e-11,5.0e-11' strength='7.0'
Completed 0 % :  mod = 2.431481541139573e-16,  Error =-1.4210854715202004e-14
Completed 1 % :  mod = 3.0911125433578915e-16,  Error =4.188805036164922e-08
Completed 2 % :  mod = 5.42790512021801e-16,  Error =8.377688232030778e-08
Completed 3 % :  mod = 1.0709745369552305e-15,  Error =1.2566510321221358e-07
Completed 4 % :  mod = 2.1802429847103456e-15,  Error =1.675525851396742e-07
Completed 5 % :  mod = 4.472457598534503e-15,  Error =2.094412252517941e-07
Completed 6 % :  mod = 9.191317616817933e-15,  Error =2.5132958825224705e-07
Completed 7 % :  mod = 1.889716031255947e-14,  Error =2.932178162495802e-07
Completed 8 % :  mod = 3.885613686472841e-14,  Error =3.3510639951828125e-07
Completed 9 % :  mod = 7.989749508362321e-14,  Error =3.769958567545473e-07
Completed 10 % :  mod = 1.6428925134261942e-13,  Error =4.188849942465822e-07
Completed 11 % :  mod = 3.378201687703105e-13,  Error =4.607736698858389e-07
Completed 12 % :  mod = 6.946427476196968e-13,  Error =5.026626368476173e-07
Completed 13 % :  mod = 1.4283505267626302e-12,  Error =5.445508080015315e-07
Completed 14 % :  mod = 2.9369517203757717e-12,  Error =5.864360872465113e-07
Completed 15 % :  mod = 6.0382496749408415e-12,  Error =6.28313259198876e-07
Completed 16 % :  mod = 1.2408618372984866e-11,  Error =6.70153795567785e-07
Completed 17 % :  mod = 2.5449669788188026e-11,  Error =7.118424178997884e-07
Completed 18 % :  mod = 5.176456095871089e-11,  Error =7.52903815737227e-07
Completed 19 % :  mod = 1.0166691262977602e-10,  Error =7.915814563830281e-07
Completed 20 % :  mod = 1.7326474926817433e-10,  Error =8.235564479264212e-07
Completed 21 % :  mod = 1.9021449576698117e-10,  Error =8.483119415814144e-07
Completed 22 % :  mod = 1.1992274612530494e-10,  Error =8.777413640359555e-07
Completed 23 % :  mod = 6.292845114182423e-11,  Error =9.150765194476662e-07
Completed 24 % :  mod = 3.1363503370357396e-11,  Error =9.55742734731757e-07
Completed 25 % :  mod = 1.5335593071679547e-11,  Error =9.973274543995103e-07
Completed 26 % :  mod = 8.018968447585065e-12,  Error =1.0391399953846303e-06
Completed 27 % :  mod = 4.844461629537298e-12,  Error =1.0810056991772399e-06
Completed 28 % :  mod = 4.2667143760278585e-12,  Error =1.1228832264009725e-06
Completed 28 % :  mod = 6.0978074401986816e-12,  Error =1.1647567745853848e-06
Completed 30 % :  mod = 1.1229144758981064e-11,  Error =1.206604508752207e-06
Completed 31 % :  mod = 2.2105983855153847e-11,  Error =1.248337966330837e-06
Completed 32 % :  mod = 4.535043472311507e-11,  Error =1.2895945786794982e-06
Completed 33 % :  mod = 8.956562001454624e-11,  Error =1.3290024583056947e-06
Completed 34 % :  mod = 1.584772176027465e-10,  Error =1.3626963379920198e-06
Completed 35 % :  mod = 1.9791229211522072e-10,  Error =1.3881921461234015e-06
Completed 36 % :  mod = 1.337734459602053e-10,  Error =1.4158716794554493e-06
Completed 37 % :  mod = 7.254060463075179e-11,  Error =1.4519853124284055e-06
Completed 38 % :  mod = 3.642318250704502e-11,  Error =1.4922560680474817e-06
Completed 39 % :  mod = 1.8022529237052036e-11,  Error =1.5337330836473484e-06
Completed 40 % :  mod = 1.0130657020867653e-11,  Error =1.575511262785767e-06
Completed 41 % :  mod = 7.280274665150861e-12,  Error =1.617359153271991e-06
Completed 42 % :  mod = 8.282680159977808e-12,  Error =1.659214930782582e-06
Completed 43 % :  mod = 1.4120882595548978e-11,  Error =1.7010352664215134e-06
Completed 44 % :  mod = 2.7403944885700312e-11,  Error =1.7426861376179659e-06
Completed 45 % :  mod = 5.386955163921038e-11,  Error =1.783648514219749e-06
Completed 46 % :  mod = 1.073995251081178e-10,  Error =1.822004641383046e-06
Completed 47 % :  mod = 1.7720172671557993e-10,  Error =1.8533932077957616e-06
Completed 48 % :  mod = 1.8565397481167248e-10,  Error =1.8779791659540024e-06
Completed 49 % :  mod = 1.1689197609861818e-10,  Error =1.9080620106137758e-06
Completed 50 % :  mod = 5.945645287907752e-11,  Error =1.945735220942879e-06
Completed 51 % :  mod = 3.0172575443062446e-11,  Error =1.9865016085418574e-06
Completed 52 % :  mod = 1.5190553383413133e-11,  Error =2.0281068913163836e-06
Completed 53 % :  mod = 8.36874191098596e-12,  Error =2.0699190983464177e-06
Completed 54 % :  mod = 6.372539071476417e-12,  Error =2.111778655944363e-06
Completed 55 % :  mod = 7.674325014102777e-12,  Error =2.1536404659627806e-06
Completed 56 % :  mod = 1.2916885778416633e-11,  Error =2.1954697118076183e-06
Completed 56 % :  mod = 2.5713881955002524e-11,  Error =2.237150553696665e-06
Completed 57 % :  mod = 5.1393442876097876e-11,  Error =2.278222964946508e-06
Completed 59 % :  mod = 9.956957488752905e-11,  Error =2.316967524507163e-06
Completed 60 % :  mod = 1.736935510113973e-10,  Error =2.3490932505865203e-06
Completed 61 % :  mod = 1.900167018557455e-10,  Error =2.3739382370990825e-06
Completed 62 % :  mod = 1.2084636220878458e-10,  Error =2.403174697462873e-06
Completed 63 % :  mod = 6.450162218151569e-11,  Error =2.440417560478636e-06
Completed 64 % :  mod = 3.159060491926955e-11,  Error =2.4810428129740103e-06
Completed 65 % :  mod = 1.596306727122674e-11,  Error =2.522613115729655e-06
Completed 66 % :  mod = 8.948489540292771e-12,  Error =2.5644159507010045e-06
Completed 67 % :  mod = 6.405137589049904e-12,  Error =2.606272332172921e-06
Completed 68 % :  mod = 7.476338332035056e-12,  Error =2.6481339432393725e-06
Completed 69 % :  mod = 1.2840282255240458e-11,  Error =2.689966223101692e-06
Completed 70 % :  mod = 2.4518337865559776e-11,  Error =2.73166233455413e-06
Completed 71 % :  mod = 4.9387512193076914e-11,  Error =2.77278579119411e-06
Completed 72 % :  mod = 9.843033748810695e-11,  Error =2.811721280693291e-06
Completed 73 % :  mod = 1.6696199272645945e-10,  Error =2.8443207185091524e-06
Completed 74 % :  mod = 1.9373228840117452e-10,  Error =2.8692325315660128e-06
Completed 75 % :  mod = 1.2545041655100325e-10,  Error =2.898060422751314e-06
Completed 76 % :  mod = 6.563378621510559e-11,  Error =2.9349671848422076e-06
Completed 77 % :  mod = 3.359086229419162e-11,  Error =2.975498610169325e-06
Completed 78 % :  mod = 1.6717086530640815e-11,  Error =3.0170396243534015e-06
Completed 79 % :  mod = 9.609182139890187e-12,  Error =3.0588319006596976e-06
Completed 80 % :  mod = 7.701666839736182e-12,  Error =3.100680515899512e-06
Completed 81 % :  mod = 9.648719245476397e-12,  Error =3.1425287261299673e-06
Completed 82 % :  mod = 1.6901177247344027e-11,  Error =3.18431904844374e-06
Completed 83 % :  mod = 3.3904870689322524e-11,  Error =3.225853674848622e-06
Completed 84 % :  mod = 6.610072962497115e-11,  Error =3.266358426401439e-06
Completed 85 % :  mod = 1.268181302229193e-10,  Error =3.303182403158189e-06
Completed 86 % :  mod = 1.9391023508977403e-10,  Error =3.3319015741994917e-06
Completed 87 % :  mod = 1.6592131661472133e-10,  Error =3.3568455393151453e-06
Completed 88 % :  mod = 9.789731180346162e-11,  Error =3.389568497880191e-06
Completed 89 % :  mod = 4.886843769234718e-11,  Error =3.4285470107420224e-06
Completed 90 % :  mod = 2.449918139425318e-11,  Error =3.4696790010002587e-06
Completed 91 % :  mod = 1.3100346068804487e-11,  Error =3.5113721637003437e-06
Completed 92 % :  mod = 8.12595693087739e-12,  Error =3.553199455552658e-06
Completed 93 % :  mod = 7.850166732022048e-12,  Error =3.595054501204231e-06
Completed 94 % :  mod = 1.202464956731398e-11,  Error =3.636890127722836e-06
Completed 95 % :  mod = 2.206329334509751e-11,  Error =3.678618639924025e-06
Completed 96 % :  mod = 4.409689658812319e-11,  Error =3.719891736864156e-06
Completed 97 % :  mod = 8.87153056146212e-11,  Error =3.759392299684805e-06
Completed 98 % :  mod = 1.5506014021708247e-10,  Error =3.7933846073201494e-06
Completed 99 % :  mod = 1.9804268873660058e-10,  Error =3.81901196533363e-06
Completed 100 % :  mod = 1.376691682465101e-10,  Error =3.84645461792843e-06
Finished 55/201 frames
Finished all frames!
