/opt/local/miniconda_23_9/lib/python3.11/site-packages/conda/base/context.py:201: FutureWarning: Adding 'defaults' to channel list implicitly is deprecated and will be removed in 25.3. 

To remove this warning, please choose a default channel explicitly with conda's regular configuration system, e.g. by adding 'defaults' to the list of channels:

  conda config --add channels defaults

For more information see https://docs.conda.io/projects/conda/en/stable/user-guide/configuration/use-condarc.html

  deprecated.topic(
JOB 13475 ARRAY_ID 121  -> i=121 ; range=[1.9e-10, 6.0e-10] ; intervals=200 (frames=201)
Density options: centers='2.0e-10,4.0e-10' width='5e-11,5e-11' strength=''
Completed 0 % :  mod = 3.14693048843372e-16,  Error =-1.4210854715202004e-14
Completed 1 % :  mod = 4.794795944839506e-16,  Error =1.1753190420904502e-07
Completed 2 % :  mod = 1.1464175974558934e-15,  Error =2.3506488133762105e-07
Completed 3 % :  mod = 3.0139807586883207e-15,  Error =3.52598036101881e-07
Completed 4 % :  mod = 8.038038713655421e-15,  Error =4.7013109139015796e-07
Completed 5 % :  mod = 2.148020859286705e-14,  Error =5.876635640333916e-07
Completed 6 % :  mod = 5.741826412476021e-14,  Error =7.051960935200441e-07
Completed 7 % :  mod = 1.5348956390622495e-13,  Error =8.227285803741324e-07
Completed 8 % :  mod = 4.1030799672772373e-13,  Error =9.40260932225101e-07
Completed 9 % :  mod = 1.0968339714956107e-12,  Error =1.0577933053923516e-06
Completed 10 % :  mod = 2.9320264296577498e-12,  Error =1.1753224384847272e-06
Completed 11 % :  mod = 7.837300211035915e-12,  Error =1.292828926580114e-06
Completed 12 % :  mod = 2.093928617648694e-11,  Error =1.4101744625349966e-06
Completed 13 % :  mod = 5.575568466548075e-11,  Error =1.526385119632323e-06
Completed 14 % :  mod = 1.4467620088404503e-10,  Error =1.635268553457081e-06
Completed 15 % :  mod = 3.0013636850031506e-10,  Error =1.714865071278382e-06
Completed 16 % :  mod = 2.05486212133197e-10,  Error =1.7793890094708331e-06
Completed 17 % :  mod = 9.183697517413241e-11,  Error =1.8794621681195167e-06
Completed 18 % :  mod = 3.8138217870132724e-11,  Error =1.9934194313009357e-06
Completed 19 % :  mod = 3.428108252701926e-11,  Error =2.1097576237139037e-06
Completed 20 % :  mod = 7.048533966045751e-11,  Error =2.2250596245498855e-06
Completed 21 % :  mod = 1.5213614880626006e-10,  Error =2.332079766631523e-06
Completed 22 % :  mod = 3.055139661618851e-10,  Error =2.4071060664709876e-06
Completed 23 % :  mod = 1.9588692976383622e-10,  Error =2.475562581594204e-06
Completed 24 % :  mod = 7.704323028859762e-11,  Error =2.578256903973397e-06
Completed 25 % :  mod = 3.097604264624267e-11,  Error =2.6931374392802354e-06
Completed 26 % :  mod = 2.2170454180960703e-11,  Error =2.8100509794626305e-06
Completed 27 % :  mod = 3.43403182650723e-11,  Error =2.9269450863012025e-06
Completed 28 % :  mod = 7.46310432563382e-11,  Error =3.0417643017699447e-06
Completed 28 % :  mod = 1.9910750405551628e-10,  Error =3.1436638039394893e-06
Completed 30 % :  mod = 3.156406222301656e-10,  Error =3.2121652253636057e-06
Completed 31 % :  mod = 1.4310197629223816e-10,  Error =3.2869495925069714e-06
Completed 32 % :  mod = 7.918644886574132e-11,  Error =3.393357410175213e-06
Completed 33 % :  mod = 5.603806302226069e-11,  Error =3.5075047151167382e-06
Completed 34 % :  mod = 7.814552419262644e-11,  Error =3.6208721709840574e-06
Completed 35 % :  mod = 2.0463377588087674e-10,  Error =3.7211432228900776e-06
Completed 36 % :  mod = 3.195095916485963e-10,  Error =3.790486225341283e-06
Completed 37 % :  mod = 1.413669743296137e-10,  Error =3.864336264314261e-06
Completed 38 % :  mod = 9.614266098502342e-11,  Error =3.968544902477333e-06
Completed 39 % :  mod = 1.0192788583132341e-10,  Error =4.0791252118310695e-06
Completed 40 % :  mod = 1.5308775985192742e-10,  Error =4.182241674755005e-06
Completed 41 % :  mod = 3.063028497914514e-10,  Error =4.253423355748964e-06
Completed 42 % :  mod = 2.011372750629788e-10,  Error =4.325337052080158e-06
Completed 43 % :  mod = 7.689642820106356e-11,  Error =4.427450335242611e-06
Completed 44 % :  mod = 5.122604457027078e-11,  Error =4.541058714835344e-06
Completed 45 % :  mod = 8.49379746332127e-11,  Error =4.654828366312813e-06
Completed 46 % :  mod = 1.6603336185706584e-10,  Error =4.759246323260413e-06
Completed 47 % :  mod = 3.0410140066198297e-10,  Error =4.8300109227739085e-06
Completed 48 % :  mod = 1.8775069740916808e-10,  Error =4.902139963292029e-06
Completed 49 % :  mod = 6.929528917912836e-11,  Error =5.00660166835587e-06
Completed 50 % :  mod = 2.845709022153374e-11,  Error =5.121753474668367e-06
Completed 51 % :  mod = 2.913038298284381e-11,  Error =5.2385224336148895e-06
Completed 52 % :  mod = 5.395602990576002e-11,  Error =5.3547422211863704e-06
Completed 53 % :  mod = 1.1709092481891253e-10,  Error =5.4657318457884685e-06
Completed 54 % :  mod = 2.8511982079364595e-10,  Error =5.5521774342537356e-06
Completed 55 % :  mod = 2.4130856205327876e-10,  Error =5.614028268041693e-06
Completed 56 % :  mod = 9.690560112801635e-11,  Error =5.708643577406747e-06
Completed 56 % :  mod = 4.2016301901478626e-11,  Error =5.821905517677806e-06
Completed 57 % :  mod = 2.0450089649041178e-11,  Error =5.938707239749874e-06
Completed 59 % :  mod = 1.4317776141204762e-11,  Error =6.055982069597121e-06
Completed 60 % :  mod = 2.962263418752976e-11,  Error =6.173014398314081e-06
Completed 61 % :  mod = 8.365771073115221e-11,  Error =6.287865417675675e-06
Completed 62 % :  mod = 1.9366740293395877e-10,  Error =6.389930732098037e-06
Completed 63 % :  mod = 3.131040029941366e-10,  Error =6.457100774071023e-06
Completed 64 % :  mod = 1.4684923806245059e-10,  Error =6.53322383215027e-06
Completed 65 % :  mod = 6.221446129328887e-11,  Error =6.640744558694678e-06
Completed 66 % :  mod = 3.382160086970089e-11,  Error =6.756340972913222e-06
Completed 67 % :  mod = 3.2055072437862515e-11,  Error =6.8730728983723566e-06
Completed 68 % :  mod = 5.976171253062888e-11,  Error =6.988709856159403e-06
Completed 69 % :  mod = 1.553197597494438e-10,  Error =7.096468550571444e-06
Completed 70 % :  mod = 2.9463817794043224e-10,  Error =7.1741127385394066e-06
Completed 71 % :  mod = 1.9901678716202115e-10,  Error =7.240422426946225e-06
Completed 72 % :  mod = 9.686452619168086e-11,  Error =7.341400532823172e-06
Completed 73 % :  mod = 4.6281448582273555e-11,  Error =7.454823368391317e-06
Completed 74 % :  mod = 5.878802991435752e-11,  Error =7.569537586959996e-06
Completed 75 % :  mod = 1.5654655324966339e-10,  Error =7.677936643801786e-06
Completed 76 % :  mod = 2.6919787677282725e-10,  Error =7.760659990196928e-06
Completed 77 % :  mod = 2.2121343243217061e-10,  Error =7.823165709908153e-06
Completed 78 % :  mod = 1.2474842983418177e-10,  Error =7.919180255555602e-06
Completed 79 % :  mod = 6.879157502459375e-11,  Error =8.029258715680498e-06
Completed 80 % :  mod = 1.0978437873464132e-10,  Error =8.138364016474497e-06
Completed 81 % :  mod = 2.8325736926943934e-10,  Error =8.228191489934034e-06
Completed 82 % :  mod = 2.4911438680958e-10,  Error =8.29186848250174e-06
Completed 83 % :  mod = 1.1612635140960527e-10,  Error =8.38007584746947e-06
Completed 84 % :  mod = 6.917608635292161e-11,  Error =8.490666324689755e-06
Completed 85 % :  mod = 6.019560933495562e-11,  Error =8.604971917236526e-06
Completed 86 % :  mod = 1.1086549057942463e-10,  Error =8.715185501273481e-06
Completed 87 % :  mod = 2.9033512255592267e-10,  Error =8.802134566110453e-06
Completed 88 % :  mod = 2.475170641172242e-10,  Error =8.86541950251285e-06
Completed 89 % :  mod = 1.0027843424066345e-10,  Error =8.957998502978626e-06
Completed 90 % :  mod = 4.9165583166089117e-11,  Error =9.070602210670131e-06
Completed 91 % :  mod = 3.310796884467752e-11,  Error =9.18675652883394e-06
Completed 92 % :  mod = 5.324876999463811e-11,  Error =9.30254244480011e-06
Completed 93 % :  mod = 1.4029718942952819e-10,  Error =9.412081539039718e-06
Completed 94 % :  mod = 2.888463200738597e-10,  Error =9.495921567292953e-06
Completed 95 % :  mod = 2.1904983305528698e-10,  Error =9.557380046487651e-06
Completed 96 % :  mod = 1.0708618308013153e-10,  Error =9.653875302717552e-06
Completed 97 % :  mod = 4.6192297716487405e-11,  Error =9.766574876834966e-06
Completed 98 % :  mod = 4.7196403058142965e-11,  Error =9.882081876355642e-06
Completed 99 % :  mod = 1.0645120553634367e-10,  Error =9.994860299400443e-06
Completed 100 % :  mod = 2.1906250196832676e-10,  Error =1.0091752528751385e-05
Finished 122/201 frames
Finished all frames!
