/opt/local/miniconda_23_9/lib/python3.11/site-packages/conda/base/context.py:201: FutureWarning: Adding 'defaults' to channel list implicitly is deprecated and will be removed in 25.3. 

To remove this warning, please choose a default channel explicitly with conda's regular configuration system, e.g. by adding 'defaults' to the list of channels:

  conda config --add channels defaults

For more information see https://docs.conda.io/projects/conda/en/stable/user-guide/configuration/use-condarc.html

  deprecated.topic(
JOB 14000 ARRAY_ID 129  -> i=129 ; range=[1.9e-10, 5.0e-10] ; intervals=200 (frames=201)
Analytic t0 extension enabled (--extend-time-using-t0).
Density options: centers='2.0e-10,4.0e-10' width='2.0e-11,5.0e-11' strength='7.0'
Completed 0 % :  mod = 3.217976166842159e-16,  Error =-1.4210854715202004e-14
Completed 1 % :  mod = 4.986862392368947e-16,  Error =1.2851104713718087e-07
Completed 2 % :  mod = 1.2238195772604347e-15,  Error =2.570222719100457e-07
Completed 3 % :  mod = 3.2943933279500665e-15,  Error =3.8553385195427836e-07
Completed 4 % :  mod = 8.986750922681287e-15,  Error =5.140447143503479e-07
Completed 5 % :  mod = 2.455894556869031e-14,  Error =6.425559817557769e-07
Completed 6 % :  mod = 6.71307067713594e-14,  Error =7.710669294169747e-07
Completed 7 % :  mod = 1.8350449054079867e-13,  Error =8.995780262921471e-07
Completed 8 % :  mod = 5.016189593381621e-13,  Error =1.0280892084324478e-06
Completed 9 % :  mod = 1.3711995755525722e-12,  Error =1.1565992821260807e-06
Completed 10 % :  mod = 3.748190641568743e-12,  Error =1.2851043749151358e-06
Completed 11 % :  mod = 1.0244708844452931e-11,  Error =1.4135682988580811e-06
Completed 12 % :  mod = 2.798045765971282e-11,  Error =1.5417358127933767e-06
Completed 13 % :  mod = 7.598775977404756e-11,  Error =1.6677343097626363e-06
Completed 14 % :  mod = 1.966498943379606e-10,  Error =1.7801761416080808e-06
Completed 15 % :  mod = 3.2817667853621136e-10,  Error =1.8539382296012263e-06
Completed 16 % :  mod = 1.4551718477355e-10,  Error =1.9367591121977057e-06
Completed 17 % :  mod = 6.890464868459182e-11,  Error =2.054492384218065e-06
Completed 18 % :  mod = 3.9110971192169675e-11,  Error =2.1806269501212228e-06
Completed 19 % :  mod = 4.79952239306188e-11,  Error =2.307389870281895e-06
Completed 20 % :  mod = 1.2079430307917857e-10,  Error =2.429245363089194e-06
Completed 21 % :  mod = 2.834040498514625e-10,  Error =2.526684475867569e-06
Completed 22 % :  mod = 2.504549965800554e-10,  Error =2.5925095741285986e-06
Completed 23 % :  mod = 1.1041623842151245e-10,  Error =2.6945799191935293e-06
Completed 24 % :  mod = 3.977989481834058e-11,  Error =2.818073340904448e-06
Completed 25 % :  mod = 2.200125213030628e-11,  Error =2.9456700545438252e-06
Completed 26 % :  mod = 2.799207666162435e-11,  Error =3.0736610199255665e-06
Completed 27 % :  mod = 5.879826247855628e-11,  Error =3.2004801084895007e-06
Completed 28 % :  mod = 1.5008559993155317e-10,  Error =3.3188027970254552e-06
Completed 28 % :  mod = 3.2688208306639345e-10,  Error =3.4035215890071413e-06
Completed 30 % :  mod = 1.9144469884558566e-10,  Error =3.4750821029660983e-06
Completed 31 % :  mod = 8.822003253672912e-11,  Error =3.586586402093417e-06
Completed 32 % :  mod = 3.7719159104975306e-11,  Error =3.71177875280182e-06
Completed 33 % :  mod = 3.345302057856314e-11,  Error =3.839083852597014e-06
Completed 34 % :  mod = 7.585534402891832e-11,  Error =3.964905793907292e-06
Completed 35 % :  mod = 1.815553837928442e-10,  Error =4.079725897554454e-06
Completed 36 % :  mod = 3.1358342035498167e-10,  Error =4.157106488378304e-06
Completed 37 % :  mod = 1.7075937697235731e-10,  Error =4.236457449735553e-06
Completed 38 % :  mod = 7.270832541816744e-11,  Error =4.3524661847982316e-06
Completed 39 % :  mod = 3.354953813290588e-11,  Error =4.478473712765663e-06
Completed 40 % :  mod = 3.93055054927708e-11,  Error =4.605739611918125e-06
Completed 41 % :  mod = 9.398659911226093e-11,  Error =4.730502112693102e-06
Completed 42 % :  mod = 2.0535357624915648e-10,  Error =4.839957263413908e-06
Completed 43 % :  mod = 3.181305324038727e-10,  Error =4.909317716794703e-06
Completed 44 % :  mod = 1.4194115523727097e-10,  Error =4.997298439946007e-06
Completed 45 % :  mod = 5.521780546135749e-11,  Error =5.116742372024419e-06
Completed 46 % :  mod = 2.8152850835474266e-11,  Error =5.243702084101187e-06
Completed 47 % :  mod = 2.519252197344144e-11,  Error =5.37161939462294e-06
Completed 48 % :  mod = 4.948619444444597e-11,  Error =5.498763798073014e-06
Completed 49 % :  mod = 1.3965091312124563e-10,  Error =5.619390741173902e-06
Completed 50 % :  mod = 2.934750649814806e-10,  Error =5.711541803066211e-06
Completed 51 % :  mod = 2.2635502519083987e-10,  Error =5.778636264608394e-06
Completed 52 % :  mod = 1.0848087307439766e-10,  Error =5.8849299762187e-06
Completed 53 % :  mod = 4.8859177584162816e-11,  Error =6.008180641003946e-06
Completed 54 % :  mod = 5.854480210340053e-11,  Error =6.1337978110032054e-06
Completed 55 % :  mod = 1.5019376227495831e-10,  Error =6.253408137979477e-06
Completed 56 % :  mod = 2.762351109079858e-10,  Error =6.346469447748859e-06
Completed 56 % :  mod = 2.3013355523022135e-10,  Error =6.412840583891466e-06
Completed 57 % :  mod = 1.28029355734423e-10,  Error =6.5168673160087565e-06
Completed 59 % :  mod = 7.215809129901018e-11,  Error =6.637328702652212e-06
Completed 60 % :  mod = 1.0729212179640187e-10,  Error =6.757255796685513e-06
Completed 61 % :  mod = 2.891623500916145e-10,  Error =6.855897751734119e-06
Completed 62 % :  mod = 2.6356004311499907e-10,  Error =6.925605333663043e-06
Completed 63 % :  mod = 1.0845268228147933e-10,  Error =7.022781836951708e-06
Completed 64 % :  mod = 7.044479403156256e-11,  Error =7.144210776743876e-06
Completed 65 % :  mod = 6.953993797569144e-11,  Error =7.269108962759674e-06
Completed 66 % :  mod = 1.2088176424336818e-10,  Error =7.38837339042675e-06
Completed 67 % :  mod = 3.1882189970125434e-10,  Error =7.477762551388878e-06
Completed 68 % :  mod = 2.287806822333267e-10,  Error =7.548362454201651e-06
Completed 69 % :  mod = 8.685209851195193e-11,  Error =7.655453543975455e-06
Completed 70 % :  mod = 4.305070346824825e-11,  Error =7.780187267769634e-06
Completed 71 % :  mod = 2.6570348614422068e-11,  Error =7.907718739375014e-06
Completed 72 % :  mod = 4.22133595207641e-11,  Error =8.034991203942354e-06
Completed 73 % :  mod = 1.1858193526793895e-10,  Error =8.157478454506872e-06
Completed 74 % :  mod = 2.7689462380507524e-10,  Error =8.255805418855289e-06
Completed 75 % :  mod = 2.6006531753878545e-10,  Error =8.321829227497801e-06
Completed 76 % :  mod = 1.1046462079986375e-10,  Error =8.423205549945578e-06
Completed 77 % :  mod = 3.704338014548708e-11,  Error =8.546593747382758e-06
Completed 78 % :  mod = 2.1997198413963235e-11,  Error =8.674182687684606e-06
Completed 79 % :  mod = 2.975882292916486e-11,  Error =8.802198074420176e-06
Completed 80 % :  mod = 5.399207097261308e-11,  Error =8.929188432205137e-06
Completed 81 % :  mod = 1.436755203301024e-10,  Error =9.048460199778674e-06
Completed 82 % :  mod = 3.1795446924318555e-10,  Error =9.1361223510944e-06
Completed 83 % :  mod = 2.007699447986512e-10,  Error =9.205632522935048e-06
Completed 84 % :  mod = 9.903820789049421e-11,  Error =9.315248362895545e-06
Completed 85 % :  mod = 4.51252419790468e-11,  Error =9.439665987542867e-06
Completed 86 % :  mod = 4.2793683310026985e-11,  Error =9.56624877090917e-06
Completed 87 % :  mod = 1.1182467992374118e-10,  Error =9.689327484352361e-06
Completed 88 % :  mod = 2.4494154435113196e-10,  Error =9.792739490421809e-06
Completed 89 % :  mod = 2.812307855927102e-10,  Error =9.858457296729739e-06
Completed 90 % :  mod = 1.3301842537824088e-10,  Error =9.954162820235979e-06
Completed 91 % :  mod = 4.743630473602565e-11,  Error =1.0075586139635107e-05
Completed 92 % :  mod = 2.974174317447108e-11,  Error =1.020250017802482e-05
Completed 93 % :  mod = 5.537180098103635e-11,  Error =1.032945243650829e-05
Completed 94 % :  mod = 1.1642559727091053e-10,  Error =1.0451497956864841e-05
Completed 95 % :  mod = 2.7627514984445355e-10,  Error =1.0547326390053513e-05
Completed 96 % :  mod = 2.7070499674387564e-10,  Error =1.0615810047909235e-05
Completed 97 % :  mod = 9.739626103112849e-11,  Error =1.0718141318477592e-05
Completed 98 % :  mod = 4.90408652795523e-11,  Error =1.0840893764907378e-05
Completed 99 % :  mod = 6.64450934612786e-11,  Error =1.0966673244183767e-05
Completed 100 % :  mod = 1.2319706522018432e-10,  Error =1.108807573757531e-05
Finished 130/201 frames
Finished all frames!
