/opt/local/miniconda_23_9/lib/python3.11/site-packages/conda/base/context.py:201: FutureWarning: Adding 'defaults' to channel list implicitly is deprecated and will be removed in 25.3. 

To remove this warning, please choose a default channel explicitly with conda's regular configuration system, e.g. by adding 'defaults' to the list of channels:

  conda config --add channels defaults

For more information see https://docs.conda.io/projects/conda/en/stable/user-guide/configuration/use-condarc.html

  deprecated.topic(
JOB 14065 ARRAY_ID 194  -> i=194 ; range=[1.9e-10, 5.0e-10] ; intervals=200 (frames=201)
Analytic t0 extension enabled (--extend-time-using-t0).
Density options: centers='2.0e-10,4.0e-10' width='2.0e-11,5.0e-11' strength='7.0'
Completed 0 % :  mod = 3.85607235933303e-16,  Error =-1.4210854715202004e-14
Completed 1 % :  mod = 6.9095429735819e-16,  Error =2.6496567784306535e-07
Completed 2 % :  mod = 2.090579915652433e-15,  Error =5.299322722862598e-07
Completed 3 % :  mod = 6.801100076488519e-15,  Error =7.948991154194118e-07
Completed 4 % :  mod = 2.2282662781647834e-14,  Error =1.0598665554084619e-06
Completed 5 % :  mod = 7.305373874441095e-14,  Error =1.3248324961523394e-06
Completed 6 % :  mod = 2.3952152838981023e-13,  Error =1.5897993037583547e-06
Completed 7 % :  mod = 7.85324428234266e-13,  Error =1.854765201869668e-06
Completed 8 % :  mod = 2.5748587295850588e-12,  Error =2.119727973592944e-06
Completed 9 % :  mod = 8.442138822866819e-12,  Error =2.3846535484040032e-06
Completed 10 % :  mod = 2.7675434076837365e-11,  Error =2.6491916855775344e-06
Completed 11 % :  mod = 9.057975023461058e-11,  Error =2.909650817173315e-06
Completed 12 % :  mod = 2.85567080923254e-10,  Error =3.1352221583347273e-06
Completed 13 % :  mod = 3.893212280412893e-10,  Error =3.269966228458543e-06
Completed 14 % :  mod = 1.21906322744541e-10,  Error =3.4737576726229236e-06
Completed 15 % :  mod = 6.898859222218133e-11,  Error =3.7253816245197413e-06
Completed 16 % :  mod = 1.7072600666289202e-10,  Error =3.973122247202809e-06
Completed 17 % :  mod = 4.0557655279345975e-10,  Error =4.163704346638042e-06
Completed 18 % :  mod = 2.1414112878467534e-10,  Error =4.297943895892331e-06
Completed 19 % :  mod = 1.3963657202908973e-10,  Error =4.525215722139819e-06
Completed 20 % :  mod = 1.4467749077755013e-10,  Error =4.771912642809184e-06
Completed 21 % :  mod = 2.603324017235337e-10,  Error =4.984873775981669e-06
Completed 22 % :  mod = 3.459664649870949e-10,  Error =5.114972623232461e-06
Completed 23 % :  mod = 1.9306878834986486e-10,  Error =5.316192435600442e-06
Completed 24 % :  mod = 1.5858280571707467e-10,  Error =5.5472106623710715e-06
Completed 25 % :  mod = 3.137210003239822e-10,  Error =5.732995006724195e-06
Completed 26 % :  mod = 3.3717382213505257e-10,  Error =5.8861224232487075e-06
Completed 27 % :  mod = 1.705760820070649e-10,  Error =6.098470194615402e-06
Completed 28 % :  mod = 1.8766314554111054e-10,  Error =6.314530345719049e-06
Completed 28 % :  mod = 4.0760202853111817e-10,  Error =6.455346948541774e-06
Completed 30 % :  mod = 2.00664324200357e-10,  Error =6.636608382848408e-06
Completed 31 % :  mod = 1.44122192175596e-10,  Error =6.870580079976207e-06
Completed 32 % :  mod = 2.0613717164078128e-10,  Error =7.097557173096902e-06
Completed 33 % :  mod = 4.751354261379005e-10,  Error =7.246388115333957e-06
Completed 34 % :  mod = 1.7175040580318596e-10,  Error =7.414893211432627e-06
Completed 35 % :  mod = 1.348951167683623e-10,  Error =7.64376898843011e-06
Completed 36 % :  mod = 3.3800651736906227e-10,  Error =7.857569933378272e-06
Completed 37 % :  mod = 3.7144350652857447e-10,  Error =8.007396374409836e-06
Completed 38 % :  mod = 1.9008507024680595e-10,  Error =8.187320759134309e-06
Completed 39 % :  mod = 1.8253642316033002e-10,  Error =8.407468641280502e-06
Completed 40 % :  mod = 4.3137073535110156e-10,  Error =8.575284716982878e-06
Completed 41 % :  mod = 2.552126091115063e-10,  Error =8.72650740291192e-06
Completed 42 % :  mod = 1.3630276006372695e-10,  Error =8.946327483272398e-06
Completed 43 % :  mod = 2.4327867281034e-10,  Error =9.174300117820167e-06
Completed 44 % :  mod = 4.172520033722367e-10,  Error =9.336207106969141e-06
Completed 45 % :  mod = 2.2841351196811824e-10,  Error =9.488454651318534e-06
Completed 46 % :  mod = 1.555660465996739e-10,  Error =9.711599730621856e-06
Completed 47 % :  mod = 2.650533667185673e-10,  Error =9.923288224911175e-06
Completed 48 % :  mod = 4.287747101243713e-10,  Error =1.0072988956721929e-05
Completed 49 % :  mod = 1.7378798194390678e-10,  Error =1.025211226135525e-05
Completed 50 % :  mod = 2.102506279814205e-10,  Error =1.0471639065201543e-05
Completed 51 % :  mod = 4.2264742321442455e-10,  Error =1.0643541216381891e-05
Completed 52 % :  mod = 2.748343817492539e-10,  Error =1.0790982571506902e-05
Completed 53 % :  mod = 1.3130498866371676e-10,  Error =1.1009451689858452e-05
Completed 54 % :  mod = 1.8083931885209545e-10,  Error =1.1237081686488182e-05
Completed 55 % :  mod = 4.682046758197687e-10,  Error =1.1408641064747371e-05
Completed 56 % :  mod = 1.9058457586124576e-10,  Error =1.155483693082715e-05
Completed 56 % :  mod = 1.8186517550609797e-10,  Error =1.1772436550927523e-05
Completed 57 % :  mod = 3.4464277746046736e-10,  Error =1.1978596234030192e-05
Completed 59 % :  mod = 3.5208262777270755e-10,  Error =1.2131789198122078e-05
Completed 60 % :  mod = 1.4116779668927387e-10,  Error =1.2319674588923135e-05
Completed 61 % :  mod = 1.768162005854514e-10,  Error =1.2543833278755301e-05
Completed 62 % :  mod = 4.4808590313853685e-10,  Error =1.2727005689328053e-05
Completed 63 % :  mod = 2.0360347603918728e-10,  Error =1.286570272895915e-05
Completed 64 % :  mod = 1.4184776997796874e-10,  Error =1.3083218092901916e-05
Completed 65 % :  mod = 2.3967418285427787e-10,  Error =1.331694045347831e-05
Completed 66 % :  mod = 3.3610809064768817e-10,  Error =1.3505121764012529e-05
Completed 67 % :  mod = 2.1290674182914655e-10,  Error =1.3642264953261929e-05
Completed 68 % :  mod = 2.1947296818325522e-10,  Error =1.3851903204908922e-05
Completed 69 % :  mod = 3.0828997415543595e-10,  Error =1.4060301403162612e-05
Completed 70 % :  mod = 3.0203938176018074e-10,  Error =1.4207002635657773e-05
Completed 71 % :  mod = 1.5736809953784443e-10,  Error =1.4398507680368766e-05
Completed 72 % :  mod = 1.808793419650286e-10,  Error =1.4634601832597127e-05
Completed 73 % :  mod = 2.9510243472866546e-10,  Error =1.4844599675711834e-05
Completed 74 % :  mod = 2.935915906090887e-10,  Error =1.4972397679002825e-05
Completed 75 % :  mod = 1.8754168498088873e-10,  Error =1.5178847931451855e-05
Completed 76 % :  mod = 1.0767086528853831e-10,  Error =1.5425016400172353e-05
Completed 77 % :  mod = 1.727683711454427e-10,  Error =1.565852215179575e-05
Completed 78 % :  mod = 4.77605307588153e-10,  Error =1.5805358799525493e-05
Completed 79 % :  mod = 1.5502870048932948e-10,  Error =1.5979051518399956e-05
Completed 80 % :  mod = 8.783899425175191e-11,  Error =1.6221562297857872e-05
Completed 81 % :  mod = 1.652357887644003e-10,  Error =1.6471009757879074e-05
Completed 82 % :  mod = 3.4495222976609704e-10,  Error =1.667553915751796e-05
Completed 83 % :  mod = 2.9283835336419203e-10,  Error =1.6804761301614235e-05
Completed 84 % :  mod = 1.0540079821091537e-10,  Error =1.702549183590918e-05
Completed 85 % :  mod = 6.429025362540965e-11,  Error =1.728004649947934e-05
Completed 86 % :  mod = 1.484633849040275e-10,  Error =1.7529603447030695e-05
Completed 87 % :  mod = 4.126597681317158e-10,  Error =1.771396282634896e-05
Completed 88 % :  mod = 2.5085342501901985e-10,  Error =1.785929352848825e-05
Completed 89 % :  mod = 9.309942058833151e-11,  Error =1.8094750814157123e-05
Completed 90 % :  mod = 5.522946405421763e-11,  Error =1.8353622294853267e-05
Completed 91 % :  mod = 1.0435641795302765e-10,  Error =1.8609097978128375e-05
Completed 92 % :  mod = 3.6576772735329717e-10,  Error =1.8818939253151257e-05
Completed 93 % :  mod = 3.059838421121313e-10,  Error =1.8952124953841576e-05
Completed 94 % :  mod = 1.3265757119254108e-10,  Error =1.9171040797516525e-05
Completed 95 % :  mod = 6.489572687106986e-11,  Error =1.9426078189610507e-05
Completed 96 % :  mod = 1.2460026983213406e-10,  Error =1.967637913935505e-05
Completed 97 % :  mod = 4.217836797576518e-10,  Error =1.98702096128045e-05
Completed 98 % :  mod = 2.2312942110164672e-10,  Error =2.0004774242465828e-05
Completed 99 % :  mod = 1.207284476601852e-10,  Error =2.0234427893228712e-05
Completed 100 % :  mod = 9.930783208064937e-11,  Error =2.0489333465434356e-05
Finished 195/201 frames
Finished all frames!
