/opt/local/miniconda_23_9/lib/python3.11/site-packages/conda/base/context.py:201: FutureWarning: Adding 'defaults' to channel list implicitly is deprecated and will be removed in 25.3. 

To remove this warning, please choose a default channel explicitly with conda's regular configuration system, e.g. by adding 'defaults' to the list of channels:

  conda config --add channels defaults

For more information see https://docs.conda.io/projects/conda/en/stable/user-guide/configuration/use-condarc.html

  deprecated.topic(
JOB 13908 ARRAY_ID 37  -> i=37 ; range=[1.9e-10, 5.0e-10] ; intervals=200 (frames=201)
Analytic t0 extension enabled (--extend-time-using-t0).
Density options: centers='2.0e-10,4.0e-10' width='2.0e-11,5.0e-11' strength='7.0'
Extending simulation time for p0=2.304e-10 from 10000000000.0 to 1.060e+10
Completed 0 % :  mod = 1.8429157300033562e-16,  Error =-1.4210854715202004e-14
Completed 1 % :  mod = 2.0024746179394988e-16,  Error =1.4659057967492117e-08
Completed 2 % :  mod = 2.508714075580572e-16,  Error =2.931703591002588e-08
Completed 3 % :  mod = 3.449277293191778e-16,  Error =4.397528385879923e-08
Completed 4 % :  mod = 4.987000346449582e-16,  Error =5.863206098410956e-08
Completed 5 % :  mod = 7.388103154850444e-16,  Error =7.329041551429327e-08
Completed 6 % :  mod = 1.106827919806973e-15,  Error =8.794896189101564e-08
Completed 7 % :  mod = 1.6664662919658772e-15,  Error =1.0260658456218152e-07
Completed 8 % :  mod = 2.514613409836063e-15,  Error =1.172639727542446e-07
Completed 9 % :  mod = 3.7981056589155976e-15,  Error =1.31920671719854e-07
Completed 10 % :  mod = 5.739148998270796e-15,  Error =1.4657843649956703e-07
Completed 11 % :  mod = 8.67378863118965e-15,  Error =1.6123588153504897e-07
Completed 12 % :  mod = 1.3110087152247476e-14,  Error =1.758940015861299e-07
Completed 13 % :  mod = 1.9816083417145926e-14,  Error =1.9055208611007401e-07
Completed 14 % :  mod = 2.9952759990615404e-14,  Error =2.0521002142004363e-07
Completed 15 % :  mod = 4.527503907415939e-14,  Error =2.1986768672377366e-07
Completed 16 % :  mod = 6.843560399243362e-14,  Error =2.3452473385532357e-07
Completed 17 % :  mod = 1.0344414320360397e-13,  Error =2.491830670692252e-07
Completed 18 % :  mod = 1.563615160008905e-13,  Error =2.6384041262872415e-07
Completed 19 % :  mod = 2.363489903247492e-13,  Error =2.784975734471118e-07
Completed 20 % :  mod = 3.572541071868043e-13,  Error =2.931542866235759e-07
Completed 21 % :  mod = 5.400073954384898e-13,  Error =3.078113053334164e-07
Completed 22 % :  mod = 8.162437274282007e-13,  Error =3.224687006309068e-07
Completed 23 % :  mod = 1.2337713199667904e-12,  Error =3.3712564828647373e-07
Completed 24 % :  mod = 1.864821578491183e-12,  Error =3.517818853993049e-07
Completed 25 % :  mod = 2.8184610019952177e-12,  Error =3.6643741907482763e-07
Completed 26 % :  mod = 4.259317475550302e-12,  Error =3.810923132618882e-07
Completed 27 % :  mod = 6.434364643941711e-12,  Error =3.957394554277016e-07
Completed 28 % :  mod = 9.712688669216786e-12,  Error =4.103749589035033e-07
Completed 29 % :  mod = 1.4635817594563488e-11,  Error =4.249810814371813e-07
Completed 30 % :  mod = 2.196730102530939e-11,  Error =4.395222603648108e-07
Completed 31 % :  mod = 3.2678632398269185e-11,  Error =4.5391964675900454e-07
Completed 32 % :  mod = 4.7661611854808134e-11,  Error =4.6801579145494543e-07
Completed 33 % :  mod = 6.66447978780446e-11,  Error =4.815416190240285e-07
Completed 34 % :  mod = 8.578433836253666e-11,  Error =4.941965485727451e-07
Completed 35 % :  mod = 9.619298349756581e-11,  Error =5.060090018105257e-07
Completed 36 % :  mod = 9.062651846199086e-11,  Error =5.176685604624254e-07
Completed 37 % :  mod = 7.318062090664663e-11,  Error =5.300164716004474e-07
Completed 38 % :  mod = 5.3468869549589666e-11,  Error =5.432864895738021e-07
Completed 39 % :  mod = 3.704584818271016e-11,  Error =5.57232539222241e-07
Completed 40 % :  mod = 2.5023218674416707e-11,  Error =5.715555246865733e-07
Completed 41 % :  mod = 1.670760203516183e-11,  Error =5.860608496277564e-07
Completed 42 % :  mod = 1.1098107930960364e-11,  Error =6.006517736523165e-07
Completed 43 % :  mod = 7.35528956465254e-12,  Error =6.152793545766144e-07
Completed 44 % :  mod = 4.869800348346377e-12,  Error =6.299236048334933e-07
Completed 45 % :  mod = 3.222810217294372e-12,  Error =6.44575699482175e-07
Completed 46 % :  mod = 2.1324555069715e-12,  Error =6.592315671127835e-07
Completed 47 % :  mod = 1.4108627819838175e-12,  Error =6.738876763279222e-07
Completed 48 % :  mod = 9.334232260417675e-13,  Error =6.885457821681484e-07
Completed 49 % :  mod = 6.175601234072117e-13,  Error =7.032026374531597e-07
Completed 50 % :  mod = 4.085940488574789e-13,  Error =7.178604946034284e-07
Completed 51 % :  mod = 2.703545675436887e-13,  Error =7.325200641616902e-07
Completed 52 % :  mod = 1.78938761544594e-13,  Error =7.4717824105619e-07
Completed 53 % :  mod = 1.1849912948404982e-13,  Error =7.618359418870568e-07
Completed 54 % :  mod = 7.857489040257488e-14,  Error =7.764937635101887e-07
Completed 55 % :  mod = 5.225501698065317e-14,  Error =7.911506969549009e-07
Completed 56 % :  mod = 3.4981158640366965e-14,  Error =8.058080993578187e-07
Completed 57 % :  mod = 2.3763405865212824e-14,  Error =8.204664609934298e-07
Completed 58 % :  mod = 1.6660050679263594e-14,  Error =8.351244744631003e-07
Completed 59 % :  mod = 1.2440814289307947e-14,  Error =8.497820687125568e-07
Completed 60 % :  mod = 1.0375335161175027e-14,  Error =8.644400111279538e-07
Completed 61 % :  mod = 1.0106231694509302e-14,  Error =8.790968166749735e-07
Completed 62 % :  mod = 1.1586773790246042e-14,  Error =8.937541053910536e-07
Completed 63 % :  mod = 1.507313809760573e-14,  Error =9.084112662094412e-07
Completed 64 % :  mod = 2.1169183020547518e-14,  Error =9.230688036154788e-07
Completed 65 % :  mod = 3.0930326968423626e-14,  Error =9.377252538911307e-07
Completed 66 % :  mod = 4.6045849978408706e-14,  Error =9.523829973545617e-07
Completed 67 % :  mod = 6.91333527608559e-14,  Error =9.67040392652052e-07
Completed 68 % :  mod = 1.0419035281856824e-13,  Error =9.816977808441152e-07
Completed 69 % :  mod = 1.5728383467434346e-13,  Error =9.96354806659383e-07
Completed 70 % :  mod = 2.3760755242787934e-13,  Error =1.0110125359119593e-06
Completed 71 % :  mod = 3.5906969120415096e-13,  Error =1.0256708051770147e-06
Completed 72 % :  mod = 5.426892967156054e-13,  Error =1.0403280654713853e-06
Completed 73 % :  mod = 8.202564339584358e-13,  Error =1.0549857378805427e-06
Completed 74 % :  mod = 1.2398203072661258e-12,  Error =1.069642991069486e-06
Completed 75 % :  mod = 1.873937190366991e-12,  Error =1.0842993987125737e-06
Completed 76 % :  mod = 2.832324283100964e-12,  Error =1.098957326917116e-06
Completed 77 % :  mod = 4.280117518062901e-12,  Error =1.1136097555208835e-06
Completed 78 % :  mod = 6.465718690465391e-12,  Error =1.1282567484727224e-06
Completed 79 % :  mod = 9.759840475978218e-12,  Error =1.1428916693034807e-06
Completed 80 % :  mod = 1.470654062114666e-11,  Error =1.1574971878758333e-06
Completed 81 % :  mod = 2.207187597372288e-11,  Error =1.1720368249257263e-06
Completed 82 % :  mod = 3.282896991666904e-11,  Error =1.1864315183629515e-06
Completed 83 % :  mod = 4.7865132755566074e-11,  Error =1.20052304453111e-06
Completed 84 % :  mod = 6.688249923471525e-11,  Error =1.2140406369098855e-06
Completed 85 % :  mod = 8.597833180711124e-11,  Error =1.2266836932894876e-06
Completed 86 % :  mod = 9.622529942803587e-11,  Error =1.2384887000393974e-06
Completed 87 % :  mod = 9.047128517667527e-11,  Error =1.2501531685416012e-06
Completed 88 % :  mod = 7.294448902951376e-11,  Error =1.2625116738718134e-06
Completed 89 % :  mod = 5.325083624763155e-11,  Error =1.2757922931427856e-06
Completed 90 % :  mod = 3.687901590654739e-11,  Error =1.2897442474013587e-06
Completed 91 % :  mod = 2.490545362930076e-11,  Error =1.3040705795219765e-06
Completed 92 % :  mod = 1.6627621717561515e-11,  Error =1.3185769986989726e-06
Completed 93 % :  mod = 1.1044549896168255e-11,  Error =1.3331681003592166e-06
Completed 94 % :  mod = 7.319616084081583e-12,  Error =1.347796029449455e-06
Completed 95 % :  mod = 4.846178560651431e-12,  Error =1.3624404431311632e-06
Completed 96 % :  mod = 3.2071739235769042e-12,  Error =1.3770925093581354e-06
Completed 97 % :  mod = 2.1220942783831585e-12,  Error =1.3917473680180592e-06
Completed 98 % :  mod = 1.4040214545762567e-12,  Error =1.4064044293604638e-06
Completed 99 % :  mod = 9.28909270021712e-13,  Error =1.4210622722998778e-06
Completed 100 % :  mod = 6.145839896241258e-13,  Error =1.4357203141912578e-06
Finished 38/201 frames
Finished all frames!
