/opt/local/miniconda_23_9/lib/python3.11/site-packages/conda/base/context.py:201: FutureWarning: Adding 'defaults' to channel list implicitly is deprecated and will be removed in 25.3. 

To remove this warning, please choose a default channel explicitly with conda's regular configuration system, e.g. by adding 'defaults' to the list of channels:

  conda config --add channels defaults

For more information see https://docs.conda.io/projects/conda/en/stable/user-guide/configuration/use-condarc.html

  deprecated.topic(
JOB 14032 ARRAY_ID 161  -> i=161 ; range=[1.9e-10, 5.0e-10] ; intervals=200 (frames=201)
Analytic t0 extension enabled (--extend-time-using-t0).
Density options: centers='2.0e-10,4.0e-10' width='2.0e-11,5.0e-11' strength='7.0'
Completed 0 % :  mod = 3.458415787109893e-16,  Error =-1.4210854715202004e-14
Completed 1 % :  mod = 5.669003450256914e-16,  Error =1.7144198238838726e-07
Completed 2 % :  mod = 1.5126741155904342e-15,  Error =3.4288520112113474e-07
Completed 3 % :  mod = 4.392222758500298e-15,  Error =5.143276382568729e-07
Completed 4 % :  mod = 1.2886708553355376e-14,  Error =6.857703311879959e-07
Completed 5 % :  mod = 3.7855326686184383e-14,  Error =8.572126901640331e-07
Completed 6 % :  mod = 1.1121750103780973e-13,  Error =1.0286555465199854e-06
Completed 7 % :  mod = 3.267580720009959e-13,  Error =1.2000984739302112e-06
Completed 8 % :  mod = 9.60019602127212e-13,  Error =1.3715404136860343e-06
Completed 9 % :  mod = 2.820537730095965e-12,  Error =1.5429796960120257e-06
Completed 10 % :  mod = 8.286401143609219e-12,  Error =1.7143893771276453e-06
Completed 11 % :  mod = 2.4335816820017492e-11,  Error =1.8855458847610862e-06
Completed 12 % :  mod = 7.124525759819539e-11,  Error =2.054558329689371e-06
Completed 13 % :  mod = 2.01771847075788e-10,  Error =2.2076880554777745e-06
Completed 14 % :  mod = 3.725086359731961e-10,  Error =2.306701240684106e-06
Completed 15 % :  mod = 1.4475782170833076e-10,  Error =2.4172307320213804e-06
Completed 16 % :  mod = 7.313639448862928e-11,  Error =2.5756299422141637e-06
Completed 17 % :  mod = 5.991260649212192e-11,  Error =2.7432362088575246e-06
Completed 18 % :  mod = 1.0072504857388727e-10,  Error =2.9078016368089266e-06
Completed 19 % :  mod = 2.8196862573430145e-10,  Error =3.0431217368231955e-06
Completed 20 % :  mod = 3.2648543110783026e-10,  Error =3.134751558775406e-06
Completed 21 % :  mod = 1.1373886860945903e-10,  Error =3.2662016309359387e-06
Completed 22 % :  mod = 7.589662602813967e-11,  Error =3.426369204362345e-06
Completed 23 % :  mod = 1.7320645163439305e-10,  Error =3.583214414959457e-06
Completed 24 % :  mod = 3.203934439065975e-10,  Error =3.7064842999257053e-06
Completed 25 % :  mod = 2.1523398327267272e-10,  Error =3.7931825787040907e-06
Completed 26 % :  mod = 1.5458773340993534e-10,  Error =3.933076484941012e-06
Completed 27 % :  mod = 1.1860715372439559e-10,  Error =4.090300031123206e-06
Completed 28 % :  mod = 1.7905042962870796e-10,  Error =4.2344412136685605e-06
Completed 28 % :  mod = 3.859374469356166e-10,  Error =4.327662026071266e-06
Completed 30 % :  mod = 1.6889784370483795e-10,  Error =4.440735644095639e-06
Completed 31 % :  mod = 9.042077678876528e-11,  Error =4.5926099190296554e-06
Completed 32 % :  mod = 1.5538754235647484e-10,  Error =4.749333243125875e-06
Completed 33 % :  mod = 3.171006957858595e-10,  Error =4.877694237848118e-06
Completed 34 % :  mod = 2.524883532942075e-10,  Error =4.964371072446738e-06
Completed 35 % :  mod = 1.1495900087741196e-10,  Error =5.101536750373725e-06
Completed 36 % :  mod = 6.939532704907894e-11,  Error =5.26466573091966e-06
Completed 37 % :  mod = 1.0095966536049326e-10,  Error =5.428914150229502e-06
Completed 38 % :  mod = 2.465100601263845e-10,  Error =5.5705390096250085e-06
Completed 39 % :  mod = 3.6737504880151094e-10,  Error =5.665267465815305e-06
Completed 40 % :  mod = 1.2622985245436238e-10,  Error =5.7852917834111395e-06
Completed 41 % :  mod = 8.97798811571697e-11,  Error =5.940021758021885e-06
Completed 42 % :  mod = 2.2364487122568712e-10,  Error =6.0905056926685575e-06
Completed 43 % :  mod = 3.1616195735034313e-10,  Error =6.204431187484261e-06
Completed 44 % :  mod = 1.8380376979937806e-10,  Error =6.298660601089523e-06
Completed 45 % :  mod = 1.8850819531396005e-10,  Error =6.4391839131872075e-06
Completed 46 % :  mod = 1.9289089779499645e-10,  Error =6.5838552743002765e-06
Completed 47 % :  mod = 2.7535416444985554e-10,  Error =6.694127563378061e-06
Completed 48 % :  mod = 2.2954835694896172e-10,  Error =6.795200000908608e-06
Completed 49 % :  mod = 1.7545486973730443e-10,  Error =6.934041159922799e-06
Completed 50 % :  mod = 1.9767365810837419e-10,  Error =7.07256388920996e-06
Completed 51 % :  mod = 2.903480217405159e-10,  Error =7.170586577842641e-06
Completed 52 % :  mod = 2.58515434516096e-10,  Error =7.281507478751337e-06
Completed 53 % :  mod = 1.1380516478640295e-10,  Error =7.426902463691931e-06
Completed 54 % :  mod = 1.432568327718745e-10,  Error =7.574505197283088e-06
Completed 55 % :  mod = 4.037447723629067e-10,  Error =7.682744637804717e-06
Completed 56 % :  mod = 1.9540833229719766e-10,  Error =7.782088097485484e-06
Completed 56 % :  mod = 1.1447206720952702e-10,  Error =7.92634662616365e-06
Completed 57 % :  mod = 1.399259301623005e-10,  Error =8.085148969882994e-06
Completed 59 % :  mod = 2.268175174921025e-10,  Error =8.227273198713192e-06
Completed 60 % :  mod = 3.440030661575741e-10,  Error =8.319823450619879e-06
Completed 61 % :  mod = 1.2508942278417251e-10,  Error =8.439367825019417e-06
Completed 62 % :  mod = 8.742503971579884e-11,  Error =8.59688577037332e-06
Completed 63 % :  mod = 1.4840159773782638e-10,  Error =8.75736052563525e-06
Completed 64 % :  mod = 2.3896891707579163e-10,  Error =8.89327212405533e-06
Completed 65 % :  mod = 3.531525782218736e-10,  Error =8.982275232938264e-06
Completed 66 % :  mod = 1.261297689982495e-10,  Error =9.108153811610009e-06
Completed 67 % :  mod = 9.845002751537767e-11,  Error =9.262914360874674e-06
Completed 68 % :  mod = 2.3173519432459841e-10,  Error =9.411519350521758e-06
Completed 69 % :  mod = 3.3916404782126287e-10,  Error =9.51883777133844e-06
Completed 70 % :  mod = 1.9745220377017152e-10,  Error =9.616323950467631e-06
Completed 71 % :  mod = 1.443420117907143e-10,  Error =9.760053579555006e-06
Completed 72 % :  mod = 1.6851845502469072e-10,  Error =9.90841717651847e-06
Completed 73 % :  mod = 3.17098685667935e-10,  Error =1.0024455370682972e-05
Completed 74 % :  mod = 2.007567964359495e-10,  Error =1.011660027927519e-05
Completed 75 % :  mod = 2.0960224301959887e-10,  Error =1.0251978686426355e-05
Completed 76 % :  mod = 1.9556441443211612e-10,  Error =1.039312081729804e-05
Completed 77 % :  mod = 2.6603660028617326e-10,  Error =1.050083041320704e-05
Completed 78 % :  mod = 2.846531976307549e-10,  Error =1.0602250441138494e-05
Completed 79 % :  mod = 1.2884908378359904e-10,  Error =1.0739613863108843e-05
Completed 80 % :  mod = 1.8943296357891788e-10,  Error =1.0878498322597352e-05
Completed 81 % :  mod = 3.363489125037631e-10,  Error =1.0979241771735815e-05
Completed 82 % :  mod = 2.3224848760423513e-10,  Error =1.1084725272780815e-05
Completed 83 % :  mod = 1.5507159087450042e-10,  Error =1.1226123760366136e-05
Completed 84 % :  mod = 1.5157556606133022e-10,  Error =1.1371545681981843e-05
Completed 85 % :  mod = 3.9515260491223753e-10,  Error =1.1480670529806503e-05
Completed 86 % :  mod = 1.8660395314287312e-10,  Error =1.1576487494835419e-05
Completed 87 % :  mod = 1.1653402810383762e-10,  Error =1.171604559857542e-05
Completed 88 % :  mod = 2.167218659833552e-10,  Error =1.1866021836226537e-05
Completed 89 % :  mod = 2.642328754699731e-10,  Error =1.1988627413472841e-05
Completed 90 % :  mod = 2.915170757819261e-10,  Error =1.20765152473723e-05
Completed 91 % :  mod = 1.3787914440065984e-10,  Error =1.2207706603817314e-05
Completed 92 % :  mod = 1.28222375815928e-10,  Error =1.2357173154953216e-05
Completed 93 % :  mod = 2.8685103369169677e-10,  Error =1.2485505230586114e-05
Completed 94 % :  mod = 2.85694682907908e-10,  Error =1.2575721889618308e-05
Completed 95 % :  mod = 2.1684187415874783e-10,  Error =1.2698217602746809e-05
Completed 96 % :  mod = 1.331402375761493e-10,  Error =1.2842861920603355e-05
Completed 97 % :  mod = 2.767403022919508e-10,  Error =1.2964543408600093e-05
Completed 98 % :  mod = 3.324552989695911e-10,  Error =1.306096225306419e-05
Completed 99 % :  mod = 1.3943874364005322e-10,  Error =1.3185950386684908e-05
Completed 100 % :  mod = 1.8050138678101727e-10,  Error =1.3327448399991226e-05
Finished 162/201 frames
Finished all frames!
