/opt/local/miniconda_23_9/lib/python3.11/site-packages/conda/base/context.py:201: FutureWarning: Adding 'defaults' to channel list implicitly is deprecated and will be removed in 25.3. 

To remove this warning, please choose a default channel explicitly with conda's regular configuration system, e.g. by adding 'defaults' to the list of channels:

  conda config --add channels defaults

For more information see https://docs.conda.io/projects/conda/en/stable/user-guide/configuration/use-condarc.html

  deprecated.topic(
JOB 13479 ARRAY_ID 125  -> i=125 ; range=[1.9e-10, 6.0e-10] ; intervals=200 (frames=201)
Density options: centers='2.0e-10,4.0e-10' width='5e-11,5e-11' strength=''
Completed 0 % :  mod = 3.1843685288954807e-16,  Error =-1.4210854715202004e-14
Completed 1 % :  mod = 4.89547354165748e-16,  Error =1.2322594500346895e-07
Completed 2 % :  mod = 1.1867696832361033e-15,  Error =2.464522950162973e-07
Completed 3 % :  mod = 3.1594019245469845e-15,  Error =3.6967887240280106e-07
Completed 4 % :  mod = 8.527412941607299e-15,  Error =4.929045616108851e-07
Completed 5 % :  mod = 2.3059752461289607e-14,  Error =6.161311532082436e-07
Completed 6 % :  mod = 6.23741855155035e-14,  Error =7.393571124225673e-07
Completed 7 % :  mod = 1.6872154979659576e-13,  Error =8.625831853237287e-07
Completed 8 % :  mod = 4.56392232275782e-13,  Error =9.858092440140354e-07
Completed 9 % :  mod = 1.2345411202778605e-12,  Error =1.1090345637398968e-06
Completed 10 % :  mod = 3.3393971701723446e-12,  Error =1.2322558262667371e-06
Completed 11 % :  mod = 9.032233552912295e-12,  Error =1.3554465709830765e-06
Completed 12 % :  mod = 2.4415316888539593e-11,  Error =1.478414318967225e-06
Completed 13 % :  mod = 6.570484079013155e-11,  Error =1.599782606831468e-06
Completed 14 % :  mod = 1.7060094847556166e-10,  Error =1.7109350594068928e-06
Completed 15 % :  mod = 3.210501734672942e-10,  Error =1.7872673012675477e-06
Completed 16 % :  mod = 1.704235525832586e-10,  Error =1.8603843372488882e-06
Completed 17 % :  mod = 7.996020579208818e-11,  Error =1.970086437097507e-06
Completed 18 % :  mod = 3.743720416623967e-11,  Error =2.0904961601786454e-06
Completed 19 % :  mod = 3.9180772600437036e-11,  Error =2.2123469065604695e-06
Completed 20 % :  mod = 9.509914287819925e-11,  Error =2.331631250740429e-06
Completed 21 % :  mod = 2.1675906696403971e-10,  Error =2.4355925916097476e-06
Completed 22 % :  mod = 3.000831706323181e-10,  Error =2.5020742455694744e-06
Completed 23 % :  mod = 1.3943357070797063e-10,  Error =2.587543427523542e-06
Completed 24 % :  mod = 5.2488238750214476e-11,  Error =2.7026333881963183e-06
Completed 25 % :  mod = 1.9411987236236867e-11,  Error =2.8246571872614368e-06
Completed 26 % :  mod = 7.573466269390473e-12,  Error =2.9477174692260633e-06
Completed 27 % :  mod = 2.8866565660967794e-12,  Error =3.070920357117757e-06
Completed 28 % :  mod = 1.090339927082383e-12,  Error =3.1941429341486582e-06
Completed 28 % :  mod = 9.050836553826295e-13,  Error =3.3173678133380236e-06
Completed 30 % :  mod = 2.1213795390368888e-12,  Error =3.4405924438374313e-06
Completed 31 % :  mod = 4.516382664790266e-12,  Error =3.563809855222644e-06
Completed 32 % :  mod = 1.172481371655957e-11,  Error =3.6869723274435273e-06
Completed 33 % :  mod = 3.260140818402314e-11,  Error =3.8097394252645245e-06
Completed 34 % :  mod = 8.760051576564614e-11,  Error =3.929707908412183e-06
Completed 35 % :  mod = 2.1818092877964842e-10,  Error =4.033451823204359e-06
Completed 36 % :  mod = 3.128052354530907e-10,  Error =4.100470178514115e-06
Completed 37 % :  mod = 1.2975030074943658e-10,  Error =4.185641188314548e-06
Completed 38 % :  mod = 5.910955521543071e-11,  Error =4.300366526877042e-06
Completed 39 % :  mod = 3.7809122009774684e-11,  Error =4.421674312027335e-06
Completed 40 % :  mod = 4.835310433930812e-11,  Error =4.543324827466222e-06
Completed 41 % :  mod = 1.1232634937759647e-10,  Error =4.660422675328846e-06
Completed 42 % :  mod = 2.801859430071638e-10,  Error =4.754332906031777e-06
Completed 43 % :  mod = 2.5523832356438537e-10,  Error =4.81845445676754e-06
Completed 44 % :  mod = 1.058829675227123e-10,  Error =4.915244652181627e-06
Completed 45 % :  mod = 4.030204298211385e-11,  Error =5.033659938646906e-06
Completed 46 % :  mod = 1.5006777989118927e-11,  Error =5.156196749567243e-06
Completed 47 % :  mod = 5.156196399237753e-12,  Error =5.2793272047324535e-06
Completed 48 % :  mod = 2.158152670598775e-12,  Error =5.402539237309156e-06
Completed 49 % :  mod = 1.861028118829645e-12,  Error =5.525762190927708e-06
Completed 50 % :  mod = 2.2125188694774632e-12,  Error =5.6489839863616e-06
Completed 51 % :  mod = 4.7977050429458075e-12,  Error =5.772197418707492e-06
Completed 52 % :  mod = 1.3906385316198404e-11,  Error =5.89533922834562e-06
Completed 53 % :  mod = 3.770605806446012e-11,  Error =6.017961048598863e-06
Completed 54 % :  mod = 9.983917338454737e-11,  Error =6.136938729639496e-06
Completed 55 % :  mod = 2.428696194430967e-10,  Error =6.236146234073203e-06
Completed 56 % :  mod = 2.925975242073757e-10,  Error =6.300730511554775e-06
Completed 56 % :  mod = 1.1747949895456813e-10,  Error =6.3919060906414416e-06
Completed 57 % :  mod = 5.1286024418470326e-11,  Error =6.508322549336754e-06
Completed 59 % :  mod = 3.7547594911320115e-11,  Error =6.6298995662350535e-06
Completed 60 % :  mod = 5.428502868619432e-11,  Error =6.7513914032701905e-06
Completed 61 % :  mod = 1.2086115710131236e-10,  Error =6.867244728425703e-06
Completed 62 % :  mod = 3.0113112311869797e-10,  Error =6.9561145039642724e-06
Completed 63 % :  mod = 2.348100373664329e-10,  Error =7.021629734538237e-06
Completed 64 % :  mod = 9.419996741465125e-11,  Error =7.122631743072816e-06
Completed 65 % :  mod = 3.57606424247883e-11,  Error =7.242028267739897e-06
Completed 66 % :  mod = 1.3187589690437634e-11,  Error =7.364704472934136e-06
Completed 67 % :  mod = 5.563547124748443e-12,  Error =7.487846652054486e-06
Completed 68 % :  mod = 4.531770678836223e-12,  Error =7.611050605760283e-06
Completed 69 % :  mod = 7.279860604827533e-12,  Error =7.73424813615975e-06
Completed 70 % :  mod = 1.7331015818429925e-11,  Error =7.857331119964783e-06
Completed 71 % :  mod = 4.747950458362829e-11,  Error =7.979577269168203e-06
Completed 72 % :  mod = 1.2672515709289564e-10,  Error =8.09613209185045e-06
Completed 73 % :  mod = 2.8200096256253563e-10,  Error =8.186182625991023e-06
Completed 74 % :  mod = 2.430895959753425e-10,  Error =8.250825970890219e-06
Completed 75 % :  mod = 1.0266436163901901e-10,  Error =8.351155635466512e-06
Completed 76 % :  mod = 4.325682497294968e-11,  Error =8.469525333509864e-06
Completed 77 % :  mod = 4.319302417307133e-11,  Error =8.591057394369273e-06
Completed 78 % :  mod = 8.713369918486565e-11,  Error =8.710898065089623e-06
Completed 79 % :  mod = 1.8014336541092922e-10,  Error =8.818289323642148e-06
Completed 80 % :  mod = 3.2811134897501903e-10,  Error =8.888143952390237e-06
Completed 81 % :  mod = 1.5589440477799862e-10,  Error =8.967432435724731e-06
Completed 82 % :  mod = 6.336864993285821e-11,  Error =9.079587890425955e-06
Completed 83 % :  mod = 3.386906322185748e-11,  Error =9.200779921059166e-06
Completed 84 % :  mod = 3.1335203187163025e-11,  Error =9.323140055528256e-06
Completed 85 % :  mod = 6.192895826411437e-11,  Error =9.44424775184416e-06
Completed 86 % :  mod = 1.738451734618259e-10,  Error =9.555809434402818e-06
Completed 87 % :  mod = 3.101506696075236e-10,  Error =9.635030167487457e-06
Completed 88 % :  mod = 1.7719815987075473e-10,  Error =9.70552078882747e-06
Completed 89 % :  mod = 9.894717280592068e-11,  Error =9.812893566163439e-06
Completed 90 % :  mod = 6.071445025481843e-11,  Error =9.931255654294091e-06
Completed 91 % :  mod = 8.687552362429362e-11,  Error =1.0048909068416378e-05
Completed 92 % :  mod = 2.430840186778203e-10,  Error =1.015014654370816e-05
Completed 93 % :  mod = 2.99874194247931e-10,  Error =1.022018408036729e-05
Completed 94 % :  mod = 1.255457375204284e-10,  Error =1.0304196443655655e-05
Completed 95 % :  mod = 9.114377769572094e-11,  Error =1.0416566205151412e-05
Completed 96 % :  mod = 1.0395937392334309e-10,  Error =1.0532986237876685e-05
Completed 97 % :  mod = 1.6596532746291461e-10,  Error =1.0639093318332016e-05
Completed 98 % :  mod = 3.265118186200064e-10,  Error =1.0709410943832154e-05
Completed 99 % :  mod = 1.7596380261805988e-10,  Error =1.0787817828372681e-05
Completed 100 % :  mod = 7.227502215844067e-11,  Error =1.0897399981502076e-05
Finished 126/201 frames
Finished all frames!
