/opt/local/miniconda_23_9/lib/python3.11/site-packages/conda/base/context.py:201: FutureWarning: Adding 'defaults' to channel list implicitly is deprecated and will be removed in 25.3. 

To remove this warning, please choose a default channel explicitly with conda's regular configuration system, e.g. by adding 'defaults' to the list of channels:

  conda config --add channels defaults

For more information see https://docs.conda.io/projects/conda/en/stable/user-guide/configuration/use-condarc.html

  deprecated.topic(
JOB 14056 ARRAY_ID 185  -> i=185 ; range=[1.9e-10, 5.0e-10] ; intervals=200 (frames=201)
Analytic t0 extension enabled (--extend-time-using-t0).
Density options: centers='2.0e-10,4.0e-10' width='2.0e-11,5.0e-11' strength='7.0'
Completed 0 % :  mod = 3.7085032594714115e-16,  Error =-1.4210854715202004e-14
Completed 1 % :  mod = 6.432483755478803e-16,  Error =2.266757448410317e-07
Completed 2 % :  mod = 1.8606077433618085e-15,  Error =4.533517952154398e-07
Completed 3 % :  mod = 5.811285066886486e-15,  Error =6.800273695262149e-07
Completed 4 % :  mod = 1.8299006297220042e-14,  Error =9.067035904308796e-07
Completed 5 % :  mod = 5.766880604560078e-14,  Error =1.1333791078982358e-06
Completed 6 % :  mod = 1.817567225030761e-13,  Error =1.3600544619407628e-06
Completed 7 % :  mod = 5.728535316122713e-13,  Error =1.5867293754467937e-06
Completed 8 % :  mod = 1.8054964374191591e-12,  Error =1.8134028323402163e-06
Completed 9 % :  mod = 5.690433556838129e-12,  Error =2.0400613252036237e-06
Completed 10 % :  mod = 1.7932904491316157e-11,  Error =2.266566163200423e-06
Completed 11 % :  mod = 5.645595172153716e-11,  Error =2.491560735506937e-06
Completed 12 % :  mod = 1.7539101104088014e-10,  Error =2.702923502795329e-06
Completed 13 % :  mod = 4.1373581420432807e-10,  Error =2.8473165727405103e-06
Completed 14 % :  mod = 1.7038098800784308e-10,  Error =2.9808357027150123e-06
Completed 15 % :  mod = 9.369731775785007e-11,  Error =3.187149211214546e-06
Completed 16 % :  mod = 8.810832177607587e-11,  Error =3.4062904319398513e-06
Completed 17 % :  mod = 1.634755905945145e-10,  Error =3.6127703637589548e-06
Completed 18 % :  mod = 4.316813048230241e-10,  Error =3.747255128416782e-06
Completed 19 % :  mod = 1.7382897130243958e-10,  Error =3.88880493318311e-06
Completed 20 % :  mod = 6.179051548234325e-11,  Error =4.098728652479622e-06
Completed 21 % :  mod = 3.1844807148370824e-11,  Error =4.32306623565637e-06
Completed 22 % :  mod = 3.578658531836499e-11,  Error =4.548555395444964e-06
Completed 23 % :  mod = 9.125216246011287e-11,  Error =4.769900357359802e-06
Completed 24 % :  mod = 3.028386112028799e-10,  Error =4.957392029325547e-06
Completed 25 % :  mod = 3.5069157874702637e-10,  Error =5.074161670393096e-06
Completed 26 % :  mod = 1.1087394701759706e-10,  Error =5.251203845091368e-06
Completed 27 % :  mod = 5.965173972548087e-11,  Error =5.46846180071725e-06
Completed 28 % :  mod = 1.0800915241658485e-10,  Error =5.687528158659916e-06
Completed 28 % :  mod = 2.6331422005754507e-10,  Error =5.8805934202155186e-06
Completed 30 % :  mod = 3.5460568864088343e-10,  Error =5.995599138941543e-06
Completed 31 % :  mod = 1.26990160119288e-10,  Error =6.166574934240998e-06
Completed 32 % :  mod = 4.17245030305315e-11,  Error =6.384982825125007e-06
Completed 33 % :  mod = 1.6415677508441852e-11,  Error =6.610673487728036e-06
Completed 34 % :  mod = 1.4346095807215919e-11,  Error =6.8370581587373636e-06
Completed 35 % :  mod = 3.710764483431577e-11,  Error =7.062877990904326e-06
Completed 36 % :  mod = 1.1941350313298254e-10,  Error =7.282480645187661e-06
Completed 37 % :  mod = 3.316493086134258e-10,  Error =7.459588722724675e-06
Completed 38 % :  mod = 2.923357211722574e-10,  Error =7.5727526009927715e-06
Completed 39 % :  mod = 1.1297801981567172e-10,  Error =7.761053694821385e-06
Completed 40 % :  mod = 5.6992027307030666e-11,  Error =7.97939805607939e-06
Completed 41 % :  mod = 1.1017413270672153e-10,  Error =8.197046739155667e-06
Completed 42 % :  mod = 3.361703347566073e-10,  Error =8.378060478264615e-06
Completed 43 % :  mod = 3.1323649475995533e-10,  Error =8.49378432121739e-06
Completed 44 % :  mod = 9.799001078416084e-11,  Error =8.677872358475724e-06
Completed 45 % :  mod = 3.526288076462006e-11,  Error =8.898839446658258e-06
Completed 46 % :  mod = 2.273606745289452e-11,  Error =9.12456570034692e-06
Completed 47 % :  mod = 3.9184974989404227e-11,  Error =9.350209374758833e-06
Completed 48 % :  mod = 1.0912615179828903e-10,  Error =9.57022911762806e-06
Completed 49 % :  mod = 3.308465777196132e-10,  Error =9.749628624433626e-06
Completed 50 % :  mod = 3.0577385237242954e-10,  Error =9.86355581034104e-06
Completed 51 % :  mod = 1.0437319080147832e-10,  Error =1.005041281132435e-05
Completed 52 % :  mod = 4.750184271754248e-11,  Error =1.0270039943804932e-05
Completed 53 % :  mod = 7.641690804127097e-11,  Error =1.0492289966634871e-05
Completed 54 % :  mod = 2.1343671108294524e-10,  Error =1.0698219831795086e-05
Completed 55 % :  mod = 3.9078749906698574e-10,  Error =1.083543069313464e-05
Completed 56 % :  mod = 1.5048103356941e-10,  Error =1.0979588012105523e-05
Completed 56 % :  mod = 1.0023311635264533e-10,  Error =1.1187826508773924e-05
Completed 57 % :  mod = 1.3285161551190245e-10,  Error =1.140241596431224e-05
Completed 59 % :  mod = 2.4837717821725897e-10,  Error =1.1586187937950854e-05
Completed 60 % :  mod = 3.620304060872316e-10,  Error =1.1700051615548546e-05
Completed 61 % :  mod = 1.6675979912476608e-10,  Error =1.1869733562264173e-05
Completed 62 % :  mod = 1.1799795870273266e-10,  Error =1.2071114660727744e-05
Completed 63 % :  mod = 2.884012837750421e-10,  Error =1.2245824095202806e-05
Completed 64 % :  mod = 3.842558585327877e-10,  Error =1.2373962590572773e-05
Completed 65 % :  mod = 1.6488970111866535e-10,  Error =1.2537676070678572e-05
Completed 66 % :  mod = 1.6219441737455973e-10,  Error =1.2724940980035626e-05
Completed 67 % :  mod = 4.336814940358172e-10,  Error =1.2865202073442106e-05
Completed 68 % :  mod = 2.2957733448747617e-10,  Error =1.3002153735897082e-05
Completed 69 % :  mod = 1.1020267735174491e-10,  Error =1.3192223761393507e-05
Completed 70 % :  mod = 1.9005169591056816e-10,  Error =1.339383301512953e-05
Completed 71 % :  mod = 3.9878362145399816e-10,  Error =1.3546269514108644e-05
Completed 72 % :  mod = 2.349680514457172e-10,  Error =1.366768942290264e-05
Completed 73 % :  mod = 9.723633520856726e-11,  Error =1.3859967481266722e-05
Completed 74 % :  mod = 1.2514270488322133e-10,  Error =1.407130508823684e-05
Completed 75 % :  mod = 2.836472034249443e-10,  Error =1.4257493511138364e-05
Completed 76 % :  mod = 3.22591691401109e-10,  Error =1.4370241302685827e-05
Completed 77 % :  mod = 1.819526029679178e-10,  Error =1.4539261286472538e-05
Completed 78 % :  mod = 7.554905809209775e-11,  Error =1.4751151439895693e-05
Completed 79 % :  mod = 1.175776780631618e-10,  Error =1.4962357496983714e-05
Completed 80 % :  mod = 4.0564812542029974e-10,  Error =1.5126619288707843e-05
Completed 81 % :  mod = 2.3053393166288466e-10,  Error =1.5243936779540945e-05
Completed 82 % :  mod = 1.2468679377174226e-10,  Error =1.543616551202831e-05
Completed 83 % :  mod = 1.0148224830066935e-10,  Error =1.565293280947344e-05
Completed 84 % :  mod = 1.373863920942835e-10,  Error =1.5862877873473735e-05
Completed 85 % :  mod = 4.153882525533125e-10,  Error =1.601537248063778e-05
Completed 86 % :  mod = 1.962190839451364e-10,  Error =1.61395472630943e-05
Completed 87 % :  mod = 9.344420036569648e-11,  Error =1.63379892015314e-05
Completed 88 % :  mod = 1.319453897604217e-10,  Error =1.6552974855699176e-05
Completed 89 % :  mod = 2.1033517940712735e-10,  Error =1.6750106176743884e-05
Completed 90 % :  mod = 4.2503178849006207e-10,  Error =1.687350147960842e-05
Completed 91 % :  mod = 1.543506720119188e-10,  Error =1.7024668210297023e-05
Completed 92 % :  mod = 9.394983985537593e-11,  Error =1.723084395166552e-05
Completed 93 % :  mod = 1.8286309381000221e-10,  Error =1.74392907155152e-05
Completed 94 % :  mod = 3.6243703238627725e-10,  Error =1.7601219553853298e-05
Completed 95 % :  mod = 2.3891861381218826e-10,  Error =1.7715827702602382e-05
Completed 96 % :  mod = 1.6817436610492951e-10,  Error =1.7904031778925855e-05
Completed 97 % :  mod = 1.196836681204326e-10,  Error =1.8111351707261747e-05
Completed 98 % :  mod = 2.719924600947547e-10,  Error =1.828766247058411e-05
Completed 99 % :  mod = 3.333588729744329e-10,  Error =1.840200855696139e-05
Completed 100 % :  mod = 1.7907413690779168e-10,  Error =1.8571695562741297e-05
Finished 186/201 frames
Finished all frames!
