/opt/local/miniconda_23_9/lib/python3.11/site-packages/conda/base/context.py:201: FutureWarning: Adding 'defaults' to channel list implicitly is deprecated and will be removed in 25.3. 

To remove this warning, please choose a default channel explicitly with conda's regular configuration system, e.g. by adding 'defaults' to the list of channels:

  conda config --add channels defaults

For more information see https://docs.conda.io/projects/conda/en/stable/user-guide/configuration/use-condarc.html

  deprecated.topic(
JOB 13357 ARRAY_ID 3  -> i=3 ; range=[1.9e-10, 6.0e-10] ; intervals=200 (frames=201)
Density options: centers='2.0e-10,4.0e-10' width='5e-11,5e-11' strength=''
Completed 0 % :  mod = 1.547908179838957e-16,  Error =-1.4210854715202004e-14
Completed 1 % :  mod = 1.5227786509984827e-16,  Error =6.879396607928356e-09
Completed 2 % :  mod = 1.4482060538529125e-16,  Error =1.375968849970377e-08
Completed 3 % :  mod = 1.326611657724572e-16,  Error =2.063943327357265e-08
Completed 4 % :  mod = 1.1619435207139336e-16,  Error =2.7518950673766085e-08
Completed 5 % :  mod = 9.595482446514228e-17,  Error =3.43987736073359e-08
Completed 6 % :  mod = 7.259974067555098e-17,  Error =4.1277637308212434e-08
Completed 7 % :  mod = 4.6887415634045306e-17,  Error =4.815856868845003e-08
Completed 8 % :  mod = 1.9652700812588797e-17,  Error =5.5038540835994354e-08
Completed 9 % :  mod = 8.220112869016059e-18,  Error =6.191784507336706e-08
Completed 10 % :  mod = 3.582602866096971e-17,  Error =6.879822223027077e-08
Completed 11 % :  mod = 6.226871153185937e-17,  Error =7.567768278704534e-08
Completed 12 % :  mod = 8.668959226001777e-17,  Error =8.25579178354019e-08
Completed 13 % :  mod = 1.0829574388545529e-16,  Error =8.943803209149337e-08
Completed 14 % :  mod = 1.2638564755876034e-16,  Error =9.631834529955086e-08
Completed 15 % :  mod = 1.4037193644072822e-16,  Error =1.0319780585632543e-07
Completed 16 % :  mod = 1.4980048527314003e-16,  Error =1.1007851696831494e-07
Completed 17 % :  mod = 1.543651655231318e-16,  Error =1.1695794199795273e-07
Completed 18 % :  mod = 1.5391776255495595e-16,  Error =1.238377720369499e-07
Completed 19 % :  mod = 1.4847280745043322e-16,  Error =1.3071748838910935e-07
Completed 20 % :  mod = 1.3820709166072818e-16,  Error =1.3759816397396207e-07
Completed 21 % :  mod = 1.2345392854424727e-16,  Error =1.4447733320821499e-07
Completed 22 % :  mod = 1.046923417024424e-16,  Error =1.5135741193716967e-07
Completed 23 % :  mod = 8.25315018350797e-17,  Error =1.5823773225065452e-07
Completed 24 % :  mod = 5.769094295813155e-17,  Error =1.6511829414866952e-07
Completed 25 % :  mod = 3.097722009067332e-17,  Error =1.7199814550394876e-07
Completed 26 % :  mod = 3.2576964182594935e-18,  Error =1.7887811765149308e-07
Completed 27 % :  mod = 2.456760509463487e-17,  Error =1.8575773452766953e-07
Completed 28 % :  mod = 5.1595214932114934e-17,  Error =1.9263805484115437e-07
Completed 28 % :  mod = 7.694758230050323e-17,  Error =1.9951836804921186e-07
Completed 30 % :  mod = 9.980154363479523e-17,  Error =2.063985533595769e-07
Completed 31 % :  mod = 1.194150410494327e-16,  Error =2.132796552700711e-07
Completed 32 % :  mod = 1.351512556428676e-16,  Error =2.2016042322547946e-07
Completed 33 % :  mod = 1.4649924958295335e-16,  Error =2.2704084301494731e-07
Completed 34 % :  mod = 1.5309055490393665e-16,  Error =2.339202325174483e-07
Completed 35 % :  mod = 1.5471116927970086e-16,  Error =2.408002615084115e-07
Completed 36 % :  mod = 1.513084703748075e-16,  Error =2.476812568374953e-07
Completed 37 % :  mod = 1.429929309517976e-16,  Error =2.5456142793700565e-07
Completed 38 % :  mod = 1.300345629251359e-16,  Error =2.6144066822553214e-07
Completed 39 % :  mod = 1.1285410059815802e-16,  Error =2.68320214047435e-07
Completed 40 % :  mod = 9.20093769983817e-17,  Error =2.752004562012189e-07
Completed 41 % :  mod = 6.817720846699552e-17,  Error =2.820808546744047e-07
Completed 42 % :  mod = 4.213138508881894e-17,  Error =2.889608765599405e-07
Completed 43 % :  mod = 1.4717600760790876e-17,  Error =2.9584123240056215e-07
Completed 44 % :  mod = 1.317403763870052e-17,  Error =3.027206005867811e-07
Completed 45 % :  mod = 4.063794208081409e-17,  Error =3.096004519420603e-07
Completed 46 % :  mod = 6.678236988580158e-17,  Error =3.1648052356558765e-07
Completed 47 % :  mod = 9.075842901798197e-17,  Error =3.2336185995518463e-07
Completed 48 % :  mod = 1.1178766838488048e-16,  Error =3.302423081663619e-07
Completed 49 % :  mod = 1.2918727127714503e-16,  Error =3.371227350612571e-07
Completed 50 % :  mod = 1.423922893630263e-16,  Error =3.4400341064610984e-07
Completed 51 % :  mod = 1.509739821614373e-16,  Error =3.5088323357967965e-07
Completed 52 % :  mod = 1.546537002345595e-16,  Error =3.5776379547769466e-07
Completed 53 % :  mod = 1.5331196835475146e-16,  Error =3.64644165529171e-07
Completed 54 % :  mod = 1.4699235608943034e-16,  Error =3.715242726798351e-07
Completed 55 % :  mod = 1.3590004083325138e-16,  Error =3.7840423061652473e-07
Completed 56 % :  mod = 1.2039519351683364e-16,  Error =3.8528515489133497e-07
Completed 56 % :  mod = 1.0098124086216905e-16,  Error =3.921656457350764e-07
Completed 57 % :  mod = 7.828851471024923e-17,  Error =3.990451489244151e-07
Completed 59 % :  mod = 5.305385183430478e-17,  Error =4.059256824007207e-07
Completed 60 % :  mod = 2.6096588331248367e-17,  Error =4.1280630114215455e-07
Completed 61 % :  mod = 1.708014020792623e-18,  Error =4.1968708330841764e-07
Completed 62 % :  mod = 2.945715437805103e-17,  Error =4.265677020498515e-07
Completed 63 % :  mod = 5.624985097032426e-17,  Error =4.334480649959005e-07
Completed 64 % :  mod = 8.12161716475692e-17,  Error =4.4032883295130887e-07
Completed 65 % :  mod = 1.0354548638882029e-16,  Error =4.4720903247252863e-07
Completed 66 % :  mod = 1.225127899470398e-16,  Error =4.5408875593011544e-07
Completed 67 % :  mod = 1.3750221957620968e-16,  Error =4.6096760542013726e-07
Completed 68 % :  mod = 1.4802709125862274e-16,  Error =4.6784763441110044e-07
Completed 69 % :  mod = 1.5374568205247622e-16,  Error =4.7472707365159295e-07
Completed 70 % :  mod = 1.544722968895884e-16,  Error =4.816072021185391e-07
Completed 71 % :  mod = 1.501833489215875e-16,  Error =4.884873590071948e-07
Completed 72 % :  mod = 1.410181111685945e-16,  Error =4.953680203811928e-07
Completed 73 % :  mod = 1.2727415348077167e-16,  Error =5.022486888606181e-07
Completed 74 % :  mod = 1.093977334396404e-16,  Error =5.091300465664972e-07
Completed 75 % :  mod = 8.796928590407706e-17,  Error =5.160091376410492e-07
Completed 76 % :  mod = 6.368456153458793e-17,  Error =5.228895503250897e-07
Completed 77 % :  mod = 3.7332067716848574e-17,  Error =5.297697214246e-07
Completed 78 % :  mod = 9.767437853435942e-18,  Error =5.366497504155632e-07
Completed 79 % :  mod = 1.8114336779142278e-17,  Error =5.435299499367829e-07
Completed 80 % :  mod = 4.540794820438106e-17,  Error =5.50409957611464e-07
Completed 81 % :  mod = 7.122721679064551e-17,  Error =5.572904129280687e-07
Completed 82 % :  mod = 9.473381199601448e-17,  Error =5.641701719127923e-07
Completed 83 % :  mod = 1.1516448558388887e-16,  Error =5.710498811595244e-07
Completed 84 % :  mod = 1.3185589107387368e-16,  Error =5.779303009489922e-07
Completed 85 % :  mod = 1.4426607244652607e-16,  Error =5.848105217864941e-07
Completed 86 % :  mod = 1.5199207125138026e-16,  Error =5.916914744830137e-07
Completed 87 % :  mod = 1.5478304750092017e-16,  Error =5.985707218769676e-07
Completed 88 % :  mod = 1.525483761144151e-16,  Error =6.054503529639987e-07
Completed 89 % :  mod = 1.4536061603102971e-16,  Error =6.123295932525252e-07
Completed 90 % :  mod = 1.3345314953975336e-16,  Error =6.1920929539383e-07
Completed 91 % :  mod = 1.1721258669342533e-16,  Error =6.26090077560093e-07
Completed 92 % :  mod = 9.716625301289788e-17,  Error =6.329704262952873e-07
Completed 93 % :  mod = 7.396504125745612e-17,  Error =6.398505263405241e-07
Completed 94 % :  mod = 4.8362241236304637e-17,  Error =6.467305198043505e-07
Completed 95 % :  mod = 2.1189170137143475e-17,  Error =6.536108827503995e-07
Completed 96 % :  mod = 6.6718777274284265e-18,  Error =6.604912599073032e-07
Completed 97 % :  mod = 3.4316310357424995e-17,  Error =6.673710117865994e-07
Completed 98 % :  mod = 6.084652915134899e-17,  Error =6.742515239466229e-07
Completed 99 % :  mod = 8.54011120966968e-17,  Error =6.811321568989115e-07
Completed 100 % :  mod = 1.0718281042157337e-16,  Error =6.880126548480803e-07
Finished 4/201 frames
Finished all frames!
