/opt/local/miniconda_23_9/lib/python3.11/site-packages/conda/base/context.py:201: FutureWarning: Adding 'defaults' to channel list implicitly is deprecated and will be removed in 25.3. 

To remove this warning, please choose a default channel explicitly with conda's regular configuration system, e.g. by adding 'defaults' to the list of channels:

  conda config --add channels defaults

For more information see https://docs.conda.io/projects/conda/en/stable/user-guide/configuration/use-condarc.html

  deprecated.topic(
JOB 13885 ARRAY_ID 14  -> i=14 ; range=[1.9e-10, 5.0e-10] ; intervals=200 (frames=201)
Analytic t0 extension enabled (--extend-time-using-t0).
Density options: centers='2.0e-10,4.0e-10' width='2.0e-11,5.0e-11' strength='7.0'
Extending simulation time for p0=2.027e-10 from 10000000000.0 to 3.300e+10
Completed 0 % :  mod = 1.6212630595893696e-16,  Error =-1.4210854715202004e-14
Completed 1 % :  mod = 1.7400242380426241e-16,  Error =2.732647175207603e-08
Completed 2 % :  mod = 2.113691060312166e-16,  Error =5.465256691650211e-08
Completed 3 % :  mod = 2.79700416230078e-16,  Error =8.197778100793585e-08
Completed 4 % :  mod = 3.890106573287626e-16,  Error =1.0930433091971281e-07
Completed 5 % :  mod = 5.553065926236888e-16,  Error =1.3662957343285598e-07
Completed 6 % :  mod = 8.029524582384504e-16,  Error =1.6395422619552846e-07
Completed 7 % :  mod = 1.1682272590349677e-15,  Error =1.9127879369307266e-07
Completed 8 % :  mod = 1.7046617078886833e-15,  Error =2.1860602572587595e-07
Completed 9 % :  mod = 2.4908081428725584e-15,  Error =2.459313392932927e-07
Completed 10 % :  mod = 3.641846892767549e-15,  Error =2.732564041707519e-07
Completed 11 % :  mod = 5.326399979965387e-15,  Error =3.005818314250064e-07
Completed 12 % :  mod = 7.791336765964726e-15,  Error =3.2790747894750893e-07
Completed 13 % :  mod = 1.1397608247495538e-14,  Error =3.552322880295833e-07
Completed 14 % :  mod = 1.6673578243452945e-14,  Error =3.825553775982371e-07
Completed 15 % :  mod = 2.439215173839204e-14,  Error =4.0988179250689427e-07
Completed 16 % :  mod = 3.5684472954884655e-14,  Error =4.3720778819533734e-07
Completed 17 % :  mod = 5.2204111617343024e-14,  Error =4.645321638463429e-07
Completed 18 % :  mod = 7.6371362320896e-14,  Error =4.91858379803034e-07
Completed 19 % :  mod = 1.117264926262648e-13,  Error =5.191838994278442e-07
Completed 20 % :  mod = 1.6345035541556346e-13,  Error =5.465097032697486e-07
Completed 21 % :  mod = 2.391158362193995e-13,  Error =5.738341499750277e-07
Completed 22 % :  mod = 3.4980493424908165e-13,  Error =6.011595274912906e-07
Completed 23 % :  mod = 5.11720749552857e-13,  Error =6.284855729177252e-07
Completed 24 % :  mod = 7.485531469637405e-13,  Error =6.558102043641156e-07
Completed 25 % :  mod = 1.0948613233582666e-12,  Error =6.831343242197363e-07
Completed 26 % :  mod = 1.6010047197446474e-12,  Error =7.104596804197172e-07
Completed 27 % :  mod = 2.3399465502873014e-12,  Error =7.377807449415741e-07
Completed 28 % :  mod = 3.416284476714139e-12,  Error =7.651000757391557e-07
Completed 29 % :  mod = 4.9761721883086024e-12,  Error =7.924096152578386e-07
Completed 30 % :  mod = 7.212964755773831e-12,  Error =8.197020591182991e-07
Completed 31 % :  mod = 1.0348615478805643e-11,  Error =8.46962620926206e-07
Completed 32 % :  mod = 1.4539123420670533e-11,  Error =8.741576422721664e-07
Completed 33 % :  mod = 1.9604408243009664e-11,  Error =9.01237442008096e-07
Completed 34 % :  mod = 2.4558850834476254e-11,  Error =9.281452335585527e-07
Completed 35 % :  mod = 2.7466225399978166e-11,  Error =9.548872981213208e-07
Completed 36 % :  mod = 2.6700211917805817e-11,  Error =9.815753045927522e-07
Completed 37 % :  mod = 2.2725544699950975e-11,  Error =1.0083755981327158e-06
Completed 38 % :  mod = 1.7540070479057852e-11,  Error =1.0353555026654249e-06
Completed 39 % :  mod = 1.2758368410338612e-11,  Error =1.062486198577517e-06
Completed 40 % :  mod = 8.990249790015511e-12,  Error =1.0897124766984234e-06
Completed 41 % :  mod = 6.235230492544717e-12,  Error =1.1169886064976708e-06
Completed 42 % :  mod = 4.29145374535412e-12,  Error =1.1442904579439528e-06
Completed 43 % :  mod = 2.942877437072689e-12,  Error =1.1716059873378981e-06
Completed 44 % :  mod = 2.0146637429212924e-12,  Error =1.1989247141741544e-06
Completed 45 % :  mod = 1.3781199521616117e-12,  Error =1.2262482655955864e-06
Completed 46 % :  mod = 9.423538539509754e-13,  Error =1.253570673043214e-06
Completed 47 % :  mod = 6.442758898848092e-13,  Error =1.2808969032107598e-06
Completed 48 % :  mod = 4.404789271758194e-13,  Error =1.3082213641268936e-06
Completed 49 % :  mod = 3.011739826601302e-13,  Error =1.3355464787423443e-06
Completed 50 % :  mod = 2.0597816000607918e-13,  Error =1.3628720267888639e-06
Completed 51 % :  mod = 1.4095194393865396e-13,  Error =1.3901988751285899e-06
Completed 52 % :  mod = 9.657577752441625e-14,  Error =1.417523819213784e-06
Completed 53 % :  mod = 6.634717576742489e-14,  Error =1.4448485785578669e-06
Completed 54 % :  mod = 4.583803397045043e-14,  Error =1.472174098182677e-06
Completed 55 % :  mod = 3.204359331056695e-14,  Error =1.4995015575891557e-06
Completed 56 % :  mod = 2.2943898970237818e-14,  Error =1.52682674325888e-06
Completed 57 % :  mod = 1.720538521054001e-14,  Error =1.5541517370820657e-06
Completed 58 % :  mod = 1.3987386745648572e-14,  Error =1.5814762903687551e-06
Completed 59 % :  mod = 1.2818474436516598e-14,  Error =1.6088036076666867e-06
Completed 60 % :  mod = 1.3527479532481237e-14,  Error =1.6361286085952997e-06
Completed 61 % :  mod = 1.6218203390624515e-14,  Error =1.6634537232107505e-06
Completed 62 % :  mod = 2.1284825267920534e-14,  Error =1.6907772106833363e-06
Completed 63 % :  mod = 2.9469888183033294e-14,  Error =1.7181031424229332e-06
Completed 64 % :  mod = 4.1971961509794926e-14,  Error =1.7454285270446235e-06
Completed 65 % :  mod = 6.062272328461578e-14,  Error =1.7727550840618278e-06
Completed 66 % :  mod = 8.815437057355771e-14,  Error =1.8000800565687314e-06
Completed 67 % :  mod = 1.286014561173069e-13,  Error =1.8274040840537964e-06
Completed 68 % :  mod = 1.8788622009777727e-13,  Error =1.85473080449583e-06
Completed 69 % :  mod = 2.7469273114094673e-13,  Error =1.8820558977949986e-06
Completed 70 % :  mod = 4.0173643333607723e-13,  Error =1.909380827669338e-06
Completed 71 % :  mod = 5.876021912719134e-13,  Error =1.9367068517794905e-06
Completed 72 % :  mod = 8.594631310369291e-13,  Error =1.9640315969127187e-06
Completed 73 % :  mod = 1.2569623721000591e-12,  Error =1.991356008090861e-06
Completed 74 % :  mod = 1.837779566439332e-12,  Error =2.0186808811217816e-06
Completed 75 % :  mod = 2.685175445943543e-12,  Error =2.046000048494534e-06
Completed 76 % :  mod = 3.917728396122893e-12,  Error =2.0733150662977096e-06
Completed 77 % :  mod = 5.69875156006838e-12,  Error =2.1006207546747646e-06
Completed 78 % :  mod = 8.236597137111735e-12,  Error =2.127904629389832e-06
Completed 79 % :  mod = 1.1746715425744312e-11,  Error =2.1551453741608384e-06
Completed 80 % :  mod = 1.630683475257558e-11,  Error =2.1823042715141128e-06
Completed 81 % :  mod = 2.1502524558880354e-11,  Error =2.2093252169952393e-06
Completed 82 % :  mod = 2.596620950587496e-11,  Error =2.2361677665116986e-06
Completed 83 % :  mod = 2.764192161105945e-11,  Error =2.2628705096394697e-06
Completed 84 % :  mod = 2.5534146601550935e-11,  Error =2.2895813174272917e-06
Completed 85 % :  mod = 2.087517808394842e-11,  Error =2.3164429521216334e-06
Completed 86 % :  mod = 1.570543925987461e-11,  Error =2.3434841196490197e-06
Completed 87 % :  mod = 1.1264791920793471e-11,  Error =2.3706566949499575e-06
Completed 88 % :  mod = 7.881562024025034e-12,  Error =2.397904673046014e-06
Completed 89 % :  mod = 5.447449388310929e-12,  Error =2.4251900470062537e-06
Completed 90 % :  mod = 3.743060352544287e-12,  Error =2.452499991534296e-06
Completed 91 % :  mod = 2.5648656005665214e-12,  Error =2.4798184696805947e-06
Completed 92 % :  mod = 1.7552573038447884e-12,  Error =2.507141708463223e-06
Completed 93 % :  mod = 1.200492205494159e-12,  Error =2.5344662759607672e-06
Completed 94 % :  mod = 8.208505460773076e-13,  Error =2.5617926340260055e-06
Completed 95 % :  mod = 5.612392591964702e-13,  Error =2.589118359708209e-06
Completed 96 % :  mod = 3.837722586988068e-13,  Error =2.616443417480241e-06
Completed 97 % :  mod = 2.6250239171956453e-13,  Error =2.643768603149965e-06
Completed 98 % :  mod = 1.7967835830271852e-13,  Error =2.671093795925117e-06
Completed 99 % :  mod = 1.2317705934127856e-13,  Error =2.6984189034351402e-06
Completed 100 % :  mod = 8.471992652500886e-14,  Error =2.7257438262040523e-06
Finished 15/201 frames
Finished all frames!
