/opt/local/miniconda_23_9/lib/python3.11/site-packages/conda/base/context.py:201: FutureWarning: Adding 'defaults' to channel list implicitly is deprecated and will be removed in 25.3. 

To remove this warning, please choose a default channel explicitly with conda's regular configuration system, e.g. by adding 'defaults' to the list of channels:

  conda config --add channels defaults

For more information see https://docs.conda.io/projects/conda/en/stable/user-guide/configuration/use-condarc.html

  deprecated.topic(
JOB 13897 ARRAY_ID 26  -> i=26 ; range=[1.9e-10, 5.0e-10] ; intervals=200 (frames=201)
Analytic t0 extension enabled (--extend-time-using-t0).
Density options: centers='2.0e-10,4.0e-10' width='2.0e-11,5.0e-11' strength='7.0'
Extending simulation time for p0=2.142e-10 from 10000000000.0 to 1.516e+10
Completed 0 % :  mod = 1.713537730264002e-16,  Error =-1.4210854715202004e-14
Completed 1 % :  mod = 1.855231949396988e-16,  Error =1.566625229543206e-08
Completed 2 % :  mod = 2.3037482799298615e-16,  Error =3.1332575645137695e-08
Completed 3 % :  mod = 3.133263372464382e-16,  Error =4.6998913205698045e-08
Completed 4 % :  mod = 4.480964069699357e-16,  Error =6.266437679869341e-08
Completed 5 % :  mod = 6.56973593148733e-16,  Error =7.833092041664713e-08
Completed 6 % :  mod = 9.74502445899075e-16,  Error =9.399813194477247e-08
Completed 7 % :  mod = 1.4531581108487738e-15,  Error =1.0966337526951975e-07
Completed 8 % :  mod = 2.172165652572537e-15,  Error =1.2532970572465274e-07
Completed 9 % :  mod = 3.2504104887946006e-15,  Error =1.409961072340593e-07
Completed 10 % :  mod = 4.866215011335681e-15,  Error =1.5666226005350836e-07
Completed 11 % :  mod = 7.286804335362878e-15,  Error =1.7232810733958104e-07
Completed 12 % :  mod = 1.0912500579713286e-14,  Error =1.8799440226757724e-07
Completed 13 % :  mod = 1.634292891021683e-14,  Error =2.0366066877386402e-07
Completed 14 % :  mod = 2.4475532680373355e-14,  Error =2.1932578420091886e-07
Completed 15 % :  mod = 3.6656385370383024e-14,  Error =2.3499283230421497e-07
Completed 16 % :  mod = 5.489954362437158e-14,  Error =2.5065914854849325e-07
Completed 17 % :  mod = 8.222208910763523e-14,  Error =2.6632596217268656e-07
Completed 18 % :  mod = 1.2314264774359198e-13,  Error =2.8199205814871675e-07
Completed 19 % :  mod = 1.8442863324092202e-13,  Error =2.976587794023544e-07
Completed 20 % :  mod = 2.7620790911612134e-13,  Error =3.1332361061231495e-07
Completed 21 % :  mod = 4.136701066741559e-13,  Error =3.2898844892770285e-07
Completed 22 % :  mod = 6.19539770526824e-13,  Error =3.446550067565113e-07
Completed 23 % :  mod = 9.278495139551376e-13,  Error =3.60320477454934e-07
Completed 24 % :  mod = 1.3895393954546363e-12,  Error =3.759862394758784e-07
Completed 25 % :  mod = 2.0808005788735076e-12,  Error =3.9165083620673613e-07
Completed 26 % :  mod = 3.1154044188154456e-12,  Error =4.073155608352863e-07
Completed 27 % :  mod = 4.66248391047313e-12,  Error =4.229737484706675e-07
Completed 28 % :  mod = 6.97191638578791e-12,  Error =4.386260172850598e-07
Completed 29 % :  mod = 1.0404909077391633e-11,  Error =4.542597480394761e-07
Completed 30 % :  mod = 1.546090881323383e-11,  Error =4.698537665603908e-07
Completed 31 % :  mod = 2.2754348413349236e-11,  Error =4.853626478507067e-07
Completed 32 % :  mod = 3.280104246657846e-11,  Error =5.006953003316994e-07
Completed 33 % :  mod = 4.5298277813494336e-11,  Error =5.157016715884311e-07
Completed 34 % :  mod = 5.768088545110725e-11,  Error =5.302142085383821e-07
Completed 35 % :  mod = 6.448807062250784e-11,  Error =5.442508737019125e-07
Completed 36 % :  mod = 6.134884579082269e-11,  Error =5.581869899629055e-07
Completed 37 % :  mod = 5.040242262857198e-11,  Error =5.724931568806824e-07
Completed 38 % :  mod = 3.7467217557491315e-11,  Error =5.873237753917238e-07
Completed 39 % :  mod = 2.6339730790970854e-11,  Error =6.025495764561128e-07
Completed 40 % :  mod = 1.801074786210668e-11,  Error =6.180043143899638e-07
Completed 41 % :  mod = 1.2155986800255919e-11,  Error =6.335730446949128e-07
Completed 42 % :  mod = 8.155877736605956e-12,  Error =6.491946393794024e-07
Completed 43 % :  mod = 5.457453301933741e-12,  Error =6.648396109198984e-07
Completed 44 % :  mod = 3.64745095914735e-12,  Error =6.804978127661343e-07
Completed 45 % :  mod = 2.4364474108480128e-12,  Error =6.961602281307933e-07
Completed 46 % :  mod = 1.6271293004692365e-12,  Error =7.118241569514794e-07
Completed 47 % :  mod = 1.0865630748166829e-12,  Error =7.27489108953705e-07
Completed 48 % :  mod = 7.255399067186785e-13,  Error =7.431552830894361e-07
Completed 49 % :  mod = 4.84474805705161e-13,  Error =7.588225372501256e-07
Completed 50 % :  mod = 3.2352327299736756e-13,  Error =7.744906298512433e-07
Completed 51 % :  mod = 2.16073757023213e-13,  Error =7.901565837187263e-07
Completed 52 % :  mod = 1.4435809939335765e-13,  Error =8.058226086404829e-07
Completed 53 % :  mod = 9.651642903326121e-14,  Error =8.214892659452744e-07
Completed 54 % :  mod = 6.463847589127494e-14,  Error =8.371540474172434e-07
Completed 55 % :  mod = 4.3447989133955785e-14,  Error =8.528214578973348e-07
Completed 56 % :  mod = 2.944301613671092e-14,  Error =8.684865306918255e-07
Completed 57 % :  mod = 2.0307389600433363e-14,  Error =8.841533372105914e-07
Completed 58 % :  mod = 1.45302416562143e-14,  Error =8.998199589882461e-07
Completed 59 % :  mod = 1.1156135768362735e-14,  Error =9.154855789006433e-07
Completed 60 % :  mod = 9.627102330778248e-15,  Error =9.311507085385529e-07
Completed 61 % :  mod = 9.690062140958547e-15,  Error =9.468166695114633e-07
Completed 62 % :  mod = 1.1355585009550967e-14,  Error =9.624835257682207e-07
Completed 63 % :  mod = 1.4899118632226488e-14,  Error =9.781499201722e-07
Completed 64 % :  mod = 2.090669999421001e-14,  Error =9.938164993172904e-07
Completed 65 % :  mod = 3.0371875224076556e-14,  Error =1.0094828866158423e-06
Completed 66 % :  mod = 4.486001360895141e-14,  Error =1.0251490820678555e-06
Completed 67 % :  mod = 6.676542843116044e-14,  Error =1.0408145811879876e-06
Completed 68 % :  mod = 9.971379468375015e-14,  Error =1.0564814303393177e-06
Completed 69 % :  mod = 1.491529551874028e-13,  Error =1.0721492813559053e-06
Completed 70 % :  mod = 2.2325906153099413e-13,  Error =1.0878152423288157e-06
Completed 71 % :  mod = 3.342872601098259e-13,  Error =1.103480805397794e-06
Completed 72 % :  mod = 5.005973481406747e-13,  Error =1.1191464253101913e-06
Completed 73 % :  mod = 7.496863725164562e-13,  Error =1.1348116117915197e-06
Completed 74 % :  mod = 1.1226935390055329e-12,  Error =1.1504763506309246e-06
Completed 75 % :  mod = 1.6812709007311964e-12,  Error =1.1661426029263566e-06
Completed 76 % :  mod = 2.5174865957684264e-12,  Error =1.181806439376487e-06
Completed 77 % :  mod = 3.768660349573615e-12,  Error =1.197469011060548e-06
Completed 78 % :  mod = 5.638443701402377e-12,  Error =1.213126303412082e-06
Completed 79 % :  mod = 8.425128541944719e-12,  Error =1.228771552064245e-06
Completed 80 % :  mod = 1.2552880732563487e-11,  Error =1.2443887769109097e-06
Completed 81 % :  mod = 1.8585441214639445e-11,  Error =1.2599508849575614e-06
Completed 82 % :  mod = 2.7138485640174044e-11,  Error =1.2753921510011423e-06
Completed 83 % :  mod = 3.847780328996626e-11,  Error =1.2905938717722165e-06
Completed 84 % :  mod = 5.143822352351521e-11,  Error =1.305385367800227e-06
Completed 85 % :  mod = 6.19660519754858e-11,  Error =1.319651062203775e-06
Completed 86 % :  mod = 6.428290793591248e-11,  Error =1.3335749358134308e-06
Completed 87 % :  mod = 5.6800408081431e-11,  Error =1.3476405555934434e-06
Completed 88 % :  mod = 4.423426067521969e-11,  Error =1.362198148058269e-06
Completed 89 % :  mod = 3.18813219621394e-11,  Error =1.3772360034636222e-06
Completed 90 % :  mod = 2.2065108370883127e-11,  Error =1.3925877198062153e-06
Completed 91 % :  mod = 1.4976312836082084e-11,  Error =1.408106868439063e-06
Completed 92 % :  mod = 1.0073795612458533e-11,  Error =1.4237051146892554e-06
Completed 93 % :  mod = 6.748548134879209e-12,  Error =1.4393411262858535e-06
Completed 94 % :  mod = 4.512780254033778e-12,  Error =1.4549927058737921e-06
Completed 95 % :  mod = 3.0151679648671146e-12,  Error =1.4706524424923373e-06
Completed 96 % :  mod = 2.0138240406939373e-12,  Error =1.486314992860116e-06
Completed 97 % :  mod = 1.3448195045181756e-12,  Error =1.501979753015803e-06
Completed 98 % :  mod = 8.98012318346489e-13,  Error =1.5176452379250804e-06
Completed 99 % :  mod = 5.996572831484527e-13,  Error =1.5333113694282474e-06
Completed 100 % :  mod = 4.004667486740032e-13,  Error =1.548975745890857e-06
Finished 27/201 frames
Finished all frames!
