/opt/local/miniconda_23_9/lib/python3.11/site-packages/conda/base/context.py:201: FutureWarning: Adding 'defaults' to channel list implicitly is deprecated and will be removed in 25.3. 

To remove this warning, please choose a default channel explicitly with conda's regular configuration system, e.g. by adding 'defaults' to the list of channels:

  conda config --add channels defaults

For more information see https://docs.conda.io/projects/conda/en/stable/user-guide/configuration/use-condarc.html

  deprecated.topic(
JOB 13365 ARRAY_ID 11  -> i=11 ; range=[1.9e-10, 6.0e-10] ; intervals=200 (frames=201)
Density options: centers='2.0e-10,4.0e-10' width='5e-11,5e-11' strength=''
Completed 0 % :  mod = 1.6226771801642324e-16,  Error =-1.4210854715202004e-14
Completed 1 % :  mod = 1.6341902195907845e-16,  Error =8.308624899200368e-09
Completed 2 % :  mod = 1.668892670886244e-16,  Error =1.6617548226349754e-08
Completed 3 % :  mod = 1.7272770285985307e-16,  Error =2.4925746799908666e-08
Completed 4 % :  mod = 1.8101717104922016e-16,  Error =3.323390984633079e-08
Completed 5 % :  mod = 1.918753019614083e-16,  Error =4.1542747908351885e-08
Completed 6 % :  mod = 2.0545617804463537e-16,  Error =4.98521188774248e-08
Completed 7 % :  mod = 2.2195251066813514e-16,  Error =5.816088588517232e-08
Completed 8 % :  mod = 2.4159838817124856e-16,  Error =6.646959604950098e-08
Completed 9 % :  mod = 2.6467258748100615e-16,  Error =7.477830621382964e-08
Completed 10 % :  mod = 2.915025335155275e-16,  Error =8.308687426961114e-08
Completed 11 % :  mod = 3.2246894995531663e-16,  Error =9.139561285564923e-08
Completed 12 % :  mod = 3.580112567001564e-16,  Error =9.970511172241459e-08
Completed 13 % :  mod = 3.9863380613884303e-16,  Error =1.0801347372080272e-07
Completed 14 % :  mod = 4.449130411049178e-16,  Error =1.1632172203235314e-07
Completed 15 % :  mod = 4.975056613206625e-16,  Error =1.2463056009437423e-07
Completed 16 % :  mod = 5.571579732263576e-16,  Error =1.3293902156874537e-07
Completed 17 % :  mod = 6.24716454627669e-16,  Error =1.4124776726021082e-07
Completed 18 % :  mod = 7.011397562591548e-16,  Error =1.495567403253517e-07
Completed 19 % :  mod = 7.875123551757578e-16,  Error =1.5786604024015105e-07
Completed 20 % :  mod = 8.850598943002775e-16,  Error =1.66174736193625e-07
Completed 21 % :  mod = 9.951665785486393e-16,  Error =1.7448284950205561e-07
Completed 22 % :  mod = 1.1193948484418855e-15,  Error =1.8279285995959071e-07
Completed 23 % :  mod = 1.2595075306071116e-15,  Error =1.911020675038344e-07
Completed 24 % :  mod = 1.4174928331593252e-15,  Error =1.994105858216244e-07
Completed 25 % :  mod = 1.5955926044142186e-15,  Error =2.0771992126356054e-07
Completed 26 % :  mod = 1.7963341079457255e-15,  Error =2.1602848221391469e-07
Completed 27 % :  mod = 2.0225658910502366e-15,  Error =2.2433615498584913e-07
Completed 28 % :  mod = 2.277498242408853e-15,  Error =2.3264382775778358e-07
Completed 28 % :  mod = 2.5647486796281506e-15,  Error =2.409528150337792e-07
Completed 30 % :  mod = 2.8883933349406025e-15,  Error =2.4926078623366266e-07
Completed 31 % :  mod = 3.2530248025814527e-15,  Error =2.5757039168183837e-07
Completed 32 % :  mod = 3.6638172491732605e-15,  Error =2.6587790813437095e-07
Completed 33 % :  mod = 4.126599887888714e-15,  Error =2.741870588351958e-07
Completed 34 % :  mod = 4.647939702405546e-15,  Error =2.8249517924905376e-07
Completed 35 % :  mod = 5.235234575139198e-15,  Error =2.9080311492180044e-07
Completed 36 % :  mod = 5.896818321086038e-15,  Error =2.9911146270933386e-07
Completed 37 % :  mod = 6.642078945337741e-15,  Error =3.074205423558851e-07
Completed 38 % :  mod = 7.481591800289853e-15,  Error =3.1572928804735056e-07
Completed 39 % :  mod = 8.427269723937755e-15,  Error =3.240377637325764e-07
Completed 40 % :  mod = 9.492532063067894e-15,  Error =3.323465236348966e-07
Completed 41 % :  mod = 1.0692495039621683e-14,  Error =3.4065408982542067e-07
Completed 42 % :  mod = 1.2044186352055479e-14,  Error =3.48962217344706e-07
Completed 43 % :  mod = 1.3566786715336466e-14,  Error =3.572704869725385e-07
Completed 44 % :  mod = 1.5281902043379055e-14,  Error =3.6557944582682467e-07
Completed 45 % :  mod = 1.721387012413733e-14,  Error =3.738880280934609e-07
Completed 46 % :  mod = 1.9390105848138293e-14,  Error =3.8219719300514043e-07
Completed 47 % :  mod = 2.1841490291753032e-14,  Error =3.905054626329729e-07
Completed 48 % :  mod = 2.4602808962448337e-14,  Error =3.988148051803364e-07
Completed 49 % :  mod = 2.7713245278816922e-14,  Error =4.071230748081689e-07
Completed 50 % :  mod = 3.121693665060243e-14,  Error =4.1543185602677113e-07
Completed 51 % :  mod = 3.516360079876615e-14,  Error =4.23740530663963e-07
Completed 52 % :  mod = 3.960924109813392e-14,  Error =4.320488784514964e-07
Completed 53 % :  mod = 4.461694131086684e-14,  Error =4.403575388778336e-07
Completed 54 % :  mod = 5.025776069866129e-14,  Error =4.486662703584443e-07
Completed 55 % :  mod = 5.661174211246602e-14,  Error =4.569750089444824e-07
Completed 56 % :  mod = 6.376904777737912e-14,  Error =4.652844509678289e-07
Completed 56 % :  mod = 7.18312384365789e-14,  Error =4.735932535027132e-07
Completed 57 % :  mod = 8.09127140748027e-14,  Error =4.819018784019136e-07
Completed 59 % :  mod = 9.114233690688615e-14,  Error =4.902103754034215e-07
Completed 60 % :  mod = 1.0266525915792062e-13,  Error =4.985190003026219e-07
Completed 61 % :  mod = 1.1564498173692014e-13,  Error =5.068280088948995e-07
Completed 62 % :  mod = 1.302656730040935e-13,  Error =5.151373727585451e-07
Completed 63 % :  mod = 1.467347799324009e-13,  Error =5.234458200220615e-07
Completed 64 % :  mod = 1.65285968842527e-13,  Error =5.317539688576289e-07
Completed 65 % :  mod = 1.8618243699445867e-13,  Error =5.400630627150349e-07
Completed 66 % :  mod = 2.0972064113583927e-13,  Error =5.483716378762438e-07
Completed 67 % :  mod = 2.362344955825436e-13,  Error =5.56680419094846e-07
Completed 68 % :  mod = 2.6610009812935397e-13,  Error =5.649894632142605e-07
Completed 69 % :  mod = 2.997410488852504e-13,  Error =5.732993457741031e-07
Completed 70 % :  mod = 3.3763443580340145e-13,  Error =5.816076082965083e-07
Completed 71 % :  mod = 3.803175682111958e-13,  Error =5.899173842749406e-07
Completed 72 % :  mod = 4.2839554898860845e-13,  Error =5.982268191928597e-07
Completed 73 % :  mod = 4.825497866721555e-13,  Error =6.065360125262487e-07
Completed 74 % :  mod = 5.435475582541056e-13,  Error =6.148439837261321e-07
Completed 75 % :  mod = 6.122527446373379e-13,  Error =6.231527507338797e-07
Completed 76 % :  mod = 6.896378718520267e-13,  Error =6.314606579849169e-07
Completed 77 % :  mod = 7.767976005669377e-13,  Error =6.397680536451844e-07
Completed 78 % :  mod = 8.749638154034426e-13,  Error =6.480764795924188e-07
Completed 79 % :  mod = 9.855224714044937e-13,  Error =6.563846994822597e-07
Completed 80 % :  mod = 1.1100323548869806e-12,  Error =6.64693203589195e-07
Completed 81 % :  mod = 1.2502459089202498e-12,  Error =6.730022832357463e-07
Completed 82 % :  mod = 1.4081322535094859e-12,  Error =6.813106594449891e-07
Completed 83 % :  mod = 1.5859024905738514e-12,  Error =6.896181261595302e-07
Completed 84 % :  mod = 1.7860373169901973e-12,  Error =6.979257989314647e-07
Completed 85 % :  mod = 2.0113168594131382e-12,  Error =7.062343527763915e-07
Completed 86 % :  mod = 2.2648524742934563e-12,  Error =7.145417981746505e-07
Completed 87 % :  mod = 2.5501200010284683e-12,  Error =7.228481706533785e-07
Completed 88 % :  mod = 2.870993575966801e-12,  Error =7.311548273492008e-07
Completed 89 % :  mod = 3.2317785607351683e-12,  Error =7.394607095534411e-07
Completed 90 % :  mod = 3.637241343142232e-12,  Error =7.477671886135795e-07
Completed 91 % :  mod = 4.092632637990916e-12,  Error =7.560719836874341e-07
Completed 92 % :  mod = 4.603699331879297e-12,  Error =7.643758337394502e-07
Completed 93 % :  mod = 5.176677731825238e-12,  Error =7.726787032424909e-07
Completed 94 % :  mod = 5.8182581141757415e-12,  Error =7.809795832258715e-07
Completed 95 % :  mod = 6.535506541998039e-12,  Error =7.89279191337755e-07
Completed 96 % :  mod = 7.335724864633784e-12,  Error =7.975758791189946e-07
Completed 97 % :  mod = 8.226223579504983e-12,  Error =8.058694476176242e-07
Completed 98 % :  mod = 9.21397503849413e-12,  Error =8.141587883869761e-07
Completed 99 % :  mod = 1.0305107063881027e-11,  Error =8.224435674719643e-07
Completed 100 % :  mod = 1.1504191100195568e-11,  Error =8.307213335001506e-07
Finished 12/201 frames
Finished all frames!
