/opt/local/miniconda_23_9/lib/python3.11/site-packages/conda/base/context.py:201: FutureWarning: Adding 'defaults' to channel list implicitly is deprecated and will be removed in 25.3. 

To remove this warning, please choose a default channel explicitly with conda's regular configuration system, e.g. by adding 'defaults' to the list of channels:

  conda config --add channels defaults

For more information see https://docs.conda.io/projects/conda/en/stable/user-guide/configuration/use-condarc.html

  deprecated.topic(
JOB 13947 ARRAY_ID 76  -> i=76 ; range=[1.9e-10, 5.0e-10] ; intervals=200 (frames=201)
Analytic t0 extension enabled (--extend-time-using-t0).
Density options: centers='2.0e-10,4.0e-10' width='2.0e-11,5.0e-11' strength='7.0'
Completed 0 % :  mod = 2.790447805205581e-16,  Error =-1.4210854715202004e-14
Completed 1 % :  mod = 3.894519263391061e-16,  Error =7.26615994040003e-08
Completed 2 % :  mod = 8.080409796660604e-16,  Error =1.453223958947092e-07
Completed 3 % :  mod = 1.8660506987055016e-15,  Error =2.1798460636546224e-07
Completed 4 % :  mod = 4.400707527857999e-15,  Error =2.906458789198041e-07
Completed 5 % :  mod = 1.0417741405766893e-14,  Error =3.6330725095012895e-07
Completed 6 % :  mod = 2.4678564085727277e-14,  Error =4.35969262468916e-07
Completed 7 % :  mod = 5.846807916885413e-14,  Error =5.086308974000531e-07
Completed 8 % :  mod = 1.3852467115156277e-13,  Error =5.812928947079854e-07
Completed 9 % :  mod = 3.281988196974139e-13,  Error =6.539545154282678e-07
Completed 10 % :  mod = 7.775829339881729e-13,  Error =7.266157098229087e-07
Completed 11 % :  mod = 1.842272147985542e-12,  Error =7.992766413167374e-07
Completed 12 % :  mod = 4.3646130270266455e-12,  Error =8.719315545135942e-07
Completed 13 % :  mod = 1.0338387987936359e-11,  Error =9.445540101182814e-07
Completed 14 % :  mod = 2.4461491695909117e-11,  Error =1.0169972952667194e-06
Completed 15 % :  mod = 5.75201148970363e-11,  Error =1.0884525920573651e-06
Completed 16 % :  mod = 1.3050449251647467e-10,  Error =1.1549680891675962e-06
Completed 17 % :  mod = 2.404125246289958e-10,  Error =1.2054291644858495e-06
Completed 18 % :  mod = 2.0207433047992953e-10,  Error =1.245608189037739e-06
Completed 19 % :  mod = 9.803364700420292e-11,  Error =1.3037093609113981e-06
Completed 20 % :  mod = 4.170107123378991e-11,  Error =1.3728961718584287e-06
Completed 21 % :  mod = 2.1448254716540657e-11,  Error =1.4448371388198211e-06
Completed 22 % :  mod = 1.5480398741065183e-11,  Error =1.5172727998447044e-06
Completed 23 % :  mod = 2.1079747274652794e-11,  Error =1.5896996998776558e-06
Completed 24 % :  mod = 4.5560953255626646e-11,  Error =1.6615650508811086e-06
Completed 25 % :  mod = 1.0283788068051725e-10,  Error =1.7304616335422907e-06
Completed 26 % :  mod = 2.015258035756244e-10,  Error =1.787458472790604e-06
Completed 27 % :  mod = 2.456357088923239e-10,  Error =1.8273693527248724e-06
Completed 28 % :  mod = 1.2341453146300613e-10,  Error =1.878763079332657e-06
Completed 28 % :  mod = 5.7840015047376815e-11,  Error =1.9453880213404773e-06
Completed 30 % :  mod = 3.4007437305884264e-11,  Error =2.016603474430667e-06
Completed 31 % :  mod = 2.9757301311660066e-11,  Error =2.0886007519038685e-06
Completed 32 % :  mod = 4.892485195636845e-11,  Error =2.1601085933298236e-06
Completed 33 % :  mod = 1.1555703021276695e-10,  Error =2.228197637066387e-06
Completed 34 % :  mod = 2.099945879842239e-10,  Error =2.2838075324216334e-06
Completed 35 % :  mod = 2.2952119507174623e-10,  Error =2.322944553156958e-06
Completed 36 % :  mod = 1.2516481595701483e-10,  Error =2.3760716274523475e-06
Completed 37 % :  mod = 5.323378106567469e-11,  Error =2.4431828720139492e-06
Completed 38 % :  mod = 3.290322373142977e-11,  Error =2.514478680382126e-06
Completed 39 % :  mod = 3.425658706353804e-11,  Error =2.586417288341636e-06
Completed 40 % :  mod = 5.553081070070284e-11,  Error =2.6576418363788434e-06
Completed 41 % :  mod = 1.2598420089664136e-10,  Error =2.7243933260479025e-06
Completed 42 % :  mod = 2.3918151389655815e-10,  Error =2.776502974199957e-06
Completed 43 % :  mod = 2.0286595820039045e-10,  Error =2.8159444696029823e-06
Completed 44 % :  mod = 1.0969810249937178e-10,  Error =2.8724334342200564e-06
Completed 45 % :  mod = 4.719492966654505e-11,  Error =2.9409622541720637e-06
Completed 46 % :  mod = 2.5898649973763038e-11,  Error =3.0126418053555426e-06
Completed 47 % :  mod = 2.6571928454901638e-11,  Error =3.084838695599501e-06
Completed 48 % :  mod = 4.4767503675209236e-11,  Error =3.156644879709347e-06
Completed 49 % :  mod = 9.240575515396489e-11,  Error =3.225823668628891e-06
Completed 50 % :  mod = 2.063156022719467e-10,  Error =3.2839257855243886e-06
Completed 51 % :  mod = 2.417330029658811e-10,  Error =3.3248836501797996e-06
Completed 52 % :  mod = 1.2704206337361713e-10,  Error =3.3747279388762763e-06
Completed 53 % :  mod = 6.486897423920382e-11,  Error =3.4409586078254506e-06
Completed 54 % :  mod = 3.180583609442165e-11,  Error =3.5120656320941634e-06
Completed 55 % :  mod = 2.6692394583415772e-11,  Error =3.584105293441553e-06
Completed 56 % :  mod = 4.7238471223877763e-11,  Error =3.655824805548491e-06
Completed 56 % :  mod = 9.668458855348207e-11,  Error =3.7250048947612413e-06
Completed 57 % :  mod = 1.891535389442164e-10,  Error =3.7833654289443075e-06
Completed 59 % :  mod = 2.5690104952085836e-10,  Error =3.824130708096618e-06
Completed 60 % :  mod = 1.2990194939231894e-10,  Error =3.873498322093383e-06
Completed 61 % :  mod = 6.571718127882103e-11,  Error =3.938982175100136e-06
Completed 62 % :  mod = 4.3987968220154053e-11,  Error =4.009658503889568e-06
Completed 63 % :  mod = 4.4852666894043205e-11,  Error =4.0810317116779515e-06
Completed 64 % :  mod = 8.090611207031254e-11,  Error =4.150676879532966e-06
Completed 65 % :  mod = 1.8760039764861004e-10,  Error =4.211784876417823e-06
Completed 66 % :  mod = 2.415024988469699e-10,  Error =4.25547451499142e-06
Completed 67 % :  mod = 1.508366831366677e-10,  Error =4.301071570012027e-06
Completed 68 % :  mod = 8.496261481385825e-11,  Error =4.364647431032154e-06
Completed 69 % :  mod = 4.600917912926667e-11,  Error =4.4345131939849125e-06
Completed 70 % :  mod = 5.1784377547397357e-11,  Error =4.505332363180514e-06
Completed 71 % :  mod = 1.1131461424331822e-10,  Error =4.573644531546961e-06
Completed 72 % :  mod = 1.9040730346759586e-10,  Error =4.631657482434548e-06
Completed 73 % :  mod = 2.381292847406002e-10,  Error =4.6715514159245686e-06
Completed 74 % :  mod = 1.4496685126792612e-10,  Error =4.721769883531124e-06
Completed 75 % :  mod = 6.099821917107293e-11,  Error =4.787232199987557e-06
Completed 76 % :  mod = 4.039288696566582e-11,  Error =4.8579400413473195e-06
Completed 77 % :  mod = 4.881023922487696e-11,  Error =4.929345436721633e-06
Completed 78 % :  mod = 7.932836460920258e-11,  Error =4.999148245588003e-06
Completed 79 % :  mod = 1.7110955735981128e-10,  Error =5.060550449798029e-06
Completed 80 % :  mod = 2.643024978333961e-10,  Error =5.104576189296495e-06
Completed 81 % :  mod = 1.465354295676754e-10,  Error =5.149262236159302e-06
Completed 82 % :  mod = 8.635360862453944e-11,  Error =5.21202093040074e-06
Completed 83 % :  mod = 5.409609293823839e-11,  Error =5.281623323583062e-06
Completed 84 % :  mod = 5.455110741715683e-11,  Error =5.352180551199126e-06
Completed 85 % :  mod = 1.1128159701241238e-10,  Error =5.419800366723848e-06
Completed 86 % :  mod = 2.2011627570067214e-10,  Error =5.475876371008326e-06
Completed 87 % :  mod = 2.1822561126515172e-10,  Error =5.515742188322292e-06
Completed 88 % :  mod = 1.3147089874609825e-10,  Error =5.567798417871472e-06
Completed 89 % :  mod = 6.082725001243773e-11,  Error =5.634477844296271e-06
Completed 90 % :  mod = 3.5519544458859e-11,  Error =5.705453794746518e-06
Completed 91 % :  mod = 4.46073255516729e-11,  Error =5.776996395923106e-06
Completed 92 % :  mod = 8.443185727781075e-11,  Error =5.846958998745322e-06
Completed 93 % :  mod = 1.5694790517246554e-10,  Error =5.909196076459011e-06
Completed 94 % :  mod = 2.639221365435747e-10,  Error =5.952780867346519e-06
Completed 95 % :  mod = 1.6048016518701784e-10,  Error =5.997690621484253e-06
Completed 96 % :  mod = 7.501568766626194e-11,  Error =6.060450559175479e-06
Completed 97 % :  mod = 4.036166153490208e-11,  Error =6.13080883482553e-06
Completed 98 % :  mod = 2.7863760000926385e-11,  Error =6.202696503976313e-06
Completed 99 % :  mod = 3.953016311386088e-11,  Error =6.274517197368823e-06
Completed 100 % :  mod = 8.941611544233592e-11,  Error =6.344354069653946e-06
Finished 77/201 frames
Finished all frames!
