/opt/local/miniconda_23_9/lib/python3.11/site-packages/conda/base/context.py:201: FutureWarning: Adding 'defaults' to channel list implicitly is deprecated and will be removed in 25.3. 

To remove this warning, please choose a default channel explicitly with conda's regular configuration system, e.g. by adding 'defaults' to the list of channels:

  conda config --add channels defaults

For more information see https://docs.conda.io/projects/conda/en/stable/user-guide/configuration/use-condarc.html

  deprecated.topic(
JOB 13414 ARRAY_ID 60  -> i=60 ; range=[1.9e-10, 6.0e-10] ; intervals=200 (frames=201)
Density options: centers='2.0e-10,4.0e-10' width='5e-11,5e-11' strength=''
Completed 0 % :  mod = 2.227933084313296e-16,  Error =-1.4210854715202004e-14
Completed 1 % :  mod = 2.6796053715129037e-16,  Error =2.952735655981087e-08
Completed 2 % :  mod = 4.217758641407296e-16,  Error =5.9053242296158714e-08
Completed 3 % :  mod = 7.466057268408082e-16,  Error =8.857877986656604e-08
Completed 4 % :  mod = 1.3741566350030971e-15,  Error =1.1810591615812882e-07
Completed 5 % :  mod = 2.558877290945872e-15,  Error =1.4763275402174258e-07
Completed 6 % :  mod = 4.781128174466906e-15,  Error =1.7715932187911676e-07
Completed 7 % :  mod = 8.941949932520232e-15,  Error =2.0668534972401176e-07
Completed 8 % :  mod = 1.6728402082144824e-14,  Error =2.3621231548531796e-07
Completed 9 % :  mod = 3.129760326614679e-14,  Error =2.657392599303421e-07
Completed 10 % :  mod = 5.8556825608056e-14,  Error =2.952658348931436e-07
Completed 11 % :  mod = 1.0955867127208906e-13,  Error =3.247928574978687e-07
Completed 12 % :  mod = 2.049824674491767e-13,  Error =3.543201358979786e-07
Completed 13 % :  mod = 3.835187925679939e-13,  Error =3.838475066686442e-07
Completed 14 % :  mod = 7.175559161626436e-13,  Error =4.133747779633268e-07
Completed 15 % :  mod = 1.3425229652229565e-12,  Error =4.4290116107958966e-07
Completed 16 % :  mod = 2.5117516346488536e-12,  Error =4.7242673417713377e-07
Completed 17 % :  mod = 4.698866724194712e-12,  Error =5.01947958753135e-07
Completed 18 % :  mod = 8.787688879449005e-12,  Error =5.314538142897618e-07
Completed 19 % :  mod = 1.6416639096692255e-11,  Error =5.609054412047954e-07
Completed 20 % :  mod = 3.055233496654429e-11,  Error =5.901718012069068e-07
Completed 21 % :  mod = 5.61132289051899e-11,  Error =6.188165926346301e-07
Completed 22 % :  mod = 9.850438487151043e-11,  Error =6.455723493559162e-07
Completed 23 % :  mod = 1.497782115680114e-10,  Error =6.681341488956605e-07
Completed 24 % :  mod = 1.610755897985284e-10,  Error =6.868485300515204e-07
Completed 25 % :  mod = 1.1488887365641493e-10,  Error =7.078312691533029e-07
Completed 26 % :  mod = 6.756312976000317e-11,  Error =7.335218015214195e-07
Completed 27 % :  mod = 3.71587126479333e-11,  Error =7.617656621050628e-07
Completed 28 % :  mod = 1.996348661169661e-11,  Error =7.909075065981597e-07
Completed 28 % :  mod = 1.075956894949243e-11,  Error =8.203231303127723e-07
Completed 30 % :  mod = 5.7969479943572755e-12,  Error =8.498177663796014e-07
Completed 31 % :  mod = 3.1855559815939495e-12,  Error =8.79334230319273e-07
Completed 32 % :  mod = 1.8828415039521136e-12,  Error =9.088590999795088e-07
Completed 33 % :  mod = 1.328857800954324e-12,  Error =9.38384914661583e-07
Completed 34 % :  mod = 1.3160138236892842e-12,  Error =9.679116885763506e-07
Completed 35 % :  mod = 1.8445410879439504e-12,  Error =9.974385690725285e-07
Completed 36 % :  mod = 3.1106593726596536e-12,  Error =1.0269633463622085e-06
Completed 37 % :  mod = 5.632428234105339e-12,  Error =1.0564816435021385e-06
Completed 38 % :  mod = 1.0474922570393715e-11,  Error =1.0859785817274314e-06
Completed 39 % :  mod = 1.9440659621978078e-11,  Error =1.1153997760970924e-06
Completed 40 % :  mod = 3.6097507292036786e-11,  Error =1.1445619136907226e-06
Completed 41 % :  mod = 6.595188414311097e-11,  Error =1.1728695099577635e-06
Completed 42 % :  mod = 1.125014050084686e-10,  Error =1.1987274746161347e-06
Completed 43 % :  mod = 1.596991753827669e-10,  Error =1.2199222680919775e-06
Completed 44 % :  mod = 1.519134349667966e-10,  Error =1.2385941161596747e-06
Completed 45 % :  mod = 1.0058730558580667e-10,  Error =1.2609317394662867e-06
Completed 46 % :  mod = 5.762342091433721e-11,  Error =1.2875554489255592e-06
Completed 47 % :  mod = 3.1457246769072506e-11,  Error =1.3161507155246e-06
Completed 48 % :  mod = 1.6863691088777184e-11,  Error =1.345402324659517e-06
Completed 49 % :  mod = 9.096100884465969e-12,  Error =1.374849709634418e-06
Completed 50 % :  mod = 4.924043287900169e-12,  Error =1.4043542790886931e-06
Completed 51 % :  mod = 2.7479347418268177e-12,  Error =1.433874281531189e-06
Completed 52 % :  mod = 1.7028350621986244e-12,  Error =1.4633982559075775e-06
Completed 53 % :  mod = 1.3351898439151487e-12,  Error =1.4929241842764895e-06
Completed 54 % :  mod = 1.50925369622358e-12,  Error =1.5224513632006165e-06
Completed 55 % :  mod = 2.305865466124082e-12,  Error =1.551976765767904e-06
Completed 56 % :  mod = 4.024805239434515e-12,  Error =1.5814995109053598e-06
Completed 56 % :  mod = 7.36429998382044e-12,  Error =1.6110110081513085e-06
Completed 57 % :  mod = 1.3737932179987436e-11,  Error =1.6404856353346986e-06
Completed 59 % :  mod = 2.5480089457577954e-11,  Error =1.6698303113571455e-06
Completed 60 % :  mod = 4.7058065038845647e-11,  Error =1.69873601407744e-06
Completed 61 % :  mod = 8.442862429667755e-11,  Error =1.7262525560113318e-06
Completed 62 % :  mod = 1.3562837377512695e-10,  Error =1.750265361977199e-06
Completed 63 % :  mod = 1.654977045267248e-10,  Error =1.769634806692011e-06
Completed 64 % :  mod = 1.3065689518872174e-10,  Error =1.7893525949830291e-06
Completed 65 % :  mod = 7.977446959867749e-11,  Error =1.8138188906391406e-06
Completed 66 % :  mod = 4.4397652798448634e-11,  Error =1.8415486735534614e-06
Completed 67 % :  mod = 2.395353220009975e-11,  Error =1.8705239881455782e-06
Completed 68 % :  mod = 1.2875753612952398e-11,  Error =1.8998909041556544e-06
Completed 69 % :  mod = 6.900041543629885e-12,  Error =1.9293717272717004e-06
Completed 70 % :  mod = 3.708752903144624e-12,  Error =1.9588858108932072e-06
Completed 71 % :  mod = 2.034434185396513e-12,  Error =1.988407781539081e-06
Completed 72 % :  mod = 1.17525657435347e-12,  Error =2.0179339017545317e-06
Completed 73 % :  mod = 7.943030307682371e-13,  Error =2.047460711196436e-06
Completed 74 % :  mod = 7.375348946291009e-13,  Error =2.076987215104964e-06
Completed 75 % :  mod = 9.777703644832023e-13,  Error =2.1065134561126797e-06
Completed 76 % :  mod = 1.613109140978679e-12,  Error =2.1360391428970615e-06
Completed 77 % :  mod = 2.9096505521954146e-12,  Error =2.1655627477912276e-06
Completed 78 % :  mod = 5.373246344258072e-12,  Error =2.1950813433591065e-06
Completed 79 % :  mod = 1.0013711428473847e-11,  Error =2.224579780829572e-06
Completed 80 % :  mod = 1.8713678066615333e-11,  Error =2.2540094164469338e-06
Completed 81 % :  mod = 3.468706639202572e-11,  Error =2.2831994783700793e-06
Completed 82 % :  mod = 6.342641151749095e-11,  Error =2.3115958214248167e-06
Completed 83 % :  mod = 1.093927764667873e-10,  Error =2.3376823179432904e-06
Completed 84 % :  mod = 1.574577106092198e-10,  Error =2.3591955695678735e-06
Completed 85 % :  mod = 1.5448970287338335e-10,  Error =2.3778212749903105e-06
Completed 86 % :  mod = 1.0404012970199169e-10,  Error =2.3998371929678797e-06
Completed 87 % :  mod = 5.971246495486697e-11,  Error =2.426255903742458e-06
Completed 88 % :  mod = 3.2800879279412075e-11,  Error =2.4547787447204428e-06
Completed 89 % :  mod = 1.758029524192699e-11,  Error =2.4840072185838835e-06
Completed 90 % :  mod = 9.504799105456071e-12,  Error =2.513447419971726e-06
Completed 91 % :  mod = 5.238963378184522e-12,  Error =2.542947619588176e-06
Completed 92 % :  mod = 3.043939934372107e-12,  Error =2.572466549111141e-06
Completed 93 % :  mod = 2.119922228681559e-12,  Error =2.6019900829510334e-06
Completed 94 % :  mod = 2.0494397544708693e-12,  Error =2.631514476547636e-06
Completed 95 % :  mod = 2.7900553332932834e-12,  Error =2.6610394812109917e-06
Completed 96 % :  mod = 4.685079236299621e-12,  Error =2.6905600165605392e-06
Completed 97 % :  mod = 8.489188222421898e-12,  Error =2.7200670373872526e-06
Completed 98 % :  mod = 1.5612012801886525e-11,  Error =2.74952446233101e-06
Completed 99 % :  mod = 2.913414421328893e-11,  Error =2.7788140499751535e-06
Completed 100 % :  mod = 5.351195378541873e-11,  Error =2.8075398006421892e-06
Finished 61/201 frames
Finished all frames!
