/opt/local/miniconda_23_9/lib/python3.11/site-packages/conda/base/context.py:201: FutureWarning: Adding 'defaults' to channel list implicitly is deprecated and will be removed in 25.3. 

To remove this warning, please choose a default channel explicitly with conda's regular configuration system, e.g. by adding 'defaults' to the list of channels:

  conda config --add channels defaults

For more information see https://docs.conda.io/projects/conda/en/stable/user-guide/configuration/use-condarc.html

  deprecated.topic(
JOB 13937 ARRAY_ID 66  -> i=66 ; range=[1.9e-10, 5.0e-10] ; intervals=200 (frames=201)
Analytic t0 extension enabled (--extend-time-using-t0).
Density options: centers='2.0e-10,4.0e-10' width='2.0e-11,5.0e-11' strength='7.0'
Completed 0 % :  mod = 2.6649082259463843e-16,  Error =-1.4210854715202004e-14
Completed 1 % :  mod = 3.60203969039897e-16,  Error =6.044383127346009e-08
Completed 2 % :  mod = 7.072530094506168e-16,  Error =1.2088630541029488e-07
Completed 3 % :  mod = 1.551721838357285e-15,  Error =1.8132789136870997e-07
Completed 4 % :  mod = 3.48753581027742e-15,  Error =2.4176984680934765e-07
Completed 5 % :  mod = 7.876176817271757e-15,  Error =3.022119727802419e-07
Completed 6 % :  mod = 1.7804230352910513e-14,  Error =3.6265397085344375e-07
Completed 7 % :  mod = 4.025421909614173e-14,  Error =4.230962531437399e-07
Completed 8 % :  mod = 9.101549604927349e-14,  Error =4.83538933337968e-07
Completed 9 % :  mod = 2.057890745883855e-13,  Error =5.439806471940756e-07
Completed 10 % :  mod = 4.652963928570999e-13,  Error =6.044230147495e-07
Completed 11 % :  mod = 1.0520493863748225e-12,  Error =6.648653751994971e-07
Completed 12 % :  mod = 2.378686641880704e-12,  Error =7.253061298229113e-07
Completed 13 % :  mod = 5.377878022636225e-12,  Error =7.85737732655889e-07
Completed 14 % :  mod = 1.2154709219682164e-11,  Error =8.461299856321602e-07
Completed 15 % :  mod = 2.7425929257032e-11,  Error =9.063126285013823e-07
Completed 16 % :  mod = 6.1361626877853e-11,  Error =9.654583976725917e-07
Completed 17 % :  mod = 1.3137134194091293e-10,  Error =1.0199762954243852e-06
Completed 18 % :  mod = 2.2510236678881847e-10,  Error =1.0613502254841478e-06
Completed 19 % :  mod = 1.8890628909296682e-10,  Error =1.0955891838193565e-06
Completed 20 % :  mod = 9.679228010067497e-11,  Error =1.1436910298812109e-06
Completed 21 % :  mod = 4.31800647938356e-11,  Error =1.2009395078393936e-06
Completed 22 % :  mod = 2.1109717608269645e-11,  Error =1.2606932742187382e-06
Completed 23 % :  mod = 1.1858718097833748e-11,  Error =1.3209629941002277e-06
Completed 24 % :  mod = 1.094187815098091e-11,  Error =1.3813224271075342e-06
Completed 25 % :  mod = 1.842051219500422e-11,  Error =1.4416250522231167e-06
Completed 26 % :  mod = 3.84789512135016e-11,  Error =1.5015467411672034e-06
Completed 27 % :  mod = 8.129437145323181e-11,  Error =1.559605223633298e-06
Completed 28 % :  mod = 1.7141801485138807e-10,  Error =1.6101108641919382e-06
Completed 28 % :  mod = 2.341990364161173e-10,  Error =1.6463204488559313e-06
Completed 30 % :  mod = 1.4523582640505635e-10,  Error =1.6845988639602183e-06
Completed 31 % :  mod = 7.568532123970252e-11,  Error =1.7373130276610027e-06
Completed 32 % :  mod = 3.46920363813063e-11,  Error =1.795844383423173e-06
Completed 33 % :  mod = 2.1001941951937784e-11,  Error =1.8557667615937135e-06
Completed 34 % :  mod = 2.3356192432497467e-11,  Error =1.915903020233145e-06
Completed 35 % :  mod = 3.934233237789996e-11,  Error =1.975731144909787e-06
Completed 36 % :  mod = 7.920001041041614e-11,  Error =2.033790906352806e-06
Completed 37 % :  mod = 1.715241017327853e-10,  Error =2.0846049153533386e-06
Completed 38 % :  mod = 2.3035727774764778e-10,  Error =2.121326126314216e-06
Completed 39 % :  mod = 1.4926481221673504e-10,  Error =2.159099778964446e-06
Completed 40 % :  mod = 8.025510589143797e-11,  Error =2.2113984883276316e-06
Completed 41 % :  mod = 3.7652098831686294e-11,  Error =2.269672691568303e-06
Completed 42 % :  mod = 2.757017178546136e-11,  Error =2.329391314503937e-06
Completed 43 % :  mod = 3.8775089351425974e-11,  Error =2.3891599454373136e-06
Completed 44 % :  mod = 6.860026348406848e-11,  Error =2.4477817603951735e-06
Completed 45 % :  mod = 1.385312566335374e-10,  Error =2.501062930093667e-06
Completed 46 % :  mod = 2.390118103311703e-10,  Error =2.5408826047623734e-06
Completed 47 % :  mod = 1.711364546270587e-10,  Error =2.575865501341923e-06
Completed 48 % :  mod = 9.340172071502032e-11,  Error =2.6250659885818095e-06
Completed 49 % :  mod = 4.548387554749009e-11,  Error =2.682537839859833e-06
Completed 50 % :  mod = 2.5800375148730868e-11,  Error =2.742151330892284e-06
Completed 51 % :  mod = 2.8007761800100253e-11,  Error =2.8021206404105214e-06
Completed 52 % :  mod = 4.944872328999152e-11,  Error =2.861645583607242e-06
Completed 53 % :  mod = 9.336378025497621e-11,  Error =2.918695614084754e-06
Completed 54 % :  mod = 1.9342862664508233e-10,  Error =2.966310660212912e-06
Completed 55 % :  mod = 2.2843438994790274e-10,  Error =3.001101170241327e-06
Completed 56 % :  mod = 1.241438612586869e-10,  Error =3.042313529988405e-06
Completed 56 % :  mod = 6.876090823050113e-11,  Error =3.0966561297418593e-06
Completed 57 % :  mod = 3.7159398001854363e-11,  Error =3.155408364818868e-06
Completed 59 % :  mod = 3.1525236926425855e-11,  Error =3.215069668272008e-06
Completed 60 % :  mod = 5.392600385444287e-11,  Error =3.27432783109316e-06
Completed 61 % :  mod = 1.0678508929225625e-10,  Error =3.3308610909443814e-06
Completed 62 % :  mod = 1.8516007170922947e-10,  Error =3.3775984604744735e-06
Completed 63 % :  mod = 2.3167173036285274e-10,  Error =3.411629158733831e-06
Completed 64 % :  mod = 1.245960749587741e-10,  Error =3.453968226097004e-06
Completed 65 % :  mod = 6.334122144229834e-11,  Error =3.508355256087725e-06
Completed 66 % :  mod = 4.500163449231965e-11,  Error =3.5669666829107882e-06
Completed 67 % :  mod = 4.52123903198332e-11,  Error =3.626207274010085e-06
Completed 68 % :  mod = 7.378568499618289e-11,  Error =3.6841661739117626e-06
Completed 69 % :  mod = 1.6504645453921965e-10,  Error =3.7359448228357905e-06
Completed 70 % :  mod = 2.2426740534399372e-10,  Error =3.7746032290897347e-06
Completed 71 % :  mod = 1.6128574512719074e-10,  Error =3.810586996166876e-06
Completed 72 % :  mod = 9.781094841232255e-11,  Error =3.860986844017589e-06
Completed 73 % :  mod = 5.068446170065293e-11,  Error =3.918104432898417e-06
Completed 74 % :  mod = 4.965746387376991e-11,  Error =3.976762812385459e-06
Completed 75 % :  mod = 9.26033162509514e-11,  Error =4.034170629552136e-06
Completed 76 % :  mod = 1.5257177493582244e-10,  Error =4.085533440445488e-06
Completed 77 % :  mod = 2.2491123994577463e-10,  Error =4.122581231058575e-06
Completed 78 % :  mod = 1.7391870235289732e-10,  Error =4.160202308867156e-06
Completed 79 % :  mod = 7.817242618277977e-11,  Error =4.211034415391168e-06
Completed 80 % :  mod = 4.727371141098108e-11,  Error =4.268709616894739e-06
Completed 81 % :  mod = 4.55413454522024e-11,  Error =4.3278811574509746e-06
Completed 82 % :  mod = 6.237813005122429e-11,  Error =4.38651218104269e-06
Completed 83 % :  mod = 1.2190992738516519e-10,  Error =4.441114960229697e-06
Completed 84 % :  mod = 2.2960448217372406e-10,  Error =4.483934411325663e-06
Completed 85 % :  mod = 1.8798783623196471e-10,  Error =4.5178846193039135e-06
Completed 86 % :  mod = 1.0898054035645787e-10,  Error =4.5641523271910955e-06
Completed 87 % :  mod = 5.526524402881652e-11,  Error =4.620514971520606e-06
Completed 88 % :  mod = 3.1865279339852464e-11,  Error =4.679728682788209e-06
Completed 89 % :  mod = 3.699405531883983e-11,  Error =4.739381466833947e-06
Completed 90 % :  mod = 6.836381153263868e-11,  Error =4.79815273024542e-06
Completed 91 % :  mod = 1.2304219387020268e-10,  Error =4.852600334004364e-06
Completed 92 % :  mod = 2.2719272107484576e-10,  Error =4.894020619872208e-06
Completed 93 % :  mod = 1.9527734773599442e-10,  Error =4.9287554020338575e-06
Completed 94 % :  mod = 9.410190648038821e-11,  Error =4.976168952453008e-06
Completed 95 % :  mod = 5.019183029409641e-11,  Error =5.033137554733003e-06
Completed 96 % :  mod = 2.8917920113167384e-11,  Error =5.092627148428619e-06
Completed 97 % :  mod = 2.6940104939809752e-11,  Error =5.152561513455112e-06
Completed 98 % :  mod = 4.8076121466772986e-11,  Error =5.212080608885117e-06
Completed 99 % :  mod = 9.928537380655865e-11,  Error =5.269194573997993e-06
Completed 100 % :  mod = 1.781416495799922e-10,  Error =5.317349668132465e-06
Finished 67/201 frames
Finished all frames!
