/opt/local/miniconda_23_9/lib/python3.11/site-packages/conda/base/context.py:201: FutureWarning: Adding 'defaults' to channel list implicitly is deprecated and will be removed in 25.3. 

To remove this warning, please choose a default channel explicitly with conda's regular configuration system, e.g. by adding 'defaults' to the list of channels:

  conda config --add channels defaults

For more information see https://docs.conda.io/projects/conda/en/stable/user-guide/configuration/use-condarc.html

  deprecated.topic(
JOB 13919 ARRAY_ID 48  -> i=48 ; range=[1.9e-10, 5.0e-10] ; intervals=200 (frames=201)
Analytic t0 extension enabled (--extend-time-using-t0).
Density options: centers='2.0e-10,4.0e-10' width='2.0e-11,5.0e-11' strength='7.0'
Completed 0 % :  mod = 2.231079355729033e-16,  Error =-1.4210854715202004e-14
Completed 1 % :  mod = 2.6857297847149976e-16,  Error =2.9693623559978732e-08
Completed 2 % :  mod = 4.2349789556418253e-16,  Error =5.938693448115373e-08
Completed 3 % :  mod = 7.510240269865547e-16,  Error =8.908058646284189e-08
Completed 4 % :  mod = 1.384638253618075e-15,  Error =1.187751692555139e-07
Completed 5 % :  mod = 2.5825770275509955e-15,  Error =1.4846857254724455e-07
Completed 6 % :  mod = 4.833073441067315e-15,  Error =1.781629990205147e-07
Completed 7 % :  mod = 9.05334205078761e-15,  Error =2.0785783050314421e-07
Completed 8 % :  mod = 1.696339972810507e-14,  Error =2.3755173828021725e-07
Completed 9 % :  mod = 3.178707727038191e-14,  Error =2.672460439612223e-07
Completed 10 % :  mod = 5.956592652740676e-14,  Error =2.969400938468425e-07
Completed 11 % :  mod = 1.1162151693808283e-13,  Error =3.2663461979609565e-07
Completed 12 % :  mod = 2.0916963693674594e-13,  Error =3.563284565188951e-07
Completed 13 % :  mod = 3.9196683319943285e-13,  Error =3.8602198060289084e-07
Completed 14 % :  mod = 7.345123867482702e-13,  Error =4.1571571074427993e-07
Completed 15 % :  mod = 1.3764031423467948e-12,  Error =4.4540955457250675e-07
Completed 16 % :  mod = 2.5791739652312277e-12,  Error =4.7510170730902246e-07
Completed 17 % :  mod = 4.832535364826969e-12,  Error =5.04789127830918e-07
Completed 18 % :  mod = 9.051633757752387e-12,  Error =5.344607458823702e-07
Completed 19 % :  mod = 1.693475224564164e-11,  Error =5.640746536528241e-07
Completed 20 % :  mod = 3.1555697203054626e-11,  Error =5.934890054959396e-07
Completed 21 % :  mod = 5.797757755647643e-11,  Error =6.222381827569734e-07
Completed 22 % :  mod = 1.0150494869160183e-10,  Error =6.489801336329037e-07
Completed 23 % :  mod = 1.525390768188348e-10,  Error =6.713739892916237e-07
Completed 24 % :  mod = 1.599583709616041e-10,  Error =6.90112102574858e-07
Completed 25 % :  mod = 1.1198080566199515e-10,  Error =7.114856401813086e-07
Completed 26 % :  mod = 6.527045265613915e-11,  Error =7.37543857098899e-07
Completed 27 % :  mod = 3.579896248510475e-11,  Error =7.660384611085647e-07
Completed 28 % :  mod = 1.9184778150616598e-11,  Error =7.953754419531833e-07
Completed 28 % :  mod = 1.0321786868656334e-11,  Error =8.249661007653231e-07
Completed 30 % :  mod = 5.563678186323876e-12,  Error =8.546296399458697e-07
Completed 31 % :  mod = 3.0630767966188533e-12,  Error =8.843151135806693e-07
Completed 32 % :  mod = 1.831737987387244e-12,  Error =9.140062005030813e-07
Completed 33 % :  mod = 1.3335327265790424e-12,  Error =9.436989500954951e-07
Completed 34 % :  mod = 1.3785685176842654e-12,  Error =9.73392062064704e-07
Completed 35 % :  mod = 1.994636285097852e-12,  Error =1.0030848187625452e-06
Completed 36 % :  mod = 3.4153139023202535e-12,  Error =1.0327751027716658e-06
Completed 37 % :  mod = 6.214605165080706e-12,  Error =1.062457826606078e-06
Completed 38 % :  mod = 1.1592167450032032e-11,  Error =1.0921141324615746e-06
Completed 39 % :  mod = 2.1556274857014725e-11,  Error =1.121677243531849e-06
Completed 40 % :  mod = 3.9989289062959384e-11,  Error =1.1509231541140252e-06
Completed 41 % :  mod = 7.279571199855213e-11,  Error =1.179127920636347e-06
Completed 42 % :  mod = 1.219243015210236e-10,  Error =1.2044625563589761e-06
Completed 43 % :  mod = 1.640849881561283e-10,  Error =1.2249540404241088e-06
Completed 44 % :  mod = 1.4452618742529902e-10,  Error =1.2439709493605733e-06
Completed 45 % :  mod = 9.208929178217281e-11,  Error =1.2673103668703334e-06
Completed 46 % :  mod = 5.1890997743673927e-11,  Error =1.2945870935254788e-06
Completed 47 % :  mod = 2.818252846245808e-11,  Error =1.3235245290843523e-06
Completed 48 % :  mod = 1.5076646074266554e-11,  Error =1.3529971383263728e-06
Completed 49 % :  mod = 8.083612607673222e-12,  Error =1.3826285325535537e-06
Completed 50 % :  mod = 4.345868479599121e-12,  Error =1.4123042291203092e-06
Completed 51 % :  mod = 2.3675055611181897e-12,  Error =1.4419929001974197e-06
Completed 52 % :  mod = 1.3660038608238742e-12,  Error =1.4716855645247051e-06
Completed 53 % :  mod = 9.15389465926052e-13,  Error =1.5013788114970339e-06
Completed 54 % :  mod = 8.373593409558362e-13,  Error =1.5310727476958164e-06
Completed 55 % :  mod = 1.103902367776409e-12,  Error =1.5607650425408792e-06
Completed 56 % :  mod = 1.8186493005411237e-12,  Error =1.590457117117694e-06
Completed 56 % :  mod = 3.2682612311899274e-12,  Error =1.6201480548261316e-06
Completed 57 % :  mod = 6.067173365609386e-12,  Error =1.6498320718483228e-06
Completed 59 % :  mod = 1.1309518508549068e-11,  Error =1.6794906585460012e-06
Completed 60 % :  mod = 2.1100282352149765e-11,  Error =1.709060555299402e-06
Completed 61 % :  mod = 3.9277399556774285e-11,  Error =1.7383239949708695e-06
Completed 62 % :  mod = 7.121865859410637e-11,  Error =1.7665858180748728e-06
Completed 63 % :  mod = 1.203166493338903e-10,  Error =1.7920542987326371e-06
Completed 64 % :  mod = 1.6357938291439842e-10,  Error =1.8127026351066888e-06
Completed 65 % :  mod = 1.4578258242812583e-10,  Error =1.831644311778291e-06
Completed 66 % :  mod = 9.397904144511191e-11,  Error =1.8548187981082265e-06
Completed 67 % :  mod = 5.2870377749279274e-11,  Error =1.882005378206486e-06
Completed 68 % :  mod = 2.8750961091460543e-11,  Error =1.910911784364089e-06
Completed 69 % :  mod = 1.5448120818626618e-11,  Error =1.940374929176869e-06
Completed 70 % :  mod = 8.260320975771521e-12,  Error =1.970002927009773e-06
Completed 71 % :  mod = 4.489492243352755e-12,  Error =1.999677401443023e-06
Completed 72 % :  mod = 2.513746294205607e-12,  Error =2.029366342526373e-06
Completed 73 % :  mod = 1.5631411539548713e-12,  Error =2.059058736847419e-06
Completed 74 % :  mod = 1.2588073014213003e-12,  Error =2.088751237749875e-06
Completed 75 % :  mod = 1.4616925618418371e-12,  Error =2.118444086818272e-06
Completed 76 % :  mod = 2.255032566391893e-12,  Error =2.1481362963982065e-06
Completed 77 % :  mod = 3.9852088904316795e-12,  Error =2.1778254364335226e-06
Completed 78 % :  mod = 7.317602428532476e-12,  Error =2.2075047780845125e-06
Completed 79 % :  mod = 1.360386302718229e-11,  Error =2.237147128880679e-06
Completed 80 % :  mod = 2.5455294141055096e-11,  Error =2.2666596422027396e-06
Completed 81 % :  mod = 4.692361028495093e-11,  Error =2.295734120139059e-06
Completed 82 % :  mod = 8.417019674865792e-11,  Error =2.3234168580188452e-06
Completed 83 % :  mod = 1.3633810903240085e-10,  Error =2.3475703656572477e-06
Completed 84 % :  mod = 1.6560284033100176e-10,  Error =2.367039286355066e-06
Completed 85 % :  mod = 1.3092875475701985e-10,  Error =2.38684098263775e-06
Completed 86 % :  mod = 8.002040814512943e-11,  Error =2.411452413753068e-06
Completed 87 % :  mod = 4.417078752921737e-11,  Error =2.439342665638833e-06
Completed 88 % :  mod = 2.3965672628942027e-11,  Error =2.4684869046609492e-06
Completed 89 % :  mod = 1.2884952130388455e-11,  Error =2.4980207058433734e-06
Completed 90 % :  mod = 6.944288068635697e-12,  Error =2.5276684993968956e-06
Completed 91 % :  mod = 3.902496513931296e-12,  Error =2.557348267373527e-06
Completed 92 % :  mod = 2.4060217960586578e-12,  Error =2.5870388071780326e-06
Completed 93 % :  mod = 1.893249953058206e-12,  Error =2.616729979365573e-06
Completed 94 % :  mod = 2.1678590900098028e-12,  Error =2.6464218265687123e-06
Completed 95 % :  mod = 3.3136351547892974e-12,  Error =2.67611187609873e-06
Completed 96 % :  mod = 5.789621096201048e-12,  Error =2.7057960352294685e-06
Completed 97 % :  mod = 1.069212308480396e-11,  Error =2.735458139113689e-06
Completed 98 % :  mod = 1.980966647808326e-11,  Error =2.76504199092642e-06
Completed 99 % :  mod = 3.672788406836542e-11,  Error =2.7943567744159736e-06
Completed 100 % :  mod = 6.730665617047394e-11,  Error =2.822781773659244e-06
Finished 49/201 frames
Finished all frames!
