/opt/local/miniconda_23_9/lib/python3.11/site-packages/conda/base/context.py:201: FutureWarning: Adding 'defaults' to channel list implicitly is deprecated and will be removed in 25.3. 

To remove this warning, please choose a default channel explicitly with conda's regular configuration system, e.g. by adding 'defaults' to the list of channels:

  conda config --add channels defaults

For more information see https://docs.conda.io/projects/conda/en/stable/user-guide/configuration/use-condarc.html

  deprecated.topic(
JOB 13519 ARRAY_ID 165  -> i=165 ; range=[1.9e-10, 6.0e-10] ; intervals=200 (frames=201)
Density options: centers='2.0e-10,4.0e-10' width='5e-11,5e-11' strength=''
Completed 0 % :  mod = 3.6087245267378747e-16,  Error =-1.4210854715202004e-14
Completed 1 % :  mod = 6.121161309019702e-16,  Error =2.0324759475442988e-07
Completed 2 % :  mod = 1.7156848516654023e-15,  Error =4.0649523924685127e-07
Completed 3 % :  mod = 5.20821389841942e-15,  Error =6.097423863593576e-07
Completed 4 % :  mod = 1.5952783731716258e-14,  Error =8.129887660857094e-07
Completed 5 % :  mod = 4.8910388801894095e-14,  Error =1.0162363395238572e-06
Completed 6 % :  mod = 1.499719809241851e-13,  Error =1.2194837850643125e-06
Completed 7 % :  mod = 4.59858083042962e-13,  Error =1.4227308611225453e-06
Completed 8 % :  mod = 1.4100602362765493e-12,  Error =1.6259776600691112e-06
Completed 9 % :  mod = 4.323626625215577e-12,  Error =1.829215378279514e-06
Completed 10 % :  mod = 1.3256439326323922e-11,  Error =2.032373458860093e-06
Completed 11 % :  mod = 4.061648950336292e-11,  Error =2.2347788899423904e-06
Completed 12 % :  mod = 1.2353337304555918e-10,  Error =2.4304644981043566e-06
Completed 13 % :  mod = 3.3458757657282503e-10,  Error =2.5839614394840282e-06
Completed 14 % :  mod = 2.692399661196987e-10,  Error =2.687811218038405e-06
Completed 15 % :  mod = 1.0885994372984301e-10,  Error =2.8586213289827356e-06
Completed 16 % :  mod = 5.7427534395509806e-11,  Error =3.05444736170557e-06
Completed 17 % :  mod = 1.05636781337964e-10,  Error =3.2495631501205935e-06
Completed 18 % :  mod = 3.142186485686755e-10,  Error =3.4135526760792345e-06
Completed 19 % :  mod = 3.1560014289966585e-10,  Error =3.518586083828268e-06
Completed 20 % :  mod = 1.0196456887362404e-10,  Error =3.6790003434816754e-06
Completed 21 % :  mod = 4.311538263626788e-11,  Error =3.875905278505343e-06
Completed 22 % :  mod = 3.1734576551711485e-11,  Error =4.0778111198847e-06
Completed 23 % :  mod = 5.392849869536306e-11,  Error =4.279058217093734e-06
Completed 24 % :  mod = 1.6014232362755366e-10,  Error =4.469226091430301e-06
Completed 25 % :  mod = 3.94381316525325e-10,  Error =4.60506635135971e-06
Completed 26 % :  mod = 1.8742941730877413e-10,  Error =4.717139347576449e-06
Completed 27 % :  mod = 1.0236513990475149e-10,  Error =4.897422499539061e-06
Completed 28 % :  mod = 8.081435583452444e-11,  Error =5.093391401089775e-06
Completed 28 % :  mod = 1.350643693412844e-10,  Error =5.282197356848428e-06
Completed 30 % :  mod = 3.9395690789406913e-10,  Error =5.416391459789338e-06
Completed 31 % :  mod = 2.1845447972705636e-10,  Error =5.533096505416779e-06
Completed 32 % :  mod = 7.175834151346447e-11,  Error =5.714808203549637e-06
Completed 33 % :  mod = 2.878952649801883e-11,  Error =5.915245921528367e-06
Completed 34 % :  mod = 1.9136986547895955e-11,  Error =6.117905336111562e-06
Completed 35 % :  mod = 3.701434701241967e-11,  Error =6.320214815502823e-06
Completed 36 % :  mod = 1.0821621430185611e-10,  Error =6.5171536789421225e-06
Completed 37 % :  mod = 3.1926373364407374e-10,  Error =6.677082701855852e-06
Completed 38 % :  mod = 3.035926245191148e-10,  Error =6.7805708070523e-06
Completed 39 % :  mod = 1.0592307965935508e-10,  Error =6.946219180292701e-06
Completed 40 % :  mod = 4.626175715946962e-11,  Error =7.142574929730472e-06
Completed 41 % :  mod = 7.24513281745917e-11,  Error =7.341714493236395e-06
Completed 42 % :  mod = 1.9567513191152993e-10,  Error =7.527809074758807e-06
Completed 43 % :  mod = 3.643838276416317e-10,  Error =7.655239365078614e-06
Completed 44 % :  mod = 1.739930821658799e-10,  Error =7.778997506591168e-06
Completed 45 % :  mod = 1.023949122825487e-10,  Error =7.963101190000543e-06
Completed 46 % :  mod = 1.0119973641997968e-10,  Error =8.156913416712541e-06
Completed 47 % :  mod = 2.0178933668182116e-10,  Error =8.331547668660733e-06
Completed 48 % :  mod = 4.1608645430727344e-10,  Error =8.441596257569017e-06
Completed 49 % :  mod = 1.5585839053260038e-10,  Error =8.577762677930423e-06
Completed 50 % :  mod = 8.832728282179186e-11,  Error =8.760456360334956e-06
Completed 51 % :  mod = 1.975462984619026e-10,  Error =8.942684885937524e-06
Completed 52 % :  mod = 3.679927187828141e-10,  Error =9.082761302181552e-06
Completed 53 % :  mod = 1.977944127509742e-10,  Error =9.188492860801034e-06
Completed 54 % :  mod = 1.5279574363177595e-10,  Error =9.356904307367131e-06
Completed 55 % :  mod = 1.7829607883483112e-10,  Error =9.537801417991432e-06
Completed 56 % :  mod = 2.7335437010381543e-10,  Error =9.686823091215047e-06
Completed 56 % :  mod = 2.614569626753387e-10,  Error =9.791212555398943e-06
Completed 57 % :  mod = 2.158078962334445e-10,  Error =9.94742615745281e-06
Completed 59 % :  mod = 1.908798623315477e-10,  Error =1.0115122407228228e-05
Completed 60 % :  mod = 2.802199927210634e-10,  Error =1.0242415619643452e-05
Completed 61 % :  mod = 2.892024330693472e-10,  Error =1.0367407512035243e-05
Completed 62 % :  mod = 1.4435995289514134e-10,  Error =1.0534091792635536e-05
Completed 63 % :  mod = 1.7916736323541992e-10,  Error =1.0699164477045997e-05
Completed 64 % :  mod = 3.757816185737509e-10,  Error =1.0810784154102748e-05
Completed 65 % :  mod = 2.074160417192607e-10,  Error =1.0944538431090223e-05
Completed 66 % :  mod = 1.3646624878847394e-10,  Error =1.1120000472431002e-05
Completed 67 % :  mod = 1.7097368349092835e-10,  Error =1.1296026329432607e-05
Completed 68 % :  mod = 4.26605254118486e-10,  Error =1.1422132828897702e-05
Completed 69 % :  mod = 1.8302092864232909e-10,  Error =1.1538444972813977e-05
Completed 70 % :  mod = 1.0603376072903273e-10,  Error =1.1710682365162484e-05
Completed 71 % :  mod = 2.1859920264415893e-10,  Error =1.189227094045009e-05
Completed 72 % :  mod = 3.091922417154296e-10,  Error =1.2037030963085726e-05
Completed 73 % :  mod = 2.515893369901792e-10,  Error =1.2139536394784045e-05
Completed 74 % :  mod = 1.8157540904314139e-10,  Error =1.2300915543050905e-05
Completed 75 % :  mod = 1.4557237323206075e-10,  Error =1.24786095270224e-05
Completed 76 % :  mod = 3.0563486094571564e-10,  Error =1.2621046622030008e-05
Completed 77 % :  mod = 2.587830672425496e-10,  Error =1.2730371999225554e-05
Completed 78 % :  mod = 2.1371639838892933e-10,  Error =1.2888094900631586e-05
Completed 79 % :  mod = 1.9387578861096752e-10,  Error =1.3052632318988344e-05
Completed 80 % :  mod = 3.131995994678966e-10,  Error =1.3169640276089467e-05
Completed 81 % :  mod = 2.7615036024192373e-10,  Error =1.3298921274440545e-05
Completed 82 % :  mod = 1.1479076662521331e-10,  Error =1.347138215379573e-05
Completed 83 % :  mod = 1.688748734782792e-10,  Error =1.3642231913024716e-05
Completed 84 % :  mod = 4.214195310827923e-10,  Error =1.3760533214224324e-05
Completed 85 % :  mod = 1.9358426395875512e-10,  Error =1.388498441201591e-05
Completed 86 % :  mod = 1.315917725557031e-10,  Error =1.4059823229217727e-05
Completed 87 % :  mod = 1.737916848754866e-10,  Error =1.4239766890966621e-05
Completed 88 % :  mod = 3.719563134037067e-10,  Error =1.4380445229278394e-05
Completed 89 % :  mod = 2.1029012975211958e-10,  Error =1.4485767273697547e-05
Completed 90 % :  mod = 1.1699838599266663e-10,  Error =1.4652001830484096e-05
Completed 91 % :  mod = 1.9834298599529816e-10,  Error =1.4834136024433064e-05
Completed 92 % :  mod = 2.5710700538145553e-10,  Error =1.498800984478521e-05
Completed 93 % :  mod = 3.020892132341266e-10,  Error =1.5089841831184003e-05
Completed 94 % :  mod = 1.9937232841198036e-10,  Error =1.5242758394151679e-05
Completed 95 % :  mod = 1.3939182427901608e-10,  Error =1.5417462890354727e-05
Completed 96 % :  mod = 2.928588837273187e-10,  Error =1.555975223510586e-05
Completed 97 % :  mod = 3.0472108767939313e-10,  Error =1.567497623966574e-05
Completed 98 % :  mod = 1.9219043799505898e-10,  Error =1.5830962361462753e-05
Completed 99 % :  mod = 1.6832471459435033e-10,  Error =1.5995396651646843e-05
Completed 100 % :  mod = 3.6459935605935106e-10,  Error =1.6111379515848512e-05
Finished 166/201 frames
Finished all frames!
