/opt/local/miniconda_23_9/lib/python3.11/site-packages/conda/base/context.py:201: FutureWarning: Adding 'defaults' to channel list implicitly is deprecated and will be removed in 25.3. 

To remove this warning, please choose a default channel explicitly with conda's regular configuration system, e.g. by adding 'defaults' to the list of channels:

  conda config --add channels defaults

For more information see https://docs.conda.io/projects/conda/en/stable/user-guide/configuration/use-condarc.html

  deprecated.topic(
JOB 13434 ARRAY_ID 80  -> i=80 ; range=[1.9e-10, 6.0e-10] ; intervals=200 (frames=201)
Density options: centers='2.0e-10,4.0e-10' width='5e-11,5e-11' strength=''
Completed 0 % :  mod = 2.6631769741474384e-16,  Error =-1.4210854715202004e-14
Completed 1 % :  mod = 3.598093698699065e-16,  Error =6.028561472248839e-08
Completed 2 % :  mod = 7.059254758675293e-16,  Error =1.205712081286947e-07
Completed 3 % :  mod = 1.5476763399316174e-15,  Error =1.8085557229596816e-07
Completed 4 % :  mod = 3.476060581483463e-15,  Error =2.411412935998669e-07
Completed 5 % :  mod = 7.845009007685217e-15,  Error =3.014260840927818e-07
Completed 6 % :  mod = 1.7721988033831172e-14,  Error =3.6171092432368823e-07
Completed 7 % :  mod = 4.004168722108268e-14,  Error =4.219962619345097e-07
Completed 8 % :  mod = 9.047490737499625e-14,  Error =4.822820400818273e-07
Completed 9 % :  mod = 2.0443111250885665e-13,  Error =5.425672426895289e-07
Completed 10 % :  mod = 4.619194434373031e-13,  Error =6.028532553159494e-07
Completed 11 % :  mod = 1.0437213802528593e-12,  Error =6.631384223965142e-07
Completed 12 % :  mod = 2.3582924482091607e-12,  Error =7.234217846985302e-07
Completed 13 % :  mod = 5.328240101801158e-12,  Error =7.836962936380587e-07
Completed 14 % :  mod = 1.2034616373451197e-11,  Error =8.439306995455809e-07
Completed 15 % :  mod = 2.7137962012368698e-11,  Error =9.039621744477699e-07
Completed 16 % :  mod = 6.068967462615906e-11,  Error =9.629795414412001e-07
Completed 17 % :  mod = 1.2999794463404414e-10,  Error =1.017468832742452e-06
Completed 18 % :  mod = 2.239427683544439e-10,  Error =1.0589638321789607e-06
Completed 19 % :  mod = 1.9041559048945058e-10,  Error =1.0930343705695122e-06
Completed 20 % :  mod = 9.776635777526991e-11,  Error =1.1407943958374744e-06
Completed 21 % :  mod = 4.3725453405318855e-11,  Error =1.1978178093841052e-06
Completed 22 % :  mod = 2.135569684993223e-11,  Error =1.2573992052011818e-06
Completed 23 % :  mod = 1.1884549520026761e-11,  Error =1.3175103674711863e-06
Completed 24 % :  mod = 1.0812879431998746e-11,  Error =1.3777134455494888e-06
Completed 25 % :  mod = 1.8027519787138722e-11,  Error =1.4378651016500044e-06
Completed 26 % :  mod = 3.743994378262722e-11,  Error =1.4976563775803697e-06
Completed 27 % :  mod = 7.919153928043956e-11,  Error =1.5556818127038241e-06
Completed 28 % :  mod = 1.6781374085014436e-10,  Error =1.6064749388533528e-06
Completed 28 % :  mod = 2.340566122502265e-10,  Error =1.642993993300479e-06
Completed 30 % :  mod = 1.4887701415598166e-10,  Error =1.6806794462809194e-06
Completed 31 % :  mod = 7.781609224542344e-11,  Error =1.7328856216636268e-06
Completed 32 % :  mod = 3.5446074548869866e-11,  Error =1.791157956176903e-06
Completed 33 % :  mod = 2.1334536521738847e-11,  Error =1.8509004533484585e-06
Completed 34 % :  mod = 2.3208063302114112e-11,  Error =1.91087755041508e-06
Completed 35 % :  mod = 3.8416505677193846e-11,  Error =1.9705686469251305e-06
Completed 36 % :  mod = 7.758509477266679e-11,  Error =2.0285743076442486e-06
Completed 37 % :  mod = 1.6827881324230392e-10,  Error =2.0796227602204453e-06
Completed 38 % :  mod = 2.295811836035675e-10,  Error =2.1166155548257848e-06
Completed 39 % :  mod = 1.5295912523626572e-10,  Error =2.153878554622679e-06
Completed 40 % :  mod = 8.205542697850354e-11,  Error =2.205697143153884e-06
Completed 41 % :  mod = 3.8281214191510496e-11,  Error =2.2637156291693827e-06
Completed 42 % :  mod = 2.7901516760976745e-11,  Error =2.323257554337488e-06
Completed 43 % :  mod = 3.8437913755334964e-11,  Error =2.3828737667486166e-06
Completed 44 % :  mod = 6.717167692114497e-11,  Error =2.441389128193805e-06
Completed 45 % :  mod = 1.3709965681685857e-10,  Error =2.4947257699636793e-06
Completed 46 % :  mod = 2.3727178425487337e-10,  Error =2.534819749655526e-06
Completed 47 % :  mod = 1.730993891925154e-10,  Error =2.5694927430208736e-06
Completed 48 % :  mod = 9.550578107661417e-11,  Error =2.618256765174465e-06
Completed 49 % :  mod = 4.610369114217355e-11,  Error =2.6754639534942726e-06
Completed 50 % :  mod = 2.62345571429294e-11,  Error =2.7348923197223485e-06
Completed 51 % :  mod = 2.840259581596891e-11,  Error =2.794694069052639e-06
Completed 52 % :  mod = 4.948025045774603e-11,  Error =2.854053668954748e-06
Completed 53 % :  mod = 9.3467947947964e-11,  Error =2.9109285932804596e-06
Completed 54 % :  mod = 1.9429237745893664e-10,  Error =2.958377180561911e-06
Completed 55 % :  mod = 2.270994133772329e-10,  Error =2.9930756255680535e-06
Completed 56 % :  mod = 1.2412713227364726e-10,  Error =3.034227546550028e-06
Completed 56 % :  mod = 6.863861759366701e-11,  Error =3.088458420563711e-06
Completed 57 % :  mod = 3.664725934204748e-11,  Error =3.1470729737748115e-06
Completed 59 % :  mod = 3.0957101348011546e-11,  Error =3.206599728855508e-06
Completed 60 % :  mod = 5.266688106642869e-11,  Error =3.265758245163397e-06
Completed 61 % :  mod = 1.0327974563632387e-10,  Error =3.3223521285208335e-06
Completed 62 % :  mod = 1.8188617169020335e-10,  Error =3.3695143528689186e-06
Completed 63 % :  mod = 2.3437004040140166e-10,  Error =3.4036729843478497e-06
Completed 64 % :  mod = 1.2698552803797601e-10,  Error =3.445277258151691e-06
Completed 65 % :  mod = 6.513501410712705e-11,  Error =3.4992418065371567e-06
Completed 66 % :  mod = 4.470598592544982e-11,  Error =3.55765774173733e-06
Completed 67 % :  mod = 4.283388724303939e-11,  Error =3.616804136186147e-06
Completed 68 % :  mod = 6.947521944049664e-11,  Error =3.674881440929312e-06
Completed 69 % :  mod = 1.5541812589963273e-10,  Error =3.727507497330862e-06
Completed 70 % :  mod = 2.203805032778718e-10,  Error =3.7673350306022257e-06
Completed 71 % :  mod = 1.7240345390884117e-10,  Error =3.8022367263579326e-06
Completed 72 % :  mod = 1.0328640168164108e-10,  Error =3.851350001582432e-06
Completed 73 % :  mod = 5.145815277141547e-11,  Error =3.907971986905068e-06
Completed 74 % :  mod = 4.8216647466358225e-11,  Error =3.966508209884978e-06
Completed 75 % :  mod = 8.450054945505852e-11,  Error =4.024186331719193e-06
Completed 76 % :  mod = 1.3841315325473156e-10,  Error =4.076809254627278e-06
Completed 77 % :  mod = 2.2390874991604398e-10,  Error =4.115686380146144e-06
Completed 78 % :  mod = 1.8784600395893966e-10,  Error =4.151819545938906e-06
Completed 79 % :  mod = 8.570825652415213e-11,  Error =4.200808582766058e-06
Completed 80 % :  mod = 5.153336322198109e-11,  Error =4.257792234341196e-06
Completed 81 % :  mod = 4.660479097992268e-11,  Error =4.316663023473666e-06
Completed 82 % :  mod = 6.09114155120601e-11,  Error =4.375142374613006e-06
Completed 83 % :  mod = 1.1909035247485972e-10,  Error =4.429869754574156e-06
Completed 84 % :  mod = 2.2540184745066785e-10,  Error =4.473309445529594e-06
Completed 85 % :  mod = 1.9134991909875883e-10,  Error =4.507067714598634e-06
Completed 86 % :  mod = 1.132614912720127e-10,  Error =4.552507043342757e-06
Completed 87 % :  mod = 5.7422502613365026e-11,  Error =4.60841314264826e-06
Completed 88 % :  mod = 3.32516519475747e-11,  Error =4.667367782928977e-06
Completed 89 % :  mod = 3.8650099623762375e-11,  Error =4.726795353349189e-06
Completed 90 % :  mod = 7.107965631913216e-11,  Error =4.785273745255836e-06
Completed 91 % :  mod = 1.2691727748587065e-10,  Error =4.8391414111392805e-06
Completed 92 % :  mod = 2.3059315625619837e-10,  Error =4.879688681569405e-06
Completed 93 % :  mod = 1.895035695122941e-10,  Error =4.9146275031830555e-06
Completed 94 % :  mod = 9.111612550538067e-11,  Error =4.962571523492443e-06
Completed 95 % :  mod = 4.864444959110386e-11,  Error =5.019613517731614e-06
Completed 96 % :  mod = 2.8116351247399093e-11,  Error =5.079003635444224e-06
Completed 97 % :  mod = 2.661692318395858e-11,  Error =5.138800567294766e-06
Completed 98 % :  mod = 4.798371795932082e-11,  Error =5.198177952081551e-06
Completed 99 % :  mod = 9.832928066423338e-11,  Error =5.2551734270878114e-06
Completed 100 % :  mod = 1.7802796013968378e-10,  Error =5.303240207865656e-06
Finished 81/201 frames
Finished all frames!
