/opt/local/miniconda_23_9/lib/python3.11/site-packages/conda/base/context.py:201: FutureWarning: Adding 'defaults' to channel list implicitly is deprecated and will be removed in 25.3. 

To remove this warning, please choose a default channel explicitly with conda's regular configuration system, e.g. by adding 'defaults' to the list of channels:

  conda config --add channels defaults

For more information see https://docs.conda.io/projects/conda/en/stable/user-guide/configuration/use-condarc.html

  deprecated.topic(
JOB 13956 ARRAY_ID 85  -> i=85 ; range=[1.9e-10, 5.0e-10] ; intervals=200 (frames=201)
Analytic t0 extension enabled (--extend-time-using-t0).
Density options: centers='2.0e-10,4.0e-10' width='2.0e-11,5.0e-11' strength='7.0'
Completed 0 % :  mod = 2.8807403034953404e-16,  Error =-1.4210854715202004e-14
Completed 1 % :  mod = 4.1126948811341565e-16,  Error =8.253284278225692e-08
Completed 2 % :  mod = 8.862254278691189e-16,  Error =1.650658916219072e-07
Completed 3 % :  mod = 2.1191736522896564e-15,  Error =2.4759866334989056e-07
Completed 4 % :  mod = 5.16465988851186e-15,  Error =3.3013136402360033e-07
Completed 5 % :  mod = 1.2627501140219894e-14,  Error =4.1266477524004586e-07
Completed 6 % :  mod = 3.0890696478407065e-14,  Error =4.951977246037131e-07
Completed 7 % :  mod = 7.557483204583581e-14,  Error =5.777298355269522e-07
Completed 8 % :  mod = 1.8489842384188176e-13,  Error =6.602631046348506e-07
Completed 9 % :  mod = 4.523662336635996e-13,  Error =7.427965016404414e-07
Completed 10 % :  mod = 1.1067422295440188e-12,  Error =8.253289465187663e-07
Completed 11 % :  mod = 2.7076823067770707e-12,  Error =9.078594231937132e-07
Completed 12 % :  mod = 6.623970144534538e-12,  Error =9.90374580567277e-07
Completed 13 % :  mod = 1.6197795943675256e-11,  Error =1.0728081107913567e-06
Completed 14 % :  mod = 3.9508784425675645e-11,  Error =1.1547475224915615e-06
Completed 15 % :  mod = 9.489027491342403e-11,  Error =1.2338879571416328e-06
Completed 16 % :  mod = 2.064199494915243e-10,  Error =1.3005159260615073e-06
Completed 17 % :  mod = 2.598499964157542e-10,  Error =1.3458770737884151e-06
Completed 18 % :  mod = 1.2755580845291114e-10,  Error =1.4031864026264884e-06
Completed 19 % :  mod = 5.811301857078672e-11,  Error =1.479122573755376e-06
Completed 20 % :  mod = 2.7773706792490317e-11,  Error =1.5603154821519638e-06
Completed 21 % :  mod = 1.8757273940112807e-11,  Error =1.642455011108268e-06
Completed 22 % :  mod = 2.7507685020921018e-11,  Error =1.724582908479988e-06
Completed 23 % :  mod = 6.187387054723125e-11,  Error =1.8056721913239926e-06
Completed 24 % :  mod = 1.3203104780928042e-10,  Error =1.8812223672171058e-06
Completed 25 % :  mod = 2.5799910198039866e-10,  Error =1.9373853845650046e-06
Completed 26 % :  mod = 2.0570035477615464e-10,  Error =1.983486470180651e-06
Completed 27 % :  mod = 9.031178512041523e-11,  Error =2.0509708988925013e-06
Completed 28 % :  mod = 3.9037902140184824e-11,  Error =2.1302634181097346e-06
Completed 28 % :  mod = 2.010264694769142e-11,  Error =2.212145616908856e-06
Completed 30 % :  mod = 1.6039183344314528e-11,  Error =2.2944485209563936e-06
Completed 31 % :  mod = 2.5590573318509307e-11,  Error =2.37665131663789e-06
Completed 32 % :  mod = 6.026287572154762e-11,  Error =2.4578194839364187e-06
Completed 33 % :  mod = 1.3333328861688677e-10,  Error =2.5335255529057576e-06
Completed 34 % :  mod = 2.530828868598745e-10,  Error =2.5900872060447e-06
Completed 35 % :  mod = 2.0848158281972697e-10,  Error =2.635953009644254e-06
Completed 36 % :  mod = 9.28665753385595e-11,  Error =2.703188087593844e-06
Completed 37 % :  mod = 4.042122088247165e-11,  Error =2.782271607770781e-06
Completed 38 % :  mod = 2.5441989110470277e-11,  Error =2.8639982048161983e-06
Completed 39 % :  mod = 2.792055084738751e-11,  Error =2.9460435513328775e-06
Completed 40 % :  mod = 5.0877964339469466e-11,  Error =3.0273615578835233e-06
Completed 41 % :  mod = 1.258675267698056e-10,  Error =3.104173032397739e-06
Completed 42 % :  mod = 2.3923685002367207e-10,  Error =3.1646324245571122e-06
Completed 43 % :  mod = 2.2023760987099938e-10,  Error =3.208526415221513e-06
Completed 44 % :  mod = 1.1312758297407689e-10,  Error =3.27254173981828e-06
Completed 45 % :  mod = 4.65621968872729e-11,  Error =3.3504305889664465e-06
Completed 46 % :  mod = 3.0097251079226766e-11,  Error =3.431804664444371e-06
Completed 47 % :  mod = 3.855134298914206e-11,  Error =3.513530081988847e-06
Completed 48 % :  mod = 6.991850327237597e-11,  Error =3.5938781053346247e-06
Completed 49 % :  mod = 1.5933278041088675e-10,  Error =3.6664703486621875e-06
Completed 50 % :  mod = 2.769335454793957e-10,  Error =3.7184525254474465e-06
Completed 51 % :  mod = 1.649762048853561e-10,  Error =3.766653925652008e-06
Completed 52 % :  mod = 8.866865525165664e-11,  Error =3.837183136568001e-06
Completed 53 % :  mod = 4.546088289044385e-11,  Error =3.916666763359444e-06
Completed 54 % :  mod = 3.9451036309964125e-11,  Error =3.997828670776471e-06
Completed 55 % :  mod = 7.642534495854456e-11,  Error =4.077817479242185e-06
Completed 56 % :  mod = 1.65328601213641e-10,  Error =4.150554126169936e-06
Completed 56 % :  mod = 2.501003928473122e-10,  Error =4.2025755675467735e-06
Completed 57 % :  mod = 1.8312186339227296e-10,  Error =4.251574011959747e-06
Completed 59 % :  mod = 8.683494346120946e-11,  Error =4.322093502651114e-06
Completed 60 % :  mod = 4.457936835286963e-11,  Error =4.401357131200712e-06
Completed 61 % :  mod = 5.166499568920753e-11,  Error =4.482124758453665e-06
Completed 62 % :  mod = 1.0029952998240869e-10,  Error =4.560792383756507e-06
Completed 63 % :  mod = 1.793306062624461e-10,  Error =4.628890401647823e-06
Completed 64 % :  mod = 2.719492053362434e-10,  Error =4.674918969271857e-06
Completed 65 % :  mod = 1.4732930523063559e-10,  Error =4.7297643135379985e-06
Completed 66 % :  mod = 6.608784513231337e-11,  Error =4.80353372722675e-06
Completed 67 % :  mod = 4.646746777119001e-11,  Error =4.883728244919894e-06
Completed 68 % :  mod = 5.386718391763387e-11,  Error =4.964583098399089e-06
Completed 69 % :  mod = 9.504530383479996e-11,  Error =5.042667616805829e-06
Completed 70 % :  mod = 2.2446191108176633e-10,  Error =5.107406636284395e-06
Completed 71 % :  mod = 2.5182934245602704e-10,  Error =5.153726618800647e-06
Completed 72 % :  mod = 1.1896872953177512e-10,  Error =5.211653416381523e-06
Completed 73 % :  mod = 6.962743585382074e-11,  Error =5.287384048813237e-06
Completed 74 % :  mod = 5.008897732288742e-11,  Error =5.3675603695069185e-06
Completed 75 % :  mod = 6.602825053104622e-11,  Error =5.447449517248515e-06
Completed 76 % :  mod = 1.5434763551955897e-10,  Error =5.520988857199427e-06
Completed 77 % :  mod = 2.638644448312745e-10,  Error =5.576282610775252e-06
Completed 78 % :  mod = 1.798768004096271e-10,  Error =5.62197993758673e-06
Completed 79 % :  mod = 1.0841614658894397e-10,  Error =5.689603455039105e-06
Completed 80 % :  mod = 5.842315755294353e-11,  Error =5.7675677851420915e-06
Completed 81 % :  mod = 5.984806862131702e-11,  Error =5.847281997262144e-06
Completed 82 % :  mod = 1.3197777265482655e-10,  Error =5.923143753250315e-06
Completed 83 % :  mod = 2.3492780965309927e-10,  Error =5.984460436536665e-06
Completed 84 % :  mod = 2.1494422839040962e-10,  Error =6.0281612661583495e-06
Completed 85 % :  mod = 1.2924959077680787e-10,  Error =6.090540836112268e-06
Completed 86 % :  mod = 5.820989382773266e-11,  Error =6.167145059521317e-06
Completed 87 % :  mod = 4.798267187166827e-11,  Error =6.247387638325108e-06
Completed 88 % :  mod = 9.030751113992379e-11,  Error =6.326547563162421e-06
Completed 89 % :  mod = 1.6931543005838706e-10,  Error =6.397767755572659e-06
Completed 90 % :  mod = 2.5272335851743106e-10,  Error =6.4472818337435456e-06
Completed 91 % :  mod = 1.7720340696435899e-10,  Error =6.4986148231582774e-06
Completed 92 % :  mod = 7.482409923969924e-11,  Error =6.570476777767453e-06
Completed 93 % :  mod = 4.027701806773716e-11,  Error =6.650352553094763e-06
Completed 94 % :  mod = 4.532664528265944e-11,  Error =6.7315825376113025e-06
Completed 95 % :  mod = 7.845384527121116e-11,  Error =6.811491573444073e-06
Completed 96 % :  mod = 1.5425060023209917e-10,  Error =6.883475158758756e-06
Completed 97 % :  mod = 2.830476420648256e-10,  Error =6.93406307306077e-06
Completed 98 % :  mod = 1.6514495107622757e-10,  Error =6.9835335807511e-06
Completed 99 % :  mod = 7.967983184328209e-11,  Error =7.05455155269874e-06
Completed 100 % :  mod = 4.321918445437375e-11,  Error =7.1344254450878e-06
Finished 86/201 frames
Finished all frames!
