/opt/local/miniconda_23_9/lib/python3.11/site-packages/conda/base/context.py:201: FutureWarning: Adding 'defaults' to channel list implicitly is deprecated and will be removed in 25.3. 

To remove this warning, please choose a default channel explicitly with conda's regular configuration system, e.g. by adding 'defaults' to the list of channels:

  conda config --add channels defaults

For more information see https://docs.conda.io/projects/conda/en/stable/user-guide/configuration/use-condarc.html

  deprecated.topic(
JOB 13461 ARRAY_ID 107  -> i=107 ; range=[1.9e-10, 6.0e-10] ; intervals=200 (frames=201)
Density options: centers='2.0e-10,4.0e-10' width='5e-11,5e-11' strength=''
Completed 0 % :  mod = 3.0108772998663427e-16,  Error =-1.4210854715202004e-14
Completed 1 % :  mod = 4.438833884953005e-16,  Error =9.848812965174147e-08
Completed 2 % :  mod = 1.0077166087108178e-15,  Error =1.96975882715833e-07
Completed 3 % :  mod = 2.5274011868023355e-15,  Error =2.9546367841248866e-07
Completed 4 % :  mod = 6.444406466340082e-15,  Error =3.939515664797e-07
Completed 5 % :  mod = 1.6474136990968273e-14,  Error =4.924385237359274e-07
Completed 6 % :  mod = 4.2130112304666233e-14,  Error =5.909259570557879e-07
Completed 7 % :  mod = 1.0774784250742769e-13,  Error =6.894129498391521e-07
Completed 8 % :  mod = 2.7556781044478874e-13,  Error =7.879004755295682e-07
Completed 9 % :  mod = 7.047721153348752e-13,  Error =8.863882641207965e-07
Completed 10 % :  mod = 1.8024663713784506e-12,  Error =9.848746174156986e-07
Completed 11 % :  mod = 4.609708450044579e-12,  Error =1.083354163711192e-06
Completed 12 % :  mod = 1.1786911207236505e-11,  Error =1.1817854854712095e-06
Completed 13 % :  mod = 3.010257621385831e-11,  Error =1.279908467211044e-06
Completed 14 % :  mod = 7.626611144913588e-11,  Error =1.3760711041754803e-06
Completed 15 % :  mod = 1.8258441675570008e-10,  Error =1.4616013714885412e-06
Completed 16 % :  mod = 2.9289847074457463e-10,  Error =1.519416635176185e-06
Completed 17 % :  mod = 1.5221678308753792e-10,  Error =1.5812623388455904e-06
Completed 18 % :  mod = 7.13357731636675e-11,  Error =1.6697053055736433e-06
Completed 19 % :  mod = 3.213835947251022e-11,  Error =1.7661511151345621e-06
Completed 20 % :  mod = 2.519126042379991e-11,  Error =1.863965032100623e-06
Completed 21 % :  mod = 4.6512992261426346e-11,  Error =1.961418554685679e-06
Completed 22 % :  mod = 1.0736678165539514e-10,  Error =2.05537533304323e-06
Completed 23 % :  mod = 2.21668030439442e-10,  Error =2.132828960554889e-06
Completed 24 % :  mod = 2.7421421179932687e-10,  Error =2.185196692039426e-06
Completed 25 % :  mod = 1.213079060517543e-10,  Error =2.2570391493559328e-06
Completed 26 % :  mod = 5.760192510667588e-11,  Error =2.348523821638082e-06
Completed 27 % :  mod = 5.3975274399616385e-11,  Error =2.44461901388604e-06
Completed 28 % :  mod = 8.479073924489666e-11,  Error =2.539649422317325e-06
Completed 28 % :  mod = 1.6470911488281656e-10,  Error =2.624841890508378e-06
Completed 30 % :  mod = 3.0895789123167343e-10,  Error =2.683023630822845e-06
Completed 31 % :  mod = 1.592210920670107e-10,  Error =2.7436613407871846e-06
Completed 32 % :  mod = 7.619880273081327e-11,  Error =2.8301765055971373e-06
Completed 33 % :  mod = 5.2622153988957873e-11,  Error =2.9255858606802576e-06
Completed 34 % :  mod = 5.937977638656076e-11,  Error =3.021781736833873e-06
Completed 35 % :  mod = 1.1732300584129812e-10,  Error =3.113318108205476e-06
Completed 36 % :  mod = 2.7748186371110215e-10,  Error =3.184561599312019e-06
Completed 37 % :  mod = 2.2425589938685335e-10,  Error =3.237615821660711e-06
Completed 38 % :  mod = 1.0119343827173573e-10,  Error =3.3154354781572692e-06
Completed 39 % :  mod = 4.630975860837283e-11,  Error =3.4096477037337536e-06
Completed 40 % :  mod = 2.287867531240463e-11,  Error =3.5072095130317393e-06
Completed 41 % :  mod = 2.5693037408877864e-11,  Error =3.6051894483080105e-06
Completed 42 % :  mod = 5.838183248685155e-11,  Error =3.7023012993131488e-06
Completed 43 % :  mod = 1.2882300498149806e-10,  Error =3.793949616692771e-06
Completed 44 % :  mod = 2.6350885400460065e-10,  Error =3.8632960794871e-06
Completed 45 % :  mod = 2.2856374813113196e-10,  Error =3.917007575182652e-06
Completed 46 % :  mod = 9.499678786748863e-11,  Error =3.996948720441651e-06
Completed 47 % :  mod = 4.3973118280261776e-11,  Error =4.091266603722943e-06
Completed 48 % :  mod = 3.94440082924798e-11,  Error =4.188419516992781e-06
Completed 49 % :  mod = 6.227387533479714e-11,  Error =4.285019294059111e-06
Completed 50 % :  mod = 1.2739966415829167e-10,  Error =4.375761243124998e-06
Completed 51 % :  mod = 2.861960319022019e-10,  Error =4.443351109273408e-06
Completed 52 % :  mod = 2.1070250586460733e-10,  Error =4.4976542170616085e-06
Completed 53 % :  mod = 8.992343608292018e-11,  Error =4.578805643973283e-06
Completed 54 % :  mod = 3.8197582622952196e-11,  Error =4.673978352798258e-06
Completed 55 % :  mod = 1.5409087812863665e-11,  Error =4.771880824705477e-06
Completed 56 % :  mod = 1.1346472751285496e-11,  Error =4.870211526508683e-06
Completed 56 % :  mod = 1.9103566987594166e-11,  Error =4.968525665560719e-06
Completed 57 % :  mod = 4.0781831834903756e-11,  Error =5.066309668677604e-06
Completed 59 % :  mod = 9.75389241027627e-11,  Error =5.160751911148509e-06
Completed 60 % :  mod = 2.3242354052733256e-10,  Error =5.239028226355913e-06
Completed 61 % :  mod = 2.6783865852550993e-10,  Error =5.291911080007594e-06
Completed 62 % :  mod = 1.183756027112164e-10,  Error =5.363381617939922e-06
Completed 63 % :  mod = 5.380085426790622e-11,  Error =5.455701774792487e-06
Completed 64 % :  mod = 2.741462226960867e-11,  Error =5.552907104799942e-06
Completed 65 % :  mod = 2.718449098179964e-11,  Error =5.650791017330903e-06
Completed 66 % :  mod = 5.531146443700092e-11,  Error =5.747874510575457e-06
Completed 67 % :  mod = 1.3611506649778408e-10,  Error =5.8394517381543665e-06
Completed 68 % :  mod = 2.5590452845449867e-10,  Error =5.909760417921461e-06
Completed 69 % :  mod = 2.2520827909767942e-10,  Error =5.962270293480287e-06
Completed 70 % :  mod = 1.0743770937158854e-10,  Error =6.041504207132675e-06
Completed 71 % :  mod = 5.0795113163612847e-11,  Error =6.134968003834729e-06
Completed 72 % :  mod = 5.477525308128245e-11,  Error =6.231161073344538e-06
Completed 73 % :  mod = 1.100960648003336e-10,  Error =6.324741555374658e-06
Completed 74 % :  mod = 2.0205458843665358e-10,  Error =6.404298652284979e-06
Completed 75 % :  mod = 2.788426683490709e-10,  Error =6.456658830700235e-06
Completed 76 % :  mod = 1.4127081358648014e-10,  Error =6.525761790499018e-06
Completed 77 % :  mod = 6.259065171066523e-11,  Error =6.615748688432177e-06
Completed 78 % :  mod = 5.458799915173414e-11,  Error =6.71143494912485e-06
Completed 79 % :  mod = 9.101903354117528e-11,  Error =6.806104195788976e-06
Completed 80 % :  mod = 1.681053724792885e-10,  Error =6.890751279797769e-06
Completed 81 % :  mod = 2.999665304375339e-10,  Error =6.94762972841545e-06
Completed 82 % :  mod = 1.640336348996678e-10,  Error =7.009782116540464e-06
Completed 83 % :  mod = 6.999941354201336e-11,  Error =7.097037652670224e-06
Completed 84 % :  mod = 4.325831313644258e-11,  Error =7.192912875098045e-06
Completed 85 % :  mod = 4.982479859587365e-11,  Error =7.2897982477115875e-06
Completed 86 % :  mod = 9.241047984164668e-11,  Error =7.3839701926203816e-06
Completed 87 % :  mod = 2.2961187581613772e-10,  Error =7.4631061721675e-06
Completed 88 % :  mod = 2.7469577464612675e-10,  Error =7.5179068446118436e-06
Completed 89 % :  mod = 1.2009843213933253e-10,  Error =7.5867604465429395e-06
Completed 90 % :  mod = 6.891421945478913e-11,  Error =7.677633256264471e-06
Completed 91 % :  mod = 5.547798816125364e-11,  Error =7.773442860070645e-06
Completed 92 % :  mod = 7.743838886926794e-11,  Error =7.86827108356647e-06
Completed 93 % :  mod = 1.8975884297163743e-10,  Error =7.95238462103498e-06
Completed 94 % :  mod = 2.9725903616843936e-10,  Error =8.011775911143104e-06
Completed 95 % :  mod = 1.459812845350125e-10,  Error =8.072060140307258e-06
Completed 96 % :  mod = 9.618456646299262e-11,  Error =8.15812659027415e-06
Completed 97 % :  mod = 8.107954379705546e-11,  Error =8.251433982309209e-06
Completed 98 % :  mod = 1.0839367925025076e-10,  Error =8.342277666884002e-06
Completed 99 % :  mod = 2.5244692617804555e-10,  Error =8.414751668794906e-06
Completed 100 % :  mod = 2.6021997313258926e-10,  Error =8.470168516794274e-06
Finished 108/201 frames
Finished all frames!
