/opt/local/miniconda_23_9/lib/python3.11/site-packages/conda/base/context.py:201: FutureWarning: Adding 'defaults' to channel list implicitly is deprecated and will be removed in 25.3. 

To remove this warning, please choose a default channel explicitly with conda's regular configuration system, e.g. by adding 'defaults' to the list of channels:

  conda config --add channels defaults

For more information see https://docs.conda.io/projects/conda/en/stable/user-guide/configuration/use-condarc.html

  deprecated.topic(
JOB 13953 ARRAY_ID 82  -> i=82 ; range=[1.9e-10, 5.0e-10] ; intervals=200 (frames=201)
Analytic t0 extension enabled (--extend-time-using-t0).
Density options: centers='2.0e-10,4.0e-10' width='2.0e-11,5.0e-11' strength='7.0'
Completed 0 % :  mod = 2.8522815598389536e-16,  Error =-1.4210854715202004e-14
Completed 1 % :  mod = 4.0432177636078103e-16,  Error =7.931974721486768e-08
Completed 2 % :  mod = 8.610548734552013e-16,  Error =1.5863876967614488e-07
Completed 3 % :  mod = 2.0368343727532733e-15,  Error =2.3795855241814934e-07
Completed 4 % :  mod = 4.913525734270056e-15,  Error =3.172781504190425e-07
Completed 5 % :  mod = 1.1893385380406023e-14,  Error =3.965971089314735e-07
Completed 6 % :  mod = 2.880512783662827e-14,  Error =4.7591595375706675e-07
Completed 7 % :  mod = 6.977134589615502e-14,  Error =5.552350046400534e-07
Completed 8 % :  mod = 1.6900194405714523e-13,  Error =6.345548939634682e-07
Completed 9 % :  mod = 4.093619077677414e-13,  Error =7.138739519518822e-07
Completed 10 % :  mod = 9.915683480406776e-13,  Error =7.931924130843981e-07
Completed 11 % :  mod = 2.4017828045843847e-12,  Error =8.725094104988784e-07
Completed 12 % :  mod = 5.817283637930892e-12,  Error =9.518160979382628e-07
Completed 13 % :  mod = 1.4085183357579081e-11,  Error =1.0310620766063039e-06
Completed 14 % :  mod = 3.4037401162443136e-11,  Error =1.109945991117911e-06
Completed 15 % :  mod = 8.130284140267173e-11,  Error =1.186798662899946e-06
Completed 16 % :  mod = 1.8073468329914568e-10,  Error =1.254082995671979e-06
Completed 17 % :  mod = 2.6544939801696483e-10,  Error =1.300306372797877e-06
Completed 18 % :  mod = 1.4706994350921648e-10,  Error =1.3509244851661606e-06
Completed 19 % :  mod = 6.975251489804278e-11,  Error =1.4216913939435472e-06
Completed 20 % :  mod = 3.053287221145068e-11,  Error =1.4992235435329349e-06
Completed 21 % :  mod = 1.797998938651812e-11,  Error =1.578104459554197e-06
Completed 22 % :  mod = 2.2171049465051814e-11,  Error =1.6571342058568916e-06
Completed 23 % :  mod = 4.362802562950634e-11,  Error =1.735688009318892e-06
Completed 24 % :  mod = 9.410651280423519e-11,  Error =1.8114019724180253e-06
Completed 25 % :  mod = 2.1245501419549172e-10,  Error =1.8746108523259863e-06
Completed 26 % :  mod = 2.52030791569934e-10,  Error =1.9186205690857605e-06
Completed 27 % :  mod = 1.2298756767324603e-10,  Error =1.9739815684260975e-06
Completed 28 % :  mod = 6.116987644542809e-11,  Error =2.04696465999632e-06
Completed 28 % :  mod = 3.123938580026316e-11,  Error =2.1248141521823527e-06
Completed 30 % :  mod = 2.7231048743362973e-11,  Error =2.203501892950044e-06
Completed 31 % :  mod = 5.0521345489118454e-11,  Error =2.281702329298696e-06
Completed 32 % :  mod = 1.1212574531248761e-10,  Error =2.3564655649011e-06
Completed 33 % :  mod = 2.1099062566220834e-10,  Error =2.4173493997636797e-06
Completed 34 % :  mod = 2.484094675324253e-10,  Error =2.4601691279713123e-06
Completed 35 % :  mod = 1.1995302003314688e-10,  Error =2.5180969629445826e-06
Completed 36 % :  mod = 5.6770023972524746e-11,  Error =2.591352171066319e-06
Completed 37 % :  mod = 4.554544961192502e-11,  Error =2.6688130390084552e-06
Completed 38 % :  mod = 5.980418581640573e-11,  Error =2.7463109475434067e-06
Completed 39 % :  mod = 1.093767281412229e-10,  Error =2.8199785262472687e-06
Completed 40 % :  mod = 2.4568291442748016e-10,  Error =2.8781824994439376e-06
Completed 41 % :  mod = 2.2509949328303723e-10,  Error =2.922007787731218e-06
Completed 42 % :  mod = 1.0495082142284833e-10,  Error =2.982033286968999e-06
Completed 43 % :  mod = 5.575008199833382e-11,  Error =3.0566014288524457e-06
Completed 44 % :  mod = 3.31845358215038e-11,  Error =3.1345892494982763e-06
Completed 45 % :  mod = 3.960742940936115e-11,  Error =3.2128857156976665e-06
Completed 46 % :  mod = 8.854149253036287e-11,  Error =3.2892340513512863e-06
Completed 47 % :  mod = 1.8168310203065426e-10,  Error =3.3564446297873474e-06
Completed 48 % :  mod = 2.5310446806959634e-10,  Error =3.402543512720513e-06
Completed 49 % :  mod = 1.570525209186627e-10,  Error =3.453493874872038e-06
Completed 50 % :  mod = 6.785548674496982e-11,  Error =3.5241091822513226e-06
Completed 51 % :  mod = 3.126749156989287e-11,  Error =3.6015660143107198e-06
Completed 52 % :  mod = 2.2224368540170747e-11,  Error =3.680379990100846e-06
Completed 53 % :  mod = 2.8192379031500064e-11,  Error =3.759260764013561e-06
Completed 54 % :  mod = 5.5773620556973484e-11,  Error =3.837208964796446e-06
Completed 55 % :  mod = 1.3608745803053223e-10,  Error =3.90992863685824e-06
Completed 56 % :  mod = 2.4737536481136545e-10,  Error =3.965480146916889e-06
Completed 56 % :  mod = 2.0267805285766786e-10,  Error =4.008524001619662e-06
Completed 57 % :  mod = 1.045969419915294e-10,  Error =4.072062608884153e-06
Completed 59 % :  mod = 4.390511377781062e-11,  Error =4.147447846492014e-06
Completed 60 % :  mod = 3.0661307072112455e-11,  Error =4.225697622928237e-06
Completed 61 % :  mod = 4.189570957593857e-11,  Error =4.304138201405294e-06
Completed 62 % :  mod = 7.69049350168725e-11,  Error =4.38089853105339e-06
Completed 63 % :  mod = 1.692438899913451e-10,  Error =4.448921551158946e-06
Completed 64 % :  mod = 2.753038486045079e-10,  Error =4.496757981087285e-06
Completed 65 % :  mod = 1.517783796473184e-10,  Error =4.545286429902262e-06
Completed 66 % :  mod = 8.192053415367436e-11,  Error =4.614331992058851e-06
Completed 67 % :  mod = 4.576840395335262e-11,  Error =4.690934815698711e-06
Completed 68 % :  mod = 4.318388626224224e-11,  Error =4.768793189668941e-06
Completed 69 % :  mod = 8.495741156516699e-11,  Error =4.844996766451004e-06
Completed 70 % :  mod = 1.858561045914026e-10,  Error =4.912418084757064e-06
Completed 71 % :  mod = 2.4718316767396814e-10,  Error =4.959673240989559e-06
Completed 72 % :  mod = 1.5932433608407458e-10,  Error =5.009635856367822e-06
Completed 73 % :  mod = 7.852747378471944e-11,  Error =5.079493512027966e-06
Completed 74 % :  mod = 4.1932024981264776e-11,  Error =5.1562124099291395e-06
Completed 75 % :  mod = 4.740239273054963e-11,  Error =5.234035228340872e-06
Completed 76 % :  mod = 9.507661969837447e-11,  Error =5.309928972963007e-06
Completed 77 % :  mod = 1.7383918664286887e-10,  Error =5.3763783469662485e-06
Completed 78 % :  mod = 2.646501835071493e-10,  Error =5.421504333469329e-06
Completed 79 % :  mod = 1.5487773410556084e-10,  Error =5.473115855636479e-06
Completed 80 % :  mod = 6.661126453704396e-11,  Error =5.543546059527671e-06
Completed 81 % :  mod = 3.706199021491481e-11,  Error =5.620837768560705e-06
Completed 82 % :  mod = 3.29086739131026e-11,  Error =5.699313348372925e-06
Completed 83 % :  mod = 5.280364437472256e-11,  Error =5.777260732031664e-06
Completed 84 % :  mod = 1.2244621605725885e-10,  Error =5.8510048006610305e-06
Completed 85 % :  mod = 2.3609100833852017e-10,  Error =5.9096653828305534e-06
Completed 86 % :  mod = 2.1826237143594712e-10,  Error =5.951953973237778e-06
Completed 87 % :  mod = 1.1512752432672713e-10,  Error =6.0125957759282755e-06
Completed 88 % :  mod = 4.8857307981465464e-11,  Error =6.0871723519539955e-06
Completed 89 % :  mod = 2.832532860508824e-11,  Error =6.165384355938386e-06
Completed 90 % :  mod = 2.93438243393294e-11,  Error =6.2441225949783075e-06
Completed 91 % :  mod = 5.301445198233046e-11,  Error =6.322197563690679e-06
Completed 92 % :  mod = 1.167743899469524e-10,  Error =6.396059994528969e-06
Completed 93 % :  mod = 2.440350511516031e-10,  Error =6.45412588085037e-06
Completed 94 % :  mod = 2.1982444810729562e-10,  Error =6.4970851951784425e-06
Completed 95 % :  mod = 1.0588020406188664e-10,  Error =6.558119778787841e-06
Completed 96 % :  mod = 4.5355523024333656e-11,  Error =6.63321495864011e-06
Completed 97 % :  mod = 2.042127366901481e-11,  Error =6.711735416331521e-06
Completed 98 % :  mod = 1.0607967784414391e-11,  Error =6.790888939178785e-06
Completed 99 % :  mod = 8.234797836445168e-12,  Error =6.870140062176233e-06
Completed 100 % :  mod = 1.6027101717001857e-11,  Error =6.9493423708877344e-06
Finished 83/201 frames
Finished all frames!
