/opt/local/miniconda_23_9/lib/python3.11/site-packages/conda/base/context.py:201: FutureWarning: Adding 'defaults' to channel list implicitly is deprecated and will be removed in 25.3. 

To remove this warning, please choose a default channel explicitly with conda's regular configuration system, e.g. by adding 'defaults' to the list of channels:

  conda config --add channels defaults

For more information see https://docs.conda.io/projects/conda/en/stable/user-guide/configuration/use-condarc.html

  deprecated.topic(
JOB 13487 ARRAY_ID 133  -> i=133 ; range=[1.9e-10, 6.0e-10] ; intervals=200 (frames=201)
Density options: centers='2.0e-10,4.0e-10' width='5e-11,5e-11' strength=''
Completed 0 % :  mod = 3.2591919814865047e-16,  Error =-1.4210854715202004e-14
Completed 1 % :  mod = 5.100253432601422e-16,  Error =1.352222938066916e-07
Completed 2 % :  mod = 1.2703405842465605e-15,  Error =2.704453265778284e-07
Completed 3 % :  mod = 3.4658429412241644e-15,  Error =4.0566859382806797e-07
Completed 4 % :  mod = 9.57693547974736e-15,  Error =5.408909586890331e-07
Completed 5 % :  mod = 2.6507720495592775e-14,  Error =6.761143822586746e-07
Completed 6 % :  mod = 7.338601671939708e-14,  Error =8.113368537010501e-07
Completed 7 % :  mod = 2.0317330462750979e-13,  Error =9.465591048751776e-07
Completed 8 % :  mod = 5.62498635319304e-13,  Error =1.0817814768415701e-06
Completed 9 % :  mod = 1.557311853075913e-12,  Error =1.2170027261504401e-06
Completed 10 % :  mod = 4.311442938596517e-12,  Error =1.3522168416102431e-06
Completed 11 % :  mod = 1.1934804626557712e-11,  Error =1.4873752505195625e-06
Completed 12 % :  mod = 3.3005717611971896e-11,  Error =1.6221111636127716e-06
Completed 13 % :  mod = 9.058228639174343e-11,  Error =1.7537195873273959e-06
Completed 14 % :  mod = 2.3180897240173888e-10,  Error =1.866580028320186e-06
Completed 15 % :  mod = 3.1837718580834267e-10,  Error =1.938672951951048e-06
Completed 16 % :  mod = 1.244562447208364e-10,  Error =2.0349823088849917e-06
Completed 17 % :  mod = 5.654685929149628e-11,  Error =2.1619468171252265e-06
Completed 18 % :  mod = 4.329846720209431e-11,  Error =2.295052048850721e-06
Completed 19 % :  mod = 6.67901469783973e-11,  Error =2.427617616262978e-06
Completed 20 % :  mod = 1.5845594199886313e-10,  Error =2.5503990030983914e-06
Completed 21 % :  mod = 3.473020538367398e-10,  Error =2.6363084515423907e-06
Completed 22 % :  mod = 1.7744666656557939e-10,  Error =2.7136209652667276e-06
Completed 23 % :  mod = 8.534490526735674e-11,  Error =2.832352272719163e-06
Completed 24 % :  mod = 4.867322949541198e-11,  Error =2.963875289196949e-06
Completed 25 % :  mod = 5.825189093113739e-11,  Error =3.096453468742766e-06
Completed 26 % :  mod = 1.4494103038761203e-10,  Error =3.2217570478110247e-06
Completed 27 % :  mod = 3.243046215648518e-10,  Error =3.3156332648331954e-06
Completed 28 % :  mod = 2.0645704734133917e-10,  Error =3.387155082634763e-06
Completed 28 % :  mod = 1.0263662834042821e-10,  Error =3.5011343513247084e-06
Completed 30 % :  mod = 4.9952691246136744e-11,  Error =3.6315704576850294e-06
Completed 31 % :  mod = 5.536738157058685e-11,  Error =3.7640626615598194e-06
Completed 32 % :  mod = 1.4354279746808004e-10,  Error =3.890263336359112e-06
Completed 33 % :  mod = 3.026462595896329e-10,  Error =3.9879062256886755e-06
Completed 34 % :  mod = 2.2251349098839897e-10,  Error =4.057350011521521e-06
Completed 35 % :  mod = 1.1603544806951569e-10,  Error =4.168494584178006e-06
Completed 36 % :  mod = 5.609471057231319e-11,  Error =4.29769570331473e-06
Completed 37 % :  mod = 6.742847212864338e-11,  Error =4.4289286549314966e-06
Completed 38 % :  mod = 1.8714394783761883e-10,  Error =4.550193338559438e-06
Completed 39 % :  mod = 3.1920477484406815e-10,  Error =4.637867228041159e-06
Completed 40 % :  mod = 1.724567554731511e-10,  Error =4.7142308119418885e-06
Completed 41 % :  mod = 1.2113905671162672e-10,  Error =4.830360353480501e-06
Completed 42 % :  mod = 1.0465752981584746e-10,  Error =4.95637533504123e-06
Completed 43 % :  mod = 1.5707631271521006e-10,  Error =5.073354174101041e-06
Completed 44 % :  mod = 3.5279300347219795e-10,  Error =5.152376310491036e-06
Completed 45 % :  mod = 1.8037728608956556e-10,  Error =5.236092277982607e-06
Completed 46 % :  mod = 7.848780091480936e-11,  Error =5.354792477874071e-06
Completed 47 % :  mod = 7.907520117349944e-11,  Error =5.4845948938009315e-06
Completed 48 % :  mod = 1.3673731183451733e-10,  Error =5.610713181170013e-06
Completed 49 % :  mod = 2.515655067604174e-10,  Error =5.711397065510937e-06
Completed 50 % :  mod = 2.7279826166502093e-10,  Error =5.7820929981744484e-06
Completed 51 % :  mod = 1.35671854786055e-10,  Error =5.887314806329869e-06
Completed 52 % :  mod = 9.063641798268535e-11,  Error =6.010450093185682e-06
Completed 53 % :  mod = 1.7219116131119315e-10,  Error =6.128456902843027e-06
Completed 54 % :  mod = 3.4359436526910373e-10,  Error =6.217086855997422e-06
Completed 55 % :  mod = 1.818159528688081e-10,  Error =6.291453793494384e-06
Completed 56 % :  mod = 1.1414739847647358e-10,  Error =6.403057760451247e-06
Completed 56 % :  mod = 1.3172448617320718e-10,  Error =6.527013866275411e-06
Completed 57 % :  mod = 1.8092113624688163e-10,  Error =6.641477291680076e-06
Completed 59 % :  mod = 3.052811140234735e-10,  Error =6.717081738827346e-06
Completed 60 % :  mod = 1.9798041301713698e-10,  Error =6.805616692417971e-06
Completed 61 % :  mod = 6.977534085324059e-11,  Error =6.926212400060194e-06
Completed 62 % :  mod = 6.475142419089933e-11,  Error =7.055840221426024e-06
Completed 63 % :  mod = 1.7362023202810589e-10,  Error =7.179583278116297e-06
Completed 64 % :  mod = 2.81337274756534e-10,  Error =7.275106618465088e-06
Completed 65 % :  mod = 2.1764567520810048e-10,  Error =7.345696801053236e-06
Completed 66 % :  mod = 1.4412873503553604e-10,  Error =7.455694564839632e-06
Completed 67 % :  mod = 9.218269413518546e-11,  Error =7.580068398738149e-06
Completed 68 % :  mod = 1.529588413581388e-10,  Error =7.69761805941016e-06
Completed 69 % :  mod = 3.6199793953116697e-10,  Error =7.780847674609959e-06
Completed 70 % :  mod = 1.8383975144215753e-10,  Error =7.86031890953609e-06
Completed 71 % :  mod = 9.325609555304419e-11,  Error =7.97586825029839e-06
Completed 72 % :  mod = 9.52198565175748e-11,  Error =8.103753749821863e-06
Completed 73 % :  mod = 1.550763422922011e-10,  Error =8.226391415178114e-06
Completed 74 % :  mod = 2.7850496066291556e-10,  Error =8.317380718381173e-06
Completed 75 % :  mod = 2.355377835494882e-10,  Error =8.394310725634568e-06
Completed 76 % :  mod = 1.1597262331571942e-10,  Error =8.507019195747034e-06
Completed 77 % :  mod = 8.784611971114423e-11,  Error =8.632243542194828e-06
Completed 78 % :  mod = 1.9343404443337823e-10,  Error =8.748026971261424e-06
Completed 79 % :  mod = 3.468821274647968e-10,  Error =8.83239641069622e-06
Completed 80 % :  mod = 1.593178848143906e-10,  Error =8.910921408755712e-06
Completed 81 % :  mod = 1.209842579972946e-10,  Error =9.024577998673067e-06
Completed 82 % :  mod = 1.6753720070705626e-10,  Error =9.14488047243367e-06
Completed 83 % :  mod = 2.2316827915838008e-10,  Error =9.248030124808793e-06
Completed 84 % :  mod = 2.653035127333441e-10,  Error =9.317243524264995e-06
Completed 85 % :  mod = 1.8701188354531984e-10,  Error =9.41583517288791e-06
Completed 86 % :  mod = 1.0604021347390513e-10,  Error =9.534387949372558e-06
Completed 87 % :  mod = 1.554739935226519e-10,  Error =9.649102771902562e-06
Completed 88 % :  mod = 3.671158396162874e-10,  Error =9.73339250265326e-06
Completed 89 % :  mod = 1.8047200693699875e-10,  Error =9.812011363408146e-06
Completed 90 % :  mod = 1.0197796261294248e-10,  Error =9.923947210666029e-06
Completed 91 % :  mod = 1.490716970510183e-10,  Error =1.0046979923572508e-05
Completed 92 % :  mod = 2.1552683259641574e-10,  Error =1.0157804183563712e-05
Completed 93 % :  mod = 2.7809832584091386e-10,  Error =1.0230656819487649e-05
Completed 94 % :  mod = 1.7403930087316217e-10,  Error =1.0324199998024142e-05
Completed 95 % :  mod = 7.15842067099125e-11,  Error =1.0447152334336351e-05
Completed 96 % :  mod = 7.915054861532442e-11,  Error =1.0576044765286952e-05
Completed 97 % :  mod = 2.0147636442293383e-10,  Error =1.0694525258259091e-05
Completed 98 % :  mod = 3.2595418853966117e-10,  Error =1.0779994944698501e-05
Completed 99 % :  mod = 1.666606113805767e-10,  Error =1.0857953292031652e-05
Completed 100 % :  mod = 1.1645701694990548e-10,  Error =1.0973430192962041e-05
Finished 134/201 frames
Finished all frames!
