/opt/local/miniconda_23_9/lib/python3.11/site-packages/conda/base/context.py:201: FutureWarning: Adding 'defaults' to channel list implicitly is deprecated and will be removed in 25.3. 

To remove this warning, please choose a default channel explicitly with conda's regular configuration system, e.g. by adding 'defaults' to the list of channels:

  conda config --add channels defaults

For more information see https://docs.conda.io/projects/conda/en/stable/user-guide/configuration/use-condarc.html

  deprecated.topic(
JOB 13415 ARRAY_ID 61  -> i=61 ; range=[1.9e-10, 6.0e-10] ; intervals=200 (frames=201)
Density options: centers='2.0e-10,4.0e-10' width='5e-11,5e-11' strength=''
Completed 0 % :  mod = 2.248851254675528e-16,  Error =-1.4210854715202004e-14
Completed 1 % :  mod = 2.720462185635498e-16,  Error =3.065166964688615e-08
Completed 2 % :  mod = 4.333099819904459e-16,  Error =6.130266427817332e-08
Completed 3 % :  mod = 7.763142777438312e-16,  Error =9.19551013112141e-08
Completed 4 % :  mod = 1.4449233045637418e-15,  Error =1.2260655779527951e-07
Completed 5 % :  mod = 2.71956761079273e-15,  Error =1.5325801427934493e-07
Completed 6 % :  mod = 5.1348634333319364e-15,  Error =1.8390900180520475e-07
Completed 7 % :  mod = 9.703843429462511e-15,  Error =2.1456083487692013e-07
Completed 8 % :  mod = 1.8342846741472358e-14,  Error =2.452124121532506e-07
Completed 9 % :  mod = 3.4675277243530823e-14,  Error =2.758642239086839e-07
Completed 10 % :  mod = 6.555134465013046e-14,  Error =3.065166751525794e-07
Completed 11 % :  mod = 1.2392119998210942e-13,  Error =3.3716806058237125e-07
Completed 12 % :  mod = 2.342664982358301e-13,  Error =3.678196094369923e-07
Completed 13 % :  mod = 4.428683204673745e-13,  Error =3.9847136434900676e-07
Completed 14 % :  mod = 8.372167525089661e-13,  Error =4.2912329689670514e-07
Completed 15 % :  mod = 1.5826940806519453e-12,  Error =4.597735738798292e-07
Completed 16 % :  mod = 2.991857421833148e-12,  Error =4.904224795154732e-07
Completed 17 % :  mod = 5.6549743945198285e-12,  Error =5.210645852571361e-07
Completed 18 % :  mod = 1.0683826943768134e-11,  Error =5.516846997011271e-07
Completed 19 % :  mod = 2.015263199039312e-11,  Error =5.822219719675559e-07
Completed 20 % :  mod = 3.7798260647337607e-11,  Error =6.124703872956161e-07
Completed 21 % :  mod = 6.948291365399435e-11,  Error =6.417501836608608e-07
Completed 22 % :  mod = 1.1916835667748157e-10,  Error =6.682434019467109e-07
Completed 23 % :  mod = 1.6532478005835035e-10,  Error =6.896741098216808e-07
Completed 24 % :  mod = 1.4970918652993908e-10,  Error =7.090259828146372e-07
Completed 25 % :  mod = 9.600841908276398e-11,  Error =7.327515234578641e-07
Completed 26 % :  mod = 5.3599723133573774e-11,  Error =7.607583540902851e-07
Completed 27 % :  mod = 2.896169058880562e-11,  Error =7.905940790919885e-07
Completed 28 % :  mod = 1.5378392334416667e-11,  Error =8.210090740590203e-07
Completed 28 % :  mod = 8.181958191943976e-12,  Error =8.515933274111376e-07
Completed 30 % :  mod = 4.438023459555533e-12,  Error =8.822258124041582e-07
Completed 31 % :  mod = 2.5085173412482078e-12,  Error =9.128714850703545e-07
Completed 32 % :  mod = 1.648893913285503e-12,  Error =9.43520319651725e-07
Completed 33 % :  mod = 1.4841574105458356e-12,  Error =9.74170376366601e-07
Completed 34 % :  mod = 1.930407920732099e-12,  Error =1.0048201914969468e-06
Completed 35 % :  mod = 3.18953965213321e-12,  Error =1.0354688697589154e-06
Completed 36 % :  mod = 5.80850536691381e-12,  Error =1.0661104710152358e-06
Completed 37 % :  mod = 1.0798141471356087e-11,  Error =1.0967287877861054e-06
Completed 38 % :  mod = 2.0333416769319668e-11,  Error =1.1272648094973192e-06
Completed 39 % :  mod = 3.8177014790500903e-11,  Error =1.1575071638958434e-06
Completed 40 % :  mod = 6.982002382094087e-11,  Error =1.186767427441282e-06
Completed 41 % :  mod = 1.2000119331062323e-10,  Error =1.2132063247349834e-06
Completed 42 % :  mod = 1.6567592151626157e-10,  Error =1.2345820152859233e-06
Completed 43 % :  mod = 1.488383911140475e-10,  Error =1.2539496339059042e-06
Completed 44 % :  mod = 9.563558649546952e-11,  Error =1.2777415818732152e-06
Completed 45 % :  mod = 5.3166041191268163e-11,  Error =1.3057823124995593e-06
Completed 46 % :  mod = 2.8748840632482285e-11,  Error =1.3356281201026832e-06
Completed 47 % :  mod = 1.535744468488692e-11,  Error =1.3660469662113428e-06
Completed 48 % :  mod = 8.205907468693627e-12,  Error =1.3966316103619647e-06
Completed 49 % :  mod = 4.601623799625238e-12,  Error =1.4272624540012657e-06
Completed 50 % :  mod = 2.86385127728217e-12,  Error =1.457908204827163e-06
Completed 51 % :  mod = 2.326223965606061e-12,  Error =1.4885573307310551e-06
Completed 52 % :  mod = 2.7904155497009484e-12,  Error =1.5192064068969557e-06
Completed 53 % :  mod = 4.409565848888948e-12,  Error =1.5498521932499898e-06
Completed 54 % :  mod = 7.835364889383904e-12,  Error =1.5804865043378413e-06
Completed 55 % :  mod = 1.465823890217452e-11,  Error =1.6110773302102643e-06
Completed 56 % :  mod = 2.736712849388765e-11,  Error =1.6415171941730478e-06
Completed 56 % :  mod = 5.0803710496778365e-11,  Error =1.6714349868607314e-06
Completed 57 % :  mod = 9.179693219987816e-11,  Error =1.6996870044749812e-06
Completed 59 % :  mod = 1.449554801934487e-10,  Error =1.723883613635735e-06
Completed 60 % :  mod = 1.673243467491942e-10,  Error =1.7434169521379772e-06
Completed 61 % :  mod = 1.2415465062499592e-10,  Error =1.7644236294245275e-06
Completed 62 % :  mod = 7.301206111456737e-11,  Error =1.7905363662862328e-06
Completed 63 % :  mod = 4.0055186523408835e-11,  Error =1.8196659610225652e-06
Completed 64 % :  mod = 2.131535952625701e-11,  Error =1.8498653133747212e-06
Completed 65 % :  mod = 1.134634767816176e-11,  Error =1.8803887300578026e-06
Completed 66 % :  mod = 6.104444541024527e-12,  Error =1.9110031175273434e-06
Completed 67 % :  mod = 3.3579154191764575e-12,  Error =1.9416440011355007e-06
Completed 68 % :  mod = 2.0533465877145794e-12,  Error =1.972292132279563e-06
Completed 69 % :  mod = 1.6048969009210842e-12,  Error =2.002942473211533e-06
Completed 70 % :  mod = 1.8175230033890089e-12,  Error =2.0335933683668372e-06
Completed 71 % :  mod = 2.8032000934811464e-12,  Error =2.064243005861499e-06
Completed 72 % :  mod = 4.9759159019764735e-12,  Error =2.094887179282523e-06
Completed 73 % :  mod = 9.177353975204562e-12,  Error =2.12551547917883e-06
Completed 74 % :  mod = 1.7283414242957664e-11,  Error =2.1560828642464003e-06
Completed 75 % :  mod = 3.245860998490511e-11,  Error =2.1864377259817047e-06
Completed 76 % :  mod = 5.983950096681027e-11,  Error =2.2160685446692696e-06
Completed 77 % :  mod = 1.0576033580858683e-10,  Error =2.2434955795347378e-06
Completed 78 % :  mod = 1.5747143667448266e-10,  Error =2.266231895475812e-06
Completed 79 % :  mod = 1.6000923690953978e-10,  Error =2.2853903516306673e-06
Completed 80 % :  mod = 1.092259107015472e-10,  Error =2.3077778337210475e-06
Completed 81 % :  mod = 6.220346667588217e-11,  Error =2.334975974349618e-06
Completed 82 % :  mod = 3.3827576217256685e-11,  Error =2.3645250450954336e-06
Completed 83 % :  mod = 1.7991706059000567e-11,  Error =2.3948552012598157e-06
Completed 84 % :  mod = 9.567454518697138e-12,  Error =2.4254148911495577e-06
Completed 85 % :  mod = 5.1860863416278026e-12,  Error =2.4560398514950066e-06
Completed 86 % :  mod = 2.9173297527060046e-12,  Error =2.486683399638423e-06
Completed 87 % :  mod = 1.892678386308792e-12,  Error =2.5173321134275284e-06
Completed 88 % :  mod = 1.6670817614615466e-12,  Error =2.5479822909346694e-06
Completed 89 % :  mod = 2.1274959243664552e-12,  Error =2.578632297911554e-06
Completed 90 % :  mod = 3.4818889333630234e-12,  Error =2.60928047168818e-06
Completed 91 % :  mod = 6.325065382122346e-12,  Error =2.639920410274499e-06
Completed 92 % :  mod = 1.1742676578600815e-11,  Error =2.6705332061283116e-06
Completed 93 % :  mod = 2.209365671792687e-11,  Error =2.701046426523135e-06
Completed 94 % :  mod = 4.144252131872987e-11,  Error =2.731213790241327e-06
Completed 95 % :  mod = 7.535632468166864e-11,  Error =2.7602401218018713e-06
Completed 96 % :  mod = 1.2734957611008884e-10,  Error =2.7861043463417445e-06
Completed 97 % :  mod = 1.680163514159537e-10,  Error =2.8068581201523557e-06
Completed 98 % :  mod = 1.4210144903118828e-10,  Error =2.826536707800642e-06
Completed 99 % :  mod = 8.91275935677403e-11,  Error =2.8510244050039546e-06
Completed 100 % :  mod = 4.908837836615896e-11,  Error =2.879420868850957e-06
Finished 62/201 frames
Finished all frames!
