/opt/local/miniconda_23_9/lib/python3.11/site-packages/conda/base/context.py:201: FutureWarning: Adding 'defaults' to channel list implicitly is deprecated and will be removed in 25.3. 

To remove this warning, please choose a default channel explicitly with conda's regular configuration system, e.g. by adding 'defaults' to the list of channels:

  conda config --add channels defaults

For more information see https://docs.conda.io/projects/conda/en/stable/user-guide/configuration/use-condarc.html

  deprecated.topic(
JOB 14033 ARRAY_ID 162  -> i=162 ; range=[1.9e-10, 5.0e-10] ; intervals=200 (frames=201)
Analytic t0 extension enabled (--extend-time-using-t0).
Density options: centers='2.0e-10,4.0e-10' width='2.0e-11,5.0e-11' strength='7.0'
Completed 0 % :  mod = 3.46690964573496e-16,  Error =-1.4210854715202004e-14
Completed 1 % :  mod = 5.694021187705553e-16,  Error =1.731330385723595e-07
Completed 2 % :  mod = 1.5236708835759487e-15,  Error =3.462665318920699e-07
Completed 3 % :  mod = 4.435524631659635e-15,  Error =5.193990872953691e-07
Completed 4 % :  mod = 1.3046060765872774e-14,  Error =6.92532331925122e-07
Completed 5 % :  mod = 3.8417941537393216e-14,  Error =8.656658110339777e-07
Completed 6 % :  mod = 1.1314850340309063e-13,  Error =1.038798728814072e-06
Completed 7 % :  mod = 3.3325020928325024e-13,  Error =1.2119321866066457e-06
Completed 8 % :  mod = 9.815051940260846e-13,  Error =1.385065282022424e-06
Completed 9 % :  mod = 2.8907647016822475e-12,  Error =1.558194057338369e-06
Completed 10 % :  mod = 8.513623947942192e-12,  Error =1.7312916682499235e-06
Completed 11 % :  mod = 2.506430562385782e-11,  Error =1.9041194718738552e-06
Completed 12 % :  mod = 7.354602755260099e-11,  Error =2.0746560167594907e-06
Completed 13 % :  mod = 2.0828893703277094e-10,  Error =2.2282892686575906e-06
Completed 14 % :  mod = 3.7268175438003553e-10,  Error =2.3266575155389546e-06
Completed 15 % :  mod = 1.4028975661306008e-10,  Error =2.4404039962178103e-06
Completed 16 % :  mod = 7.080158640169377e-11,  Error =2.601047654593458e-06
Completed 17 % :  mod = 6.213980967395553e-11,  Error =2.7703179981131143e-06
Completed 18 % :  mod = 1.075944479836629e-10,  Error =2.9358869326756576e-06
Completed 19 % :  mod = 2.9203673240579574e-10,  Error =3.069423357260348e-06
Completed 20 % :  mod = 3.1275555882899415e-10,  Error =3.1617479265833026e-06
Completed 21 % :  mod = 1.1128877767317886e-10,  Error =3.2981598678816226e-06
Completed 22 % :  mod = 7.32158271459865e-11,  Error =3.4607198031721964e-06
Completed 23 % :  mod = 1.73998575628708e-10,  Error =3.6189047349921566e-06
Completed 24 % :  mod = 3.346649535432905e-10,  Error =3.7415435727439217e-06
Completed 25 % :  mod = 2.0766378807286554e-10,  Error =3.830012325067855e-06
Completed 26 % :  mod = 1.467238464051544e-10,  Error =3.972954850439692e-06
Completed 27 % :  mod = 1.179124235273046e-10,  Error =4.132606491680235e-06
Completed 28 % :  mod = 1.8001252377747468e-10,  Error =4.279072001622808e-06
Completed 28 % :  mod = 3.8012589657208614e-10,  Error =4.372778697359081e-06
Completed 30 % :  mod = 1.71212617678777e-10,  Error =4.487650173246038e-06
Completed 31 % :  mod = 8.566547379007959e-11,  Error =4.642696481482744e-06
Completed 32 % :  mod = 1.2877856707067602e-10,  Error =4.804396553481638e-06
Completed 33 % :  mod = 2.8716098161801955e-10,  Error =4.942665938756363e-06
Completed 34 % :  mod = 2.937073519939809e-10,  Error =5.03230515391806e-06
Completed 35 % :  mod = 1.1323067622475674e-10,  Error =5.164502702825757e-06
Completed 36 % :  mod = 5.7736753692899503e-11,  Error =5.329823594024674e-06
Completed 37 % :  mod = 6.184928578098161e-11,  Error =5.499966285071878e-06
Completed 38 % :  mod = 1.1323492112870917e-10,  Error =5.665349632977268e-06
Completed 39 % :  mod = 3.161527336641435e-10,  Error =5.797792475448205e-06
Completed 40 % :  mod = 2.7813438576173423e-10,  Error =5.886665775278743e-06
Completed 41 % :  mod = 9.11669884252047e-11,  Error =6.027770972139024e-06
Completed 42 % :  mod = 4.5980557338103107e-11,  Error =6.19554786851495e-06
Completed 43 % :  mod = 4.2893489750887196e-11,  Error =6.367248325034325e-06
Completed 44 % :  mod = 6.037345125024786e-11,  Error =6.5378340892152664e-06
Completed 45 % :  mod = 1.662966483419666e-10,  Error =6.696093983293849e-06
Completed 46 % :  mod = 3.8355335751239106e-10,  Error =6.803063556048983e-06
Completed 47 % :  mod = 1.6489645827088116e-10,  Error =6.906172991705262e-06
Completed 48 % :  mod = 9.039972730790022e-11,  Error =7.0628195842914465e-06
Completed 49 % :  mod = 5.605170931092287e-11,  Error =7.231866334223014e-06
Completed 50 % :  mod = 7.498968148952221e-11,  Error =7.40002098353898e-06
Completed 51 % :  mod = 2.400297071403777e-10,  Error =7.5477877459206866e-06
Completed 52 % :  mod = 3.6424411352988726e-10,  Error =7.644386876393128e-06
Completed 53 % :  mod = 1.317000110721878e-10,  Error =7.762063802374541e-06
Completed 54 % :  mod = 1.0097574532341e-10,  Error =7.920239717407185e-06
Completed 55 % :  mod = 1.5643991233078325e-10,  Error =8.079469864696875e-06
Completed 56 % :  mod = 2.7840484020591487e-10,  Error =8.210504816474895e-06
Completed 56 % :  mod = 2.562366263638346e-10,  Error =8.296196618573504e-06
Completed 57 % :  mod = 1.6025952710257325e-10,  Error =8.431714775269938e-06
Completed 59 % :  mod = 1.2160490628379455e-10,  Error =8.58874808074006e-06
Completed 60 % :  mod = 1.7568984515533984e-10,  Error =8.735627567091342e-06
Completed 61 % :  mod = 4.0639533946916955e-10,  Error =8.834382498434934e-06
Completed 62 % :  mod = 1.6652810539797063e-10,  Error =8.94290402442266e-06
Completed 63 % :  mod = 9.377283502944359e-11,  Error =9.092998347171033e-06
Completed 64 % :  mod = 1.9419837915676705e-10,  Error =9.248050339749625e-06
Completed 65 % :  mod = 3.131093107321969e-10,  Error =9.372560896281357e-06
Completed 66 % :  mod = 2.328382510054419e-10,  Error =9.459838729242165e-06
Completed 67 % :  mod = 1.5335580498022915e-10,  Error =9.598182145964529e-06
Completed 68 % :  mod = 1.0717220331326867e-10,  Error =9.756307683517207e-06
Completed 69 % :  mod = 1.971942568302813e-10,  Error =9.90133449363384e-06
Completed 70 % :  mod = 3.5787191275222527e-10,  Error =9.994587699679869e-06
Completed 71 % :  mod = 1.8760925869660928e-10,  Error =1.0109769391419832e-05
Completed 72 % :  mod = 9.829346601605956e-11,  Error =1.0264283361038906e-05
Completed 73 % :  mod = 1.1810761728027747e-10,  Error =1.0424007541587343e-05
Completed 74 % :  mod = 3.185379352507898e-10,  Error =1.0557175485814696e-05
Completed 75 % :  mod = 2.6535406366497674e-10,  Error =1.0645645453166708e-05
Completed 76 % :  mod = 1.1069422651526466e-10,  Error =1.0781459451436604e-05
Completed 77 % :  mod = 8.744393984634152e-11,  Error =1.0946265106781539e-05
Completed 78 % :  mod = 8.613423265158062e-11,  Error =1.1113684266206292e-05
Completed 79 % :  mod = 1.86073213370944e-10,  Error =1.1265242370939177e-05
Completed 80 % :  mod = 4.0127618056166983e-10,  Error =1.1365300977672632e-05
Completed 81 % :  mod = 1.375544919067041e-10,  Error =1.1474851604020841e-05
Completed 82 % :  mod = 9.863513989179428e-11,  Error =1.1630246525839993e-05
Completed 83 % :  mod = 1.5683362720936062e-10,  Error =1.1791442098285643e-05
Completed 84 % :  mod = 2.2944079134606397e-10,  Error =1.1931292981159913e-05
Completed 85 % :  mod = 3.228990438111524e-10,  Error =1.2017518812967865e-05
Completed 86 % :  mod = 1.4176701668934006e-10,  Error =1.2145780729611033e-05
Completed 87 % :  mod = 7.11792477433048e-11,  Error =1.230608947366818e-05
Completed 88 % :  mod = 1.2744064174994555e-10,  Error =1.2468710558266594e-05
Completed 89 % :  mod = 3.0754839448706946e-10,  Error =1.2602313944398702e-05
Completed 90 % :  mod = 3.023690015335718e-10,  Error =1.2694200002272282e-05
Completed 91 % :  mod = 1.0141137361770819e-10,  Error =1.2829869099562075e-05
Completed 92 % :  mod = 5.3258525613625145e-11,  Error =1.2995050447273115e-05
Completed 93 % :  mod = 9.767398460139366e-11,  Error =1.3162766933305647e-05
Completed 94 % :  mod = 1.9442865250567308e-10,  Error =1.331616461897056e-05
Completed 95 % :  mod = 3.6665170003255844e-10,  Error =1.341447622138503e-05
Completed 96 % :  mod = 1.7278152054753685e-10,  Error =1.352577599078586e-05
Completed 97 % :  mod = 5.7568714798415674e-11,  Error =1.368486469743857e-05
Completed 98 % :  mod = 4.324417564936225e-11,  Error =1.385442823931271e-05
Completed 99 % :  mod = 1.0629661889328877e-10,  Error =1.4022317969875076e-05
Completed 100 % :  mod = 2.2697260440292978e-10,  Error =1.4169392812846127e-05
Finished 163/201 frames
Finished all frames!
