/opt/local/miniconda_23_9/lib/python3.11/site-packages/conda/base/context.py:201: FutureWarning: Adding 'defaults' to channel list implicitly is deprecated and will be removed in 25.3. 

To remove this warning, please choose a default channel explicitly with conda's regular configuration system, e.g. by adding 'defaults' to the list of channels:

  conda config --add channels defaults

For more information see https://docs.conda.io/projects/conda/en/stable/user-guide/configuration/use-condarc.html

  deprecated.topic(
JOB 14048 ARRAY_ID 177  -> i=177 ; range=[1.9e-10, 5.0e-10] ; intervals=200 (frames=201)
Analytic t0 extension enabled (--extend-time-using-t0).
Density options: centers='2.0e-10,4.0e-10' width='2.0e-11,5.0e-11' strength='7.0'
Completed 0 % :  mod = 3.610793807962092e-16,  Error =-1.4210854715202004e-14
Completed 1 % :  mod = 6.127526666492548e-16,  Error =2.0371386710849038e-07
Completed 2 % :  mod = 1.7186064341501952e-15,  Error =4.074270592013818e-07
Completed 3 % :  mod = 5.220206724935129e-15,  Error =6.11140883677308e-07
Completed 4 % :  mod = 1.599880309253836e-14,  Error =8.148542960384475e-07
Completed 5 % :  mod = 4.907981656096478e-14,  Error =1.0185682342012115e-06
Completed 6 % :  mod = 1.5057835604950807e-13,  Error =1.2222823855267961e-06
Completed 7 % :  mod = 4.619838882683969e-13,  Error =1.4259960749996026e-06
Completed 8 % :  mod = 1.4173961459107335e-12,  Error =1.6297089331374082e-06
Completed 9 % :  mod = 4.348628626981914e-12,  Error =1.8334133358166582e-06
Completed 10 % :  mod = 1.334078403281758e-11,  Error =2.037036722413177e-06
Completed 11 % :  mod = 4.089823526279076e-11,  Error =2.2398959984570865e-06
Completed 12 % :  mod = 1.2445042348302877e-10,  Error =2.435934320033084e-06
Completed 13 % :  mod = 3.3652198564002e-10,  Error =2.5893039179436528e-06
Completed 14 % :  mod = 2.6687194704344673e-10,  Error =2.693543748932825e-06
Completed 15 % :  mod = 1.0865786674609464e-10,  Error =2.8651474366370167e-06
Completed 16 % :  mod = 5.773861634646804e-11,  Error =3.0614693287134287e-06
Completed 17 % :  mod = 1.063348894877909e-10,  Error =3.2569120804737395e-06
Completed 18 % :  mod = 3.180034989684505e-10,  Error =3.420502331152875e-06
Completed 19 % :  mod = 3.12762076575332e-10,  Error =3.525657795933057e-06
Completed 20 % :  mod = 1.007381137644312e-10,  Error =3.687331251001069e-06
Completed 21 % :  mod = 4.2162791763779547e-11,  Error =3.884883270188766e-06
Completed 22 % :  mod = 3.045249139165441e-11,  Error =4.087329564583797e-06
Completed 23 % :  mod = 5.1067254631215156e-11,  Error =4.28924047213286e-06
Completed 24 % :  mod = 1.506973838133381e-10,  Error =4.481228614849897e-06
Completed 25 % :  mod = 3.857907906714725e-10,  Error =4.621391830994526e-06
Completed 26 % :  mod = 2.0198487112620107e-10,  Error =4.730895049931405e-06
Completed 27 % :  mod = 1.0277498762872459e-10,  Error =4.910152640036358e-06
Completed 28 % :  mod = 6.826724879885327e-11,  Error =5.1073445135330076e-06
Completed 28 % :  mod = 1.1051437044063631e-10,  Error =5.300932933494096e-06
Completed 30 % :  mod = 3.54880713561441e-10,  Error =5.452001353489777e-06
Completed 31 % :  mod = 2.810712092375152e-10,  Error =5.561346760885044e-06
Completed 32 % :  mod = 8.940522798126453e-11,  Error =5.732653818313338e-06
Completed 33 % :  mod = 5.0074899339131416e-11,  Error =5.930534946685384e-06
Completed 34 % :  mod = 8.312813018879347e-11,  Error =6.129759682949043e-06
Completed 35 % :  mod = 2.0009762838036625e-10,  Error =6.313424819381908e-06
Completed 36 % :  mod = 3.784255137347803e-10,  Error =6.431672154860735e-06
Completed 37 % :  mod = 1.551117247666468e-10,  Error =6.5649462257511004e-06
Completed 38 % :  mod = 6.677984122544632e-11,  Error =6.7554157752169885e-06
Completed 39 % :  mod = 3.914532090725051e-11,  Error =6.956452217821152e-06
Completed 40 % :  mod = 6.275415843072003e-11,  Error =7.157036186811183e-06
Completed 41 % :  mod = 2.0477203722459594e-10,  Error =7.342098989226997e-06
Completed 42 % :  mod = 3.9358526151334995e-10,  Error =7.4678460677546354e-06
Completed 43 % :  mod = 1.5170287425293647e-10,  Error =7.591472808599065e-06
Completed 44 % :  mod = 1.1371120021821436e-10,  Error =7.774654200431996e-06
Completed 45 % :  mod = 1.5377426821858474e-10,  Error =7.963667989940859e-06
Completed 46 % :  mod = 2.585971218729188e-10,  Error =8.12183240128661e-06
Completed 47 % :  mod = 3.0553206745242423e-10,  Error =8.22335454131462e-06
Completed 48 % :  mod = 1.7681907594049705e-10,  Error =8.379471452713005e-06
Completed 49 % :  mod = 1.3743546611752396e-10,  Error =8.558603674657661e-06
Completed 50 % :  mod = 2.594079375232843e-10,  Error =8.711694896135214e-06
Completed 51 % :  mod = 3.7268167075153763e-10,  Error =8.82546081726332e-06
Completed 52 % :  mod = 1.6437871199392915e-10,  Error =8.973784574095589e-06
Completed 53 % :  mod = 1.5954298422288368e-10,  Error =9.14025400788887e-06
Completed 54 % :  mod = 3.984220192374145e-10,  Error =9.267075107288747e-06
Completed 55 % :  mod = 2.405633085625575e-10,  Error =9.39088654661191e-06
Completed 56 % :  mod = 1.3145825834456032e-10,  Error =9.557979979035736e-06
Completed 56 % :  mod = 1.7636336327559973e-10,  Error =9.73512021573697e-06
Completed 57 % :  mod = 4.0067730423121937e-10,  Error =9.8678006779096e-06
Completed 59 % :  mod = 2.1984816072247898e-10,  Error =9.98016066944274e-06
Completed 60 % :  mod = 1.0726064575373957e-10,  Error =1.0150863147373457e-05
Completed 61 % :  mod = 1.6590772225880575e-10,  Error =1.0337486905598325e-05
Completed 62 % :  mod = 2.9601136109045365e-10,  Error =1.0496394750703075e-05
Completed 63 % :  mod = 2.923979405419783e-10,  Error =1.0596787994643364e-05
Completed 64 % :  mod = 1.757103610263822e-10,  Error =1.0752797038549033e-05
Completed 65 % :  mod = 8.931500206504556e-11,  Error =1.094141483548583e-05
Completed 66 % :  mod = 1.57174449421341e-10,  Error =1.1123013386793446e-05
Completed 67 % :  mod = 4.2019075423045105e-10,  Error =1.1249518152567362e-05
Completed 68 % :  mod = 1.8410932999795543e-10,  Error =1.1367922482463655e-05
Completed 69 % :  mod = 1.2816973311890727e-10,  Error =1.1547233008002422e-05
Completed 70 % :  mod = 1.1154077310845295e-10,  Error =1.1739086090756246e-05
Completed 71 % :  mod = 2.158314655012891e-10,  Error =1.1911740045889019e-05
Completed 72 % :  mod = 3.8634453955772254e-10,  Error =1.2018939138158657e-05
Completed 73 % :  mod = 1.2636870717549367e-10,  Error =1.2161710579050578e-05
Completed 74 % :  mod = 9.951619412215663e-11,  Error =1.2350054340970473e-05
Completed 75 % :  mod = 1.500136826674317e-10,  Error =1.25417935876726e-05
Completed 76 % :  mod = 2.686906874986111e-10,  Error =1.2702932330910244e-05
Completed 77 % :  mod = 3.433397575134981e-10,  Error =1.280497991018592e-05
Completed 78 % :  mod = 1.0778132057993674e-10,  Error =1.2962716510855898e-05
Completed 79 % :  mod = 7.760168955566805e-11,  Error =1.3152733522758808e-05
Completed 80 % :  mod = 1.9744024546426592e-10,  Error =1.3338342881752396e-05
Completed 81 % :  mod = 3.577926352258285e-10,  Error =1.3474429543691713e-05
Completed 82 % :  mod = 2.3452630301941466e-10,  Error =1.3584437397184956e-05
Completed 83 % :  mod = 1.078071627042133e-10,  Error =1.3758753766524023e-05
Completed 84 % :  mod = 1.0060172814886946e-10,  Error =1.3948589028700553e-05
Completed 85 % :  mod = 2.5775052861211475e-10,  Error =1.4116554325482866e-05
Completed 86 % :  mod = 3.4217734727723134e-10,  Error =1.4221007383241613e-05
Completed 87 % :  mod = 1.8740282840758466e-10,  Error =1.4365265592175547e-05
Completed 88 % :  mod = 1.0897599779255142e-10,  Error =1.4549346339265412e-05
Completed 89 % :  mod = 1.7265919713867747e-10,  Error =1.4726729133940353e-05
Completed 90 % :  mod = 4.328251957174964e-10,  Error =1.485471190676435e-05
Completed 91 % :  mod = 1.651731501654923e-10,  Error =1.4970966482508175e-05
Completed 92 % :  mod = 1.3695604379446157e-10,  Error =1.5142950985591597e-05
Completed 93 % :  mod = 2.5951872245652297e-10,  Error =1.5316732877579398e-05
Completed 94 % :  mod = 3.036257266336388e-10,  Error =1.54507695597772e-05
Completed 95 % :  mod = 2.0233453264308492e-10,  Error =1.556667201896289e-05
Completed 96 % :  mod = 1.8998886606288955e-10,  Error =1.572998201027076e-05
Completed 97 % :  mod = 2.812719127228691e-10,  Error =1.5888989629786465e-05
Completed 98 % :  mod = 2.673697957380304e-10,  Error =1.6000838115814986e-05
Completed 99 % :  mod = 1.8029610646400691e-10,  Error =1.6144208409230032e-05
Completed 100 % :  mod = 1.8100941080906974e-10,  Error =1.6322802522950042e-05
Finished 178/201 frames
Finished all frames!
