/opt/local/miniconda_23_9/lib/python3.11/site-packages/conda/base/context.py:201: FutureWarning: Adding 'defaults' to channel list implicitly is deprecated and will be removed in 25.3. 

To remove this warning, please choose a default channel explicitly with conda's regular configuration system, e.g. by adding 'defaults' to the list of channels:

  conda config --add channels defaults

For more information see https://docs.conda.io/projects/conda/en/stable/user-guide/configuration/use-condarc.html

  deprecated.topic(
JOB 13558 ARRAY_ID 1  -> i=1 ; range=[2.0e-10, 2.09e-10] ; intervals=40 (frames=41)
Completed 0 % :  mod = 1.6017560976092562e-16,  Error =-1.4210854715202004e-14
Completed 1 % :  mod = 1.6026353295958299e-16,  Error =7.889177311426465e-09
Completed 2 % :  mod = 1.6052739990437344e-16,  Error =1.57780917220407e-08
Completed 3 % :  mod = 1.609674994364271e-16,  Error =2.366683560239835e-08
Completed 4 % :  mod = 1.6158431545640235e-16,  Error =3.1555011048567394e-08
Completed 5 % :  mod = 1.6237852309877536e-16,  Error =3.9443577293241106e-08
Completed 6 % :  mod = 1.6335099705534514e-16,  Error =4.7332505914710055e-08
Completed 7 % :  mod = 1.6450280899029403e-16,  Error =5.522136348190543e-08
Completed 8 % :  mod = 1.6583521213394884e-16,  Error =6.311028499794702e-08
Completed 9 % :  mod = 1.673496829003054e-16,  Error =7.099815491073969e-08
Completed 10 % :  mod = 1.6904787058410757e-16,  Error =7.888702668878977e-08
Completed 11 % :  mod = 1.7093164352786515e-16,  Error =8.677567819859178e-08
Completed 12 % :  mod = 1.7300307273333804e-16,  Error =9.46644433952315e-08
Completed 13 % :  mod = 1.7526443403288533e-16,  Error =1.0255261884140054e-07
Completed 14 % :  mod = 1.7771820938193496e-16,  Error =1.1044078007671487e-07
Completed 15 % :  mod = 1.8036707905246677e-16,  Error =1.1832843682668681e-07
Completed 16 % :  mod = 1.8321397069516252e-16,  Error =1.2621772071952364e-07
Completed 17 % :  mod = 1.8626200898478613e-16,  Error =1.341059459036842e-07
Completed 18 % :  mod = 1.895145225995201e-16,  Error =1.4199398634673344e-07
Completed 19 % :  mod = 1.929750900260919e-16,  Error =1.4988204810606476e-07
Completed 20 % :  mod = 1.9664752741055876e-16,  Error =1.5776956274748954e-07
Completed 21 % :  mod = 2.0053584389055456e-16,  Error =1.6565857663408678e-07
Completed 22 % :  mod = 2.046443059085825e-16,  Error =1.7354683023995676e-07
Completed 23 % :  mod = 2.0897744574231512e-16,  Error =1.8143507674039938e-07
Completed 24 % :  mod = 2.1354001373491393e-16,  Error =1.8932394851844947e-07
Completed 25 % :  mod = 2.1833700212817087e-16,  Error =1.9721262134453355e-07
Completed 26 % :  mod = 2.233736913329237e-16,  Error =2.0510133680318177e-07
Completed 27 % :  mod = 2.286556218049154e-16,  Error =2.1298883723375184e-07
Completed 28 % :  mod = 2.3418857486454334e-16,  Error =2.2087730400244254e-07
Completed 28 % :  mod = 2.399786191740704e-16,  Error =2.2876631788903978e-07
Completed 30 % :  mod = 2.4603213281300718e-16,  Error =2.366544791243541e-07
Completed 31 % :  mod = 2.5235575530163674e-16,  Error =2.445439051257381e-07
Completed 32 % :  mod = 2.589564116926498e-16,  Error =2.524320521501977e-07
Completed 33 % :  mod = 2.658413573422954e-16,  Error =2.6032173394696656e-07
Completed 34 % :  mod = 2.7301817201671914e-16,  Error =2.682097246520243e-07
Completed 35 % :  mod = 2.8049471336305356e-16,  Error =2.7609843300524517e-07
Completed 36 % :  mod = 2.882791791030606e-16,  Error =2.8398692109021795e-07
Completed 37 % :  mod = 2.9638014198151236e-16,  Error =2.9187500416583134e-07
Completed 38 % :  mod = 3.0480648974389804e-16,  Error =2.9976353488336827e-07
Completed 39 % :  mod = 3.135674546564319e-16,  Error =3.0765265535137587e-07
Completed 40 % :  mod = 3.226726666524077e-16,  Error =3.1554071000527983e-07
Completed 41 % :  mod = 3.3213213094662337e-16,  Error =3.2342858702349986e-07
Completed 42 % :  mod = 3.419562234858876e-16,  Error =3.3131712484646414e-07
Completed 43 % :  mod = 3.5215572052072686e-16,  Error =3.392062737361812e-07
Completed 44 % :  mod = 3.627418279702969e-16,  Error =3.4709452734205115e-07
Completed 45 % :  mod = 3.73726187781334e-16,  Error =3.5498317885185315e-07
Completed 46 % :  mod = 3.851208312441489e-16,  Error =3.6287114113520147e-07
Completed 47 % :  mod = 3.96938264709218e-16,  Error =3.707596718527384e-07
Completed 48 % :  mod = 4.091914931618306e-16,  Error =3.7864809598886495e-07
Completed 49 % :  mod = 4.2189394851586975e-16,  Error =3.8653619327533306e-07
Completed 50 % :  mod = 4.3505955930377867e-16,  Error =3.944241839803908e-07
Completed 51 % :  mod = 4.487028047017947e-16,  Error =4.023119615226278e-07
Completed 52 % :  mod = 4.628386698104972e-16,  Error =4.1019953300747147e-07
Completed 53 % :  mod = 4.774826457582053e-16,  Error =4.180878079296235e-07
Completed 54 % :  mod = 4.926508203806527e-16,  Error =4.2597700655733206e-07
Completed 55 % :  mod = 5.083598603332064e-16,  Error =4.338652814794841e-07
Completed 56 % :  mod = 5.246270023537722e-16,  Error =4.417545582668936e-07
Completed 56 % :  mod = 5.414700983441373e-16,  Error =4.4964194501062593e-07
Completed 57 % :  mod = 5.58907636359679e-16,  Error =4.5752955202260637e-07
Completed 59 % :  mod = 5.769587833125634e-16,  Error =4.654181822161263e-07
Completed 60 % :  mod = 5.956433451636789e-16,  Error =4.733073524221254e-07
Completed 61 % :  mod = 6.149818032668837e-16,  Error =4.811949452232511e-07
Completed 62 % :  mod = 6.349954303810872e-16,  Error =4.890831633019843e-07
Completed 63 % :  mod = 6.557062047468637e-16,  Error =4.969713955915722e-07
Completed 64 % :  mod = 6.771368171174876e-16,  Error =5.04859109184963e-07
Completed 65 % :  mod = 6.99310824045841e-16,  Error =5.127476541133547e-07
Completed 66 % :  mod = 7.222525857424694e-16,  Error =5.206368669519179e-07
Completed 67 % :  mod = 7.459872605438121e-16,  Error =5.285243602770606e-07
Completed 68 % :  mod = 7.705409099641399e-16,  Error =5.364123225604089e-07
Completed 69 % :  mod = 7.959405004016146e-16,  Error =5.443014217121345e-07
Completed 70 % :  mod = 8.222139120821799e-16,  Error =5.521903432281761e-07
Completed 71 % :  mod = 8.493899889488919e-16,  Error =5.600786678883196e-07
Completed 72 % :  mod = 8.774985514832187e-16,  Error =5.679676959857716e-07
Completed 73 % :  mod = 9.065704820597395e-16,  Error =5.758555303714274e-07
Completed 74 % :  mod = 9.366377028707624e-16,  Error =5.837447147882813e-07
Completed 75 % :  mod = 9.677331871966604e-16,  Error =5.916330465538522e-07
Completed 76 % :  mod = 9.998911013707432e-16,  Error =5.995216270093806e-07
Completed 77 % :  mod = 1.0331467654881791e-15,  Error =6.07409511133028e-07
Completed 78 % :  mod = 1.0675366528373077e-15,  Error =6.152987666041554e-07
Completed 79 % :  mod = 1.1030985223002367e-15,  Error =6.231862741401528e-07
Completed 80 % :  mod = 1.1398714431165621e-15,  Error =6.31074492218886e-07
Completed 81 % :  mod = 1.1778957677415035e-15,  Error =6.389638116388596e-07
Completed 82 % :  mod = 1.2172132344679994e-15,  Error =6.468518520819089e-07
Completed 83 % :  mod = 1.2578670197975797e-15,  Error =6.547411146584636e-07
Completed 84 % :  mod = 1.2999017620150128e-15,  Error =6.626286648270252e-07
Completed 85 % :  mod = 1.3433636011514694e-15,  Error =6.70516577372382e-07
Completed 86 % :  mod = 1.3883002419019476e-15,  Error =6.784045751828671e-07
Completed 87 % :  mod = 1.434761031018359e-15,  Error =6.862942996122001e-07
Completed 88 % :  mod = 1.48279699137903e-15,  Error =6.941828019080276e-07
Completed 89 % :  mod = 1.5324608185248833e-15,  Error =7.020703378657345e-07
Completed 90 % :  mod = 1.5838070496110779e-15,  Error =7.099585701553224e-07
Completed 91 % :  mod = 1.6368920874469456e-15,  Error =7.178461842727302e-07
Completed 92 % :  mod = 1.6917741761975606e-15,  Error =7.257346013034294e-07
Completed 93 % :  mod = 1.7485135639764284e-15,  Error =7.336234588706247e-07
Completed 94 % :  mod = 1.8071725826167164e-15,  Error =7.415125367060682e-07
Completed 95 % :  mod = 1.867815608793765e-15,  Error =7.494019556020248e-07
Completed 96 % :  mod = 1.9305092061967557e-15,  Error =7.572917581910588e-07
Completed 97 % :  mod = 1.995322220861276e-15,  Error =7.651808218156475e-07
Completed 98 % :  mod = 2.0623258004529676e-15,  Error =7.730697717533985e-07
Completed 99 % :  mod = 2.1315935119339696e-15,  Error =7.809578193018751e-07
Completed 100 % :  mod = 2.2032013892291998e-15,  Error =7.888456039495395e-07
Finished 2/41 frames
Finished all frames!
