/opt/local/miniconda_23_9/lib/python3.11/site-packages/conda/base/context.py:201: FutureWarning: Adding 'defaults' to channel list implicitly is deprecated and will be removed in 25.3. 

To remove this warning, please choose a default channel explicitly with conda's regular configuration system, e.g. by adding 'defaults' to the list of channels:

  conda config --add channels defaults

For more information see https://docs.conda.io/projects/conda/en/stable/user-guide/configuration/use-condarc.html

  deprecated.topic(
JOB 13530 ARRAY_ID 176  -> i=176 ; range=[1.9e-10, 6.0e-10] ; intervals=200 (frames=201)
Density options: centers='2.0e-10,4.0e-10' width='5e-11,5e-11' strength=''
Completed 0 % :  mod = 3.796438257860219e-16,  Error =-1.4210854715202004e-14
Completed 1 % :  mod = 6.714350668420263e-16,  Error =2.4895201278241075e-07
Completed 2 % :  mod = 1.9953456712248465e-15,  Error =4.979036631880263e-07
Completed 3 % :  mod = 6.386470139632851e-15,  Error =7.468553064882144e-07
Completed 4 % :  mod = 2.059477574516245e-14,  Error =9.958074187466082e-07
Completed 5 % :  mod = 6.646104584387332e-14,  Error =1.244758657037437e-06
Completed 6 % :  mod = 2.144901863725669e-13,  Error =1.4937106129764288e-06
Completed 7 % :  mod = 6.922301848894793e-13,  Error =1.7426627678673867e-06
Completed 8 % :  mod = 2.23405280654808e-12,  Error =1.991611952689709e-06
Completed 9 % :  mod = 7.209934336419209e-12,  Error =2.240535536657262e-06
Completed 10 % :  mod = 2.3265700129805253e-11,  Error =2.4891899883527913e-06
Completed 11 % :  mod = 7.497291782774966e-11,  Error =2.7350990734476e-06
Completed 12 % :  mod = 2.3589854954923334e-10,  Error =2.9567044066425296e-06
Completed 13 % :  mod = 4.263634047536913e-10,  Error =3.092711388319458e-06
Completed 14 % :  mod = 1.2936895255647356e-10,  Error =3.2663359803564163e-06
Completed 15 % :  mod = 7.372032230268451e-11,  Error =3.5002861125121854e-06
Completed 16 % :  mod = 1.359142862634864e-10,  Error =3.7379253186031747e-06
Completed 17 % :  mod = 2.9163418284123964e-10,  Error =3.941080649383366e-06
Completed 18 % :  mod = 3.1875923630449986e-10,  Error =4.060477216683012e-06
Completed 19 % :  mod = 1.4608422316486153e-10,  Error =4.257986873312802e-06
Completed 20 % :  mod = 7.074860871287915e-11,  Error =4.49493231968745e-06
Completed 21 % :  mod = 1.1687685454042782e-10,  Error =4.7310151103374665e-06
Completed 22 % :  mod = 4.0098379864163023e-10,  Error =4.915810798422626e-06
Completed 23 % :  mod = 2.666913011444162e-10,  Error =5.0461578950944386e-06
Completed 24 % :  mod = 8.215358183683685e-11,  Error =5.261338387185788e-06
Completed 25 % :  mod = 3.3067373324462084e-11,  Error =5.506245180697533e-06
Completed 26 % :  mod = 1.8900358386836048e-11,  Error =5.754584748274283e-06
Completed 27 % :  mod = 2.402578127926148e-11,  Error =6.002960887485642e-06
Completed 28 % :  mod = 7.63866755846781e-11,  Error =6.248188412882882e-06
Completed 28 % :  mod = 2.6276165834576966e-10,  Error =6.46571044171651e-06
Completed 30 % :  mod = 4.060477545498732e-10,  Error =6.598476026908884e-06
Completed 31 % :  mod = 1.273599054564287e-10,  Error =6.7788178199634785e-06
Completed 32 % :  mod = 7.447550418607813e-11,  Error =7.013802395761104e-06
Completed 33 % :  mod = 1.4631567868799183e-10,  Error =7.249457262048509e-06
Completed 34 % :  mod = 3.3096483429101646e-10,  Error =7.443540141593985e-06
Completed 35 % :  mod = 2.695292252122942e-10,  Error =7.5631971014900046e-06
Completed 36 % :  mod = 1.5351619878595708e-10,  Error =7.767126625424225e-06
Completed 37 % :  mod = 1.0635547595468548e-10,  Error =8.000998597879061e-06
Completed 38 % :  mod = 1.7880593645818543e-10,  Error =8.220574720496643e-06
Completed 39 % :  mod = 4.719138113367872e-10,  Error =8.360295602471979e-06
Completed 40 % :  mod = 1.5799268800780795e-10,  Error =8.520746241913457e-06
Completed 41 % :  mod = 8.383491897808629e-11,  Error =8.745834463752544e-06
Completed 42 % :  mod = 1.9168040293146742e-10,  Error =8.97519517195633e-06
Completed 43 % :  mod = 3.729773199103407e-10,  Error =9.155388276838039e-06
Completed 44 % :  mod = 2.3200541769960738e-10,  Error =9.279658847560768e-06
Completed 45 % :  mod = 1.4563225990627318e-10,  Error =9.488269554935869e-06
Completed 46 % :  mod = 1.390504764461338e-10,  Error =9.717600320868769e-06
Completed 47 % :  mod = 2.7062109743873096e-10,  Error =9.913889982726687e-06
Completed 48 % :  mod = 3.245272960384144e-10,  Error =1.0036957981185424e-05
Completed 49 % :  mod = 2.0861574798139097e-10,  Error =1.0225402647279225e-05
Completed 50 % :  mod = 1.6496191182537807e-10,  Error =1.043947086998287e-05
Completed 51 % :  mod = 3.091145441393513e-10,  Error =1.0608053877092516e-05
Completed 52 % :  mod = 3.2910329458404895e-10,  Error =1.0754132560464313e-05
Completed 53 % :  mod = 1.4564996024571156e-10,  Error =1.0956340418033506e-05
Completed 54 % :  mod = 1.814221225428077e-10,  Error =1.116101914533374e-05
Completed 55 % :  mod = 4.12435504423032e-10,  Error =1.129631447582824e-05
Completed 56 % :  mod = 2.0269977608124052e-10,  Error =1.1462091848102318e-05
Completed 56 % :  mod = 1.4000159664766107e-10,  Error =1.168111301552699e-05
Completed 57 % :  mod = 1.8936040341857925e-10,  Error =1.1898014101063836e-05
Completed 59 % :  mod = 4.667392863362216e-10,  Error =1.2046848581803715e-05
Completed 60 % :  mod = 1.7166555594988648e-10,  Error =1.2195126025460468e-05
Completed 61 % :  mod = 1.186760425973501e-10,  Error =1.2409712759620106e-05
Completed 62 % :  mod = 2.8334989743340727e-10,  Error =1.2623931581856596e-05
Completed 63 % :  mod = 3.670119813814277e-10,  Error =1.2777973893207673e-05
Completed 64 % :  mod = 1.944130746673455e-10,  Error =1.2924305337946862e-05
Completed 65 % :  mod = 2.0208452505965604e-10,  Error =1.3130204266076362e-05
Completed 66 % :  mod = 3.232790123680091e-10,  Error =1.3316189267698064e-05
Completed 67 % :  mod = 3.2693759768922616e-10,  Error =1.3446373152703472e-05
Completed 68 % :  mod = 1.4437598163120756e-10,  Error =1.3633805970414414e-05
Completed 69 % :  mod = 1.9862896629666507e-10,  Error =1.385372770101867e-05
Completed 70 % :  mod = 3.4971128228514097e-10,  Error =1.4035658047362176e-05
Completed 71 % :  mod = 2.823318524579874e-10,  Error =1.4159269511537786e-05
Completed 72 % :  mod = 1.9383979143272854e-10,  Error =1.4355309929214854e-05
Completed 73 % :  mod = 1.4110844438872732e-10,  Error =1.4575648542347608e-05
Completed 74 % :  mod = 3.57517754592407e-10,  Error =1.475316075527644e-05
Completed 75 % :  mod = 2.5479007565501406e-10,  Error =1.4881773793717912e-05
Completed 76 % :  mod = 1.9308608908016353e-10,  Error =1.5078166804016746e-05
Completed 77 % :  mod = 2.4065655610305003e-10,  Error =1.5282753061285348e-05
Completed 78 % :  mod = 3.340277473634432e-10,  Error =1.542624885786381e-05
Completed 79 % :  mod = 2.6628001030840196e-10,  Error =1.558267028656246e-05
Completed 80 % :  mod = 1.2230810280103723e-10,  Error =1.579555192421367e-05
Completed 81 % :  mod = 2.3191124630328338e-10,  Error =1.5998791738525142e-05
Completed 82 % :  mod = 3.96270206650164e-10,  Error =1.613034403646907e-05
Completed 83 % :  mod = 1.6990642910803068e-10,  Error =1.6298163238559482e-05
Completed 84 % :  mod = 1.8780903015728417e-10,  Error =1.6514797550826188e-05
Completed 85 % :  mod = 2.5805941015784746e-10,  Error =1.671139162340296e-05
Completed 86 % :  mod = 4.2689953696766244e-10,  Error =1.684381810918012e-05
Completed 87 % :  mod = 1.4336812240340242e-10,  Error =1.7018494247622584e-05
Completed 88 % :  mod = 1.5295689767308355e-10,  Error =1.7228269832969545e-05
Completed 89 % :  mod = 4.3716519794473057e-10,  Error =1.7399036657650413e-05
Completed 90 % :  mod = 2.4369846809104117e-10,  Error =1.7533551393000835e-05
Completed 91 % :  mod = 1.9173988417081658e-10,  Error =1.7732278365656384e-05
Completed 92 % :  mod = 1.8863890918045528e-10,  Error =1.7946496036813642e-05
Completed 93 % :  mod = 4.056033607359422e-10,  Error =1.8104618703773667e-05
Completed 94 % :  mod = 2.2451502285734106e-10,  Error =1.8243259724215477e-05
Completed 95 % :  mod = 1.3169126763534805e-10,  Error =1.845016486612394e-05
Completed 96 % :  mod = 2.7854804722102504e-10,  Error =1.8659865396841724e-05
Completed 97 % :  mod = 3.5071545702317017e-10,  Error =1.880674027177065e-05
Completed 98 % :  mod = 2.2139053342160498e-10,  Error =1.8957995948198914e-05
Completed 99 % :  mod = 1.9174420564002399e-10,  Error =1.9167160623112522e-05
Completed 100 % :  mod = 2.6539485024175806e-10,  Error =1.936059286578029e-05
Finished 177/201 frames
Finished all frames!
