/opt/local/miniconda_23_9/lib/python3.11/site-packages/conda/base/context.py:201: FutureWarning: Adding 'defaults' to channel list implicitly is deprecated and will be removed in 25.3. 

To remove this warning, please choose a default channel explicitly with conda's regular configuration system, e.g. by adding 'defaults' to the list of channels:

  conda config --add channels defaults

For more information see https://docs.conda.io/projects/conda/en/stable/user-guide/configuration/use-condarc.html

  deprecated.topic(
JOB 14051 ARRAY_ID 180  -> i=180 ; range=[1.9e-10, 5.0e-10] ; intervals=200 (frames=201)
Analytic t0 extension enabled (--extend-time-using-t0).
Density options: centers='2.0e-10,4.0e-10' width='2.0e-11,5.0e-11' strength='7.0'
Completed 0 % :  mod = 3.6449890460646067e-16,  Error =-1.4210854715202004e-14
Completed 1 % :  mod = 6.233271917090927e-16,  Error =2.1154142615387173e-07
Completed 2 % :  mod = 1.7673965904964319e-15,  Error =4.230822767681275e-07
Completed 3 % :  mod = 5.421499522579713e-15,  Error =6.346231558040927e-07
Completed 4 % :  mod = 1.6775145262812446e-14,  Error =8.461645890633918e-07
Completed 5 % :  mod = 5.195263329351426e-14,  Error =1.057705844687007e-06
Completed 6 % :  mod = 1.6091257198374753e-13,  Error =1.269246482138442e-06
Completed 7 % :  mod = 4.983983976528793e-13,  Error =1.4807872830147062e-06
Completed 8 % :  mod = 1.5437016115975566e-12,  Error =1.692327437297081e-06
Completed 9 % :  mod = 4.781304339685478e-12,  Error =1.9038565781670513e-06
Completed 10 % :  mod = 1.4807900790500246e-11,  Error =2.1152842961669194e-06
Completed 11 % :  mod = 4.5823624665290123e-11,  Error =2.325740659614439e-06
Completed 12 % :  mod = 1.4052437438645728e-10,  Error =2.5274598627333944e-06
Completed 13 % :  mod = 3.6749785844731427e-10,  Error =2.678266383782102e-06
Completed 14 % :  mod = 2.28564307322696e-10,  Error =2.7903970547527024e-06
Completed 15 % :  mod = 1.048755251081011e-10,  Error =2.9747628644827273e-06
Completed 16 % :  mod = 6.499491462269612e-11,  Error =3.179208064807426e-06
Completed 17 % :  mod = 1.1966920169267666e-10,  Error =3.3796140996855684e-06
Completed 18 % :  mod = 3.7694640073811654e-10,  Error =3.534857349052345e-06
Completed 19 % :  mod = 2.592789151912423e-10,  Error =3.646179912664138e-06
Completed 20 % :  mod = 8.392431154498409e-11,  Error =3.827386365173879e-06
Completed 21 % :  mod = 2.992088106632383e-11,  Error =4.0350768912844615e-06
Completed 22 % :  mod = 1.2972662367634898e-11,  Error =4.246148115782944e-06
Completed 23 % :  mod = 9.770662746586224e-12,  Error =4.457552904568729e-06
Completed 24 % :  mod = 2.365174292889498e-11,  Error =4.668718553091367e-06
Completed 25 % :  mod = 7.81231066263225e-11,  Error =4.877272509418162e-06
Completed 26 % :  mod = 2.2347560203168357e-10,  Error =5.064893095152456e-06
Completed 27 % :  mod = 3.9997304498888604e-10,  Error =5.181094742567893e-06
Completed 28 % :  mod = 1.3407793000474026e-10,  Error =5.3261504291413075e-06
Completed 28 % :  mod = 6.495197839705032e-11,  Error =5.524924489463956e-06
Completed 30 % :  mod = 7.86501398905627e-11,  Error =5.731343591719451e-06
Completed 31 % :  mod = 1.6352521100979305e-10,  Error =5.9273157262396126e-06
Completed 32 % :  mod = 3.7625400212007017e-10,  Error =6.062534069428693e-06
Completed 33 % :  mod = 2.0193512690940502e-10,  Error =6.189165858927481e-06
Completed 34 % :  mod = 8.066250968855256e-11,  Error =6.381286254963925e-06
Completed 35 % :  mod = 4.841892505777535e-11,  Error =6.588216379554979e-06
Completed 36 % :  mod = 1.0410911228237301e-10,  Error =6.7922387145813445e-06
Completed 37 % :  mod = 3.2399170738759137e-10,  Error =6.961927915938304e-06
Completed 38 % :  mod = 3.14219912371466e-10,  Error =7.070405928288892e-06
Completed 39 % :  mod = 1.0215832248842475e-10,  Error =7.240113809814375e-06
Completed 40 % :  mod = 3.944466096664378e-11,  Error =7.445588941834558e-06
Completed 41 % :  mod = 2.9656641572828e-11,  Error =7.655787641169809e-06
Completed 42 % :  mod = 6.179223316333001e-11,  Error =7.864958632808339e-06
Completed 43 % :  mod = 1.7404405651160528e-10,  Error =8.060584463009945e-06
Completed 44 % :  mod = 4.157245699031117e-10,  Error =8.193480937279674e-06
Completed 45 % :  mod = 1.6959695339482427e-10,  Error =8.317696902793159e-06
Completed 46 % :  mod = 8.673019971484089e-11,  Error =8.509467598116771e-06
Completed 47 % :  mod = 8.011163259382299e-11,  Error =8.71446383143848e-06
Completed 48 % :  mod = 1.475866802063491e-10,  Error =8.910768364955857e-06
Completed 49 % :  mod = 3.8872473203675385e-10,  Error =9.047699663256026e-06
Completed 50 % :  mod = 2.1376786493287913e-10,  Error =9.17224119234561e-06
Completed 51 % :  mod = 7.3429311758579e-11,  Error =9.363531638939548e-06
Completed 52 % :  mod = 2.937135438254339e-11,  Error =9.571963026644426e-06
Completed 53 % :  mod = 4.310978469602337e-11,  Error =9.781793210095202e-06
Completed 54 % :  mod = 1.2823733732342728e-10,  Error =9.985703883330643e-06
Completed 55 % :  mod = 3.053925983207474e-10,  Error =1.0150292133914718e-05
Completed 56 % :  mod = 2.9723637101400076e-10,  Error =1.0256600397440252e-05
Completed 56 % :  mod = 1.3225167249457792e-10,  Error =1.0428535013318196e-05
Completed 57 % :  mod = 8.349974952354458e-11,  Error =1.0627053633527339e-05
Completed 59 % :  mod = 1.928235357013045e-10,  Error =1.081409356373797e-05
Completed 60 % :  mod = 4.340715879120286e-10,  Error =1.0942946879310966e-05
Completed 61 % :  mod = 1.6756202256961464e-10,  Error =1.106802768902071e-05
Completed 62 % :  mod = 1.0768776230706268e-10,  Error =1.125229184140153e-05
Completed 63 % :  mod = 2.1177227270224165e-10,  Error =1.144009184628203e-05
Completed 64 % :  mod = 3.3635804855527805e-10,  Error =1.1587474006091725e-05
Completed 65 % :  mod = 1.9577832493125654e-10,  Error =1.1697910423436042e-05
Completed 66 % :  mod = 2.090941823252543e-10,  Error =1.1868192729025395e-05
Completed 67 % :  mod = 2.3130859867154397e-10,  Error =1.2043138696071765e-05
Completed 68 % :  mod = 2.9705764488969997e-10,  Error =1.2173064085629903e-05
Completed 69 % :  mod = 2.0662246103022352e-10,  Error =1.2305868750672744e-05
Completed 70 % :  mod = 1.8004446767319242e-10,  Error =1.248258309516359e-05
Completed 71 % :  mod = 2.6046723810995614e-10,  Error =1.2647840669899324e-05
Completed 72 % :  mod = 2.805950827648492e-10,  Error =1.2756427715032714e-05
Completed 73 % :  mod = 2.2614970638769062e-10,  Error =1.2908477067696822e-05
Completed 74 % :  mod = 1.3115376198883595e-10,  Error =1.3095671981488977e-05
Completed 75 % :  mod = 1.7907404869164019e-10,  Error =1.3272813959019913e-05
Completed 76 % :  mod = 4.292365321412988e-10,  Error =1.3387372035822409e-05
Completed 77 % :  mod = 1.5529130911140902e-10,  Error =1.3526736076130419e-05
Completed 78 % :  mod = 1.1847948419128234e-10,  Error =1.371278435158274e-05
Completed 79 % :  mod = 2.185320979501652e-10,  Error =1.3898049445515426e-05
Completed 80 % :  mod = 3.837797507284193e-10,  Error =1.4033633050303251e-05
Completed 81 % :  mod = 2.0475703850287844e-10,  Error =1.41508289246417e-05
Completed 82 % :  mod = 1.1555472682016227e-10,  Error =1.4327716201023577e-05
Completed 83 % :  mod = 2.32219232477261e-10,  Error =1.4510547551083164e-05
Completed 84 % :  mod = 3.306072878756275e-10,  Error =1.4648795762184363e-05
Completed 85 % :  mod = 1.9393154866603545e-10,  Error =1.4766443328539935e-05
Completed 86 % :  mod = 2.4225953831747634e-10,  Error =1.493744862557378e-05
Completed 87 % :  mod = 2.285608809543689e-10,  Error =1.5104607214766474e-05
Completed 88 % :  mod = 3.2704055585564703e-10,  Error =1.5218980983888741e-05
Completed 89 % :  mod = 1.7196884652830562e-10,  Error =1.5363637793086582e-05
Completed 90 % :  mod = 1.3979873856004497e-10,  Error =1.5547920781955327e-05
Completed 91 % :  mod = 2.583882756438157e-10,  Error =1.5717835054829266e-05
Completed 92 % :  mod = 3.183736896640073e-10,  Error =1.5826405402208366e-05
Completed 93 % :  mod = 2.2890067025343924e-10,  Error =1.597360503069467e-05
Completed 94 % :  mod = 1.103304174404424e-10,  Error =1.6160855103919403e-05
Completed 95 % :  mod = 1.8121968715290315e-10,  Error =1.6338267229798475e-05
Completed 96 % :  mod = 4.4746261419810453e-10,  Error =1.645895118684848e-05
Completed 97 % :  mod = 1.5526330758363803e-10,  Error =1.659096135853133e-05
Completed 98 % :  mod = 1.4610986922058583e-10,  Error =1.6771367256751546e-05
Completed 99 % :  mod = 2.823664042595399e-10,  Error =1.694321542089483e-05
Completed 100 % :  mod = 3.634636197843141e-10,  Error =1.7069769342015206e-05
Finished 181/201 frames
Finished all frames!
