/opt/local/miniconda_23_9/lib/python3.11/site-packages/conda/base/context.py:201: FutureWarning: Adding 'defaults' to channel list implicitly is deprecated and will be removed in 25.3. 

To remove this warning, please choose a default channel explicitly with conda's regular configuration system, e.g. by adding 'defaults' to the list of channels:

  conda config --add channels defaults

For more information see https://docs.conda.io/projects/conda/en/stable/user-guide/configuration/use-condarc.html

  deprecated.topic(
JOB 14006 ARRAY_ID 135  -> i=135 ; range=[1.9e-10, 5.0e-10] ; intervals=200 (frames=201)
Analytic t0 extension enabled (--extend-time-using-t0).
Density options: centers='2.0e-10,4.0e-10' width='2.0e-11,5.0e-11' strength='7.0'
Completed 0 % :  mod = 3.260478563735609e-16,  Error =-1.4210854715202004e-14
Completed 1 % :  mod = 5.103816435541812e-16,  Error =1.3543638743840347e-07
Completed 2 % :  mod = 1.2718121957351521e-15,  Error =2.708718298549684e-07
Completed 3 % :  mod = 3.471301343131821e-15,  Error =4.0630855124845766e-07
Completed 4 % :  mod = 9.59584699783148e-15,  Error =5.417452015876734e-07
Completed 5 % :  mod = 2.6570571941390517e-14,  Error =6.771814966555212e-07
Completed 6 % :  mod = 7.358907182750806e-14,  Error =8.12617017231787e-07
Completed 7 % :  mod = 2.0381591722304327e-13,  Error =9.480534970407462e-07
Completed 8 % :  mod = 5.645005403714862e-13,  Error =1.0834889039301743e-06
Completed 9 % :  mod = 1.5634712778301536e-12,  Error =1.2189237423854138e-06
Completed 10 % :  mod = 4.33020387682367e-12,  Error =1.3543512693559023e-06
Completed 11 % :  mod = 1.1991458444973827e-11,  Error =1.4897227345045394e-06
Completed 12 % :  mod = 3.3175194847225926e-11,  Error =1.6246681013853959e-06
Completed 13 % :  mod = 9.107608079659351e-11,  Error =1.7564510059742133e-06
Completed 14 % :  mod = 2.329537637257223e-10,  Error =1.8693015917392586e-06
Completed 15 % :  mod = 3.177366539698196e-10,  Error =1.941381270853526e-06
Completed 16 % :  mod = 1.2394616053810563e-10,  Error =2.038127888681629e-06
Completed 17 % :  mod = 5.621029207428236e-11,  Error =2.1653729547210787e-06
Completed 18 % :  mod = 4.345519977031251e-11,  Error =2.298695200408929e-06
Completed 19 % :  mod = 6.753879734158936e-11,  Error =2.431434580785208e-06
Completed 20 % :  mod = 1.597963144765982e-10,  Error =2.554192661818888e-06
Completed 21 % :  mod = 3.4845901036187083e-10,  Error =2.6397301908787085e-06
Completed 22 % :  mod = 1.7558868345317975e-10,  Error =2.71759248704484e-06
Completed 23 % :  mod = 8.461739631430525e-11,  Error =2.836761197499982e-06
Completed 24 % :  mod = 4.947194741352879e-11,  Error =2.968499352107301e-06
Completed 25 % :  mod = 6.031391179334961e-11,  Error =3.101155044760162e-06
Completed 26 % :  mod = 1.501208049739017e-10,  Error =3.2259259654665584e-06
Completed 27 % :  mod = 3.3074653014184883e-10,  Error =3.3180589369408153e-06
Completed 28 % :  mod = 1.9747215842246726e-10,  Error =3.3907346193018384e-06
Completed 28 % :  mod = 1.011185044549763e-10,  Error =3.5059375349533184e-06
Completed 30 % :  mod = 5.426227556661425e-11,  Error =3.636502526660479e-06
Completed 31 % :  mod = 6.523869618504712e-11,  Error =3.7684160218987017e-06
Completed 32 % :  mod = 1.7413770619604505e-10,  Error =3.890751777646528e-06
Completed 33 % :  mod = 3.3146228223890436e-10,  Error =3.979195170700223e-06
Completed 34 % :  mod = 1.760735852527096e-10,  Error =4.0544792838659305e-06
Completed 35 % :  mod = 1.1135462124335114e-10,  Error =4.170785416590661e-06
Completed 36 % :  mod = 8.844299594019236e-11,  Error =4.298816698167229e-06
Completed 37 % :  mod = 1.2899283793327168e-10,  Error =4.422064208142729e-06
Completed 38 % :  mod = 3.2572111743610966e-10,  Error =4.51234662079969e-06
Completed 39 % :  mod = 2.3023637038819233e-10,  Error =4.589807254262723e-06
Completed 40 % :  mod = 8.359473730322943e-11,  Error =4.704142668288114e-06
Completed 41 % :  mod = 5.217899442374348e-11,  Error =4.835035859684922e-06
Completed 42 % :  mod = 7.294848379695132e-11,  Error =4.9671902715431315e-06
Completed 43 % :  mod = 1.4652105970922843e-10,  Error =5.0914652973688135e-06
Completed 44 % :  mod = 3.1791637227223726e-10,  Error =5.179577065916874e-06
Completed 45 % :  mod = 2.1298709234141048e-10,  Error =5.257891018572991e-06
Completed 46 % :  mod = 8.026328082145468e-11,  Error =5.375889678305157e-06
Completed 47 % :  mod = 3.448997432723565e-11,  Error =5.508049184754782e-06
Completed 48 % :  mod = 4.0747585366163476e-11,  Error =5.6420696594727815e-06
Completed 49 % :  mod = 9.25128479701177e-11,  Error =5.773732830505196e-06
Completed 50 % :  mod = 2.021437196497554e-10,  Error =5.889311438522782e-06
Completed 51 % :  mod = 3.417286030987627e-10,  Error =5.9633701852135346e-06
Completed 52 % :  mod = 1.3947731918096037e-10,  Error =6.054488309814587e-06
Completed 53 % :  mod = 6.400124924496181e-11,  Error =6.178837487880173e-06
Completed 54 % :  mod = 6.954493391962096e-11,  Error =6.310423891875416e-06
Completed 55 % :  mod = 1.2006752209203903e-10,  Error =6.438627806915065e-06
Completed 56 % :  mod = 2.452628578845906e-10,  Error =6.542717684965282e-06
Completed 56 % :  mod = 3.0476828270011766e-10,  Error =6.614561570472688e-06
Completed 57 % :  mod = 1.197993592017432e-10,  Error =6.717250123244867e-06
Completed 59 % :  mod = 7.62101120153699e-11,  Error =6.841696936987773e-06
Completed 60 % :  mod = 1.6290277412268985e-10,  Error =6.964636511952449e-06
Completed 61 % :  mod = 2.919617820223976e-10,  Error =7.063380913052697e-06
Completed 62 % :  mod = 2.2455240902146146e-10,  Error =7.132378229357528e-06
Completed 63 % :  mod = 1.3704114632045024e-10,  Error =7.2396110226691235e-06
Completed 64 % :  mod = 7.69679813311649e-11,  Error =7.365992402696975e-06
Completed 65 % :  mod = 1.0864164440600795e-10,  Error =7.491920818836206e-06
Completed 66 % :  mod = 2.875340262492805e-10,  Error =7.593584271603504e-06
Completed 67 % :  mod = 2.854064587117149e-10,  Error =7.66875050572935e-06
Completed 68 % :  mod = 1.1079280999537543e-10,  Error =7.771853674398699e-06
Completed 69 % :  mod = 7.75959345294122e-11,  Error =7.897769933151721e-06
Completed 70 % :  mod = 1.45562986031517e-10,  Error =8.02284709777723e-06
Completed 71 % :  mod = 2.5024229979615433e-10,  Error =8.126247820428034e-06
Completed 72 % :  mod = 2.5722598713598833e-10,  Error =8.1944603635975e-06
Completed 73 % :  mod = 1.6525001982713146e-10,  Error =8.297176712801502e-06
Completed 74 % :  mod = 8.541630466983663e-11,  Error =8.420527983332704e-06
Completed 75 % :  mod = 1.2303122932266805e-10,  Error =8.542652352616642e-06
Completed 76 % :  mod = 3.414762713870308e-10,  Error =8.637710507741758e-06
Completed 77 % :  mod = 2.1636348436710817e-10,  Error =8.710969801484225e-06
Completed 78 % :  mod = 1.0451008194234584e-10,  Error =8.820580049473392e-06
Completed 79 % :  mod = 8.171707633515212e-11,  Error =8.949518516487842e-06
Completed 80 % :  mod = 8.395992585900025e-11,  Error =9.079544831536168e-06
Completed 81 % :  mod = 1.8321138580266163e-10,  Error =9.195688392082957e-06
Completed 82 % :  mod = 3.5900503735153034e-10,  Error =9.272751334776785e-06
Completed 83 % :  mod = 1.4633432789948517e-10,  Error =9.358985664675856e-06
Completed 84 % :  mod = 9.078223666117854e-11,  Error =9.479714776716719e-06
Completed 85 % :  mod = 1.0620081147501006e-10,  Error =9.607863788119175e-06
Completed 86 % :  mod = 1.7174384932489184e-10,  Error =9.727115617863547e-06
Completed 87 % :  mod = 3.075463606442166e-10,  Error =9.808317699366853e-06
Completed 88 % :  mod = 1.8687352060615636e-10,  Error =9.892880136419535e-06
Completed 89 % :  mod = 8.335504733250867e-11,  Error =1.0013463977998072e-05
Completed 90 % :  mod = 6.241942015327665e-11,  Error =1.0144310600423978e-05
Completed 91 % :  mod = 1.1153024119233387e-10,  Error =1.0272684285439482e-05
Completed 92 % :  mod = 2.6565838506453036e-10,  Error =1.0380344455995782e-05
Completed 93 % :  mod = 2.7225707373300326e-10,  Error =1.0450004857887052e-05
Completed 94 % :  mod = 1.203139345411005e-10,  Error =1.0552409861475098e-05
Completed 95 % :  mod = 5.472450192622321e-11,  Error =1.0681255609767959e-05
Completed 96 % :  mod = 2.990521235612773e-11,  Error =1.0815321324741944e-05
Completed 97 % :  mod = 3.548998153782095e-11,  Error =1.0949625938394547e-05
Completed 98 % :  mod = 1.0077245558310198e-10,  Error =1.1080504627614118e-05
Completed 99 % :  mod = 2.385137990710374e-10,  Error =1.1191145723898899e-05
Completed 100 % :  mod = 3.101173057800384e-10,  Error =1.1261970627174378e-05
Finished 136/201 frames
Finished all frames!
