/opt/local/miniconda_23_9/lib/python3.11/site-packages/conda/base/context.py:201: FutureWarning: Adding 'defaults' to channel list implicitly is deprecated and will be removed in 25.3. 

To remove this warning, please choose a default channel explicitly with conda's regular configuration system, e.g. by adding 'defaults' to the list of channels:

  conda config --add channels defaults

For more information see https://docs.conda.io/projects/conda/en/stable/user-guide/configuration/use-condarc.html

  deprecated.topic(
JOB 13932 ARRAY_ID 61  -> i=61 ; range=[1.9e-10, 5.0e-10] ; intervals=200 (frames=201)
Analytic t0 extension enabled (--extend-time-using-t0).
Density options: centers='2.0e-10,4.0e-10' width='2.0e-11,5.0e-11' strength='7.0'
Completed 0 % :  mod = 2.584159810976541e-16,  Error =-1.4210854715202004e-14
Completed 1 % :  mod = 3.420501543939364e-16,  Error =5.344260500805831e-08
Completed 2 % :  mod = 6.470876784229563e-16,  Error =1.0688450657880821e-07
Completed 3 % :  mod = 1.3709742321314086e-15,  Error =1.603270831651571e-07
Completed 4 % :  mod = 2.982269499194152e-15,  Error =2.137695531700956e-07
Completed 5 % :  mod = 6.523937993576922e-15,  Error =2.67212080018453e-07
Completed 6 % :  mod = 1.4288442548738308e-14,  Error =3.206550545087339e-07
Completed 7 % :  mod = 3.130161718312686e-14,  Error =3.7409709818803094e-07
Completed 8 % :  mod = 6.857580486445985e-14,  Error =4.275397955666449e-07
Completed 9 % :  mod = 1.5023795577643244e-13,  Error =4.809826137375239e-07
Completed 10 % :  mod = 3.2914652154388883e-13,  Error =5.344248066307955e-07
Completed 11 % :  mod = 7.211050295236625e-13,  Error =5.878672126868878e-07
Completed 12 % :  mod = 1.5798111598752297e-12,  Error =6.413092492607575e-07
Completed 13 % :  mod = 3.460980447319349e-12,  Error =6.947474915364182e-07
Completed 14 % :  mod = 7.58109933893269e-12,  Error =7.481716082224921e-07
Completed 15 % :  mod = 1.659482651703821e-11,  Error =8.015226029556288e-07
Completed 16 % :  mod = 3.620826551623292e-11,  Error =8.54530256333419e-07
Completed 17 % :  mod = 7.77797054077763e-11,  Error =9.059664236588105e-07
Completed 18 % :  mod = 1.5493570828035934e-10,  Error =9.51364938828192e-07
Completed 19 % :  mod = 2.224277392947643e-10,  Error =9.84532150027917e-07
Completed 20 % :  mod = 1.5433124991178285e-10,  Error =1.0175037772341966e-06
Completed 21 % :  mod = 7.982632948008112e-11,  Error =1.062816970431868e-06
Completed 22 % :  mod = 3.65949075604222e-11,  Error =1.1141941129722e-06
Completed 23 % :  mod = 1.7647187764756184e-11,  Error =1.1671715896000023e-06
Completed 24 % :  mod = 9.878822284736532e-12,  Error =1.2204985821995251e-06
Completed 25 % :  mod = 8.009761741873752e-12,  Error =1.273893751374544e-06
Completed 26 % :  mod = 1.149097163450683e-11,  Error =1.3272785253093389e-06
Completed 27 % :  mod = 2.2944912322162517e-11,  Error =1.3805412777401216e-06
Completed 28 % :  mod = 4.740478916541209e-11,  Error =1.4332159139485157e-06
Completed 28 % :  mod = 1.0043995650076115e-10,  Error =1.4832750423465768e-06
Completed 30 % :  mod = 1.8898320744630685e-10,  Error =1.5246913989130917e-06
Completed 31 % :  mod = 2.1029699842037699e-10,  Error =1.555190294766362e-06
Completed 32 % :  mod = 1.2402978931241297e-10,  Error =1.5925413379136444e-06
Completed 33 % :  mod = 6.056392404969692e-11,  Error =1.6408318970206892e-06
Completed 34 % :  mod = 2.7752821808372103e-11,  Error =1.6930691870697956e-06
Completed 35 % :  mod = 1.289490605269825e-11,  Error =1.7462525363498571e-06
Completed 36 % :  mod = 6.316259291733654e-12,  Error =1.799637630028883e-06
Completed 37 % :  mod = 3.6869680153990754e-12,  Error =1.8530641980873952e-06
Completed 38 % :  mod = 3.488221690681161e-12,  Error =1.9064983618477527e-06
Completed 39 % :  mod = 5.603920436028356e-12,  Error =1.9599283049842597e-06
Completed 40 % :  mod = 1.1214736981271384e-11,  Error =2.0133271689815047e-06
Completed 41 % :  mod = 2.4125196600305383e-11,  Error =2.0665733160285527e-06
Completed 42 % :  mod = 5.257913142312918e-11,  Error =2.1191060923797522e-06
Completed 43 % :  mod = 1.0913462559229145e-10,  Error =2.1685551416794624e-06
Completed 44 % :  mod = 1.9768277766146183e-10,  Error =2.2083543100848146e-06
Completed 45 % :  mod = 2.047711121363941e-10,  Error =2.2386013043274033e-06
Completed 46 % :  mod = 1.1319269108834944e-10,  Error =2.2775893100401845e-06
Completed 47 % :  mod = 5.51266415463845e-11,  Error =2.32665376387331e-06
Completed 48 % :  mod = 2.638977958089271e-11,  Error =2.379077947978203e-06
Completed 49 % :  mod = 1.310333435953882e-11,  Error =2.432280417963284e-06
Completed 50 % :  mod = 9.11217861047303e-12,  Error =2.4856472435885735e-06
Completed 51 % :  mod = 1.0932687992488872e-11,  Error =2.5390311648720854e-06
Completed 52 % :  mod = 1.916234189317824e-11,  Error =2.5923341766542762e-06
Completed 53 % :  mod = 4.0388247796498136e-11,  Error =2.6452199577420288e-06
Completed 54 % :  mod = 8.656597859073179e-11,  Error =2.6962269075170298e-06
Completed 55 % :  mod = 1.6375488582586552e-10,  Error =2.740343724383365e-06
Completed 56 % :  mod = 2.2360910940494165e-10,  Error =2.772245551341257e-06
Completed 56 % :  mod = 1.43283349737716e-10,  Error =2.8066538391158247e-06
Completed 57 % :  mod = 7.194099558500389e-11,  Error =2.8530568343398954e-06
Completed 59 % :  mod = 3.439385116104271e-11,  Error =2.904772671286082e-06
Completed 60 % :  mod = 1.6358677993786796e-11,  Error =2.957814871251685e-06
Completed 61 % :  mod = 1.0037001446687165e-11,  Error =3.011149679821301e-06
Completed 62 % :  mod = 9.915336857731855e-12,  Error =3.064533899532762e-06
Completed 63 % :  mod = 1.5670588754163893e-11,  Error =3.1178761901173857e-06
Completed 64 % :  mod = 3.214755595249734e-11,  Error =3.170959786302774e-06
Completed 65 % :  mod = 6.921109632090779e-11,  Error =3.2228427500058388e-06
Completed 66 % :  mod = 1.3627692262861393e-10,  Error =3.2698914154138947e-06
Completed 67 % :  mod = 2.200654686368312e-10,  Error =3.3051014440843574e-06
Completed 68 % :  mod = 1.7297677265315146e-10,  Error =3.3365418801167834e-06
Completed 69 % :  mod = 8.93010670146147e-11,  Error =3.3798807521634444e-06
Completed 70 % :  mod = 4.2081906749422094e-11,  Error =3.4306642149317668e-06
Completed 71 % :  mod = 1.93008088435918e-11,  Error =3.483520188751754e-06
Completed 72 % :  mod = 8.861251450954404e-12,  Error =3.5368377950817376e-06
Completed 73 % :  mod = 4.216376259793275e-12,  Error =3.5902542450116925e-06
Completed 74 % :  mod = 2.1854323555575576e-12,  Error =3.643690789090215e-06
Completed 75 % :  mod = 1.6282447358444855e-12,  Error =3.6971304950839112e-06
Completed 76 % :  mod = 2.1640212604533094e-12,  Error =3.750571224259147e-06
Completed 77 % :  mod = 4.0246953133963796e-12,  Error =3.8040086067780976e-06
Completed 78 % :  mod = 8.470709937395488e-12,  Error =3.857426612796644e-06
Completed 79 % :  mod = 1.8562149927534686e-11,  Error =3.910754863056809e-06
Completed 80 % :  mod = 4.0223832444909206e-11,  Error =3.963659835903854e-06
Completed 81 % :  mod = 8.585426872649213e-11,  Error =4.0146472954916135e-06
Completed 82 % :  mod = 1.680095058577105e-10,  Error =4.058613789936771e-06
Completed 83 % :  mod = 2.210452456097142e-10,  Error =4.090481787955014e-06
Completed 84 % :  mod = 1.4150273184626644e-10,  Error =4.125011152211755e-06
Completed 85 % :  mod = 7.213487429378601e-11,  Error =4.171598696700585e-06
Completed 86 % :  mod = 3.318629705491796e-11,  Error =4.2233527253188186e-06
Completed 87 % :  mod = 1.606180184885641e-11,  Error =4.276412916226491e-06
Completed 88 % :  mod = 9.563104021701754e-12,  Error =4.329755398657653e-06
Completed 89 % :  mod = 8.634920783813805e-12,  Error =4.383149160958055e-06
Completed 90 % :  mod = 1.3301276399919578e-11,  Error =4.436517542671936e-06
Completed 91 % :  mod = 2.744791036825847e-11,  Error =4.489704522825377e-06
Completed 92 % :  mod = 5.714397139436737e-11,  Error =4.542044905520015e-06
Completed 93 % :  mod = 1.1816867731399497e-10,  Error =4.5907558643421e-06
Completed 94 % :  mod = 2.0847202583583791e-10,  Error =4.629031188585486e-06
Completed 95 % :  mod = 1.9244033040779687e-10,  Error =4.659299577269849e-06
Completed 96 % :  mod = 1.0596782706829763e-10,  Error =4.699839983857146e-06
Completed 97 % :  mod = 5.004468997335979e-11,  Error =4.749576966389668e-06
Completed 98 % :  mod = 2.3046179730283886e-11,  Error =4.802185273433679e-06
Completed 99 % :  mod = 1.0612731904785181e-11,  Error =4.855450441709763e-06
Completed 100 % :  mod = 4.951186237102966e-12,  Error =4.9088551534737235e-06
Finished 62/201 frames
Finished all frames!
