/opt/local/miniconda_23_9/lib/python3.11/site-packages/conda/base/context.py:201: FutureWarning: Adding 'defaults' to channel list implicitly is deprecated and will be removed in 25.3. 

To remove this warning, please choose a default channel explicitly with conda's regular configuration system, e.g. by adding 'defaults' to the list of channels:

  conda config --add channels defaults

For more information see https://docs.conda.io/projects/conda/en/stable/user-guide/configuration/use-condarc.html

  deprecated.topic(
JOB 13421 ARRAY_ID 67  -> i=67 ; range=[1.9e-10, 6.0e-10] ; intervals=200 (frames=201)
Density options: centers='2.0e-10,4.0e-10' width='5e-11,5e-11' strength=''
Completed 0 % :  mod = 2.3855046237818826e-16,  Error =-1.4210854715202004e-14
Completed 1 % :  mod = 2.995427822158973e-16,  Error =3.8808536828582874e-08
Completed 2 % :  mod = 5.137086453517622e-16,  Error =7.761705234088367e-08
Completed 3 % :  mod = 9.905634427236687e-16,  Error =1.1642664787814283e-07
Completed 4 % :  mod = 1.9739505905008324e-15,  Error =1.552365915813425e-07
Completed 5 % :  mod = 3.966732792094442e-15,  Error =1.9404476603313014e-07
Completed 6 % :  mod = 7.987934807553632e-15,  Error =2.3285363681679883e-07
Completed 7 % :  mod = 1.609382969953615e-14,  Error =2.716618183740138e-07
Completed 8 % :  mod = 3.24294300863285e-14,  Error =3.104713925949909e-07
Completed 9 % :  mod = 6.534807198710773e-14,  Error =3.492807110205831e-07
Completed 10 % :  mod = 1.3168295235341385e-13,  Error =3.880901644492951e-07
Completed 11 % :  mod = 2.6535486545631065e-13,  Error =4.2689927681749396e-07
Completed 12 % :  mod = 5.347174523551946e-13,  Error =4.657081689174447e-07
Completed 13 % :  mod = 1.0775069812091446e-12,  Error =5.045161941552578e-07
Completed 14 % :  mod = 2.1712471361020814e-12,  Error =5.43323366741788e-07
Completed 15 % :  mod = 4.374936037248731e-12,  Error =5.82125764481134e-07
Completed 16 % :  mod = 8.813038357767301e-12,  Error =6.209112015653773e-07
Completed 17 % :  mod = 1.773532250405999e-11,  Error =6.596246961976249e-07
Completed 18 % :  mod = 3.5543859178760295e-11,  Error =6.980522044841564e-07
Completed 19 % :  mod = 7.005640397216603e-11,  Error =7.353758562089752e-07
Completed 20 % :  mod = 1.291852538955863e-10,  Error =7.690289436368403e-07
Completed 21 % :  mod = 1.8753035177277955e-10,  Error =7.952503011665613e-07
Completed 22 % :  mod = 1.595500863538402e-10,  Error =8.188776732254155e-07
Completed 23 % :  mod = 9.33456494804963e-11,  Error =8.495615020365221e-07
Completed 24 % :  mod = 4.7818548232792107e-11,  Error =8.857361351033433e-07
Completed 25 % :  mod = 2.430649098219464e-11,  Error =9.23845156819425e-07
Completed 26 % :  mod = 1.2232383370588241e-11,  Error =9.624751342585114e-07
Completed 27 % :  mod = 6.392250119298893e-12,  Error =1.0012375781798255e-06
Completed 28 % :  mod = 3.925001368575353e-12,  Error =1.040032138632796e-06
Completed 28 % :  mod = 3.3859153907497054e-12,  Error =1.0788338897782523e-06
Completed 30 % :  mod = 4.563256819605603e-12,  Error =1.1176337295637495e-06
Completed 31 % :  mod = 8.173787071193656e-12,  Error =1.1564208719505586e-06
Completed 32 % :  mod = 1.5840960398958262e-11,  Error =1.1951523291031663e-06
Completed 33 % :  mod = 3.13349486482882e-11,  Error =1.2336599795048642e-06
Completed 34 % :  mod = 6.260719305848289e-11,  Error =1.2712953179061515e-06
Completed 35 % :  mod = 1.1660802742780784e-10,  Error =1.3059155890005059e-06
Completed 36 % :  mod = 1.8081841195204993e-10,  Error =1.333519762169999e-06
Completed 37 % :  mod = 1.7203334075401325e-10,  Error =1.3567172914008552e-06
Completed 38 % :  mod = 1.032357603886359e-10,  Error =1.3859767946655666e-06
Completed 39 % :  mod = 5.428427484656385e-11,  Error =1.4214921435495853e-06
Completed 40 % :  mod = 2.779192978542974e-11,  Error =1.4594056594319227e-06
Completed 41 % :  mod = 1.3992832349656536e-11,  Error =1.4979809037640734e-06
Completed 42 % :  mod = 7.830171715105435e-12,  Error =1.5367251720022068e-06
Completed 43 % :  mod = 5.531858415930302e-12,  Error =1.5755112485749123e-06
Completed 44 % :  mod = 5.937549867708619e-12,  Error =1.6143029810677945e-06
Completed 45 % :  mod = 9.505418553166778e-12,  Error =1.6530806306036538e-06
Completed 46 % :  mod = 1.80379138511551e-11,  Error =1.6917896914492303e-06
Completed 47 % :  mod = 3.4904825582183406e-11,  Error =1.7302212640402104e-06
Completed 48 % :  mod = 6.94312694416594e-11,  Error =1.7675759025337356e-06
Completed 49 % :  mod = 1.281468194112475e-10,  Error =1.8013557365748056e-06
Completed 50 % :  mod = 1.854331616613094e-10,  Error =1.8277355948725926e-06
Completed 51 % :  mod = 1.6225391148241393e-10,  Error =1.851301909994163e-06
Completed 52 % :  mod = 9.43713235689775e-11,  Error =1.8818182070390321e-06
Completed 53 % :  mod = 4.856677183998092e-11,  Error =1.917903837522772e-06
Completed 54 % :  mod = 2.5435274754382686e-11,  Error =1.955979044510059e-06
Completed 55 % :  mod = 1.3317059547574541e-11,  Error =1.9945899154549807e-06
Completed 56 % :  mod = 8.447986324612008e-12,  Error =2.0333358037305516e-06
Completed 56 % :  mod = 8.040484310432354e-12,  Error =2.0721093463293982e-06
Completed 57 % :  mod = 1.1401640696865077e-11,  Error =2.1108697438876334e-06
Completed 59 % :  mod = 2.050518630630143e-11,  Error =2.149539803042444e-06
Completed 60 % :  mod = 4.087499099142041e-11,  Error =2.18784933281313e-06
Completed 61 % :  mod = 7.775524941997566e-11,  Error =2.2247940876241046e-06
Completed 62 % :  mod = 1.4059721374267349e-10,  Error =2.257378312719993e-06
Completed 63 % :  mod = 1.9220114953601565e-10,  Error =2.2824647629704486e-06
Completed 64 % :  mod = 1.460030820616183e-10,  Error =2.3068441592499767e-06
Completed 65 % :  mod = 8.508761937231282e-11,  Error =2.3387360315041406e-06
Completed 66 % :  mod = 4.345296714986967e-11,  Error =2.375393663101022e-06
Completed 67 % :  mod = 2.2270305012393317e-11,  Error =2.41361751562863e-06
Completed 68 % :  mod = 1.2999898469970458e-11,  Error =2.452261298913072e-06
Completed 69 % :  mod = 9.500124977889728e-12,  Error =2.4910054676752225e-06
Completed 70 % :  mod = 1.094356085276831e-11,  Error =2.529758702962681e-06
Completed 71 % :  mod = 1.8576670681759992e-11,  Error =2.5684526789859774e-06
Completed 72 % :  mod = 3.463590347103486e-11,  Error =2.6068883229868334e-06
Completed 73 % :  mod = 6.669538081222227e-11,  Error =2.6443053044999942e-06
Completed 74 % :  mod = 1.2683340477834572e-10,  Error =2.678291998847726e-06
Completed 75 % :  mod = 1.834634258727335e-10,  Error =2.705055642593379e-06
Completed 76 % :  mod = 1.638484354961951e-10,  Error =2.728430480658517e-06
Completed 77 % :  mod = 9.873461917861744e-11,  Error =2.7586169153437368e-06
Completed 78 % :  mod = 5.0007023652570654e-11,  Error =2.794506478664971e-06
Completed 79 % :  mod = 2.7259271604262847e-11,  Error =2.8325057996880787e-06
Completed 80 % :  mod = 1.5879062921514347e-11,  Error =2.871074102017701e-06
Completed 81 % :  mod = 1.2369413636688694e-11,  Error =2.9097774643105367e-06
Completed 82 % :  mod = 1.5965395898163833e-11,  Error =2.948480954501065e-06
Completed 83 % :  mod = 2.7413079934336936e-11,  Error =2.987046713087693e-06
Completed 84 % :  mod = 5.035489913468951e-11,  Error =3.0250344451587807e-06
Completed 85 % :  mod = 9.944315198260737e-11,  Error =3.0608870602577554e-06
Completed 86 % :  mod = 1.6435607722229664e-10,  Error =3.090992080956312e-06
Completed 87 % :  mod = 1.832319062014878e-10,  Error =3.114333942733083e-06
Completed 88 % :  mod = 1.2614153669521883e-10,  Error =3.1411790573088183e-06
Completed 89 % :  mod = 6.618774672675394e-11,  Error =3.175219177364852e-06
Completed 90 % :  mod = 3.446003639467196e-11,  Error =3.212655535378417e-06
Completed 91 % :  mod = 1.848753525653816e-11,  Error =3.251094639722396e-06
Completed 92 % :  mod = 1.0959400933007356e-11,  Error =3.2897893120775734e-06
Completed 93 % :  mod = 9.64676808584869e-12,  Error =3.32854228446422e-06
Completed 94 % :  mod = 1.3325820730028752e-11,  Error =3.3672837318476923e-06
Completed 95 % :  mod = 2.29038503692532e-11,  Error =3.405918725718493e-06
Completed 96 % :  mod = 4.482236036024711e-11,  Error =3.444106987160467e-06
Completed 97 % :  mod = 8.744655359953246e-11,  Error =3.4806389450636743e-06
Completed 98 % :  mod = 1.4894922661494974e-10,  Error =3.5122147110655533e-06
Completed 99 % :  mod = 1.9204254069062884e-10,  Error =3.536365561274124e-06
Completed 100 % :  mod = 1.373335690422192e-10,  Error =3.5617388931541427e-06
Finished 68/201 frames
Finished all frames!
