/opt/local/miniconda_23_9/lib/python3.11/site-packages/conda/base/context.py:201: FutureWarning: Adding 'defaults' to channel list implicitly is deprecated and will be removed in 25.3. 

To remove this warning, please choose a default channel explicitly with conda's regular configuration system, e.g. by adding 'defaults' to the list of channels:

  conda config --add channels defaults

For more information see https://docs.conda.io/projects/conda/en/stable/user-guide/configuration/use-condarc.html

  deprecated.topic(
JOB 13439 ARRAY_ID 85  -> i=85 ; range=[1.9e-10, 6.0e-10] ; intervals=200 (frames=201)
Density options: centers='2.0e-10,4.0e-10' width='5e-11,5e-11' strength=''
Completed 0 % :  mod = 2.744723699058505e-16,  Error =-1.4210854715202004e-14
Completed 1 % :  mod = 3.786538057776962e-16,  Error =6.801518992460842e-08
Completed 2 % :  mod = 7.702863648795638e-16,  Error =1.3603030879494327e-07
Completed 3 % :  mod = 1.7466738760887059e-15,  Error =2.0404479528224329e-07
Completed 4 % :  mod = 4.049030863664057e-15,  Error =2.7205915387185087e-07
Completed 5 % :  mod = 9.425167901230023e-15,  Error =3.4007383220568954e-07
Completed 6 % :  mod = 2.1956324006266428e-14,  Error =4.08088446590682e-07
Completed 7 % :  mod = 5.115539700408483e-14,  Error =4.7610324571678575e-07
Completed 8 % :  mod = 1.1918855893505674e-13,  Error =5.44117618517248e-07
Completed 9 % :  mod = 2.7770243882872683e-13,  Error =6.121331281860876e-07
Completed 10 % :  mod = 6.470306414425798e-13,  Error =6.801476928330885e-07
Completed 11 % :  mod = 1.5075375873318356e-12,  Error =7.481631740802186e-07
Completed 12 % :  mod = 3.5123761333227975e-12,  Error =8.161734825762323e-07
Completed 13 % :  mod = 8.182333418683607e-12,  Error =8.84164833792056e-07
Completed 14 % :  mod = 1.9047818942656133e-11,  Error =9.520490777958912e-07
Completed 15 % :  mod = 4.4170842176549885e-11,  Error =1.0193671116098812e-06
Completed 16 % :  mod = 1.0027267207336037e-10,  Error =1.0838103463584048e-06
Completed 17 % :  mod = 2.0192851092008595e-10,  Error =1.1371354275979684e-06
Completed 18 % :  mod = 2.3540976427575995e-10,  Error =1.1748184434168252e-06
Completed 19 % :  mod = 1.232567950355563e-10,  Error =1.222746199402991e-06
Completed 20 % :  mod = 5.7240577486248576e-11,  Error =1.285107458670609e-06
Completed 21 % :  mod = 2.6782162733304794e-11,  Error =1.351925590142855e-06
Completed 22 % :  mod = 1.4510622931646022e-11,  Error =1.4196516886499921e-06
Completed 23 % :  mod = 1.4487971866176923e-11,  Error =1.487522929721763e-06
Completed 24 % :  mod = 2.5954951887670437e-11,  Error =1.5552666354778921e-06
Completed 25 % :  mod = 5.366641323137053e-11,  Error =1.6221805196892092e-06
Completed 26 % :  mod = 1.2119396342832277e-10,  Error =1.6849285415787563e-06
Completed 27 % :  mod = 2.292287750230873e-10,  Error =1.7339669113880518e-06
Completed 28 % :  mod = 2.0642628271821088e-10,  Error =1.7712123181468087e-06
Completed 28 % :  mod = 1.0692931413184759e-10,  Error =1.8236275352023767e-06
Completed 30 % :  mod = 4.6004661574556725e-11,  Error =1.8876851584082033e-06
Completed 31 % :  mod = 2.1258014608834493e-11,  Error =1.954899005340849e-06
Completed 32 % :  mod = 1.1450222173774551e-11,  Error =2.022732957129847e-06
Completed 33 % :  mod = 9.846627242974348e-12,  Error =2.090672097665447e-06
Completed 34 % :  mod = 1.6147537877241852e-11,  Error =2.1585703606774587e-06
Completed 35 % :  mod = 3.53633369953095e-11,  Error =2.2261340220097736e-06
Completed 36 % :  mod = 7.696710567164648e-11,  Error =2.2919579052427252e-06
Completed 37 % :  mod = 1.674810030984387e-10,  Error =2.350017460628351e-06
Completed 38 % :  mod = 2.503062996583229e-10,  Error =2.3911924813546648e-06
Completed 39 % :  mod = 1.5230183458010656e-10,  Error =2.433175929184017e-06
Completed 40 % :  mod = 7.798192484343112e-11,  Error =2.4922707098085084e-06
Completed 41 % :  mod = 3.5508946111882706e-11,  Error =2.5581736693425228e-06
Completed 42 % :  mod = 2.2062474899471073e-11,  Error =2.6256054752593627e-06
Completed 43 % :  mod = 2.7683952912261575e-11,  Error =2.6932086143460765e-06
Completed 44 % :  mod = 5.153827298609839e-11,  Error =2.760196068152254e-06
Completed 45 % :  mod = 1.0510934572551612e-10,  Error =2.823852213396094e-06
Completed 46 % :  mod = 2.198496213339928e-10,  Error =2.8751399838711222e-06
Completed 47 % :  mod = 2.2301116783866296e-10,  Error =2.9128475134143628e-06
Completed 48 % :  mod = 1.1252036540226498e-10,  Error =2.96262503240996e-06
Completed 49 % :  mod = 5.537586835845891e-11,  Error =3.025796750932841e-06
Completed 50 % :  mod = 2.616226532239695e-11,  Error =3.0927134417879643e-06
Completed 51 % :  mod = 1.8528283998547682e-11,  Error =3.1603804728774776e-06
Completed 52 % :  mod = 2.6961475465560133e-11,  Error =3.228050267978233e-06
Completed 53 % :  mod = 5.3290868656044894e-11,  Error =3.2949998640674494e-06
Completed 54 % :  mod = 1.1085410998290165e-10,  Error =3.3582615799332416e-06
Completed 55 % :  mod = 2.2567341317165066e-10,  Error =3.4084025841707444e-06
Completed 56 % :  mod = 2.16491613049468e-10,  Error =3.445955925940325e-06
Completed 56 % :  mod = 1.0788756263532528e-10,  Error =3.4970069577866525e-06
Completed 57 % :  mod = 5.097381747474967e-11,  Error =3.560680717384912e-06
Completed 59 % :  mod = 2.285153572848555e-11,  Error =3.6277751718216678e-06
Completed 60 % :  mod = 1.34655859613267e-11,  Error =3.6955593785137353e-06
Completed 61 % :  mod = 1.5156658856786853e-11,  Error =3.7634392313634635e-06
Completed 62 % :  mod = 2.7007518758089648e-11,  Error =3.831159816058971e-06
Completed 63 % :  mod = 5.709462747055593e-11,  Error =3.897912172590168e-06
Completed 64 % :  mod = 1.322666078471176e-10,  Error =3.95992218216179e-06
Completed 65 % :  mod = 2.3194091406736045e-10,  Error =4.007408477946228e-06
Completed 66 % :  mod = 1.9754889000642629e-10,  Error =4.0449773521800125e-06
Completed 67 % :  mod = 1.0293418588814404e-10,  Error =4.098856180689836e-06
Completed 68 % :  mod = 4.40411507120093e-11,  Error =4.163216829056182e-06
Completed 69 % :  mod = 2.572122707052072e-11,  Error =4.2303603322579875e-06
Completed 70 % :  mod = 2.4575487226526584e-11,  Error =4.29797651690933e-06
Completed 71 % :  mod = 3.7967930416490304e-11,  Error =4.365326887523224e-06
Completed 72 % :  mod = 8.283820570997136e-11,  Error =4.4307480635552565e-06
Completed 73 % :  mod = 1.791266561741695e-10,  Error =4.4879609788495145e-06
Completed 74 % :  mod = 2.387305641058945e-10,  Error =4.528286737581766e-06
Completed 75 % :  mod = 1.5125738782418754e-10,  Error =4.571518267937336e-06
Completed 76 % :  mod = 7.375681770158795e-11,  Error =4.631375716712682e-06
Completed 77 % :  mod = 3.319161794475556e-11,  Error =4.697443522161393e-06
Completed 78 % :  mod = 2.3602098945413735e-11,  Error =4.7648919689891045e-06
Completed 79 % :  mod = 3.095315740051709e-11,  Error =4.832434150614517e-06
Completed 80 % :  mod = 5.583586698102423e-11,  Error =4.899149068648967e-06
Completed 81 % :  mod = 1.2441670610238595e-10,  Error =4.961498383693197e-06
Completed 82 % :  mod = 2.3413507760915395e-10,  Error =5.009989109794333e-06
Completed 83 % :  mod = 1.9989751049854163e-10,  Error =5.047308903272096e-06
Completed 84 % :  mod = 1.0680493311784507e-10,  Error =5.100149039094504e-06
Completed 85 % :  mod = 4.628490886228516e-11,  Error =5.164285290959469e-06
Completed 86 % :  mod = 2.2828167966711398e-11,  Error =5.231450522558134e-06
Completed 87 % :  mod = 1.7258403174918652e-11,  Error =5.299199926867004e-06
Completed 88 % :  mod = 2.2736421893131502e-11,  Error =5.366954411556435e-06
Completed 89 % :  mod = 4.4389949576834534e-11,  Error =5.4341627162557415e-06
Completed 90 % :  mod = 1.0419484269885819e-10,  Error =5.49846912178964e-06
Completed 91 % :  mod = 1.992590752106185e-10,  Error =5.551893757171911e-06
Completed 92 % :  mod = 2.3291607378829915e-10,  Error =5.589313524012596e-06
Completed 93 % :  mod = 1.2798483216993671e-10,  Error =5.6372893055822715e-06
Completed 94 % :  mod = 5.593115751145187e-11,  Error =5.699532252378958e-06
Completed 95 % :  mod = 2.7235547136070483e-11,  Error =5.7663325137014e-06
Completed 96 % :  mod = 1.5253081975456706e-11,  Error =5.834051293618359e-06
Completed 97 % :  mod = 1.4706514211346906e-11,  Error =5.901913105788026e-06
Completed 98 % :  mod = 2.6999400419394658e-11,  Error =5.9696281695664766e-06
Completed 99 % :  mod = 5.864986511078328e-11,  Error =6.036411733134628e-06
Completed 100 % :  mod = 1.239249918430578e-10,  Error =6.0986598242607215e-06
Finished 86/201 frames
Finished all frames!
