/opt/local/miniconda_23_9/lib/python3.11/site-packages/conda/base/context.py:201: FutureWarning: Adding 'defaults' to channel list implicitly is deprecated and will be removed in 25.3. 

To remove this warning, please choose a default channel explicitly with conda's regular configuration system, e.g. by adding 'defaults' to the list of channels:

  conda config --add channels defaults

For more information see https://docs.conda.io/projects/conda/en/stable/user-guide/configuration/use-condarc.html

  deprecated.topic(
JOB 13443 ARRAY_ID 89  -> i=89 ; range=[1.9e-10, 6.0e-10] ; intervals=200 (frames=201)
Density options: centers='2.0e-10,4.0e-10' width='5e-11,5e-11' strength=''
Completed 0 % :  mod = 2.802131767547044e-16,  Error =-1.4210854715202004e-14
Completed 1 % :  mod = 3.9223808529555363e-16,  Error =7.388640455019413e-08
Completed 2 % :  mod = 8.17884483032374e-16,  Error =1.4777278778410619e-07
Completed 3 % :  mod = 1.8974861118701525e-15,  Error =2.216596115545144e-07
Completed 4 % :  mod = 4.494259159120248e-15,  Error =2.9554505687201527e-07
Completed 5 % :  mod = 1.0684503373616833e-14,  Error =3.6943128378652546e-07
Completed 6 % :  mod = 2.541774731217194e-14,  Error =4.43317517806463e-07
Completed 7 % :  mod = 6.047423859487095e-14,  Error =5.172035102418704e-07
Completed 8 % :  mod = 1.4388406214013919e-13,  Error =5.910898792649277e-07
Completed 9 % :  mod = 3.423390657535774e-13,  Error =6.649766959299086e-07
Completed 10 % :  mod = 8.145167018191331e-13,  Error =7.38862013349717e-07
Completed 11 % :  mod = 1.937941424516395e-12,  Error =8.127466983864906e-07
Completed 12 % :  mod = 4.610677181159114e-12,  Error =8.866252017014631e-07
Completed 13 % :  mod = 1.0967176749961325e-11,  Error =9.604673252283646e-07
Completed 14 % :  mod = 2.605508369010608e-11,  Error =1.0341038105821099e-06
Completed 15 % :  mod = 6.14687929083968e-11,  Error =1.106606049461334e-06
Completed 16 % :  mod = 1.3921708644180497e-10,  Error =1.1734728531109795e-06
Completed 17 % :  mod = 2.483154791828876e-10,  Error =1.2230624619746777e-06
Completed 18 % :  mod = 1.9128428851579713e-10,  Error =1.2646332478993827e-06
Completed 19 % :  mod = 9.243870473103588e-11,  Error =1.3252736081881267e-06
Completed 20 % :  mod = 3.883348242771384e-11,  Error =1.3960975024929212e-06
Completed 21 % :  mod = 2.0375445862180446e-11,  Error =1.469339686366311e-06
Completed 22 % :  mod = 1.6279868135708617e-11,  Error =1.5430024049578606e-06
Completed 23 % :  mod = 2.387793738504246e-11,  Error =1.6166045924137507e-06
Completed 24 % :  mod = 5.230411649398987e-11,  Error =1.6894304408765493e-06
Completed 25 % :  mod = 1.2039642262313582e-10,  Error =1.7582279241423748e-06
Completed 26 % :  mod = 2.2261597492481193e-10,  Error =1.8125310106142933e-06
Completed 27 % :  mod = 2.249908622470088e-10,  Error =1.8526026579479549e-06
Completed 28 % :  mod = 1.1025201912925407e-10,  Error =1.908887462320763e-06
Completed 28 % :  mod = 4.9576380834797036e-11,  Error =1.978088626231056e-06
Completed 30 % :  mod = 3.347996652501398e-11,  Error =2.0507522222601438e-06
Completed 31 % :  mod = 3.733378045083246e-11,  Error =2.1238310523585824e-06
Completed 32 % :  mod = 6.503604064689417e-11,  Error =2.1957523870241857e-06
Completed 33 % :  mod = 1.5482960787102352e-10,  Error =2.2613045942421195e-06
Completed 34 % :  mod = 2.5030202839154223e-10,  Error =2.309881864448471e-06
Completed 35 % :  mod = 1.755016839967166e-10,  Error =2.35182630348163e-06
Completed 36 % :  mod = 9.965604167606829e-11,  Error =2.4131095983648265e-06
Completed 37 % :  mod = 4.775788886399539e-11,  Error =2.4834414134033977e-06
Completed 38 % :  mod = 4.257279307486775e-11,  Error =2.5557652989505186e-06
Completed 39 % :  mod = 8.100903904577962e-11,  Error =2.62708322651406e-06
Completed 40 % :  mod = 1.509056058432697e-10,  Error =2.692172024865158e-06
Completed 41 % :  mod = 2.412168297547899e-10,  Error =2.7390745600541777e-06
Completed 42 % :  mod = 1.9018723480757631e-10,  Error =2.7830175852727734e-06
Completed 43 % :  mod = 8.29841738605117e-11,  Error =2.8449926716689333e-06
Completed 44 % :  mod = 4.40769939732183e-11,  Error =2.9157802714507852e-06
Completed 45 % :  mod = 4.341765261950824e-11,  Error =2.9883856171863954e-06
Completed 46 % :  mod = 6.571226893620691e-11,  Error =3.060330797666211e-06
Completed 47 % :  mod = 1.2657603960762784e-10,  Error =3.1272140574856166e-06
Completed 48 % :  mod = 2.5717512284660136e-10,  Error =3.1776870272892666e-06
Completed 49 % :  mod = 1.9420239165988029e-10,  Error =3.219122724829049e-06
Completed 50 % :  mod = 9.551958712480356e-11,  Error =3.278279834262321e-06
Completed 51 % :  mod = 4.6987222403186826e-11,  Error =3.348678013992412e-06
Completed 52 % :  mod = 2.4619854084895712e-11,  Error =3.4216845108403504e-06
Completed 53 % :  mod = 2.6674113129363512e-11,  Error =3.4950788787568854e-06
Completed 54 % :  mod = 5.383874504576954e-11,  Error =3.5678711185482825e-06
Completed 55 % :  mod = 1.0804339435063458e-10,  Error =3.6372000877804567e-06
Completed 56 % :  mod = 2.172997677956537e-10,  Error =3.6928479971720662e-06
Completed 56 % :  mod = 2.3882804096397814e-10,  Error =3.7335391525061823e-06
Completed 57 % :  mod = 1.10414275429794e-10,  Error =3.787942468136407e-06
Completed 59 % :  mod = 5.697400530964639e-11,  Error =3.856513039579568e-06
Completed 60 % :  mod = 3.9618527529201564e-11,  Error =3.928870327740697e-06
Completed 61 % :  mod = 4.410175601127487e-11,  Error =4.001576925816153e-06
Completed 62 % :  mod = 8.544936328116244e-11,  Error =4.0722561962525106e-06
Completed 63 % :  mod = 1.953503858164314e-10,  Error =4.13351936856543e-06
Completed 64 % :  mod = 2.4192361357202343e-10,  Error =4.176761109420113e-06
Completed 65 % :  mod = 1.4442428979396284e-10,  Error =4.224630217208869e-06
Completed 66 % :  mod = 7.658056725705215e-11,  Error =4.290384580940554e-06
Completed 67 % :  mod = 4.002894728256527e-11,  Error =4.361988558798657e-06
Completed 68 % :  mod = 4.300671691192168e-11,  Error =4.434574542244718e-06
Completed 69 % :  mod = 8.792546095907887e-11,  Error =4.5056173192392635e-06
Completed 70 % :  mod = 1.6169217089959618e-10,  Error =4.5690739725046114e-06
Completed 71 % :  mod = 2.512589132102215e-10,  Error =4.613272047038208e-06
Completed 72 % :  mod = 1.6981016622340433e-10,  Error =4.659311478860673e-06
Completed 73 % :  mod = 7.203520595282163e-11,  Error =4.723391711536351e-06
Completed 74 % :  mod = 3.628092078025969e-11,  Error =4.7950687616094e-06
Completed 75 % :  mod = 2.6339738235625422e-11,  Error =4.868297629911922e-06
Completed 76 % :  mod = 3.339114860857817e-11,  Error =4.941577017802956e-06
Completed 77 % :  mod = 6.749939248039102e-11,  Error =5.013567374589911e-06
Completed 78 % :  mod = 1.5677940590814338e-10,  Error =5.079113932993096e-06
Completed 79 % :  mod = 2.43699982602869e-10,  Error =5.127077123745494e-06
Completed 80 % :  mod = 1.8007884739677504e-10,  Error =5.16973835118506e-06
Completed 81 % :  mod = 9.33594452634263e-11,  Error =5.231621244661255e-06
Completed 82 % :  mod = 4.365837331369216e-11,  Error =5.302270679408139e-06
Completed 83 % :  mod = 3.9240333228902295e-11,  Error =5.374869573415708e-06
Completed 84 % :  mod = 6.871207931947585e-11,  Error =5.446855553259411e-06
Completed 85 % :  mod = 1.2505612152832233e-10,  Error =5.514168684328524e-06
Completed 86 % :  mod = 2.398112679464588e-10,  Error =5.565084585157365e-06
Completed 87 % :  mod = 2.133865637487876e-10,  Error =5.606909780908609e-06
Completed 88 % :  mod = 9.330037080852745e-11,  Error =5.665441030089369e-06
Completed 89 % :  mod = 4.963780827856964e-11,  Error =5.7354188172098475e-06
Completed 90 % :  mod = 3.889473225450561e-11,  Error =5.8080225500134475e-06
Completed 91 % :  mod = 4.979856187368886e-11,  Error =5.8805777811699045e-06
Completed 92 % :  mod = 1.0106513503064423e-10,  Error =5.950180714364706e-06
Completed 93 % :  mod = 2.194349188775996e-10,  Error =6.007892672243997e-06
Completed 94 % :  mod = 2.292380778998439e-10,  Error =6.048752645426703e-06
Completed 95 % :  mod = 1.2507497122898512e-10,  Error =6.101180154871599e-06
Completed 96 % :  mod = 6.042478875924399e-11,  Error =6.169247889431517e-06
Completed 97 % :  mod = 2.8802796842823353e-11,  Error =6.241762207537249e-06
Completed 98 % :  mod = 2.50186665485266e-11,  Error =6.315111328092371e-06
Completed 99 % :  mod = 4.4410060041555396e-11,  Error =6.388184282002385e-06
Completed 100 % :  mod = 8.72607820855005e-11,  Error =6.459013867754493e-06
Finished 90/201 frames
Finished all frames!
