/opt/local/miniconda_23_9/lib/python3.11/site-packages/conda/base/context.py:201: FutureWarning: Adding 'defaults' to channel list implicitly is deprecated and will be removed in 25.3. 

To remove this warning, please choose a default channel explicitly with conda's regular configuration system, e.g. by adding 'defaults' to the list of channels:

  conda config --add channels defaults

For more information see https://docs.conda.io/projects/conda/en/stable/user-guide/configuration/use-condarc.html

  deprecated.topic(
JOB 13881 ARRAY_ID 10  -> i=10 ; range=[1.9e-10, 5.0e-10] ; intervals=200 (frames=201)
Analytic t0 extension enabled (--extend-time-using-t0).
Density options: centers='2.0e-10,4.0e-10' width='2.0e-11,5.0e-11' strength='7.0'
Completed 0 % :  mod = 1.5930107972744762e-16,  Error =-1.4210854715202004e-14
Completed 1 % :  mod = 1.589532877097918e-16,  Error =7.717261496509309e-09
Completed 2 % :  mod = 1.57911425707538e-16,  Error =1.5435176692335517e-08
Completed 3 % :  mod = 1.561800467295729e-16,  Error =2.3152168182605237e-08
Completed 4 % :  mod = 1.5376670882855096e-16,  Error =3.087112787625301e-08
Completed 5 % :  mod = 1.5068195038887368e-16,  Error =3.858794883626615e-08
Completed 6 % :  mod = 1.4693924209851527e-16,  Error =4.630567929098106e-08
Completed 7 % :  mod = 1.4255492186024822e-16,  Error =5.4023196582875244e-08
Completed 8 % :  mod = 1.3754813916374707e-16,  Error =6.174064992592321e-08
Completed 9 % :  mod = 1.3194075525522825e-16,  Error =6.945802510927024e-08
Completed 10 % :  mod = 1.2575724987283602e-16,  Error =7.717522265693333e-08
Completed 11 % :  mod = 1.1902462994658235e-16,  Error =8.489295311164824e-08
Completed 12 % :  mod = 1.1177229394072647e-16,  Error =9.260999433990946e-08
Completed 13 % :  mod = 1.040318967131423e-16,  Error =1.0032788111402624e-07
Completed 14 % :  mod = 9.583725040874127e-17,  Error =1.080457039392968e-07
Completed 15 % :  mod = 8.722413720646122e-17,  Error =1.1576486969033795e-07
Completed 16 % :  mod = 7.823015070738386e-17,  Error =1.2348168354492373e-07
Completed 17 % :  mod = 6.889457775130484e-17,  Error =1.3119949215933957e-07
Completed 18 % :  mod = 5.925818459054533e-17,  Error =1.389167323395668e-07
Completed 19 % :  mod = 4.936302725879663e-17,  Error =1.4663418568261477e-07
Completed 20 % :  mod = 3.925233095784711e-17,  Error =1.5435271194519373e-07
Completed 21 % :  mod = 2.897024976161423e-17,  Error =1.620699450199936e-07
Completed 22 % :  mod = 1.856165506470291e-17,  Error =1.697873628359048e-07
Completed 23 % :  mod = 8.072020500902794e-18,  Error =1.7750534198057721e-07
Completed 24 % :  mod = 2.452854645329073e-18,  Error =1.85223328230677e-07
Completed 25 % :  mod = 1.2967033260566075e-17,  Error =1.9294101605282776e-07
Completed 26 % :  mod = 2.342458185029678e-17,  Error =2.0065836991989272e-07
Completed 27 % :  mod = 3.377984805802044e-17,  Error =2.0837582326294068e-07
Completed 28 % :  mod = 4.3987622896044644e-17,  Error =2.1609284317491984e-07
Completed 28 % :  mod = 5.400331512549819e-17,  Error =2.2381032493967723e-07
Completed 30 % :  mod = 6.378321192162162e-17,  Error =2.31528012761828e-07
Completed 31 % :  mod = 7.32846007278112e-17,  Error =2.39245288469192e-07
Completed 32 % :  mod = 8.246598277161454e-17,  Error =2.469629194479239e-07
Completed 33 % :  mod = 9.12872907166293e-17,  Error =2.546805077940917e-07
Completed 34 % :  mod = 9.970999221517605e-17,  Error =2.6239786166115664e-07
Completed 35 % :  mod = 1.0769729541098179e-16,  Error =2.7011617476091487e-07
Completed 36 % :  mod = 1.1521435909475426e-16,  Error =2.7783394074276657e-07
Completed 37 % :  mod = 1.2222833928479022e-16,  Error =2.8555028563914675e-07
Completed 38 % :  mod = 1.287085964357189e-16,  Error =2.9326714923172403e-07
Completed 39 % :  mod = 1.3462686118481717e-16,  Error =3.009851070601144e-07
Completed 40 % :  mod = 1.3995727839937727e-16,  Error =3.087033917381632e-07
Completed 41 % :  mod = 1.446765661504807e-16,  Error =3.1642086639749323e-07
Completed 42 % :  mod = 1.4876414066896955e-16,  Error =3.2413885975302037e-07
Completed 43 % :  mod = 1.5220212616821623e-16,  Error =3.3185661152401735e-07
Completed 44 % :  mod = 1.5497552689769092e-16,  Error =3.3957367406856065e-07
Completed 45 % :  mod = 1.5707224358317623e-16,  Error =3.4729083608908695e-07
Completed 46 % :  mod = 1.5848308288764546e-16,  Error =3.550084244352547e-07
Completed 47 % :  mod = 1.5920191778090386e-16,  Error =3.6272579961860174e-07
Completed 48 % :  mod = 1.5922561552317652e-16,  Error =3.704428834794271e-07
Completed 49 % :  mod = 1.5855403234013324e-16,  Error =3.7816054287986844e-07
Completed 50 % :  mod = 1.5719013610411307e-16,  Error =3.8587839412684843e-07
Completed 51 % :  mod = 1.5513988737521247e-16,  Error =3.935959682621615e-07
Completed 52 % :  mod = 1.5241219933472445e-16,  Error =4.0131251211050767e-07
Completed 53 % :  mod = 1.4901901564351366e-16,  Error =4.0903085363197533e-07
Completed 54 % :  mod = 1.4497515012407394e-16,  Error =4.1674834960758744e-07
Completed 55 % :  mod = 1.4029823712969159e-16,  Error =4.2446611558943914e-07
Completed 56 % :  mod = 1.3500872559908467e-16,  Error =4.3218369683017954e-07
Completed 56 % :  mod = 1.2912970162616166e-16,  Error =4.399018038725444e-07
Completed 57 % :  mod = 1.2268682564599367e-16,  Error =4.476192003721735e-07
Completed 59 % :  mod = 1.1570825695458352e-16,  Error =4.5533695924859785e-07
Completed 60 % :  mod = 1.0822443853850896e-16,  Error =4.6305375178690156e-07
Completed 61 % :  mod = 1.0026805442342226e-16,  Error =4.707707716988807e-07
Completed 62 % :  mod = 9.187387157915571e-17,  Error =4.784886158404333e-07
Completed 63 % :  mod = 8.307850448343971e-17,  Error =4.862066944610888e-07
Completed 64 % :  mod = 7.392037334928189e-17,  Error =4.939239985901622e-07
Completed 65 % :  mod = 6.443949484827208e-17,  Error =5.016421482650912e-07
Completed 66 % :  mod = 5.4677220618111214e-17,  Error =5.093593671290364e-07
Completed 67 % :  mod = 4.4676201797242534e-17,  Error =5.170770762674692e-07
Completed 68 % :  mod = 3.448012117342951e-17,  Error =5.247950056741502e-07
Completed 69 % :  mod = 2.4133465967581314e-17,  Error =5.325130629785235e-07
Completed 70 % :  mod = 1.3681442427354582e-17,  Error =5.402308076440931e-07
Completed 71 % :  mod = 3.1696804719759417e-18,  Error =5.479478772940638e-07
Completed 72 % :  mod = 7.355939136807223e-18,  Error =5.556652311611288e-07
Completed 73 % :  mod = 1.7849417660612663e-17,  Error =5.633833524143483e-07
Completed 74 % :  mod = 2.826496207053671e-17,  Error =5.711004504860284e-07
Completed 75 % :  mod = 3.855711036501709e-17,  Error =5.78818571739248e-07
Completed 76 % :  mod = 4.8680867485947307e-17,  Error =5.865354353318253e-07
Completed 77 % :  mod = 5.859207243177226e-17,  Error =5.94252227870129e-07
Completed 78 % :  mod = 6.824745336839656e-17,  Error =6.019695177883477e-07
Completed 79 % :  mod = 7.760480366355864e-17,  Error =6.096866655980193e-07
Completed 80 % :  mod = 8.662330862317267e-17,  Error =6.174047229023927e-07
Completed 81 % :  mod = 9.526358230086591e-17,  Error =6.25122780206766e-07
Completed 82 % :  mod = 1.0348787605089054e-16,  Error =6.328400772304121e-07
Completed 83 % :  mod = 1.1126030931151464e-16,  Error =6.405579995316657e-07
Completed 84 % :  mod = 1.1854691515165465e-16,  Error =6.482758081460815e-07
Completed 85 % :  mod = 1.2531588397896331e-16,  Error =6.559931762240012e-07
Completed 86 % :  mod = 1.315376849802834e-16,  Error =6.637109848384171e-07
Completed 87 % :  mod = 1.3718510561952191e-16,  Error =6.714287010822773e-07
Completed 88 % :  mod = 1.4223350459982122e-16,  Error =6.791457778376753e-07
Completed 89 % :  mod = 1.4666087669383951e-16,  Error =6.868634088164072e-07
Completed 90 % :  mod = 1.5044783004798277e-16,  Error =6.945812742742419e-07
Completed 91 % :  mod = 1.5357785315494744e-16,  Error =7.022998786965218e-07
Completed 92 % :  mod = 1.5603731599109384e-16,  Error =7.100179431063225e-07
Completed 93 % :  mod = 1.5781542064410326e-16,  Error =7.177352401299686e-07
Completed 94 % :  mod = 1.5890442702988768e-16,  Error =7.254530771660939e-07
Completed 95 % :  mod = 1.5929959943604267e-16,  Error =7.331711415758946e-07
Completed 96 % :  mod = 1.5899917421010467e-16,  Error =7.408890283500114e-07
Completed 97 % :  mod = 1.5800448983370239e-16,  Error =7.486073201334875e-07
Completed 98 % :  mod = 1.5631988274949833e-16,  Error =7.563251429587581e-07
Completed 99 % :  mod = 1.5395269459901922e-16,  Error =7.640431221034305e-07
Completed 100 % :  mod = 1.509133028800374e-16,  Error =7.717600070122899e-07
Finished 11/201 frames
Finished all frames!
