/opt/local/miniconda_23_9/lib/python3.11/site-packages/conda/base/context.py:201: FutureWarning: Adding 'defaults' to channel list implicitly is deprecated and will be removed in 25.3. 

To remove this warning, please choose a default channel explicitly with conda's regular configuration system, e.g. by adding 'defaults' to the list of channels:

  conda config --add channels defaults

For more information see https://docs.conda.io/projects/conda/en/stable/user-guide/configuration/use-condarc.html

  deprecated.topic(
JOB 13874 ARRAY_ID 3  -> i=3 ; range=[1.9e-10, 5.0e-10] ; intervals=200 (frames=201)
Analytic t0 extension enabled (--extend-time-using-t0).
Density options: centers='2.0e-10,4.0e-10' width='2.0e-11,5.0e-11' strength='7.0'
Completed 0 % :  mod = 1.5426197794704068e-16,  Error =-1.4210854715202004e-14
Completed 1 % :  mod = 1.5150412614513045e-16,  Error =6.787011841424828e-09
Completed 2 % :  mod = 1.4332917656207796e-16,  Error =1.3574272372807172e-08
Completed 3 % :  mod = 1.300294352325187e-16,  Error =2.0361284214232e-08
Completed 4 % :  mod = 1.1208043035112984e-16,  Error =2.714749314236542e-08
Completed 5 % :  mod = 9.012394193858076e-17,  Error =3.393432734810631e-08
Completed 6 % :  mod = 6.494503956622245e-17,  Error =4.072104076158212e-08
Completed 7 % :  mod = 3.744399145758159e-17,  Error =4.750753390680984e-08
Completed 8 % :  mod = 8.604119577672497e-18,  Error =5.429432547998658e-08
Completed 9 % :  mod = 2.0543395402802155e-17,  Error =6.108093941747939e-08
Completed 10 % :  mod = 4.895637570538973e-17,  Error =6.786773809608349e-08
Completed 11 % :  mod = 7.561889934995459e-17,  Error =7.465364859626789e-08
Completed 12 % :  mod = 9.957763106455474e-17,  Error =8.144043306401727e-08
Completed 13 % :  mod = 1.1997592875155501e-16,  Error =8.822600960911586e-08
Completed 14 % :  mod = 1.3608442771529437e-16,  Error =9.501263775746338e-08
Completed 15 % :  mod = 1.4732717021196188e-16,  Error =1.0179829956769026e-07
Completed 16 % :  mod = 1.5330217505328672e-16,  Error =1.0858492771603778e-07
Completed 17 % :  mod = 1.5379578412368462e-16,  Error =1.1537141375583815e-07
Completed 18 % :  mod = 1.4879036105361656e-16,  Error =1.2215727451803104e-07
Completed 19 % :  mod = 1.3846488456658187e-16,  Error =1.2894412293462665e-07
Completed 20 % :  mod = 1.2318852175104777e-16,  Error =1.3573023949220442e-07
Completed 21 % :  mod = 1.0350750794195857e-16,  Error =1.4251727264991132e-07
Completed 22 % :  mod = 8.012554450477205e-17,  Error =1.4930280656244577e-07
Completed 23 % :  mod = 5.3878642256779044e-17,  Error =1.5608923575882727e-07
Completed 24 % :  mod = 2.5705297625214152e-17,  Error =1.6287612680798702e-07
Completed 25 % :  mod = 3.387149770533736e-18,  Error =1.6966296811915527e-07
Completed 26 % :  mod = 3.2358504180157244e-17,  Error =1.764489567790406e-07
Completed 27 % :  mod = 6.017284601522437e-17,  Error =1.8323540018627682e-07
Completed 28 % :  mod = 8.583568952607743e-17,  Error =1.9002252571453937e-07
Completed 28 % :  mod = 1.0842944724001804e-16,  Error =1.9680801699450967e-07
Completed 30 % :  mod = 1.2714625083365202e-16,  Error =2.035947943568317e-07
Completed 31 % :  mod = 1.413168938723299e-16,  Error =2.103816427734273e-07
Completed 32 % :  mod = 1.5043469379946996e-16,  Error =2.171675532736117e-07
Completed 33 % :  mod = 1.5417362725110298e-16,  Error =2.2395359167148854e-07
Completed 34 % :  mod = 1.5240002861278166e-16,  Error =2.3073956612051916e-07
Completed 35 % :  mod = 1.451772962636757e-16,  Error =2.3752618716343932e-07
Completed 36 % :  mod = 1.3276367893785514e-16,  Error =2.443134121676849e-07
Completed 37 % :  mod = 1.1560305348764082e-16,  Error =2.5109957846325415e-07
Completed 38 % :  mod = 9.430897952973155e-17,  Error =2.578856950208319e-07
Completed 39 % :  mod = 6.964284502322758e-17,  Error =2.646717405241361e-07
Completed 40 % :  mod = 4.248661516624163e-17,  Error =2.714569120598753e-07
Completed 41 % :  mod = 1.3811245883823088e-17,  Error =2.7824355441907755e-07
Completed 42 % :  mod = 1.5357948466530813e-17,  Error =2.850297775580657e-07
Completed 43 % :  mod = 4.397800076926791e-17,  Error =2.918171588817131e-07
Completed 44 % :  mod = 7.102561348832073e-17,  Error =2.986040570363002e-07
Completed 45 % :  mod = 9.553367233219975e-17,  Error =3.053900172744761e-07
Completed 46 % :  mod = 1.166258770492173e-16,  Error =3.1217643936543027e-07
Completed 47 % :  mod = 1.3354808573074032e-16,  Error =3.1896243513074296e-07
Completed 48 % :  mod = 1.4569521824022808e-16,  Error =3.257489282759707e-07
Completed 49 % :  mod = 1.5263295874416868e-16,  Error =3.3253566300572857e-07
Completed 50 % :  mod = 1.5411324766757877e-16,  Error =3.393225256331789e-07
Completed 51 % :  mod = 1.500831386270149e-16,  Error =3.4610916088695376e-07
Completed 52 % :  mod = 1.4068675026662642e-16,  Error =3.528954479747881e-07
Completed 53 % :  mod = 1.2626004850624908e-16,  Error =3.5968245981621294e-07
Completed 54 % :  mod = 1.0731885019947506e-16,  Error =3.6646950718477456e-07
Completed 55 % :  mod = 8.454043599431057e-17,  Error =3.7325608559513057e-07
Completed 56 % :  mod = 5.87392382025031e-17,  Error =3.800425574240762e-07
Completed 56 % :  mod = 3.08377860288268e-17,  Error =3.8682891556618415e-07
Completed 57 % :  mod = 1.8337358579260622e-18,  Error =3.936149681749157e-07
Completed 59 % :  mod = 2.7235892106263326e-17,  Error =4.004004949820228e-07
Completed 60 % :  mod = 5.5331695483039e-17,  Error =4.0718752103430234e-07
Completed 61 % :  mod = 8.144907386161055e-17,  Error =4.139746110354281e-07
Completed 62 % :  mod = 1.0465422661568324e-16,  Error =4.207611752349294e-07
Completed 63 % :  mod = 1.2411741595553913e-16,  Error =4.2754857076943154e-07
Completed 64 % :  mod = 1.3914272268262212e-16,  Error =4.3433382757029904e-07
Completed 65 % :  mod = 1.4919294587693942e-16,  Error =4.4112020702868904e-07
Completed 66 % :  mod = 1.5390869055498535e-16,  Error =4.4790653674908754e-07
Completed 67 % :  mod = 1.5312136252206815e-16,  Error =4.546939820215812e-07
Completed 68 % :  mod = 1.468591358600441e-16,  Error =4.6148050358851833e-07
Completed 69 % :  mod = 1.3534587449059393e-16,  Error =4.682658314436594e-07
Completed 70 % :  mod = 1.189932713227653e-16,  Error =4.7505226774546827e-07
Completed 71 % :  mod = 9.838603427538268e-17,  Error =4.818385335170206e-07
Completed 72 % :  mod = 7.426093710085371e-17,  Error =4.886254316716077e-07
Completed 73 % :  mod = 4.7480622006483116e-17,  Error =4.954127774681183e-07
Completed 74 % :  mod = 1.9002626651917367e-17,  Error =5.021984890163367e-07
Completed 75 % :  mod = 1.0154838742639626e-17,  Error =5.089847192607522e-07
Completed 76 % :  mod = 3.8949199145246054e-17,  Error =5.157715534664931e-07
Completed 77 % :  mod = 6.635091945763034e-17,  Error =5.225584658319349e-07
Completed 78 % :  mod = 9.13802457583504e-17,  Error =5.293449305554532e-07
Completed 79 % :  mod = 1.13142208639486e-16,  Error =5.361321058217072e-07
Completed 80 % :  mod = 1.308587398897884e-16,  Error =5.429190679251406e-07
Completed 81 % :  mod = 1.4389636438193822e-16,  Error =5.497056534409239e-07
Completed 82 % :  mod = 1.5178888358798971e-16,  Error =5.564920400047413e-07
Completed 83 % :  mod = 1.542541538524217e-16,  Error =5.632781281406096e-07
Completed 84 % :  mod = 1.5120400351220029e-16,  Error =5.700644933881449e-07
Completed 85 % :  mod = 1.4274746536351644e-16,  Error =5.768507236325604e-07
Completed 86 % :  mod = 1.2918696015383714e-16,  Error =5.836377496848399e-07
Completed 87 % :  mod = 1.1100731906799623e-16,  Error =5.904239444021187e-07
Completed 88 % :  mod = 8.885855060920404e-17,  Error =5.972108567675605e-07
Completed 89 % :  mod = 6.353262412079479e-17,  Error =6.039971580662495e-07
Completed 90 % :  mod = 3.593504791207811e-17,  Error =6.107829406687415e-07
Completed 91 % :  mod = 7.05259566936693e-18,  Error =6.1756927038914e-07
Completed 92 % :  mod = 2.2082013122202786e-17,  Error =6.243562609142828e-07
Completed 93 % :  mod = 5.042708918602891e-17,  Error =6.311421572036124e-07
Completed 94 % :  mod = 7.69691132948601e-17,  Error =6.379283021828996e-07
Completed 95 % :  mod = 1.0075906128701065e-16,  Error =6.447142766319303e-07
Completed 96 % :  mod = 1.209463489220614e-16,  Error =6.515008195151495e-07
Completed 97 % :  mod = 1.3680913300596247e-16,  Error =6.582870213378555e-07
Completed 98 % :  mod = 1.477802377129725e-16,  Error =6.650739834412889e-07
Completed 99 % :  mod = 1.5346742557714738e-16,  Error =6.718608318578845e-07
Completed 100 % :  mod = 1.5366730705132834e-16,  Error =6.786470407860179e-07
Finished 4/201 frames
Finished all frames!
