/opt/local/miniconda_23_9/lib/python3.11/site-packages/conda/base/context.py:201: FutureWarning: Adding 'defaults' to channel list implicitly is deprecated and will be removed in 25.3. 

To remove this warning, please choose a default channel explicitly with conda's regular configuration system, e.g. by adding 'defaults' to the list of channels:

  conda config --add channels defaults

For more information see https://docs.conda.io/projects/conda/en/stable/user-guide/configuration/use-condarc.html

  deprecated.topic(
JOB 13433 ARRAY_ID 79  -> i=79 ; range=[1.9e-10, 6.0e-10] ; intervals=200 (frames=201)
Density options: centers='2.0e-10,4.0e-10' width='5e-11,5e-11' strength=''
Completed 0 % :  mod = 2.645274374460305e-16,  Error =-1.4210854715202004e-14
Completed 1 % :  mod = 3.557427572455131e-16,  Error =5.868050578783368e-08
Completed 2 % :  mod = 6.922951269390461e-16,  Error =1.173614734284456e-07
Completed 3 % :  mod = 1.506286985793288e-15,  Error =1.7604200053256136e-07
Completed 4 % :  mod = 3.3590856598583473e-15,  Error =2.347213410303084e-07
Completed 5 % :  mod = 7.528468832377368e-15,  Error =2.9340173313130435e-07
Completed 6 % :  mod = 1.68898405329856e-14,  Error =3.5208205417802674e-07
Completed 7 % :  mod = 3.789924582012837e-14,  Error =4.1076272339068964e-07
Completed 8 % :  mod = 8.504576388774967e-14,  Error =4.6944208520471875e-07
Completed 9 % :  mod = 1.9084384912481285e-13,  Error =5.281223565134496e-07
Completed 10 % :  mod = 4.2825667894984047e-13,  Error =5.868020522825645e-07
Completed 11 % :  mod = 9.610132109237657e-13,  Error =6.45482593597535e-07
Completed 12 % :  mod = 2.1565030233588305e-12,  Error =7.041615219804953e-07
Completed 13 % :  mod = 4.838915016928335e-12,  Error =7.628331601949867e-07
Completed 14 % :  mod = 1.0855032146921523e-11,  Error =8.214726534561123e-07
Completed 15 % :  mod = 2.4318440451561054e-11,  Error =8.799514077395543e-07
Completed 16 % :  mod = 5.411499800104161e-11,  Error =9.376319596299254e-07
Completed 17 % :  mod = 1.1635833352472434e-10,  Error =9.917029828443447e-07
Completed 18 % :  mod = 2.104770166839341e-10,  Error =1.0344166838649471e-06
Completed 19 % :  mod = 2.0486058494395683e-10,  Error =1.0671586707644565e-06
Completed 20 % :  mod = 1.0829701570813616e-10,  Error =1.1113367364146143e-06
Completed 21 % :  mod = 5.001605384348229e-11,  Error =1.1659659122642552e-06
Completed 22 % :  mod = 2.4089380090944264e-11,  Error =1.2237574935625162e-06
Completed 23 % :  mod = 1.237725709734021e-11,  Error =1.2822280623936422e-06
Completed 24 % :  mod = 9.82589861664185e-12,  Error =1.3408296979378065e-06
Completed 25 % :  mod = 1.4479771094782583e-11,  Error =1.3994187497701205e-06
Completed 26 % :  mod = 2.8182680351248646e-11,  Error =1.4578087146333019e-06
Completed 27 % :  mod = 6.031069743726055e-11,  Error =1.5151945618185891e-06
Completed 28 % :  mod = 1.31558560248523e-10,  Error =1.5681563212410765e-06
Completed 28 % :  mod = 2.182094605976811e-10,  Error =1.6087410870113672e-06
Completed 30 % :  mod = 1.8976108229978899e-10,  Error =1.641870106539045e-06
Completed 31 % :  mod = 1.0073664776207151e-10,  Error =1.688129962928997e-06
Completed 32 % :  mod = 4.5257506593501885e-11,  Error =1.7433989114579163e-06
Completed 33 % :  mod = 2.52749207195867e-11,  Error =1.8012597280403497e-06
Completed 34 % :  mod = 1.9619596699442088e-11,  Error =1.8596369457668516e-06
Completed 35 % :  mod = 2.5995567441548178e-11,  Error =1.9179857062567862e-06
Completed 36 % :  mod = 5.292245671921915e-11,  Error =1.9756494111788925e-06
Completed 37 % :  mod = 1.1232451832196223e-10,  Error =2.030150838550071e-06
Completed 38 % :  mod = 1.962464786640862e-10,  Error =2.0741802728707626e-06
Completed 39 % :  mod = 2.1750880474834432e-10,  Error =2.106945750313116e-06
Completed 40 % :  mod = 1.1639448785321856e-10,  Error =2.1496633593187653e-06
Completed 41 % :  mod = 5.6105283384493425e-11,  Error =2.203420486068808e-06
Completed 42 % :  mod = 3.432034778175642e-11,  Error =2.2608064611517875e-06
Completed 43 % :  mod = 2.877945264951431e-11,  Error =2.3188967688270168e-06
Completed 44 % :  mod = 4.239714316742765e-11,  Error =2.3767280481479247e-06
Completed 45 % :  mod = 9.287590401304289e-11,  Error =2.4325493086507777e-06
Completed 46 % :  mod = 1.7036539012106403e-10,  Error =2.480925516579191e-06
Completed 47 % :  mod = 2.2461219611883723e-10,  Error =2.5152605047651377e-06
Completed 48 % :  mod = 1.498821911493038e-10,  Error =2.553510512370849e-06
Completed 49 % :  mod = 6.837078919922986e-11,  Error =2.6049027894714527e-06
Completed 50 % :  mod = 3.411736833229144e-11,  Error =2.6618252704224687e-06
Completed 51 % :  mod = 2.0889792117226073e-11,  Error =2.7200384664638477e-06
Completed 52 % :  mod = 1.957676736164843e-11,  Error =2.778467830921727e-06
Completed 53 % :  mod = 3.2752961056343007e-11,  Error =2.836694065422307e-06
Completed 54 % :  mod = 7.129827223174425e-11,  Error =2.8936900875464744e-06
Completed 55 % :  mod = 1.3780033543573385e-10,  Error =2.9455168686354227e-06
Completed 56 % :  mod = 2.283492239035815e-10,  Error =2.9838291339956413e-06
Completed 56 % :  mod = 1.7869203040040182e-10,  Error =3.0183103874037442e-06
Completed 57 % :  mod = 8.638467230328874e-11,  Error =3.0663014385368115e-06
Completed 59 % :  mod = 4.1251509657543445e-11,  Error =3.1223068290842093e-06
Completed 60 % :  mod = 2.018446690551845e-11,  Error =3.180390869772509e-06
Completed 61 % :  mod = 1.1952422946139483e-11,  Error =3.2389079152039812e-06
Completed 62 % :  mod = 1.2906312417902296e-11,  Error =3.2974894210724415e-06
Completed 63 % :  mod = 2.309897492146172e-11,  Error =3.3559674648131477e-06
Completed 64 % :  mod = 4.649137110419597e-11,  Error =3.4138573781206105e-06
Completed 65 % :  mod = 1.0244035202766796e-10,  Error =3.4689606920323968e-06
Completed 66 % :  mod = 1.958070047694459e-10,  Error =3.514463500664533e-06
Completed 67 % :  mod = 2.166909185478933e-10,  Error =3.547409981763394e-06
Completed 68 % :  mod = 1.2455438402473807e-10,  Error =3.588770226770066e-06
Completed 69 % :  mod = 5.8000643314486e-11,  Error =3.642205371079399e-06
Completed 70 % :  mod = 2.6109992136600887e-11,  Error =3.69973324154671e-06
Completed 71 % :  mod = 1.178768699425785e-11,  Error =3.7581787069029815e-06
Completed 72 % :  mod = 5.432415060919738e-12,  Error =3.816811187107305e-06
Completed 73 % :  mod = 2.735020985417035e-12,  Error =3.875481326076624e-06
Completed 74 % :  mod = 1.9666563628373757e-12,  Error =3.9341575543971885e-06
Completed 75 % :  mod = 2.680997114678056e-12,  Error =3.992834820110147e-06
Completed 76 % :  mod = 5.119335481724257e-12,  Error =4.051505356983398e-06
Completed 77 % :  mod = 1.1061140774968944e-11,  Error =4.110142434399222e-06
Completed 78 % :  mod = 2.456863009078705e-11,  Error =4.168615092225991e-06
Completed 79 % :  mod = 5.4887534132311095e-11,  Error =4.226270725382619e-06
Completed 80 % :  mod = 1.177794061005632e-10,  Error =4.280244738197325e-06
Completed 81 % :  mod = 2.1099896902676055e-10,  Error =4.322734660888727e-06
Completed 82 % :  mod = 2.039437705223366e-10,  Error =4.355500159647363e-06
Completed 83 % :  mod = 1.0724683726137829e-10,  Error =4.399894436346585e-06
Completed 84 % :  mod = 4.95753406936209e-11,  Error =4.454590516900225e-06
Completed 85 % :  mod = 2.4418811725762605e-11,  Error =4.512387135946483e-06
Completed 86 % :  mod = 1.3323556260268318e-11,  Error =4.5708440410408e-06
Completed 87 % :  mod = 1.2200326538581602e-11,  Error =4.629419919410793e-06
Completed 88 % :  mod = 2.0164361696321766e-11,  Error =4.687935863501025e-06
Completed 89 % :  mod = 4.035559453239767e-11,  Error =4.746032544744594e-06
Completed 90 % :  mod = 8.581945062293157e-11,  Error =4.802093840794441e-06
Completed 91 % :  mod = 1.7735384830337801e-10,  Error =4.85031159769278e-06
Completed 92 % :  mod = 2.273980120377675e-10,  Error =4.884904818425184e-06
Completed 93 % :  mod = 1.4038884591157919e-10,  Error =4.9230183023496465e-06
Completed 94 % :  mod = 7.158687915682783e-11,  Error =4.974718514461074e-06
Completed 95 % :  mod = 3.2405964613176546e-11,  Error =5.031698989910183e-06
Completed 96 % :  mod = 1.8718668785518725e-11,  Error =5.089947002545614e-06
Completed 97 % :  mod = 1.7987209506828753e-11,  Error =5.1484210601415725e-06
Completed 98 % :  mod = 2.7704579753376255e-11,  Error =5.206776528154933e-06
Completed 99 % :  mod = 5.599649641137135e-11,  Error =5.264288752471202e-06
Completed 100 % :  mod = 1.2398472509315633e-10,  Error =5.317974760998823e-06
Finished 80/201 frames
Finished all frames!
