/opt/local/miniconda_23_9/lib/python3.11/site-packages/conda/base/context.py:201: FutureWarning: Adding 'defaults' to channel list implicitly is deprecated and will be removed in 25.3. 

To remove this warning, please choose a default channel explicitly with conda's regular configuration system, e.g. by adding 'defaults' to the list of channels:

  conda config --add channels defaults

For more information see https://docs.conda.io/projects/conda/en/stable/user-guide/configuration/use-condarc.html

  deprecated.topic(
JOB 13454 ARRAY_ID 100  -> i=100 ; range=[1.9e-10, 6.0e-10] ; intervals=200 (frames=201)
Density options: centers='2.0e-10,4.0e-10' width='5e-11,5e-11' strength=''
Completed 0 % :  mod = 2.9365264951754043e-16,  Error =-1.4210854715202004e-14
Completed 1 % :  mod = 4.2508007121877293e-16,  Error =8.911432303193578e-08
Completed 2 % :  mod = 9.370058666925442e-16,  Error =1.782287597507093e-07
Completed 3 % :  mod = 2.287665907103878e-15,  Error =2.673428554089696e-07
Completed 4 % :  mod = 5.686065249595913e-15,  Error =3.564566313229989e-07
Completed 5 % :  mod = 1.41741847758387e-14,  Error =4.4557033618275455e-07
Completed 6 % :  mod = 3.534992413254341e-14,  Error =5.346838136688348e-07
Completed 7 % :  mod = 8.816814545285949e-14,  Error =6.237985701318394e-07
Completed 8 % :  mod = 2.1990756654965477e-13,  Error =7.129123105187318e-07
Completed 9 % :  mod = 5.484907347510969e-13,  Error =8.02025866164513e-07
Completed 10 % :  mod = 1.3680354619100624e-12,  Error =8.911389528520886e-07
Completed 11 % :  mod = 3.412070279491311e-12,  Error =9.802483660337202e-07
Completed 12 % :  mod = 8.509266176358507e-12,  Error =1.0693340044554134e-06
Completed 13 % :  mod = 2.1206881062035935e-11,  Error =1.1582717291958033e-06
Completed 14 % :  mod = 5.2631834664494054e-11,  Error =1.2463084431146854e-06
Completed 15 % :  mod = 1.2715138231743175e-10,  Error =1.3292331573211413e-06
Completed 16 % :  mod = 2.555130258624239e-10,  Error =1.3927305815286672e-06
Completed 17 % :  mod = 2.1994287729909408e-10,  Error =1.4407494575152668e-06
Completed 18 % :  mod = 1.0039473888289023e-10,  Error =1.512092204336568e-06
Completed 19 % :  mod = 4.1264401686280757e-11,  Error =1.5972622477988807e-06
Completed 20 % :  mod = 2.4312458248143535e-11,  Error =1.6855303215379536e-06
Completed 21 % :  mod = 2.5616478115952324e-11,  Error =1.774203610693803e-06
Completed 22 % :  mod = 4.6238415623839465e-11,  Error =1.8622873696472197e-06
Completed 23 % :  mod = 1.1461642272286438e-10,  Error =1.9463776155248524e-06
Completed 24 % :  mod = 2.38517319817539e-10,  Error =2.0141782073324066e-06
Completed 25 % :  mod = 2.3772741082189783e-10,  Error =2.06122636825512e-06
Completed 26 % :  mod = 1.1631227322466225e-10,  Error =2.1286082443339183e-06
Completed 27 % :  mod = 4.6125030036632844e-11,  Error =2.21267184485896e-06
Completed 28 % :  mod = 2.2235693940129315e-11,  Error =2.3008433274185336e-06
Completed 28 % :  mod = 1.5907523395621615e-11,  Error =2.389693314341912e-06
Completed 30 % :  mod = 2.2261161898959237e-11,  Error =2.478530838345705e-06
Completed 31 % :  mod = 5.010704971070106e-11,  Error =2.566595171060726e-06
Completed 32 % :  mod = 1.2272248079454984e-10,  Error =2.6501590610905623e-06
Completed 33 % :  mod = 2.396772328061266e-10,  Error =2.715868731684168e-06
Completed 34 % :  mod = 2.355754229851778e-10,  Error =2.763302411779023e-06
Completed 35 % :  mod = 1.0959301380532891e-10,  Error =2.8324667766810308e-06
Completed 36 % :  mod = 4.7843974385108817e-11,  Error =2.9166402626401577e-06
Completed 37 % :  mod = 3.792393313723565e-11,  Error =3.004328760880526e-06
Completed 38 % :  mod = 5.5451014814110516e-11,  Error =3.0919341611479467e-06
Completed 39 % :  mod = 1.052787174138329e-10,  Error =3.1758051832753154e-06
Completed 40 % :  mod = 2.4450113056777016e-10,  Error =3.2428390426275655e-06
Completed 41 % :  mod = 2.463695306748001e-10,  Error =3.2915931882371297e-06
Completed 42 % :  mod = 1.0612574200958378e-10,  Error =3.3584642267214804e-06
Completed 43 % :  mod = 5.6225413575305335e-11,  Error =3.442232781480925e-06
Completed 44 % :  mod = 3.922911370424842e-11,  Error =3.5297562277492034e-06
Completed 45 % :  mod = 5.157943369244687e-11,  Error =3.617262237298746e-06
Completed 46 % :  mod = 1.1756134441950765e-10,  Error =3.7006793931482207e-06
Completed 47 % :  mod = 2.48375358101516e-10,  Error =3.7675815107718336e-06
Completed 48 % :  mod = 2.2810962034115722e-10,  Error =3.814821155856407e-06
Completed 49 % :  mod = 1.1502846693777445e-10,  Error =3.88274380469511e-06
Completed 50 % :  mod = 4.699732186210639e-11,  Error =3.966958956880262e-06
Completed 51 % :  mod = 2.3607502210092918e-11,  Error =4.055083408616156e-06
Completed 52 % :  mod = 2.1106028348421554e-11,  Error =4.143834573255845e-06
Completed 53 % :  mod = 3.51973718604567e-11,  Error =4.232355969691071e-06
Completed 54 % :  mod = 7.7615894062075e-11,  Error =4.318866970720592e-06
Completed 55 % :  mod = 1.898923413365349e-10,  Error =4.394923287520669e-06
Completed 56 % :  mod = 2.7691507662646817e-10,  Error =4.4473175506709595e-06
Completed 56 % :  mod = 1.4617817856386677e-10,  Error =4.5036792499786316e-06
Completed 57 % :  mod = 7.634552679046653e-11,  Error =4.5833042818799186e-06
Completed 59 % :  mod = 4.068528584253151e-11,  Error =4.669993721506671e-06
Completed 60 % :  mod = 4.354344284615029e-11,  Error =4.757679199940412e-06
Completed 61 % :  mod = 9.55479978610855e-11,  Error =4.843121097053427e-06
Completed 62 % :  mod = 1.9882968709064592e-10,  Error =4.917371995816211e-06
Completed 63 % :  mod = 2.6062422564704836e-10,  Error =4.967155192048267e-06
Completed 64 % :  mod = 1.47620267739209e-10,  Error =5.026906364946626e-06
Completed 65 % :  mod = 6.14631195448491e-11,  Error =5.108035438183833e-06
Completed 66 % :  mod = 2.8071970829094682e-11,  Error =5.195563751669852e-06
Completed 67 % :  mod = 2.0430242608666402e-11,  Error =5.284237374780787e-06
Completed 68 % :  mod = 2.954532700170897e-11,  Error =5.372888018939648e-06
Completed 69 % :  mod = 6.234915004614896e-11,  Error =5.4602876460307925e-06
Completed 70 % :  mod = 1.552330620085921e-10,  Error =5.5405554633125575e-06
Completed 71 % :  mod = 2.719593269049541e-10,  Error =5.599017541157991e-06
Completed 72 % :  mod = 1.8277803347732107e-10,  Error =5.64921225532089e-06
Completed 73 % :  mod = 9.440428607415386e-11,  Error =5.724458326028525e-06
Completed 74 % :  mod = 4.341756842430383e-11,  Error =5.810136947559386e-06
Completed 75 % :  mod = 3.965852053323595e-11,  Error =5.897848652125504e-06
Completed 76 % :  mod = 7.842197558382235e-11,  Error =5.984417377646878e-06
Completed 77 % :  mod = 1.572576419536464e-10,  Error =6.063526541311148e-06
Completed 78 % :  mod = 2.662219880679917e-10,  Error =6.119186274133881e-06
Completed 79 % :  mod = 1.873667878954716e-10,  Error =6.172367392309752e-06
Completed 80 % :  mod = 7.856619067206145e-11,  Error =6.249138536418286e-06
Completed 81 % :  mod = 3.722682152988769e-11,  Error =6.335523565326184e-06
Completed 82 % :  mod = 3.312513370484972e-11,  Error =6.423704235203331e-06
Completed 83 % :  mod = 5.36994467508372e-11,  Error =6.5114738845295506e-06
Completed 84 % :  mod = 1.0937390601031078e-10,  Error =6.595174617984867e-06
Completed 85 % :  mod = 2.5119575543010024e-10,  Error =6.661463636703502e-06
Completed 86 % :  mod = 2.369147766411816e-10,  Error =6.709761073864229e-06
Completed 87 % :  mod = 1.0410166822131071e-10,  Error =6.777880358299626e-06
Completed 88 % :  mod = 4.933500890125171e-11,  Error =6.8623223725694515e-06
Completed 89 % :  mod = 2.539692015544509e-11,  Error =6.950423930618399e-06
Completed 90 % :  mod = 2.373923665471998e-11,  Error =7.039070013092896e-06
Completed 91 % :  mod = 4.7656526178009776e-11,  Error =7.127180424504331e-06
Completed 92 % :  mod = 1.1147154440858394e-10,  Error =7.211659244887869e-06
Completed 93 % :  mod = 2.2086555040584987e-10,  Error =7.280466405745756e-06
Completed 94 % :  mod = 2.5772828117253936e-10,  Error =7.3279885626220675e-06
Completed 95 % :  mod = 1.1864654594083845e-10,  Error =7.3937246085620245e-06
Completed 96 % :  mod = 5.4705209518208004e-11,  Error =7.476655113691777e-06
Completed 97 % :  mod = 4.552623117643333e-11,  Error =7.563894932616222e-06
Completed 98 % :  mod = 6.426440287329365e-11,  Error =7.650937284608972e-06
Completed 99 % :  mod = 1.2214748512765992e-10,  Error =7.732844416352691e-06
Completed 100 % :  mod = 2.725875091003724e-10,  Error =7.794820511719536e-06
Finished 101/201 frames
Finished all frames!
