/opt/local/miniconda_23_9/lib/python3.11/site-packages/conda/base/context.py:201: FutureWarning: Adding 'defaults' to channel list implicitly is deprecated and will be removed in 25.3. 

To remove this warning, please choose a default channel explicitly with conda's regular configuration system, e.g. by adding 'defaults' to the list of channels:

  conda config --add channels defaults

For more information see https://docs.conda.io/projects/conda/en/stable/user-guide/configuration/use-condarc.html

  deprecated.topic(
JOB 13459 ARRAY_ID 105  -> i=105 ; range=[1.9e-10, 6.0e-10] ; intervals=200 (frames=201)
Density options: centers='2.0e-10,4.0e-10' width='5e-11,5e-11' strength=''
Completed 0 % :  mod = 2.990243419072936e-16,  Error =-1.4210854715202004e-14
Completed 1 % :  mod = 4.3861939677906054e-16,  Error =9.581543025660721e-08
Completed 2 % :  mod = 9.877402941113842e-16,  Error =1.9162950337658913e-07
Completed 3 % :  mod = 2.459084862582933e-15,  Error =2.8744464941610204e-07
Completed 4 % :  mod = 6.226403639285721e-15,  Error =3.8326036388980356e-07
Completed 5 % :  mod = 1.580712987364403e-14,  Error =4.790764833728645e-07
Completed 6 % :  mod = 4.014650199089245e-14,  Error =5.748909117642143e-07
Completed 7 % :  mod = 1.0196946483639175e-13,  Error =6.707064201805224e-07
Completed 8 % :  mod = 2.5899825101474e-13,  Error =7.665217083285825e-07
Completed 9 % :  mod = 6.57845539179372e-13,  Error =8.623367762083944e-07
Completed 10 % :  mod = 1.6708962677670038e-12,  Error =9.581512045997442e-07
Completed 11 % :  mod = 4.243892768162026e-12,  Error =1.0539588544133949e-06
Completed 12 % :  mod = 1.0777313897936589e-11,  Error =1.1497293641582473e-06
Completed 13 % :  mod = 2.7340848334454148e-11,  Error =1.2452461746192967e-06
Completed 14 % :  mod = 6.889820044752651e-11,  Error =1.3391781337190878e-06
Completed 15 % :  mod = 1.6580918114901274e-10,  Error =1.4243496622157181e-06
Completed 16 % :  mod = 2.8806722774702955e-10,  Error =1.483610525099266e-06
Completed 17 % :  mod = 1.690930838800393e-10,  Error =1.5405897997311513e-06
Completed 18 % :  mod = 7.930891069889163e-11,  Error =1.6245800935621446e-06
Completed 19 % :  mod = 3.3467916627740285e-11,  Error =1.7179665263711286e-06
Completed 20 % :  mod = 2.3839307392541234e-11,  Error =1.8131045393943168e-06
Completed 21 % :  mod = 3.939506871173325e-11,  Error =1.9081535427289964e-06
Completed 22 % :  mod = 8.477913924931238e-11,  Error =2.0009873225035335e-06
Completed 23 % :  mod = 1.8787023785868595e-10,  Error =2.082026789196334e-06
Completed 24 % :  mod = 2.962295644914851e-10,  Error =2.1365272218076825e-06
Completed 25 % :  mod = 1.4103895434688151e-10,  Error =2.1987276923596255e-06
Completed 26 % :  mod = 7.000383787545433e-11,  Error =2.285078394947959e-06
Completed 27 % :  mod = 4.578083425280343e-11,  Error =2.378454276197317e-06
Completed 28 % :  mod = 5.2440255516395286e-11,  Error =2.4724460701008866e-06
Completed 28 % :  mod = 1.0972891581877275e-10,  Error =2.5626372703868583e-06
Completed 30 % :  mod = 2.550279391455671e-10,  Error =2.6355717466231e-06
Completed 31 % :  mod = 2.3903120778004717e-10,  Error =2.6867025582077986e-06
Completed 32 % :  mod = 1.1277950725019386e-10,  Error =2.759091849213746e-06
Completed 33 % :  mod = 4.96469791475143e-11,  Error =2.849776514324276e-06
Completed 34 % :  mod = 2.287227386258307e-11,  Error =2.9445753568779764e-06
Completed 35 % :  mod = 1.980299493187917e-11,  Error =3.040021574918228e-06
Completed 36 % :  mod = 3.803110240137135e-11,  Error =3.1351862972428535e-06
Completed 37 % :  mod = 8.426605796242821e-11,  Error =3.228013902401017e-06
Completed 38 % :  mod = 1.9652418662462614e-10,  Error =3.308501561605226e-06
Completed 39 % :  mod = 2.915900685653515e-10,  Error =3.3628397630991458e-06
Completed 40 % :  mod = 1.3609040955141174e-10,  Error =3.4257968053452714e-06
Completed 41 % :  mod = 6.984714052546824e-11,  Error =3.5126335475865744e-06
Completed 42 % :  mod = 4.591706815770878e-11,  Error =3.6060442809571214e-06
Completed 43 % :  mod = 5.422228664979042e-11,  Error =3.699917968447153e-06
Completed 44 % :  mod = 1.1895410826018336e-10,  Error =3.789436370027488e-06
Completed 45 % :  mod = 2.620295322665344e-10,  Error =3.860653869480757e-06
Completed 46 % :  mod = 2.2722585566820683e-10,  Error =3.91128222787529e-06
Completed 47 % :  mod = 1.1151088196151546e-10,  Error =3.985489627211791e-06
Completed 48 % :  mod = 4.66240707351357e-11,  Error =4.076547760689664e-06
Completed 49 % :  mod = 2.3471792751188484e-11,  Error =4.171381725370793e-06
Completed 50 % :  mod = 2.4153113341672325e-11,  Error =4.266746969960877e-06
Completed 51 % :  mod = 4.810870114049321e-11,  Error =4.3615567335564265e-06
Completed 52 % :  mod = 1.0601738323755403e-10,  Error =4.452490330209002e-06
Completed 53 % :  mod = 2.452512182872969e-10,  Error =4.5256051137698705e-06
Completed 54 % :  mod = 2.543677426068057e-10,  Error =4.5771073757805425e-06
Completed 55 % :  mod = 1.0765501492689568e-10,  Error =4.6493437437789e-06
Completed 56 % :  mod = 5.0211462031194484e-11,  Error =4.739869623904269e-06
Completed 56 % :  mod = 3.1093465399486434e-11,  Error =4.834448496637833e-06
Completed 57 % :  mod = 3.5330711124582214e-11,  Error =4.929432314781934e-06
Completed 59 % :  mod = 7.36573178454292e-11,  Error =5.022747188832e-06
Completed 60 % :  mod = 1.8308211269262049e-10,  Error =5.106530394982656e-06
Completed 61 % :  mod = 2.764703550167011e-10,  Error =5.164730488615987e-06
Completed 62 % :  mod = 1.6228528982972546e-10,  Error =5.223279202937192e-06
Completed 63 % :  mod = 8.311920591263467e-11,  Error =5.30794899589182e-06
Completed 64 % :  mod = 4.2615124881437205e-11,  Error =5.400867415517041e-06
Completed 65 % :  mod = 4.920079728319832e-11,  Error =5.494851826881586e-06
Completed 66 % :  mod = 1.1704921693314967e-10,  Error =5.585502783844731e-06
Completed 67 % :  mod = 2.1995224976057003e-10,  Error =5.6610257175293555e-06
Completed 68 % :  mod = 2.563448657824065e-10,  Error =5.7111489155659e-06
Completed 69 % :  mod = 1.3479323065327036e-10,  Error =5.781001135574115e-06
Completed 70 % :  mod = 5.37446002274153e-11,  Error =5.869919107226451e-06
Completed 71 % :  mod = 3.986426092492974e-11,  Error =5.963843349832132e-06
Completed 72 % :  mod = 6.357747744900264e-11,  Error =6.057747988563733e-06
Completed 73 % :  mod = 1.1868580437444834e-10,  Error =6.146986976318658e-06
Completed 74 % :  mod = 2.575675121359118e-10,  Error =6.215680649290789e-06
Completed 75 % :  mod = 2.4078941966782686e-10,  Error =6.268351725680077e-06
Completed 76 % :  mod = 9.61768603346979e-11,  Error =6.343987770662807e-06
Completed 77 % :  mod = 5.1136659513975143e-11,  Error =6.435012025463038e-06
Completed 78 % :  mod = 5.028428246578063e-11,  Error =6.528977941400171e-06
Completed 79 % :  mod = 7.833253663608498e-11,  Error =6.6217037257843e-06
Completed 80 % :  mod = 1.683490410380786e-10,  Error =6.704758455100546e-06
Completed 81 % :  mod = 3.0484039523593316e-10,  Error =6.7625077093680375e-06
Completed 82 % :  mod = 1.553466903927884e-10,  Error =6.820462054690779e-06
Completed 83 % :  mod = 8.375099651701019e-11,  Error =6.9040621895055665e-06
Completed 84 % :  mod = 5.849667447210195e-11,  Error =6.996345732090958e-06
Completed 85 % :  mod = 6.774726980710214e-11,  Error =7.089112038727308e-06
Completed 86 % :  mod = 1.4611327084394458e-10,  Error =7.175152624938619e-06
Completed 87 % :  mod = 2.944291521411734e-10,  Error =7.238896664318872e-06
Completed 88 % :  mod = 1.839810465705387e-10,  Error =7.291870652181842e-06
Completed 89 % :  mod = 1.0002561637907296e-10,  Error =7.371385258636565e-06
Completed 90 % :  mod = 5.506459283122633e-11,  Error =7.462962727800004e-06
Completed 91 % :  mod = 5.2627441615715785e-11,  Error =7.556459308943886e-06
Completed 92 % :  mod = 1.1181760749699524e-10,  Error =7.646636916547322e-06
Completed 93 % :  mod = 2.4491575362973306e-10,  Error =7.720995490956284e-06
Completed 94 % :  mod = 2.4086014471311314e-10,  Error =7.771886657792493e-06
Completed 95 % :  mod = 1.2368639912037325e-10,  Error =7.842792520307285e-06
Completed 96 % :  mod = 5.222388721352135e-11,  Error =7.932774160224199e-06
Completed 97 % :  mod = 2.7161105964946714e-11,  Error =8.02731934612666e-06
Completed 98 % :  mod = 3.054670874746904e-11,  Error =8.122483130534874e-06
Completed 99 % :  mod = 6.180495538619872e-11,  Error =8.216687305662163e-06
Completed 100 % :  mod = 1.3249249884736041e-10,  Error =8.30480843916348e-06
Finished 106/201 frames
Finished all frames!
