/opt/local/miniconda_23_9/lib/python3.11/site-packages/conda/base/context.py:201: FutureWarning: Adding 'defaults' to channel list implicitly is deprecated and will be removed in 25.3. 

To remove this warning, please choose a default channel explicitly with conda's regular configuration system, e.g. by adding 'defaults' to the list of channels:

  conda config --add channels defaults

For more information see https://docs.conda.io/projects/conda/en/stable/user-guide/configuration/use-condarc.html

  deprecated.topic(
JOB 13482 ARRAY_ID 128  -> i=128 ; range=[1.9e-10, 6.0e-10] ; intervals=200 (frames=201)
Density options: centers='2.0e-10,4.0e-10' width='5e-11,5e-11' strength=''
Completed 0 % :  mod = 3.2123615202361634e-16,  Error =-1.4210854715202004e-14
Completed 1 % :  mod = 4.971527774893485e-16,  Error =1.276172270081588e-07
Completed 2 % :  mod = 1.2175749677876992e-15,  Error =2.552339353201205e-07
Completed 3 % :  mod = 3.2715436898235472e-15,  Error =3.8285030257156905e-07
Completed 4 % :  mod = 8.908664059353236e-15,  Error =5.104672808897703e-07
Completed 5 % :  mod = 2.4302980893910976e-14,  Error =6.380836765629283e-07
Completed 6 % :  mod = 6.631508869361885e-14,  Error =7.657002427663429e-07
Completed 7 % :  mod = 1.8095865892157154e-13,  Error =8.933165887015093e-07
Completed 8 % :  mod = 4.9379671095394e-13,  Error =1.020933396489454e-06
Completed 9 % :  mod = 1.3474619883878794e-12,  Error =1.1485487689810725e-06
Completed 10 % :  mod = 3.676878602344238e-12,  Error =1.2761607663946961e-06
Completed 11 % :  mod = 1.0032296841023632e-11,  Error =1.4037333571081945e-06
Completed 12 % :  mod = 2.7353322941653627e-11,  Error =1.5310230736531594e-06
Completed 13 % :  mod = 7.417399540424945e-11,  Error =1.6562496369942892e-06
Completed 14 % :  mod = 1.9212169774795795e-10,  Error =1.7685311419768368e-06
Completed 15 % :  mod = 3.278882952901407e-10,  Error =1.8426701942075852e-06
Completed 16 % :  mod = 1.4917730474023529e-10,  Error =1.923766674849503e-06
Completed 17 % :  mod = 7.073855330696806e-11,  Error =2.04019436012004e-06
Completed 18 % :  mod = 3.870321776235387e-11,  Error =2.1653759745277057e-06
Completed 19 % :  mod = 4.615729780535536e-11,  Error =2.2913230566246057e-06
Completed 20 % :  mod = 1.1625755282995281e-10,  Error =2.4128404589873753e-06
Completed 21 % :  mod = 2.723581737438964e-10,  Error =2.5116107096323503e-06
Completed 22 % :  mod = 2.606408921586281e-10,  Error =2.5769199822889277e-06
Completed 23 % :  mod = 1.1434272037169708e-10,  Error =2.676341267715543e-06
Completed 24 % :  mod = 4.08647574893867e-11,  Error =2.798565745365522e-06
Completed 25 % :  mod = 2.03223107959033e-11,  Error =2.9252855071604245e-06
Completed 26 % :  mod = 2.0635529412138336e-11,  Error =3.05255760935097e-06
Completed 27 % :  mod = 3.950900990187284e-11,  Error =3.1793649313272e-06
Completed 28 % :  mod = 1.0202282933092619e-10,  Error =3.302222893353246e-06
Completed 28 % :  mod = 2.5970308294784114e-10,  Error =3.403637443000207e-06
Completed 30 % :  mod = 2.828643421389723e-10,  Error =3.470181212605894e-06
Completed 31 % :  mod = 1.127559618491504e-10,  Error =3.5668216540329922e-06
Completed 32 % :  mod = 4.585240151110341e-11,  Error =3.688475089802523e-06
Completed 33 % :  mod = 2.4303407315611246e-11,  Error =3.815005079843559e-06
Completed 34 % :  mod = 2.6668510954426067e-11,  Error =3.942062470230212e-06
Completed 35 % :  mod = 5.780266540825719e-11,  Error =4.067975496013787e-06
Completed 36 % :  mod = 1.5972701296946543e-10,  Error =4.1854774437410924e-06
Completed 37 % :  mod = 3.072669890384091e-10,  Error =4.27073454289939e-06
Completed 38 % :  mod = 1.9558515697509593e-10,  Error =4.341328448731474e-06
Completed 39 % :  mod = 1.0059478093912064e-10,  Error =4.451043295716772e-06
Completed 40 % :  mod = 5.576852989894983e-11,  Error =4.573745762570525e-06
Completed 41 % :  mod = 7.76595187983889e-11,  Error =4.696841692464204e-06
Completed 42 % :  mod = 2.154405726745092e-10,  Error =4.8070667943989065e-06
Completed 43 % :  mod = 3.0887980779830976e-10,  Error =4.883707291014616e-06
Completed 44 % :  mod = 1.4645152155002893e-10,  Error =4.963499058874277e-06
Completed 45 % :  mod = 1.056689922619547e-10,  Error =5.077097405603581e-06
Completed 46 % :  mod = 1.0256837196015508e-10,  Error =5.197044515625748e-06
Completed 47 % :  mod = 1.5847401583275454e-10,  Error =5.307329544734785e-06
Completed 48 % :  mod = 3.4495075660541114e-10,  Error =5.381592131925572e-06
Completed 49 % :  mod = 1.7484518104085492e-10,  Error =5.460892623432301e-06
Completed 50 % :  mod = 7.695580322609136e-11,  Error =5.573092920485578e-06
Completed 51 % :  mod = 7.525385848196368e-11,  Error =5.695857431931017e-06
Completed 52 % :  mod = 1.209957748771556e-10,  Error =5.816122701673976e-06
Completed 53 % :  mod = 2.2761999404911521e-10,  Error =5.915696121405745e-06
Completed 54 % :  mod = 2.9885706661213355e-10,  Error =5.982156288553142e-06
Completed 55 % :  mod = 1.3614364732429306e-10,  Error =6.07646038730536e-06
Completed 56 % :  mod = 8.148814295649673e-11,  Error =6.192496925905289e-06
Completed 56 % :  mod = 1.4052670857188596e-10,  Error =6.308942467114775e-06
Completed 57 % :  mod = 2.832225621849029e-10,  Error =6.404959961514578e-06
Completed 59 % :  mod = 2.3756369612053006e-10,  Error =6.471016128273277e-06
Completed 60 % :  mod = 1.2552143208341677e-10,  Error =6.569175816650841e-06
Completed 61 % :  mod = 7.142567146168426e-11,  Error =6.689058416498028e-06
Completed 62 % :  mod = 7.708538491628995e-11,  Error =6.811912896864669e-06
Completed 63 % :  mod = 1.7288448210303777e-10,  Error =6.925061526885656e-06
Completed 64 % :  mod = 3.3759890314011317e-10,  Error =7.0062526518199775e-06
Completed 65 % :  mod = 1.6640046017362526e-10,  Error =7.078773116120374e-06
Completed 66 % :  mod = 1.0342587024173147e-10,  Error =7.188149602654903e-06
Completed 67 % :  mod = 1.0196289804082522e-10,  Error =7.308173380238259e-06
Completed 68 % :  mod = 1.394344181774484e-10,  Error =7.4228261794928585e-06
Completed 69 % :  mod = 3.077385460059766e-10,  Error =7.505135833696386e-06
Completed 70 % :  mod = 2.2799558521919957e-10,  Error =7.580036843535254e-06
Completed 71 % :  mod = 7.83191162557772e-11,  Error =7.68855011301639e-06
Completed 72 % :  mod = 5.595267438846798e-11,  Error =7.811284959302611e-06
Completed 73 % :  mod = 1.027286727865868e-10,  Error =7.934016174715453e-06
Completed 74 % :  mod = 1.8809299747767603e-10,  Error =8.044345726432311e-06
Completed 75 % :  mod = 3.117244539304339e-10,  Error =8.115617156079225e-06
Completed 76 % :  mod = 1.643828041209843e-10,  Error =8.199763563254692e-06
Completed 77 % :  mod = 5.6416618990632584e-11,  Error =8.316704260380448e-06
Completed 78 % :  mod = 2.920045873758057e-11,  Error =8.442482737791579e-06
Completed 79 % :  mod = 2.9932216509542954e-11,  Error =8.569439096106635e-06
Completed 80 % :  mod = 5.048658494313566e-11,  Error =8.69565995742505e-06
Completed 81 % :  mod = 1.2814771861511333e-10,  Error =8.815492940073e-06
Completed 82 % :  mod = 3.0856905426373194e-10,  Error =8.906265726693618e-06
Completed 83 % :  mod = 2.236670437322974e-10,  Error =8.97381100628536e-06
Completed 84 % :  mod = 9.785589411194295e-11,  Error =9.080143648532157e-06
Completed 85 % :  mod = 3.615398836751451e-11,  Error =9.203918054367932e-06
Completed 86 % :  mod = 1.8380558868235155e-11,  Error =9.33078774068008e-06
Completed 87 % :  mod = 2.8646945752247807e-11,  Error =9.457878846319545e-06
Completed 88 % :  mod = 6.595015300659402e-11,  Error =9.583545796942872e-06
Completed 89 % :  mod = 1.6308869040701594e-10,  Error =9.699352922609705e-06
Completed 90 % :  mod = 3.3197338934011516e-10,  Error =9.7800227223388e-06
Completed 91 % :  mod = 1.7431016133474534e-10,  Error =9.8537598134385e-06
Completed 92 % :  mod = 8.29976568656482e-11,  Error =9.966247681347795e-06
Completed 93 % :  mod = 4.5718596766959294e-11,  Error =1.0090500687454096e-05
Completed 94 % :  mod = 5.1649636709091785e-11,  Error =1.0216027703791042e-05
Completed 95 % :  mod = 1.252973770209482e-10,  Error =1.0336491783391466e-05
Completed 96 % :  mod = 2.8290491921931265e-10,  Error =1.0432569602869535e-05
Completed 97 % :  mod = 2.433835373125948e-10,  Error =1.0497580177570853e-05
Completed 98 % :  mod = 1.1482665215780596e-10,  Error =1.0599207591610593e-05
Completed 99 % :  mod = 4.666323575750105e-11,  Error =1.072137103363957e-05
Completed 100 % :  mod = 3.491196785412622e-11,  Error =1.0847456103135755e-05
Finished 129/201 frames
Finished all frames!
