/opt/local/miniconda_23_9/lib/python3.11/site-packages/conda/base/context.py:201: FutureWarning: Adding 'defaults' to channel list implicitly is deprecated and will be removed in 25.3. 

To remove this warning, please choose a default channel explicitly with conda's regular configuration system, e.g. by adding 'defaults' to the list of channels:

  conda config --add channels defaults

For more information see https://docs.conda.io/projects/conda/en/stable/user-guide/configuration/use-condarc.html

  deprecated.topic(
JOB 13969 ARRAY_ID 98  -> i=98 ; range=[1.9e-10, 5.0e-10] ; intervals=200 (frames=201)
Analytic t0 extension enabled (--extend-time-using-t0).
Density options: centers='2.0e-10,4.0e-10' width='2.0e-11,5.0e-11' strength='7.0'
Completed 0 % :  mod = 2.991471724379934e-16,  Error =-1.4210854715202004e-14
Completed 1 % :  mod = 4.3893176881948927e-16,  Error =9.597331995792047e-08
Completed 2 % :  mod = 9.889218164610808e-16,  Error =1.9194589384596838e-07
Completed 3 % :  mod = 2.463112733376157e-15,  Error =2.8791904327363227e-07
Completed 4 % :  mod = 6.2392155883306485e-15,  Error =3.838924840238178e-07
Completed 5 % :  mod = 1.5846202556482468e-14,  Error =4.798655268700713e-07
Completed 6 % :  mod = 4.026232210293178e-14,  Error =5.758385981380343e-07
Completed 7 % :  mod = 1.0230575599196041e-13,  Error =6.718119109905274e-07
Completed 8 % :  mod = 2.599594209261994e-13,  Error =7.677856217469525e-07
Completed 9 % :  mod = 6.60558764093615e-13,  Error =8.637587498583343e-07
Completed 10 % :  mod = 1.6784785542331387e-12,  Error =9.59731217164972e-07
Completed 11 % :  mod = 4.264905440127373e-12,  Error =1.055696543517115e-06
Completed 12 % :  mod = 1.0835117446580418e-11,  Error =1.1516225342234065e-06
Completed 13 % :  mod = 2.7498489154627052e-11,  Error =1.247293774042646e-06
Completed 14 % :  mod = 6.931819521752973e-11,  Error =1.3413603170420174e-06
Completed 15 % :  mod = 1.667796006164673e-10,  Error =1.4265615888575667e-06
Completed 16 % :  mod = 2.8849719910057914e-10,  Error =1.485729015371362e-06
Completed 17 % :  mod = 1.6802209086009786e-10,  Error =1.5429782891374089e-06
Completed 18 % :  mod = 7.883190556307273e-11,  Error =1.6272400884531635e-06
Completed 19 % :  mod = 3.336744899821456e-11,  Error =1.7208092231157934e-06
Completed 20 % :  mod = 2.388964494167299e-11,  Error =1.8161062271815354e-06
Completed 21 % :  mod = 3.9790552213825963e-11,  Error =1.9112993783210186e-06
Completed 22 % :  mod = 8.5991694637606e-11,  Error =2.004215367890083e-06
Completed 23 % :  mod = 1.8981867043481808e-10,  Error =2.085080545555229e-06
Completed 24 % :  mod = 2.9568756378825914e-10,  Error =2.1393677513970033e-06
Completed 25 % :  mod = 1.3956166922408791e-10,  Error =2.2021246621761748e-06
Completed 26 % :  mod = 6.911526612400286e-11,  Error =2.2888079271865536e-06
Completed 27 % :  mod = 4.623934378848658e-11,  Error =2.38235553240429e-06
Completed 28 % :  mod = 5.4023047107785556e-11,  Error =2.4764357107187607e-06
Completed 28 % :  mod = 1.1286711824382425e-10,  Error =2.5664345173481706e-06
Completed 30 % :  mod = 2.610179684218295e-10,  Error =2.638392132325862e-06
Completed 31 % :  mod = 2.3369354169191574e-10,  Error =2.6895585278907674e-06
Completed 32 % :  mod = 1.095493640045825e-10,  Error =2.763146660811344e-06
Completed 33 % :  mod = 4.791899459614938e-11,  Error =2.854297051158028e-06
Completed 34 % :  mod = 2.2170851630197004e-11,  Error =2.9493178033135337e-06
Completed 35 % :  mod = 1.9423054830912685e-11,  Error =3.044939823837467e-06
Completed 36 % :  mod = 3.7502871789716914e-11,  Error =3.1402825158011183e-06
Completed 37 % :  mod = 8.316052436904929e-11,  Error =3.233336222763228e-06
Completed 38 % :  mod = 1.9541644080929583e-10,  Error =3.314229857664941e-06
Completed 39 % :  mod = 2.9195855087191014e-10,  Error =3.368896152267098e-06
Completed 40 % :  mod = 1.3724696817309972e-10,  Error =3.431600617886943e-06
Completed 41 % :  mod = 7.066368087729845e-11,  Error =3.5184584561420706e-06
Completed 42 % :  mod = 4.5521958412594815e-11,  Error =3.6120129891514807e-06
Completed 43 % :  mod = 5.3106337877601235e-11,  Error =3.706088548938169e-06
Completed 44 % :  mod = 1.173347448846083e-10,  Error =3.7959815557542242e-06
Completed 45 % :  mod = 2.5825016328572807e-10,  Error =3.8680112766087404e-06
Completed 46 % :  mod = 2.3079545489412687e-10,  Error =3.918644168265928e-06
Completed 47 % :  mod = 1.1371851194470625e-10,  Error =3.992372057837201e-06
Completed 48 % :  mod = 4.7077320041245046e-11,  Error =4.083416555999975e-06
Completed 49 % :  mod = 2.321414792559175e-11,  Error =4.178394952703002e-06
Completed 50 % :  mod = 2.2839968428014866e-11,  Error =4.2739495640375935e-06
Completed 51 % :  mod = 4.4076103129872885e-11,  Error =4.369060057740626e-06
Completed 52 % :  mod = 9.738605627526426e-11,  Error =4.4608974647530886e-06
Completed 53 % :  mod = 2.3126037025919278e-10,  Error =4.536840251034846e-06
Completed 54 % :  mod = 2.678395839184789e-10,  Error =4.5889275668287155e-06
Completed 55 % :  mod = 1.1608280605079438e-10,  Error =4.658233578425097e-06
Completed 56 % :  mod = 5.690525113194052e-11,  Error =4.7478797426947494e-06
Completed 56 % :  mod = 3.603886649400174e-11,  Error =4.842271074778637e-06
Completed 57 % :  mod = 4.2555350473358316e-11,  Error =4.937048394992871e-06
Completed 59 % :  mod = 9.311290330341639e-11,  Error =5.029170509374126e-06
Completed 60 % :  mod = 2.1952866423770448e-10,  Error =5.107910311608066e-06
Completed 61 % :  mod = 2.6516796189940215e-10,  Error =5.160783864255336e-06
Completed 62 % :  mod = 1.329562036491372e-10,  Error =5.227127026330436e-06
Completed 63 % :  mod = 6.024656816099975e-11,  Error =5.3158833139832495e-06
Completed 64 % :  mod = 2.701404517412154e-11,  Error =5.410396347826918e-06
Completed 65 % :  mod = 2.2605085116580573e-11,  Error =5.50586275949172e-06
Completed 66 % :  mod = 4.310667880338002e-11,  Error =5.600999486432556e-06
Completed 67 % :  mod = 9.44166818648068e-11,  Error =5.693254728100783e-06
Completed 68 % :  mod = 2.1183156446695047e-10,  Error =5.771028554590885e-06
Completed 69 % :  mod = 2.839453441326498e-10,  Error =5.823623759226848e-06
Completed 70 % :  mod = 1.2460693568044947e-10,  Error =5.89038059217728e-06
Completed 71 % :  mod = 6.342841244544182e-11,  Error =5.97863869700177e-06
Completed 72 % :  mod = 5.0619063523931506e-11,  Error =6.072258834421973e-06
Completed 73 % :  mod = 6.814897431182264e-11,  Error =6.165603565477795e-06
Completed 74 % :  mod = 1.4432075860355963e-10,  Error =6.251951454316895e-06
Completed 75 % :  mod = 2.9682248464949154e-10,  Error =6.315076674923148e-06
Completed 76 % :  mod = 1.8370428600476384e-10,  Error =6.368722381466796e-06
Completed 77 % :  mod = 9.300185789023139e-11,  Error =6.4491885893858125e-06
Completed 78 % :  mod = 4.848317851656109e-11,  Error =6.5415321017781025e-06
Completed 79 % :  mod = 4.0433313584133263e-11,  Error =6.635984732383804e-06
Completed 80 % :  mod = 7.718369362663622e-11,  Error =6.729033493968473e-06
Completed 81 % :  mod = 1.856056918787876e-10,  Error =6.812717650461764e-06
Completed 82 % :  mod = 2.696310386927098e-10,  Error =6.871007229847237e-06
Completed 83 % :  mod = 1.6652109998576474e-10,  Error =6.929884129647235e-06
Completed 84 % :  mod = 8.46234985104134e-11,  Error =7.014515148284772e-06
Completed 85 % :  mod = 4.5639663145566135e-11,  Error =7.107311027709784e-06
Completed 86 % :  mod = 5.9727778108937e-11,  Error =7.200851797506402e-06
Completed 87 % :  mod = 1.440857920940216e-10,  Error =7.289324543080511e-06
Completed 88 % :  mod = 2.4338826017095365e-10,  Error =7.358592810646769e-06
Completed 89 % :  mod = 2.2418962902921043e-10,  Error =7.409215520226553e-06
Completed 90 % :  mod = 1.2389961121430453e-10,  Error =7.48480940870877e-06
Completed 91 % :  mod = 6.145151521006775e-11,  Error =7.574324385473119e-06
Completed 92 % :  mod = 7.667156970698044e-11,  Error =7.666011363482994e-06
Completed 93 % :  mod = 1.7758916489984777e-10,  Error =7.750831940711578e-06
Completed 94 % :  mod = 2.524702837237674e-10,  Error =7.814241904213759e-06
Completed 95 % :  mod = 1.8967818281852268e-10,  Error =7.868411408651355e-06
Completed 96 % :  mod = 1.2212568697512768e-10,  Error =7.947858101431393e-06
Completed 97 % :  mod = 8.031165309559297e-11,  Error =8.036636657493545e-06
Completed 98 % :  mod = 1.2004026647478732e-10,  Error =8.123127827275312e-06
Completed 99 % :  mod = 2.8220070719934127e-10,  Error =8.192019130603967e-06
Completed 100 % :  mod = 2.1651420579630892e-10,  Error =8.245062034006878e-06
Finished 99/201 frames
Finished all frames!
