/opt/local/miniconda_23_9/lib/python3.11/site-packages/conda/base/context.py:201: FutureWarning: Adding 'defaults' to channel list implicitly is deprecated and will be removed in 25.3. 

To remove this warning, please choose a default channel explicitly with conda's regular configuration system, e.g. by adding 'defaults' to the list of channels:

  conda config --add channels defaults

For more information see https://docs.conda.io/projects/conda/en/stable/user-guide/configuration/use-condarc.html

  deprecated.topic(
JOB 13527 ARRAY_ID 173  -> i=173 ; range=[1.9e-10, 6.0e-10] ; intervals=200 (frames=201)
Density options: centers='2.0e-10,4.0e-10' width='5e-11,5e-11' strength=''
Completed 0 % :  mod = 3.737137214457198e-16,  Error =-1.4210854715202004e-14
Completed 1 % :  mod = 6.52349139173317e-16,  Error =2.3375788771318184e-07
Completed 2 % :  mod = 1.90374824878308e-15,  Error =4.6751477356110627e-07
Completed 3 % :  mod = 5.993960402227076e-15,  Error =7.012726470634334e-07
Completed 4 % :  mod = 1.9022188929532994e-14,  Error =9.350298384447342e-07
Completed 5 % :  mod = 6.041574284622564e-14,  Error =1.1687869019283426e-06
Completed 6 % :  mod = 1.9189946406261093e-13,  Error =1.4025452159671659e-06
Completed 7 % :  mod = 6.095379250237191e-13,  Error =1.6363034518462882e-06
Completed 8 % :  mod = 1.9360990926785037e-12,  Error =1.8700588029219034e-06
Completed 9 % :  mod = 6.149642188149532e-12,  Error =2.103796717278783e-06
Completed 10 % :  mod = 1.9531037617226127e-11,  Error =2.337350508696545e-06
Completed 11 % :  mod = 6.195946432334223e-11,  Error =2.5690661971111695e-06
Completed 12 % :  mod = 1.9345333294969126e-10,  Error =2.7842370329267396e-06
Completed 13 % :  mod = 4.259843664475782e-10,  Error =2.9255214784029704e-06
Completed 14 % :  mod = 1.5209028570707085e-10,  Error =3.0710739622463734e-06
Completed 15 % :  mod = 8.69870988726453e-11,  Error =3.286663087465058e-06
Completed 16 % :  mod = 1.0211040000536085e-10,  Error =3.5121476997801437e-06
Completed 17 % :  mod = 1.9617804799445484e-10,  Error =3.719364570997641e-06
Completed 18 % :  mod = 4.1667160200151607e-10,  Error =3.845389493051243e-06
Completed 19 % :  mod = 1.5474820811610939e-10,  Error =4.0052962333447795e-06
Completed 20 % :  mod = 5.67199146596943e-11,  Error =4.225359887755076e-06
Completed 21 % :  mod = 4.867225429668205e-11,  Error =4.456084653270409e-06
Completed 22 % :  mod = 1.010802553680103e-10,  Error =4.683893074286516e-06
Completed 23 % :  mod = 2.5604068836423964e-10,  Error =4.880936053552887e-06
Completed 24 % :  mod = 3.820062877267491e-10,  Error =4.999005341232987e-06
Completed 25 % :  mod = 1.3958164696159165e-10,  Error =5.174096784799076e-06
Completed 26 % :  mod = 8.330431903543764e-11,  Error =5.391296646450883e-06
Completed 27 % :  mod = 2.0306180964886485e-10,  Error =5.600841916475474e-06
Completed 28 % :  mod = 4.2772116097677524e-10,  Error =5.752222897115189e-06
Completed 28 % :  mod = 1.7479097224583099e-10,  Error =5.882569872994736e-06
Completed 30 % :  mod = 1.3228973937032266e-10,  Error =6.082270914475885e-06
Completed 31 % :  mod = 2.4708962924069165e-10,  Error =6.284178191151568e-06
Completed 32 % :  mod = 3.4423310383183376e-10,  Error =6.4365914127506585e-06
Completed 33 % :  mod = 1.7285075514222123e-10,  Error =6.572407606597608e-06
Completed 34 % :  mod = 2.3688937039060056e-10,  Error =6.763302167200891e-06
Completed 35 % :  mod = 3.1133628410482905e-10,  Error =6.938778156495573e-06
Completed 36 % :  mod = 2.8025002861311897e-10,  Error =7.060410901260639e-06
Completed 37 % :  mod = 1.6683181396331879e-10,  Error =7.235751780854116e-06
Completed 38 % :  mod = 1.4529783779853118e-10,  Error =7.443807128026947e-06
Completed 39 % :  mod = 2.852768089957855e-10,  Error =7.627247384789371e-06
Completed 40 % :  mod = 2.9106636393107435e-10,  Error =7.741428845520204e-06
Completed 41 % :  mod = 2.0877731154127384e-10,  Error =7.917421889658272e-06
Completed 42 % :  mod = 1.4281219916244295e-10,  Error =8.126443702849429e-06
Completed 43 % :  mod = 2.1004015888258127e-10,  Error =8.315597874286595e-06
Completed 44 % :  mod = 4.383886429116465e-10,  Error =8.438888187356497e-06
Completed 45 % :  mod = 1.4959553144494404e-10,  Error =8.600874814135295e-06
Completed 46 % :  mod = 1.4098335095607654e-10,  Error =8.798110023633399e-06
Completed 47 % :  mod = 3.6028780110592334e-10,  Error =8.964873288164199e-06
Completed 48 % :  mod = 3.246716478452644e-10,  Error =9.096947998443738e-06
Completed 49 % :  mod = 1.747469149900042e-10,  Error =9.275239811756819e-06
Completed 50 % :  mod = 1.6844406454475505e-10,  Error =9.471626576385006e-06
Completed 51 % :  mod = 4.5816363251957854e-10,  Error =9.614753260223097e-06
Completed 52 % :  mod = 1.917460955578183e-10,  Error =9.750936364127938e-06
Completed 53 % :  mod = 1.1276889731935318e-10,  Error =9.94695972167392e-06
Completed 54 % :  mod = 2.4829966573552044e-10,  Error =1.0149605593312572e-05
Completed 55 % :  mod = 3.664836644808978e-10,  Error =1.0297355132138364e-05
Completed 56 % :  mod = 2.4035761924232937e-10,  Error =1.0427396787804355e-05
Completed 56 % :  mod = 1.2461864497387835e-10,  Error =1.0621806310950888e-05
Completed 57 % :  mod = 2.3330876224729117e-10,  Error =1.0817143319741263e-05
Completed 59 % :  mod = 3.8441203652393013e-10,  Error =1.0955494261111198e-05
Completed 60 % :  mod = 1.6379121812119652e-10,  Error =1.1098423868816099e-05
Completed 61 % :  mod = 2.372714964212611e-10,  Error =1.1294183664745105e-05
Completed 62 % :  mod = 2.853672543738494e-10,  Error =1.1470007784453173e-05
Completed 63 % :  mod = 3.4720184872900966e-10,  Error =1.1590532054128744e-05
Completed 64 % :  mod = 1.4534840187744287e-10,  Error =1.1761811983035386e-05
Completed 65 % :  mod = 1.3616198973143932e-10,  Error =1.1964831074351423e-05
Completed 66 % :  mod = 3.699995821208802e-10,  Error =1.2136559647046852e-05
Completed 67 % :  mod = 2.531787672961102e-10,  Error =1.2253769973824546e-05
Completed 68 % :  mod = 2.2141758632989068e-10,  Error =1.2432605437595612e-05
Completed 69 % :  mod = 1.7585290276149125e-10,  Error =1.263358628733613e-05
Completed 70 % :  mod = 3.21660042099628e-10,  Error =1.2792866357358434e-05
Completed 71 % :  mod = 2.941947564883446e-10,  Error =1.2918179827181575e-05
Completed 72 % :  mod = 1.3760044367728675e-10,  Error =1.3103335483322098e-05
Completed 73 % :  mod = 2.48449386888797e-10,  Error =1.3294665116347915e-05
Completed 74 % :  mod = 3.3786498888964714e-10,  Error =1.3429533922248993e-05
Completed 75 % :  mod = 2.4996180568179774e-10,  Error =1.357431013104815e-05
Completed 76 % :  mod = 1.7323498292150327e-10,  Error =1.3770820615377488e-05
Completed 77 % :  mod = 2.0659802549277453e-10,  Error =1.395935503722967e-05
Completed 78 % :  mod = 4.2865082958821123e-10,  Error =1.4083725972113825e-05
Completed 79 % :  mod = 1.5961980357077787e-10,  Error =1.423987819038075e-05
Completed 80 % :  mod = 1.7291016150012582e-10,  Error =1.4439753641681818e-05
Completed 81 % :  mod = 3.1713247140164727e-10,  Error =1.4618101261021366e-05
Completed 82 % :  mod = 3.488501490862137e-10,  Error =1.4741140432761313e-05
Completed 83 % :  mod = 1.9357872217372472e-10,  Error =1.4907866351165922e-05
Completed 84 % :  mod = 1.6472442901704402e-10,  Error =1.5105637807266703e-05
Completed 85 % :  mod = 4.1310859020050926e-10,  Error =1.5264645462309545e-05
Completed 86 % :  mod = 2.3263158050283623e-10,  Error =1.5389621118799823e-05
Completed 87 % :  mod = 1.6825267168162987e-10,  Error =1.5574518720029573e-05
Completed 88 % :  mod = 2.365447350790741e-10,  Error =1.5771300517997133e-05
Completed 89 % :  mod = 3.513431432170523e-10,  Error =1.5914340018241546e-05
Completed 90 % :  mod = 2.6521642693505084e-10,  Error =1.6048739944096724e-05
Completed 91 % :  mod = 1.3635426010526846e-10,  Error =1.6242721756043466e-05
Completed 92 % :  mod = 2.4332656810278563e-10,  Error =1.643508515769554e-05
Completed 93 % :  mod = 3.811934374609524e-10,  Error =1.6567336381001496e-05
Completed 94 % :  mod = 1.840844223527798e-10,  Error =1.6713515712751814e-05
Completed 95 % :  mod = 2.1371467618687e-10,  Error =1.6910642017364808e-05
Completed 96 % :  mod = 2.5683505368164803e-10,  Error =1.708981310599711e-05
Completed 97 % :  mod = 3.9728954498858265e-10,  Error =1.7212662704935155e-05
Completed 98 % :  mod = 1.4890213995225254e-10,  Error =1.7378825681646504e-05
Completed 99 % :  mod = 1.492282793442289e-10,  Error =1.7577010687830352e-05
Completed 100 % :  mod = 3.98322490496533e-10,  Error =1.7740829811430103e-05
Finished 174/201 frames
Finished all frames!
