/opt/local/miniconda_23_9/lib/python3.11/site-packages/conda/base/context.py:201: FutureWarning: Adding 'defaults' to channel list implicitly is deprecated and will be removed in 25.3. 

To remove this warning, please choose a default channel explicitly with conda's regular configuration system, e.g. by adding 'defaults' to the list of channels:

  conda config --add channels defaults

For more information see https://docs.conda.io/projects/conda/en/stable/user-guide/configuration/use-condarc.html

  deprecated.topic(
JOB 13921 ARRAY_ID 50  -> i=50 ; range=[1.9e-10, 5.0e-10] ; intervals=200 (frames=201)
Analytic t0 extension enabled (--extend-time-using-t0).
Density options: centers='2.0e-10,4.0e-10' width='2.0e-11,5.0e-11' strength='7.0'
Completed 0 % :  mod = 2.3077029384146344e-16,  Error =-1.4210854715202004e-14
Completed 1 % :  mod = 2.8371600034097698e-16,  Error =3.3988243330895784e-08
Completed 2 % :  mod = 4.668478236778081e-16,  Error =6.7976515083501e-08
Completed 3 % :  mod = 8.641977583935105e-16,  Error =1.019651421074741e-07
Completed 4 % :  mod = 1.6580940689057175e-15,  Error =1.359536980771736e-07
Completed 5 % :  mod = 3.2128245571247116e-15,  Error =1.6994256668567687e-07
Completed 6 % :  mod = 6.2417939280843595e-15,  Error =2.0393149924302634e-07
Completed 7 % :  mod = 1.213487714173929e-14,  Error =2.379199131041787e-07
Completed 8 % :  mod = 2.3596178364437016e-14,  Error =2.71908405125032e-07
Completed 9 % :  mod = 4.588483780827237e-14,  Error =3.0589669108849193e-07
Completed 10 % :  mod = 8.922824237026881e-14,  Error =3.3988543179930275e-07
Completed 11 % :  mod = 1.7351495620022211e-13,  Error =3.738729645874628e-07
Completed 12 % :  mod = 3.3742068878017023e-13,  Error =4.0786166266570945e-07
Completed 13 % :  mod = 6.561542319173171e-13,  Error =4.418500125780156e-07
Completed 14 % :  mod = 1.2759617444524788e-12,  Error =4.7583819196006516e-07
Completed 15 % :  mod = 2.4811887024539915e-12,  Error =5.098253410551479e-07
Completed 16 % :  mod = 4.8244264578741425e-12,  Error =5.43807253450268e-07
Completed 17 % :  mod = 9.37766089771414e-12,  Error =5.777707769993867e-07
Completed 18 % :  mod = 1.8206447625848734e-11,  Error =6.116630686392455e-07
Completed 19 % :  mod = 3.518835559687003e-11,  Error =6.45291507339607e-07
Completed 20 % :  mod = 6.68667853602159e-11,  Error =6.779768710885037e-07
Completed 21 % :  mod = 1.1935760963262737e-10,  Error =7.077107753161727e-07
Completed 22 % :  mod = 1.7298292724755866e-10,  Error =7.315259367146609e-07
Completed 23 % :  mod = 1.5822638082794832e-10,  Error =7.524593996777185e-07
Completed 24 % :  mod = 9.876676419845115e-11,  Error =7.785428763895652e-07
Completed 25 % :  mod = 5.339268331658305e-11,  Error =8.096592054585017e-07
Completed 26 % :  mod = 2.8083117785733052e-11,  Error =8.428120921166737e-07
Completed 27 % :  mod = 1.4491140362621329e-11,  Error =8.76573075458964e-07
Completed 28 % :  mod = 7.567247153533123e-12,  Error =9.10499487360994e-07
Completed 28 % :  mod = 4.1403990029630925e-12,  Error =9.444714166306767e-07
Completed 30 % :  mod = 2.5519493495217695e-12,  Error =9.784548780089608e-07
Completed 31 % :  mod = 2.1587266605422575e-12,  Error =1.0124403786448966e-06
Completed 32 % :  mod = 2.7699636175728823e-12,  Error =1.0464260853382257e-06
Completed 33 % :  mod = 4.616616444851727e-12,  Error =1.0804069319192422e-06
Completed 34 % :  mod = 8.589864618721216e-12,  Error =1.1143736244889624e-06
Completed 35 % :  mod = 1.6576858046043915e-11,  Error =1.1482823509822992e-06
Completed 36 % :  mod = 3.175589261237637e-11,  Error =1.1819760672437951e-06
Completed 37 % :  mod = 6.075006664788854e-11,  Error =1.2148878028028776e-06
Completed 38 % :  mod = 1.1033956872930944e-10,  Error =1.2452831654741203e-06
Completed 39 % :  mod = 1.667991884925536e-10,  Error =1.2700808298404809e-06
Completed 40 % :  mod = 1.6633765756610313e-10,  Error =1.2908564031022252e-06
Completed 41 % :  mod = 1.074132433957675e-10,  Error =1.315941489110628e-06
Completed 42 % :  mod = 5.887964119757933e-11,  Error =1.346498734733359e-06
Completed 43 % :  mod = 3.131567061346299e-11,  Error =1.3794661981592071e-06
Completed 44 % :  mod = 1.6187489667690848e-11,  Error =1.413170963360244e-06
Completed 45 % :  mod = 8.775647048219016e-12,  Error =1.447080386185462e-06
Completed 46 % :  mod = 5.346593533001095e-12,  Error =1.481043518936076e-06
Completed 47 % :  mod = 4.250519335143244e-12,  Error =1.5150203367397808e-06
Completed 48 % :  mod = 5.1727499970346005e-12,  Error =1.5489978224536571e-06
Completed 49 % :  mod = 8.5419792535431e-12,  Error =1.5829623976060248e-06
Completed 50 % :  mod = 1.5557182318832254e-11,  Error =1.616877192134325e-06
Completed 51 % :  mod = 2.985683002087295e-11,  Error =1.6506038420516234e-06
Completed 52 % :  mod = 5.7226932778439905e-11,  Error =1.6836473832881893e-06
Completed 53 % :  mod = 1.032112905436002e-10,  Error =1.7144429520499216e-06
Completed 54 % :  mod = 1.6326944126102452e-10,  Error =1.7399061036371677e-06
Completed 55 % :  mod = 1.7047295367903678e-10,  Error =1.7607495266247497e-06
Completed 56 % :  mod = 1.1280469321789364e-10,  Error =1.7851353817377458e-06
Completed 56 % :  mod = 6.361606065828094e-11,  Error =1.815280533890018e-06
Completed 57 % :  mod = 3.328350396016212e-11,  Error =1.8481021015759325e-06
Completed 59 % :  mod = 1.7377230842608836e-11,  Error =1.8817644118485077e-06
Completed 60 % :  mod = 9.595252878542606e-12,  Error =1.9156596806624293e-06
Completed 61 % :  mod = 5.861659050569507e-12,  Error =1.9496183440992354e-06
Completed 62 % :  mod = 4.916510625159619e-12,  Error =1.983592454735117e-06
Completed 63 % :  mod = 6.3172797633542936e-12,  Error =2.0175657553522797e-06
Completed 64 % :  mod = 1.044625663160452e-11,  Error =2.0515186704983535e-06
Completed 65 % :  mod = 1.9316703865080588e-11,  Error =2.085394847028965e-06
Completed 66 % :  mod = 3.7384053956068805e-11,  Error =2.1189805607946255e-06
Completed 67 % :  mod = 6.961314246143014e-11,  Error =2.1515389292403597e-06
Completed 68 % :  mod = 1.2370305823459834e-10,  Error =2.180921740091435e-06
Completed 69 % :  mod = 1.7592045481347254e-10,  Error =2.2043157343887287e-06
Completed 70 % :  mod = 1.5307644065252382e-10,  Error =2.2253943114947106e-06
Completed 71 % :  mod = 9.547761577125761e-11,  Error =2.251932102126375e-06
Completed 72 % :  mod = 5.1189994164641037e-11,  Error =2.2832737940348125e-06
Completed 73 % :  mod = 2.6773671830194194e-11,  Error =2.316492718534846e-06
Completed 74 % :  mod = 1.4303336571580826e-11,  Error =2.3502696819832636e-06
Completed 75 % :  mod = 7.844376776314939e-12,  Error =2.3841957172976436e-06
Completed 76 % :  mod = 5.184954710879308e-12,  Error =2.41816209722856e-06
Completed 77 % :  mod = 4.923995102343677e-12,  Error =2.452137188413417e-06
Completed 78 % :  mod = 6.790749509595185e-12,  Error =2.4861086558303214e-06
Completed 79 % :  mod = 1.181840267366557e-11,  Error =2.5200530586744208e-06
Completed 80 % :  mod = 2.2483876730141002e-11,  Error =2.553893601486834e-06
Completed 81 % :  mod = 4.232010777775725e-11,  Error =2.587352462057879e-06
Completed 82 % :  mod = 7.995359093575322e-11,  Error =2.6194660662781644e-06
Completed 83 % :  mod = 1.3783379669313147e-10,  Error =2.647735882987945e-06
Completed 84 % :  mod = 1.7691970986337706e-10,  Error =2.669925720510946e-06
Completed 85 % :  mod = 1.4199363546809086e-10,  Error =2.691773730134628e-06
Completed 86 % :  mod = 8.370702291185988e-11,  Error =2.7196383314276318e-06
Completed 87 % :  mod = 4.4258727414138836e-11,  Error =2.751578534798682e-06
Completed 88 % :  mod = 2.3621087239301315e-11,  Error =2.7849843746707847e-06
Completed 89 % :  mod = 1.2507353706282383e-11,  Error =2.818809534232969e-06
Completed 90 % :  mod = 7.269868803837749e-12,  Error =2.852748806958516e-06
Completed 91 % :  mod = 5.490753704885488e-12,  Error =2.8867177448432813e-06
Completed 92 % :  mod = 6.0749460390982525e-12,  Error =2.920689340157878e-06
Completed 93 % :  mod = 9.409182708507727e-12,  Error =2.954648259390069e-06
Completed 94 % :  mod = 1.737086048036696e-11,  Error =2.9885469601254044e-06
Completed 95 % :  mod = 3.2601545099497965e-11,  Error =3.0222219677966677e-06
Completed 96 % :  mod = 6.169470128517994e-11,  Error =3.055086231995574e-06
Completed 97 % :  mod = 1.1289376644616941e-10,  Error =3.0853484034309986e-06
Completed 98 % :  mod = 1.6739755349586214e-10,  Error =3.1099658599487157e-06
Completed 99 % :  mod = 1.6474040056466804e-10,  Error =3.1307349246390004e-06
Completed 100 % :  mod = 1.0637877165969085e-10,  Error =3.156025456974021e-06
Finished 51/201 frames
Finished all frames!
