/opt/local/miniconda_23_9/lib/python3.11/site-packages/conda/base/context.py:201: FutureWarning: Adding 'defaults' to channel list implicitly is deprecated and will be removed in 25.3. 

To remove this warning, please choose a default channel explicitly with conda's regular configuration system, e.g. by adding 'defaults' to the list of channels:

  conda config --add channels defaults

For more information see https://docs.conda.io/projects/conda/en/stable/user-guide/configuration/use-condarc.html

  deprecated.topic(
JOB 14024 ARRAY_ID 153  -> i=153 ; range=[1.9e-10, 5.0e-10] ; intervals=200 (frames=201)
Analytic t0 extension enabled (--extend-time-using-t0).
Density options: centers='2.0e-10,4.0e-10' width='2.0e-11,5.0e-11' strength='7.0'
Completed 0 % :  mod = 3.3935943036668637e-16,  Error =-1.4210854715202004e-14
Completed 1 % :  mod = 5.480163022626066e-16,  Error =1.5894579519226681e-07
Completed 2 % :  mod = 1.430574406481203e-15,  Error =3.178914766976959e-07
Completed 3 % :  mod = 4.0723244386651904e-15,  Error =4.7683711557056085e-07
Completed 4 % :  mod = 1.172185335161198e-14,  Error =6.357827331271437e-07
Completed 5 % :  mod = 3.378586498633976e-14,  Error =7.947286135845388e-07
Completed 6 % :  mod = 9.739669926400765e-14,  Error =9.536743093008226e-07
Completed 7 % :  mod = 2.8077723355222354e-13,  Error =1.112619557375183e-06
Completed 8 % :  mod = 8.094319998491979e-13,  Error =1.2715645070215942e-06
Completed 9 % :  mod = 2.3334438781146565e-12,  Error =1.4305083126942009e-06
Completed 10 % :  mod = 6.726682991529635e-12,  Error =1.5894329052912326e-06
Completed 11 % :  mod = 1.9386210876267934e-11,  Error =1.7482013987546452e-06
Completed 12 % :  mod = 5.574961478068886e-11,  Error =1.905690766079715e-06
Completed 13 % :  mod = 1.571052610098572e-10,  Error =2.05351999937875e-06
Completed 14 % :  mod = 3.4751600804437987e-10,  Error =2.158529220253058e-06
Completed 15 % :  mod = 1.9377025365087808e-10,  Error =2.2477310608337575e-06
Completed 16 % :  mod = 9.059135988923085e-11,  Error =2.3880120281205564e-06
Completed 17 % :  mod = 4.743684347450235e-11,  Error =2.5427468202110504e-06
Completed 18 % :  mod = 6.684680370603006e-11,  Error =2.6980823975009116e-06
Completed 19 % :  mod = 1.9931720080586358e-10,  Error =2.8408005192659402e-06
Completed 20 % :  mod = 3.466655880271268e-10,  Error =2.940521412142516e-06
Completed 21 % :  mod = 1.6000266987649828e-10,  Error =3.034412756619531e-06
Completed 22 % :  mod = 1.1519647203013942e-10,  Error =3.1747041475682636e-06
Completed 23 % :  mod = 1.2087467923552028e-10,  Error =3.32309016215504e-06
Completed 24 % :  mod = 1.9266704255337737e-10,  Error =3.4554181311818866e-06
Completed 25 % :  mod = 3.584897640033501e-10,  Error =3.539448123035527e-06
Completed 26 % :  mod = 1.6279780707768242e-10,  Error =3.647920856053588e-06
Completed 27 % :  mod = 8.302271584409148e-11,  Error =3.7904889751416704e-06
Completed 28 % :  mod = 1.3814405236159605e-10,  Error =3.937255208086299e-06
Completed 28 % :  mod = 2.992639152373112e-10,  Error =4.059776046005936e-06
Completed 30 % :  mod = 2.6465490647040137e-10,  Error =4.141364186693863e-06
Completed 31 % :  mod = 1.1677202999785207e-10,  Error =4.265167881101206e-06
Completed 32 % :  mod = 5.844064262861643e-11,  Error =4.416719640687461e-06
Completed 33 % :  mod = 6.649604794058653e-11,  Error =4.572084009168975e-06
Completed 34 % :  mod = 1.4361918013041043e-10,  Error =4.720085570397714e-06
Completed 35 % :  mod = 3.46875419435847e-10,  Error =4.830851246140355e-06
Completed 36 % :  mod = 2.1423875549683809e-10,  Error =4.914706885017495e-06
Completed 37 % :  mod = 9.213004215359052e-11,  Error =5.050241732362792e-06
Completed 38 % :  mod = 5.2689722506099946e-11,  Error =5.2042775067207e-06
Completed 39 % :  mod = 6.550880674635432e-11,  Error =5.360112737662348e-06
Completed 40 % :  mod = 1.5779903855849486e-10,  Error =5.50690996448111e-06
Completed 41 % :  mod = 3.487203348578889e-10,  Error =5.6148996421256925e-06
Completed 42 % :  mod = 1.9214313095333641e-10,  Error =5.700193050017788e-06
Completed 43 % :  mod = 1.077914514381101e-10,  Error =5.8366097945850015e-06
Completed 44 % :  mod = 8.706787606851349e-11,  Error =5.988068245699196e-06
Completed 45 % :  mod = 1.232226575290355e-10,  Error =6.1355227813919555e-06
Completed 46 % :  mod = 3.3767755725209805e-10,  Error =6.246043071200802e-06
Completed 47 % :  mod = 2.49870761493019e-10,  Error =6.334362367965696e-06
Completed 48 % :  mod = 7.836063032549024e-11,  Error =6.468586562391465e-06
Completed 49 % :  mod = 4.926229433734766e-11,  Error =6.622840075465319e-06
Completed 50 % :  mod = 7.129612870116294e-11,  Error =6.778916443295202e-06
Completed 51 % :  mod = 1.3415175773122182e-10,  Error =6.927859089955746e-06
Completed 52 % :  mod = 3.2382917426261403e-10,  Error =7.037651251096122e-06
Completed 53 % :  mod = 2.367186267485146e-10,  Error =7.125719683642728e-06
Completed 54 % :  mod = 8.882979583946901e-11,  Error =7.262036199051636e-06
Completed 55 % :  mod = 5.51824769321666e-11,  Error =7.415583844760931e-06
Completed 56 % :  mod = 9.604555864188293e-11,  Error =7.569145310526437e-06
Completed 56 % :  mod = 2.3203089184670565e-10,  Error =7.705458330065085e-06
Completed 57 % :  mod = 3.2736715695648845e-10,  Error =7.793258987476293e-06
Completed 59 % :  mod = 1.3295380610268483e-10,  Error =7.903236721062967e-06
Completed 60 % :  mod = 6.399294875893958e-11,  Error =8.052292720606147e-06
Completed 61 % :  mod = 4.946876338579851e-11,  Error =8.208596206316088e-06
Completed 62 % :  mod = 7.475540519056004e-11,  Error =8.363708602132647e-06
Completed 63 % :  mod = 2.1940609883061866e-10,  Error =8.502294043921665e-06
Completed 64 % :  mod = 3.5413155018746e-10,  Error =8.594687358254305e-06
Completed 65 % :  mod = 1.3293822039177186e-10,  Error =8.69787069746053e-06
Completed 66 % :  mod = 9.653615822775397e-11,  Error =8.842681637588612e-06
Completed 67 % :  mod = 1.1765374891341581e-10,  Error =8.993117866396005e-06
Completed 68 % :  mod = 1.869031730048952e-10,  Error =9.128605356067965e-06
Completed 69 % :  mod = 3.5661225655346596e-10,  Error =9.213508000982529e-06
Completed 70 % :  mod = 1.5822308040490777e-10,  Error =9.321250630023314e-06
Completed 71 % :  mod = 6.677929536581909e-11,  Error =9.466811640379547e-06
Completed 72 % :  mod = 7.897313396219045e-11,  Error =9.620852978287076e-06
Completed 73 % :  mod = 1.6015653657987171e-10,  Error =9.767953585537725e-06
Completed 74 % :  mod = 2.9916472110294377e-10,  Error =9.879320643335632e-06
Completed 75 % :  mod = 2.2678270397751984e-10,  Error =9.964632120329497e-06
Completed 76 % :  mod = 1.304944542603528e-10,  Error =1.0097032365763425e-05
Completed 77 % :  mod = 1.1301371657090978e-10,  Error =1.0243028917500396e-05
Completed 78 % :  mod = 2.0023531906420722e-10,  Error =1.0374771449050968e-05
Completed 79 % :  mod = 3.8436529225739553e-10,  Error =1.0464843434476734e-05
Completed 80 % :  mod = 1.5559837394779706e-10,  Error =1.056703487734012e-05
Completed 81 % :  mod = 1.0400207557554223e-10,  Error =1.0703329138550544e-05
Completed 82 % :  mod = 2.3742752229634033e-10,  Error =1.0838131309753862e-05
Completed 83 % :  mod = 3.1169163803055736e-10,  Error =1.0942204760056029e-05
Completed 84 % :  mod = 1.8080168467522407e-10,  Error =1.1030103507891909e-05
Completed 85 % :  mod = 1.8763955742310315e-10,  Error =1.1157349156576402e-05
Completed 86 % :  mod = 2.0668515220214808e-10,  Error =1.1287998361808604e-05
Completed 87 % :  mod = 2.7121743709555917e-10,  Error =1.138910602804799e-05
Completed 88 % :  mod = 2.0459087517027522e-10,  Error =1.1482734784351578e-05
Completed 89 % :  mod = 2.035915305346481e-10,  Error =1.1609129145995212e-05
Completed 90 % :  mod = 2.0843570505940206e-10,  Error =1.1733622208964789e-05
Completed 91 % :  mod = 2.614225570877133e-10,  Error =1.1823500663865616e-05
Completed 92 % :  mod = 2.6504598235562904e-10,  Error =1.1926989060384585e-05
Completed 93 % :  mod = 1.206416620094112e-10,  Error =1.205884156263437e-05
Completed 94 % :  mod = 1.6259567274331698e-10,  Error =1.2188134959956187e-05
Completed 95 % :  mod = 3.781250846621589e-10,  Error =1.2280674297926453e-05
Completed 96 % :  mod = 1.9184501066820479e-10,  Error =1.237881595983481e-05
Completed 97 % :  mod = 1.3365184492086063e-10,  Error =1.2510792139153182e-05
Completed 98 % :  mod = 1.7337711720446802e-10,  Error =1.2647822593692126e-05
Completed 99 % :  mod = 3.363627151374872e-10,  Error =1.2756895280574554e-05
Completed 100 % :  mod = 2.1399354904629497e-10,  Error =1.2840648885514838e-05
Finished 154/201 frames
Finished all frames!
