/opt/local/miniconda_23_9/lib/python3.11/site-packages/conda/base/context.py:201: FutureWarning: Adding 'defaults' to channel list implicitly is deprecated and will be removed in 25.3. 

To remove this warning, please choose a default channel explicitly with conda's regular configuration system, e.g. by adding 'defaults' to the list of channels:

  conda config --add channels defaults

For more information see https://docs.conda.io/projects/conda/en/stable/user-guide/configuration/use-condarc.html

  deprecated.topic(
JOB 13945 ARRAY_ID 74  -> i=74 ; range=[1.9e-10, 5.0e-10] ; intervals=200 (frames=201)
Analytic t0 extension enabled (--extend-time-using-t0).
Density options: centers='2.0e-10,4.0e-10' width='2.0e-11,5.0e-11' strength='7.0'
Completed 0 % :  mod = 2.7680066195597584e-16,  Error =-1.4210854715202004e-14
Completed 1 % :  mod = 3.841313391321504e-16,  Error =7.035151128320649e-08
Completed 2 % :  mod = 7.893592620754812e-16,  Error =1.4070356257889216e-07
Completed 3 % :  mod = 1.806742248623878e-15,  Error =2.1105597625137307e-07
Completed 4 % :  mod = 4.225269803260795e-15,  Error =2.8140804175791345e-07
Completed 5 % :  mod = 9.920531382622867e-15,  Error =3.517607822800528e-07
Completed 6 % :  mod = 2.330925262011337e-14,  Error =4.22113082265696e-07
Completed 7 % :  mod = 5.47745047871163e-14,  Error =4.924663201677504e-07
Completed 8 % :  mod = 1.287178646082926e-13,  Error =5.62819245431001e-07
Completed 9 % :  mod = 3.0248300438985423e-13,  Error =6.331717514740376e-07
Completed 10 % :  mod = 7.10825588107781e-13,  Error =7.035236606611761e-07
Completed 11 % :  mod = 1.6704093172778186e-12,  Error =7.738742198171167e-07
Completed 12 % :  mod = 3.925275486685413e-12,  Error =8.442207359848908e-07
Completed 13 % :  mod = 9.22247865003667e-12,  Error =9.14541722352169e-07
Completed 14 % :  mod = 2.164909860559677e-11,  Error =9.84725026853539e-07
Completed 15 % :  mod = 5.0570195234197995e-11,  Error =1.0541540689246176e-06
Completed 16 % :  mod = 1.1489589227570723e-10,  Error =1.1197769538284774e-06
Completed 17 % :  mod = 2.2261048473323147e-10,  Error =1.1717921353238125e-06
Completed 18 % :  mod = 2.2093874590837062e-10,  Error =1.210167106080462e-06
Completed 19 % :  mod = 1.0952789645097774e-10,  Error =1.263275677843012e-06
Completed 20 % :  mod = 4.845539681086278e-11,  Error =1.3292063840708579e-06
Completed 21 % :  mod = 2.38586601606245e-11,  Error =1.3986441089741675e-06
Completed 22 % :  mod = 1.4571717412651725e-11,  Error =1.4687501064258868e-06
Completed 23 % :  mod = 1.7109668054330304e-11,  Error =1.5389273073651566e-06
Completed 24 % :  mod = 3.471832072233632e-11,  Error =1.6088173069306322e-06
Completed 25 % :  mod = 7.497331188777542e-11,  Error =1.6770967192769604e-06
Completed 26 % :  mod = 1.598492931299026e-10,  Error =1.7379324788180384e-06
Completed 27 % :  mod = 2.571999654958092e-10,  Error =1.7811251495913893e-06
Completed 28 % :  mod = 1.5862158180829853e-10,  Error =1.823720410243368e-06
Completed 28 % :  mod = 7.956173641236939e-11,  Error =1.8843019731207278e-06
Completed 30 % :  mod = 3.638560096267958e-11,  Error =1.952409000693933e-06
Completed 31 % :  mod = 2.0947351674319127e-11,  Error =2.0221836507516855e-06
Completed 32 % :  mod = 2.414882747255597e-11,  Error =2.092186051072531e-06
Completed 33 % :  mod = 4.524531970866178e-11,  Error =2.1617402907736505e-06
Completed 34 % :  mod = 9.220995521951237e-11,  Error =2.228703102957752e-06
Completed 35 % :  mod = 2.014684296045701e-10,  Error =2.2848439584777225e-06
Completed 36 % :  mod = 2.4316513579284925e-10,  Error =2.3246490599149183e-06
Completed 37 % :  mod = 1.2564460150906407e-10,  Error =2.3727603419843035e-06
Completed 38 % :  mod = 6.581709436017763e-11,  Error =2.4366613402548865e-06
Completed 39 % :  mod = 3.441807831982433e-11,  Error =2.505384884443629e-06
Completed 40 % :  mod = 2.9818289533692066e-11,  Error =2.5750098586740933e-06
Completed 41 % :  mod = 5.3648437065731454e-11,  Error =2.644149425634623e-06
Completed 42 % :  mod = 1.1278407267575292e-10,  Error =2.710003172978759e-06
Completed 43 % :  mod = 2.0281975744270278e-10,  Error =2.7634864139258752e-06
Completed 44 % :  mod = 2.381853235839883e-10,  Error =2.802052897266094e-06
Completed 45 % :  mod = 1.1918013869688313e-10,  Error =2.8531546902854643e-06
Completed 46 % :  mod = 5.844332639359676e-11,  Error =2.917695049120539e-06
Completed 47 % :  mod = 4.584442900288113e-11,  Error =2.986224501455581e-06
Completed 48 % :  mod = 5.5769733766064553e-11,  Error =3.0549628533549367e-06
Completed 49 % :  mod = 9.82050614419421e-11,  Error =3.1208645694391635e-06
Completed 50 % :  mod = 2.1968037935343288e-10,  Error =3.1750496987115184e-06
Completed 51 % :  mod = 2.2919875190329607e-10,  Error =3.2147995128184448e-06
Completed 52 % :  mod = 1.18689615298601e-10,  Error =3.2644862102415573e-06
Completed 53 % :  mod = 6.813160479384143e-11,  Error =3.3288732694813916e-06
Completed 54 % :  mod = 4.1191267821713236e-11,  Error =3.3973442583601354e-06
Completed 55 % :  mod = 4.8060634398439076e-11,  Error =3.466212397995605e-06
Completed 56 % :  mod = 1.0543684999584345e-10,  Error =3.5325963096966007e-06
Completed 56 % :  mod = 1.9353346896254315e-10,  Error =3.589107159029936e-06
Completed 57 % :  mod = 2.3174995942371296e-10,  Error =3.6282060591474874e-06
Completed 59 % :  mod = 1.4369810817480043e-10,  Error =3.676438275590499e-06
Completed 60 % :  mod = 6.099288188056836e-11,  Error =3.739916429879031e-06
Completed 61 % :  mod = 3.363177803269514e-11,  Error =3.808611253930394e-06
Completed 62 % :  mod = 3.1307839140645745e-11,  Error =3.8782860229957805e-06
Completed 63 % :  mod = 4.6311376481109944e-11,  Error =3.947638397505671e-06
Completed 64 % :  mod = 9.505597076098623e-11,  Error =4.014294042065103e-06
Completed 65 % :  mod = 2.091670153586211e-10,  Error =4.0700219443579044e-06
Completed 66 % :  mod = 2.331189463014082e-10,  Error =4.10959280827683e-06
Completed 67 % :  mod = 1.2710098088226787e-10,  Error =4.1582943950402296e-06
Completed 68 % :  mod = 6.367054743041308e-11,  Error =4.222508550810744e-06
Completed 69 % :  mod = 3.034537026539279e-11,  Error =4.291373507214757e-06
Completed 70 % :  mod = 2.5825985381201848e-11,  Error =4.361159312793461e-06
Completed 71 % :  mod = 4.3353805846189175e-11,  Error =4.430725340398567e-06
Completed 72 % :  mod = 8.463302718589868e-11,  Error =4.498297542454566e-06
Completed 73 % :  mod = 1.746937080905118e-10,  Error =4.556910887743015e-06
Completed 74 % :  mod = 2.592954510976842e-10,  Error =4.598133614308608e-06
Completed 75 % :  mod = 1.4141860291296955e-10,  Error =4.64310186032435e-06
Completed 76 % :  mod = 7.471908875571864e-11,  Error =4.705046762865095e-06
Completed 77 % :  mod = 4.226086585288147e-11,  Error =4.7731944476936405e-06
Completed 78 % :  mod = 3.637484157342853e-11,  Error =4.8424942846736485e-06
Completed 79 % :  mod = 6.390773599945233e-11,  Error =4.911020347719841e-06
Completed 80 % :  mod = 1.414801960668727e-10,  Error =4.974671107049744e-06
Completed 81 % :  mod = 2.232008584389125e-10,  Error =5.0234683968142235e-06
Completed 82 % :  mod = 2.0331954365483146e-10,  Error =5.062528998678317e-06
Completed 83 % :  mod = 1.0740375814353731e-10,  Error =5.11829002647346e-06
Completed 84 % :  mod = 5.269960348119965e-11,  Error =5.184174220573823e-06
Completed 85 % :  mod = 5.184698733997183e-11,  Error =5.252569373226379e-06
Completed 86 % :  mod = 8.697561513077483e-11,  Error =5.319937720571488e-06
Completed 87 % :  mod = 1.4699418892035123e-10,  Error =5.3807097444291685e-06
Completed 88 % :  mod = 2.5460028800903394e-10,  Error =5.423984433150508e-06
Completed 89 % :  mod = 1.7495054964683428e-10,  Error =5.466829769318338e-06
Completed 90 % :  mod = 7.846868197829327e-11,  Error =5.526211808160042e-06
Completed 91 % :  mod = 4.5844495345064994e-11,  Error =5.593800828762596e-06
Completed 92 % :  mod = 3.788687225051347e-11,  Error =5.663037718761643e-06
Completed 93 % :  mod = 5.472721567010478e-11,  Error =5.7318598578604e-06
Completed 94 % :  mod = 1.2223473475663974e-10,  Error =5.796792308387921e-06
Completed 95 % :  mod = 2.2571440308154763e-10,  Error =5.848757552939787e-06
Completed 96 % :  mod = 2.0897843477233187e-10,  Error =5.886801460519564e-06
Completed 97 % :  mod = 1.187123533116845e-10,  Error =5.939837272705972e-06
Completed 98 % :  mod = 5.2250273509985796e-11,  Error =6.005387014340613e-06
Completed 99 % :  mod = 3.121605368735652e-11,  Error =6.074491707863672e-06
Completed 100 % :  mod = 3.463152848810637e-11,  Error =6.144125478613205e-06
Finished 75/201 frames
Finished all frames!
