/opt/local/miniconda_23_9/lib/python3.11/site-packages/conda/base/context.py:201: FutureWarning: Adding 'defaults' to channel list implicitly is deprecated and will be removed in 25.3. 

To remove this warning, please choose a default channel explicitly with conda's regular configuration system, e.g. by adding 'defaults' to the list of channels:

  conda config --add channels defaults

For more information see https://docs.conda.io/projects/conda/en/stable/user-guide/configuration/use-condarc.html

  deprecated.topic(
JOB 13915 ARRAY_ID 44  -> i=44 ; range=[1.9e-10, 5.0e-10] ; intervals=200 (frames=201)
Analytic t0 extension enabled (--extend-time-using-t0).
Density options: centers='2.0e-10,4.0e-10' width='2.0e-11,5.0e-11' strength='7.0'
Completed 0 % :  mod = 2.0517692254192172e-16,  Error =-1.4210854715202004e-14
Completed 1 % :  mod = 2.348314227753835e-16,  Error =2.123787368191188e-08
Completed 2 % :  mod = 3.3236693360812206e-16,  Error =4.2476258954593504e-08
Completed 3 % :  mod = 5.259773382561192e-16,  Error =6.371441685359969e-08
Completed 4 % :  mod = 8.716281904177546e-16,  Error =8.495248948747758e-08
Completed 5 % :  mod = 1.469234266636972e-15,  Error =1.0619022816626966e-07
Completed 6 % :  mod = 2.4915412090463642e-15,  Error =1.2742906108087482e-07
Completed 7 % :  mod = 4.234059866577821e-15,  Error =1.4866747477526587e-07
Completed 8 % :  mod = 7.200487441838952e-15,  Error =1.6990531293004096e-07
Completed 9 % :  mod = 1.2248307580274148e-14,  Error =1.911440463686631e-07
Completed 10 % :  mod = 2.0836656931237385e-14,  Error =2.12382218478524e-07
Completed 11 % :  mod = 3.544810701084676e-14,  Error =2.3362172640872814e-07
Completed 12 % :  mod = 6.03062823086327e-14,  Error =2.5485922350299006e-07
Completed 13 % :  mod = 1.0259674895585222e-13,  Error =2.760969906034916e-07
Completed 14 % :  mod = 1.7454407518053026e-13,  Error =2.973350561319421e-07
Completed 15 % :  mod = 2.969454051822502e-13,  Error =3.1857382509770105e-07
Completed 16 % :  mod = 5.051816794404782e-13,  Error =3.3981297065110994e-07
Completed 17 % :  mod = 8.594426849829001e-13,  Error =3.6105115697182555e-07
Completed 18 % :  mod = 1.4621145458293763e-12,  Error =3.822892509219855e-07
Completed 19 % :  mod = 2.4873209167233403e-12,  Error =4.0352593799752867e-07
Completed 20 % :  mod = 4.230985783483699e-12,  Error =4.247602163331976e-07
Completed 21 % :  mod = 7.195046296940606e-12,  Error =4.459866786987732e-07
Completed 22 % :  mod = 1.2226020774729319e-11,  Error =4.6718815127633206e-07
Completed 23 % :  mod = 2.0727791597833634e-11,  Error =4.883154858248417e-07
Completed 24 % :  mod = 3.4913188303423695e-11,  Error =5.092412322937889e-07
Completed 25 % :  mod = 5.7724606954369834e-11,  Error =5.296173739566257e-07
Completed 26 % :  mod = 9.067168175142373e-11,  Error =5.486655325626089e-07
Completed 27 % :  mod = 1.2520940889293531e-10,  Error =5.653376007330735e-07
Completed 28 % :  mod = 1.3441991536221574e-10,  Error =5.80021662699437e-07
Completed 28 % :  mod = 1.0756429746610147e-10,  Error =5.95553693472084e-07
Completed 30 % :  mod = 7.172750145498976e-11,  Error =6.136153274383105e-07
Completed 31 % :  mod = 4.4144669618804397e-11,  Error =6.335102469279263e-07
Completed 32 % :  mod = 2.6359962323479335e-11,  Error =6.542476995718971e-07
Completed 33 % :  mod = 1.559247557378449e-11,  Error =6.753083070520915e-07
Completed 34 % :  mod = 9.180709725797922e-12,  Error =6.964847258927875e-07
Completed 35 % :  mod = 5.400930000904221e-12,  Error =7.177016598802766e-07
Completed 36 % :  mod = 3.18013443679719e-12,  Error =7.389327549844893e-07
Completed 37 % :  mod = 1.8732606664872953e-12,  Error =7.601684259839203e-07
Completed 38 % :  mod = 1.1097754702530467e-12,  Error =7.814065909883539e-07
Completed 39 % :  mod = 6.668766278916475e-13,  Error =8.026450757370185e-07
Completed 40 % :  mod = 4.161092685371352e-13,  Error =8.238831554763237e-07
Completed 41 % :  mod = 2.861575752565834e-13,  Error =8.451223791894336e-07
Completed 42 % :  mod = 2.3877946465587826e-13,  Error =8.663606436698501e-07
Completed 43 % :  mod = 2.6024178423849827e-13,  Error =8.875983539269328e-07
Completed 44 % :  mod = 3.572011706059681e-13,  Error =9.0883720815782e-07
Completed 45 % :  mod = 5.57388808573715e-13,  Error =9.300751386831507e-07
Completed 46 % :  mod = 9.181100880173838e-13,  Error =9.513136447480974e-07
Completed 47 % :  mod = 1.5454194921677945e-12,  Error =9.725508220981283e-07
Completed 48 % :  mod = 2.6183367505491616e-12,  Error =9.937873315379875e-07
Completed 49 % :  mod = 4.4461670204678465e-12,  Error =1.015021183548015e-06
Completed 50 % :  mod = 7.561956583191376e-12,  Error =1.0362453082279899e-06
Completed 51 % :  mod = 1.2839660958566739e-11,  Error =1.0574419277986635e-06
Completed 52 % :  mod = 2.175882629916033e-11,  Error =1.078559343170582e-06
Completed 53 % :  mod = 3.6629623529510676e-11,  Error =1.0994535202257794e-06
Completed 54 % :  mod = 6.034891478932085e-11,  Error =1.119747736311183e-06
Completed 55 % :  mod = 9.409264238195612e-11,  Error =1.1386157297010868e-06
Completed 56 % :  mod = 1.2763967088782098e-10,  Error =1.155044621725665e-06
Completed 56 % :  mod = 1.3313678056577427e-10,  Error =1.1696705612962432e-06
Completed 57 % :  mod = 1.042232374737676e-10,  Error =1.1854134172040176e-06
Completed 59 % :  mod = 6.871829140384449e-11,  Error =1.2036929035730282e-06
Completed 60 % :  mod = 4.211589951469457e-11,  Error =1.2237015099003656e-06
Completed 61 % :  mod = 2.512217822690693e-11,  Error =1.2444852757198532e-06
Completed 62 % :  mod = 1.4842442835113506e-11,  Error =1.2655617567247646e-06
Completed 63 % :  mod = 8.739730303416207e-12,  Error =1.2867440304376032e-06
Completed 64 % :  mod = 5.140378529532277e-12,  Error =1.3079631315804363e-06
Completed 65 % :  mod = 3.0221522943131443e-12,  Error =1.329194205368367e-06
Completed 66 % :  mod = 1.7765531299537318e-12,  Error =1.350430849811346e-06
Completed 67 % :  mod = 1.0443195261911937e-12,  Error =1.3716683824327447e-06
Completed 68 % :  mod = 6.139057519220504e-13,  Error =1.3929066469131612e-06
Completed 69 % :  mod = 3.6094495948951e-13,  Error =1.414143923739175e-06
Completed 70 % :  mod = 2.12318113029525e-13,  Error =1.4353828490243359e-06
Completed 71 % :  mod = 1.2506426904087971e-13,  Error =1.4566209998179147e-06
Completed 72 % :  mod = 7.396302278011416e-14,  Error =1.4778599322085029e-06
Completed 73 % :  mod = 4.4238381340612927e-14,  Error =1.4990976779927223e-06
Completed 74 % :  mod = 2.730447655280648e-14,  Error =1.5203368093352765e-06
Completed 75 % :  mod = 1.8263563424667565e-14,  Error =1.5415756422498816e-06
Completed 76 % :  mod = 1.4498396876069087e-14,  Error =1.5628137362000416e-06
Completed 77 % :  mod = 1.4927402671821986e-14,  Error =1.5840518514664836e-06
Completed 78 % :  mod = 1.9671901156810413e-14,  Error =1.605289554618139e-06
Completed 79 % :  mod = 3.009911995135841e-14,  Error =1.626527570408598e-06
Completed 80 % :  mod = 4.922952787942491e-14,  Error =1.6477664743774767e-06
Completed 81 % :  mod = 8.259206783574907e-14,  Error =1.6690049022827225e-06
Completed 82 % :  mod = 1.3982429838313752e-13,  Error =1.6902431809739937e-06
Completed 83 % :  mod = 2.3747628974498736e-13,  Error =1.7114812038698801e-06
Completed 84 % :  mod = 4.037787507049891e-13,  Error =1.732719596247989e-06
Completed 85 % :  mod = 6.86785854928152e-13,  Error =1.7539578252012689e-06
Completed 86 % :  mod = 1.1683111224868065e-12,  Error =1.7751959049405741e-06
Completed 87 % :  mod = 1.9875107794812246e-12,  Error =1.796434055734153e-06
Completed 88 % :  mod = 3.3809134709867107e-12,  Error =1.8176694425164897e-06
Completed 89 % :  mod = 5.7503192689307275e-12,  Error =1.8389006584129675e-06
Completed 90 % :  mod = 9.775348388409087e-12,  Error =1.8601148354946417e-06
Completed 91 % :  mod = 1.6593562174614485e-11,  Error =1.8812837438986207e-06
Completed 92 % :  mod = 2.805051285462151e-11,  Error =1.902320263980073e-06
Completed 93 % :  mod = 4.685357103791819e-11,  Error =1.9229925456443198e-06
Completed 94 % :  mod = 7.567485937296581e-11,  Error =1.9427288222573225e-06
Completed 95 % :  mod = 1.118253465700385e-10,  Error =1.9605002137268457e-06
Completed 96 % :  mod = 1.3546693821455967e-10,  Error =1.9757839524459087e-06
Completed 97 % :  mod = 1.217964012704448e-10,  Error =1.990584152622432e-06
Completed 98 % :  mod = 8.637235694229031e-11,  Error =2.0075701385735556e-06
Completed 99 % :  mod = 5.446052499237577e-11,  Error =2.0268334850470637e-06
Completed 100 % :  mod = 3.2846216611017724e-11,  Error =2.0473052444458517e-06
Finished 45/201 frames
Finished all frames!
