/opt/local/miniconda_23_9/lib/python3.11/site-packages/conda/base/context.py:201: FutureWarning: Adding 'defaults' to channel list implicitly is deprecated and will be removed in 25.3. 

To remove this warning, please choose a default channel explicitly with conda's regular configuration system, e.g. by adding 'defaults' to the list of channels:

  conda config --add channels defaults

For more information see https://docs.conda.io/projects/conda/en/stable/user-guide/configuration/use-condarc.html

  deprecated.topic(
JOB 13882 ARRAY_ID 11  -> i=11 ; range=[1.9e-10, 5.0e-10] ; intervals=200 (frames=201)
Analytic t0 extension enabled (--extend-time-using-t0).
Density options: centers='2.0e-10,4.0e-10' width='2.0e-11,5.0e-11' strength='7.0'
Extending simulation time for p0=2.000e-10 from 10000000000.0 to 1.000e+11
Completed 0 % :  mod = 1.6000615080060223e-16,  Error =-1.4210854715202004e-14
Completed 1 % :  mod = 1.603152041924134e-16,  Error =7.855297212699952e-08
Completed 2 % :  mod = 1.612435726719267e-16,  Error =1.5710346445985124e-07
Completed 3 % :  mod = 1.6279485442310794e-16,  Error =2.3565468154629343e-07
Completed 4 % :  mod = 1.6497508248775478e-16,  Error =3.14204356754999e-07
Completed 5 % :  mod = 1.6779268630159823e-16,  Error =3.9275673913152787e-07
Completed 6 % :  mod = 1.7125859865909562e-16,  Error =4.7130769331715783e-07
Completed 7 % :  mod = 1.7538622190242304e-16,  Error =5.498610846643714e-07
Completed 8 % :  mod = 1.801915182909573e-16,  Error =6.284097224806828e-07
Completed 9 % :  mod = 1.8569310114623965e-16,  Error =7.069609893051165e-07
Completed 10 % :  mod = 1.919122506201062e-16,  Error =7.855124550815162e-07
Completed 11 % :  mod = 1.9887303606571979e-16,  Error =8.64062869254667e-07
Completed 12 % :  mod = 2.0660239436123429e-16,  Error =9.426130347378603e-07
Completed 13 % :  mod = 2.1513024468110452e-16,  Error =1.0211664758230654e-06
Completed 14 % :  mod = 2.24489563045739e-16,  Error =1.0997225246001108e-06
Completed 15 % :  mod = 2.3471656337065654e-16,  Error =1.178274757762665e-06
Completed 16 % :  mod = 2.4585078002945104e-16,  Error =1.256827516726844e-06
Completed 17 % :  mod = 2.5793533772146645e-16,  Error =1.33537966462427e-06
Completed 18 % :  mod = 2.71016950179327e-16,  Error =1.4139307467075923e-06
Completed 19 % :  mod = 2.8514625967487984e-16,  Error =1.492482368803394e-06
Completed 20 % :  mod = 3.00377896886392e-16,  Error =1.5710325271811598e-06
Completed 21 % :  mod = 3.1677081420063824e-16,  Error =1.6495854993081593e-06
Completed 22 % :  mod = 3.343884014147895e-16,  Error =1.728138592227424e-06
Completed 23 % :  mod = 3.532988427165457e-16,  Error =1.806690143268952e-06
Completed 24 % :  mod = 3.7357531639655527e-16,  Error =1.885241118770864e-06
Completed 25 % :  mod = 3.9529628234537637e-16,  Error =1.9637935508853843e-06
Completed 26 % :  mod = 4.185457688266558e-16,  Error =2.0423460753704603e-06
Completed 27 % :  mod = 4.4341373214559907e-16,  Error =2.120895139512413e-06
Completed 28 % :  mod = 4.699964254681258e-16,  Error =2.199450882756082e-06
Completed 28 % :  mod = 4.983967555425093e-16,  Error =2.278001240085814e-06
Completed 30 % :  mod = 5.287246154844762e-16,  Error =2.356554297477942e-06
Completed 31 % :  mod = 5.610973726069732e-16,  Error =2.4351057206217774e-06
Completed 32 % :  mod = 5.956402633989093e-16,  Error =2.513657783254075e-06
Completed 33 % :  mod = 6.324870268870112e-16,  Error =2.592210620377955e-06
Completed 34 % :  mod = 6.717802872585553e-16,  Error =2.670761951151235e-06
Completed 35 % :  mod = 7.136721343353626e-16,  Error =2.74931289112601e-06
Completed 36 % :  mod = 7.583247189370446e-16,  Error =2.827861898424544e-06
Completed 37 % :  mod = 8.059108800907028e-16,  Error =2.906414756864706e-06
Completed 38 % :  mod = 8.566148236292235e-16,  Error =2.9849643325974284e-06
Completed 39 % :  mod = 9.106328625179263e-16,  Error =3.0635165586545554e-06
Completed 40 % :  mod = 9.681741230083133e-16,  Error =3.1420673778370656e-06
Completed 41 % :  mod = 1.0294614172102176e-15,  Error =3.2206178559590626e-06
Completed 42 % :  mod = 1.0947319871407642e-15,  Error =3.2991697196393943e-06
Completed 43 % :  mod = 1.1642385751994805e-15,  Error =3.3777188548356207e-06
Completed 44 % :  mod = 1.2382502812308083e-15,  Error =3.4562706971996704e-06
Completed 45 % :  mod = 1.317053759299354e-15,  Error =3.5348221487652154e-06
Completed 46 % :  mod = 1.4009541178691897e-15,  Error =3.613372243194135e-06
Completed 47 % :  mod = 1.4902763157745353e-15,  Error =3.691921662607456e-06
Completed 48 % :  mod = 1.5853661610403473e-15,  Error =3.7704771003177484e-06
Completed 49 % :  mod = 1.6865919694311462e-15,  Error =3.8490299445470555e-06
Completed 50 % :  mod = 1.7943457803031194e-15,  Error =3.927579157902983e-06
Completed 51 % :  mod = 1.9090450150495506e-15,  Error =4.006131689493486e-06
Completed 52 % :  mod = 2.03113387565644e-15,  Error =4.084686217709077e-06
Completed 53 % :  mod = 2.161085285268222e-15,  Error =4.163239061938384e-06
Completed 54 % :  mod = 2.2994025612639514e-15,  Error =4.241791707215725e-06
Completed 55 % :  mod = 2.4466215571898006e-15,  Error =4.320341879804346e-06
Completed 56 % :  mod = 2.60331256863489e-15,  Error =4.398893288737327e-06
Completed 56 % :  mod = 2.7700826771509513e-15,  Error =4.477448420914243e-06
Completed 57 % :  mod = 2.947577907901256e-15,  Error =4.5560009169776094e-06
Completed 59 % :  mod = 3.1364859624585652e-15,  Error =4.634554301219396e-06
Completed 60 % :  mod = 3.3375387009156526e-15,  Error =4.7131036211567334e-06
Completed 61 % :  mod = 3.55151521661904e-15,  Error =4.791655328517663e-06
Completed 62 % :  mod = 3.779244565037837e-15,  Error =4.8702050960969245e-06
Completed 63 % :  mod = 4.021609207833621e-15,  Error =4.948754515510245e-06
Completed 64 % :  mod = 4.2795482140494055e-15,  Error =5.027307082627885e-06
Completed 65 % :  mod = 4.55406122251157e-15,  Error =5.105861454524074e-06
Completed 66 % :  mod = 4.846211984385931e-15,  Error =5.184412401604277e-06
Completed 67 % :  mod = 5.157132826902819e-15,  Error =5.262964862140507e-06
Completed 68 % :  mod = 5.488028630338068e-15,  Error =5.341519155876995e-06
Completed 69 % :  mod = 5.8401818981131826e-15,  Error =5.420076014672759e-06
Completed 70 % :  mod = 6.214957373807322e-15,  Error =5.498630493150358e-06
Completed 71 % :  mod = 6.613807775793695e-15,  Error =5.577182136562442e-06
Completed 72 % :  mod = 7.038278994932334e-15,  Error =5.655735940024442e-06
Completed 73 % :  mod = 7.490016407509134e-15,  Error =5.734289835856998e-06
Completed 74 % :  mod = 7.970770896180133e-15,  Error =5.812841862962159e-06
Completed 75 % :  mod = 8.48240607213714e-15,  Error =5.891395311152792e-06
Completed 76 % :  mod = 9.026905121112978e-15,  Error =5.969946684558636e-06
Completed 77 % :  mod = 9.606378887055715e-15,  Error =6.048497482424864e-06
Completed 78 % :  mod = 1.0223073587242246e-14,  Error =6.127050504289855e-06
Completed 79 % :  mod = 1.0879379898288628e-14,  Error =6.205603156672623e-06
Completed 80 % :  mod = 1.1577841874242757e-14,  Error =6.284153144520133e-06
Completed 81 % :  mod = 1.2321167198815986e-14,  Error =6.362704901619054e-06
Completed 82 % :  mod = 1.3112237288205221e-14,  Error =6.441257191625027e-06
Completed 83 % :  mod = 1.3954118817182687e-14,  Error =6.519808202654076e-06
Completed 84 % :  mod = 1.485007512824301e-14,  Error =6.598360762666289e-06
Completed 85 % :  mod = 1.5803579255665363e-14,  Error =6.676915511150128e-06
Completed 86 % :  mod = 1.681832701481948e-14,  Error =6.755466962715673e-06
Completed 87 % :  mod = 1.789825164796709e-14,  Error =6.834017383994251e-06
Completed 88 % :  mod = 1.904753861880075e-14,  Error =6.912566554717614e-06
Completed 89 % :  mod = 2.0270642077835854e-14,  Error =6.991118169707988e-06
Completed 90 % :  mod = 2.1572301651385306e-14,  Error =7.069671063675287e-06
Completed 91 % :  mod = 2.295756104330055e-14,  Error =7.148225812159126e-06
Completed 92 % :  mod = 2.443178714279202e-14,  Error =7.22677718556497e-06
Completed 93 % :  mod = 2.6000690919218193e-14,  Error =7.305328963980173e-06
Completed 94 % :  mod = 2.767034896212726e-14,  Error =7.38387597465362e-06
Completed 95 % :  mod = 2.9447227029486476e-14,  Error =7.4624279164936524e-06
Completed 96 % :  mod = 3.1338204326932425e-14,  Error =7.540979581222018e-06
Completed 97 % :  mod = 3.335060018563823e-14,  Error =7.619531125158119e-06
Completed 98 % :  mod = 3.5492201439820484e-14,  Error =7.698081951446056e-06
Completed 99 % :  mod = 3.777129232797423e-14,  Error =7.776632486411472e-06
Completed 100 % :  mod = 4.019668530312772e-14,  Error =7.855183731919624e-06
Finished 12/201 frames
Finished all frames!
