/opt/local/miniconda_23_9/lib/python3.11/site-packages/conda/base/context.py:201: FutureWarning: Adding 'defaults' to channel list implicitly is deprecated and will be removed in 25.3. 

To remove this warning, please choose a default channel explicitly with conda's regular configuration system, e.g. by adding 'defaults' to the list of channels:

  conda config --add channels defaults

For more information see https://docs.conda.io/projects/conda/en/stable/user-guide/configuration/use-condarc.html

  deprecated.topic(
JOB 13960 ARRAY_ID 89  -> i=89 ; range=[1.9e-10, 5.0e-10] ; intervals=200 (frames=201)
Analytic t0 extension enabled (--extend-time-using-t0).
Density options: centers='2.0e-10,4.0e-10' width='2.0e-11,5.0e-11' strength='7.0'
Completed 0 % :  mod = 2.916714140181088e-16,  Error =-1.4210854715202004e-14
Completed 1 % :  mod = 4.201461665463577e-16,  Error =8.673285378790752e-08
Completed 2 % :  mod = 9.187509424515888e-16,  Error =1.7346650338367908e-07
Completed 3 % :  mod = 2.226734307079419e-15,  Error =2.601998900786384e-07
Completed 4 % :  mod = 5.496371263596753e-15,  Error =3.4693228911919505e-07
Completed 5 % :  mod = 1.3608066123522907e-14,  Error =4.3366483026829883e-07
Completed 6 % :  mod = 3.3707860185739127e-14,  Error =5.203975277368045e-07
Completed 7 % :  mod = 8.350277462830973e-14,  Error =6.071305378441139e-07
Completed 8 % :  mod = 2.0685989387336253e-13,  Error =6.938639032227911e-07
Completed 9 % :  mod = 5.12451116895335e-13,  Error =7.805969559626647e-07
Completed 10 % :  mod = 1.26948530416529e-12,  Error =8.673295752714694e-07
Completed 11 % :  mod = 3.1448244145226368e-12,  Error =9.540588905565528e-07
Completed 12 % :  mod = 7.789776984407697e-12,  Error =1.0407679695845218e-06
Completed 13 % :  mod = 1.9284451417102904e-11,  Error =1.1273581392856613e-06
Completed 14 % :  mod = 4.757398226274121e-11,  Error =1.2132174518342254e-06
Completed 15 % :  mod = 1.1479596706529046e-10,  Error =1.2949324883493318e-06
Completed 16 % :  mod = 2.3889339400933905e-10,  Error =1.3597862746905776e-06
Completed 17 % :  mod = 2.3740895599257776e-10,  Error =1.4060952224781431e-06
Completed 18 % :  mod = 1.0887057554278944e-10,  Error =1.4724647030561755e-06
Completed 19 % :  mod = 4.617127501026702e-11,  Error =1.5544640135090049e-06
Completed 20 % :  mod = 2.5313769244275003e-11,  Error =1.6402228339984504e-06
Completed 21 % :  mod = 2.2328916688656743e-11,  Error =1.7265552187950561e-06
Completed 22 % :  mod = 3.7815079177966294e-11,  Error =1.8125710283811713e-06
Completed 23 % :  mod = 9.32955834125442e-11,  Error =1.896054271810499e-06
Completed 24 % :  mod = 1.9792335953417774e-10,  Error =1.9678981431070497e-06
Completed 25 % :  mod = 2.652594169024502e-10,  Error =2.0159218721005345e-06
Completed 26 % :  mod = 1.401623853134412e-10,  Error =2.074600324419862e-06
Completed 27 % :  mod = 5.847003777124495e-11,  Error =2.1538961831879533e-06
Completed 28 % :  mod = 2.4228017374326694e-11,  Error =2.2392918026525876e-06
Completed 28 % :  mod = 1.010626991755161e-11,  Error =2.3257979080426594e-06
Completed 30 % :  mod = 4.874332765378587e-12,  Error =2.412487027925181e-06
Completed 31 % :  mod = 3.920957393834985e-12,  Error =2.49920570638551e-06
Completed 32 % :  mod = 6.633582772545456e-12,  Error =2.5859171799424985e-06
Completed 33 % :  mod = 1.502554673154659e-11,  Error =2.6725586579345872e-06
Completed 34 % :  mod = 3.690371421441877e-11,  Error =2.7587677067231198e-06
Completed 35 % :  mod = 8.888971816450812e-11,  Error =2.842455003815303e-06
Completed 36 % :  mod = 1.9940050430460594e-10,  Error =2.9141162087853445e-06
Completed 37 % :  mod = 2.7199145758254315e-10,  Error =2.96251177189788e-06
Completed 38 % :  mod = 1.3352016305430533e-10,  Error =3.020968712519334e-06
Completed 39 % :  mod = 6.255302269052071e-11,  Error =3.100165208991257e-06
Completed 40 % :  mod = 3.094192454224372e-11,  Error =3.185304905173325e-06
Completed 41 % :  mod = 2.4391792294745396e-11,  Error =3.2714664683908268e-06
Completed 42 % :  mod = 4.2042532931862884e-11,  Error =3.357337845955044e-06
Completed 43 % :  mod = 9.864068696229589e-11,  Error =3.4404868785031795e-06
Completed 44 % :  mod = 1.9725743466153615e-10,  Error =3.511217741447581e-06
Completed 45 % :  mod = 2.70584401923533e-10,  Error =3.5585518460834464e-06
Completed 46 % :  mod = 1.349629896765337e-10,  Error =3.618205902000682e-06
Completed 47 % :  mod = 5.924658335263193e-11,  Error =3.6974922537069688e-06
Completed 48 % :  mod = 3.5306194424859833e-11,  Error =3.782549207187458e-06
Completed 49 % :  mod = 3.403608210140988e-11,  Error =3.868444196086784e-06
Completed 50 % :  mod = 6.010815643034961e-11,  Error =3.953371098930347e-06
Completed 51 % :  mod = 1.5097369247930415e-10,  Error =4.031970767925941e-06
Completed 52 % :  mod = 2.6006571174010194e-10,  Error =4.090732616646164e-06
Completed 53 % :  mod = 1.9201324172730604e-10,  Error =4.138399546604887e-06
Completed 54 % :  mod = 1.0458610558006202e-10,  Error =4.209880245298336e-06
Completed 55 % :  mod = 4.926797440567306e-11,  Error =4.292432848274075e-06
Completed 56 % :  mod = 4.891762039149406e-11,  Error =4.377163818958252e-06
Completed 56 % :  mod = 1.0347296294245164e-10,  Error =4.4597887836062e-06
Completed 57 % :  mod = 1.9030625082538292e-10,  Error =4.531531168083802e-06
Completed 59 % :  mod = 2.608724766163671e-10,  Error =4.579400680881918e-06
Completed 60 % :  mod = 1.525475964345878e-10,  Error =4.637837896837027e-06
Completed 61 % :  mod = 6.058289747744345e-11,  Error =4.716295585183161e-06
Completed 62 % :  mod = 3.370248824215985e-11,  Error =4.801207445837008e-06
Completed 63 % :  mod = 3.450098743577991e-11,  Error =4.887126671349051e-06
Completed 64 % :  mod = 5.719653959483335e-11,  Error =4.972294483707174e-06
Completed 65 % :  mod = 1.2966826964528828e-10,  Error =5.052112314274382e-06
Completed 66 % :  mod = 2.661076596661027e-10,  Error =5.112961055431242e-06
Completed 67 % :  mod = 2.0453681431677878e-10,  Error =5.159862084269662e-06
Completed 68 % :  mod = 1.0108301075066836e-10,  Error =5.2296561747766646e-06
Completed 69 % :  mod = 4.240227243580212e-11,  Error =5.3126313588336416e-06
Completed 70 % :  mod = 2.1892408200210287e-11,  Error =5.398558926117403e-06
Completed 71 % :  mod = 2.2598134039056703e-11,  Error =5.484919519460618e-06
Completed 72 % :  mod = 4.257102435603421e-11,  Error =5.570873547355859e-06
Completed 73 % :  mod = 9.226496004235498e-11,  Error =5.654006649535859e-06
Completed 74 % :  mod = 2.1594056440181246e-10,  Error =5.7238727890762675e-06
Completed 75 % :  mod = 2.626258161517448e-10,  Error =5.771898635487105e-06
Completed 76 % :  mod = 1.23754648039138e-10,  Error =5.83221174110804e-06
Completed 77 % :  mod = 6.201200057872791e-11,  Error =5.912181102019076e-06
Completed 78 % :  mod = 3.381529058875335e-11,  Error =5.99730494599271e-06
Completed 79 % :  mod = 3.319133578348171e-11,  Error =6.08318005390629e-06
Completed 80 % :  mod = 6.866257269877841e-11,  Error =6.167884023966508e-06
Completed 81 % :  mod = 1.564559358664846e-10,  Error =6.2457520115799525e-06
Completed 82 % :  mod = 2.5625898728178623e-10,  Error =6.3021749880931566e-06
Completed 83 % :  mod = 1.9251718000624472e-10,  Error =6.352065369696902e-06
Completed 84 % :  mod = 9.075864035065618e-11,  Error =6.425293847200919e-06
Completed 85 % :  mod = 4.389015913357714e-11,  Error =6.50853165495846e-06
Completed 86 % :  mod = 4.77014183488542e-11,  Error =6.593621066031119e-06
Completed 87 % :  mod = 9.185414666563612e-11,  Error =6.67702255441327e-06
Completed 88 % :  mod = 1.6897571073685217e-10,  Error =6.750877787453646e-06
Completed 89 % :  mod = 2.808883853930183e-10,  Error =6.800805515183583e-06
Completed 90 % :  mod = 1.585491192059533e-10,  Error =6.856137261479489e-06
Completed 91 % :  mod = 6.788840307388987e-11,  Error =6.93299153198268e-06
Completed 92 % :  mod = 3.864131868562497e-11,  Error =7.017561728162036e-06
Completed 93 % :  mod = 3.3046922339566145e-11,  Error =7.103401053143443e-06
Completed 94 % :  mod = 5.4445619861699106e-11,  Error =7.188579921546534e-06
Completed 95 % :  mod = 1.3530440391219371e-10,  Error =7.268612478128489e-06
Completed 96 % :  mod = 2.5150981669577216e-10,  Error =7.330613478018222e-06
Completed 97 % :  mod = 2.1075905608974318e-10,  Error =7.376780779111414e-06
Completed 98 % :  mod = 1.1111433637049664e-10,  Error =7.445653778859196e-06
Completed 99 % :  mod = 4.712967175190081e-11,  Error =7.527840949705933e-06
Completed 100 % :  mod = 3.729175200852173e-11,  Error =7.6131285027258855e-06
Finished 90/201 frames
Finished all frames!
