/opt/local/miniconda_23_9/lib/python3.11/site-packages/conda/base/context.py:201: FutureWarning: Adding 'defaults' to channel list implicitly is deprecated and will be removed in 25.3. 

To remove this warning, please choose a default channel explicitly with conda's regular configuration system, e.g. by adding 'defaults' to the list of channels:

  conda config --add channels defaults

For more information see https://docs.conda.io/projects/conda/en/stable/user-guide/configuration/use-condarc.html

  deprecated.topic(
JOB 14049 ARRAY_ID 178  -> i=178 ; range=[1.9e-10, 5.0e-10] ; intervals=200 (frames=201)
Analytic t0 extension enabled (--extend-time-using-t0).
Density options: centers='2.0e-10,4.0e-10' width='2.0e-11,5.0e-11' strength='7.0'
Completed 0 % :  mod = 3.621918206400606e-16,  Error =-1.4210854715202004e-14
Completed 1 % :  mod = 6.161812308198184e-16,  Error =2.0623633645300288e-07
Completed 2 % :  mod = 1.734372993037221e-15,  Error =4.1247226789664637e-07
Completed 3 % :  mod = 5.285045875508476e-15,  Error =6.187080785480248e-07
Completed 4 % :  mod = 1.6248065789728546e-14,  Error =8.249437826179928e-07
Completed 5 % :  mod = 4.9999213860382466e-14,  Error =1.0311799201190297e-06
Completed 6 % :  mod = 1.5387492290918553e-13,  Error =1.2374150060168176e-06
Completed 7 % :  mod = 4.735622128940856e-13,  Error =1.4436503548154178e-06
Completed 8 % :  mod = 1.4574254426213672e-12,  Error =1.649884829646453e-06
Completed 9 % :  mod = 4.485307227004016e-12,  Error =1.8561105932235478e-06
Completed 10 % :  mod = 1.3802722690778841e-11,  Error =2.0622487681976054e-06
Completed 11 % :  mod = 4.244408963454864e-11,  Error =2.2675613280398466e-06
Completed 12 % :  mod = 1.2948705989050617e-10,  Error =2.46547639903838e-06
Completed 13 % :  mod = 3.468343063415916e-10,  Error =2.6181045313933282e-06
Completed 14 % :  mod = 2.541752187093489e-10,  Error =2.7246126848012864e-06
Completed 15 % :  mod = 1.0753636686435836e-10,  Error =2.900444791009704e-06
Completed 16 % :  mod = 5.966679782652243e-11,  Error =3.0994199278211454e-06
Completed 17 % :  mod = 1.1025149037010255e-10,  Error =3.296570497468565e-06
Completed 18 % :  mod = 3.3810206354750486e-10,  Error =3.457793184225011e-06
Completed 19 % :  mod = 2.9643334905569693e-10,  Error =3.564079214868343e-06
Completed 20 % :  mod = 9.463914318384795e-11,  Error =3.7323878032680113e-06
Completed 21 % :  mod = 3.743205098975198e-11,  Error =3.933346050644104e-06
Completed 22 % :  mod = 2.382357238326855e-11,  Error =4.138663740604898e-06
Completed 23 % :  mod = 3.582687891434305e-11,  Error =4.343957513697205e-06
Completed 24 % :  mod = 1.0178809007944624e-10,  Error =4.54449403974877e-06
Completed 25 % :  mod = 3.0489016289466485e-10,  Error =4.711369541610111e-06
Completed 26 % :  mod = 3.1944764971095253e-10,  Error =4.815453721107588e-06
Completed 27 % :  mod = 1.0926997229048798e-10,  Error =4.9798304857517905e-06
Completed 28 % :  mod = 4.6568252603476155e-11,  Error =5.178931864691094e-06
Completed 28 % :  mod = 5.6684332129138505e-11,  Error =5.3822840229145186e-06
Completed 30 % :  mod = 1.4011979487249377e-10,  Error =5.57871697282053e-06
Completed 31 % :  mod = 3.2259256880471356e-10,  Error =5.7309895211687945e-06
Completed 32 % :  mod = 2.6232968403176504e-10,  Error =5.838700189997326e-06
Completed 33 % :  mod = 1.3312505626163048e-10,  Error =6.0110650537126276e-06
Completed 34 % :  mod = 1.0434325856856076e-10,  Error =6.202766364538093e-06
Completed 35 % :  mod = 2.3176963663135138e-10,  Error =6.373635741852013e-06
Completed 36 % :  mod = 4.1445891507350953e-10,  Error =6.488469267651453e-06
Completed 37 % :  mod = 1.548668646291409e-10,  Error =6.627251757151953e-06
Completed 38 % :  mod = 1.2488142782502913e-10,  Error =6.8038944220916164e-06
Completed 39 % :  mod = 3.421415797402587e-10,  Error =6.959706553288925e-06
Completed 40 % :  mod = 3.225898896293699e-10,  Error =7.07945379474495e-06
Completed 41 % :  mod = 1.3245332241997706e-10,  Error =7.2285384504766625e-06
Completed 42 % :  mod = 1.7614229791176257e-10,  Error =7.405173363395079e-06
Completed 43 % :  mod = 3.7768168264979443e-10,  Error =7.548647758426341e-06
Completed 44 % :  mod = 2.5401555988771653e-10,  Error =7.659927817371681e-06
Completed 45 % :  mod = 1.0946841907922207e-10,  Error =7.826357737883427e-06
Completed 46 % :  mod = 1.4628371460527762e-10,  Error =8.015885320844518e-06
Completed 47 % :  mod = 2.809828733832245e-10,  Error =8.183880567003143e-06
Completed 48 % :  mod = 3.0814711057421427e-10,  Error =8.289031910635458e-06
Completed 49 % :  mod = 1.6981246629427314e-10,  Error =8.442032068955996e-06
Completed 50 % :  mod = 6.271255674640905e-11,  Error =8.635727233752277e-06
Completed 51 % :  mod = 9.084671105393023e-11,  Error =8.83264858231314e-06
Completed 52 % :  mod = 2.9795595292226245e-10,  Error =9.0023156289476e-06
Completed 53 % :  mod = 3.4076245774574916e-10,  Error =9.111326477295734e-06
Completed 54 % :  mod = 1.5382775543817463e-10,  Error =9.262228317652443e-06
Completed 55 % :  mod = 1.0293212881893327e-10,  Error =9.451833953733058e-06
Completed 56 % :  mod = 2.0054669652301048e-10,  Error =9.63165158651691e-06
Completed 56 % :  mod = 4.0470676427486835e-10,  Error =9.761241528849496e-06
Completed 57 % :  mod = 1.6510328704441703e-10,  Error =9.881780073328628e-06
Completed 59 % :  mod = 1.6735709851219121e-10,  Error =1.0056173579187089e-05
Completed 60 % :  mod = 2.815260233528718e-10,  Error =1.0224517161816493e-05
Completed 61 % :  mod = 3.082571403579768e-10,  Error =1.0347947551281322e-05
Completed 62 % :  mod = 1.7211881677838395e-10,  Error =1.0482609255291209e-05
Completed 63 % :  mod = 1.6181257219034713e-10,  Error =1.0657788180878924e-05
Completed 64 % :  mod = 2.966557307996822e-10,  Error =1.0819274997686534e-05
Completed 65 % :  mod = 2.6787656707343296e-10,  Error =1.0926668252864147e-05
Completed 66 % :  mod = 1.7563507404257774e-10,  Error =1.1078974843314882e-05
Completed 67 % :  mod = 1.3494443043666992e-10,  Error =1.1266921760011428e-05
Completed 68 % :  mod = 1.56272607872588e-10,  Error =1.1449765523252609e-05
Completed 69 % :  mod = 3.935722389724126e-10,  Error =1.1571385925890354e-05
Completed 70 % :  mod = 1.8630975311725855e-10,  Error =1.1701891416748822e-05
Completed 71 % :  mod = 7.190140912508063e-11,  Error =1.1889506005502426e-05
Completed 72 % :  mod = 7.744299568712435e-11,  Error =1.2090319437163544e-05
Completed 73 % :  mod = 1.5277779817489845e-10,  Error =1.2284094950132385e-05
Completed 74 % :  mod = 3.477439895926378e-10,  Error =1.243373245785051e-05
Completed 75 % :  mod = 2.317111485491622e-10,  Error =1.2538717825805179e-05
Completed 76 % :  mod = 1.146778651860183e-10,  Error =1.271253779577819e-05
Completed 77 % :  mod = 1.1432374179291479e-10,  Error =1.2906360545628104e-05
Completed 78 % :  mod = 1.8804640614296115e-10,  Error =1.3086973353892972e-05
Completed 79 % :  mod = 4.176248554440658e-10,  Error =1.3202870988493487e-05
Completed 80 % :  mod = 1.743244943131406e-10,  Error =1.3334759863425916e-05
Completed 81 % :  mod = 8.098290623851921e-11,  Error =1.3520976793301998e-05
Completed 82 % :  mod = 1.303303547138428e-10,  Error =1.3715295359872925e-05
Completed 83 % :  mod = 3.0055054946860525e-10,  Error =1.3882158853562032e-05
Completed 84 % :  mod = 3.032594946962697e-10,  Error =1.3985576650554776e-05
Completed 85 % :  mod = 1.420837960378436e-10,  Error =1.4145279429556012e-05
Completed 86 % :  mod = 4.493675659181921e-11,  Error =1.43429341932233e-05
Completed 87 % :  mod = 5.221419943556717e-11,  Error =1.454568189984684e-05
Completed 88 % :  mod = 1.524400201842998e-10,  Error =1.4741138137708276e-05
Completed 89 % :  mod = 3.524399291260209e-10,  Error =1.4890598791339471e-05
Completed 90 % :  mod = 2.4402699144803443e-10,  Error =1.4996815679069186e-05
Completed 91 % :  mod = 1.2560144449413013e-10,  Error =1.5172383264427936e-05
Completed 92 % :  mod = 6.797354395638623e-11,  Error =1.5369774857276752e-05
Completed 93 % :  mod = 1.350816506597235e-10,  Error =1.556059215346295e-05
Completed 94 % :  mod = 4.120497594681662e-10,  Error =1.5699394637636033e-05
Completed 95 % :  mod = 2.0929317883643606e-10,  Error =1.5812995975750255e-05
Completed 96 % :  mod = 1.011226379135635e-10,  Error =1.5994652358131134e-05
Completed 97 % :  mod = 4.7454069503091525e-11,  Error =1.6196157091030727e-05
Completed 98 % :  mod = 6.376923450094506e-11,  Error =1.6398455606747575e-05
Completed 99 % :  mod = 1.9621427109701374e-10,  Error =1.658542015547937e-05
Completed 100 % :  mod = 4.05396089069452e-10,  Error =1.6709487624666508e-05
Finished 179/201 frames
Finished all frames!
