/opt/local/miniconda_23_9/lib/python3.11/site-packages/conda/base/context.py:201: FutureWarning: Adding 'defaults' to channel list implicitly is deprecated and will be removed in 25.3. 

To remove this warning, please choose a default channel explicitly with conda's regular configuration system, e.g. by adding 'defaults' to the list of channels:

  conda config --add channels defaults

For more information see https://docs.conda.io/projects/conda/en/stable/user-guide/configuration/use-condarc.html

  deprecated.topic(
JOB 13425 ARRAY_ID 71  -> i=71 ; range=[1.9e-10, 6.0e-10] ; intervals=200 (frames=201)
Density options: centers='2.0e-10,4.0e-10' width='5e-11,5e-11' strength=''
Completed 0 % :  mod = 2.479753668596163e-16,  Error =-1.4210854715202004e-14
Completed 1 % :  mod = 3.1933118454121604e-16,  Error =4.531522534989563e-08
Completed 2 % :  mod = 5.744644340306851e-16,  Error =9.062988226560265e-08
Completed 3 % :  mod = 1.1602061553264779e-15,  Error =1.3594548420314823e-07
Completed 4 % :  mod = 2.4136549942991144e-15,  Error =1.8126004164287224e-07
Completed 5 % :  mod = 5.0561799332100494e-15,  Error =2.2657488329969055e-07
Completed 6 % :  mod = 1.0608573380634086e-14,  Error =2.7188930573629477e-07
Completed 7 % :  mod = 2.226627833331889e-14,  Error =3.172045310861904e-07
Completed 8 % :  mod = 4.673838897483934e-14,  Error =3.625198914392058e-07
Completed 9 % :  mod = 9.810878109238188e-14,  Error =4.078351594216656e-07
Completed 10 % :  mod = 2.0594146432428652e-13,  Error =4.5314966001797075e-07
Completed 11 % :  mod = 4.3229468794420634e-13,  Error =4.984647006267551e-07
Completed 12 % :  mod = 9.074340840401594e-13,  Error =5.437785546291707e-07
Completed 13 % :  mod = 1.904784532512134e-12,  Error =5.890927639029542e-07
Completed 14 % :  mod = 3.99813131645901e-12,  Error =6.344021201698524e-07
Completed 15 % :  mod = 8.390387131831968e-12,  Error =6.796947644716056e-07
Completed 16 % :  mod = 1.7592471340699693e-11,  Error =7.249125033581549e-07
Completed 17 % :  mod = 3.6744839709232854e-11,  Error =7.697998327671485e-07
Completed 18 % :  mod = 7.545328578588573e-11,  Error =8.133147701983034e-07
Completed 19 % :  mod = 1.4382597804160377e-10,  Error =8.51970263227031e-07
Completed 20 % :  mod = 2.050863799310255e-10,  Error =8.810489973143376e-07
Completed 21 % :  mod = 1.5566896617108342e-10,  Error =9.08845890990051e-07
Completed 22 % :  mod = 8.493960731176396e-11,  Error =9.46233150500575e-07
Completed 23 % :  mod = 4.100455964007036e-11,  Error =9.892990888715758e-07
Completed 24 % :  mod = 2.0124168330609208e-11,  Error =1.0340704363898112e-06
Completed 25 % :  mod = 1.0228307974317805e-11,  Error =1.0792542610715827e-06
Completed 26 % :  mod = 5.982981867479091e-12,  Error =1.1245322397712698e-06
Completed 27 % :  mod = 5.373296071081484e-12,  Error =1.1698299076101648e-06
Completed 28 % :  mod = 7.87031601062875e-12,  Error =1.2151197239518297e-06
Completed 28 % :  mod = 1.458863726929977e-11,  Error =1.2603629002683192e-06
Completed 30 % :  mod = 3.003001190864874e-11,  Error =1.3053895528969406e-06
Completed 31 % :  mod = 6.205810600314253e-11,  Error =1.3494999606677993e-06
Completed 32 % :  mod = 1.2017031183747724e-10,  Error =1.3901274158456545e-06
Completed 33 % :  mod = 1.9644697444250265e-10,  Error =1.4219709498775046e-06
Completed 34 % :  mod = 1.7937504654821597e-10,  Error =1.4484266301906246e-06
Completed 35 % :  mod = 1.0154556451658833e-10,  Error =1.4830606573923433e-06
Completed 36 % :  mod = 5.086694218521014e-11,  Error =1.5250702247726622e-06
Completed 37 % :  mod = 2.459758523037031e-11,  Error =1.5695697683781873e-06
Completed 38 % :  mod = 1.1810966048280553e-11,  Error =1.6146928132343419e-06
Completed 39 % :  mod = 6.0572706512261814e-12,  Error =1.6599612848722245e-06
Completed 40 % :  mod = 3.652355426044988e-12,  Error =1.7052629601721492e-06
Completed 41 % :  mod = 3.3490583828841784e-12,  Error =1.7505707532450288e-06
Completed 42 % :  mod = 5.028389224774804e-12,  Error =1.795875540722136e-06
Completed 43 % :  mod = 9.578757171089909e-12,  Error =1.8411601487855478e-06
Completed 44 % :  mod = 1.943354960184116e-11,  Error =1.886354141333868e-06
Completed 45 % :  mod = 4.0762703211207993e-11,  Error =1.9311463361759706e-06
Completed 46 % :  mod = 8.280417784585539e-11,  Error =1.974292082707052e-06
Completed 47 % :  mod = 1.5391966048701433e-10,  Error =2.0118523380574516e-06
Completed 48 % :  mod = 2.067382732619181e-10,  Error =2.039857108115939e-06
Completed 49 % :  mod = 1.440540509862372e-10,  Error =2.068692545265094e-06
Completed 50 % :  mod = 7.755225297543608e-11,  Error =2.107166899634194e-06
Completed 51 % :  mod = 3.771614247896271e-11,  Error =2.1506070382315556e-06
Completed 52 % :  mod = 1.8351652623513692e-11,  Error =2.195465569343469e-06
Completed 53 % :  mod = 9.958156436515131e-12,  Error =2.2406656086104704e-06
Completed 54 % :  mod = 6.7761923641297916e-12,  Error =2.2859421378029765e-06
Completed 55 % :  mod = 7.541903585762962e-12,  Error =2.3312283232712616e-06
Completed 56 % :  mod = 1.2967877620402873e-11,  Error =2.3764830956451988e-06
Completed 56 % :  mod = 2.539359938299126e-11,  Error =2.4215880642941556e-06
Completed 57 % :  mod = 5.151144600004222e-11,  Error =2.466041713944378e-06
Completed 59 % :  mod = 1.0535743635659335e-10,  Error =2.5079034031705305e-06
Completed 60 % :  mod = 1.7928946039681114e-10,  Error =2.5422910283623423e-06
Completed 61 % :  mod = 1.950455168353305e-10,  Error =2.5685971678512942e-06
Completed 62 % :  mod = 1.1983990449725571e-10,  Error =2.6007706992459134e-06
Completed 63 % :  mod = 5.993449613996985e-11,  Error =2.641515990831067e-06
Completed 64 % :  mod = 3.011232523853793e-11,  Error =2.6856622739046543e-06
Completed 65 % :  mod = 1.4939072745635942e-11,  Error =2.7306897578682765e-06
Completed 66 % :  mod = 8.747967439682289e-12,  Error =2.775924649256467e-06
Completed 67 % :  mod = 7.794418002802783e-12,  Error =2.821201555036623e-06
Completed 68 % :  mod = 1.1031560082814669e-11,  Error =2.866467504247794e-06
Completed 69 % :  mod = 2.038188746022933e-11,  Error =2.9116386599525867e-06
Completed 70 % :  mod = 4.242100523065277e-11,  Error =2.9563897498974256e-06
Completed 71 % :  mod = 8.437345373190459e-11,  Error =2.9994275934086545e-06
Completed 72 % :  mod = 1.5633335646917128e-10,  Error =3.0366798355885294e-06
Completed 73 % :  mod = 2.0756221978802206e-10,  Error =3.064492489102122e-06
Completed 74 % :  mod = 1.4041743231357366e-10,  Error =3.0935844748114505e-06
Completed 75 % :  mod = 7.65404631850753e-11,  Error =3.1322832541036405e-06
Completed 76 % :  mod = 3.7702081666777873e-11,  Error =3.1757740259763523e-06
Completed 77 % :  mod = 1.912414488412791e-11,  Error =3.2206203357532104e-06
Completed 78 % :  mod = 1.2612643528565752e-11,  Error =3.265792202000739e-06
Completed 79 % :  mod = 1.2556905301439992e-11,  Error =3.3110211674625134e-06
Completed 80 % :  mod = 1.9238001348729684e-11,  Error =3.356191001557818e-06
Completed 81 % :  mod = 3.844195731633603e-11,  Error =3.401029701421976e-06
Completed 82 % :  mod = 7.653179483372778e-11,  Error =3.4444906660269226e-06
Completed 83 % :  mod = 1.4196938145115273e-10,  Error =3.48306296160672e-06
Completed 84 % :  mod = 2.0851243208947147e-10,  Error =3.5120788837161854e-06
Completed 85 % :  mod = 1.5385661130359365e-10,  Error =3.5399378006673032e-06
Completed 86 % :  mod = 8.45943674482984e-11,  Error =3.5773038220554554e-06
Completed 87 % :  mod = 4.227648792286693e-11,  Error =3.6203626123665344e-06
Completed 88 % :  mod = 2.0675568012112716e-11,  Error =3.665107890071795e-06
Completed 89 % :  mod = 1.2309971189902312e-11,  Error =3.710265261247514e-06
Completed 90 % :  mod = 1.0396689656701977e-11,  Error =3.7555103418185354e-06
Completed 91 % :  mod = 1.4032270837227736e-11,  Error =3.8007418012853122e-06
Completed 92 % :  mod = 2.6527849731923737e-11,  Error =3.845818731917916e-06
Completed 93 % :  mod = 5.3728989452945785e-11,  Error =3.8902269210439044e-06
Completed 94 % :  mod = 1.0374073349551332e-10,  Error =3.931988025840383e-06
Completed 95 % :  mod = 1.842713648963793e-10,  Error =3.966066408622737e-06
Completed 96 % :  mod = 1.937448565308428e-10,  Error =3.99250522065131e-06
Completed 97 % :  mod = 1.1552930896269787e-10,  Error =4.024835618565703e-06
Completed 98 % :  mod = 6.094645810809983e-11,  Error =4.065745457637604e-06
Completed 99 % :  mod = 2.955140222655597e-11,  Error =4.1099100016595e-06
Completed 100 % :  mod = 1.5620539807160025e-11,  Error =4.154928831212601e-06
Finished 72/201 frames
Finished all frames!
