/opt/local/miniconda_23_9/lib/python3.11/site-packages/conda/base/context.py:201: FutureWarning: Adding 'defaults' to channel list implicitly is deprecated and will be removed in 25.3. 

To remove this warning, please choose a default channel explicitly with conda's regular configuration system, e.g. by adding 'defaults' to the list of channels:

  conda config --add channels defaults

For more information see https://docs.conda.io/projects/conda/en/stable/user-guide/configuration/use-condarc.html

  deprecated.topic(
JOB 13556 ARRAY_ID 40  -> i=40 ; range=[2.0e-10, 2.09e-10] ; intervals=40 (frames=41)
Completed 0 % :  mod = 1.670243902470098e-16,  Error =-1.4210854715202004e-14
Completed 1 % :  mod = 1.7070423131154931e-16,  Error =9.327060013220034e-09
Completed 2 % :  mod = 1.8190589276197379e-16,  Error =1.8653722122508043e-08
Completed 3 % :  mod = 2.011229652639125e-16,  Error =2.798056186747999e-08
Completed 4 % :  mod = 2.2920221944496797e-16,  Error =3.7307415823306656e-08
Completed 5 % :  mod = 2.6738092290728045e-16,  Error =4.6635079797852086e-08
Completed 6 % :  mod = 3.173413672497243e-16,  Error =5.5962573242140934e-08
Completed 7 % :  mod = 3.812849777639261e-16,  Error =6.528834717300924e-08
Completed 8 % :  mod = 4.620293368087321e-16,  Error =7.461519402340855e-08
Completed 9 % :  mod = 5.631323227855409e-16,  Error =8.394090400543064e-08
Completed 10 % :  mod = 6.890488843356322e-16,  Error =9.326713268364983e-08
Completed 11 % :  mod = 8.453273484974988e-16,  Error =1.0259364557896333e-07
Completed 12 % :  mod = 1.0388538918172365e-15,  Error =1.1192084770073052e-07
Completed 13 % :  mod = 1.2781559619328538e-15,  Error =1.212477656054034e-07
Completed 14 % :  mod = 1.5737780565241697e-15,  Error =1.3057434244956312e-07
Completed 15 % :  mod = 1.9387463180926488e-15,  Error =1.3990118219453507e-07
Completed 16 % :  mod = 2.3891425131408855e-15,  Error =1.492285264248494e-07
Completed 17 % :  mod = 2.9448126767694025e-15,  Error =1.5855491852789783e-07
Completed 18 % :  mod = 3.630241586255052e-15,  Error =1.678813674743651e-07
Completed 19 % :  mod = 4.475631627960248e-15,  Error =1.77208384855021e-07
Completed 20 % :  mod = 5.518233641292868e-15,  Error =1.8653560829307025e-07
Completed 21 % :  mod = 6.803988317752663e-15,  Error =1.9586224198064883e-07
Completed 22 % :  mod = 8.389550504106272e-15,  Error =2.0518886856280005e-07
Completed 23 % :  mod = 1.034478560002679e-14,  Error =2.1451478460221551e-07
Completed 24 % :  mod = 1.2755848081504481e-14,  Error =2.238410630184262e-07
Completed 25 % :  mod = 1.5728977777560404e-14,  Error =2.3316781749826987e-07
Completed 26 % :  mod = 1.939518110613837e-14,  Error =2.424952327828578e-07
Completed 27 % :  mod = 2.391600368961557e-14,  Error =2.518213406688119e-07
Completed 28 % :  mod = 2.949064858161838e-14,  Error =2.6114742723848394e-07
Completed 28 % :  mod = 3.636475371175083e-14,  Error =2.704749064719181e-07
Completed 30 % :  mod = 4.484121540571902e-14,  Error =2.7980158989748816e-07
Completed 31 % :  mod = 5.529353477287466e-14,  Error =2.8912790384083564e-07
Completed 32 % :  mod = 6.81822748036976e-14,  Error =2.9845486437807267e-07
Completed 33 % :  mod = 8.40753532862237e-14,  Error =3.077822938735153e-07
Completed 34 % :  mod = 1.0367306517125887e-13,  Error =3.1710883519053823e-07
Completed 35 % :  mod = 1.2783893597273437e-13,  Error =3.2643599467974127e-07
Completed 36 % :  mod = 1.576377643314058e-13,  Error =3.357623370447982e-07
Completed 37 % :  mod = 1.943825267742932e-13,  Error =3.4508973101310403e-07
Completed 38 % :  mod = 2.396922058726857e-13,  Error =3.544164357549562e-07
Completed 39 % :  mod = 2.955630791610224e-13,  Error =3.637424939029188e-07
Completed 40 % :  mod = 3.6445659003193714e-13,  Error =3.730691702230615e-07
Completed 41 % :  mod = 4.4940763489680127e-13,  Error =3.823970118332909e-07
Completed 42 % :  mod = 5.541579676618362e-13,  Error =3.917234039363393e-07
Completed 43 % :  mod = 6.833204675827581e-13,  Error =4.010499878859264e-07
Completed 44 % :  mod = 8.425812611750705e-13,  Error =4.1037677789290683e-07
Completed 45 % :  mod = 1.0389481400739545e-12,  Error =4.197034328967675e-07
Completed 46 % :  mod = 1.2810553510529342e-12,  Error =4.29030144744047e-07
Completed 47 % :  mod = 1.579536558941811e-12,  Error =4.383571763355576e-07
Completed 48 % :  mod = 1.9474793650891162e-12,  Error =4.4768422924335027e-07
Completed 49 % :  mod = 2.4009756993389313e-12,  Error =4.570089942035338e-07
Completed 50 % :  mod = 2.9597816656151314e-12,  Error =4.6633393679940127e-07
Completed 51 % :  mod = 3.648095999583535e-12,  Error =4.756573588338142e-07
Completed 52 % :  mod = 4.495454362513981e-12,  Error =4.849785710803189e-07
Completed 53 % :  mod = 5.5377101127161255e-12,  Error =4.942987814615663e-07
Completed 54 % :  mod = 6.818017970862526e-12,  Error =5.036156878190923e-07
Completed 55 % :  mod = 8.387632179100823e-12,  Error =5.129262348191332e-07
Completed 56 % :  mod = 1.0306136602109557e-11,  Error =5.222287171591233e-07
Completed 56 % :  mod = 1.2640380201422726e-11,  Error =5.315196602850847e-07
Completed 57 % :  mod = 1.546081655156204e-11,  Error =5.407918024502578e-07
Completed 59 % :  mod = 1.8833072236722125e-11,  Error =5.500382229683964e-07
Completed 60 % :  mod = 2.280146569669781e-11,  Error =5.592463878656417e-07
Completed 61 % :  mod = 2.7360409293460488e-11,  Error =5.684024699803558e-07
Completed 62 % :  mod = 3.241083701041713e-11,  Error =5.774850464490555e-07
Completed 63 % :  mod = 3.770554184493061e-11,  Error =5.864775900477071e-07
Completed 64 % :  mod = 4.2803866579820567e-11,  Error =5.953644190981322e-07
Completed 65 % :  mod = 4.7080332910880555e-11,  Error =6.041421301006267e-07
Completed 66 % :  mod = 4.98403496128099e-11,  Error =6.128326930365802e-07
Completed 67 % :  mod = 5.054645737899194e-11,  Error =6.214757561906481e-07
Completed 68 % :  mod = 4.904938325586378e-11,  Error =6.301304296130184e-07
Completed 69 % :  mod = 4.5659852039697864e-11,  Error =6.388485331854099e-07
Completed 70 % :  mod = 4.1002731686221146e-11,  Error =6.47665359565508e-07
Completed 71 % :  mod = 3.576882547596356e-11,  Error =6.565902737065699e-07
Completed 72 % :  mod = 3.052300448636216e-11,  Error =6.656183586528641e-07
Completed 73 % :  mod = 2.5632279951619102e-11,  Error =6.74730664229628e-07
Completed 74 % :  mod = 2.12833597702076e-11,  Error =6.83907785514748e-07
Completed 75 % :  mod = 1.7535234685661332e-11,  Error =6.931318949909837e-07
Completed 76 % :  mod = 1.4371045324480698e-11,  Error =7.023895705060568e-07
Completed 77 % :  mod = 1.1736113087294724e-11,  Error =7.116692088970922e-07
Completed 78 % :  mod = 9.561648328277107e-12,  Error =7.209650760842123e-07
Completed 79 % :  mod = 7.77784612669006e-12,  Error =7.302703295408719e-07
Completed 80 % :  mod = 6.320257509101049e-12,  Error =7.395833989676248e-07
Completed 81 % :  mod = 5.132303589676797e-12,  Error =7.489007174399376e-07
Completed 82 % :  mod = 4.165753223524746e-12,  Error =7.582216809964848e-07
Completed 83 % :  mod = 3.380223680617519e-12,  Error =7.675448401300855e-07
Completed 84 % :  mod = 2.7422832194287226e-12,  Error =7.768686955955673e-07
Completed 85 % :  mod = 2.224453620355912e-12,  Error =7.86194021884512e-07
Completed 86 % :  mod = 1.8042549426997677e-12,  Error =7.955200587161926e-07
Completed 87 % :  mod = 1.4633519271541683e-12,  Error =8.048457686982147e-07
Completed 88 % :  mod = 1.1868193505418021e-12,  Error =8.141726723920328e-07
Completed 89 % :  mod = 9.62523527377121e-13,  Error =8.234992137090558e-07
Completed 90 % :  mod = 7.806085711587116e-13,  Error =8.328253144895825e-07
Completed 91 % :  mod = 6.330732737217019e-13,  Error =8.421514436918187e-07
Completed 92 % :  mod = 5.134245017140889e-13,  Error =8.514779423762775e-07
Completed 93 % :  mod = 4.1639426534491893e-13,  Error =8.608043842173174e-07
Completed 94 % :  mod = 3.377092881833257e-13,  Error =8.701314087034007e-07
Completed 95 % :  mod = 2.739036161160963e-13,  Error =8.794590442562367e-07
Completed 96 % :  mod = 2.2216637779364861e-13,  Error =8.887861966400123e-07
Completed 97 % :  mod = 1.802181852804983e-13,  Error =8.981127308516079e-07
Completed 98 % :  mod = 1.462108334290998e-13,  Error =9.074384905716215e-07
Completed 99 % :  mod = 1.1864593461706168e-13,  Error =9.167653729491576e-07
Completed 100 % :  mod = 9.630893371081871e-14,  Error =9.260910189823335e-07
Finished 41/41 frames
Finished all frames!
