/opt/local/miniconda_23_9/lib/python3.11/site-packages/conda/base/context.py:201: FutureWarning: Adding 'defaults' to channel list implicitly is deprecated and will be removed in 25.3. 

To remove this warning, please choose a default channel explicitly with conda's regular configuration system, e.g. by adding 'defaults' to the list of channels:

  conda config --add channels defaults

For more information see https://docs.conda.io/projects/conda/en/stable/user-guide/configuration/use-condarc.html

  deprecated.topic(
JOB 13935 ARRAY_ID 64  -> i=64 ; range=[1.9e-10, 5.0e-10] ; intervals=200 (frames=201)
Analytic t0 extension enabled (--extend-time-using-t0).
Density options: centers='2.0e-10,4.0e-10' width='2.0e-11,5.0e-11' strength='7.0'
Completed 0 % :  mod = 2.6345779716784356e-16,  Error =-1.4210854715202004e-14
Completed 1 % :  mod = 3.533250955680318e-16,  Error =5.7736912140171626e-08
Completed 2 % :  mod = 6.842357089483658e-16,  Error =1.1547405875944605e-07
Completed 3 % :  mod = 1.481941502060976e-15,  Error =1.7321086431820731e-07
Completed 4 % :  mod = 3.2906485196032292e-15,  Error =2.309475135575667e-07
Completed 5 % :  mod = 7.344282003448542e-15,  Error =2.8868442569773833e-07
Completed 6 % :  mod = 1.6408287441758234e-14,  Error =3.464219489046627e-07
Completed 7 % :  mod = 3.6666256117253005e-14,  Error =4.0415925894876636e-07
Completed 8 % :  mod = 8.193845653042359e-14,  Error =4.618956666035956e-07
Completed 9 % :  mod = 1.8311020250073353e-13,  Error =5.196330477019728e-07
Completed 10 % :  mod = 4.092021057853819e-13,  Error =5.77370009580136e-07
Completed 11 % :  mod = 9.144553289946933e-13,  Error =6.351061898612897e-07
Completed 12 % :  mod = 2.0435394856963974e-12,  Error =6.928425761998369e-07
Completed 13 % :  mod = 4.566494859723729e-12,  Error =7.505716652644878e-07
Completed 14 % :  mod = 1.020187501339516e-11,  Error =8.082733913283846e-07
Completed 15 % :  mod = 2.2764743797048994e-11,  Error =8.658333214839331e-07
Completed 16 % :  mod = 5.0497552090597075e-11,  Error =9.22703144112802e-07
Completed 17 % :  mod = 1.0871266493193783e-10,  Error =9.764350608065797e-07
Completed 18 % :  mod = 2.0142480113864192e-10,  Error =1.0198139648309734e-06
Completed 19 % :  mod = 2.1202426856995677e-10,  Error =1.0521131343921297e-06
Completed 20 % :  mod = 1.1510223294799638e-10,  Error =1.0941484305249105e-06
Completed 21 % :  mod = 5.435316538750957e-11,  Error =1.1472838394865903e-06
Completed 22 % :  mod = 2.5883130918630602e-11,  Error =1.203993150511451e-06
Completed 23 % :  mod = 1.2879309948978557e-11,  Error =1.261493046911255e-06
Completed 24 % :  mod = 9.503398577620199e-12,  Error =1.3191498382525424e-06
Completed 25 % :  mod = 1.2762879541095782e-11,  Error =1.3768110349587914e-06
Completed 26 % :  mod = 2.3811556927959425e-11,  Error =1.4343349263867822e-06
Completed 27 % :  mod = 5.1188952571491714e-11,  Error =1.4911526733385472e-06
Completed 28 % :  mod = 1.1184340691046406e-10,  Error =1.544766782046736e-06
Completed 28 % :  mod = 1.9950005208922165e-10,  Error =1.5879935872931128e-06
Completed 30 % :  mod = 2.1193550444539363e-10,  Error =1.6201949222249823e-06
Completed 31 % :  mod = 1.1576981175276913e-10,  Error =1.6624187111347055e-06
Completed 32 % :  mod = 5.390377369772774e-11,  Error =1.7155236022858844e-06
Completed 33 % :  mod = 2.819644054772305e-11,  Error =1.7721795302350074e-06
Completed 34 % :  mod = 1.736103807916369e-11,  Error =1.8296009614005015e-06
Completed 35 % :  mod = 1.8871724458371844e-11,  Error =1.8871276026288797e-06
Completed 36 % :  mod = 3.5316135675833326e-11,  Error =1.944403415166107e-06
Completed 37 % :  mod = 7.170546765718818e-11,  Error =2.0003531631118676e-06
Completed 38 % :  mod = 1.4330477971531473e-10,  Error =2.050705354861293e-06
Completed 39 % :  mod = 2.338820751724276e-10,  Error =2.087808894657428e-06
Completed 40 % :  mod = 1.6579666037329896e-10,  Error =2.1220129582388836e-06
Completed 41 % :  mod = 8.665381568494064e-11,  Error =2.169812212571287e-06
Completed 42 % :  mod = 4.0748596928308695e-11,  Error =2.2250338957974236e-06
Completed 43 % :  mod = 1.9973374175088163e-11,  Error =2.282176893686483e-06
Completed 44 % :  mod = 1.466268900007566e-11,  Error =2.3397231601052226e-06
Completed 45 % :  mod = 1.867858702699491e-11,  Error =2.3972941676220216e-06
Completed 46 % :  mod = 3.355534397914485e-11,  Error =2.4545892998162344e-06
Completed 47 % :  mod = 7.386517035630377e-11,  Error =2.5104668779363237e-06
Completed 48 % :  mod = 1.5078729685048937e-10,  Error =2.5606026383684366e-06
Completed 49 % :  mod = 2.2409299170128344e-10,  Error =2.5972943404894977e-06
Completed 50 % :  mod = 1.6863679456390742e-10,  Error =2.6319284884834815e-06
Completed 51 % :  mod = 8.400457889897778e-11,  Error =2.6802008363802088e-06
Completed 52 % :  mod = 3.8472738471718654e-11,  Error =2.735513518814514e-06
Completed 53 % :  mod = 2.1775507414283302e-11,  Error =2.792665412698625e-06
Completed 54 % :  mod = 1.713462107366123e-11,  Error =2.85017635803797e-06
Completed 55 % :  mod = 2.3511822801444836e-11,  Error =2.9076483158974042e-06
Completed 56 % :  mod = 4.8663204975207353e-11,  Error =2.964551676143401e-06
Completed 56 % :  mod = 1.0141318180718322e-10,  Error =3.0188257937879825e-06
Completed 57 % :  mod = 1.8581927809878087e-10,  Error =3.063804960845573e-06
Completed 59 % :  mod = 2.2568153615924772e-10,  Error =3.0965286725859187e-06
Completed 60 % :  mod = 1.2400295450029235e-10,  Error =3.1366929533760413e-06
Completed 61 % :  mod = 6.188190343612479e-11,  Error =3.1887607292446773e-06
Completed 62 % :  mod = 3.460962495979161e-11,  Error =3.2450580960130537e-06
Completed 63 % :  mod = 2.4584308971766213e-11,  Error =3.302265433546836e-06
Completed 64 % :  mod = 3.31305334483356e-11,  Error =3.359453039308846e-06
Completed 65 % :  mod = 6.861284916356987e-11,  Error =3.415605085876905e-06
Completed 66 % :  mod = 1.2910940727447384e-10,  Error =3.4673041042765362e-06
Completed 67 % :  mod = 2.1931637535506408e-10,  Error =3.5063788672573537e-06
Completed 68 % :  mod = 1.913002971270228e-10,  Error =3.539797539531264e-06
Completed 69 % :  mod = 9.24883317273787e-11,  Error =3.5855951949770315e-06
Completed 70 % :  mod = 4.7074776095852594e-11,  Error =3.640095329160431e-06
Completed 71 % :  mod = 2.7929229477470636e-11,  Error =3.6969751775473014e-06
Completed 72 % :  mod = 2.408398243081936e-11,  Error =3.7542991719874408e-06
Completed 73 % :  mod = 3.830022749176293e-11,  Error =3.811396346975471e-06
Completed 74 % :  mod = 8.185777446014582e-11,  Error =3.866932715368421e-06
Completed 75 % :  mod = 1.5098072498980743e-10,  Error =3.916282771854185e-06
Completed 76 % :  mod = 2.311629688002332e-10,  Error =3.951846437644235e-06
Completed 77 % :  mod = 1.6198298344133225e-10,  Error =3.987445644781928e-06
Completed 78 % :  mod = 7.692045908368495e-11,  Error =4.0363615880778525e-06
Completed 79 % :  mod = 3.804754155828129e-11,  Error =4.09194910844235e-06
Completed 80 % :  mod = 1.9499859217245688e-11,  Error =4.1491734634746535e-06
Completed 81 % :  mod = 1.424793126338098e-11,  Error =4.206730572775541e-06
Completed 82 % :  mod = 1.9678611837116534e-11,  Error =4.264285927035871e-06
Completed 83 % :  mod = 3.815684417156425e-11,  Error =4.321502750315176e-06
Completed 84 % :  mod = 7.768902600806264e-11,  Error =4.377046828096809e-06
Completed 85 % :  mod = 1.6425602491006518e-10,  Error =4.42583093729354e-06
Completed 86 % :  mod = 2.293272642297566e-10,  Error =4.461294132340754e-06
Completed 87 % :  mod = 1.5039317421861016e-10,  Error =4.497034517214615e-06
Completed 88 % :  mod = 8.110350580047287e-11,  Error =4.546543486583232e-06
Completed 89 % :  mod = 3.7755845536672177e-11,  Error =4.6021200006407526e-06
Completed 90 % :  mod = 2.400923757412941e-11,  Error =4.6592280043000756e-06
Completed 91 % :  mod = 2.7979549492642983e-11,  Error =4.716554251160687e-06
Completed 92 % :  mod = 4.701911815394682e-11,  Error =4.773428159410287e-06
Completed 93 % :  mod = 9.360351113454779e-11,  Error =4.827885533131848e-06
Completed 94 % :  mod = 1.920993602612188e-10,  Error =4.873608432376386e-06
Completed 95 % :  mod = 2.177811859472602e-10,  Error =4.906913858349071e-06
Completed 96 % :  mod = 1.293525437946126e-10,  Error =4.9461485289725715e-06
Completed 97 % :  mod = 6.745159432874147e-11,  Error =4.997939321071954e-06
Completed 98 % :  mod = 3.199666964931269e-11,  Error =5.0541498879397295e-06
Completed 99 % :  mod = 2.2588437546641344e-11,  Error =5.111396049528594e-06
Completed 100 % :  mod = 2.984147834409148e-11,  Error =5.168718146819629e-06
Finished 65/201 frames
Finished all frames!
