/opt/local/miniconda_23_9/lib/python3.11/site-packages/conda/base/context.py:201: FutureWarning: Adding 'defaults' to channel list implicitly is deprecated and will be removed in 25.3. 

To remove this warning, please choose a default channel explicitly with conda's regular configuration system, e.g. by adding 'defaults' to the list of channels:

  conda config --add channels defaults

For more information see https://docs.conda.io/projects/conda/en/stable/user-guide/configuration/use-condarc.html

  deprecated.topic(
JOB 14047 ARRAY_ID 176  -> i=176 ; range=[1.9e-10, 5.0e-10] ; intervals=200 (frames=201)
Analytic t0 extension enabled (--extend-time-using-t0).
Density options: centers='2.0e-10,4.0e-10' width='2.0e-11,5.0e-11' strength='7.0'
Completed 0 % :  mod = 3.599919558246596e-16,  Error =-1.4210854715202004e-14
Completed 1 % :  mod = 6.094119312753611e-16,  Error =2.0127016142623688e-07
Completed 2 % :  mod = 1.7032925081841657e-15,  Error =4.0254121103089346e-07
Completed 3 % :  mod = 5.157421271916849e-15,  Error =6.038117135176435e-07
Completed 4 % :  mod = 1.5758175957560193e-14,  Error =8.05082819965719e-07
Completed 5 % :  mod = 4.819499627824389e-14,  Error =1.0063538411486661e-06
Completed 6 % :  mod = 1.4741550340661897e-13,  Error =1.2076251039161434e-06
Completed 7 % :  mod = 4.509092711049403e-13,  Error =1.40889478217332e-06
Completed 8 % :  mod = 1.3792256845571082e-12,  Error =1.6101649364941295e-06
Completed 9 % :  mod = 4.2186963869844905e-12,  Error =1.8114258963919383e-06
Completed 10 % :  mod = 1.2902989940605132e-11,  Error =2.012611446389201e-06
Completed 11 % :  mod = 3.943757117195771e-11,  Error =2.2130910437567763e-06
Completed 12 % :  mod = 1.1969942380065815e-10,  Error =2.4072720776757706e-06
Completed 13 % :  mod = 3.263168538352866e-10,  Error =2.561273603873815e-06
Completed 14 % :  mod = 2.7929443375779814e-10,  Error =2.6635762822024844e-06
Completed 15 % :  mod = 1.0970927759139784e-10,  Error =2.8309781896496133e-06
Completed 16 % :  mod = 5.627386423934167e-11,  Error =3.024695992337456e-06
Completed 17 % :  mod = 1.027465434807762e-10,  Error =3.2183998612822506e-06
Completed 18 % :  mod = 2.98047312136755e-10,  Error =3.3839516220268706e-06
Completed 19 % :  mod = 3.268118876381183e-10,  Error =3.4887889626133983e-06
Completed 20 % :  mod = 1.0757099640193564e-10,  Error =3.643777169770601e-06
Completed 21 % :  mod = 4.740619506692e-11,  Error =3.837883959079136e-06
Completed 22 % :  mod = 3.725265768326926e-11,  Error =4.037459738981397e-06
Completed 23 % :  mod = 6.594765334730344e-11,  Error =4.235770028060415e-06
Completed 24 % :  mod = 2.0051198981373871e-10,  Error =4.417591199512572e-06
Completed 25 % :  mod = 4.080416748089495e-10,  Error =4.538404077436553e-06
Completed 26 % :  mod = 1.4752174369057655e-10,  Error =4.662811100786257e-06
Completed 27 % :  mod = 9.813401438299497e-11,  Error =4.845046852608448e-06
Completed 28 % :  mod = 1.4187984511077185e-10,  Error =5.0339946113808764e-06
Completed 28 % :  mod = 2.4665086927604276e-10,  Error =5.197071430984579e-06
Completed 30 % :  mod = 3.2264290582310546e-10,  Error =5.29565625839723e-06
Completed 31 % :  mod = 1.6452413365684943e-10,  Error =5.447392574353671e-06
Completed 32 % :  mod = 9.058247809797686e-11,  Error =5.632808225186636e-06
Completed 33 % :  mod = 1.5592051958431078e-10,  Error =5.814316487828819e-06
Completed 34 % :  mod = 4.212335877273939e-10,  Error =5.9452280467553464e-06
Completed 35 % :  mod = 1.9320503587938657e-10,  Error =6.057219259503199e-06
Completed 36 % :  mod = 8.713050248934943e-11,  Error =6.2327353447244604e-06
Completed 37 % :  mod = 1.003106286451205e-10,  Error =6.4256872747137095e-06
Completed 38 % :  mod = 1.7340363228409101e-10,  Error =6.609383454758699e-06
Completed 39 % :  mod = 3.55231302634312e-10,  Error =6.735559445303352e-06
Completed 40 % :  mod = 2.0894321757231463e-10,  Error =6.858352790573008e-06
Completed 41 % :  mod = 7.539164126860126e-11,  Error =7.0404285281711054e-06
Completed 42 % :  mod = 5.779538190833353e-11,  Error =7.235889952994512e-06
Completed 43 % :  mod = 1.5025909652625148e-10,  Error =7.424721545135071e-06
Completed 44 % :  mod = 3.756500612626274e-10,  Error =7.567134595376501e-06
Completed 45 % :  mod = 2.2880102591311836e-10,  Error =7.672099684441491e-06
Completed 46 % :  mod = 1.0019993355778552e-10,  Error =7.84588306146361e-06
Completed 47 % :  mod = 4.3950798560062896e-11,  Error =8.041615210174768e-06
Completed 48 % :  mod = 7.333169641863377e-11,  Error =8.238093080592535e-06
Completed 49 % :  mod = 2.329051113789077e-10,  Error =8.415815997864229e-06
Completed 50 % :  mod = 3.9264432138735943e-10,  Error =8.533173243563397e-06
Completed 51 % :  mod = 1.4815920874223634e-10,  Error =8.662514581203595e-06
Completed 52 % :  mod = 1.0059831682808765e-10,  Error =8.844080390701947e-06
Completed 53 % :  mod = 1.845297608417131e-10,  Error =9.026319709448671e-06
Completed 54 % :  mod = 3.2049444702876286e-10,  Error =9.169155333665913e-06
Completed 55 % :  mod = 2.124407227567791e-10,  Error =9.273478397631152e-06
Completed 56 % :  mod = 2.0318855663682528e-10,  Error =9.43601541081307e-06
Completed 56 % :  mod = 1.9217528184824855e-10,  Error =9.607275337941701e-06
Completed 57 % :  mod = 2.810874808790668e-10,  Error =9.7378801555692e-06
Completed 59 % :  mod = 2.6748907835152345e-10,  Error =9.857223140841143e-06
Completed 60 % :  mod = 1.5315272725376367e-10,  Error =1.002158072083148e-05
Completed 61 % :  mod = 2.0340065468870956e-10,  Error =1.0184725653061832e-05
Completed 62 % :  mod = 3.283343973918371e-10,  Error =1.0295846053054447e-05
Completed 63 % :  mod = 2.324338797204507e-10,  Error =1.0429593338301402e-05
Completed 64 % :  mod = 1.3325589141403714e-10,  Error =1.0604547256320984e-05
Completed 65 % :  mod = 1.497087871553306e-10,  Error =1.0780532086585026e-05
Completed 66 % :  mod = 4.3394710161535133e-10,  Error =1.0905058445587201e-05
Completed 67 % :  mod = 1.8077967483514246e-10,  Error =1.1022211687361505e-05
Completed 68 % :  mod = 9.320228044678018e-11,  Error =1.1196181723960308e-05
Completed 69 % :  mod = 1.646347098539842e-10,  Error =1.1383554486599223e-05
Completed 70 % :  mod = 2.5776179717169816e-10,  Error =1.1546071007728642e-05
Completed 71 % :  mod = 3.529729924187993e-10,  Error =1.1648552522558475e-05
Completed 72 % :  mod = 1.2298244039132357e-10,  Error =1.1798337652635382e-05
Completed 73 % :  mod = 8.271604126756799e-11,  Error =1.19854762488103e-05
Completed 74 % :  mod = 1.7186445786862696e-10,  Error =1.2171629229840164e-05
Completed 75 % :  mod = 3.348704747031518e-10,  Error =1.2315669806639562e-05
Completed 76 % :  mod = 2.6676427016177845e-10,  Error =1.242003676082959e-05
Completed 77 % :  mod = 1.4110074649698532e-10,  Error =1.2586299469319329e-05
Completed 78 % :  mod = 1.0296568838742498e-10,  Error =1.2773614272987288e-05
Completed 79 % :  mod = 2.2802199996161698e-10,  Error =1.2943336507476033e-05
Completed 80 % :  mod = 3.890788036218565e-10,  Error =1.3053623412417892e-05
Completed 81 % :  mod = 1.670154544825514e-10,  Error =1.3186266372144928e-05
Completed 82 % :  mod = 1.3426345136428488e-10,  Error =1.33639645838457e-05
Completed 83 % :  mod = 2.1466168111568735e-10,  Error =1.3534437691475887e-05
Completed 84 % :  mod = 3.9633842571107693e-10,  Error =1.3660142037963396e-05
Completed 85 % :  mod = 1.6381162971956933e-10,  Error =1.3778961317711946e-05
Completed 86 % :  mod = 1.5501151205665614e-10,  Error =1.3944709678526124e-05
Completed 87 % :  mod = 3.282369227501303e-10,  Error =1.4101870625893298e-05
Completed 88 % :  mod = 2.7631508865548593e-10,  Error =1.4217622563705845e-05
Completed 89 % :  mod = 1.6590247730742443e-10,  Error =1.4356970233109223e-05
Completed 90 % :  mod = 1.7723088476977468e-10,  Error =1.4530259640821441e-05
Completed 91 % :  mod = 2.8143578991857314e-10,  Error =1.4687153431225397e-05
Completed 92 % :  mod = 2.739000388079978e-10,  Error =1.4789412475124664e-05
Completed 93 % :  mod = 1.575394305387719e-10,  Error =1.4940415006492458e-05
Completed 94 % :  mod = 1.2735884802696094e-10,  Error =1.5125190351739093e-05
Completed 95 % :  mod = 1.5461429095936886e-10,  Error =1.5305235983475995e-05
Completed 96 % :  mod = 3.85837546568704e-10,  Error =1.5426881105895518e-05
Completed 97 % :  mod = 2.1010315355041935e-10,  Error =1.555126551977537e-05
Completed 98 % :  mod = 6.067414988363868e-11,  Error =1.573337723215218e-05
Completed 99 % :  mod = 4.809074894789297e-11,  Error =1.593056286708361e-05
Completed 100 % :  mod = 1.1190513203250312e-10,  Error =1.6126137580840805e-05
Finished 177/201 frames
Finished all frames!
