/opt/local/miniconda_23_9/lib/python3.11/site-packages/conda/base/context.py:201: FutureWarning: Adding 'defaults' to channel list implicitly is deprecated and will be removed in 25.3. 

To remove this warning, please choose a default channel explicitly with conda's regular configuration system, e.g. by adding 'defaults' to the list of channels:

  conda config --add channels defaults

For more information see https://docs.conda.io/projects/conda/en/stable/user-guide/configuration/use-condarc.html

  deprecated.topic(
JOB 13910 ARRAY_ID 39  -> i=39 ; range=[1.9e-10, 5.0e-10] ; intervals=200 (frames=201)
Analytic t0 extension enabled (--extend-time-using-t0).
Density options: centers='2.0e-10,4.0e-10' width='2.0e-11,5.0e-11' strength='7.0'
Completed 0 % :  mod = 1.8825045656858105e-16,  Error =-1.4210854715202004e-14
Completed 1 % :  mod = 2.0511571438191767e-16,  Error =1.5050652280024224e-08
Completed 2 % :  mod = 2.5873338249960473e-16,  Error =3.010168825312576e-08
Completed 3 % :  mod = 3.5871062575885476e-16,  Error =4.5151679728405725e-08
Completed 4 % :  mod = 5.229612490421737e-16,  Error =6.020286491548177e-08
Completed 5 % :  mod = 7.809155110533929e-16,  Error =7.525346745751449e-08
Completed 6 % :  mod = 1.1787933840756851e-15,  Error =9.030398473441892e-08
Completed 7 % :  mod = 1.787886187209567e-15,  Error =1.0535492123153745e-07
Completed 8 % :  mod = 2.7173305249177157e-15,  Error =1.2040626273801536e-07
Completed 9 % :  mod = 4.1336632496756445e-15,  Error =1.3545700738859523e-07
Completed 10 % :  mod = 6.290661324178052e-15,  Error =1.5050694202045634e-07
Completed 11 % :  mod = 9.574813368461974e-15,  Error =1.65556649278642e-07
Completed 12 % :  mod = 1.457457021990118e-14,  Error =1.8060767814631618e-07
Completed 13 % :  mod = 2.2185782885586606e-14,  Error =1.9565802489296402e-07
Completed 14 % :  mod = 3.3772220058352983e-14,  Error =2.1070799505196192e-07
Completed 15 % :  mod = 5.140992624205171e-14,  Error =2.2575812153036168e-07
Completed 16 % :  mod = 7.825920339742914e-14,  Error =2.408087595995312e-07
Completed 17 % :  mod = 1.1913086434226755e-13,  Error =2.5585947582840163e-07
Completed 18 % :  mod = 1.8134820725601783e-13,  Error =2.7090995757816927e-07
Completed 19 % :  mod = 2.760591194297886e-13,  Error =2.859611072381085e-07
Completed 20 % :  mod = 4.2023327236442484e-13,  Error =3.0101148951189316e-07
Completed 21 % :  mod = 6.397017716478025e-13,  Error =3.16061537830592e-07
Completed 22 % :  mod = 9.737821682869196e-13,  Error =3.311122966920266e-07
Completed 23 % :  mod = 1.4823114183210303e-12,  Error =3.461626008061103e-07
Completed 24 % :  mod = 2.2563253730041906e-12,  Error =3.6121212332318464e-07
Completed 25 % :  mod = 3.4342222737990856e-12,  Error =3.7625991211598375e-07
Completed 26 % :  mod = 5.226038441745303e-12,  Error =3.9130393503228333e-07
Completed 27 % :  mod = 7.949243477468313e-12,  Error =4.063404546172933e-07
Completed 28 % :  mod = 1.2079167978710448e-11,  Error =4.2135689426459066e-07
Completed 28 % :  mod = 1.8311646539246014e-11,  Error =4.363282428698767e-07
Completed 30 % :  mod = 2.7610229666511757e-11,  Error =4.511983462407443e-07
Completed 31 % :  mod = 4.112128379956561e-11,  Error =4.658453391925832e-07
Completed 32 % :  mod = 5.95889373969039e-11,  Error =4.800307777941271e-07
Completed 33 % :  mod = 8.149390456151566e-11,  Error =4.933961790243302e-07
Completed 34 % :  mod = 9.991081416180851e-11,  Error =5.0568020526498e-07
Completed 35 % :  mod = 1.0374866718700456e-10,  Error =5.172556640786752e-07
Completed 36 % :  mod = 9.002129144180375e-11,  Error =5.291555993380825e-07
Completed 37 % :  mod = 6.831839199366264e-11,  Error =5.420905040409707e-07
Completed 38 % :  mod = 4.803549175474444e-11,  Error =5.559898781370975e-07
Completed 39 % :  mod = 3.253170146829327e-11,  Error =5.704844525666886e-07
Completed 40 % :  mod = 2.165923044287011e-11,  Error =5.852834874531254e-07
Completed 41 % :  mod = 1.4311184249199881e-11,  Error =6.002224139933787e-07
Completed 42 % :  mod = 9.424891408424735e-12,  Error =6.152238753998063e-07
Completed 43 % :  mod = 6.198287378495555e-12,  Error =6.302535098257067e-07
Completed 44 % :  mod = 4.0735858258037835e-12,  Error =6.452944916190972e-07
Completed 45 % :  mod = 2.6765800402145236e-12,  Error =6.603418114536908e-07
Completed 46 % :  mod = 1.7584951243940242e-12,  Error =6.75390040782986e-07
Completed 47 % :  mod = 1.1552268907120089e-12,  Error =6.904395846163425e-07
Completed 48 % :  mod = 7.589607841257839e-13,  Error =7.054899029412809e-07
Completed 49 % :  mod = 4.986478540396832e-13,  Error =7.205407825949806e-07
Completed 50 % :  mod = 3.2766846669324497e-13,  Error =7.355916906703897e-07
Completed 51 % :  mod = 2.15416313430021e-13,  Error =7.506416253022508e-07
Completed 52 % :  mod = 1.417511426365902e-13,  Error =7.656915670395392e-07
Completed 53 % :  mod = 9.34864824523741e-14,  Error =7.807413524574258e-07
Completed 54 % :  mod = 6.197572155699647e-14,  Error =7.957926442259122e-07
Completed 55 % :  mod = 4.1566238304549915e-14,  Error =8.108434741416204e-07
Completed 56 % :  mod = 2.8606136002950926e-14,  Error =8.258941903704908e-07
Completed 56 % :  mod = 2.0771865089191222e-14,  Error =8.409451837110282e-07
Completed 57 % :  mod = 1.6658516772492878e-14,  Error =8.559960704701552e-07
Completed 59 % :  mod = 1.553073010301417e-14,  Error =8.710456143035117e-07
Completed 60 % :  mod = 1.7185778046020142e-14,  Error =8.860961173695614e-07
Completed 61 % :  mod = 2.1919366770532773e-14,  Error =9.011460733177046e-07
Completed 62 % :  mod = 3.0581394412529114e-14,  Error =9.16196889022558e-07
Completed 63 % :  mod = 4.4722906629920356e-14,  Error =9.312480884204888e-07
Completed 64 % :  mod = 6.687593849535949e-14,  Error =9.46299216764146e-07
Completed 65 % :  mod = 1.0101541400028034e-13,  Error =9.613494995619476e-07
Completed 66 % :  mod = 1.5325175880719775e-13,  Error =9.76400414742784e-07
Completed 67 % :  mod = 2.329447663848557e-13,  Error =9.914509178088338e-07
Completed 68 % :  mod = 3.543882468771499e-13,  Error =1.006501747724542e-06
Completed 69 % :  mod = 5.393112518674511e-13,  Error =1.021551838675805e-06
Completed 70 % :  mod = 8.208693800541369e-13,  Error =1.0366026401698036e-06
Completed 71 % :  mod = 1.2495171920449407e-12,  Error =1.0516540740468372e-06
Completed 72 % :  mod = 1.901913712044439e-12,  Error =1.0667042786849379e-06
Completed 73 % :  mod = 2.894929527121024e-12,  Error =1.081753360665516e-06
Completed 74 % :  mod = 4.405812033389068e-12,  Error =1.096799636002288e-06
Completed 75 % :  mod = 6.70292810677322e-12,  Error =1.1118398077769598e-06
Completed 76 % :  mod = 1.019087419182098e-11,  Error =1.1268653992146938e-06
Completed 77 % :  mod = 1.5467416093188572e-11,  Error =1.1418590801781647e-06
Completed 78 % :  mod = 2.3385480494042446e-11,  Error =1.1567796036615619e-06
Completed 79 % :  mod = 3.504784939954627e-11,  Error =1.1715376402321453e-06
Completed 80 % :  mod = 5.149048869129316e-11,  Error =1.185948931947678e-06
Completed 81 % :  mod = 7.245795565458914e-11,  Error =1.1996941466918543e-06
Completed 82 % :  mod = 9.355868076162133e-11,  Error =1.2124214165964986e-06
Completed 83 % :  mod = 1.0449207363374357e-10,  Error =1.2241842739513231e-06
Completed 84 % :  mod = 9.726018460504331e-11,  Error =1.2358241789911517e-06
Completed 85 % :  mod = 7.736941294423945e-11,  Error =1.2483075337854643e-06
Completed 86 % :  mod = 5.577900362162552e-11,  Error =1.2618543436815344e-06
Completed 87 % :  mod = 3.823100141695769e-11,  Error =1.2761506766878483e-06
Completed 88 % :  mod = 2.55895341374765e-11,  Error =1.290852743807136e-06
Completed 89 % :  mod = 1.6947588261847184e-11,  Error =1.3057486327738843e-06
Completed 90 % :  mod = 1.1173276732465566e-11,  Error =1.3207307745233265e-06
Completed 91 % :  mod = 7.350924546485579e-12,  Error =1.3357514845324658e-06
Completed 92 % :  mod = 4.8321349638681006e-12,  Error =1.3507896028386313e-06
Completed 93 % :  mod = 3.1753923566262143e-12,  Error =1.3658346347256156e-06
Completed 94 % :  mod = 2.0861705469931764e-12,  Error =1.3808826508920902e-06
Completed 95 % :  mod = 1.3706211367726412e-12,  Error =1.3959323439394211e-06
Completed 96 % :  mod = 9.005398966577344e-13,  Error =1.410982811478334e-06
Completed 97 % :  mod = 5.917314989604044e-13,  Error =1.4260331582249819e-06
Completed 98 % :  mod = 3.890047147700808e-13,  Error =1.4410842226197929e-06
Completed 99 % :  mod = 2.559488016510477e-13,  Error =1.4561344912067398e-06
Completed 100 % :  mod = 1.687501818076037e-13,  Error =1.471184290835481e-06
Finished 40/201 frames
Finished all frames!
