/opt/local/miniconda_23_9/lib/python3.11/site-packages/conda/base/context.py:201: FutureWarning: Adding 'defaults' to channel list implicitly is deprecated and will be removed in 25.3. 

To remove this warning, please choose a default channel explicitly with conda's regular configuration system, e.g. by adding 'defaults' to the list of channels:

  conda config --add channels defaults

For more information see https://docs.conda.io/projects/conda/en/stable/user-guide/configuration/use-condarc.html

  deprecated.topic(
JOB 14022 ARRAY_ID 151  -> i=151 ; range=[1.9e-10, 5.0e-10] ; intervals=200 (frames=201)
Analytic t0 extension enabled (--extend-time-using-t0).
Density options: centers='2.0e-10,4.0e-10' width='2.0e-11,5.0e-11' strength='7.0'
Completed 0 % :  mod = 3.378102845509431e-16,  Error =-1.4210854715202004e-14
Completed 1 % :  mod = 5.435576326010402e-16,  Error =1.560630380481598e-07
Completed 2 % :  mod = 1.4114253691710565e-15,  Error =3.121264597893969e-07
Completed 3 % :  mod = 3.9985837070763676e-15,  Error =4.681905707570877e-07
Completed 4 % :  mod = 1.1456511409889488e-14,  Error =6.24254454351103e-07
Completed 5 % :  mod = 3.286988663904713e-14,  Error =7.803192971778117e-07
Completed 6 % :  mod = 9.432284791166862e-14,  Error =9.363825341779375e-07
Completed 7 % :  mod = 2.7067268718558295e-13,  Error =1.092445884864901e-06
Completed 8 % :  mod = 7.767349660763975e-13,  Error =1.2485091787084457e-06
Completed 9 % :  mod = 2.2289477707680786e-12,  Error =1.4045708027765613e-06
Completed 10 % :  mod = 6.396088238122618e-12,  Error =1.5606150753910697e-06
Completed 11 % :  mod = 1.8349570252988528e-11,  Error =1.7165203942681728e-06
Completed 12 % :  mod = 5.253831901278369e-11,  Error =1.871296738897854e-06
Completed 13 % :  mod = 1.477335041138729e-10,  Error =2.0175394084276377e-06
Completed 14 % :  mod = 3.366801801454233e-10,  Error =2.1240037852976457e-06
Completed 15 % :  mod = 2.0902122907081382e-10,  Error =2.209209128523071e-06
Completed 16 % :  mod = 9.423691694568957e-11,  Error =2.3448467558750963e-06
Completed 17 % :  mod = 4.584726909661738e-11,  Error =2.4964687455053536e-06
Completed 18 % :  mod = 6.241834836309918e-11,  Error =2.6493473228583753e-06
Completed 19 % :  mod = 1.79564551972999e-10,  Error =2.792265156870144e-06
Completed 20 % :  mod = 3.298059014440658e-10,  Error =2.8959164311004315e-06
Completed 21 % :  mod = 1.8516098953048326e-10,  Error =2.9826365164353774e-06
Completed 22 % :  mod = 1.2266791758476888e-10,  Error =3.1173317935895284e-06
Completed 23 % :  mod = 1.0424322082723243e-10,  Error =3.2634553761567986e-06
Completed 24 % :  mod = 1.682031541847405e-10,  Error =3.3981428657625656e-06
Completed 25 % :  mod = 3.826393284125267e-10,  Error =3.4872276586384032e-06
Completed 26 % :  mod = 1.6812402562474147e-10,  Error =3.585381747939209e-06
Completed 27 % :  mod = 7.977043364607119e-11,  Error =3.7237667811496067e-06
Completed 28 % :  mod = 1.1041830045982535e-10,  Error =3.871757471074488e-06
Completed 28 % :  mod = 2.0580263949863686e-10,  Error =4.0079963881112235e-06
Completed 30 % :  mod = 3.126385804425186e-10,  Error =4.099380845445921e-06
Completed 31 % :  mod = 1.7141593322954646e-10,  Error =4.200510680618663e-06
Completed 32 % :  mod = 7.957532555378926e-11,  Error =4.342496069398294e-06
Completed 33 % :  mod = 7.411243478552991e-11,  Error =4.49284073056333e-06
Completed 34 % :  mod = 1.5391927617134213e-10,  Error =4.635690558529859e-06
Completed 35 % :  mod = 3.5918612011382e-10,  Error =4.7400850746726064e-06
Completed 36 % :  mod = 2.0122584971669484e-10,  Error =4.824885493803777e-06
Completed 37 % :  mod = 8.888710694919478e-11,  Error =4.959045838859311e-06
Completed 38 % :  mod = 6.020613446418879e-11,  Error =5.1098425331019826e-06
Completed 39 % :  mod = 8.984173462031164e-11,  Error =5.260719383670676e-06
Completed 40 % :  mod = 2.135967061429848e-10,  Error =5.394318264961839e-06
Completed 41 % :  mod = 3.6981877691271857e-10,  Error =5.483298046726759e-06
Completed 42 % :  mod = 1.363211663288023e-10,  Error =5.585082696768495e-06
Completed 43 % :  mod = 8.658045163770694e-11,  Error =5.72499388340475e-06
Completed 44 % :  mod = 1.6181154624107733e-10,  Error =5.8684335755287975e-06
Completed 45 % :  mod = 2.5223827427466767e-10,  Error =5.9892217265655745e-06
Completed 46 % :  mod = 2.6945505350850817e-10,  Error =6.066588298381248e-06
Completed 47 % :  mod = 1.714608596306543e-10,  Error =6.184793960528623e-06
Completed 48 % :  mod = 8.441325102917638e-11,  Error =6.327360672742088e-06
Completed 49 % :  mod = 1.339165430118653e-10,  Error =6.467396325149366e-06
Completed 50 % :  mod = 3.745586070946065e-10,  Error =6.571449922887496e-06
Completed 51 % :  mod = 2.090885333390832e-10,  Error =6.65824482126709e-06
Completed 52 % :  mod = 9.583311484162303e-11,  Error =6.790277382151544e-06
Completed 53 % :  mod = 7.102384731103623e-11,  Error =6.940510509423348e-06
Completed 54 % :  mod = 9.356184260758127e-11,  Error =7.090461956238414e-06
Completed 55 % :  mod = 2.1512678467285328e-10,  Error =7.221005468238673e-06
Completed 56 % :  mod = 3.5757283169906437e-10,  Error =7.304480284631154e-06
Completed 56 % :  mod = 1.4339786769779946e-10,  Error =7.412114435112471e-06
Completed 57 % :  mod = 8.547069042081944e-11,  Error =7.553669526316753e-06
Completed 59 % :  mod = 1.428947719583908e-10,  Error =7.697779452087161e-06
Completed 60 % :  mod = 2.80690007602149e-10,  Error =7.818898097866622e-06
Completed 61 % :  mod = 2.591261322719095e-10,  Error =7.896968362786083e-06
Completed 62 % :  mod = 1.3705925092671578e-10,  Error =8.017631486723076e-06
Completed 63 % :  mod = 6.904536219341518e-11,  Error =8.164907008278988e-06
Completed 64 % :  mod = 7.47739124072091e-11,  Error =8.315656224056056e-06
Completed 65 % :  mod = 2.0674663728986293e-10,  Error =8.452698139649328e-06
Completed 66 % :  mod = 3.573624341976411e-10,  Error =8.548284398557371e-06
Completed 67 % :  mod = 1.477142465647274e-10,  Error =8.642413057202702e-06
Completed 68 % :  mod = 1.185213720556183e-10,  Error =8.779261094105095e-06
Completed 69 % :  mod = 1.5821568843994184e-10,  Error =8.921250511662038e-06
Completed 70 % :  mod = 2.3075807908586271e-10,  Error =9.041224352301924e-06
Completed 71 % :  mod = 2.91432983332391e-10,  Error =9.120273936957801e-06
Completed 72 % :  mod = 1.732177665622067e-10,  Error =9.236241758969754e-06
Completed 73 % :  mod = 1.1386046111895186e-10,  Error =9.373650840416303e-06
Completed 74 % :  mod = 1.9591311252277348e-10,  Error =9.501784596466223e-06
Completed 75 % :  mod = 3.842508399832167e-10,  Error =9.593475567726273e-06
Completed 76 % :  mod = 1.6461857490298428e-10,  Error =9.689816010904906e-06
Completed 77 % :  mod = 1.1193570424154809e-10,  Error =9.819448528958219e-06
Completed 78 % :  mod = 2.5350071867551024e-10,  Error =9.948329612541329e-06
Completed 79 % :  mod = 2.995819046503216e-10,  Error =1.004911877799941e-05
Completed 80 % :  mod = 1.737186184897125e-10,  Error =1.0137714710367618e-05
Completed 81 % :  mod = 2.02430915892771e-10,  Error =1.0261107213693776e-05
Completed 82 % :  mod = 2.290451155863627e-10,  Error =1.0384420050968401e-05
Completed 83 % :  mod = 2.644189111708635e-10,  Error =1.0478138790404046e-05
Completed 84 % :  mod = 1.8897917400229998e-10,  Error =1.0576153798069754e-05
Completed 85 % :  mod = 1.9803228743027704e-10,  Error =1.070282807802414e-05
Completed 86 % :  mod = 2.1853035330116034e-10,  Error =1.0823136484816587e-05
Completed 87 % :  mod = 2.602117685586351e-10,  Error =1.0907872969312393e-05
Completed 88 % :  mod = 2.5272872492337973e-10,  Error =1.1012812244359793e-05
Completed 89 % :  mod = 1.1891320798452283e-10,  Error =1.1143804350410846e-05
Completed 90 % :  mod = 1.661142495235613e-10,  Error =1.1269993827056624e-05
Completed 91 % :  mod = 3.822701109817099e-10,  Error =1.1359928620890969e-05
Completed 92 % :  mod = 1.8078128418868761e-10,  Error =1.1456992943692512e-05
Completed 93 % :  mod = 1.3266438228979031e-10,  Error =1.1586376437833223e-05
Completed 94 % :  mod = 1.9280597048523026e-10,  Error =1.1718673071925423e-05
Completed 95 % :  mod = 3.341116478412167e-10,  Error =1.1823332286553523e-05
Completed 96 % :  mod = 1.992888114499644e-10,  Error =1.1907066912897335e-05
Completed 97 % :  mod = 1.2583881350213654e-10,  Error =1.20302422885743e-05
Completed 98 % :  mod = 2.1056276226815802e-10,  Error =1.216482024801735e-05
Completed 99 % :  mod = 2.3580713390546716e-10,  Error =1.2278183625369365e-05
Completed 100 % :  mod = 2.651426534794547e-10,  Error =1.2359072542267313e-05
Finished 152/201 frames
Finished all frames!
