/opt/local/miniconda_23_9/lib/python3.11/site-packages/conda/base/context.py:201: FutureWarning: Adding 'defaults' to channel list implicitly is deprecated and will be removed in 25.3. 

To remove this warning, please choose a default channel explicitly with conda's regular configuration system, e.g. by adding 'defaults' to the list of channels:

  conda config --add channels defaults

For more information see https://docs.conda.io/projects/conda/en/stable/user-guide/configuration/use-condarc.html

  deprecated.topic(
JOB 13450 ARRAY_ID 96  -> i=96 ; range=[1.9e-10, 6.0e-10] ; intervals=200 (frames=201)
Density options: centers='2.0e-10,4.0e-10' width='5e-11,5e-11' strength=''
Completed 0 % :  mod = 2.890752604129186e-16,  Error =-1.4210854715202004e-14
Completed 1 % :  mod = 4.1372946287096363e-16,  Error =8.368676418513132e-08
Completed 2 % :  mod = 8.951981390760462e-16,  Error =1.673728675655184e-07
Completed 3 % :  mod = 2.148716368782704e-15,  Error =2.5105826750859705e-07
Completed 4 % :  mod = 5.2553612483231295e-15,  Error =3.347441079881719e-07
Completed 5 % :  mod = 1.2894409812894169e-14,  Error =4.184297708320628e-07
Completed 6 % :  mod = 3.165403938810203e-14,  Error =5.021168973939893e-07
Completed 7 % :  mod = 7.771319697200147e-14,  Error =5.858029865635217e-07
Completed 8 % :  mod = 1.907948675828611e-13,  Error =6.694892817904474e-07
Completed 9 % :  mod = 4.684243855768728e-13,  Error =7.531758043910486e-07
Completed 10 % :  mod = 1.1500363562074805e-12,  Error =8.368611332798537e-07
Completed 11 % :  mod = 2.823437647973364e-12,  Error =9.20544302118742e-07
Completed 12 % :  mod = 6.931254569265034e-12,  Error =1.0042119171771446e-06
Completed 13 % :  mod = 1.700773679307938e-11,  Error =1.0877874956349842e-06
Completed 14 % :  mod = 4.1617611086726635e-11,  Error =1.1708128795362427e-06
Completed 15 % :  mod = 1.0011344915018012e-10,  Error =1.2507101629921635e-06
Completed 16 % :  mod = 2.1557413445257914e-10,  Error =1.3169450596706156e-06
Completed 17 % :  mod = 2.5515640032279924e-10,  Error =1.3623124814898802e-06
Completed 18 % :  mod = 1.217778182053299e-10,  Error =1.4221124260416218e-06
Completed 19 % :  mod = 5.442426372586969e-11,  Error =1.4997833659435855e-06
Completed 20 % :  mod = 2.6999507198299456e-11,  Error =1.5822505972096224e-06
Completed 21 % :  mod = 1.9451827842867805e-11,  Error =1.6655491990036353e-06
Completed 22 % :  mod = 2.988070201534669e-11,  Error =1.7487665360249594e-06
Completed 23 % :  mod = 6.967250336542764e-11,  Error =1.830642638367408e-06
Completed 24 % :  mod = 1.4849833238220495e-10,  Error =1.9056144466844671e-06
Completed 25 % :  mod = 2.673436458951786e-10,  Error =1.9590981423789344e-06
Completed 26 % :  mod = 1.853731047896692e-10,  Error =2.0078269287182593e-06
Completed 27 % :  mod = 8.078985417944848e-11,  Error =2.07906453653095e-06
Completed 28 % :  mod = 3.3533389454973375e-11,  Error =2.160227126069003e-06
Completed 28 % :  mod = 1.6044463983859918e-11,  Error =2.243443802285583e-06
Completed 30 % :  mod = 1.0761113191385179e-11,  Error =2.3270019511301143e-06
Completed 31 % :  mod = 1.4533997397672715e-11,  Error =2.4105693583464927e-06
Completed 32 % :  mod = 3.2317539465383605e-11,  Error =2.4938390907891517e-06
Completed 33 % :  mod = 7.541671766138732e-11,  Error =2.575350599443027e-06
Completed 34 % :  mod = 1.6908594784541498e-10,  Error =2.6480050081545414e-06
Completed 35 % :  mod = 2.768791685818918e-10,  Error =2.6983161376392673e-06
Completed 36 % :  mod = 1.5707329013296384e-10,  Error =2.74959370472061e-06
Completed 37 % :  mod = 7.543694529825097e-11,  Error =2.823169147347926e-06
Completed 38 % :  mod = 3.393801101928257e-11,  Error =2.9047067542364857e-06
Completed 39 % :  mod = 2.196088957463212e-11,  Error =2.9878037750563635e-06
Completed 40 % :  mod = 3.1559225829427446e-11,  Error =3.070956587691853e-06
Completed 41 % :  mod = 6.745345060424062e-11,  Error =3.1528798771773836e-06
Completed 42 % :  mod = 1.4230953885288455e-10,  Error =3.2282001924954784e-06
Completed 43 % :  mod = 2.7243510666816775e-10,  Error =3.282498191481409e-06
Completed 44 % :  mod = 1.866320949235341e-10,  Error =3.3304951472246103e-06
Completed 45 % :  mod = 8.353182520708589e-11,  Error =3.4010255021144076e-06
Completed 46 % :  mod = 3.4856040085535294e-11,  Error =3.4820636471977195e-06
Completed 47 % :  mod = 1.4260859030124027e-11,  Error =3.5652855956413987e-06
Completed 48 % :  mod = 6.731819548404857e-12,  Error =3.6488869241679822e-06
Completed 49 % :  mod = 4.58511966836474e-12,  Error =3.7325500059637307e-06
Completed 50 % :  mod = 6.221367459678199e-12,  Error =3.816214231733284e-06
Completed 51 % :  mod = 1.3611412356642417e-11,  Error =3.899824442044064e-06
Completed 52 % :  mod = 3.2956893839431666e-11,  Error =3.983100285154251e-06
Completed 53 % :  mod = 7.795649885948836e-11,  Error =4.064436915030001e-06
Completed 54 % :  mod = 1.792391850850172e-10,  Error =4.136174119651059e-06
Completed 55 % :  mod = 2.7309911294015133e-10,  Error =4.1854874197611025e-06
Completed 56 % :  mod = 1.4990149012178155e-10,  Error =4.238078730622874e-06
Completed 56 % :  mod = 7.285729523649387e-11,  Error =4.312520360372218e-06
Completed 57 % :  mod = 3.2897922460424226e-11,  Error =4.394211707392515e-06
Completed 59 % :  mod = 2.3106172785004972e-11,  Error =4.4772965281936195e-06
Completed 60 % :  mod = 3.684965000743669e-11,  Error =4.560316853030599e-06
Completed 61 % :  mod = 7.900281365004586e-11,  Error =4.64159943192044e-06
Completed 62 % :  mod = 1.648130294121603e-10,  Error =4.7140726096017715e-06
Completed 63 % :  mod = 2.807385827701228e-10,  Error =4.7640806286608495e-06
Completed 64 % :  mod = 1.580643840030762e-10,  Error =4.8155389791304515e-06
Completed 65 % :  mod = 7.389598212220828e-11,  Error =4.888966593341593e-06
Completed 66 % :  mod = 3.5748568472195904e-11,  Error =4.970482798682951e-06
Completed 67 % :  mod = 2.3136676531955824e-11,  Error =5.053540590438388e-06
Completed 68 % :  mod = 3.333637600631815e-11,  Error =5.136606773703534e-06
Completed 69 % :  mod = 7.626715032798818e-11,  Error =5.2181347030000325e-06
Completed 70 % :  mod = 1.5688188374796247e-10,  Error =5.291869207724176e-06
Completed 71 % :  mod = 2.722575356162597e-10,  Error =5.343270110813592e-06
Completed 72 % :  mod = 1.733044799679293e-10,  Error =5.393618494053953e-06
Completed 73 % :  mod = 7.442407647298357e-11,  Error =5.466225992734053e-06
Completed 74 % :  mod = 3.123694212457763e-11,  Error =5.5477609990362e-06
Completed 75 % :  mod = 1.3208621586426694e-11,  Error =5.631073598522107e-06
Completed 76 % :  mod = 6.0636096440380546e-12,  Error =5.714689336855372e-06
Completed 77 % :  mod = 4.356290086327763e-12,  Error =5.798355765307406e-06
Completed 78 % :  mod = 6.7962338915805606e-12,  Error =5.882018825786872e-06
Completed 79 % :  mod = 1.4656193089417136e-11,  Error =5.965618058212385e-06
Completed 80 % :  mod = 3.527895235601261e-11,  Error =6.048825440529981e-06
Completed 81 % :  mod = 8.524192923749573e-11,  Error =6.129771477958457e-06
Completed 82 % :  mod = 1.8885845266457998e-10,  Error =6.199954768248972e-06
Completed 83 % :  mod = 2.7133295871820804e-10,  Error =6.247574731332861e-06
Completed 84 % :  mod = 1.4072265043129148e-10,  Error =6.302400791469154e-06
Completed 85 % :  mod = 6.569954395738902e-11,  Error =6.377978166938192e-06
Completed 86 % :  mod = 3.039987234736059e-11,  Error =6.459987858420391e-06
Completed 87 % :  mod = 2.0397651587858724e-11,  Error =6.54319283910354e-06
Completed 88 % :  mod = 3.0162244034536295e-11,  Error =6.626398807441092e-06
Completed 89 % :  mod = 6.639435955163574e-11,  Error =6.708403404331875e-06
Completed 90 % :  mod = 1.405452374623812e-10,  Error =6.784021756800485e-06
Completed 91 % :  mod = 2.688129706715249e-10,  Error =6.83879131457843e-06
Completed 92 % :  mod = 1.9122252704824082e-10,  Error =6.88658272451903e-06
Completed 93 % :  mod = 8.434719193301823e-11,  Error =6.956800504553939e-06
Completed 94 % :  mod = 3.504118630515651e-11,  Error =7.037761328376746e-06
Completed 95 % :  mod = 1.454933355308735e-11,  Error =7.120971972085499e-06
Completed 96 % :  mod = 6.799302842191966e-12,  Error =7.204570771079943e-06
Completed 97 % :  mod = 4.682475074846085e-12,  Error =7.2882340447222305e-06
Completed 98 % :  mod = 6.132712351900647e-12,  Error =7.371898220753792e-06
Completed 99 % :  mod = 1.3305175019195699e-11,  Error =7.45551093928043e-06
Completed 100 % :  mod = 3.233172904176553e-11,  Error =7.538797255790541e-06
Finished 97/201 frames
Finished all frames!
