/opt/local/miniconda_23_9/lib/python3.11/site-packages/conda/base/context.py:201: FutureWarning: Adding 'defaults' to channel list implicitly is deprecated and will be removed in 25.3. 

To remove this warning, please choose a default channel explicitly with conda's regular configuration system, e.g. by adding 'defaults' to the list of channels:

  conda config --add channels defaults

For more information see https://docs.conda.io/projects/conda/en/stable/user-guide/configuration/use-condarc.html

  deprecated.topic(
JOB 13533 ARRAY_ID 179  -> i=179 ; range=[1.9e-10, 6.0e-10] ; intervals=200 (frames=201)
Density options: centers='2.0e-10,4.0e-10' width='5e-11,5e-11' strength=''
Completed 0 % :  mod = 3.865187374763433e-16,  Error =-1.4210854715202004e-14
Completed 1 % :  mod = 6.939667679671483e-16,  Error =2.6748053727487786e-07
Completed 2 % :  mod = 2.1054167186712632e-15,  Error =5.349614937699698e-07
Completed 3 % :  mod = 6.866283734965695e-15,  Error =8.024417539331807e-07
Completed 4 % :  mod = 2.25504268780861e-14,  Error =1.0699211969722455e-06
Completed 5 % :  mod = 7.410907669426688e-14,  Error =1.3374005263244726e-06
Completed 6 % :  mod = 2.4356467617683335e-13,  Error =1.6048813691327268e-06
Completed 7 % :  mod = 8.004967882394456e-13,  Error =1.8723625245797848e-06
Completed 8 % :  mod = 2.6309017371743063e-12,  Error =2.139838834125385e-06
Completed 9 % :  mod = 8.646581723387205e-12,  Error =2.407277172267186e-06
Completed 10 % :  mod = 2.8413638487422692e-11,  Error =2.67430456801776e-06
Completed 11 % :  mod = 9.321530413446787e-11,  Error =2.9370018452823388e-06
Completed 12 % :  mod = 2.937414983350879e-10,  Error =3.16292227608983e-06
Completed 13 % :  mod = 3.807393381557872e-10,  Error =3.298013020014423e-06
Completed 14 % :  mod = 1.2165381613792075e-10,  Error =3.506417158405384e-06
Completed 15 % :  mod = 6.966539484059412e-11,  Error =3.7606897649311577e-06
Completed 16 % :  mod = 1.756994357291417e-10,  Error =4.009712881725136e-06
Completed 17 % :  mod = 4.217752890132798e-10,  Error =4.197733346700261e-06
Completed 18 % :  mod = 2.0269143264741286e-10,  Error =4.336130864146526e-06
Completed 19 % :  mod = 1.3631909321779688e-10,  Error =4.567112000586349e-06
Completed 20 % :  mod = 1.6303821502796977e-10,  Error =4.814159680677221e-06
Completed 21 % :  mod = 2.9128659238484767e-10,  Error =5.020747892103827e-06
Completed 22 % :  mod = 2.9253640251250475e-10,  Error =5.153002682334318e-06
Completed 23 % :  mod = 2.1272761104382733e-10,  Error =5.361793874669729e-06
Completed 24 % :  mod = 2.0356102262585018e-10,  Error =5.587684100305523e-06
Completed 25 % :  mod = 3.250813356481733e-10,  Error =5.753196894886514e-06
Completed 26 % :  mod = 2.6111867196045e-10,  Error =5.9227067481515405e-06
Completed 27 % :  mod = 1.485066197523971e-10,  Error =6.153019690202655e-06
Completed 28 % :  mod = 2.0867045285735315e-10,  Error =6.376050635026331e-06
Completed 28 % :  mod = 3.8582720825640985e-10,  Error =6.5145807113253795e-06
Completed 30 % :  mod = 1.8045021487579734e-10,  Error =6.704245819832977e-06
Completed 31 % :  mod = 1.208649862154922e-10,  Error =6.9497557007025534e-06
Completed 32 % :  mod = 1.5097804259626081e-10,  Error =7.196049743640742e-06
Completed 33 % :  mod = 4.4414484273700223e-10,  Error =7.373412813649338e-06
Completed 34 % :  mod = 2.1413033307564455e-10,  Error =7.5226418729812394e-06
Completed 35 % :  mod = 8.162484128946138e-11,  Error =7.760651172361577e-06
Completed 36 % :  mod = 9.982448750604664e-11,  Error =8.018666385112283e-06
Completed 37 % :  mod = 2.181931397736027e-10,  Error =8.261236075668421e-06
Completed 38 % :  mod = 4.24693990327569e-10,  Error =8.419678728444069e-06
Completed 39 % :  mod = 1.8164799437322803e-10,  Error =8.587911494828404e-06
Completed 40 % :  mod = 7.914109009943506e-11,  Error =8.832771314359888e-06
Completed 41 % :  mod = 1.3057897772959455e-10,  Error =9.084514900337126e-06
Completed 42 % :  mod = 3.433193600658724e-10,  Error =9.291351304341333e-06
Completed 43 % :  mod = 2.788814693488757e-10,  Error =9.42234468936931e-06
Completed 44 % :  mod = 2.0577945939064257e-10,  Error =9.636756736597363e-06
Completed 45 % :  mod = 1.51691378979135e-10,  Error =9.875644202850253e-06
Completed 46 % :  mod = 3.18340720426739e-10,  Error =1.0064279486243777e-05
Completed 47 % :  mod = 3.224105905777233e-10,  Error =1.0213502818601228e-05
Completed 48 % :  mod = 1.412679349597836e-10,  Error =1.0430628101687489e-05
Completed 49 % :  mod = 2.1029864043521894e-10,  Error =1.0651145579743115e-05
Completed 50 % :  mod = 3.803551185389672e-10,  Error =1.07963539761613e-05
Completed 51 % :  mod = 2.304569378313242e-10,  Error =1.0976082720048908e-05
Completed 52 % :  mod = 1.3744116861949918e-10,  Error =1.121432030259939e-05
Completed 53 % :  mod = 1.6758053681871266e-10,  Error =1.1449686155629024e-05
Completed 54 % :  mod = 4.972912173227992e-10,  Error =1.1608061377899048e-05
Completed 55 % :  mod = 1.6004462235210462e-10,  Error =1.1770136154609645e-05
Completed 56 % :  mod = 1.0123455073240874e-10,  Error =1.2005607928244899e-05
Completed 56 % :  mod = 2.6407902176041174e-10,  Error =1.2242410640794787e-05
Completed 57 % :  mod = 3.738918056468868e-10,  Error =1.2415193594961238e-05
Completed 59 % :  mod = 2.145482011474548e-10,  Error =1.2565479273973779e-05
Completed 60 % :  mod = 1.6556371968516288e-10,  Error =1.2788065610891408e-05
Completed 61 % :  mod = 3.0886308586220385e-10,  Error =1.3000349106562226e-05
Completed 62 % :  mod = 3.4192976504458283e-10,  Error =1.3142631715368225e-05
Completed 63 % :  mod = 1.3536961059525069e-10,  Error =1.3337550427650058e-05
Completed 64 % :  mod = 1.9828378330473683e-10,  Error =1.3578310749551292e-05
Completed 65 % :  mod = 3.0746567390974105e-10,  Error =1.3788921705781831e-05
Completed 66 % :  mod = 3.440611200707969e-10,  Error =1.3920795339572578e-05
Completed 67 % :  mod = 1.586444817985298e-10,  Error =1.4126392613889038e-05
Completed 68 % :  mod = 1.1481159430316342e-10,  Error =1.4372976501419998e-05
Completed 69 % :  mod = 2.627167213102313e-10,  Error =1.4598434219692535e-05
Completed 70 % :  mod = 4.004922027012807e-10,  Error =1.4739070572034052e-05
Completed 71 % :  mod = 1.821150555056956e-10,  Error =1.4923937520450181e-05
Completed 72 % :  mod = 1.5238343496927866e-10,  Error =1.5162235406762647e-05
Completed 73 % :  mod = 2.7774997536375845e-10,  Error =1.5374326181927245e-05
Completed 74 % :  mod = 4.4065552390642735e-10,  Error =1.55220582058746e-05
Completed 75 % :  mod = 1.4815782406370595e-10,  Error =1.5714730622562456e-05
Completed 76 % :  mod = 1.5268402511863411e-10,  Error =1.5940256957946985e-05
Completed 77 % :  mod = 4.770591482187159e-10,  Error =1.6113517517624132e-05
Completed 78 % :  mod = 2.3235536678982864e-10,  Error =1.6265830595330044e-05
Completed 79 % :  mod = 1.3605204212717048e-10,  Error =1.649284522642347e-05
Completed 80 % :  mod = 1.678281133093272e-10,  Error =1.673566893600764e-05
Completed 81 % :  mod = 3.9006324868653676e-10,  Error =1.6929392522513353e-05
Completed 82 % :  mod = 2.437101230671975e-10,  Error =1.7063706444275795e-05
Completed 83 % :  mod = 1.060393792309217e-10,  Error =1.728722598670629e-05
Completed 84 % :  mod = 1.7144581414321618e-10,  Error =1.7534716754141755e-05
Completed 85 % :  mod = 2.819758209072495e-10,  Error =1.7748521607074963e-05
Completed 86 % :  mod = 3.456500459060796e-10,  Error =1.7879429172751315e-05
Completed 87 % :  mod = 2.011577229107603e-10,  Error =1.80820312891683e-05
Completed 88 % :  mod = 1.4230094653578808e-10,  Error =1.831880150859888e-05
Completed 89 % :  mod = 3.3514400209301136e-10,  Error =1.8510249418568492e-05
Completed 90 % :  mod = 3.14943281949412e-10,  Error =1.866023627172808e-05
Completed 91 % :  mod = 1.928752428210167e-10,  Error =1.8872748739795497e-05
Completed 92 % :  mod = 1.9834010828951006e-10,  Error =1.9090266526688993e-05
Completed 93 % :  mod = 3.8350588749075645e-10,  Error =1.9231385572027193e-05
Completed 94 % :  mod = 2.422482696270621e-10,  Error =1.9414698108732864e-05
Completed 95 % :  mod = 1.0675800187310721e-10,  Error =1.9652194282571145e-05
Completed 96 % :  mod = 1.8819004815242475e-10,  Error =1.988082161830107e-05
Completed 97 % :  mod = 4.960994167964185e-10,  Error =2.0032530819946714e-05
Completed 98 % :  mod = 1.6799793833240364e-10,  Error =2.0202435351279746e-05
Completed 99 % :  mod = 1.2038691252219562e-10,  Error =2.0432332931363817e-05
Completed 100 % :  mod = 3.4261508435211174e-10,  Error =2.0642892607725116e-05
Finished 180/201 frames
Finished all frames!
