/opt/local/miniconda_23_9/lib/python3.11/site-packages/conda/base/context.py:201: FutureWarning: Adding 'defaults' to channel list implicitly is deprecated and will be removed in 25.3. 

To remove this warning, please choose a default channel explicitly with conda's regular configuration system, e.g. by adding 'defaults' to the list of channels:

  conda config --add channels defaults

For more information see https://docs.conda.io/projects/conda/en/stable/user-guide/configuration/use-condarc.html

  deprecated.topic(
JOB 13416 ARRAY_ID 62  -> i=62 ; range=[1.9e-10, 6.0e-10] ; intervals=200 (frames=201)
Density options: centers='2.0e-10,4.0e-10' width='5e-11,5e-11' strength=''
Completed 0 % :  mod = 2.270396651280841e-16,  Error =-1.4210854715202004e-14
Completed 1 % :  mod = 2.762884581756005e-16,  Error =3.184277375112288e-08
Completed 2 % :  mod = 4.454006414319486e-16,  Error =6.368578908677591e-08
Completed 3 % :  mod = 8.07742878248957e-16,  Error =9.552971391713072e-08
Completed 4 % :  mod = 1.520511642175002e-15,  Error =1.2737317689470729e-07
Completed 5 % :  mod = 2.8929304306817196e-15,  Error =1.592163627606169e-07
Completed 6 % :  mod = 5.520401529477137e-15,  Error =1.910598683707576e-07
Completed 7 % :  mod = 1.0542811875701267e-14,  Error =2.229028766009833e-07
Completed 8 % :  mod = 2.0139055079190884e-14,  Error =2.5474632536770514e-07
Completed 9 % :  mod = 3.8472309914206403e-14,  Error =2.8659042072831653e-07
Completed 10 % :  mod = 7.349616869250777e-14,  Error =3.1843401160358553e-07
Completed 11 % :  mod = 1.4040516970179614e-13,  Error =3.5027820644017993e-07
Completed 12 % :  mod = 2.68226650048298e-13,  Error =3.821213852006622e-07
Completed 13 % :  mod = 5.124133917299361e-13,  Error =4.139642513223407e-07
Completed 14 % :  mod = 9.788980991569348e-13,  Error =4.458064708501297e-07
Completed 15 % :  mod = 1.8700308415841473e-12,  Error =4.776480508894565e-07
Completed 16 % :  mod = 3.5722274524638594e-12,  Error =5.094873714028836e-07
Completed 17 % :  mod = 6.822648155756984e-12,  Error =5.413173340684807e-07
Completed 18 % :  mod = 1.3022304626823725e-11,  Error =5.731122740826322e-07
Completed 19 % :  mod = 2.4797354164949448e-11,  Error =6.047799487873817e-07
Completed 20 % :  mod = 4.681890582024908e-11,  Error =6.359959030532991e-07
Completed 21 % :  mod = 8.572242963235654e-11,  Error =6.657188933445468e-07
Completed 22 % :  mod = 1.4116610569628947e-10,  Error =6.915088377468237e-07
Completed 23 % :  mod = 1.7210316790306945e-10,  Error =7.120239899904846e-07
Completed 24 % :  mod = 1.316783538102067e-10,  Error =7.331896227924517e-07
Completed 25 % :  mod = 7.827270429667617e-11,  Error =7.598198408231838e-07
Completed 26 % :  mod = 4.226587334143476e-11,  Error =7.899101817088194e-07
Completed 27 % :  mod = 2.2354392992324464e-11,  Error =8.212416631181441e-07
Completed 28 % :  mod = 1.1827210888235154e-11,  Error =8.529423567438243e-07
Completed 28 % :  mod = 6.24831078270267e-12,  Error =8.8474632065072e-07
Completed 30 % :  mod = 3.442357355910046e-12,  Error =9.165784788933706e-07
Completed 31 % :  mod = 2.1179232957649013e-12,  Error =9.48417387292011e-07
Completed 32 % :  mod = 1.6968692447163953e-12,  Error =9.802598412989028e-07
Completed 33 % :  mod = 2.024651729241329e-12,  Error =1.0121014213382296e-06
Completed 34 % :  mod = 3.2379648106930102e-12,  Error =1.0439420918828546e-06
Completed 35 % :  mod = 5.818139823724475e-12,  Error =1.0757741435440948e-06
Completed 36 % :  mod = 1.0966488944927709e-11,  Error =1.1075831523044144e-06
Completed 37 % :  mod = 2.083770792270788e-11,  Error =1.1393037837592601e-06
Completed 38 % :  mod = 3.924464545643958e-11,  Error =1.1707044009767742e-06
Completed 39 % :  mod = 7.310269450649474e-11,  Error =1.2010168717324632e-06
Completed 40 % :  mod = 1.2538015350092415e-10,  Error =1.2281989967277696e-06
Completed 41 % :  mod = 1.7016011053560713e-10,  Error =1.2499181778480306e-06
Completed 42 % :  mod = 1.477275733442117e-10,  Error =1.2700731275572252e-06
Completed 43 % :  mod = 9.149746255720901e-11,  Error =1.2952344548011752e-06
Completed 44 % :  mod = 5.015505737554046e-11,  Error =1.324655130474639e-06
Completed 45 % :  mod = 2.6856414767432073e-11,  Error =1.3557749909409722e-06
Completed 46 % :  mod = 1.409965579043735e-11,  Error =1.3874142865688555e-06
Completed 47 % :  mod = 7.541761178112752e-12,  Error =1.4191996271506468e-06
Completed 48 % :  mod = 4.254261404382089e-12,  Error =1.4510251631350002e-06
Completed 49 % :  mod = 2.7501254696116864e-12,  Error =1.4828619114837238e-06
Completed 50 % :  mod = 2.4712261719105838e-12,  Error =1.5147017222716386e-06
Completed 51 % :  mod = 3.2779189581974015e-12,  Error =1.5465407159354072e-06
Completed 52 % :  mod = 5.455786534806578e-12,  Error =1.5783745297426321e-06
Completed 53 % :  mod = 1.0033450004925219e-11,  Error =1.6101879296570587e-06
Completed 54 % :  mod = 1.9010760461881104e-11,  Error =1.641928562889916e-06
Completed 55 % :  mod = 3.568413623583693e-11,  Error =1.6734053502887036e-06
Completed 56 % :  mod = 6.681126998356823e-11,  Error =1.7039700850318695e-06
Completed 56 % :  mod = 1.16908493430943e-10,  Error =1.7318080551831372e-06
Completed 57 % :  mod = 1.663433517617452e-10,  Error =1.7543277479603603e-06
Completed 59 % :  mod = 1.5556306043847532e-10,  Error =1.7741765390155706e-06
Completed 60 % :  mod = 9.932404691529137e-11,  Error =1.7984834883577605e-06
Completed 61 % :  mod = 5.5006970151043433e-11,  Error =1.8274520385830328e-06
Completed 62 % :  mod = 2.9722287792554015e-11,  Error =1.8584206458172048e-06
Completed 63 % :  mod = 1.5644676370127492e-11,  Error =1.8900135003718788e-06
Completed 64 % :  mod = 8.582447574772557e-12,  Error =1.9217845803609634e-06
Completed 65 % :  mod = 5.221442452543483e-12,  Error =1.953605170967876e-06
Completed 66 % :  mod = 4.012167066808365e-12,  Error =1.9854384589734764e-06
Completed 67 % :  mod = 4.603697481612131e-12,  Error =2.017273402543651e-06
Completed 68 % :  mod = 7.251277253750094e-12,  Error =2.0490990380039875e-06
Completed 69 % :  mod = 1.2839323826408887e-11,  Error =2.080893125366856e-06
Completed 70 % :  mod = 2.4114390765774907e-11,  Error =2.112567663914433e-06
Completed 71 % :  mod = 4.560768526794162e-11,  Error =2.1438208364088496e-06
Completed 72 % :  mod = 8.259543016692082e-11,  Error =2.1736713904374483e-06
Completed 73 % :  mod = 1.3859832909171352e-10,  Error =2.19973640724902e-06
Completed 74 % :  mod = 1.725029953986512e-10,  Error =2.2204746343845727e-06
Completed 75 % :  mod = 1.341019096561798e-10,  Error =2.2413845002233757e-06
Completed 76 % :  mod = 8.143670442283068e-11,  Error =2.267744257267168e-06
Completed 77 % :  mod = 4.377023372775802e-11,  Error =2.2977074038976752e-06
Completed 78 % :  mod = 2.343537254959267e-11,  Error =2.328993886635544e-06
Completed 79 % :  mod = 1.2952565918828701e-11,  Error =2.3606756087701797e-06
Completed 80 % :  mod = 7.590195679093168e-12,  Error =2.392468360312705e-06
Completed 81 % :  mod = 5.751828467674478e-12,  Error =2.424289796465473e-06
Completed 82 % :  mod = 6.434720792331889e-12,  Error =2.4561150979707236e-06
Completed 83 % :  mod = 9.692361222764192e-12,  Error =2.4879268707422852e-06
Completed 84 % :  mod = 1.728242832480751e-11,  Error =2.5196804713800702e-06
Completed 85 % :  mod = 3.252779325498525e-11,  Error =2.5512227210811034e-06
Completed 86 % :  mod = 5.949728572392888e-11,  Error =2.5820324296432773e-06
Completed 87 % :  mod = 1.0702868135117379e-10,  Error =2.610542253478343e-06
Completed 88 % :  mod = 1.6123814261879813e-10,  Error =2.634090478181861e-06
Completed 89 % :  mod = 1.6151102168487373e-10,  Error =2.653816594033742e-06
Completed 90 % :  mod = 1.0997463005898163e-10,  Error =2.6770975054546398e-06
Completed 91 % :  mod = 6.142095434435503e-11,  Error =2.705450192763692e-06
Completed 92 % :  mod = 3.297874774126778e-11,  Error =2.7362022336774316e-06
Completed 93 % :  mod = 1.7745475523960365e-11,  Error =2.767731913877469e-06
Completed 94 % :  mod = 9.571062225490318e-12,  Error =2.7994846902856807e-06
Completed 95 % :  mod = 5.801558049807081e-12,  Error =2.8312983957334836e-06
Completed 96 % :  mod = 4.504121094874441e-12,  Error =2.863130433183869e-06
Completed 97 % :  mod = 5.067125233598677e-12,  Error =2.894962875643614e-06
Completed 98 % :  mod = 7.90547052629719e-12,  Error =2.9267849512848443e-06
Completed 99 % :  mod = 1.4253887991223302e-11,  Error =2.958567712596505e-06
Completed 100 % :  mod = 2.626111404519449e-11,  Error =2.9902085856292615e-06
Finished 63/201 frames
Finished all frames!
