/opt/local/miniconda_23_9/lib/python3.11/site-packages/conda/base/context.py:201: FutureWarning: Adding 'defaults' to channel list implicitly is deprecated and will be removed in 25.3. 

To remove this warning, please choose a default channel explicitly with conda's regular configuration system, e.g. by adding 'defaults' to the list of channels:

  conda config --add channels defaults

For more information see https://docs.conda.io/projects/conda/en/stable/user-guide/configuration/use-condarc.html

  deprecated.topic(
JOB 13591 ARRAY_ID 34  -> i=34 ; range=[2.0e-10, 2.09e-10] ; intervals=40 (frames=41)
Completed 0 % :  mod = 1.6597073166694403e-16,  Error =-1.4210854715202004e-14
Completed 1 % :  mod = 1.6907716275565808e-16,  Error =9.093895414480357e-09
Completed 2 % :  mod = 1.7851273305900076e-16,  Error =1.8188082151482377e-08
Completed 3 % :  mod = 1.9463065479898922e-16,  Error =2.7281949144253304e-08
Completed 4 % :  mod = 2.1803427465179298e-16,  Error =3.637526191369034e-08
Completed 5 % :  mod = 2.4959967775044166e-16,  Error =4.5470130771718686e-08
Completed 6 % :  mod = 2.9050845535911664e-16,  Error =5.456406171333583e-08
Completed 7 % :  mod = 3.4229196875529496e-16,  Error =6.365719684708893e-08
Completed 8 % :  mod = 4.0688865919771903e-16,  Error =7.275119173755229e-08
Completed 9 % :  mod = 4.867165990073455e-16,  Error =8.184407818134787e-08
Completed 10 % :  mod = 5.847640224528838e-16,  Error =9.093791675240936e-08
Completed 11 % :  mod = 7.047011926228619e-16,  Error =1.0003106609701717e-07
Completed 12 % :  mod = 8.510177685699172e-16,  Error =1.091252173068824e-07
Completed 13 % :  mod = 1.0291908833964851e-15,  Error =1.1821802559097705e-07
Completed 14 % :  mod = 1.2458901778234249e-15,  Error =1.273103791277208e-07
Completed 15 % :  mod = 1.509227454879417e-15,  Error =1.364030950412598e-07
Completed 16 % :  mod = 1.8290603461756376e-15,  Error =1.454964646541157e-07
Completed 17 % :  mod = 2.217361294946539e-15,  Error =1.545901682220574e-07
Completed 18 % :  mod = 2.688665753008016e-15,  Error =1.6368469601957258e-07
Completed 19 % :  mod = 3.260616291272153e-15,  Error =1.7277884722943782e-07
Completed 20 % :  mod = 3.95462298507612e-15,  Error =1.8187206052289184e-07
Completed 21 % :  mod = 4.796664912335973e-15,  Error =1.9096533065976473e-07
Completed 22 % :  mod = 5.818262628847392e-15,  Error =2.0005884948659514e-07
Completed 23 % :  mod = 7.057658063364314e-15,  Error =2.091522404157331e-07
Completed 24 % :  mod = 8.561246074469031e-15,  Error =2.182456952937173e-07
Completed 25 % :  mod = 1.0385311170293473e-14,  Error =2.2733962623533444e-07
Completed 26 % :  mod = 1.2598134409969384e-14,  Error =2.364342250871232e-07
Completed 27 % :  mod = 1.52825494008718e-14,  Error =2.455274596968593e-07
Completed 28 % :  mod = 1.8539043051319647e-14,  Error =2.5462180985869054e-07
Completed 28 % :  mod = 2.248951711139051e-14,  Error =2.637153571072304e-07
Completed 30 % :  mod = 2.728185134227353e-14,  Error =2.7280891146119757e-07
Completed 31 % :  mod = 3.309543911496283e-14,  Error =2.8190275003225906e-07
Completed 32 % :  mod = 4.014790261555033e-14,  Error =2.909963825459272e-07
Completed 33 % :  mod = 4.870323900902688e-14,  Error =3.0009042717438206e-07
Completed 34 % :  mod = 5.908170242634768e-14,  Error =3.0918428706172563e-07
Completed 35 % :  mod = 7.167179153550771e-14,  Error =3.1827843827159086e-07
Completed 36 % :  mod = 8.694479137200576e-14,  Error =3.273720992069684e-07
Completed 37 % :  mod = 1.054724131473869e-13,  Error =3.364657885640554e-07
Completed 38 % :  mod = 1.279481918774243e-13,  Error =3.4555851158302175e-07
Completed 39 % :  mod = 1.5521344160068252e-13,  Error =3.546517390873305e-07
Completed 40 % :  mod = 1.8828873751229086e-13,  Error =3.6374586898091366e-07
Completed 41 % :  mod = 2.284120996297137e-13,  Error =3.7283992782022324e-07
Completed 42 % :  mod = 2.7708530070906715e-13,  Error =3.8193424956034505e-07
Completed 43 % :  mod = 3.361300192881952e-13,  Error =3.9102719995298685e-07
Completed 44 % :  mod = 4.077559180024377e-13,  Error =4.0012048430071445e-07
Completed 45 % :  mod = 4.946431566420953e-13,  Error =4.0921438682062217e-07
Completed 46 % :  mod = 6.000423586268832e-13,  Error =4.183070458907423e-07
Completed 47 % :  mod = 7.278956482617951e-13,  Error =4.2740023786791426e-07
Completed 48 % :  mod = 8.82983067316964e-13,  Error =4.3649259851008537e-07
Completed 49 % :  mod = 1.0710994545223796e-12,  Error =4.455859965446507e-07
Completed 50 % :  mod = 1.2992677009362637e-12,  Error =4.546796290583188e-07
Completed 51 % :  mod = 1.5759951008388009e-12,  Error =4.6377232365557575e-07
Completed 52 % :  mod = 1.9115801426565546e-12,  Error =4.728645066620629e-07
Completed 53 % :  mod = 2.318477213762978e-12,  Error =4.81957243891884e-07
Completed 54 % :  mod = 2.8117257360273723e-12,  Error =4.910492918952514e-07
Completed 55 % :  mod = 3.4094471209318298e-12,  Error =5.00140053816267e-07
Completed 56 % :  mod = 4.133405684489822e-12,  Error =5.092291814889904e-07
Completed 56 % :  mod = 5.009614849121075e-12,  Error =5.183180888934658e-07
Completed 57 % :  mod = 6.068941628654513e-12,  Error =5.274042678138358e-07
Completed 59 % :  mod = 7.347610518751725e-12,  Error =5.364857074141582e-07
Completed 60 % :  mod = 8.887416272236839e-12,  Error =5.455611429283636e-07
Completed 61 % :  mod = 1.0735299024410837e-11,  Error =5.546292598523905e-07
Completed 62 % :  mod = 1.2941681843363927e-11,  Error =5.636853188661917e-07
Completed 63 % :  mod = 1.5556587310601276e-11,  Error =5.72724076164377e-07
Completed 64 % :  mod = 1.8622037296505206e-11,  Error =5.817387886963843e-07
Completed 65 % :  mod = 2.2158724183784246e-11,  Error =5.907197504484429e-07
Completed 66 % :  mod = 2.614486464637231e-11,  Error =5.996561043275506e-07
Completed 67 % :  mod = 3.048655960017563e-11,  Error =6.085338739580948e-07
Completed 68 % :  mod = 3.498367129131613e-11,  Error =6.173392606001471e-07
Completed 69 % :  mod = 3.930472540556005e-11,  Error =6.260620963871588e-07
Completed 70 % :  mod = 4.29962844206244e-11,  Error =6.347022178943007e-07
Completed 71 % :  mod = 4.55548116511244e-11,  Error =6.432706882719685e-07
Completed 72 % :  mod = 4.656346089488488e-11,  Error =6.517951547380108e-07
Completed 73 % :  mod = 4.5841867593199385e-11,  Error =6.603171058827684e-07
Completed 74 % :  mod = 4.3520005446715625e-11,  Error =6.688740441518348e-07
Completed 75 % :  mod = 3.998443893760813e-11,  Error =6.77499606638321e-07
Completed 76 % :  mod = 3.573501224865133e-11,  Error =6.862081960434807e-07
Completed 77 % :  mod = 3.124062260845322e-11,  Error =6.949993291982537e-07
Completed 78 % :  mod = 2.6855348367757806e-11,  Error =7.038651688162645e-07
Completed 79 % :  mod = 2.2800259139242662e-11,  Error =7.127931596073722e-07
Completed 80 % :  mod = 1.9184773690575574e-11,  Error =7.217677548965185e-07
Completed 81 % :  mod = 1.6040537737685173e-11,  Error =7.307774509968112e-07
Completed 82 % :  mod = 1.3352295690417722e-11,  Error =7.398140766667893e-07
Completed 83 % :  mod = 1.1080496108132207e-11,  Error =7.48868160371785e-07
Completed 84 % :  mod = 9.175803128970642e-12,  Error =7.579341172458953e-07
Completed 85 % :  mod = 7.587509508340175e-12,  Error =7.670092898592884e-07
Completed 86 % :  mod = 6.267926109893865e-12,  Error =7.760906228782005e-07
Completed 87 % :  mod = 5.1743370619706745e-12,  Error =7.851751178122868e-07
Completed 88 % :  mod = 4.2695824105595226e-12,  Error =7.942630375623594e-07
Completed 89 % :  mod = 3.5219229972518052e-12,  Error =8.033523499761941e-07
Completed 90 % :  mod = 2.9045689770880327e-12,  Error =8.124434600631503e-07
Completed 91 % :  mod = 2.3950834630364213e-12,  Error =8.215350675300215e-07
Completed 92 % :  mod = 1.9747722716007564e-12,  Error =8.306266892077474e-07
Completed 93 % :  mod = 1.6281135110800698e-12,  Error =8.397192488018845e-07
Completed 94 % :  mod = 1.3422492989533272e-12,  Error =8.488123413030735e-07
Completed 95 % :  mod = 1.106545310024475e-12,  Error =8.579056256508011e-07
Completed 96 % :  mod = 9.122156281052185e-13,  Error =8.669991302667768e-07
Completed 97 % :  mod = 7.520067196878767e-13,  Error =8.760931677898043e-07
Completed 98 % :  mod = 6.199331192339238e-13,  Error =8.851871413639856e-07
Completed 99 % :  mod = 5.110574136057282e-13,  Error =8.942807312450896e-07
Completed 100 % :  mod = 4.2130768218970184e-13,  Error =9.033737882191417e-07
Finished 35/41 frames
Finished all frames!
