/opt/local/miniconda_23_9/lib/python3.11/site-packages/conda/base/context.py:201: FutureWarning: Adding 'defaults' to channel list implicitly is deprecated and will be removed in 25.3. 

To remove this warning, please choose a default channel explicitly with conda's regular configuration system, e.g. by adding 'defaults' to the list of channels:

  conda config --add channels defaults

For more information see https://docs.conda.io/projects/conda/en/stable/user-guide/configuration/use-condarc.html

  deprecated.topic(
JOB 13445 ARRAY_ID 91  -> i=91 ; range=[1.9e-10, 6.0e-10] ; intervals=200 (frames=201)
Density options: centers='2.0e-10,4.0e-10' width='5e-11,5e-11' strength=''
Completed 0 % :  mod = 2.828789986130111e-16,  Error =-1.4210854715202004e-14
Completed 1 % :  mod = 3.986361542461081e-16,  Error =7.673870072721911e-08
Completed 2 % :  mod = 8.406457817849902e-16,  Error =1.534766838062751e-07
Completed 3 % :  mod = 1.9706581837746125e-15,  Error =2.3021524953037442e-07
Completed 4 % :  mod = 4.713500026570237e-15,  Error =3.0695360919708037e-07
Completed 5 % :  mod = 1.1313972623531256e-14,  Error =3.8369233124058155e-07
Completed 6 % :  mod = 2.7174046083300698e-14,  Error =4.604306269584413e-07
Completed 7 % :  mod = 6.527394847386474e-14,  Error =5.371686810917708e-07
Completed 8 % :  mod = 1.5679546035487884e-13,  Error =6.139070904964683e-07
Completed 9 % :  mod = 3.7664167503285827e-13,  Error =6.906452085786441e-07
Completed 10 % :  mod = 9.047381176582734e-13,  Error =7.673833266608199e-07
Completed 11 % :  mod = 2.1732710684747723e-12,  Error =8.441197394404298e-07
Completed 12 % :  mod = 5.220167594451908e-12,  Error =9.208475617583645e-07
Completed 13 % :  mod = 1.2535360819842021e-11,  Error =9.97528211144072e-07
Completed 14 % :  mod = 3.0054272052218154e-11,  Error =1.0739311875340718e-06
Completed 15 % :  mod = 7.139952495382609e-11,  Error =1.1487823812217357e-06
Completed 16 % :  mod = 1.6052225355381097e-10,  Error =1.2161070515048777e-06
Completed 17 % :  mod = 2.613237203263307e-10,  Error =1.2637419715133547e-06
Completed 18 % :  mod = 1.6665845910040126e-10,  Error =1.3095676933971845e-06
Completed 19 % :  mod = 8.015710087293597e-11,  Error =1.3757589485408062e-06
Completed 20 % :  mod = 3.372596267456313e-11,  Error =1.4502016369988269e-06
Completed 21 % :  mod = 1.857794269964835e-11,  Error =1.5264278232507422e-06
Completed 22 % :  mod = 1.8917036353555546e-11,  Error =1.6029245557547256e-06
Completed 23 % :  mod = 3.262472811186328e-11,  Error =1.6791956127804042e-06
Completed 24 % :  mod = 7.138976149239281e-11,  Error =1.7538920218385101e-06
Completed 25 % :  mod = 1.6732243812300178e-10,  Error =1.8209039822636441e-06
Completed 26 % :  mod = 2.560003053730088e-10,  Error =1.8685959162212384e-06
Completed 27 % :  mod = 1.6490375999350903e-10,  Error =1.91449926489895e-06
Completed 28 % :  mod = 8.419386535306472e-11,  Error =1.9807060525067754e-06
Completed 28 % :  mod = 3.828826815327516e-11,  Error =2.0548543631093708e-06
Completed 30 % :  mod = 3.1049388697907683e-11,  Error =2.130680826439857e-06
Completed 31 % :  mod = 5.281550201376132e-11,  Error =2.2062203797190705e-06
Completed 32 % :  mod = 1.0241811511752078e-10,  Error =2.2787315003824915e-06
Completed 33 % :  mod = 2.0793234215427404e-10,  Error =2.33826427376016e-06
Completed 34 % :  mod = 2.5393833601448685e-10,  Error =2.3807684286225594e-06
Completed 35 % :  mod = 1.1797110327973793e-10,  Error =2.4352943412964123e-06
Completed 36 % :  mod = 6.3466359296982e-11,  Error =2.5055624561787226e-06
Completed 37 % :  mod = 5.0923011347445406e-11,  Error =2.580146471586886e-06
Completed 38 % :  mod = 6.377653756419035e-11,  Error =2.654662957013443e-06
Completed 39 % :  mod = 1.254646268066327e-10,  Error =2.724444065904663e-06
Completed 40 % :  mod = 2.578359048783677e-10,  Error =2.7782344531601666e-06
Completed 41 % :  mod = 1.9780463524781623e-10,  Error =2.8204668041098557e-06
Completed 42 % :  mod = 1.0376209381775944e-10,  Error =2.8808605136987353e-06
Completed 43 % :  mod = 5.1762111364041846e-11,  Error =2.9535115331214e-06
Completed 44 % :  mod = 3.1606132491470884e-11,  Error =3.0290400090393632e-06
Completed 45 % :  mod = 4.2334794379563417e-11,  Error =3.104741878701134e-06
Completed 46 % :  mod = 9.29871615160234e-11,  Error =3.1783828262632596e-06
Completed 47 % :  mod = 1.74203534764779e-10,  Error =3.2426595453216578e-06
Completed 48 % :  mod = 2.624186071968912e-10,  Error =3.286483881481672e-06
Completed 49 % :  mod = 1.5140914126975398e-10,  Error =3.336346516391586e-06
Completed 50 % :  mod = 6.533071060386447e-11,  Error =3.4045702719254223e-06
Completed 51 % :  mod = 3.4729917620297846e-11,  Error =3.479453035026836e-06
Completed 52 % :  mod = 2.5683818514597152e-11,  Error =3.55558623965635e-06
Completed 53 % :  mod = 3.5056741128303964e-11,  Error =3.6316519640422484e-06
Completed 54 % :  mod = 7.958439066533958e-11,  Error =3.7060036319758183e-06
Completed 55 % :  mod = 1.690693115885243e-10,  Error =3.772369844057266e-06
Completed 56 % :  mod = 2.5333461106657294e-10,  Error =3.818634652930086e-06
Completed 56 % :  mod = 1.6588356464034116e-10,  Error =3.866033715382855e-06
Completed 57 % :  mod = 7.42508054114723e-11,  Error =3.933082588503112e-06
Completed 59 % :  mod = 3.1848562196586745e-11,  Error =4.007727795851679e-06
Completed 60 % :  mod = 2.013301962524833e-11,  Error =4.083965784218435e-06
Completed 61 % :  mod = 2.270676441531853e-11,  Error =4.160403520359068e-06
Completed 62 % :  mod = 3.98981491988803e-11,  Error =4.2364186256804715e-06
Completed 63 % :  mod = 9.536684573093531e-11,  Error =4.309811160396748e-06
Completed 64 % :  mod = 1.9984423635277236e-10,  Error =4.372146143793998e-06
Completed 65 % :  mod = 2.4779744770663165e-10,  Error =4.414697976073967e-06
Completed 66 % :  mod = 1.357441717413264e-10,  Error =4.4672353425312394e-06
Completed 67 % :  mod = 5.868009683635953e-11,  Error =4.537301116158687e-06
Completed 68 % :  mod = 2.4177737156093473e-11,  Error =4.6127602288947855e-06
Completed 69 % :  mod = 1.0582483899325957e-11,  Error =4.689271186464339e-06
Completed 70 % :  mod = 4.945546267783096e-12,  Error =4.765968697029166e-06
Completed 71 % :  mod = 2.1951329405948913e-12,  Error =4.842698437812487e-06
Completed 72 % :  mod = 2.2543062299537898e-12,  Error =4.91943244895765e-06
Completed 73 % :  mod = 4.939548568052387e-12,  Error =4.996162473958066e-06
Completed 74 % :  mod = 1.0291312333414693e-11,  Error =5.072861327448663e-06
Completed 75 % :  mod = 2.3963987172235387e-11,  Error =5.149379227020745e-06
Completed 76 % :  mod = 5.788027946923234e-11,  Error =5.224873284248588e-06
Completed 77 % :  mod = 1.335574009693441e-10,  Error =5.295101445312866e-06
Completed 78 % :  mod = 2.4763853891879625e-10,  Error =5.347992285464898e-06
Completed 79 % :  mod = 2.015209438198179e-10,  Error =5.390377154412818e-06
Completed 80 % :  mod = 9.62441032110005e-11,  Error =5.4524134895928e-06
Completed 81 % :  mod = 4.015793255921562e-11,  Error =5.525753564938896e-06
Completed 82 % :  mod = 2.1610604703051877e-11,  Error =5.601788359399507e-06
Completed 83 % :  mod = 1.692538592891843e-11,  Error =5.678280764698229e-06
Completed 84 % :  mod = 2.4971196652519214e-11,  Error =5.75469441344012e-06
Completed 85 % :  mod = 5.7085678716054125e-11,  Error =5.8301801360016725e-06
Completed 86 % :  mod = 1.308999906527034e-10,  Error =5.900849451734302e-06
Completed 87 % :  mod = 2.3547414204596616e-10,  Error =5.954996687762559e-06
Completed 88 % :  mod = 2.1388761336172092e-10,  Error =5.9970171903955816e-06
Completed 89 % :  mod = 1.0195318563485767e-10,  Error =6.057805983061826e-06
Completed 90 % :  mod = 4.585122365206357e-11,  Error =6.1304658416361235e-06
Completed 91 % :  mod = 3.45210592923149e-11,  Error =6.2060462937552074e-06
Completed 92 % :  mod = 4.420516986615058e-11,  Error =6.281777395145127e-06
Completed 93 % :  mod = 8.041474015704578e-11,  Error =6.355543860081525e-06
Completed 94 % :  mod = 1.8956350098850057e-10,  Error =6.419611764840738e-06
Completed 95 % :  mod = 2.599174860676773e-10,  Error =6.464950764950572e-06
Completed 96 % :  mod = 1.4043866094113468e-10,  Error =6.51376846860785e-06
Completed 97 % :  mod = 8.157285945963018e-11,  Error =6.58162328193157e-06
Completed 98 % :  mod = 4.815510436997435e-11,  Error =6.655650949483061e-06
Completed 99 % :  mod = 5.3792285850263524e-11,  Error =6.730388292908174e-06
Completed 100 % :  mod = 1.186230460753785e-10,  Error =6.801825655600169e-06
Finished 92/201 frames
Finished all frames!
