/opt/local/miniconda_23_9/lib/python3.11/site-packages/conda/base/context.py:201: FutureWarning: Adding 'defaults' to channel list implicitly is deprecated and will be removed in 25.3. 

To remove this warning, please choose a default channel explicitly with conda's regular configuration system, e.g. by adding 'defaults' to the list of channels:

  conda config --add channels defaults

For more information see https://docs.conda.io/projects/conda/en/stable/user-guide/configuration/use-condarc.html

  deprecated.topic(
JOB 14053 ARRAY_ID 182  -> i=182 ; range=[1.9e-10, 5.0e-10] ; intervals=200 (frames=201)
Analytic t0 extension enabled (--extend-time-using-t0).
Density options: centers='2.0e-10,4.0e-10' width='2.0e-11,5.0e-11' strength='7.0'
Completed 0 % :  mod = 3.669293367118289e-16,  Error =-1.4210854715202004e-14
Completed 1 % :  mod = 6.309071047826021e-16,  Error =2.1723967336129135e-07
Completed 2 % :  mod = 1.802664274053386e-15,  Error =4.344793680388648e-07
Completed 3 % :  mod = 5.568181341573807e-15,  Error =6.517184871768222e-07
Completed 4 % :  mod = 1.7345465063405988e-14,  Error =8.689592974064908e-07
Completed 5 % :  mod = 5.4080236863781225e-14,  Error =1.0861996670996632e-06
Completed 6 % :  mod = 1.686282494287858e-13,  Error =1.3034400723199724e-06
Completed 7 % :  mod = 5.25806633429858e-13,  Error =1.5206800156875033e-06
Completed 8 % :  mod = 1.6395391688175132e-12,  Error =1.7379182395416137e-06
Completed 9 % :  mod = 5.1122678216161095e-12,  Error =1.955144519172336e-06
Completed 10 % :  mod = 1.593920376441098e-11,  Error =2.172251356569177e-06
Completed 11 % :  mod = 4.9651654289520054e-11,  Error =2.3882078821202413e-06
Completed 12 % :  mod = 1.5306027737168602e-10,  Error =2.5937798255881717e-06
Completed 13 % :  mod = 3.8754109643534666e-10,  Error =2.7423178110552726e-06
Completed 14 % :  mod = 2.037002637224438e-10,  Error =2.8616633187539264e-06
Completed 15 % :  mod = 1.0132580623619819e-10,  Error =3.054680554726019e-06
Completed 16 % :  mod = 7.244130690424208e-11,  Error =3.2648250751776686e-06
Completed 17 % :  mod = 1.3258085674479435e-10,  Error =3.4681419975868266e-06
Completed 18 % :  mod = 4.0969391726974237e-10,  Error =3.6158308134304207e-06
Completed 19 % :  mod = 2.2097406666073406e-10,  Error =3.736237729867753e-06
Completed 20 % :  mod = 7.432878994986073e-11,  Error =3.929588999085354e-06
Completed 21 % :  mod = 2.599581830636993e-11,  Error =4.1439564313350274e-06
Completed 22 % :  mod = 9.354751393238233e-12,  Error =4.360870363484537e-06
Completed 23 % :  mod = 5.508203662633495e-12,  Error =4.578045313508028e-06
Completed 24 % :  mod = 1.1809946618860543e-11,  Error =4.795183926376012e-06
Completed 25 % :  mod = 3.790754029937644e-11,  Error =5.011698824830546e-06
Completed 26 % :  mod = 1.1487696221581815e-10,  Error =5.222336078247736e-06
Completed 27 % :  mod = 3.220672268140574e-10,  Error =5.39279348998889e-06
Completed 28 % :  mod = 2.9961146766547493e-10,  Error =5.501916675143548e-06
Completed 28 % :  mod = 1.1080982123667925e-10,  Error =5.680724200374243e-06
Completed 30 % :  mod = 5.729707037056572e-11,  Error =5.88960381975312e-06
Completed 31 % :  mod = 1.1141834953933061e-10,  Error =6.0982911804785545e-06
Completed 32 % :  mod = 3.172478515982438e-10,  Error =6.274175561316042e-06
Completed 33 % :  mod = 3.191771524561553e-10,  Error =6.3848700264657055e-06
Completed 34 % :  mod = 1.0256258586392764e-10,  Error =6.557927001438202e-06
Completed 35 % :  mod = 3.5578223712761536e-11,  Error =6.769062068201492e-06
Completed 36 % :  mod = 2.0536487988593182e-11,  Error =6.98541698795907e-06
Completed 37 % :  mod = 2.8268613643866833e-11,  Error =7.20209463622723e-06
Completed 38 % :  mod = 7.066893946351336e-11,  Error =7.416471717647255e-06
Completed 39 % :  mod = 2.2046770451885755e-10,  Error =7.611185985467728e-06
Completed 40 % :  mod = 4.0311681649347183e-10,  Error =7.734674738912872e-06
Completed 41 % :  mod = 1.3374028812786326e-10,  Error =7.879961522405665e-06
Completed 42 % :  mod = 7.849610360184288e-11,  Error =8.083090150989847e-06
Completed 43 % :  mod = 9.561110705207535e-11,  Error =8.293626734712234e-06
Completed 44 % :  mod = 1.8111239581526965e-10,  Error =8.489105461251256e-06
Completed 45 % :  mod = 4.079327338343583e-10,  Error =8.612272786479025e-06
Completed 46 % :  mod = 1.6085510758555774e-10,  Error =8.75493829255447e-06
Completed 47 % :  mod = 5.478818431013256e-11,  Error =8.958550935744825e-06
Completed 48 % :  mod = 2.364295198671665e-11,  Error =9.17415761847451e-06
Completed 49 % :  mod = 1.3982654400351365e-11,  Error =9.391059123231571e-06
Completed 50 % :  mod = 2.6239214420731024e-11,  Error =9.607729261063014e-06
Completed 51 % :  mod = 9.078024080174326e-11,  Error =9.820845860986083e-06
Completed 52 % :  mod = 2.606275972586722e-10,  Error =1.0006671494977581e-05
Completed 53 % :  mod = 3.7284542230772873e-10,  Error =1.0118717241880404e-05
Completed 54 % :  mod = 1.2471884107401706e-10,  Error =1.0280163010634169e-05
Completed 55 % :  mod = 5.575970060375802e-11,  Error =1.0486986312230329e-05
Completed 56 % :  mod = 8.196332722343235e-11,  Error =1.0698895955840726e-05
Completed 56 % :  mod = 2.020786899615956e-10,  Error =1.089606614357308e-05
Completed 57 % :  mod = 3.7831413903533333e-10,  Error =1.1025634528039063e-05
Completed 59 % :  mod = 1.6450934591603828e-10,  Error =1.1165286124992235e-05
Completed 60 % :  mod = 7.896089729784887e-11,  Error =1.1367021386377019e-05
Completed 61 % :  mod = 6.136191000832807e-11,  Error =1.1579364020519733e-05
Completed 62 % :  mod = 1.2904613784752556e-10,  Error =1.1784450222762644e-05
Completed 63 % :  mod = 3.9977575161179733e-10,  Error =1.1936358625064258e-05
Completed 64 % :  mod = 2.3018312450528219e-10,  Error =1.2053974977277448e-05
Completed 65 % :  mod = 8.195159359802159e-11,  Error =1.2245662666998669e-05
Completed 66 % :  mod = 2.6036027314256366e-11,  Error =1.245968045537893e-05
Completed 67 % :  mod = 1.111050903052196e-11,  Error =1.2676476643491696e-05
Completed 68 % :  mod = 1.783340636934115e-11,  Error =1.2893449977013915e-05
Completed 69 % :  mod = 5.0410942289707574e-11,  Error =1.3109379068509952e-05
Completed 70 % :  mod = 1.470907787081263e-10,  Error =1.3315534296509668e-05
Completed 71 % :  mod = 3.867990299029508e-10,  Error =1.3466421165730935e-05
Completed 72 % :  mod = 2.1195824561116436e-10,  Error =1.3583626000013282e-05
Completed 73 % :  mod = 9.740313148188826e-11,  Error =1.3775652469405486e-05
Completed 74 % :  mod = 6.333040051468145e-11,  Error =1.3986556581357945e-05
Completed 75 % :  mod = 1.1189229171291566e-10,  Error =1.4193937040829496e-05
Completed 76 % :  mod = 3.604815749887102e-10,  Error =1.4357547314602925e-05
Completed 77 % :  mod = 2.8744183473538606e-10,  Error =1.4472359595174566e-05
Completed 78 % :  mod = 8.739133272801372e-11,  Error =1.4655363926863174e-05
Completed 79 % :  mod = 4.072713291178883e-11,  Error =1.4867293479881027e-05
Completed 80 % :  mod = 5.81599350735452e-11,  Error =1.5081966864727292e-05
Completed 81 % :  mod = 1.3907088815545863e-10,  Error =1.5288978701732958e-05
Completed 82 % :  mod = 3.4308879798102576e-10,  Error =1.5446285061671006e-05
Completed 83 % :  mod = 2.5573618794039035e-10,  Error =1.5562543197233936e-05
Completed 84 % :  mod = 1.1719673359261195e-10,  Error =1.5748367545143083e-05
Completed 85 % :  mod = 9.223728379465318e-11,  Error =1.5953474772345544e-05
Completed 86 % :  mod = 2.1912921692702804e-10,  Error =1.6140287137034193e-05
Completed 87 % :  mod = 4.330187711333397e-10,  Error =1.6264185973113854e-05
Completed 88 % :  mod = 1.5703672874203326e-10,  Error =1.6404037154416073e-05
Completed 89 % :  mod = 1.1090183239068223e-10,  Error =1.6593111070051236e-05
Completed 90 % :  mod = 2.9885984535834537e-10,  Error =1.67702142519488e-05
Completed 91 % :  mod = 3.584587406385826e-10,  Error =1.6900638051708938e-05
Completed 92 % :  mod = 1.4543296623786302e-10,  Error =1.7042357505658856e-05
Completed 93 % :  mod = 1.9593903249248137e-10,  Error =1.7223696858081894e-05
Completed 94 % :  mod = 3.672932247314373e-10,  Error =1.7377641412963385e-05
Completed 95 % :  mod = 2.670067109720457e-10,  Error =1.74944722886039e-05
Completed 96 % :  mod = 1.1877317025563743e-10,  Error =1.766521512536201e-05
Completed 97 % :  mod = 1.6762548927942512e-10,  Error =1.7860484987863856e-05
Completed 98 % :  mod = 3.1655658639057734e-10,  Error =1.8027804834730432e-05
Completed 99 % :  mod = 2.6960890778290095e-10,  Error =1.81344896290625e-05
Completed 100 % :  mod = 1.8416500283215418e-10,  Error =1.8303348802817254e-05
Finished 183/201 frames
Finished all frames!
