/opt/local/miniconda_23_9/lib/python3.11/site-packages/conda/base/context.py:201: FutureWarning: Adding 'defaults' to channel list implicitly is deprecated and will be removed in 25.3. 

To remove this warning, please choose a default channel explicitly with conda's regular configuration system, e.g. by adding 'defaults' to the list of channels:

  conda config --add channels defaults

For more information see https://docs.conda.io/projects/conda/en/stable/user-guide/configuration/use-condarc.html

  deprecated.topic(
JOB 13988 ARRAY_ID 117  -> i=117 ; range=[1.9e-10, 5.0e-10] ; intervals=200 (frames=201)
Analytic t0 extension enabled (--extend-time-using-t0).
Density options: centers='2.0e-10,4.0e-10' width='2.0e-11,5.0e-11' strength='7.0'
Completed 0 % :  mod = 3.133090008332688e-16,  Error =-1.4210854715202004e-14
Completed 1 % :  mod = 4.757875982071048e-16,  Error =1.154783575429974e-07
Completed 2 % :  mod = 1.1317426266370426e-15,  Error =2.3095678614026838e-07
Completed 3 % :  mod = 2.9615162103298298e-15,  Error =3.464349234150177e-07
Completed 4 % :  mod = 7.862909255387676e-15,  Error =4.619141478201527e-07
Completed 5 % :  mod = 2.0919538840428423e-14,  Error =5.773928037910991e-07
Completed 6 % :  mod = 5.567345394759616e-14,  Error =6.928720495125162e-07
Completed 7 % :  mod = 1.4817064766169908e-13,  Error =8.083512170742324e-07
Completed 8 % :  mod = 3.943471047347594e-13,  Error =9.238294609303921e-07
Completed 9 % :  mod = 1.049530278788287e-12,  Error =1.0393070652980896e-06
Completed 10 % :  mod = 2.793236135819468e-12,  Error =1.1547817422297157e-06
Completed 11 % :  mod = 7.433514818583563e-12,  Error =1.2702357707894407e-06
Completed 12 % :  mod = 1.9774041911202905e-11,  Error =1.3855482166036381e-06
Completed 13 % :  mod = 5.244106680557063e-11,  Error =1.4998638917518292e-06
Completed 14 % :  mod = 1.3592339472128254e-10,  Error =1.6077228295330315e-06
Completed 15 % :  mod = 2.898940372917048e-10,  Error =1.6884777878090063e-06
Completed 16 % :  mod = 2.1952416102732017e-10,  Error =1.7505529186223612e-06
Completed 17 % :  mod = 9.60825824549316e-11,  Error =1.8468686846517812e-06
Completed 18 % :  mod = 3.922678409380816e-11,  Error =1.958409910685077e-06
Completed 19 % :  mod = 3.3315568100383196e-11,  Error =2.072713300549367e-06
Completed 20 % :  mod = 6.260662516395559e-11,  Error =2.186362642930817e-06
Completed 21 % :  mod = 1.3284478703905537e-10,  Error =2.2935402981261177e-06
Completed 22 % :  mod = 2.938721258212733e-10,  Error =2.372500652825238e-06
Completed 23 % :  mod = 2.2247750650764667e-10,  Error =2.436516858494997e-06
Completed 24 % :  mod = 8.663281325794901e-11,  Error =2.5335620534860936e-06
Completed 25 % :  mod = 3.7466919956086435e-11,  Error =2.6454990020852165e-06
Completed 26 % :  mod = 3.030858182471489e-11,  Error =2.760005713753344e-06
Completed 27 % :  mod = 4.996337981959032e-11,  Error =2.8741945854449114e-06
Completed 28 % :  mod = 1.0982287429484985e-10,  Error =2.983826306035553e-06
Completed 28 % :  mod = 2.743325394185284e-10,  Error =3.070774539537524e-06
Completed 30 % :  mod = 2.558760383297936e-10,  Error =3.1319880733349237e-06
Completed 31 % :  mod = 1.0096049837929529e-10,  Error =3.2225864217139133e-06
Completed 32 % :  mod = 4.384137897913574e-11,  Error =3.3332780660089156e-06
Completed 33 % :  mod = 2.424762738994023e-11,  Error =3.44781288674767e-06
Completed 34 % :  mod = 2.632369171954178e-11,  Error =3.5627573282681624e-06
Completed 35 % :  mod = 5.7998513367822424e-11,  Error =3.676599973800876e-06
Completed 36 % :  mod = 1.54661657145484e-10,  Error =3.7828922501148554e-06
Completed 37 % :  mod = 2.896453612720266e-10,  Error =3.860750830142479e-06
Completed 38 % :  mod = 2.0244257248339488e-10,  Error =3.924376187569578e-06
Completed 39 % :  mod = 9.971359210136097e-11,  Error =4.022409243020775e-06
Completed 40 % :  mod = 5.027461460459201e-11,  Error =4.133330428146564e-06
Completed 41 % :  mod = 6.56946080228709e-11,  Error =4.245609623865221e-06
Completed 42 % :  mod = 1.6683635220544434e-10,  Error =4.350634945637921e-06
Completed 43 % :  mod = 2.778800233501779e-10,  Error =4.429311431408678e-06
Completed 44 % :  mod = 2.0071233342985836e-10,  Error =4.4920621249389114e-06
Completed 45 % :  mod = 1.2174273383675236e-10,  Error =4.588070062538918e-06
Completed 46 % :  mod = 7.807251533325417e-11,  Error =4.696123916403394e-06
Completed 47 % :  mod = 1.1647861313772778e-10,  Error =4.801914727181611e-06
Completed 48 % :  mod = 3.004874892669073e-10,  Error =4.885521335040721e-06
Completed 49 % :  mod = 2.343523393375698e-10,  Error =4.948553026906666e-06
Completed 50 % :  mod = 1.0137969178190553e-10,  Error =5.038981655047792e-06
Completed 51 % :  mod = 6.843086609404538e-11,  Error =5.148549369948796e-06
Completed 52 % :  mod = 6.676445972763052e-11,  Error =5.260767984793802e-06
Completed 53 % :  mod = 1.1730652585109266e-10,  Error =5.367875360207108e-06
Completed 54 % :  mod = 3.035595614756491e-10,  Error =5.449415048985884e-06
Completed 55 % :  mod = 2.279181139544478e-10,  Error =5.512429012810571e-06
Completed 56 % :  mod = 9.252025946899722e-11,  Error =5.606524133838775e-06
Completed 56 % :  mod = 4.7154750481854474e-11,  Error =5.717929504100994e-06
Completed 57 % :  mod = 2.733044935926733e-11,  Error =5.832319850185286e-06
Completed 59 % :  mod = 4.25764857197092e-11,  Error =5.946535864609359e-06
Completed 60 % :  mod = 1.1860578111926738e-10,  Error =6.056432987122662e-06
Completed 61 % :  mod = 2.5757793380220696e-10,  Error =6.145626421982797e-06
Completed 62 % :  mod = 2.5906718442525505e-10,  Error =6.205153745497682e-06
Completed 63 % :  mod = 1.1629113211221085e-10,  Error =6.294073678247969e-06
Completed 64 % :  mod = 4.0041878307503265e-11,  Error =6.404064670562093e-06
Completed 65 % :  mod = 2.5381939921730027e-11,  Error =6.518490742735139e-06
Completed 66 % :  mod = 3.220620139805007e-11,  Error =6.63339934448004e-06
Completed 67 % :  mod = 5.5090271929717684e-11,  Error =6.747267413231839e-06
Completed 68 % :  mod = 1.4426107647252419e-10,  Error =6.853676197238201e-06
Completed 69 % :  mod = 3.074493593858591e-10,  Error =6.9316507378403e-06
Completed 70 % :  mod = 1.954355968943528e-10,  Error =6.994668630966316e-06
Completed 71 % :  mod = 9.856726844746982e-11,  Error =7.092707569711365e-06
Completed 72 % :  mod = 4.213629223532671e-11,  Error =7.2044302754648015e-06
Completed 73 % :  mod = 3.4470512535270716e-11,  Error =7.318466508365873e-06
Completed 74 % :  mod = 8.329310549712759e-11,  Error =7.430892729587413e-06
Completed 75 % :  mod = 1.8701702488287994e-10,  Error =7.532202275228883e-06
Completed 76 % :  mod = 2.9822436797795116e-10,  Error =7.599656669299293e-06
Completed 77 % :  mod = 1.6772974000344115e-10,  Error =7.67284949176883e-06
Completed 78 % :  mod = 6.408158962691001e-11,  Error =7.777437019740319e-06
Completed 79 % :  mod = 2.507692025350409e-11,  Error =7.890954805134243e-06
Completed 80 % :  mod = 2.534380735766485e-11,  Error =8.005888567197417e-06
Completed 81 % :  mod = 4.088797435764579e-11,  Error =8.120597442484723e-06
Completed 82 % :  mod = 8.407809823188862e-11,  Error =8.23251480142062e-06
Completed 83 % :  mod = 2.2165776245279513e-10,  Error =8.328381476019331e-06
Completed 84 % :  mod = 3.0465574003311794e-10,  Error =8.391724122702726e-06
Completed 85 % :  mod = 1.2646218623602384e-10,  Error =8.47144440996317e-06
Completed 86 % :  mod = 6.999514038541594e-11,  Error =8.578215634713615e-06
Completed 87 % :  mod = 5.334584637152256e-11,  Error =8.690861498905633e-06
Completed 88 % :  mod = 8.066718612677474e-11,  Error =8.802258413709296e-06
Completed 89 % :  mod = 1.9904191115826895e-10,  Error =8.900358011487697e-06
Completed 90 % :  mod = 3.2255307428176035e-10,  Error =8.96696218433135e-06
Completed 91 % :  mod = 1.441152774632092e-10,  Error =9.040622060751957e-06
Completed 92 % :  mod = 8.642416081370741e-11,  Error =9.143549078771684e-06
Completed 93 % :  mod = 8.871354104061683e-11,  Error =9.253180856205745e-06
Completed 94 % :  mod = 1.4424807380607708e-10,  Error =9.357273114574127e-06
Completed 95 % :  mod = 2.803947205413943e-10,  Error =9.43323271940244e-06
Completed 96 % :  mod = 2.3159954845271603e-10,  Error =9.500313694843499e-06
Completed 97 % :  mod = 9.295059131201424e-11,  Error =9.596795145228043e-06
Completed 98 % :  mod = 5.766134404322653e-11,  Error =9.706594120473255e-06
Completed 99 % :  mod = 1.1404192226795431e-10,  Error =9.8157678962707e-06
Completed 100 % :  mod = 2.2321617057935987e-10,  Error =9.910565111681535e-06
Finished 118/201 frames
Finished all frames!
