/opt/local/miniconda_23_9/lib/python3.11/site-packages/conda/base/context.py:201: FutureWarning: Adding 'defaults' to channel list implicitly is deprecated and will be removed in 25.3. 

To remove this warning, please choose a default channel explicitly with conda's regular configuration system, e.g. by adding 'defaults' to the list of channels:

  conda config --add channels defaults

For more information see https://docs.conda.io/projects/conda/en/stable/user-guide/configuration/use-condarc.html

  deprecated.topic(
JOB 13455 ARRAY_ID 101  -> i=101 ; range=[1.9e-10, 6.0e-10] ; intervals=200 (frames=201)
Density options: centers='2.0e-10,4.0e-10' width='5e-11,5e-11' strength=''
Completed 0 % :  mod = 2.947547614944562e-16,  Error =-1.4210854715202004e-14
Completed 1 % :  mod = 4.2783860048160483e-16,  Error =9.045972859667017e-08
Completed 2 % :  mod = 9.47266696533166e-16,  Error =1.8091932219022056e-07
Completed 3 % :  mod = 2.3220898860815676e-15,  Error =2.713783828767191e-07
Completed 4 % :  mod = 5.793792775252959e-15,  Error =3.6183808305167986e-07
Completed 5 % :  mod = 1.4497371767989755e-14,  Error =4.522977334886491e-07
Completed 6 % :  mod = 3.629228069447304e-14,  Error =5.427580020977985e-07
Completed 7 % :  mod = 9.085962686653069e-14,  Error =6.332177946433148e-07
Completed 8 % :  mod = 2.2747447107086523e-13,  Error =7.236770187546426e-07
Completed 9 % :  mod = 5.695016438967441e-13,  Error =8.141365341884921e-07
Completed 10 % :  mod = 1.4257919121284122e-12,  Error =9.04595125916785e-07
Completed 11 % :  mod = 3.5695156590023135e-12,  Error =9.950492128041333e-07
Completed 12 % :  mod = 8.935359421648842e-12,  Error =1.085477180140515e-06
Completed 13 % :  mod = 2.2351072655281758e-11,  Error =1.175740671044423e-06
Completed 14 % :  mod = 5.5652685327153424e-11,  Error =1.2649904022055125e-06
Completed 15 % :  mod = 1.3446766121913143e-10,  Error =1.3485102883237232e-06
Completed 16 % :  mod = 2.6397330892527693e-10,  Error =1.4111718158460462e-06
Completed 17 % :  mod = 2.094345358625158e-10,  Error =1.4605274003542945e-06
Completed 18 % :  mod = 9.595924038296836e-11,  Error =1.5345826298585052e-06
Completed 19 % :  mod = 3.904975999030384e-11,  Error =1.6214773594924736e-06
Completed 20 % :  mod = 2.389061655300922e-11,  Error =1.7111460550722768e-06
Completed 21 % :  mod = 2.786758561696654e-11,  Error =1.801127659462054e-06
Completed 22 % :  mod = 5.207861193301325e-11,  Error =1.8903162839478682e-06
Completed 23 % :  mod = 1.277394941502894e-10,  Error =1.974418914585385e-06
Completed 24 % :  mod = 2.59566562244459e-10,  Error =2.0394677093804603e-06
Completed 25 % :  mod = 2.1631847497303708e-10,  Error =2.0876115556234254e-06
Completed 26 % :  mod = 1.0569742339405755e-10,  Error =2.159614261643128e-06
Completed 27 % :  mod = 4.2032300109382247e-11,  Error =2.245945026402296e-06
Completed 28 % :  mod = 2.345801904220675e-11,  Error =2.3355296718818863e-06
Completed 28 % :  mod = 2.5635258693652896e-11,  Error =2.425552352747218e-06
Completed 30 % :  mod = 4.661405164841768e-11,  Error =2.51501539594301e-06
Completed 31 % :  mod = 1.0764383459465986e-10,  Error =2.6006476119277977e-06
Completed 32 % :  mod = 2.429859931731671e-10,  Error =2.669777231290027e-06
Completed 33 % :  mod = 2.425311252469942e-10,  Error =2.7181030972656117e-06
Completed 34 % :  mod = 1.1204851272391819e-10,  Error =2.7860916347322018e-06
Completed 35 % :  mod = 4.740344725236018e-11,  Error =2.871565619955163e-06
Completed 36 % :  mod = 1.931965622226493e-11,  Error =2.9611549834385187e-06
Completed 37 % :  mod = 9.069125289954702e-12,  Error =3.0514541577986165e-06
Completed 38 % :  mod = 7.435967837989931e-12,  Error =3.141862968902842e-06
Completed 39 % :  mod = 1.2189144564136876e-11,  Error =3.232250286089311e-06
Completed 40 % :  mod = 2.7223330843426007e-11,  Error =3.3223972337736996e-06
Completed 41 % :  mod = 6.851150066782423e-11,  Error =3.4110469044890124e-06
Completed 42 % :  mod = 1.6058251267369733e-10,  Error =3.491704440250487e-06
Completed 43 % :  mod = 2.7734414869643033e-10,  Error =3.548426178667796e-06
Completed 44 % :  mod = 1.7543000363349515e-10,  Error =3.601704733569022e-06
Completed 45 % :  mod = 8.043744056963933e-11,  Error =3.6801884988335587e-06
Completed 46 % :  mod = 3.299420576832208e-11,  Error =3.7681832978364582e-06
Completed 47 % :  mod = 2.1026624430545435e-11,  Error =3.858057162631212e-06
Completed 48 % :  mod = 2.7988156296487504e-11,  Error =3.948079040583252e-06
Completed 49 % :  mod = 5.534223878703495e-11,  Error =4.0371900951186035e-06
Completed 50 % :  mod = 1.3059936474408056e-10,  Error =4.1207602379245145e-06
Completed 51 % :  mod = 2.687679830716593e-10,  Error =4.184079685387587e-06
Completed 52 % :  mod = 2.0807075406353098e-10,  Error =4.232981666518754e-06
Completed 53 % :  mod = 9.846060667353227e-11,  Error =4.306393641684281e-06
Completed 54 % :  mod = 3.9164622394592956e-11,  Error =4.393242669209485e-06
Completed 55 % :  mod = 1.904291088280469e-11,  Error =4.483016269318796e-06
Completed 56 % :  mod = 1.5881091431879157e-11,  Error =4.573249789530109e-06
Completed 56 % :  mod = 2.5449532770990558e-11,  Error =4.66338764226748e-06
Completed 57 % :  mod = 5.7053536073202794e-11,  Error =4.752457861911807e-06
Completed 59 % :  mod = 1.4303803106912925e-10,  Error =4.835427120042368e-06
Completed 60 % :  mod = 2.624838868570114e-10,  Error =4.89739859688143e-06
Completed 61 % :  mod = 2.0286093792442673e-10,  Error =4.9468910603422955e-06
Completed 62 % :  mod = 9.932540590651914e-11,  Error =5.021439086760893e-06
Completed 63 % :  mod = 4.302493290928475e-11,  Error =5.108062779868305e-06
Completed 64 % :  mod = 3.679846084335673e-11,  Error =5.1972230892260995e-06
Completed 65 % :  mod = 6.568891361759356e-11,  Error =5.285808811095194e-06
Completed 66 % :  mod = 1.28021291745014e-10,  Error =5.36907309367507e-06
Completed 67 % :  mod = 2.6028674006125055e-10,  Error =5.431471933547982e-06
Completed 68 % :  mod = 2.219870499632566e-10,  Error =5.481940554830089e-06
Completed 69 % :  mod = 9.139900318826397e-11,  Error =5.55528023937768e-06
Completed 70 % :  mod = 4.512728712958593e-11,  Error =5.641824934343731e-06
Completed 71 % :  mod = 3.844503537406236e-11,  Error =5.731004534936801e-06
Completed 72 % :  mod = 5.7403262318070965e-11,  Error =5.819794786532384e-06
Completed 73 % :  mod = 1.2020749484850213e-10,  Error =5.903743279134233e-06
Completed 74 % :  mod = 2.67212756398686e-10,  Error =5.96862868462722e-06
Completed 75 % :  mod = 2.1786596625881815e-10,  Error =6.017462347074343e-06
Completed 76 % :  mod = 1.0018535214923258e-10,  Error =6.089117384533438e-06
Completed 77 % :  mod = 4.367230820906512e-11,  Error =6.175610330672043e-06
Completed 78 % :  mod = 1.9142794772169375e-11,  Error =6.2653216659214195e-06
Completed 79 % :  mod = 1.3176141669801502e-11,  Error =6.355571095184587e-06
Completed 80 % :  mod = 2.1466095022106718e-11,  Error =6.445798568677219e-06
Completed 81 % :  mod = 4.6492025775037045e-11,  Error =6.535364143189781e-06
Completed 82 % :  mod = 1.1107531342997026e-10,  Error =6.6209217379764596e-06
Completed 83 % :  mod = 2.4209900616479173e-10,  Error =6.689596908415751e-06
Completed 84 % :  mod = 2.4120158993457364e-10,  Error =6.737624154595778e-06
Completed 85 % :  mod = 1.1110723701182519e-10,  Error =6.806253509239468e-06
Completed 86 % :  mod = 4.613140467918263e-11,  Error =6.891842360801093e-06
Completed 87 % :  mod = 2.02309892465459e-11,  Error =6.981450056287031e-06
Completed 88 % :  mod = 9.598763981500295e-12,  Error =7.07173532532579e-06
Completed 89 % :  mod = 1.024832646083697e-11,  Error =7.162113099923317e-06
Completed 90 % :  mod = 2.1068772384133578e-11,  Error =7.252391064582753e-06
Completed 91 % :  mod = 4.7310256285641655e-11,  Error =7.34194990315018e-06
Completed 92 % :  mod = 1.1279056484528912e-10,  Error =7.4272910026706995e-06
Completed 93 % :  mod = 2.466603242318205e-10,  Error =7.4949870167984045e-06
Completed 94 % :  mod = 2.37982748333711e-10,  Error =7.543211246741066e-06
Completed 95 % :  mod = 1.0780334934124485e-10,  Error =7.612727159767019e-06
Completed 96 % :  mod = 4.5121338406864325e-11,  Error =7.698559976176966e-06
Completed 97 % :  mod = 2.069723921274755e-11,  Error =7.788162932342857e-06
Completed 98 % :  mod = 1.4552820238328277e-11,  Error =7.878381993009498e-06
Completed 99 % :  mod = 2.193546931099072e-11,  Error =7.968588533913135e-06
Completed 100 % :  mod = 4.9504012259480406e-11,  Error =8.0580729715507e-06
Finished 102/201 frames
Finished all frames!
