/opt/local/miniconda_23_9/lib/python3.11/site-packages/conda/base/context.py:201: FutureWarning: Adding 'defaults' to channel list implicitly is deprecated and will be removed in 25.3. 

To remove this warning, please choose a default channel explicitly with conda's regular configuration system, e.g. by adding 'defaults' to the list of channels:

  conda config --add channels defaults

For more information see https://docs.conda.io/projects/conda/en/stable/user-guide/configuration/use-condarc.html

  deprecated.topic(
JOB 13515 ARRAY_ID 161  -> i=161 ; range=[1.9e-10, 6.0e-10] ; intervals=200 (frames=201)
Density options: centers='2.0e-10,4.0e-10' width='5e-11,5e-11' strength=''
Completed 0 % :  mod = 3.5549940267385397e-16,  Error =-1.4210854715202004e-14
Completed 1 % :  mod = 5.957222725663796e-16,  Error =1.9141045015658165e-07
Completed 2 % :  mod = 1.6410441715583596e-15,  Error =3.828215824341896e-07
Completed 3 % :  mod = 4.904183268986619e-15,  Error =5.742312652046166e-07
Completed 4 % :  mod = 1.479516471517386e-14,  Error =7.656415874635059e-07
Completed 5 % :  mod = 4.4681324612182474e-14,  Error =9.570515615564545e-07
Completed 6 % :  mod = 1.3495282433624164e-13,  Error =1.1484616990742325e-06
Completed 7 % :  mod = 4.0760859448738175e-13,  Error =1.339871950278848e-06
Completed 8 % :  mod = 1.231132997753694e-12,  Error =1.5312815548895742e-06
Completed 9 % :  mod = 3.71846595665449e-12,  Error =1.7226851625196105e-06
Completed 10 % :  mod = 1.1230432092958467e-11,  Error =1.9140323388455727e-06
Completed 11 % :  mod = 3.389910229355613e-11,  Error =2.1048663469969142e-06
Completed 12 % :  mod = 1.0177022380158251e-10,  Error =2.291192814141141e-06
Completed 13 % :  mod = 2.8404369772375366e-10,  Error =2.446751267370928e-06
Completed 14 % :  mod = 3.270861644198171e-10,  Error =2.543945967659056e-06
Completed 15 % :  mod = 1.1468552207495221e-10,  Error =2.6933663548334152e-06
Completed 16 % :  mod = 5.4800025551450776e-11,  Error =2.8762112478375457e-06
Completed 17 % :  mod = 8.881471719599324e-11,  Error =3.0621615820791703e-06
Completed 18 % :  mod = 2.185710164942515e-10,  Error =3.2321669678481157e-06
Completed 19 % :  mod = 3.554274932527067e-10,  Error =3.3426292205263053e-06
Completed 20 % :  mod = 1.5064441935966176e-10,  Error =3.469601196570693e-06
Completed 21 % :  mod = 7.334658387465133e-11,  Error =3.6479719511817166e-06
Completed 22 % :  mod = 6.080059152246736e-11,  Error =3.835174808841657e-06
Completed 23 % :  mod = 1.17305033984271e-10,  Error =4.017077884554965e-06
Completed 24 % :  mod = 3.546167085549838e-10,  Error =4.157713242136651e-06
Completed 25 % :  mod = 2.6381614021493833e-10,  Error =4.259111122451031e-06
Completed 26 % :  mod = 8.538205810120974e-11,  Error =4.421356031514279e-06
Completed 27 % :  mod = 3.332102481900209e-11,  Error =4.60859389761481e-06
Completed 28 % :  mod = 2.607815695445659e-11,  Error =4.799128561217003e-06
Completed 28 % :  mod = 4.632602339549787e-11,  Error =4.989235655727953e-06
Completed 30 % :  mod = 1.219210761484994e-10,  Error =5.172446869039504e-06
Completed 31 % :  mod = 3.477129006964523e-10,  Error =5.313729452893767e-06
Completed 32 % :  mod = 2.5418188765110545e-10,  Error =5.413120234720736e-06
Completed 33 % :  mod = 9.565169679038402e-11,  Error =5.575980857486229e-06
Completed 34 % :  mod = 3.9367376004508005e-11,  Error =5.762566864575547e-06
Completed 35 % :  mod = 4.522213688443104e-11,  Error =5.9520136517221545e-06
Completed 36 % :  mod = 1.1938415432009916e-10,  Error =6.136667728640077e-06
Completed 37 % :  mod = 2.793886649145405e-10,  Error =6.289445998675092e-06
Completed 38 % :  mod = 3.0916280871936415e-10,  Error =6.384463972608501e-06
Completed 39 % :  mod = 1.3267171189360325e-10,  Error =6.535093113768653e-06
Completed 40 % :  mod = 7.204034068535394e-11,  Error =6.715381822175459e-06
Completed 41 % :  mod = 1.362033498056279e-10,  Error =6.8939160016157075e-06
Completed 42 % :  mod = 3.624413583330918e-10,  Error =7.034060807598053e-06
Completed 43 % :  mod = 2.4220686726769004e-10,  Error =7.132251838015691e-06
Completed 44 % :  mod = 9.770607814096656e-11,  Error =7.293139972830431e-06
Completed 45 % :  mod = 4.462949020181489e-11,  Error =7.479369735108321e-06
Completed 46 % :  mod = 4.7401372499853615e-11,  Error =7.668660572335284e-06
Completed 47 % :  mod = 1.1361488957128558e-10,  Error =7.852975990374489e-06
Completed 48 % :  mod = 3.1556435678690116e-10,  Error =8.00326984062849e-06
Completed 49 % :  mod = 2.897746231485249e-10,  Error =8.099460949040349e-06
Completed 50 % :  mod = 1.022083304955057e-10,  Error =8.2550855964314e-06
Completed 51 % :  mod = 3.8178907598669526e-11,  Error =8.440905880036098e-06
Completed 52 % :  mod = 2.979895675929512e-11,  Error =8.631214491572337e-06
Completed 53 % :  mod = 4.951097119563844e-11,  Error =8.82112304623206e-06
Completed 54 % :  mod = 1.2465305158726832e-10,  Error =9.003666569640245e-06
Completed 55 % :  mod = 3.510807519731062e-10,  Error =9.141782832955414e-06
Completed 56 % :  mod = 2.465962593532231e-10,  Error =9.243665424207848e-06
Completed 56 % :  mod = 9.706135604368098e-11,  Error =9.408155165147036e-06
Completed 57 % :  mod = 4.806308543984029e-11,  Error =9.594211917374196e-06
Completed 59 % :  mod = 7.36747958273392e-11,  Error =9.781330568614521e-06
Completed 60 % :  mod = 2.1686194291536392e-10,  Error =9.952803054602555e-06
Completed 61 % :  mod = 3.6365994218510047e-10,  Error =1.0067179630368628e-05
Completed 62 % :  mod = 1.480181731463961e-10,  Error =1.0189429495710556e-05
Completed 63 % :  mod = 1.0011893006229213e-10,  Error =1.03648071956286e-05
Completed 64 % :  mod = 1.0958998167520467e-10,  Error =1.0547225471668753e-05
Completed 65 % :  mod = 1.9736264021192554e-10,  Error =1.07108090503516e-05
Completed 66 % :  mod = 3.9787440808566293e-10,  Error =1.081232080935024e-05
Completed 67 % :  mod = 1.520407301617721e-10,  Error =1.0943007737296284e-05
Completed 68 % :  mod = 7.934182654824421e-11,  Error =1.1117110418012999e-05
Completed 69 % :  mod = 1.5297623105348894e-10,  Error =1.1294972644293466e-05
Completed 70 % :  mod = 3.2057352893814873e-10,  Error =1.1441097015563173e-05
Completed 71 % :  mod = 2.654526857354649e-10,  Error =1.153622220328998e-05
Completed 72 % :  mod = 1.1825350018377922e-10,  Error =1.1691046779560565e-05
Completed 73 % :  mod = 5.227995067891307e-11,  Error =1.1874786395082992e-05
Completed 74 % :  mod = 7.82310846702695e-11,  Error =1.2061005044472495e-05
Completed 75 % :  mod = 2.2118392009935033e-10,  Error =1.223026433905261e-05
Completed 76 % :  mod = 3.911494035899513e-10,  Error =1.2344210503556496e-05
Completed 77 % :  mod = 1.4904776621602053e-10,  Error =1.2463761557057751e-05
Completed 78 % :  mod = 1.0223277985379494e-10,  Error =1.2634359841001697e-05
Completed 79 % :  mod = 1.8963330671123727e-10,  Error =1.2807031723127693e-05
Completed 80 % :  mod = 3.005677227646743e-10,  Error =1.2943725920422366e-05
Completed 81 % :  mod = 2.233925036328974e-10,  Error =1.3042686695996508e-05
Completed 82 % :  mod = 2.0494790327772836e-10,  Error =1.3195374528152115e-05
Completed 83 % :  mod = 1.7778188272463758e-10,  Error =1.3358262208384986e-05
Completed 84 % :  mod = 2.7289721948646465e-10,  Error =1.3484161357268931e-05
Completed 85 % :  mod = 2.815851470271968e-10,  Error =1.359668451783591e-05
Completed 86 % :  mod = 1.5491850729685182e-10,  Error =1.3750781427290804e-05
Completed 87 % :  mod = 1.8361619146956765e-10,  Error =1.3906332000601651e-05
Completed 88 % :  mod = 3.3840235188669466e-10,  Error =1.4014674043494324e-05
Completed 89 % :  mod = 2.4003784669146973e-10,  Error =1.4138947065589491e-05
Completed 90 % :  mod = 1.2577938903817354e-10,  Error =1.4302980297031809e-05
Completed 91 % :  mod = 1.432035311533097e-10,  Error =1.4470541614741705e-05
Completed 92 % :  mod = 4.2241307355152893e-10,  Error =1.4593455546219047e-05
Completed 93 % :  mod = 1.9207617888973726e-10,  Error =1.470135589443089e-05
Completed 94 % :  mod = 9.339478181770243e-11,  Error =1.4863942602971747e-05
Completed 95 % :  mod = 1.5549725267347915e-10,  Error =1.5042646118956782e-05
Completed 96 % :  mod = 2.3085640974300295e-10,  Error =1.5202865682795164e-05
Completed 97 % :  mod = 3.5646940736459985e-10,  Error =1.5303949567169184e-05
Completed 98 % :  mod = 1.4020005944086246e-10,  Error =1.543909499446272e-05
Completed 99 % :  mod = 7.383449558178178e-11,  Error =1.5616629703174567e-05
Completed 100 % :  mod = 1.2371921040760179e-10,  Error =1.5798610228046073e-05
Finished 162/201 frames
Finished all frames!
