/opt/local/miniconda_23_9/lib/python3.11/site-packages/conda/base/context.py:201: FutureWarning: Adding 'defaults' to channel list implicitly is deprecated and will be removed in 25.3. 

To remove this warning, please choose a default channel explicitly with conda's regular configuration system, e.g. by adding 'defaults' to the list of channels:

  conda config --add channels defaults

For more information see https://docs.conda.io/projects/conda/en/stable/user-guide/configuration/use-condarc.html

  deprecated.topic(
JOB 13473 ARRAY_ID 119  -> i=119 ; range=[1.9e-10, 6.0e-10] ; intervals=200 (frames=201)
Density options: centers='2.0e-10,4.0e-10' width='5e-11,5e-11' strength=''
Completed 0 % :  mod = 3.1280855242677114e-16,  Error =-1.4210854715202004e-14
Completed 1 % :  mod = 4.744566094905986e-16,  Error =1.1474243422071595e-07
Completed 2 % :  mod = 1.1264684262712728e-15,  Error =2.29485387137629e-07
Completed 3 % :  mod = 2.9427158836214093e-15,  Error =3.442282476839864e-07
Completed 4 % :  mod = 7.800339965756562e-15,  Error =4.589699571511119e-07
Completed 5 % :  mod = 2.071982682277794e-14,  Error =5.737125121640929e-07
Completed 6 % :  mod = 5.505381626141969e-14,  Error =6.884545484808768e-07
Completed 7 % :  mod = 1.4628741384510664e-13,  Error =8.031966629573617e-07
Completed 8 % :  mod = 3.8871294784203437e-13,  Error =9.179393529734625e-07
Completed 9 % :  mod = 1.0328824782472325e-12,  Error =1.0326815882422125e-06
Completed 10 % :  mod = 2.744538177927381e-12,  Error =1.147420498170959e-06
Completed 11 % :  mod = 7.292262626157948e-12,  Error =1.2621412324165249e-06
Completed 12 % :  mod = 1.936761344699211e-11,  Error =1.3767250024443456e-06
Completed 13 % :  mod = 5.128768451451887e-11,  Error =1.490357881550608e-06
Completed 14 % :  mod = 1.3286711184857633e-10,  Error =1.5978256371340649e-06
Completed 15 % :  mod = 2.8594657611554485e-10,  Error =1.6789818033657866e-06
Completed 16 % :  mod = 2.2461875015316305e-10,  Error =1.7402761969265157e-06
Completed 17 % :  mod = 9.761844233354237e-11,  Error =1.8352102060248399e-06
Completed 18 % :  mod = 3.97444818054921e-11,  Error =1.9458711335573753e-06
Completed 19 % :  mod = 3.303975493112115e-11,  Error =2.0594404688267787e-06
Completed 20 % :  mod = 5.993828325916677e-11,  Error =2.172476321504746e-06
Completed 21 % :  mod = 1.2651547710479178e-10,  Error =2.279605737953716e-06
Completed 22 % :  mod = 2.882680639732617e-10,  Error =2.3599741254543005e-06
Completed 23 % :  mod = 2.3220824881766508e-10,  Error =2.422744309171776e-06
Completed 24 % :  mod = 9.012499880175747e-11,  Error =2.5175992206527553e-06
Completed 25 % :  mod = 4.0102783284782265e-11,  Error =2.6284265572940058e-06
Completed 26 % :  mod = 3.3200714461544846e-11,  Error =2.7420500430253014e-06
Completed 27 % :  mod = 5.474537032572728e-11,  Error =2.8552401829529117e-06
Completed 28 % :  mod = 1.2110083693318874e-10,  Error =2.9629180815504697e-06
Completed 28 % :  mod = 2.915145311968452e-10,  Error =3.0454220123488085e-06
Completed 30 % :  mod = 2.323672909106691e-10,  Error =3.1066916861277605e-06
Completed 31 % :  mod = 9.413803710842742e-11,  Error =3.20019945831973e-06
Completed 32 % :  mod = 3.696896342282896e-11,  Error =3.3111253685547126e-06
Completed 33 % :  mod = 1.481866177736524e-11,  Error =3.4252922560540355e-06
Completed 34 % :  mod = 6.468333233351701e-12,  Error =3.5399363369492676e-06
Completed 35 % :  mod = 6.266239735448016e-12,  Error =3.65464102713986e-06
Completed 36 % :  mod = 1.3485150061616298e-11,  Error =3.769302118428186e-06
Completed 37 % :  mod = 3.242363403446396e-11,  Error =3.883587702091518e-06
Completed 38 % :  mod = 8.46760356894941e-11,  Error =3.9952785826358195e-06
Completed 39 % :  mod = 2.1126637558934046e-10,  Error =4.092394995325321e-06
Completed 40 % :  mod = 3.0385350117913606e-10,  Error =4.155783173587224e-06
Completed 41 % :  mod = 1.3437027115144057e-10,  Error =4.233544601106587e-06
Completed 42 % :  mod = 6.130727028823554e-11,  Error =4.3397572397907425e-06
Completed 43 % :  mod = 3.1306654544312464e-11,  Error =4.452778746610875e-06
Completed 44 % :  mod = 3.198861416504373e-11,  Error =4.566653991844305e-06
Completed 45 % :  mod = 7.15461930635424e-11,  Error =4.678987565398529e-06
Completed 46 % :  mod = 1.8134676618381164e-10,  Error =4.781201724313178e-06
Completed 47 % :  mod = 2.9755912518067784e-10,  Error =4.85172448350113e-06
Completed 48 % :  mod = 1.6998642710679443e-10,  Error =4.920997490387435e-06
Completed 49 % :  mod = 8.293920137405378e-11,  Error =5.022953580180456e-06
Completed 50 % :  mod = 4.510247898893017e-11,  Error =5.134429976294541e-06
Completed 51 % :  mod = 5.982356217626674e-11,  Error =5.246619210197423e-06
Completed 52 % :  mod = 1.5391390368530753e-10,  Error =5.352284063064872e-06
Completed 53 % :  mod = 2.7605629034695397e-10,  Error =5.43286981979918e-06
Completed 54 % :  mod = 2.118349674238015e-10,  Error =5.493546041179798e-06
Completed 55 % :  mod = 1.2087241840726895e-10,  Error =5.587555982344838e-06
Completed 56 % :  mod = 6.781918027078517e-11,  Error =5.6955733569452605e-06
Completed 56 % :  mod = 9.254057738375642e-11,  Error =5.8038690653461344e-06
Completed 57 % :  mod = 2.4705043964348824e-10,  Error =5.8969930023522465e-06
Completed 59 % :  mod = 2.7758600370873235e-10,  Error =5.962188126318324e-06
Completed 60 % :  mod = 1.270121149251757e-10,  Error =6.040838542276106e-06
Completed 61 % :  mod = 9.331624558454172e-11,  Error =6.145499767740148e-06
Completed 62 % :  mod = 9.148645884582125e-11,  Error =6.254381460735203e-06
Completed 63 % :  mod = 1.4553397410872027e-10,  Error =6.355337113461701e-06
Completed 64 % :  mod = 3.2994598518793676e-10,  Error =6.425650155961193e-06
Completed 65 % :  mod = 1.8284162608975944e-10,  Error =6.4940451096617835e-06
Completed 66 % :  mod = 8.022433791467308e-11,  Error =6.593088890838317e-06
Completed 67 % :  mod = 6.034580139133269e-11,  Error =6.703954291253922e-06
Completed 68 % :  mod = 7.111347578659329e-11,  Error =6.815456657704999e-06
Completed 69 % :  mod = 1.4080570318504688e-10,  Error =6.919275712391482e-06
Completed 70 % :  mod = 3.216815409551279e-10,  Error =6.992968671681865e-06
Completed 71 % :  mod = 1.9190257830472626e-10,  Error =7.058816819949243e-06
Completed 72 % :  mod = 8.36521959492772e-11,  Error =7.157560141024533e-06
Completed 73 % :  mod = 3.7164381934260196e-11,  Error =7.269359279860055e-06
Completed 74 % :  mod = 2.2124894237389118e-11,  Error =7.3832949780694435e-06
Completed 75 % :  mod = 4.21540391754793e-11,  Error =7.497026913938498e-06
Completed 76 % :  mod = 1.1052203944968422e-10,  Error =7.607159432154731e-06
Completed 77 % :  mod = 2.3189780915347728e-10,  Error =7.699194320309743e-06
Completed 78 % :  mod = 2.8317584871370806e-10,  Error =7.758884279951417e-06
Completed 79 % :  mod = 1.2135679503670032e-10,  Error =7.843414074670818e-06
Completed 80 % :  mod = 4.709755783094917e-11,  Error =7.951472973388718e-06
Completed 81 % :  mod = 3.470972922107412e-11,  Error =8.064839725818729e-06
Completed 82 % :  mod = 3.830512415551998e-11,  Error =8.178669880010148e-06
Completed 83 % :  mod = 7.147802103574305e-11,  Error =8.290489716955562e-06
Completed 84 % :  mod = 2.0214964647993876e-10,  Error =8.38952082204969e-06
Completed 85 % :  mod = 3.101625703805294e-10,  Error =8.456408650658886e-06
Completed 86 % :  mod = 1.4352375468169823e-10,  Error =8.529384622590896e-06
Completed 87 % :  mod = 8.516326383999656e-11,  Error =8.632968345523295e-06
Completed 88 % :  mod = 5.6847586147214786e-11,  Error =8.744034801111411e-06
Completed 89 % :  mod = 8.385309016888649e-11,  Error =8.853839759126458e-06
Completed 90 % :  mod = 2.2509758136467363e-10,  Error =8.948620326520995e-06
Completed 91 % :  mod = 3.0552003502056417e-10,  Error =9.014088973913204e-06
Completed 92 % :  mod = 1.338876581206544e-10,  Error =9.090311593240585e-06
Completed 93 % :  mod = 9.014072927000422e-11,  Error =9.19345976058139e-06
Completed 94 % :  mod = 1.0424727592521794e-10,  Error =9.301158613084226e-06
Completed 95 % :  mod = 1.7126039980463856e-10,  Error =9.39965657664743e-06
Completed 96 % :  mod = 2.9725984586036575e-10,  Error =9.465870071778681e-06
Completed 97 % :  mod = 1.8926708727994857e-10,  Error =9.538851664103731e-06
Completed 98 % :  mod = 7.569884417093164e-11,  Error =9.640134251753807e-06
Completed 99 % :  mod = 4.897003275353063e-11,  Error =9.751042689742917e-06
Completed 100 % :  mod = 9.604845652232235e-11,  Error =9.861287516343964e-06
Finished 120/201 frames
Finished all frames!
