/opt/local/miniconda_23_9/lib/python3.11/site-packages/conda/base/context.py:201: FutureWarning: Adding 'defaults' to channel list implicitly is deprecated and will be removed in 25.3. 

To remove this warning, please choose a default channel explicitly with conda's regular configuration system, e.g. by adding 'defaults' to the list of channels:

  conda config --add channels defaults

For more information see https://docs.conda.io/projects/conda/en/stable/user-guide/configuration/use-condarc.html

  deprecated.topic(
JOB 13517 ARRAY_ID 163  -> i=163 ; range=[1.9e-10, 6.0e-10] ; intervals=200 (frames=201)
Density options: centers='2.0e-10,4.0e-10' width='5e-11,5e-11' strength=''
Completed 0 % :  mod = 3.5812051448947397e-16,  Error =-1.4210854715202004e-14
Completed 1 % :  mod = 6.036873819376639e-16,  Error =1.9711785625986522e-07
Completed 2 % :  mod = 1.6771633468762623e-15,  Error =3.9423577646857666e-07
Completed 3 % :  mod = 5.0507351395608425e-15,  Error =5.913543645874597e-07
Completed 4 % :  mod = 1.5350987583064296e-14,  Error =7.884728461249324e-07
Completed 5 % :  mod = 4.6703895978289486e-14,  Error =9.855914555600975e-07
Completed 6 % :  mod = 1.4210747447061233e-13,  Error =1.1827087149640647e-06
Completed 7 % :  mod = 4.3240009112542933e-13,  Error =1.3798274309806402e-06
Completed 8 % :  mod = 1.3156938555351395e-12,  Error =1.5769446335411885e-06
Completed 9 % :  mod = 4.003325139121348e-12,  Error =1.7740550006806188e-06
Completed 10 % :  mod = 1.2180301284170755e-11,  Error =1.9710983352183575e-06
Completed 11 % :  mod = 3.703609529531794e-11,  Error =2.1675237249496604e-06
Completed 12 % :  mod = 1.1190746964444466e-10,  Error =2.358462907636749e-06
Completed 13 % :  mod = 3.0863672218766375e-10,  Error =2.513322812092156e-06
Completed 14 % :  mod = 3.002162844396863e-10,  Error =2.61294037073867e-06
Completed 15 % :  mod = 1.1155631469398722e-10,  Error =2.772960122854329e-06
Completed 16 % :  mod = 5.4754931085750946e-11,  Error =2.9621713579786046e-06
Completed 17 % :  mod = 9.687626768925618e-11,  Error =3.1527412787113462e-06
Completed 18 % :  mod = 2.639109317707908e-10,  Error =3.320848541932264e-06
Completed 19 % :  mod = 3.450223249514716e-10,  Error =3.426817563934037e-06
Completed 20 % :  mod = 1.220994773522967e-10,  Error =3.570044576406417e-06
Completed 21 % :  mod = 5.762801516686475e-11,  Error =3.7579200622417375e-06
Completed 22 % :  mod = 4.8558282662390274e-11,  Error =3.952420783548405e-06
Completed 23 % :  mod = 8.959340577282044e-11,  Error =4.144021389151931e-06
Completed 24 % :  mod = 2.797737451514644e-10,  Error =4.306880249771439e-06
Completed 25 % :  mod = 3.5733744824129484e-10,  Error =4.4121126023810575e-06
Completed 26 % :  mod = 1.1350659389534867e-10,  Error =4.559653440594502e-06
Completed 27 % :  mod = 7.58590364454844e-11,  Error =4.744722517102673e-06
Completed 28 % :  mod = 1.644842431646674e-10,  Error =4.928188324981875e-06
Completed 28 % :  mod = 3.137985297086292e-10,  Error =5.075898187101302e-06
Completed 30 % :  mod = 2.430281045375271e-10,  Error =5.172855011892352e-06
Completed 31 % :  mod = 1.581284681067069e-10,  Error =5.332719695161359e-06
Completed 32 % :  mod = 1.1355945113557505e-10,  Error =5.514612276158459e-06
Completed 33 % :  mod = 1.8373250435032432e-10,  Error =5.6822376848231215e-06
Completed 34 % :  mod = 4.1872927047456274e-10,  Error =5.79010580281647e-06
Completed 35 % :  mod = 1.6492848450579158e-10,  Error =5.919359175265981e-06
Completed 36 % :  mod = 9.205805135750036e-11,  Error =6.093942054974377e-06
Completed 37 % :  mod = 1.9640090071825276e-10,  Error =6.270038170441694e-06
Completed 38 % :  mod = 3.63687467659427e-10,  Error =6.406084182231098e-06
Completed 39 % :  mod = 2.0637784373412e-10,  Error =6.5083550140343505e-06
Completed 40 % :  mod = 1.3703528366059458e-10,  Error =6.671327120955084e-06
Completed 41 % :  mod = 1.5973639661837605e-10,  Error =6.849436992695246e-06
Completed 42 % :  mod = 2.559970653912494e-10,  Error =7.001421707286681e-06
Completed 43 % :  mod = 2.9127862459367733e-10,  Error =7.099378194652672e-06
Completed 44 % :  mod = 2.072693279760682e-10,  Error =7.247083033234958e-06
Completed 45 % :  mod = 1.3875439174052974e-10,  Error =7.418318354268649e-06
Completed 46 % :  mod = 2.4015147132585386e-10,  Error =7.565714739143914e-06
Completed 47 % :  mod = 3.823163153568366e-10,  Error =7.67530242740122e-06
Completed 48 % :  mod = 1.5561909009190908e-10,  Error =7.817119410447049e-06
Completed 49 % :  mod = 1.530608728583369e-10,  Error =7.975915139013523e-06
Completed 50 % :  mod = 3.8014237878139757e-10,  Error =8.098938650391574e-06
Completed 51 % :  mod = 2.575520424675484e-10,  Error =8.21876295731272e-06
Completed 52 % :  mod = 1.3750963186442155e-10,  Error =8.37778153339741e-06
Completed 53 % :  mod = 1.6844802161766712e-10,  Error =8.545339248655637e-06
Completed 54 % :  mod = 4.2033934831264825e-10,  Error =8.671144200889103e-06
Completed 55 % :  mod = 1.9284795231572736e-10,  Error =8.78140631499491e-06
Completed 56 % :  mod = 1.0956796007082525e-10,  Error =8.943984944664862e-06
Completed 56 % :  mod = 2.270382887528994e-10,  Error =9.117923369217351e-06
Completed 57 % :  mod = 3.0335872203731644e-10,  Error =9.257851978361487e-06
Completed 59 % :  mod = 2.444083489678797e-10,  Error =9.357307348523136e-06
Completed 60 % :  mod = 1.8379372185010087e-10,  Error =9.512423439161921e-06
Completed 61 % :  mod = 1.5619473436119318e-10,  Error =9.68310765614433e-06
Completed 62 % :  mod = 2.9625213780223675e-10,  Error =9.82005428085131e-06
Completed 63 % :  mod = 2.519014500605283e-10,  Error =9.926623427247705e-06
Completed 64 % :  mod = 2.2276158592872726e-10,  Error =1.0078975073213314e-05
Completed 65 % :  mod = 1.9510612815493868e-10,  Error =1.0236659299778239e-05
Completed 66 % :  mod = 3.030788888842111e-10,  Error =1.0349128707787258e-05
Completed 67 % :  mod = 2.7460048428927686e-10,  Error =1.0475642646667893e-05
Completed 68 % :  mod = 1.1731958978615768e-10,  Error =1.0641889680584882e-05
Completed 69 % :  mod = 1.7797960121093215e-10,  Error =1.0804560453436807e-05
Completed 70 % :  mod = 4.085067081459283e-10,  Error =1.0916311047992622e-05
Completed 71 % :  mod = 1.9573717964321491e-10,  Error =1.1039931557377258e-05
Completed 72 % :  mod = 1.3275525604165316e-10,  Error =1.1208214246494208e-05
Completed 73 % :  mod = 1.9245544277045114e-10,  Error =1.1377300609183294e-05
Completed 74 % :  mod = 3.986785911658193e-10,  Error =1.1505146645163222e-05
Completed 75 % :  mod = 1.7659793040772402e-10,  Error =1.1613674892885228e-05
Completed 76 % :  mod = 1.2570325377064336e-10,  Error =1.177456076817407e-05
Completed 77 % :  mod = 2.7288946140110287e-10,  Error =1.1940399673449065e-05
Completed 78 % :  mod = 2.8614267546936547e-10,  Error =1.2068350997651578e-05
Completed 79 % :  mod = 2.0324437683702727e-10,  Error =1.2181609491790368e-05
Completed 80 % :  mod = 2.2352302576982763e-10,  Error =1.2338530893885036e-05
Completed 81 % :  mod = 2.536700471532135e-10,  Error =1.2490501084982952e-05
Completed 82 % :  mod = 2.762503348376288e-10,  Error =1.2596289550970141e-05
Completed 83 % :  mod = 1.7854726605319312e-10,  Error =1.2734990086471498e-05
Completed 84 % :  mod = 1.7706790704861305e-10,  Error =1.2906401899215325e-05
Completed 85 % :  mod = 2.1560715867655404e-10,  Error =1.3064186227040864e-05
Completed 86 % :  mod = 3.271347097131501e-10,  Error =1.3164485338279519e-05
Completed 87 % :  mod = 2.168852203394996e-10,  Error =1.330342483640834e-05
Completed 88 % :  mod = 1.0274490270786973e-10,  Error =1.3477708456832715e-05
Completed 89 % :  mod = 1.790201403745796e-10,  Error =1.364481369847681e-05
Completed 90 % :  mod = 4.3520570622847807e-10,  Error =1.3760690833919398e-05
Completed 91 % :  mod = 1.706884187907533e-10,  Error =1.3880629090579077e-05
Completed 92 % :  mod = 1.1331377314040106e-10,  Error =1.4048837279290183e-05
Completed 93 % :  mod = 2.365878458709456e-10,  Error =1.4217764210400219e-05
Completed 94 % :  mod = 3.513569315111718e-10,  Error =1.434844065784091e-05
Completed 95 % :  mod = 1.7714406964935318e-10,  Error =1.445664643284772e-05
Completed 96 % :  mod = 1.802009192315998e-10,  Error =1.461487151033225e-05
Completed 97 % :  mod = 2.7803099719270826e-10,  Error =1.4772484441039069e-05
Completed 98 % :  mod = 2.8525109420530984e-10,  Error =1.489001444809901e-05
Completed 99 % :  mod = 1.6512114473868949e-10,  Error =1.5018757267171168e-05
Completed 100 % :  mod = 2.1499332016427818e-10,  Error =1.5183960620390735e-05
Finished 164/201 frames
Finished all frames!
