/opt/local/miniconda_23_9/lib/python3.11/site-packages/conda/base/context.py:201: FutureWarning: Adding 'defaults' to channel list implicitly is deprecated and will be removed in 25.3. 

To remove this warning, please choose a default channel explicitly with conda's regular configuration system, e.g. by adding 'defaults' to the list of channels:

  conda config --add channels defaults

For more information see https://docs.conda.io/projects/conda/en/stable/user-guide/configuration/use-condarc.html

  deprecated.topic(
JOB 13440 ARRAY_ID 86  -> i=86 ; range=[1.9e-10, 6.0e-10] ; intervals=200 (frames=201)
Density options: centers='2.0e-10,4.0e-10' width='5e-11,5e-11' strength=''
Completed 0 % :  mod = 2.759646057988477e-16,  Error =-1.4210854715202004e-14
Completed 1 % :  mod = 3.8215944653433997e-16,  Error =6.950622122303685e-08
Completed 2 % :  mod = 7.824743364332667e-16,  Error =1.3901050266440507e-07
Completed 3 % :  mod = 1.7850022408222597e-15,  Error =2.0851770443641726e-07
Completed 4 % :  mod = 4.161315251525234e-15,  Error =2.780236769694966e-07
Completed 5 % :  mod = 9.740286926065176e-15,  Error =3.475303600453117e-07
Completed 6 % :  mod = 2.2815641968249535e-14,  Error =4.170354301891166e-07
Completed 7 % :  mod = 5.3450520473909864e-14,  Error =4.865414027221959e-07
Completed 8 % :  mod = 1.2522233432094041e-13,  Error =5.560470981436083e-07
Completed 9 % :  mod = 2.933685249038321e-13,  Error =6.255525164533537e-07
Completed 10 % :  mod = 6.87298190672166e-13,  Error =6.950585600407067e-07
Completed 11 % :  mod = 1.6101813777215602e-12,  Error =7.645640422992983e-07
Completed 12 % :  mod = 3.7721817830350325e-12,  Error =8.34065254196048e-07
Completed 13 % :  mod = 8.835795779282953e-12,  Error =9.03542925811962e-07
Completed 14 % :  mod = 2.0679642312363885e-11,  Error =9.728957692800577e-07
Completed 15 % :  mod = 4.8181519364131975e-11,  Error =1.0415666693575076e-06
Completed 16 % :  mod = 1.0946209463948768e-10,  Error =1.1067933343156255e-06
Completed 17 % :  mod = 2.153588905797715e-10,  Error =1.1593213713467776e-06
Completed 18 % :  mod = 2.2687902050399094e-10,  Error =1.197315675938171e-06
Completed 19 % :  mod = 1.1419576253408136e-10,  Error =1.2485524436556261e-06
Completed 20 % :  mod = 5.140678638081692e-11,  Error =1.3132270026972037e-06
Completed 21 % :  mod = 2.485773434794024e-11,  Error =1.3817267259241817e-06
Completed 22 % :  mod = 1.444591308258964e-11,  Error =1.4509733077261444e-06
Completed 23 % :  mod = 1.602005864572767e-11,  Error =1.5203191097157287e-06
Completed 24 % :  mod = 3.129916628603082e-11,  Error =1.589445311367399e-06
Completed 25 % :  mod = 6.649446470643823e-11,  Error =1.6572975596318429e-06
Completed 26 % :  mod = 1.4523088624723465e-10,  Error =1.719050068516026e-06
Completed 27 % :  mod = 2.510834081829267e-10,  Error =1.7642404088746844e-06
Completed 28 % :  mod = 1.753654108092493e-10,  Error =1.8042990390654268e-06
Completed 28 % :  mod = 8.890716947319913e-11,  Error =1.8621730575318907e-06
Completed 30 % :  mod = 3.872745080320276e-11,  Error =1.9289482082740506e-06
Completed 31 % :  mod = 2.0044632024241253e-11,  Error =1.997838822376252e-06
Completed 32 % :  mod = 1.781295714987146e-11,  Error =2.067105178582551e-06
Completed 33 % :  mod = 2.776348139073288e-11,  Error =2.1362669286872915e-06
Completed 34 % :  mod = 5.653027741467317e-11,  Error =2.2044905634288625e-06
Completed 35 % :  mod = 1.3229173288141627e-10,  Error =2.268002361915933e-06
Completed 36 % :  mod = 2.3162649229154076e-10,  Error =2.3168561398279053e-06
Completed 37 % :  mod = 2.0023955150029644e-10,  Error =2.35502051992853e-06
Completed 38 % :  mod = 1.0524166421057172e-10,  Error =2.409881439291439e-06
Completed 39 % :  mod = 4.536786908177559e-11,  Error =2.47553508359033e-06
Completed 40 % :  mod = 2.852370953171021e-11,  Error =2.5440565494250222e-06
Completed 41 % :  mod = 3.162324978060993e-11,  Error =2.6129865986490586e-06
Completed 42 % :  mod = 5.282199503819809e-11,  Error =2.681261705106408e-06
Completed 43 % :  mod = 1.1656467845259625e-10,  Error =2.745670933279598e-06
Completed 44 % :  mod = 2.290695191747782e-10,  Error =2.7968748241846697e-06
Completed 45 % :  mod = 2.1024740999487894e-10,  Error =2.8347589804411655e-06
Completed 46 % :  mod = 1.1285415351918673e-10,  Error =2.8872624966425064e-06
Completed 47 % :  mod = 4.943925448511179e-11,  Error =2.952369655417897e-06
Completed 48 % :  mod = 2.3095935154797587e-11,  Error =3.020941626630247e-06
Completed 49 % :  mod = 1.5437129501756584e-11,  Error =3.090195505706106e-06
Completed 50 % :  mod = 1.8475441251345778e-11,  Error =3.1595125804528834e-06
Completed 51 % :  mod = 3.4687785310974486e-11,  Error =3.2285155313616087e-06
Completed 52 % :  mod = 8.099048953968522e-11,  Error =3.2957149826984278e-06
Completed 53 % :  mod = 1.681648157117423e-10,  Error =3.355093937784659e-06
Completed 54 % :  mod = 2.4701975212084887e-10,  Error =3.3966707917443273e-06
Completed 55 % :  mod = 1.575521349265282e-10,  Error =3.4401004285200543e-06
Completed 56 % :  mod = 7.255246821310341e-11,  Error =3.500852294280321e-06
Completed 56 % :  mod = 3.115189747588527e-11,  Error =3.5684754706721833e-06
Completed 57 % :  mod = 1.4581560924848398e-11,  Error =3.6376120817749324e-06
Completed 59 % :  mod = 8.389978383353685e-12,  Error =3.707028902510956e-06
Completed 60 % :  mod = 8.821430434016123e-12,  Error =3.776484717832318e-06
Completed 61 % :  mod = 1.61931057743307e-11,  Error =3.845883732367383e-06
Completed 62 % :  mod = 3.575526240969858e-11,  Error =3.914922459102854e-06
Completed 63 % :  mod = 7.987314389773738e-11,  Error =3.9820627648623486e-06
Completed 64 % :  mod = 1.752355971653828e-10,  Error =4.040807631611187e-06
Completed 65 % :  mod = 2.4984940001870817e-10,  Error =4.082112852188402e-06
Completed 66 % :  mod = 1.4793953154967095e-10,  Error =4.1259222101075466e-06
Completed 67 % :  mod = 7.430382131829191e-11,  Error =4.187065052008165e-06
Completed 68 % :  mod = 3.3419232721633344e-11,  Error =4.2546364866780095e-06
Completed 69 % :  mod = 2.1113095920945854e-11,  Error =4.323615947043891e-06
Completed 70 % :  mod = 2.6601056070486005e-11,  Error =4.392743363723639e-06
Completed 71 % :  mod = 4.9622305690727876e-11,  Error =4.461279097256465e-06
Completed 72 % :  mod = 1.0362691601764401e-10,  Error =4.526567487062039e-06
Completed 73 % :  mod = 2.188746855317093e-10,  Error =4.579524841119564e-06
Completed 74 % :  mod = 2.2641128636199132e-10,  Error =4.617959085351231e-06
Completed 75 % :  mod = 1.1498497784334504e-10,  Error =4.6684475876190845e-06
Completed 76 % :  mod = 5.5573909656529475e-11,  Error =4.732922043615417e-06
Completed 77 % :  mod = 2.5591493528781787e-11,  Error =4.80132072766537e-06
Completed 78 % :  mod = 1.7078395432453635e-11,  Error =4.8705072543953065e-06
Completed 79 % :  mod = 2.3074081962317343e-11,  Error =4.939743604381874e-06
Completed 80 % :  mod = 4.482398551931518e-11,  Error =5.008474161627419e-06
Completed 81 % :  mod = 9.513770916502722e-11,  Error =5.074472532839991e-06
Completed 82 % :  mod = 2.0514861175329045e-10,  Error =5.1294579463956325e-06
Completed 83 % :  mod = 2.370085059592865e-10,  Error =5.168428600654806e-06
Completed 84 % :  mod = 1.2437821304801955e-10,  Error =5.216693281795415e-06
Completed 85 % :  mod = 6.175219854853501e-11,  Error =5.28021791978972e-06
Completed 86 % :  mod = 2.894301619398103e-11,  Error =5.348358449452917e-06
Completed 87 % :  mod = 2.033973354110808e-11,  Error =5.417435332333298e-06
Completed 88 % :  mod = 2.968210647068465e-11,  Error =5.486520421982277e-06
Completed 89 % :  mod = 5.88873649856223e-11,  Error =5.554720949874081e-06
Completed 90 % :  mod = 1.2179107729614024e-10,  Error =5.618426619946604e-06
Completed 91 % :  mod = 2.39728316004704e-10,  Error =5.6672815773595175e-06
Completed 92 % :  mod = 2.029707022976485e-10,  Error =5.705896960250811e-06
Completed 93 % :  mod = 9.882967209049979e-11,  Error =5.760449575120674e-06
Completed 94 % :  mod = 4.4958381900472726e-11,  Error =5.82637829182886e-06
Completed 95 % :  mod = 1.9355367420733986e-11,  Error =5.895167596747797e-06
Completed 96 % :  mod = 1.0049094665477182e-11,  Error =5.964519743884011e-06
Completed 97 % :  mod = 8.652890563418686e-12,  Error =6.033968681151691e-06
Completed 98 % :  mod = 1.2998506867713972e-11,  Error =6.103396238188452e-06
Completed 99 % :  mod = 2.722664230007417e-11,  Error =6.172612025068247e-06
Completed 100 % :  mod = 6.433059700229261e-11,  Error =6.240665626933151e-06
Finished 87/201 frames
Finished all frames!
