/opt/local/miniconda_23_9/lib/python3.11/site-packages/conda/base/context.py:201: FutureWarning: Adding 'defaults' to channel list implicitly is deprecated and will be removed in 25.3. 

To remove this warning, please choose a default channel explicitly with conda's regular configuration system, e.g. by adding 'defaults' to the list of channels:

  conda config --add channels defaults

For more information see https://docs.conda.io/projects/conda/en/stable/user-guide/configuration/use-condarc.html

  deprecated.topic(
JOB 13892 ARRAY_ID 21  -> i=21 ; range=[1.9e-10, 5.0e-10] ; intervals=200 (frames=201)
Analytic t0 extension enabled (--extend-time-using-t0).
Density options: centers='2.0e-10,4.0e-10' width='2.0e-11,5.0e-11' strength='7.0'
Extending simulation time for p0=2.091e-10 from 10000000000.0 to 1.867e+10
Completed 0 % :  mod = 1.6726728971423568e-16,  Error =-1.4210854715202004e-14
Completed 1 % :  mod = 1.8068838123139105e-16,  Error =1.751677558559095e-08
Completed 2 % :  mod = 2.231022539794684e-16,  Error =3.503384959913092e-08
Completed 3 % :  mod = 3.013198617336338e-16,  Error =5.255105861579068e-08
Completed 4 % :  mod = 4.2788331734853156e-16,  Error =7.006769209283448e-08
Completed 5 % :  mod = 6.231038028475776e-16,  Error =8.758404135278397e-08
Completed 6 % :  mod = 9.183251229003412e-16,  Error =1.0510142800512767e-07
Completed 7 % :  mod = 1.3608856888646366e-15,  Error =1.2261846649153085e-07
Completed 8 % :  mod = 2.021810386878532e-15,  Error =1.4013497917630957e-07
Completed 9 % :  mod = 3.0072134522355493e-15,  Error =1.5765203897899482e-07
Completed 10 % :  mod = 4.475103132909407e-15,  Error =1.7516881456458577e-07
Completed 11 % :  mod = 6.661198021545715e-15,  Error =1.9268550488504843e-07
Completed 12 % :  mod = 9.916035901045898e-15,  Error =2.1020129992166403e-07
Completed 13 % :  mod = 1.476197474496519e-14,  Error =2.2771757812733995e-07
Completed 14 % :  mod = 2.1977049257481996e-14,  Error =2.4523503583395723e-07
Completed 15 % :  mod = 3.27181874619041e-14,  Error =2.6275107956053034e-07
Completed 16 % :  mod = 4.870919557973466e-14,  Error =2.8026881437881457e-07
Completed 17 % :  mod = 7.251748360913379e-14,  Error =2.9778642129940636e-07
Completed 18 % :  mod = 1.0796064792987454e-13,  Error =3.15303012143886e-07
Completed 19 % :  mod = 1.6073015193035435e-13,  Error =3.3282082512187117e-07
Completed 20 % :  mod = 2.3928713769527586e-13,  Error =3.5033722411981216e-07
Completed 21 % :  mod = 3.5623767366747623e-13,  Error =3.6785400681083047e-07
Completed 22 % :  mod = 5.303544123882912e-13,  Error =3.8537046265219033e-07
Completed 23 % :  mod = 7.895428274236601e-13,  Error =4.028871174455162e-07
Completed 24 % :  mod = 1.175353186456994e-12,  Error =4.2040250036734506e-07
Completed 25 % :  mod = 1.7495770710685942e-12,  Error =4.379179401325928e-07
Completed 26 % :  mod = 2.6037900228147784e-12,  Error =4.554319374960869e-07
Completed 27 % :  mod = 3.873514889102947e-12,  Error =4.729450324703066e-07
Completed 28 % :  mod = 5.756926433522552e-12,  Error =4.904495938262698e-07
Completed 29 % :  mod = 8.538523434864265e-12,  Error =5.079409817199121e-07
Completed 30 % :  mod = 1.2607242655084154e-11,  Error =5.254020081224553e-07
Completed 31 % :  mod = 1.84320711115034e-11,  Error =5.427958384984777e-07
Completed 32 % :  mod = 2.638901508505237e-11,  Error =5.600563639518441e-07
Completed 33 % :  mod = 3.6202736140790087e-11,  Error =5.770737558918881e-07
Completed 34 % :  mod = 4.587395119000693e-11,  Error =5.937244438314337e-07
Completed 35 % :  mod = 5.126797713022246e-11,  Error =6.100239815509667e-07
Completed 36 % :  mod = 4.905312468456265e-11,  Error =6.262384744104565e-07
Completed 37 % :  mod = 4.0688755101799337e-11,  Error =6.427184260360264e-07
Completed 38 % :  mod = 3.054898632784795e-11,  Error =6.595878758730578e-07
Completed 39 % :  mod = 2.1666731767365006e-11,  Error =6.767579918687261e-07
Completed 40 % :  mod = 1.4929310259622315e-11,  Error =6.941042229868799e-07
Completed 41 % :  mod = 1.0145900497305427e-11,  Error =7.115433646731617e-07
Completed 42 % :  mod = 6.851399371168886e-12,  Error =7.290234051993139e-07
Completed 43 % :  mod = 4.613111055105574e-12,  Error =7.465244920012992e-07
Completed 44 % :  mod = 3.102017885216679e-12,  Error =7.640335866199166e-07
Completed 45 % :  mod = 2.08466345983308e-12,  Error =7.815464826421703e-07
Completed 46 % :  mod = 1.4005636113267573e-12,  Error =7.990624339981878e-07
Completed 47 % :  mod = 9.408703914515896e-13,  Error =8.165776179680506e-07
Completed 48 % :  mod = 6.320350589372848e-13,  Error =8.340943438156501e-07
Completed 49 % :  mod = 4.245715212963232e-13,  Error =8.51611297036925e-07
Completed 50 % :  mod = 2.8523683444017843e-13,  Error =8.691282218364904e-07
Completed 51 % :  mod = 1.9166332266290247e-13,  Error =8.866458856005011e-07
Completed 52 % :  mod = 1.2884874476735227e-13,  Error =9.041623059147241e-07
Completed 53 % :  mod = 8.670861797633082e-14,  Error =9.216781151621944e-07
Completed 54 % :  mod = 5.84802178752366e-14,  Error =9.391954378656919e-07
Completed 55 % :  mod = 3.963721185837525e-14,  Error =9.567121921350008e-07
Completed 56 % :  mod = 2.7154282719577425e-14,  Error =9.742279445390523e-07
Completed 57 % :  mod = 1.9028113106658918e-14,  Error =9.917460772612685e-07
Completed 58 % :  mod = 1.3955682349168548e-14,  Error =1.0092623625723718e-06
Completed 59 % :  mod = 1.1122442986182366e-14,  Error =1.0267795573781768e-06
Completed 60 % :  mod = 1.0074088330648989e-14,  Error =1.044295821372998e-06
Completed 61 % :  mod = 1.0642195946605882e-14,  Error =1.0618117727290155e-06
Completed 62 % :  mod = 1.2918095720176824e-14,  Error =1.0793293299116158e-06
Completed 63 % :  mod = 1.726672559174606e-14,  Error =1.0968444144054956e-06
Completed 64 % :  mod = 2.4385929419782453e-14,  Error =1.114361239729078e-06
Completed 65 % :  mod = 3.541875896479683e-14,  Error =1.1318783492697548e-06
Completed 66 % :  mod = 5.2134312673153546e-14,  Error =1.1493947837948326e-06
Completed 67 % :  mod = 7.721681767445591e-14,  Error =1.1669121775526037e-06
Completed 68 % :  mod = 1.1468818415013254e-13,  Error =1.1844292018281521e-06
Completed 69 % :  mod = 1.7056192172835682e-13,  Error =1.2019455937206658e-06
Completed 70 % :  mod = 2.5380832945642217e-13,  Error =1.2194622698302737e-06
Completed 71 % :  mod = 3.7777435248572217e-13,  Error =1.2369782211862912e-06
Completed 72 % :  mod = 5.623498521000761e-13,  Error =1.254494556235386e-06
Completed 73 % :  mod = 8.371525542221041e-13,  Error =1.2720118220954646e-06
Completed 74 % :  mod = 1.2461919249641148e-12,  Error =1.2895281145119952e-06
Completed 75 % :  mod = 1.8549719359618997e-12,  Error =1.3070449327301503e-06
Completed 76 % :  mod = 2.760513211026005e-12,  Error =1.3245583332377464e-06
Completed 77 % :  mod = 4.106177978737274e-12,  Error =1.3420699289667937e-06
Completed 78 % :  mod = 6.101557559172851e-12,  Error =1.3595731687132684e-06
Completed 79 % :  mod = 9.045471033707623e-12,  Error =1.3770599167628461e-06
Completed 80 % :  mod = 1.3341918488765577e-11,  Error =1.3945132977255525e-06
Completed 81 % :  mod = 1.9463855555035308e-11,  Error =1.4118961360054527e-06
Completed 82 % :  mod = 2.77386404066487e-11,  Error =1.42912955425345e-06
Completed 83 % :  mod = 3.771325597031402e-11,  Error =1.4460992332487876e-06
Completed 84 % :  mod = 4.7049048619698255e-11,  Error =1.4626925803895574e-06
Completed 85 % :  mod = 5.144584364381744e-11,  Error =1.4789552409411044e-06
Completed 86 % :  mod = 4.811114518637846e-11,  Error =1.4951914550920264e-06
Completed 87 % :  mod = 3.920879919149453e-11,  Error =1.5117267224695752e-06
Completed 88 % :  mod = 2.912355973235226e-11,  Error =1.528647700865804e-06
Completed 89 % :  mod = 2.0539189214865933e-11,  Error =1.5458503739296248e-06
Completed 90 % :  mod = 1.4113724706205107e-11,  Error =1.5632146670441216e-06
Completed 91 % :  mod = 9.579400827913336e-12,  Error =1.5806610207391714e-06
Completed 92 % :  mod = 6.465071036517629e-12,  Error =1.5981459355884908e-06
Completed 93 % :  mod = 4.351932378842666e-12,  Error =1.6156468944927838e-06
Completed 94 % :  mod = 2.9259834012700433e-12,  Error =1.6331574457240094e-06
Completed 95 % :  mod = 1.9662631101798003e-12,  Error =1.6506699864748953e-06
Completed 96 % :  mod = 1.3210246576119198e-12,  Error =1.6681845451671506e-06
Completed 97 % :  mod = 8.87426300316539e-13,  Error =1.6857011075899209e-06
Completed 98 % :  mod = 5.961565120481225e-13,  Error =1.7032178547538024e-06
Completed 99 % :  mod = 4.005075421457364e-13,  Error =1.7207358595783262e-06
Completed 100 % :  mod = 2.691270879532966e-13,  Error =1.7382525854259256e-06
Finished 22/201 frames
Finished all frames!
