/opt/local/miniconda_23_9/lib/python3.11/site-packages/conda/base/context.py:201: FutureWarning: Adding 'defaults' to channel list implicitly is deprecated and will be removed in 25.3. 

To remove this warning, please choose a default channel explicitly with conda's regular configuration system, e.g. by adding 'defaults' to the list of channels:

  conda config --add channels defaults

For more information see https://docs.conda.io/projects/conda/en/stable/user-guide/configuration/use-condarc.html

  deprecated.topic(
JOB 13521 ARRAY_ID 167  -> i=167 ; range=[1.9e-10, 6.0e-10] ; intervals=200 (frames=201)
Density options: centers='2.0e-10,4.0e-10' width='5e-11,5e-11' strength=''
Completed 0 % :  mod = 3.6377725879838446e-16,  Error =-1.4210854715202004e-14
Completed 1 % :  mod = 6.21086814482421e-16,  Error =2.0987054938359506e-07
Completed 2 % :  mod = 1.75701959409892e-15,  Error =4.1974117692689106e-07
Completed 3 % :  mod = 5.378527977483952e-15,  Error =6.296116978887767e-07
Completed 4 % :  mod = 1.66087950318991e-14,  Error =8.394826878088679e-07
Completed 5 % :  mod = 5.1334768412761605e-14,  Error =1.049354487747678e-06
Completed 6 % :  mod = 1.5868170108745903e-13,  Error =1.2592246037002042e-06
Completed 7 % :  mod = 4.905083675606768e-13,  Error =1.4690955936202954e-06
Completed 8 % :  mod = 1.5162334340228064e-12,  Error =1.6789656527294028e-06
Completed 9 % :  mod = 4.68686129505587e-12,  Error =1.8888247339532427e-06
Completed 10 % :  mod = 1.4486485780074305e-11,  Error =2.0985873447898484e-06
Completed 11 % :  mod = 4.474069678132113e-11,  Error =2.3074260795397095e-06
Completed 12 % :  mod = 1.3698407338204437e-10,  Error =2.507970691567607e-06
Completed 13 % :  mod = 3.6116840269070005e-10,  Error =2.6593849042910733e-06
Completed 14 % :  mod = 2.3641673581009905e-10,  Error =2.769625787379937e-06
Completed 15 % :  mod = 1.0577041854147301e-10,  Error =2.9513573096551227e-06
Completed 16 % :  mod = 6.314052769662246e-11,  Error =3.1540972926791255e-06
Completed 17 % :  mod = 1.1648739114395194e-10,  Error =3.3535306798171405e-06
Completed 18 % :  mod = 3.653825344635763e-10,  Error =3.5107887299545837e-06
Completed 19 % :  mod = 2.711072728781515e-10,  Error =3.6201469129082398e-06
Completed 20 % :  mod = 8.70611449569789e-11,  Error =3.7974565927356707e-06
Completed 21 % :  mod = 3.191387882348805e-11,  Error =4.0030856709449836e-06
Completed 22 % :  mod = 1.5787390384086386e-11,  Error =4.212383608148684e-06
Completed 23 % :  mod = 1.6514979194221273e-11,  Error =4.4219849328897e-06
Completed 24 % :  mod = 4.325680352556074e-11,  Error =4.630716972542359e-06
Completed 25 % :  mod = 1.4101904027625316e-10,  Error =4.8312220997104305e-06
Completed 26 % :  mod = 3.527257200576163e-10,  Error =4.983752234011263e-06
Completed 27 % :  mod = 2.387430627132419e-10,  Error =5.093026018698765e-06
Completed 28 % :  mod = 1.1611831166765984e-10,  Error =5.273283179008104e-06
Completed 28 % :  mod = 7.590582457935747e-11,  Error =5.474184852971575e-06
Completed 30 % :  mod = 1.4737114207021603e-10,  Error =5.667431764777575e-06
Completed 31 % :  mod = 4.2320406251719926e-10,  Error =5.804921329399804e-06
Completed 32 % :  mod = 1.9644647386558506e-10,  Error =5.922341095754291e-06
Completed 33 % :  mod = 8.11564511446437e-11,  Error =6.109082860916715e-06
Completed 34 % :  mod = 5.4042987581841635e-11,  Error =6.314433107945661e-06
Completed 35 % :  mod = 8.030699493443318e-11,  Error =6.519621848610768e-06
Completed 36 % :  mod = 2.150720066780981e-10,  Error =6.704137277324662e-06
Completed 37 % :  mod = 4.215621651456163e-10,  Error =6.8220148818909365e-06
Completed 38 % :  mod = 1.4005027483224574e-10,  Error =6.960638700093114e-06
Completed 39 % :  mod = 8.92015013593447e-11,  Error =7.151218120782232e-06
Completed 40 % :  mod = 1.9484595228207608e-10,  Error =7.342017902089992e-06
Completed 41 % :  mod = 3.36073972932549e-10,  Error =7.492044240109408e-06
Completed 42 % :  mod = 2.1145642702376986e-10,  Error =7.598610643810844e-06
Completed 43 % :  mod = 1.8247622284618155e-10,  Error =7.769780239641477e-06
Completed 44 % :  mod = 1.826999537754681e-10,  Error =7.953552739081715e-06
Completed 45 % :  mod = 2.7472994957375003e-10,  Error =8.100498980923021e-06
Completed 46 % :  mod = 2.7086000543834684e-10,  Error =8.21600207245865e-06
Completed 47 % :  mod = 1.9979040588667892e-10,  Error =8.380525635232061e-06
Completed 48 % :  mod = 2.1344452484631784e-10,  Error =8.54740694933298e-06
Completed 49 % :  mod = 2.982767271130668e-10,  Error =8.664037430605731e-06
Completed 50 % :  mod = 2.567522970311928e-10,  Error =8.804803364625968e-06
Completed 51 % :  mod = 1.3421470410686131e-10,  Error =8.985328335597842e-06
Completed 52 % :  mod = 1.7092555847694607e-10,  Error =9.160965987575764e-06
Completed 53 % :  mod = 4.305632778879419e-10,  Error =9.277261789009117e-06
Completed 54 % :  mod = 1.6947019451991903e-10,  Error =9.412637197669937e-06
Completed 55 % :  mod = 1.168470754241364e-10,  Error =9.595968627706952e-06
Completed 56 % :  mod = 2.0226411248243012e-10,  Error =9.781870140557203e-06
Completed 56 % :  mod = 3.7908592074041237e-10,  Error =9.920922501294172e-06
Completed 57 % :  mod = 2.173224006195752e-10,  Error =1.0033575271961581e-05
Completed 59 % :  mod = 1.0764734540328467e-10,  Error =1.0209136682703956e-05
Completed 60 % :  mod = 1.834260255090594e-10,  Error =1.039763886012679e-05
Completed 61 % :  mod = 3.0743799148216307e-10,  Error =1.0551220157140051e-05
Completed 62 % :  mod = 2.52898346814878e-10,  Error =1.065638364394772e-05
Completed 63 % :  mod = 2.2584621568752832e-10,  Error =1.0819526124805634e-05
Completed 64 % :  mod = 1.5328958260806995e-10,  Error =1.0999382418219739e-05
Completed 65 % :  mod = 3.0526438756846015e-10,  Error =1.1138688726930468e-05
Completed 66 % :  mod = 2.775499607104406e-10,  Error =1.1259057799861694e-05
Completed 67 % :  mod = 1.5840328147889587e-10,  Error =1.1427580780321023e-05
Completed 68 % :  mod = 2.0614055151333463e-10,  Error =1.1597431985421736e-05
Completed 69 % :  mod = 3.3901903818267313e-10,  Error =1.1713540452262805e-05
Completed 70 % :  mod = 2.5775840162929316e-10,  Error =1.1850212537467542e-05
Completed 71 % :  mod = 1.1330439449750561e-10,  Error =1.2031175096183233e-05
Completed 72 % :  mod = 1.6033663905709766e-10,  Error =1.2210716704430524e-05
Completed 73 % :  mod = 4.5841343129542186e-10,  Error =1.2337602122158842e-05
Completed 74 % :  mod = 1.6809239900062564e-10,  Error =1.246093490436806e-05
Completed 75 % :  mod = 1.255434080606599e-10,  Error =1.2639948309356441e-05
Completed 76 % :  mod = 2.2891583020666384e-10,  Error =1.2824186121918046e-05
Completed 77 % :  mod = 3.296718176760489e-10,  Error =1.296839982956044e-05
Completed 78 % :  mod = 2.2398000339360295e-10,  Error =1.3078201085647834e-05
Completed 79 % :  mod = 1.4565303819886044e-10,  Error =1.3246870359751028e-05
Completed 80 % :  mod = 2.352253895296208e-10,  Error =1.3424246866122758e-05
Completed 81 % :  mod = 2.9998490308032293e-10,  Error =1.3558495624010902e-05
Completed 82 % :  mod = 2.0399599929340897e-10,  Error =1.3682634588008113e-05
Completed 83 % :  mod = 2.409033018895844e-10,  Error =1.385348767968253e-05
Completed 84 % :  mod = 2.256783977313058e-10,  Error =1.4017451348991017e-05
Completed 85 % :  mod = 3.000549221161499e-10,  Error =1.412592077087993e-05
Completed 86 % :  mod = 2.040263821718642e-10,  Error =1.427501575790302e-05
Completed 87 % :  mod = 1.2683307664738687e-10,  Error =1.4460246113401354e-05
Completed 88 % :  mod = 2.040753205085124e-10,  Error =1.46334959723049e-05
Completed 89 % :  mod = 3.824008939625476e-10,  Error =1.4744388636245276e-05
Completed 90 % :  mod = 2.0606655939573843e-10,  Error =1.4886018789184163e-05
Completed 91 % :  mod = 1.0638550993252991e-10,  Error =1.5070711796738578e-05
Completed 92 % :  mod = 1.913911766624534e-10,  Error =1.525039567695785e-05
Completed 93 % :  mod = 4.410442466670522e-10,  Error =1.5380387630159476e-05
Completed 94 % :  mod = 1.64185643028233e-10,  Error =1.5502245865661735e-05
Completed 95 % :  mod = 1.2722208595410898e-10,  Error =1.5677476511655186e-05
Completed 96 % :  mod = 2.970756466351991e-10,  Error =1.5850025398833623e-05
Completed 97 % :  mod = 3.230333685341371e-10,  Error =1.5981121144648114e-05
Completed 98 % :  mod = 1.5956180753346137e-10,  Error =1.6110438863847776e-05
Completed 99 % :  mod = 2.182245693296127e-10,  Error =1.6280723244221917e-05
Completed 100 % :  mod = 3.341868273035347e-10,  Error =1.6433158705808637e-05
Finished 168/201 frames
Finished all frames!
