/opt/local/miniconda_23_9/lib/python3.11/site-packages/conda/base/context.py:201: FutureWarning: Adding 'defaults' to channel list implicitly is deprecated and will be removed in 25.3. 

To remove this warning, please choose a default channel explicitly with conda's regular configuration system, e.g. by adding 'defaults' to the list of channels:

  conda config --add channels defaults

For more information see https://docs.conda.io/projects/conda/en/stable/user-guide/configuration/use-condarc.html

  deprecated.topic(
JOB 13973 ARRAY_ID 102  -> i=102 ; range=[1.9e-10, 5.0e-10] ; intervals=200 (frames=201)
Analytic t0 extension enabled (--extend-time-using-t0).
Density options: centers='2.0e-10,4.0e-10' width='2.0e-11,5.0e-11' strength='7.0'
Completed 0 % :  mod = 3.022673367928274e-16,  Error =-1.4210854715202004e-14
Completed 1 % :  mod = 4.469085587048058e-16,  Error =1.0004028183629998e-07
Completed 2 % :  mod = 1.019259919122079e-15,  Error =2.000804570911896e-07
Completed 3 % :  mod = 2.5670855406490366e-15,  Error =3.0012064655693393e-07
Completed 4 % :  mod = 6.571719138054764e-15,  Error =4.001611131343452e-07
Completed 5 % :  mod = 1.68657621791671e-14,  Error =5.00201352338081e-07
Completed 6 % :  mod = 4.330104335676854e-14,  Error =6.002421244488687e-07
Completed 7 % :  mod = 1.1117722824370188e-13,  Error =7.002831239333318e-07
Completed 8 % :  mod = 2.8545462655506926e-13,  Error =8.003233276099309e-07
Completed 9 % :  mod = 7.329234311971245e-13,  Error =9.00364348410676e-07
Completed 10 % :  mod = 1.881820608623715e-12,  Error =1.0004040689182148e-06
Completed 11 % :  mod = 4.831530247000954e-12,  Error =1.100434758427582e-06
Completed 12 % :  mod = 1.2402364325188194e-11,  Error =1.2004125267139898e-06
Completed 13 % :  mod = 3.179442750358508e-11,  Error =1.3000435927779108e-06
Completed 14 % :  mod = 8.078829287452193e-11,  Error =1.3974651054127207e-06
Completed 15 % :  mod = 1.9259617641274152e-10,  Error =1.4830555343792184e-06
Completed 16 % :  mod = 2.932308950232816e-10,  Error =1.5401973243456268e-06
Completed 17 % :  mod = 1.4372427181560788e-10,  Error =1.6050854299010098e-06
Completed 18 % :  mod = 6.687266776036476e-11,  Error =1.6959780779757239e-06
Completed 19 % :  mod = 3.168170214554424e-11,  Error =1.7941590968462151e-06
Completed 20 % :  mod = 2.6495901971129935e-11,  Error =1.8935130938757538e-06
Completed 21 % :  mod = 5.106576374968607e-11,  Error =1.992311347009945e-06
Completed 22 % :  mod = 1.2241712415943622e-10,  Error =2.086607686635489e-06
Completed 23 % :  mod = 2.412168637342903e-10,  Error =2.1614356100485566e-06
Completed 24 % :  mod = 2.5143071470964535e-10,  Error =2.2142132891644906e-06
Completed 25 % :  mod = 1.135082140795323e-10,  Error =2.2915030939429926e-06
Completed 26 % :  mod = 5.339914825277439e-11,  Error =2.3855901503111454e-06
Completed 27 % :  mod = 5.803691498735597e-11,  Error =2.4831173490724723e-06
Completed 28 % :  mod = 1.0744889394196694e-10,  Error =2.578275953624143e-06
Completed 28 % :  mod = 1.9706817370002286e-10,  Error =2.659380882619189e-06
Completed 30 % :  mod = 2.9180408426366043e-10,  Error =2.7132189543976892e-06
Completed 31 % :  mod = 1.3912547685063218e-10,  Error =2.7824415269606106e-06
Completed 32 % :  mod = 6.705145843844067e-11,  Error =2.873139813175385e-06
Completed 33 % :  mod = 7.10845740950356e-11,  Error =2.969448821943388e-06
Completed 34 % :  mod = 1.1883159566270905e-10,  Error =3.063173679151987e-06
Completed 35 % :  mod = 2.0905648958466825e-10,  Error =3.1408192455728567e-06
Completed 36 % :  mod = 2.8196819931768927e-10,  Error =3.1943408060897127e-06
Completed 37 % :  mod = 1.3286352086981274e-10,  Error =3.266366995546832e-06
Completed 38 % :  mod = 7.368285274962671e-11,  Error =3.3567773911613585e-06
Completed 39 % :  mod = 1.0721769652457487e-10,  Error =3.450332449972393e-06
Completed 40 % :  mod = 1.9491795398870416e-10,  Error =3.5351407774442123e-06
Completed 41 % :  mod = 2.52144056781147e-10,  Error =3.594554996766419e-06
Completed 42 % :  mod = 1.793106682107084e-10,  Error =3.65793866308195e-06
Completed 43 % :  mod = 9.08473820616793e-11,  Error =3.7454621946153566e-06
Completed 44 % :  mod = 6.949152867915658e-11,  Error =3.840177527081323e-06
Completed 45 % :  mod = 1.317410659937083e-10,  Error =3.931626267217325e-06
Completed 46 % :  mod = 2.7020506415759335e-10,  Error =4.005124274897298e-06
Completed 47 % :  mod = 2.1837386476042564e-10,  Error =4.058050038224792e-06
Completed 48 % :  mod = 1.1956672618067058e-10,  Error =4.1350928938754805e-06
Completed 49 % :  mod = 6.363991915479797e-11,  Error =4.2290249311349726e-06
Completed 50 % :  mod = 5.704040588660277e-11,  Error =4.326219972483614e-06
Completed 51 % :  mod = 1.1117553700471718e-10,  Error =4.42029698888291e-06
Completed 52 % :  mod = 2.4813315033230846e-10,  Error =4.498158794774554e-06
Completed 53 % :  mod = 2.4398723034839965e-10,  Error =4.551187295476211e-06
Completed 54 % :  mod = 1.227940669576726e-10,  Error =4.625226857513098e-06
Completed 55 % :  mod = 5.604052716382291e-11,  Error =4.719213336557004e-06
Completed 56 % :  mod = 3.0462982048554823e-11,  Error =4.817844185822651e-06
Completed 56 % :  mod = 3.564393106148182e-11,  Error =4.9169368381285494e-06
Completed 57 % :  mod = 8.486144650599912e-11,  Error =5.0140862981606915e-06
Completed 59 % :  mod = 1.78724431155383e-10,  Error =5.10040332102335e-06
Completed 60 % :  mod = 2.9757833056155485e-10,  Error =5.1579001407731084e-06
Completed 61 % :  mod = 1.5709737022722587e-10,  Error =5.221594037152499e-06
Completed 62 % :  mod = 6.493630727230326e-11,  Error =5.311506065197591e-06
Completed 63 % :  mod = 3.0860392929546906e-11,  Error =5.409578676562887e-06
Completed 64 % :  mod = 2.7295857436704038e-11,  Error =5.5089718671297305e-06
Completed 65 % :  mod = 4.323819638289427e-11,  Error =5.60805776927964e-06
Completed 66 % :  mod = 1.0358813833405963e-10,  Error =5.703782470334318e-06
Completed 67 % :  mod = 2.23013170839086e-10,  Error =5.783825450578206e-06
Completed 68 % :  mod = 2.6870202311934877e-10,  Error =5.836543962800533e-06
Completed 69 % :  mod = 1.2786917548515264e-10,  Error =5.9089538098078265e-06
Completed 70 % :  mod = 5.414379298984516e-11,  Error =6.002324219878119e-06
Completed 71 % :  mod = 2.9421544525468655e-11,  Error =6.100958358956632e-06
Completed 72 % :  mod = 3.1717483177943865e-11,  Error =6.200228632735616e-06
Completed 73 % :  mod = 6.522299213225799e-11,  Error =6.298259911829973e-06
Completed 74 % :  mod = 1.6320209102712714e-10,  Error =6.3881731264814334e-06
Completed 75 % :  mod = 2.884371724761418e-10,  Error =6.452953535074357e-06
Completed 76 % :  mod = 1.785491900239999e-10,  Error =6.509626508943711e-06
Completed 77 % :  mod = 9.337755243940049e-11,  Error =6.5952050292139575e-06
Completed 78 % :  mod = 5.054536905479152e-11,  Error =6.69139144804376e-06
Completed 79 % :  mod = 5.774895777462199e-11,  Error =6.788983483829725e-06
Completed 80 % :  mod = 1.3248441055924662e-10,  Error =6.881990771034907e-06
Completed 81 % :  mod = 2.5281078774534417e-10,  Error =6.9563059312827136e-06
Completed 82 % :  mod = 2.2752392705108663e-10,  Error =7.008099245808808e-06
Completed 83 % :  mod = 1.2338127616992542e-10,  Error =7.085802316453282e-06
Completed 84 % :  mod = 5.6119006387596534e-11,  Error =7.1798878877871175e-06
Completed 85 % :  mod = 4.981856282665662e-11,  Error =7.2775357580212585e-06
Completed 86 % :  mod = 1.0359739489264096e-10,  Error =7.373021460921336e-06
Completed 87 % :  mod = 2.0341760798096773e-10,  Error =7.455761704022734e-06
Completed 88 % :  mod = 2.7188075138070116e-10,  Error =7.509815326045555e-06
Completed 89 % :  mod = 1.5013070368175836e-10,  Error =7.5786008721934195e-06
Completed 90 % :  mod = 5.832931337776222e-11,  Error =7.670367381251708e-06
Completed 91 % :  mod = 2.957167564676885e-11,  Error =7.768693677689953e-06
Completed 92 % :  mod = 3.4382479244790226e-11,  Error =7.867903931924047e-06
Completed 93 % :  mod = 6.56113986052742e-11,  Error =7.966003209958217e-06
Completed 94 % :  mod = 1.4951983652947143e-10,  Error =8.056532436739872e-06
Completed 95 % :  mod = 2.9678274460679826e-10,  Error =8.121957662865498e-06
Completed 96 % :  mod = 1.8320640148704215e-10,  Error =8.17806134989496e-06
Completed 97 % :  mod = 8.903995551416993e-11,  Error =8.263152672327578e-06
Completed 98 % :  mod = 4.388078063800618e-11,  Error =8.359869809737575e-06
Completed 99 % :  mod = 3.590049465739914e-11,  Error =8.45869330134974e-06
Completed 100 % :  mod = 6.548197758308867e-11,  Error =8.556594430331188e-06
Finished 103/201 frames
Finished all frames!
