/opt/local/miniconda_23_9/lib/python3.11/site-packages/conda/base/context.py:201: FutureWarning: Adding 'defaults' to channel list implicitly is deprecated and will be removed in 25.3. 

To remove this warning, please choose a default channel explicitly with conda's regular configuration system, e.g. by adding 'defaults' to the list of channels:

  conda config --add channels defaults

For more information see https://docs.conda.io/projects/conda/en/stable/user-guide/configuration/use-condarc.html

  deprecated.topic(
JOB 13575 ARRAY_ID 18  -> i=18 ; range=[2.0e-10, 2.09e-10] ; intervals=40 (frames=41)
Completed 0 % :  mod = 1.6316097567746339e-16,  Error =-1.4210854715202004e-14
Completed 1 % :  mod = 1.6477535916016718e-16,  Error =8.493280745369702e-09
Completed 2 % :  mod = 1.6965044942987348e-16,  Error =1.6986533069029974e-08
Completed 3 % :  mod = 1.778827270237729e-16,  Error =2.5479188536792208e-08
Completed 4 % :  mod = 1.8963509756378587e-16,  Error =3.3972305857332685e-08
Completed 5 % :  mod = 2.0514012298252925e-16,  Error =4.246545159958259e-08
Completed 6 % :  mod = 2.2470463290013494e-16,  Error =5.0958703923242865e-08
Completed 7 % :  mod = 2.4871578403242956e-16,  Error =5.945043568544861e-08
Completed 8 % :  mod = 2.7764873182582677e-16,  Error =6.794372353624567e-08
Completed 9 % :  mod = 3.120760205082434e-16,  Error =7.643689059477765e-08
Completed 10 % :  mod = 3.526789235802013e-16,  Error =8.493037029211337e-08
Completed 11 % :  mod = 4.0026093694007535e-16,  Error =9.342395657085945e-08
Completed 12 % :  mod = 4.557636463795918e-16,  Error =1.0191712362939143e-07
Completed 13 % :  mod = 5.202853762156414e-16,  Error =1.1041068148642808e-07
Completed 14 % :  mod = 5.951029603738096e-16,  Error =1.1890404039149871e-07
Completed 15 % :  mod = 6.816969355697987e-16,  Error =1.273980103633221e-07
Completed 16 % :  mod = 7.817808874545136e-16,  Error =1.3589096425903335e-07
Completed 17 % :  mod = 8.973353773234878e-16,  Error =1.4438427342611249e-07
Completed 18 % :  mod = 1.030647090093734e-15,  Error =1.528776181203284e-07
Completed 19 % :  mod = 1.184354097161574e-15,  Error =1.6137097702539904e-07
Completed 20 % :  mod = 1.361498086447671e-15,  Error =1.6986408724051216e-07
Completed 21 % :  mod = 1.56558454123416e-15,  Error =1.783571619284885e-07
Completed 22 % :  mod = 1.800652087316589e-15,  Error =1.8685021530018275e-07
Completed 23 % :  mod = 2.0713524375285812e-15,  Error =1.9534383710606562e-07
Completed 24 % :  mod = 2.3830424337312566e-15,  Error =2.03836435730409e-07
Completed 25 % :  mod = 2.7418900659319564e-15,  Error =2.1233049807278803e-07
Completed 26 % :  mod = 3.1549965059815197e-15,  Error =2.2082397777012375e-07
Completed 27 % :  mod = 3.6305366332560445e-15,  Error =2.2931658349989448e-07
Completed 28 % :  mod = 4.17792085222611e-15,  Error =2.3780963687158874e-07
Completed 28 % :  mod = 4.807981260465473e-15,  Error =2.4630264761071885e-07
Completed 30 % :  mod = 5.533185997048875e-15,  Error =2.547952533404896e-07
Completed 31 % :  mod = 6.367886035093119e-15,  Error =2.632889035680819e-07
Completed 32 % :  mod = 7.328599122048885e-15,  Error =2.717820990483233e-07
Completed 33 % :  mod = 8.43433662424825e-15,  Error =2.8027451293155536e-07
Completed 34 % :  mod = 9.706979812968e-15,  Error =2.887682200025665e-07
Completed 35 % :  mod = 1.1171712796389982e-14,  Error =2.9726147943165415e-07
Completed 36 % :  mod = 1.2857520913601145e-14,  Error =3.0575507992125495e-07
Completed 37 % :  mod = 1.4797764333063154e-14,  Error =3.1424737301222194e-07
Completed 38 % :  mod = 1.7030838157630456e-14,  Error =3.227408100769935e-07
Completed 39 % :  mod = 1.9600932276848572e-14,  Error =3.3123343001761896e-07
Completed 40 % :  mod = 2.2558905791366954e-14,  Error =3.3972696655837353e-07
Completed 41 % :  mod = 2.5963293385532535e-14,  Error =3.4822019756575173e-07
Completed 42 % :  mod = 2.9881463743689786e-14,  Error =3.5671403253445533e-07
Completed 43 % :  mod = 3.439095260038641e-14,  Error =3.6520762591862876e-07
Completed 44 % :  mod = 3.9580996972174324e-14,  Error =3.7370060823604945e-07
Completed 45 % :  mod = 4.55543010723605e-14,  Error =3.8219345555035034e-07
Completed 46 % :  mod = 5.242906853469482e-14,  Error =3.906869636693955e-07
Completed 47 % :  mod = 6.034134125755647e-14,  Error =3.9917989624882466e-07
Completed 48 % :  mod = 6.944769129161756e-14,  Error =4.07674043856332e-07
Completed 49 % :  mod = 7.992831870387386e-14,  Error =4.161679925118733e-07
Completed 50 % :  mod = 9.199061678600388e-14,  Error =4.2466153615805524e-07
Completed 51 % :  mod = 1.058732750435014e-13,  Error =4.3315433373436463e-07
Completed 52 % :  mod = 1.2185100085479837e-13,  Error =4.4164806212165786e-07
Completed 53 % :  mod = 1.402399530793642e-13,  Error =4.50141371288737e-07
Completed 54 % :  mod = 1.6140399452260263e-13,  Error =4.586344815038501e-07
Completed 55 % :  mod = 1.8576188629936964e-13,  Error =4.6712782619806603e-07
Completed 56 % :  mod = 2.137955655954375e-13,  Error =4.756204887712556e-07
Completed 56 % :  mod = 2.4605966866546387e-13,  Error =4.84114458743079e-07
Completed 57 % :  mod = 2.8319248510896775e-13,  Error =4.92607348689944e-07
Completed 59 % :  mod = 3.2592855659366747e-13,  Error =5.011013399780495e-07
Completed 60 % :  mod = 3.75113163178817e-13,  Error =5.095942654520513e-07
Completed 61 % :  mod = 4.317189750740843e-13,  Error =5.180870701337881e-07
Completed 62 % :  mod = 4.968651859421799e-13,  Error =5.265799032372342e-07
Completed 63 % :  mod = 5.718394855129492e-13,  Error =5.350728429220908e-07
Completed 64 % :  mod = 6.581232747916837e-13,  Error =5.435659886643407e-07
Completed 65 % :  mod = 7.574205748697325e-13,  Error =5.520588430840689e-07
Completed 66 % :  mod = 8.716911280912375e-13,  Error =5.605514630246944e-07
Completed 67 % :  mod = 1.0031882351774276e-12,  Error =5.690439621730548e-07
Completed 68 % :  mod = 1.1545019071621254e-12,  Error =5.77537193180433e-07
Completed 69 % :  mod = 1.3286079274603521e-12,  Error =5.860310423599913e-07
Completed 70 % :  mod = 1.5289234018028004e-12,  Error =5.945234278215139e-07
Completed 71 % :  mod = 1.7593692969615039e-12,  Error =6.030161117109856e-07
Completed 72 % :  mod = 2.0244402970625693e-12,  Error =6.115081063740035e-07
Completed 73 % :  mod = 2.329281981095736e-12,  Error =6.200004207812526e-07
Completed 74 % :  mod = 2.67977475892898e-12,  Error =6.284925859745272e-07
Completed 75 % :  mod = 3.0826230667195345e-12,  Error =6.369836995645528e-07
Completed 76 % :  mod = 3.5454468206785833e-12,  Error =6.454742944583813e-07
Completed 77 % :  mod = 4.076869775586226e-12,  Error =6.539632479984903e-07
Completed 78 % :  mod = 4.686595822155947e-12,  Error =6.624511215136408e-07
Completed 79 % :  mod = 5.385458810018911e-12,  Error =6.709366076051992e-07
Completed 80 % :  mod = 6.185423423161155e-12,  Error =6.794207791926965e-07
Completed 81 % :  mod = 7.099502974213715e-12,  Error =6.879028049411318e-07
Completed 82 % :  mod = 8.141543588914238e-12,  Error =6.963801482129384e-07
Completed 83 % :  mod = 9.325802099108233e-12,  Error =7.048542514098699e-07
Completed 84 % :  mod = 1.066621676965466e-11,  Error =7.133209862786316e-07
Completed 85 % :  mod = 1.2175237546531376e-11,  Error =7.217798838610179e-07
Completed 86 % :  mod = 1.3862052206082446e-11,  Error =7.302290683242063e-07
Completed 87 % :  mod = 1.5730031662278104e-11,  Error =7.38665363542168e-07
Completed 88 % :  mod = 1.7773251052841877e-11,  Error =7.470851599578054e-07
Completed 89 % :  mod = 1.9972071553099587e-11,  Error =7.554861980452188e-07
Completed 90 % :  mod = 2.228805641584494e-11,  Error =7.638637242735058e-07
Completed 91 % :  mod = 2.4659001820576745e-11,  Error =7.722136174947991e-07
Completed 92 % :  mod = 2.699557571201437e-11,  Error =7.805326589505057e-07
Completed 93 % :  mod = 2.9181780469754335e-11,  Error =7.888211612794294e-07
Completed 94 % :  mod = 3.108170653391774e-11,  Error =7.970784565713984e-07
Completed 95 % :  mod = 3.255412480562851e-11,  Error =8.053080335912455e-07
Completed 96 % :  mod = 3.347391130271329e-11,  Error =8.135174809353884e-07
Completed 97 % :  mod = 3.375565797815758e-11,  Error =8.217172080549062e-07
Completed 98 % :  mod = 3.337205942339518e-11,  Error =8.299175178194673e-07
Completed 99 % :  mod = 3.236015903662665e-11,  Error =8.381304255067334e-07
Completed 100 % :  mod = 3.081291769263355e-11,  Error =8.463657223956034e-07
Finished 19/41 frames
Finished all frames!
