/opt/local/miniconda_23_9/lib/python3.11/site-packages/conda/base/context.py:201: FutureWarning: Adding 'defaults' to channel list implicitly is deprecated and will be removed in 25.3. 

To remove this warning, please choose a default channel explicitly with conda's regular configuration system, e.g. by adding 'defaults' to the list of channels:

  conda config --add channels defaults

For more information see https://docs.conda.io/projects/conda/en/stable/user-guide/configuration/use-condarc.html

  deprecated.topic(
JOB 13967 ARRAY_ID 96  -> i=96 ; range=[1.9e-10, 5.0e-10] ; intervals=200 (frames=201)
Analytic t0 extension enabled (--extend-time-using-t0).
Density options: centers='2.0e-10,4.0e-10' width='2.0e-11,5.0e-11' strength='7.0'
Completed 0 % :  mod = 2.9754627417062335e-16,  Error =-1.4210854715202004e-14
Completed 1 % :  mod = 4.348702523514522e-16,  Error =9.393502864440961e-08
Completed 2 % :  mod = 9.735980966765987e-16,  Error =1.8787036992762296e-07
Completed 3 % :  mod = 2.4109986795377805e-15,  Error =2.818057325271184e-07
Completed 4 % :  mod = 6.073854331455743e-15,  Error =3.757411661808874e-07
Completed 5 % :  mod = 1.5343137739140022e-14,  Error =4.696762800904253e-07
Completed 6 % :  mod = 3.877479457729894e-14,  Error =5.636113229456896e-07
Completed 7 % :  mod = 9.799724678848805e-14,  Error =6.575463160629624e-07
Completed 8 % :  mod = 2.4767533285123056e-13,  Error =7.514816573461758e-07
Completed 9 % :  mod = 6.259679706793174e-13,  Error =8.45416877837124e-07
Completed 10 % :  mod = 1.5820494943293342e-12,  Error =9.393512954147809e-07
Completed 11 % :  mod = 3.998327497058578e-12,  Error =1.0332793891620895e-06
Completed 12 % :  mod = 1.0103569803043826e-11,  Error =1.1271748405761173e-06
Completed 13 % :  mod = 2.5507962485389322e-11,  Error =1.2208522051082582e-06
Completed 14 % :  mod = 6.402103619461663e-11,  Error =1.3131696121604364e-06
Completed 15 % :  mod = 1.5442673042872395e-10,  Error =1.3978985151652523e-06
Completed 16 % :  mod = 2.81613058136332e-10,  Error =1.4583207885721094e-06
Completed 17 % :  mod = 1.8252306119164724e-10,  Error =1.51224966771224e-06
Completed 18 % :  mod = 8.50505480733576e-11,  Error =1.5929124259628225e-06
Completed 19 % :  mod = 3.491696553051595e-11,  Error =1.6840796490669163e-06
Completed 20 % :  mod = 2.3494139617027706e-11,  Error =1.7773155747136116e-06
Completed 21 % :  mod = 3.491162340342689e-11,  Error =1.8706157547399016e-06
Completed 22 % :  mod = 7.14475163824381e-11,  Error =1.9623398870294295e-06
Completed 23 % :  mod = 1.6533641419462462e-10,  Error =2.045075071066549e-06
Completed 24 % :  mod = 2.948683702317662e-10,  Error =2.1027462935307994e-06
Completed 25 % :  mod = 1.6233124681440244e-10,  Error =2.1586972636100654e-06
Completed 26 % :  mod = 8.160920625682398e-11,  Error =2.240734488623275e-06
Completed 27 % :  mod = 4.138685492853382e-11,  Error =2.3319257493881196e-06
Completed 28 % :  mod = 3.700218068030608e-11,  Error =2.4246443430797626e-06
Completed 28 % :  mod = 7.407281830763074e-11,  Error =2.516077927339211e-06
Completed 30 % :  mod = 1.7165923017637423e-10,  Error =2.5992598224888752e-06
Completed 31 % :  mod = 2.6732574454099015e-10,  Error =2.657994713217704e-06
Completed 32 % :  mod = 1.789092135284739e-10,  Error =2.7139045215562874e-06
Completed 33 % :  mod = 8.61881049069146e-11,  Error =2.79543300507612e-06
Completed 34 % :  mod = 4.448860748095041e-11,  Error =2.886082803854606e-06
Completed 35 % :  mod = 5.4284093272009345e-11,  Error =2.977994093100733e-06
Completed 36 % :  mod = 1.1994933676328615e-10,  Error =3.066502785031844e-06
Completed 37 % :  mod = 2.1533508984686824e-10,  Error =3.1396662265592568e-06
Completed 38 % :  mod = 2.5894758226504747e-10,  Error =3.1889725775613442e-06
Completed 39 % :  mod = 1.3312778031871297e-10,  Error =3.257678031332034e-06
Completed 40 % :  mod = 5.963739325592472e-11,  Error =3.344245975256399e-06
Completed 41 % :  mod = 5.801591178534657e-11,  Error =3.435331912271522e-06
Completed 42 % :  mod = 1.0583723560960368e-10,  Error =3.5246064769012264e-06
Completed 43 % :  mod = 1.855062313110499e-10,  Error =3.6019571041379095e-06
Completed 44 % :  mod = 2.842369736614423e-10,  Error =3.6533410181505133e-06
Completed 45 % :  mod = 1.501181102843495e-10,  Error =3.716603323766776e-06
Completed 46 % :  mod = 6.600194631857331e-11,  Error =3.801044904605533e-06
Completed 47 % :  mod = 5.534315754161193e-11,  Error =3.892029113217177e-06
Completed 48 % :  mod = 8.439552191336733e-11,  Error =3.9825791375847075e-06
Completed 49 % :  mod = 1.5140618380555333e-10,  Error =4.065066086411662e-06
Completed 50 % :  mod = 2.955959215874075e-10,  Error =4.122371805692637e-06
Completed 51 % :  mod = 1.775767460054642e-10,  Error =4.17884224646059e-06
Completed 52 % :  mod = 7.552677935334615e-11,  Error =4.260006505774072e-06
Completed 53 % :  mod = 4.2414786263792985e-11,  Error =4.3511789442618465e-06
Completed 54 % :  mod = 3.7258510207304194e-11,  Error =4.443981360680027e-06
Completed 55 % :  mod = 6.188711379253091e-11,  Error =4.535862842658389e-06
Completed 56 % :  mod = 1.574956046826507e-10,  Error =4.620646585351551e-06
Completed 56 % :  mod = 2.736997301742333e-10,  Error =4.683282313067139e-06
Completed 57 % :  mod = 1.8564246924582649e-10,  Error =4.735263424038294e-06
Completed 59 % :  mod = 1.0430898558277992e-10,  Error =4.813829534100478e-06
Completed 60 % :  mod = 5.352127641447671e-11,  Error =4.90338002379076e-06
Completed 61 % :  mod = 5.888453229922112e-11,  Error =4.994554842596699e-06
Completed 62 % :  mod = 1.4055622134959014e-10,  Error =5.081102393944548e-06
Completed 63 % :  mod = 2.4545431133140074e-10,  Error =5.1498845223818535e-06
Completed 64 % :  mod = 2.1975047386376138e-10,  Error =5.198927183869273e-06
Completed 65 % :  mod = 1.283967963879313e-10,  Error =5.2719304264314815e-06
Completed 66 % :  mod = 5.91191160148929e-11,  Error =5.359596237042297e-06
Completed 67 % :  mod = 6.135411233788539e-11,  Error =5.45024641951386e-06
Completed 68 % :  mod = 1.417200782199266e-10,  Error =5.53678928838508e-06
Completed 69 % :  mod = 2.3465542667669085e-10,  Error =5.606424153370426e-06
Completed 70 % :  mod = 2.2769552609338074e-10,  Error =5.655378316760107e-06
Completed 71 % :  mod = 1.3501564005626444e-10,  Error =5.727224049678625e-06
Completed 72 % :  mod = 6.282249533441914e-11,  Error =5.814082491895078e-06
Completed 73 % :  mod = 7.104424117395133e-11,  Error =5.903899157999604e-06
Completed 74 % :  mod = 1.6560412614507718e-10,  Error =5.988123056965833e-06
Completed 75 % :  mod = 2.4562058911448606e-10,  Error =6.053102602265881e-06
Completed 76 % :  mod = 2.027543166655494e-10,  Error =6.103912411958845e-06
Completed 77 % :  mod = 1.3051874248963792e-10,  Error =6.179169631082004e-06
Completed 78 % :  mod = 7.652959659598616e-11,  Error =6.26562089678373e-06
Completed 79 % :  mod = 1.0632981365753052e-10,  Error =6.351666471005046e-06
Completed 80 % :  mod = 2.5640716633220677e-10,  Error =6.423476548889084e-06
Completed 81 % :  mod = 2.372413174125509e-10,  Error =6.476467518723439e-06
Completed 82 % :  mod = 1.2295518663673898e-10,  Error =6.543284428062179e-06
Completed 83 % :  mod = 9.117874174943309e-11,  Error =6.628857661894472e-06
Completed 84 % :  mod = 8.604899196801268e-11,  Error =6.7175972233712855e-06
Completed 85 % :  mod = 1.3859962008048186e-10,  Error =6.8000543436141925e-06
Completed 86 % :  mod = 3.0262869580305196e-10,  Error =6.860066989133884e-06
Completed 87 % :  mod = 1.848024800074286e-10,  Error =6.914531084589726e-06
Completed 88 % :  mod = 9.000562150104972e-11,  Error =6.9925090144806745e-06
Completed 89 % :  mod = 6.742968154360202e-11,  Error =7.0819697910451396e-06
Completed 90 % :  mod = 7.308929957286615e-11,  Error =7.172496175655851e-06
Completed 91 % :  mod = 1.3388052523901655e-10,  Error =7.256869110960906e-06
Completed 92 % :  mod = 2.956033279319903e-10,  Error =7.3188557294656675e-06
Completed 93 % :  mod = 1.927038952647087e-10,  Error =7.371947283729696e-06
Completed 94 % :  mod = 9.115629940747572e-11,  Error =7.449729082509293e-06
Completed 95 % :  mod = 4.965948382697155e-11,  Error =7.539997319838676e-06
Completed 96 % :  mod = 3.816616306742129e-11,  Error =7.6324837152697e-06
Completed 97 % :  mod = 6.807841791899352e-11,  Error =7.723937848425066e-06
Completed 98 % :  mod = 1.7350101846212386e-10,  Error =7.80733819993884e-06
Completed 99 % :  mod = 2.7010857032119604e-10,  Error =7.867751072865303e-06
Completed 100 % :  mod = 1.7644189094374526e-10,  Error =7.92173013763886e-06
Finished 97/201 frames
Finished all frames!
