/opt/local/miniconda_23_9/lib/python3.11/site-packages/conda/base/context.py:201: FutureWarning: Adding 'defaults' to channel list implicitly is deprecated and will be removed in 25.3. 

To remove this warning, please choose a default channel explicitly with conda's regular configuration system, e.g. by adding 'defaults' to the list of channels:

  conda config --add channels defaults

For more information see https://docs.conda.io/projects/conda/en/stable/user-guide/configuration/use-condarc.html

  deprecated.topic(
JOB 13996 ARRAY_ID 125  -> i=125 ; range=[1.9e-10, 5.0e-10] ; intervals=200 (frames=201)
Analytic t0 extension enabled (--extend-time-using-t0).
Density options: centers='2.0e-10,4.0e-10' width='2.0e-11,5.0e-11' strength='7.0'
Completed 0 % :  mod = 3.189766232910174e-16,  Error =-1.4210854715202004e-14
Completed 1 % :  mod = 4.910086848333014e-16,  Error =1.2406432148281965e-07
Completed 2 % :  mod = 1.1926672371921208e-15,  Error =2.4812901955328925e-07
Completed 3 % :  mod = 3.1807962637035795e-15,  Error =3.7219266602050993e-07
Completed 4 % :  mod = 8.599891065743097e-15,  Error =4.962570301358937e-07
Completed 5 % :  mod = 2.3295258136249677e-14,  Error =6.203208187116616e-07
Completed 6 % :  mod = 6.311805464918754e-14,  Error =7.443840175369587e-07
Completed 7 % :  mod = 1.7102313428433295e-13,  Error =8.684483034926416e-07
Completed 8 % :  mod = 4.634022042547298e-13,  Error =9.92511964170717e-07
Completed 9 % :  mod = 1.2556278325247097e-12,  Error =1.1165744595587057e-06
Completed 10 % :  mod = 3.4021921015431746e-12,  Error =1.2406331038050666e-06
Completed 11 % :  mod = 9.217648933852565e-12,  Error =1.3646596315197712e-06
Completed 12 % :  mod = 2.4958147316780584e-11,  Error =1.4884528241054795e-06
Completed 13 % :  mod = 6.726587294954473e-11,  Error =1.6105658460219274e-06
Completed 14 % :  mod = 1.7461050708417519e-10,  Error =1.721976580881801e-06
Completed 15 % :  mod = 3.2303056521454253e-10,  Error =1.7978562070197768e-06
Completed 16 % :  mod = 1.6594705315260226e-10,  Error =1.8724215351539897e-06
Completed 17 % :  mod = 7.819028001774625e-11,  Error =1.9834504740856573e-06
Completed 18 % :  mod = 3.757397977228271e-11,  Error =2.1047832561293944e-06
Completed 19 % :  mod = 4.0265753279254034e-11,  Error =2.2274264850352665e-06
Completed 20 % :  mod = 9.900107455348367e-11,  Error =2.3472028516380306e-06
Completed 21 % :  mod = 2.2726563900101956e-10,  Error =2.450360504724358e-06
Completed 22 % :  mod = 2.9447741040418965e-10,  Error =2.5161689265473797e-06
Completed 23 % :  mod = 1.3365339035917398e-10,  Error =2.604367843161981e-06
Completed 24 % :  mod = 4.956906816283006e-11,  Error =2.720950952550538e-06
Completed 25 % :  mod = 1.8759000652814803e-11,  Error =2.8439195745022516e-06
Completed 26 % :  mod = 7.6836770178354e-12,  Error =2.9678262549737155e-06
Completed 27 % :  mod = 3.922295360822501e-12,  Error =3.091862474491336e-06
Completed 28 % :  mod = 4.231270198410195e-12,  Error =3.2159111000851226e-06
Completed 28 % :  mod = 1.0207872021158888e-11,  Error =3.3399259322663966e-06
Completed 30 % :  mod = 2.6857981432144474e-11,  Error =3.4636760588568904e-06
Completed 31 % :  mod = 7.205560493800253e-11,  Error =3.585516246573661e-06
Completed 32 % :  mod = 1.8458073553554316e-10,  Error =3.695479755094766e-06
Completed 33 % :  mod = 3.232885090711863e-10,  Error =3.768884496935243e-06
Completed 34 % :  mod = 1.5573624672299296e-10,  Error =3.846154370990007e-06
Completed 35 % :  mod = 7.266994119639646e-11,  Error =3.958575625517824e-06
Completed 36 % :  mod = 3.552930437787941e-11,  Error =4.080263551031749e-06
Completed 37 % :  mod = 3.7079671014885283e-11,  Error =4.20310990989492e-06
Completed 38 % :  mod = 8.983343629640046e-11,  Error =4.323529857686026e-06
Completed 39 % :  mod = 2.155458731662062e-10,  Error =4.4291358562986716e-06
Completed 40 % :  mod = 3.025049635686308e-10,  Error =4.497296657746119e-06
Completed 41 % :  mod = 1.406988319383649e-10,  Error =4.581986971174956e-06
Completed 42 % :  mod = 5.6314282074670745e-11,  Error =4.697502184569657e-06
Completed 43 % :  mod = 2.17199893739266e-11,  Error =4.820193595378441e-06
Completed 44 % :  mod = 1.4173236186378211e-11,  Error =4.9439655427363505e-06
Completed 45 % :  mod = 2.1307292949387878e-11,  Error =5.067768277911e-06
Completed 46 % :  mod = 4.8490475551928666e-11,  Error =5.190735301141558e-06
Completed 47 % :  mod = 1.2522937484659997e-10,  Error =5.30782799046392e-06
Completed 48 % :  mod = 2.9410816289880173e-10,  Error =5.397624377678767e-06
Completed 49 % :  mod = 2.354891196812908e-10,  Error =5.462979551396074e-06
Completed 50 % :  mod = 9.820094422504344e-11,  Error =5.564935584345676e-06
Completed 51 % :  mod = 3.686390728643427e-11,  Error =5.6848872702630615e-06
Completed 52 % :  mod = 2.2791733220654117e-11,  Error =5.808121059658333e-06
Completed 53 % :  mod = 3.2593314485695874e-11,  Error =5.931553737070772e-06
Completed 54 % :  mod = 6.944664229149195e-11,  Error =6.053234308467381e-06
Completed 55 % :  mod = 1.8430774024419025e-10,  Error =6.163175157780643e-06
Completed 56 % :  mod = 3.28480925490388e-10,  Error =6.238013341430815e-06
Completed 56 % :  mod = 1.5455346852741502e-10,  Error =6.313428606574689e-06
Completed 57 % :  mod = 8.448545481177743e-11,  Error =6.42433849407098e-06
Completed 59 % :  mod = 5.861452019098922e-11,  Error =6.5445318497836524e-06
Completed 60 % :  mod = 8.089693130316223e-11,  Error =6.664008211032524e-06
Completed 61 % :  mod = 2.138360643890902e-10,  Error =6.768925970845885e-06
Completed 62 % :  mod = 3.255068387148546e-10,  Error =6.841008648450497e-06
Completed 63 % :  mod = 1.361268149110633e-10,  Error =6.920860968762099e-06
Completed 64 % :  mod = 9.528772680522541e-11,  Error =7.031601334972493e-06
Completed 65 % :  mod = 1.1635717148221016e-10,  Error =7.1475745357929554e-06
Completed 66 % :  mod = 1.7815332844728541e-10,  Error =7.252714169680985e-06
Completed 67 % :  mod = 3.086568821224246e-10,  Error =7.321564034157291e-06
Completed 68 % :  mod = 1.794857751781028e-10,  Error =7.403062070920896e-06
Completed 69 % :  mod = 7.035983330635415e-11,  Error =7.514195253577327e-06
Completed 70 % :  mod = 5.786974765964616e-11,  Error =7.63420796090486e-06
Completed 71 % :  mod = 1.189881747691686e-10,  Error =7.751949631540356e-06
Completed 72 % :  mod = 2.2317823845016738e-10,  Error =7.851956873139443e-06
Completed 73 % :  mod = 2.8815925274965107e-10,  Error =7.915652801671058e-06
Completed 74 % :  mod = 1.4730366941822972e-10,  Error =8.005645732112043e-06
Completed 75 % :  mod = 6.139746229028359e-11,  Error =8.12042742381891e-06
Completed 76 % :  mod = 6.45735484054729e-11,  Error =8.240454405950004e-06
Completed 77 % :  mod = 1.528903775439433e-10,  Error =8.35525823106309e-06
Completed 78 % :  mod = 2.5993928383494925e-10,  Error =8.444948264241248e-06
Completed 79 % :  mod = 2.3904360532574607e-10,  Error =8.50989967204896e-06
Completed 80 % :  mod = 1.363056675884591e-10,  Error =8.60890543918913e-06
Completed 81 % :  mod = 7.941539674248634e-11,  Error =8.723381284880816e-06
Completed 82 % :  mod = 1.3562150230418713e-10,  Error =8.835044155830474e-06
Completed 83 % :  mod = 3.247446481021566e-10,  Error =8.921591920341143e-06
Completed 84 % :  mod = 2.1016379925583554e-10,  Error =8.988394000652988e-06
Completed 85 % :  mod = 1.0700947541728828e-10,  Error =9.088643921018047e-06
Completed 86 % :  mod = 7.30121130060145e-11,  Error =9.206443884579585e-06
Completed 87 % :  mod = 8.240992105804712e-11,  Error =9.325570687224172e-06
Completed 88 % :  mod = 1.77421768786445e-10,  Error =9.433065905284366e-06
Completed 89 % :  mod = 3.460085679777516e-10,  Error =9.506847206353086e-06
Completed 90 % :  mod = 1.5466529700124807e-10,  Error =9.5822855712413e-06
Completed 91 % :  mod = 9.003400940226711e-11,  Error =9.690986679800062e-06
Completed 92 % :  mod = 9.797347654649656e-11,  Error =9.808408741207586e-06
Completed 93 % :  mod = 1.4827635171248804e-10,  Error =9.92007355904434e-06
Completed 94 % :  mod = 2.853845026207283e-10,  Error =1.000079744528648e-05
Completed 95 % :  mod = 2.3099499088646056e-10,  Error =1.007349332837748e-05
Completed 96 % :  mod = 8.982492524920721e-11,  Error =1.0178476117062019e-05
Completed 97 % :  mod = 6.216732511948766e-11,  Error =1.0296468914816614e-05
Completed 98 % :  mod = 1.3345789564362614e-10,  Error =1.0412357447364684e-05
Completed 99 % :  mod = 2.573887341459379e-10,  Error =1.0508766457917318e-05
Completed 100 % :  mod = 2.522976924157818e-10,  Error =1.0571901626121871e-05
Finished 126/201 frames
Finished all frames!
