/opt/local/miniconda_23_9/lib/python3.11/site-packages/conda/base/context.py:201: FutureWarning: Adding 'defaults' to channel list implicitly is deprecated and will be removed in 25.3. 

To remove this warning, please choose a default channel explicitly with conda's regular configuration system, e.g. by adding 'defaults' to the list of channels:

  conda config --add channels defaults

For more information see https://docs.conda.io/projects/conda/en/stable/user-guide/configuration/use-condarc.html

  deprecated.topic(
JOB 13928 ARRAY_ID 57  -> i=57 ; range=[1.9e-10, 5.0e-10] ; intervals=200 (frames=201)
Analytic t0 extension enabled (--extend-time-using-t0).
Density options: centers='2.0e-10,4.0e-10' width='2.0e-11,5.0e-11' strength='7.0'
Completed 0 % :  mod = 2.504514010185643e-16,  Error =-1.4210854715202004e-14
Completed 1 % :  mod = 3.246427810186963e-16,  Error =4.7152340698630724e-08
Completed 2 % :  mod = 5.911724451197681e-16,  Error =9.430394953824361e-08
Completed 3 % :  mod = 1.207948904768622e-15,  Error =1.414560273360621e-07
Completed 4 % :  mod = 2.540388350485385e-15,  Error =1.8860754380511935e-07
Completed 5 % :  mod = 5.3779095820142955e-15,  Error =2.35759863187468e-07
Completed 6 % :  mod = 1.140163412499028e-14,  Error =2.829125449466119e-07
Completed 7 % :  mod = 2.418038567014262e-14,  Error =3.3006494248866147e-07
Completed 8 % :  mod = 5.128507966747188e-14,  Error =3.77217219238446e-07
Completed 9 % :  mod = 1.0877419480185178e-13,  Error =4.243692401928456e-07
Completed 10 % :  mod = 2.3070777106057925e-13,  Error =4.7152243354275925e-07
Completed 11 % :  mod = 4.893263859383838e-13,  Error =5.186754208352795e-07
Completed 12 % :  mod = 1.037848231813724e-12,  Error =5.658271433617301e-07
Completed 13 % :  mod = 2.2012194894611365e-12,  Error =6.12977679281812e-07
Completed 14 % :  mod = 4.668389280176687e-12,  Error =6.601229642910766e-07
Completed 15 % :  mod = 9.898166502076376e-12,  Error =7.072441832178811e-07
Completed 16 % :  mod = 2.096140630537998e-11,  Error =7.542559714579511e-07
Completed 17 % :  mod = 4.415053444428952e-11,  Error =8.007854859215513e-07
Completed 18 % :  mod = 9.075272190451278e-11,  Error =8.453013506937168e-07
Completed 19 % :  mod = 1.6739372261204147e-10,  Error =8.831879299009415e-07
Completed 20 % :  mod = 2.07436126827439e-10,  Error =9.112651753184764e-07
Completed 21 % :  mod = 1.3410960571598868e-10,  Error =9.425410496533004e-07
Completed 22 % :  mod = 6.978771759701923e-11,  Error =9.83760195083505e-07
Completed 23 % :  mod = 3.3471416616488436e-11,  Error =1.0293748999856689e-06
Completed 24 % :  mod = 1.6108391666385663e-11,  Error =1.0761647359913695e-06
Completed 25 % :  mod = 8.656765026469585e-12,  Error =1.1232275340944398e-06
Completed 26 % :  mod = 5.94100042635421e-12,  Error =1.1703498756787667e-06
Completed 27 % :  mod = 6.769611620339791e-12,  Error =1.217480054549469e-06
Completed 28 % :  mod = 1.1864939888831042e-11,  Error =1.264582586202323e-06
Completed 28 % :  mod = 2.3645916375051094e-11,  Error =1.3115514860828625e-06
Completed 30 % :  mod = 4.8615014967318515e-11,  Error =1.3579295341514808e-06
Completed 31 % :  mod = 1.008800712552757e-10,  Error =1.4018771423707221e-06
Completed 32 % :  mod = 1.773639543492433e-10,  Error =1.4383806288265077e-06
Completed 33 % :  mod = 2.01740610951127e-10,  Error =1.465762899499623e-06
Completed 34 % :  mod = 1.2467233084155854e-10,  Error =1.498548215295159e-06
Completed 35 % :  mod = 6.229209028161168e-11,  Error =1.5406769975356838e-06
Completed 36 % :  mod = 3.061456367288283e-11,  Error =1.586566391154065e-06
Completed 37 % :  mod = 1.4707887845470734e-11,  Error =1.6334196217826502e-06
Completed 38 % :  mod = 7.95216985771026e-12,  Error =1.680496417577615e-06
Completed 39 % :  mod = 5.952980944974858e-12,  Error =1.7276217718631415e-06
Completed 40 % :  mod = 7.278349466665054e-12,  Error =1.7747495846265338e-06
Completed 41 % :  mod = 1.2898849216448587e-11,  Error =1.8218423178950616e-06
Completed 42 % :  mod = 2.6642418820607278e-11,  Error =1.8687663541072652e-06
Completed 43 % :  mod = 5.438242520723244e-11,  Error =1.9149585384070633e-06
Completed 44 % :  mod = 1.1004110326304275e-10,  Error =1.958191276685284e-06
Completed 45 % :  mod = 1.9070047026452915e-10,  Error =1.9930532886291985e-06
Completed 46 % :  mod = 1.9173018984908342e-10,  Error =2.0201918715656575e-06
Completed 47 % :  mod = 1.1314967147810418e-10,  Error =2.0546257530895673e-06
Completed 48 % :  mod = 5.6083234963264717e-11,  Error =2.09767275549666e-06
Completed 49 % :  mod = 2.677059039930918e-11,  Error =2.143818839783762e-06
Completed 50 % :  mod = 1.2653204858949638e-11,  Error =2.190742428354042e-06
Completed 51 % :  mod = 5.9686863118745016e-12,  Error =2.23784352471057e-06
Completed 52 % :  mod = 2.8319620799114503e-12,  Error =2.2849842196137615e-06
Completed 53 % :  mod = 1.351370956214277e-12,  Error =2.332134130256236e-06
Completed 54 % :  mod = 6.799737597549964e-13,  Error =2.3792864283223025e-06
Completed 55 % :  mod = 4.2048531765873176e-13,  Error =2.4264389963946087e-06
Completed 56 % :  mod = 3.9666420606010616e-13,  Error =2.4735903139117e-06
Completed 56 % :  mod = 6.077460719500206e-13,  Error =2.5207428677731514e-06
Completed 57 % :  mod = 1.193025756587474e-12,  Error =2.5678949953089614e-06
Completed 59 % :  mod = 2.4748803034000437e-12,  Error =2.6150457159701546e-06
Completed 60 % :  mod = 5.21299794945664e-12,  Error =2.6621888622457845e-06
Completed 61 % :  mod = 1.1063465704418727e-11,  Error =2.7093022865187777e-06
Completed 62 % :  mod = 2.33921040809638e-11,  Error =2.7562797200175737e-06
Completed 63 % :  mod = 4.918044895207163e-11,  Error =2.802658528366919e-06
Completed 64 % :  mod = 1.0040059067101907e-10,  Error =2.846584109761352e-06
Completed 65 % :  mod = 1.789097231636954e-10,  Error =2.8829672089614178e-06
Completed 66 % :  mod = 2.017797646916768e-10,  Error =2.9103725935897273e-06
Completed 67 % :  mod = 1.227760751847128e-10,  Error =2.943232175312005e-06
Completed 68 % :  mod = 6.241534973055496e-11,  Error =2.9854406946583367e-06
Completed 69 % :  mod = 3.027220432774736e-11,  Error =3.031346835769e-06
Completed 70 % :  mod = 1.4540070433672116e-11,  Error =3.0782036688492553e-06
Completed 71 % :  mod = 8.007059973116206e-12,  Error =3.1252817507265718e-06
Completed 72 % :  mod = 5.96655458627175e-12,  Error =3.172406856322141e-06
Completed 73 % :  mod = 7.350335339065597e-12,  Error =3.219534171705618e-06
Completed 74 % :  mod = 1.3309784319277404e-11,  Error =3.2666235156852963e-06
Completed 75 % :  mod = 2.7147561496427984e-11,  Error =3.313538371685354e-06
Completed 76 % :  mod = 5.532962284521502e-11,  Error =3.3596877102581857e-06
Completed 77 % :  mod = 1.1336169691971364e-10,  Error =3.402754529702179e-06
Completed 78 % :  mod = 1.9130502293829554e-10,  Error =3.4373085568972783e-06
Completed 79 % :  mod = 1.899894697413428e-10,  Error =3.4643944530898807e-06
Completed 80 % :  mod = 1.118521449421529e-10,  Error =3.4991770831993563e-06
Completed 81 % :  mod = 5.448089736194502e-11,  Error =3.5423518980337576e-06
Completed 82 % :  mod = 2.6810998467259597e-11,  Error =3.5885278251157615e-06
Completed 83 % :  mod = 1.3208460967114203e-11,  Error =3.635447882288645e-06
Completed 84 % :  mod = 7.455930220211876e-12,  Error =3.68253812155217e-06
Completed 85 % :  mod = 6.381494349003144e-12,  Error =3.7296634118888505e-06
Completed 86 % :  mod = 8.936602711434793e-12,  Error =3.776782428133174e-06
Completed 87 % :  mod = 1.647446155388221e-11,  Error =3.823840060590555e-06
Completed 88 % :  mod = 3.449785580068136e-11,  Error =3.87061125195487e-06
Completed 89 % :  mod = 7.082409485399447e-11,  Error =3.9161604874493605e-06
Completed 90 % :  mod = 1.3670211727986317e-10,  Error =3.957149182554076e-06
Completed 91 % :  mod = 2.090013482169934e-10,  Error =3.988153956413498e-06
Completed 92 % :  mod = 1.6380768760661496e-10,  Error =4.016370588999507e-06
Completed 93 % :  mod = 8.970063271335396e-11,  Error =4.0545369870415016e-06
Completed 94 % :  mod = 4.3364556631687034e-11,  Error =4.0991449168359395e-06
Completed 95 % :  mod = 2.066967548058986e-11,  Error =4.1456911361592574e-06
Completed 96 % :  mod = 1.0347740372872582e-11,  Error =4.192701517524711e-06
Completed 97 % :  mod = 5.754377586749652e-12,  Error =4.239816782103389e-06
Completed 98 % :  mod = 4.661103385577974e-12,  Error =4.286954002452603e-06
Completed 99 % :  mod = 6.4200871422043615e-12,  Error =4.334089638291516e-06
Completed 100 % :  mod = 1.1837547768274232e-11,  Error =4.3811932499693285e-06
Finished 58/201 frames
Finished all frames!
