/opt/local/miniconda_23_9/lib/python3.11/site-packages/conda/base/context.py:201: FutureWarning: Adding 'defaults' to channel list implicitly is deprecated and will be removed in 25.3. 

To remove this warning, please choose a default channel explicitly with conda's regular configuration system, e.g. by adding 'defaults' to the list of channels:

  conda config --add channels defaults

For more information see https://docs.conda.io/projects/conda/en/stable/user-guide/configuration/use-condarc.html

  deprecated.topic(
JOB 14064 ARRAY_ID 193  -> i=193 ; range=[1.9e-10, 5.0e-10] ; intervals=200 (frames=201)
Analytic t0 extension enabled (--extend-time-using-t0).
Density options: centers='2.0e-10,4.0e-10' width='2.0e-11,5.0e-11' strength='7.0'
Completed 0 % :  mod = 3.8365977401148673e-16,  Error =-1.4210854715202004e-14
Completed 1 % :  mod = 6.845438157353635e-16,  Error =2.596537314047964e-07
Completed 2 % :  mod = 2.0591307784240467e-15,  Error =5.193072212250627e-07
Completed 3 % :  mod = 6.663452250583828e-15,  Error =7.789612723740902e-07
Completed 4 % :  mod = 2.1719359408354772e-14,  Error =1.0386149824626045e-06
Completed 5 % :  mod = 7.084195438645725e-14,  Error =1.2982687778162472e-06
Completed 6 % :  mod = 2.3107973809183047e-13,  Error =1.557922161055103e-06
Completed 7 % :  mod = 7.537646560729251e-13,  Error =1.817575721929643e-06
Completed 8 % :  mod = 2.4587220189029214e-12,  Error =2.0772271298596934e-06
Completed 9 % :  mod = 8.020065183304795e-12,  Error =2.336845241757146e-06
Completed 10 % :  mod = 2.6157136349452522e-11,  Error =2.596118157782712e-06
Completed 11 % :  mod = 8.517908533093011e-11,  Error =2.8518047514580758e-06
Completed 12 % :  mod = 2.6859922265116093e-10,  Error =3.0763929999011452e-06
Completed 13 % :  mod = 4.0529630839205037e-10,  Error =3.210920709761922e-06
Completed 14 % :  mod = 1.2310134066061807e-10,  Error =3.4048163968236622e-06
Completed 15 % :  mod = 6.896716918722466e-11,  Error =3.6507367440208327e-06
Completed 16 % :  mod = 1.5971770102009126e-10,  Error =3.895480944038354e-06
Completed 17 % :  mod = 3.6889087007651493e-10,  Error =4.091039869535962e-06
Completed 18 % :  mod = 2.4330704121048257e-10,  Error =4.217982123577713e-06
Completed 19 % :  mod = 1.4437205381553355e-10,  Error =4.436608399771558e-06
Completed 20 % :  mod = 1.1202573845375658e-10,  Error =4.681329016875679e-06
Completed 21 % :  mod = 2.0028845913401749e-10,  Error =4.9058547091362925e-06
Completed 22 % :  mod = 4.4605123750105983e-10,  Error =5.04202526485642e-06
Completed 23 % :  mod = 1.6178638167119758e-10,  Error =5.221466167881772e-06
Completed 24 % :  mod = 9.145270930507916e-11,  Error =5.458000252644979e-06
Completed 25 % :  mod = 2.133433473012931e-10,  Error =5.69018502005747e-06
Completed 26 % :  mod = 4.441878774412887e-10,  Error =5.857971217437807e-06
Completed 27 % :  mod = 1.8058789129147958e-10,  Error =6.003002951615599e-06
Completed 28 % :  mod = 1.2902089327392014e-10,  Error =6.223956248163631e-06
Completed 28 % :  mod = 2.894727617373925e-10,  Error =6.442269643969212e-06
Completed 30 % :  mod = 3.670851271515209e-10,  Error =6.600975652304442e-06
Completed 31 % :  mod = 1.5905868934498413e-10,  Error =6.766451605244583e-06
Completed 32 % :  mod = 2.371074114272456e-10,  Error =6.984094007123076e-06
Completed 33 % :  mod = 3.717651522028934e-10,  Error =7.16819492652121e-06
Completed 34 % :  mod = 2.717742431697216e-10,  Error =7.302098694594861e-06
Completed 35 % :  mod = 1.29831036807446e-10,  Error =7.5094527005603595e-06
Completed 36 % :  mod = 1.7294078814384468e-10,  Error =7.74007416026734e-06
Completed 37 % :  mod = 3.693948508997534e-10,  Error =7.927607349245136e-06
Completed 38 % :  mod = 2.2085674177237638e-10,  Error =8.056601537020924e-06
Completed 39 % :  mod = 2.36558845175196e-10,  Error =8.263481475978551e-06
Completed 40 % :  mod = 2.2083733999098246e-10,  Error =8.480867059290631e-06
Completed 41 % :  mod = 3.5143885462057364e-10,  Error =8.641105921469716e-06
Completed 42 % :  mod = 2.0910957114288326e-10,  Error =8.799752905019886e-06
Completed 43 % :  mod = 1.6025845483022166e-10,  Error =9.01508477824109e-06
Completed 44 % :  mod = 3.4579484873608146e-10,  Error =9.211207547821232e-06
Completed 45 % :  mod = 2.644977605478134e-10,  Error =9.341458785172563e-06
Completed 46 % :  mod = 2.2060250034354798e-10,  Error =9.536220133554707e-06
Completed 47 % :  mod = 1.8099482579316157e-10,  Error =9.762876047147984e-06
Completed 48 % :  mod = 2.848994719520253e-10,  Error =9.956517843079382e-06
Completed 49 % :  mod = 3.192839668790559e-10,  Error =1.00862869771845e-05
Completed 50 % :  mod = 1.5038279219335808e-10,  Error =1.028455125151595e-05
Completed 51 % :  mod = 2.4724711352092395e-10,  Error =1.0500168748706074e-05
Completed 52 % :  mod = 3.208663678036712e-10,  Error =1.0661356142804834e-05
Completed 53 % :  mod = 2.5974304373836655e-10,  Error =1.0817890874648128e-05
Completed 54 % :  mod = 2.068707892865885e-10,  Error =1.1031242365788785e-05
Completed 55 % :  mod = 2.4003962753370583e-10,  Error =1.1234493975109672e-05
Completed 56 % :  mod = 3.5202792865243154e-10,  Error =1.1364480911879582e-05
Completed 56 % :  mod = 1.4896235835601724e-10,  Error =1.1553183043133686e-05
Completed 57 % :  mod = 1.9447783035673238e-10,  Error =1.1781299377844334e-05
Completed 59 % :  mod = 2.7336145827615826e-10,  Error =1.1982131390197992e-05
Completed 60 % :  mod = 3.5200040765285215e-10,  Error =1.2112883702286581e-05
Completed 61 % :  mod = 2.2282762455909227e-10,  Error =1.2302811029485383e-05
Completed 62 % :  mod = 1.7498395877291583e-10,  Error =1.251983271544077e-05
Completed 63 % :  mod = 3.7698780197534564e-10,  Error =1.2681040537643185e-05
Completed 64 % :  mod = 2.3158698410588697e-10,  Error =1.2840634404653883e-05
Completed 65 % :  mod = 1.9064085589217236e-10,  Error =1.305969072973312e-05
Completed 66 % :  mod = 2.1361464334366684e-10,  Error =1.32732253845802e-05
Completed 67 % :  mod = 3.859691001055381e-10,  Error =1.3406786493419531e-05
Completed 68 % :  mod = 2.2271113905555068e-10,  Error =1.3586543815335972e-05
Completed 69 % :  mod = 1.1183592731618744e-10,  Error =1.3818727680359189e-05
Completed 70 % :  mod = 2.1144156599014438e-10,  Error =1.4039017003142362e-05
Completed 71 % :  mod = 4.67674754695234e-10,  Error =1.4185868600691265e-05
Completed 72 % :  mod = 1.8183410515336504e-10,  Error =1.4351610616358812e-05
Completed 73 % :  mod = 1.3119443056617548e-10,  Error =1.4573265481487852e-05
Completed 74 % :  mod = 3.441541904625764e-10,  Error =1.476877234551921e-05
Completed 75 % :  mod = 3.786532345233599e-10,  Error =1.492036162886734e-05
Completed 76 % :  mod = 1.319922683294688e-10,  Error =1.5113496736773868e-05
Completed 77 % :  mod = 1.6984589419236525e-10,  Error =1.5331431953313768e-05
Completed 78 % :  mod = 4.842967463469475e-10,  Error =1.549242686138541e-05
Completed 79 % :  mod = 2.0567131985464437e-10,  Error =1.564430325373678e-05
Completed 80 % :  mod = 1.0530630215867544e-10,  Error =1.5864855157587954e-05
Completed 81 % :  mod = 2.376769981477654e-10,  Error =1.6093201722355843e-05
Completed 82 % :  mod = 4.079382016235026e-10,  Error =1.6266273931364594e-05
Completed 83 % :  mod = 1.948654053114038e-10,  Error =1.640594248186744e-05
Completed 84 % :  mod = 1.682121413683626e-10,  Error =1.6619301142384302e-05
Completed 85 % :  mod = 3.084096973006585e-10,  Error =1.682778181333333e-05
Completed 86 % :  mod = 3.5310292158303844e-10,  Error =1.6978042502557855e-05
Completed 87 % :  mod = 1.5556748765238522e-10,  Error =1.7156580746302552e-05
Completed 88 % :  mod = 2.2737482352171047e-10,  Error =1.7379345841561644e-05
Completed 89 % :  mod = 3.7480251491058645e-10,  Error =1.7563677566556635e-05
Completed 90 % :  mod = 2.6470550051800224e-10,  Error =1.7695616982393858e-05
Completed 91 % :  mod = 1.5429255795085227e-10,  Error =1.7904888693465182e-05
Completed 92 % :  mod = 1.52585369988349e-10,  Error =1.8136170844229582e-05
Completed 93 % :  mod = 3.646618030223146e-10,  Error =1.832478239549573e-05
Completed 94 % :  mod = 2.2459540047616064e-10,  Error =1.84542900782958e-05
Completed 95 % :  mod = 2.2547233350423557e-10,  Error =1.8660419605964762e-05
Completed 96 % :  mod = 2.391665155393902e-10,  Error =1.8876243188969966e-05
Completed 97 % :  mod = 3.339121150724862e-10,  Error =1.903444989181935e-05
Completed 98 % :  mod = 2.3239175393242263e-10,  Error =1.919507950987054e-05
Completed 99 % :  mod = 1.4703731492853912e-10,  Error =1.9411826592374837e-05
Completed 100 % :  mod = 3.262411452154382e-10,  Error =1.9611427120480585e-05
Finished 194/201 frames
Finished all frames!
