/opt/local/miniconda_23_9/lib/python3.11/site-packages/conda/base/context.py:201: FutureWarning: Adding 'defaults' to channel list implicitly is deprecated and will be removed in 25.3. 

To remove this warning, please choose a default channel explicitly with conda's regular configuration system, e.g. by adding 'defaults' to the list of channels:

  conda config --add channels defaults

For more information see https://docs.conda.io/projects/conda/en/stable/user-guide/configuration/use-condarc.html

  deprecated.topic(
JOB 13471 ARRAY_ID 117  -> i=117 ; range=[1.9e-10, 6.0e-10] ; intervals=200 (frames=201)
Density options: centers='2.0e-10,4.0e-10' width='5e-11,5e-11' strength=''
Completed 0 % :  mod = 3.109109338237279e-16,  Error =-1.4210854715202004e-14
Completed 1 % :  mod = 4.694288313991872e-16,  Error =1.1198368099485378e-07
Completed 2 % :  mod = 1.106623200463582e-15,  Error =2.2396704935090384e-07
Completed 3 % :  mod = 2.8722409722433407e-15,  Error =3.359502684929794e-07
Completed 4 % :  mod = 7.566682185401565e-15,  Error =4.479334592133455e-07
Completed 5 % :  mod = 1.9976867465241583e-14,  Error =5.599177228532426e-07
Completed 6 % :  mod = 5.275745977890619e-14,  Error =6.719007785704889e-07
Completed 7 % :  mod = 1.393348186573975e-13,  Error =7.83884345878505e-07
Completed 8 % :  mod = 3.679917975329647e-13,  Error =8.958675934422899e-07
Completed 9 % :  mod = 9.718887469634304e-13,  Error =1.0078503720478693e-06
Completed 10 % :  mod = 2.566798572194586e-12,  Error =1.119831111395797e-06
Completed 11 % :  mod = 6.778669286466891e-12,  Error =1.231795977219008e-06
Completed 12 % :  mod = 1.7895316581302696e-11,  Error =1.3436446053560758e-06
Completed 13 % :  mod = 4.712225394638092e-11,  Error =1.454697617475631e-06
Completed 14 % :  mod = 1.2179164566628823e-10,  Error =1.5605894461145908e-06
Completed 15 % :  mod = 2.7007834450317437e-10,  Error =1.6431466249855475e-06
Completed 16 % :  mod = 2.435263702246921e-10,  Error =1.70199272275795e-06
Completed 17 % :  mod = 1.0356998948319073e-10,  Error =1.7915779437771562e-06
Completed 18 % :  mod = 4.234789744876987e-11,  Error =1.8988741743442006e-06
Completed 19 % :  mod = 3.224663101743903e-11,  Error =2.0096638451150284e-06
Completed 20 % :  mod = 5.072780310437328e-11,  Error =2.1203152087423405e-06
Completed 21 % :  mod = 1.0548638711686845e-10,  Error =2.2268321657747947e-06
Completed 22 % :  mod = 2.6204392025092704e-10,  Error =2.3121707499740296e-06
Completed 23 % :  mod = 2.66074540231449e-10,  Error =2.372138631301368e-06
Completed 24 % :  mod = 1.0421386240879247e-10,  Error =2.4580640953786315e-06
Completed 25 % :  mod = 5.176797885449828e-11,  Error =2.5644299341820442e-06
Completed 26 % :  mod = 4.276883454531084e-11,  Error =2.6746751800033053e-06
Completed 27 % :  mod = 6.673898763103048e-11,  Error =2.784176039938302e-06
Completed 28 % :  mod = 1.5531600669554585e-10,  Error =2.8851515594396915e-06
Completed 28 % :  mod = 3.178529955748658e-10,  Error =2.9570826640679115e-06
Completed 30 % :  mod = 1.7839792279022213e-10,  Error =3.0205242751435435e-06
Completed 31 % :  mod = 8.909243579206125e-11,  Error =3.1170182097639554e-06
Completed 32 % :  mod = 4.743130188291589e-11,  Error =3.225405649232016e-06
Completed 33 % :  mod = 4.9466497699660406e-11,  Error =3.335383510716383e-06
Completed 34 % :  mod = 1.1144544687649969e-10,  Error =3.4416765402056626e-06
Completed 35 % :  mod = 2.561442173278081e-10,  Error =3.529200164109625e-06
Completed 36 % :  mod = 2.56424971039274e-10,  Error =3.5876158221981314e-06
Completed 37 % :  mod = 1.1847245186213386e-10,  Error =3.6721083347401873e-06
Completed 38 % :  mod = 4.611488348805633e-11,  Error =3.7784291961884264e-06
Completed 39 % :  mod = 2.0438357646896273e-11,  Error =3.8894639544651e-06
Completed 40 % :  mod = 1.4157098340646002e-11,  Error =4.001203897985306e-06
Completed 41 % :  mod = 2.2545824065102173e-11,  Error =4.112896540675592e-06
Completed 42 % :  mod = 5.369452255260391e-11,  Error =4.223570762462714e-06
Completed 43 % :  mod = 1.419523361464752e-10,  Error =4.327578722040926e-06
Completed 44 % :  mod = 2.879098445983272e-10,  Error =4.405337492130457e-06
Completed 45 % :  mod = 2.114873569178357e-10,  Error =4.465440582634983e-06
Completed 46 % :  mod = 9.903799214149382e-11,  Error =4.558873733628843e-06
Completed 47 % :  mod = 4.247880517522249e-11,  Error =4.666732749569746e-06
Completed 48 % :  mod = 4.087860350458159e-11,  Error =4.777171980663297e-06
Completed 49 % :  mod = 8.53344800272784e-11,  Error =4.886023525330074e-06
Completed 50 % :  mod = 1.7708690083731357e-10,  Error =4.984070173463806e-06
Completed 51 % :  mod = 3.0359579632372343e-10,  Error =5.049030271209176e-06
Completed 52 % :  mod = 1.649457118667825e-10,  Error =5.120066795427647e-06
Completed 53 % :  mod = 6.430348636517577e-11,  Error =5.2212699657161465e-06
Completed 54 % :  mod = 2.5288214441107387e-11,  Error =5.331499401961537e-06
Completed 55 % :  mod = 1.0555237701556664e-11,  Error =5.443197203192085e-06
Completed 56 % :  mod = 8.557140422142214e-12,  Error =5.555100052845319e-06
Completed 56 % :  mod = 1.522939915047204e-11,  Error =5.666969691731083e-06
Completed 57 % :  mod = 3.594473137272066e-11,  Error =5.778400741007772e-06
Completed 59 % :  mod = 8.998339016631484e-11,  Error =5.886899153040304e-06
Completed 60 % :  mod = 2.2078061257220007e-10,  Error =5.979396476618604e-06
Completed 61 % :  mod = 2.9814586880811706e-10,  Error =6.040119465922089e-06
Completed 62 % :  mod = 1.2643512077736553e-10,  Error =6.11838895991923e-06
Completed 63 % :  mod = 6.017757506046664e-11,  Error =6.222462928917594e-06
Completed 64 % :  mod = 4.057593522697491e-11,  Error =6.33244455627846e-06
Completed 65 % :  mod = 5.494259281812626e-11,  Error =6.442532786365973e-06
Completed 66 % :  mod = 1.251533916779816e-10,  Error =6.547195148698393e-06
Completed 67 % :  mod = 2.898401872920692e-10,  Error =6.627973093031869e-06
Completed 68 % :  mod = 2.2616133883926868e-10,  Error =6.68716169371919e-06
Completed 69 % :  mod = 9.959139304794916e-11,  Error =6.777860285467341e-06
Completed 70 % :  mod = 3.8304864136820717e-11,  Error =6.885807309231495e-06
Completed 71 % :  mod = 1.845262566838146e-11,  Error =6.997091681171241e-06
Completed 72 % :  mod = 1.580091160272831e-11,  Error =7.108847810854968e-06
Completed 73 % :  mod = 2.756539961999852e-11,  Error =7.220431363919033e-06
Completed 74 % :  mod = 6.680690740557529e-11,  Error =7.330380519476876e-06
Completed 75 % :  mod = 1.7627198497831764e-10,  Error =7.430258250451516e-06
Completed 76 % :  mod = 3.074610087357227e-10,  Error =7.499362254748121e-06
Completed 77 % :  mod = 1.6521983332065023e-10,  Error =7.565978826562514e-06
Completed 78 % :  mod = 8.412095623107712e-11,  Error =7.66502682125747e-06
Completed 79 % :  mod = 4.454721694532192e-11,  Error =7.773815163147901e-06
Completed 80 % :  mod = 5.3768126001184396e-11,  Error =7.883582313183979e-06
Completed 81 % :  mod = 1.3486489347101958e-10,  Error =7.988218513332868e-06
Completed 82 % :  mod = 2.6908772356076813e-10,  Error =8.070942094207112e-06
Completed 83 % :  mod = 2.3051325998883762e-10,  Error =8.12853749465603e-06
Completed 84 % :  mod = 1.1852644879588343e-10,  Error =8.21736429656994e-06
Completed 85 % :  mod = 5.048863564759393e-11,  Error =8.323693052147974e-06
Completed 86 % :  mod = 4.818186415418959e-11,  Error =8.433426522458376e-06
Completed 87 % :  mod = 1.0649324037912549e-10,  Error =8.540678457791273e-06
Completed 88 % :  mod = 2.129406330532164e-10,  Error =8.633153939285876e-06
Completed 89 % :  mod = 2.8403296251164093e-10,  Error =8.692501417328913e-06
Completed 90 % :  mod = 1.4244016817949873e-10,  Error =8.771223249937066e-06
Completed 91 % :  mod = 5.3364311123094735e-11,  Error =8.875231209515277e-06
Completed 92 % :  mod = 2.87277270555291e-11,  Error =8.985708333852926e-06
Completed 93 % :  mod = 3.010396642192173e-11,  Error =9.097011606229444e-06
Completed 94 % :  mod = 5.6855006219398876e-11,  Error =9.20736071208239e-06
Completed 95 % :  mod = 1.4334389268722268e-10,  Error =9.31061462949856e-06
Completed 96 % :  mod = 3.011295434665638e-10,  Error =9.38682585172046e-06
Completed 97 % :  mod = 2.0028974769726148e-10,  Error =9.447580339383421e-06
Completed 98 % :  mod = 9.5422877992088e-11,  Error =9.541950582558911e-06
Completed 99 % :  mod = 3.9858707367496095e-11,  Error =9.650259194415867e-06
Completed 100 % :  mod = 3.2272128538828265e-11,  Error =9.761081543047112e-06
Finished 118/201 frames
Finished all frames!
