/opt/local/miniconda_23_9/lib/python3.11/site-packages/conda/base/context.py:201: FutureWarning: Adding 'defaults' to channel list implicitly is deprecated and will be removed in 25.3. 

To remove this warning, please choose a default channel explicitly with conda's regular configuration system, e.g. by adding 'defaults' to the list of channels:

  conda config --add channels defaults

For more information see https://docs.conda.io/projects/conda/en/stable/user-guide/configuration/use-condarc.html

  deprecated.topic(
JOB 13430 ARRAY_ID 76  -> i=76 ; range=[1.9e-10, 6.0e-10] ; intervals=200 (frames=201)
Density options: centers='2.0e-10,4.0e-10' width='5e-11,5e-11' strength=''
Completed 0 % :  mod = 2.587894430112593e-16,  Error =-1.4210854715202004e-14
Completed 1 % :  mod = 3.4287850029717735e-16,  Error =5.375219558345634e-08
Completed 2 % :  mod = 6.497921811078623e-16,  Error =1.0750470380571642e-07
Completed 3 % :  mod = 1.3789828383816136e-15,  Error =1.612566933317794e-07
Completed 4 % :  mod = 3.0043257147760972e-15,  Error =2.1500895286408195e-07
Completed 5 % :  mod = 6.582073735538661e-15,  Error =2.6876137582121373e-07
Completed 6 % :  mod = 1.443727893189816e-14,  Error =3.225145022156539e-07
Completed 7 % :  mod = 3.1674761611061073e-14,  Error =3.7626627857889616e-07
Completed 8 % :  mod = 6.949655200073148e-14,  Error =4.300184954786346e-07
Completed 9 % :  mod = 1.524816863722143e-13,  Error =4.837708900140569e-07
Completed 10 % :  mod = 3.345591732635666e-13,  Error =5.375243574690103e-07
Completed 11 % :  mod = 7.340536913449808e-13,  Error =5.912765459470393e-07
Completed 12 % :  mod = 1.6105715324613898e-12,  Error =6.450274625535712e-07
Completed 13 % :  mod = 3.533613580338413e-12,  Error =6.987749330278348e-07
Completed 14 % :  mod = 7.751660088228688e-12,  Error =7.525075034209294e-07
Completed 15 % :  mod = 1.6992810908192476e-11,  Error =8.061640812684345e-07
Completed 16 % :  mod = 3.7124870092315376e-11,  Error =8.594571028197606e-07
Completed 17 % :  mod = 7.979031321457857e-11,  Error =9.110944034773638e-07
Completed 18 % :  mod = 1.5838660969187192e-10,  Error =9.564160876607275e-07
Completed 19 % :  mod = 2.2313374892483683e-10,  Error =9.893923973436358e-07
Completed 20 % :  mod = 1.5105165457085099e-10,  Error =1.0229260780647564e-06
Completed 21 % :  mod = 7.771326166068262e-11,  Error =1.0688658420576758e-06
Completed 22 % :  mod = 3.5618834638925434e-11,  Error =1.1206567691601776e-06
Completed 23 % :  mod = 1.7148628431465986e-11,  Error =1.1739693235313098e-06
Completed 24 % :  mod = 9.765728829563382e-12,  Error =1.2276116123643988e-06
Completed 25 % :  mod = 8.195876156037185e-12,  Error =1.281315938683747e-06
Completed 26 % :  mod = 1.2058419302143752e-11,  Error =1.3350045691140622e-06
Completed 27 % :  mod = 2.440100137020333e-11,  Error =1.3885522776035941e-06
Completed 28 % :  mod = 5.064631154322406e-11,  Error =1.4414313724842032e-06
Completed 28 % :  mod = 1.0659754476664268e-10,  Error =1.4913508010749865e-06
Completed 30 % :  mod = 1.9695953486855604e-10,  Error =1.5318953145992964e-06
Completed 31 % :  mod = 2.051823430749858e-10,  Error =1.562298422186359e-06
Completed 32 % :  mod = 1.171565203346339e-10,  Error =1.6010447581038534e-06
Completed 33 % :  mod = 5.6403025860519677e-11,  Error =1.6502096329418237e-06
Completed 34 % :  mod = 2.5865239151856177e-11,  Error =1.7029102394872098e-06
Completed 35 % :  mod = 1.1853953234186067e-11,  Error =1.756439594657877e-06
Completed 36 % :  mod = 5.551232755709555e-12,  Error =1.8101442691431657e-06
Completed 37 % :  mod = 2.7687237499830514e-12,  Error =1.8638854584196451e-06
Completed 38 % :  mod = 1.7977453617396464e-12,  Error =1.9176336962800633e-06
Completed 39 % :  mod = 2.0198992077056558e-12,  Error =1.9713837247081756e-06
Completed 40 % :  mod = 3.5415923609246565e-12,  Error =2.025130996230473e-06
Completed 41 % :  mod = 7.343552782236871e-12,  Error =2.078864227428312e-06
Completed 42 % :  mod = 1.5992725473611673e-11,  Error =2.132532330278991e-06
Completed 43 % :  mod = 3.467998432403024e-11,  Error =2.1858809731156725e-06
Completed 44 % :  mod = 7.491152527927993e-11,  Error =2.237768455870537e-06
Completed 45 % :  mod = 1.5081273849658003e-10,  Error =2.2839355153791985e-06
Completed 46 % :  mod = 2.2187002510696085e-10,  Error =2.317837541454537e-06
Completed 47 % :  mod = 1.5971293111192997e-10,  Error =2.3504811679231352e-06
Completed 48 % :  mod = 8.27595007461325e-11,  Error =2.3955709096412647e-06
Completed 49 % :  mod = 3.77883223698467e-11,  Error =2.447096363766832e-06
Completed 50 % :  mod = 1.8453872700020655e-11,  Error =2.500348550427134e-06
Completed 51 % :  mod = 1.0355617618871047e-11,  Error =2.5539741059787957e-06
Completed 52 % :  mod = 8.61891922850701e-12,  Error =2.6076716252987353e-06
Completed 53 % :  mod = 1.2759027294692247e-11,  Error =2.661353626365326e-06
Completed 54 % :  mod = 2.5570771646171582e-11,  Error =2.714881269128e-06
Completed 55 % :  mod = 5.267564333945674e-11,  Error =2.767675162829164e-06
Completed 56 % :  mod = 1.1212498416214834e-10,  Error =2.8172493813372057e-06
Completed 56 % :  mod = 2.008234097735156e-10,  Error =2.8570420624873805e-06
Completed 57 % :  mod = 2.0044686343638572e-10,  Error =2.887314941801833e-06
Completed 59 % :  mod = 1.1377809695131254e-10,  Error =2.9268773857893393e-06
Completed 60 % :  mod = 5.341930016932066e-11,  Error =2.976374268826021e-06
Completed 61 % :  mod = 2.5077157535143682e-11,  Error =3.029158484935124e-06
Completed 62 % :  mod = 1.1806076772699e-11,  Error =3.082700594347898e-06
Completed 63 % :  mod = 6.128689348109831e-12,  Error =3.1364021850777135e-06
Completed 64 % :  mod = 4.647817003368853e-12,  Error =3.1901366668307674e-06
Completed 65 % :  mod = 6.079004711881057e-12,  Error =3.243871049107838e-06
Completed 66 % :  mod = 1.1278407652514709e-11,  Error =3.297576185445905e-06
Completed 67 % :  mod = 2.4201406915683124e-11,  Error =3.351132754403352e-06
Completed 68 % :  mod = 5.2246735175721115e-11,  Error =3.4039815801634177e-06
Completed 69 % :  mod = 1.0847394082559771e-10,  Error =3.4537567188408502e-06
Completed 70 % :  mod = 1.985596463244377e-10,  Error =3.493864014103565e-06
Completed 71 % :  mod = 2.048496017343516e-10,  Error =3.5242704825577675e-06
Completed 72 % :  mod = 1.1364875304906945e-10,  Error =3.5634242223636647e-06
Completed 73 % :  mod = 5.529699122429414e-11,  Error =3.6127738596292147e-06
Completed 74 % :  mod = 2.5918295582887815e-11,  Error =3.6655115565054075e-06
Completed 75 % :  mod = 1.2430594533442001e-11,  Error =3.719033820459572e-06
Completed 76 % :  mod = 7.661727555829775e-12,  Error =3.7727228203721097e-06
Completed 77 % :  mod = 7.583503611700787e-12,  Error =3.826442288357157e-06
Completed 78 % :  mod = 1.2163461230949487e-11,  Error =3.880133697009569e-06
Completed 79 % :  mod = 2.519359363383789e-11,  Error =3.933667557021181e-06
Completed 80 % :  mod = 5.410739593816034e-11,  Error =3.986454480298107e-06
Completed 81 % :  mod = 1.1084379287558983e-10,  Error =4.036011262087413e-06
Completed 82 % :  mod = 2.0194622797790164e-10,  Error =4.0756025114774275e-06
Completed 83 % :  mod = 2.0203475083968163e-10,  Error =4.10602581268904e-06
Completed 84 % :  mod = 1.1049475726281738e-10,  Error =4.145669691979492e-06
Completed 85 % :  mod = 5.3938267227606434e-11,  Error =4.195244528659714e-06
Completed 86 % :  mod = 2.5272680329327488e-11,  Error =4.248033128817497e-06
Completed 87 % :  mod = 1.237316284550859e-11,  Error =4.301564267450431e-06
Completed 88 % :  mod = 8.146856974974123e-12,  Error =4.355251448373565e-06
Completed 89 % :  mod = 8.868328263664139e-12,  Error =4.408960549540097e-06
Completed 90 % :  mod = 1.5016836071563142e-11,  Error =4.46262487940885e-06
Completed 91 % :  mod = 3.1723515683300624e-11,  Error =4.5160355242046535e-06
Completed 92 % :  mod = 6.771219262345956e-11,  Error =4.568275869587524e-06
Completed 93 % :  mod = 1.3537171456314587e-10,  Error =4.615740749613906e-06
Completed 94 % :  mod = 2.2056190824523046e-10,  Error =4.6513862628216884e-06
Completed 95 % :  mod = 1.7375658636290084e-10,  Error =4.682822449808555e-06
Completed 96 % :  mod = 9.099313874526745e-11,  Error =4.726249208886202e-06
Completed 97 % :  mod = 4.245124201986963e-11,  Error =4.777270788736132e-06
Completed 98 % :  mod = 1.943671674705905e-11,  Error =4.830421438839494e-06
Completed 99 % :  mod = 9.052036401263037e-12,  Error =4.884046340691839e-06
Completed 100 % :  mod = 4.355420044680824e-12,  Error =4.937770263779839e-06
Finished 77/201 frames
Finished all frames!
