/opt/local/miniconda_23_9/lib/python3.11/site-packages/conda/base/context.py:201: FutureWarning: Adding 'defaults' to channel list implicitly is deprecated and will be removed in 25.3. 

To remove this warning, please choose a default channel explicitly with conda's regular configuration system, e.g. by adding 'defaults' to the list of channels:

  conda config --add channels defaults

For more information see https://docs.conda.io/projects/conda/en/stable/user-guide/configuration/use-condarc.html

  deprecated.topic(
JOB 13360 ARRAY_ID 6  -> i=6 ; range=[1.9e-10, 6.0e-10] ; intervals=200 (frames=201)
Density options: centers='2.0e-10,4.0e-10' width='5e-11,5e-11' strength=''
Completed 0 % :  mod = 1.5760081328706732e-16,  Error =-1.4210854715202004e-14
Completed 1 % :  mod = 1.5642069580024354e-16,  Error =7.393367695840425e-09
Completed 2 % :  mod = 1.5289801760452303e-16,  Error =1.4786898816510075e-08
Completed 3 % :  mod = 1.4708553891601263e-16,  Error =2.218142469700979e-08
Completed 4 % :  mod = 1.390703017275234e-16,  Error =2.9575062399089802e-08
Completed 5 % :  mod = 1.2897234199175445e-16,  Error =3.6967811922750116e-08
Completed 6 % :  mod = 1.1694289505295402e-16,  Error =4.436162726051407e-08
Completed 7 % :  mod = 1.0316210409812875e-16,  Error =5.175470363383283e-08
Completed 8 % :  mod = 8.783635301655611e-17,  Error =5.914803580253647e-08
Completed 9 % :  mod = 7.119517320958249e-17,  Error =6.654248352333525e-08
Completed 10 % :  mod = 5.348776312479836e-17,  Error =7.393626333396242e-08
Completed 11 % :  mod = 3.4979322811948884e-17,  Error =8.132993656317922e-08
Completed 12 % :  mod = 1.5947036203301144e-17,  Error =8.872282819538668e-08
Completed 13 % :  mod = 3.324081850018725e-18,  Error =9.611567719503e-08
Completed 14 % :  mod = 2.2545414952497536e-17,  Error =1.0350917989399022e-07
Completed 15 % :  mod = 4.1429107249496557e-17,  Error =1.1090281049064288e-07
Completed 16 % :  mod = 5.969236145771433e-17,  Error =1.1829655477413326e-07
Completed 17 % :  mod = 7.706165309191371e-17,  Error =1.2568995799711047e-07
Completed 18 % :  mod = 9.327687195145372e-17,  Error =1.3308311253013017e-07
Completed 19 % :  mod = 1.0809517828120896e-16,  Error =1.4047605390032913e-07
Completed 20 % :  mod = 1.2129463512843444e-16,  Error =1.4786897395424603e-07
Completed 21 % :  mod = 1.326775908910855e-16,  Error =1.5526183716474407e-07
Completed 22 % :  mod = 1.4207357041745622e-16,  Error =1.6265429536588272e-07
Completed 23 % :  mod = 1.4934184066194565e-16,  Error =1.7004788332997123e-07
Completed 24 % :  mod = 1.5437356952305897e-16,  Error =1.7744132208008523e-07
Completed 25 % :  mod = 1.5709340710254597e-16,  Error =1.8483510899613975e-07
Completed 26 % :  mod = 1.5746059805652982e-16,  Error =1.9222859748424526e-07
Completed 27 % :  mod = 1.554696598836093e-16,  Error =1.9962224229175263e-07
Completed 28 % :  mod = 1.5115040810216871e-16,  Error =2.070157520961402e-07
Completed 28 % :  mod = 1.4456751851673753e-16,  Error =2.1440944664163908e-07
Completed 30 % :  mod = 1.358195877993084e-16,  Error =2.21803936995002e-07
Completed 31 % :  mod = 1.2503761426874467e-16,  Error =2.2919587649994355e-07
Completed 32 % :  mod = 1.1238307666041011e-16,  Error =2.3658976289198108e-07
Completed 33 % :  mod = 9.804549983702381e-17,  Error =2.4398238451794896e-07
Completed 34 % :  mod = 8.223957242611687e-17,  Error =2.513762993316959e-07
Completed 35 % :  mod = 6.520203253672501e-17,  Error =2.5876995124463065e-07
Completed 36 % :  mod = 4.718804196826973e-17,  Error =2.661636671064116e-07
Completed 37 % :  mod = 2.846733516781905e-17,  Error =2.73557510865885e-07
Completed 38 % :  mod = 9.32031240435561e-18,  Error =2.809513333090763e-07
Completed 39 % :  mod = 9.966278527611159e-18,  Error =2.8834444520953184e-07
Completed 40 % :  mod = 2.910363894264058e-17,  Error =2.957384097612703e-07
Completed 41 % :  mod = 4.780512733893193e-17,  Error =3.031326514246757e-07
Completed 42 % :  mod = 6.579067757677126e-17,  Error =3.105264596570123e-07
Completed 43 % :  mod = 8.279096528387922e-17,  Error =3.179210423809309e-07
Completed 44 % :  mod = 9.855135790132997e-17,  Error =3.2531408322711286e-07
Completed 45 % :  mod = 1.1283584865114689e-16,  Error =3.3270786303774e-07
Completed 46 % :  mod = 1.254305155988291e-16,  Error =3.4010216864999165e-07
Completed 47 % :  mod = 1.361467153459978e-16,  Error =3.474948755410878e-07
Completed 48 % :  mod = 1.4482399574012816e-16,  Error =3.5488871219513385e-07
Completed 49 % :  mod = 1.5133238938789403e-16,  Error =3.622824138460601e-07
Completed 50 % :  mod = 1.5557440581627567e-16,  Error =3.6967629313267025e-07
Completed 51 % :  mod = 1.574865657374997e-16,  Error =3.7707060585034924e-07
Completed 52 % :  mod = 1.570401969001859e-16,  Error =3.844636680128133e-07
Completed 53 % :  mod = 1.5424196953369757e-16,  Error =3.918575046668593e-07
Completed 54 % :  mod = 1.491338425814016e-16,  Error =3.992512489503497e-07
Completed 55 % :  mod = 1.4179227725870112e-16,  Error =4.0664390610345436e-07
Completed 56 % :  mod = 1.3232721093548572e-16,  Error =4.1403689010621747e-07
Completed 56 % :  mod = 1.2088043720629922e-16,  Error =4.2143051359744277e-07
Completed 57 % :  mod = 1.0762333895017222e-16,  Error =4.2882351891648796e-07
Completed 59 % :  mod = 9.275446789675223e-17,  Error =4.3621716372399533e-07
Completed 60 % :  mod = 7.649652433139324e-17,  Error =4.4361028272987824e-07
Completed 61 % :  mod = 5.909294244188837e-17,  Error =4.510043467575997e-07
Completed 62 % :  mod = 4.080439785852603e-17,  Error =4.5839801288138915e-07
Completed 63 % :  mod = 2.1904777526748053e-17,  Error =4.657916150563324e-07
Completed 64 % :  mod = 2.677082112889002e-18,  Error =4.7318549434294255e-07
Completed 65 % :  mod = 1.6590678310926938e-17,  Error =4.805785565054066e-07
Completed 66 % :  mod = 3.560997720168062e-17,  Error =4.879719313066744e-07
Completed 67 % :  mod = 5.409600867474815e-17,  Error =4.953661232320883e-07
Completed 68 % :  mod = 7.177186538637977e-17,  Error =5.027588230177571e-07
Completed 69 % :  mod = 8.837287389068779e-17,  Error =5.101522972950079e-07
Completed 70 % :  mod = 1.0365043451544765e-16,  Error =5.175458213102502e-07
Completed 71 % :  mod = 1.1737569409571645e-16,  Error =5.249387484695944e-07
Completed 72 % :  mod = 1.293431453468709e-16,  Error =5.323324003825292e-07
Completed 73 % :  mod = 1.3937356211501091e-16,  Error =5.397257325512328e-07
Completed 74 % :  mod = 1.4731669800200939e-16,  Error =5.47119711313826e-07
Completed 75 % :  mod = 1.530536326116208e-16,  Error =5.545128658468457e-07
Completed 76 % :  mod = 1.564984310288864e-16,  Error =5.619061482775578e-07
Completed 77 % :  mod = 1.5759949284831574e-16,  Error =5.693003544138264e-07
Completed 78 % :  mod = 1.5634037211666884e-16,  Error =5.766937505313763e-07
Completed 79 % :  mod = 1.5273987680142483e-16,  Error =5.840872177031997e-07
Completed 80 % :  mod = 1.4685193561470335e-16,  Error =5.914810543572457e-07
Completed 81 % :  mod = 1.3876477512365142e-16,  Error =5.988729938621873e-07
Completed 82 % :  mod = 1.2859944628327855e-16,  Error =6.062661697114891e-07
Completed 83 % :  mod = 1.1650819861296275e-16,  Error =6.136603190043388e-07
Completed 84 % :  mod = 1.026721566461099e-16,  Error =6.210534380102217e-07
Completed 85 % :  mod = 8.729847463564165e-17,  Error =6.284470686068744e-07
Completed 86 % :  mod = 7.061740306135068e-17,  Error =6.358395197025857e-07
Completed 87 % :  mod = 5.287878288336826e-17,  Error =6.432332995132128e-07
Completed 88 % :  mod = 3.434823994265985e-17,  Error =6.506263900973863e-07
Completed 89 % :  mod = 1.5303302020133416e-17,  Error =6.580206459716464e-07
Completed 90 % :  mod = 3.970816992750008e-18,  Error =6.654141131434699e-07
Completed 91 % :  mod = 2.318547852169706e-17,  Error =6.728068626671302e-07
Completed 92 % :  mod = 4.2052895885047735e-17,  Error =6.80199761404765e-07
Completed 93 % :  mod = 6.029053753127236e-17,  Error =6.875927951455196e-07
Completed 94 % :  mod = 7.762528568950121e-17,  Error =6.949868094352496e-07
Completed 95 % :  mod = 9.379748986471876e-17,  Error =7.023803192396372e-07
Completed 96 % :  mod = 1.0856498864160067e-16,  Error =7.097737579897512e-07
Completed 97 % :  mod = 1.217066405566573e-16,  Error =7.171681417617037e-07
Completed 98 % :  mod = 1.3302558303475078e-16,  Error =7.24561566300963e-07
Completed 99 % :  mod = 1.4235233488507875e-16,  Error =7.319548203099657e-07
Completed 100 % :  mod = 1.4954723798324627e-16,  Error =7.393489411811061e-07
Finished 7/201 frames
Finished all frames!
