/opt/local/miniconda_23_9/lib/python3.11/site-packages/conda/base/context.py:201: FutureWarning: Adding 'defaults' to channel list implicitly is deprecated and will be removed in 25.3. 

To remove this warning, please choose a default channel explicitly with conda's regular configuration system, e.g. by adding 'defaults' to the list of channels:

  conda config --add channels defaults

For more information see https://docs.conda.io/projects/conda/en/stable/user-guide/configuration/use-condarc.html

  deprecated.topic(
JOB 13958 ARRAY_ID 87  -> i=87 ; range=[1.9e-10, 5.0e-10] ; intervals=200 (frames=201)
Analytic t0 extension enabled (--extend-time-using-t0).
Density options: centers='2.0e-10,4.0e-10' width='2.0e-11,5.0e-11' strength='7.0'
Completed 0 % :  mod = 2.898982984015664e-16,  Error =-1.4210854715202004e-14
Completed 1 % :  mod = 4.1575775129876944e-16,  Error =8.464342471370401e-08
Completed 2 % :  mod = 9.026199544632469e-16,  Error =1.692863804692024e-07
Completed 3 % :  mod = 2.1732277134981686e-15,  Error =2.539296701797866e-07
Completed 4 % :  mod = 5.3308506899781116e-15,  Error =3.385726330407124e-07
Completed 5 % :  mod = 1.3117255212817779e-14,  Error =4.232154395822363e-07
Completed 6 % :  mod = 3.229338201697514e-14,  Error =5.078578979578197e-07
Completed 7 % :  mod = 7.950987535758463e-14,  Error =5.925004913365228e-07
Completed 8 % :  mod = 1.9576483882076988e-13,  Error =6.771437170982608e-07
Completed 9 % :  mod = 4.820023540964653e-13,  Error =7.617870210196998e-07
Completed 10 % :  mod = 1.1867598338756778e-12,  Error =8.464297209798133e-07
Completed 11 % :  mod = 2.9219363861622453e-12,  Error =9.310701969411639e-07
Completed 12 % :  mod = 7.193555071552849e-12,  Error =1.0156939396210873e-06
Completed 13 % :  mod = 1.770122865993427e-11,  Error =1.1002172541907385e-06
Completed 14 % :  mod = 4.342766917524043e-11,  Error =1.184138007204183e-06
Completed 15 % :  mod = 1.0458750922225203e-10,  Error =1.2646359905943427e-06
Completed 16 % :  mod = 2.230684260291336e-10,  Error =1.3304877555242456e-06
Completed 17 % :  mod = 2.5033524618961993e-10,  Error =1.3760013999331022e-06
Completed 18 % :  mod = 1.173939963954398e-10,  Error =1.437874871612621e-06
Completed 19 % :  mod = 5.1592504230172386e-11,  Error =1.5169410119142412e-06
Completed 20 % :  mod = 2.6419074960051636e-11,  Error =1.6004514833412031e-06
Completed 21 % :  mod = 2.0193267766089772e-11,  Error =1.6847075201553707e-06
Completed 22 % :  mod = 3.208690358627906e-11,  Error =1.768817227798536e-06
Completed 23 % :  mod = 7.66309417018989e-11,  Error =1.8512802810732865e-06
Completed 24 % :  mod = 1.6322447122892429e-10,  Error =1.92552661104628e-06
Completed 25 % :  mod = 2.7109061390757616e-10,  Error =1.9769481767184516e-06
Completed 26 % :  mod = 1.6940473754904118e-10,  Error =2.0284408961401823e-06
Completed 27 % :  mod = 7.328114669431964e-11,  Error =2.1024898728683183e-06
Completed 28 % :  mod = 2.982241234327714e-11,  Error =2.18508134963713e-06
Completed 28 % :  mod = 1.3181244721211403e-11,  Error =2.2693652539373943e-06
Completed 30 % :  mod = 6.9906668056473465e-12,  Error =2.353934021925852e-06
Completed 31 % :  mod = 6.717609312972276e-12,  Error =2.438542857419179e-06
Completed 32 % :  mod = 1.2797931482405554e-11,  Error =2.523114048358366e-06
Completed 33 % :  mod = 2.9884380797038435e-11,  Error =2.6074111545426604e-06
Completed 34 % :  mod = 7.074686943991467e-11,  Error =2.6900909801952366e-06
Completed 35 % :  mod = 1.670868709225196e-10,  Error =2.7644496256584716e-06
Completed 36 % :  mod = 2.7235429927789565e-10,  Error =2.816594182775134e-06
Completed 37 % :  mod = 1.643345897556291e-10,  Error =2.8673140306523237e-06
Completed 38 % :  mod = 8.051347987772219e-11,  Error =2.9410879065494555e-06
Completed 39 % :  mod = 3.511305177367462e-11,  Error =3.023324524065174e-06
Completed 40 % :  mod = 2.513911181519196e-11,  Error =3.107255658107988e-06
Completed 41 % :  mod = 4.025962102821775e-11,  Error =3.1911229214642844e-06
Completed 42 % :  mod = 8.281822768420665e-11,  Error =3.2730048573625936e-06
Completed 43 % :  mod = 1.7707832380772095e-10,  Error =3.3448367275923374e-06
Completed 44 % :  mod = 2.827550634955544e-10,  Error =3.3941250308089366e-06
Completed 45 % :  mod = 1.458691868690685e-10,  Error =3.4477617134598404e-06
Completed 46 % :  mod = 7.326343921580097e-11,  Error =3.522904869157628e-06
Completed 47 % :  mod = 4.307704275551612e-11,  Error =3.6051908622880546e-06
Completed 48 % :  mod = 4.127103337765621e-11,  Error =3.688552993708072e-06
Completed 49 % :  mod = 7.907364486341296e-11,  Error =3.7702871722444797e-06
Completed 50 % :  mod = 1.869915010578161e-10,  Error =3.842934027886713e-06
Completed 51 % :  mod = 2.5712924626887155e-10,  Error =3.893902352558598e-06
Completed 52 % :  mod = 1.5878972713715144e-10,  Error =3.9464468883920745e-06
Completed 53 % :  mod = 8.338232464605034e-11,  Error =4.020947898197846e-06
Completed 54 % :  mod = 4.4497846643621026e-11,  Error =4.102708395237187e-06
Completed 55 % :  mod = 5.273311480005308e-11,  Error =4.1854204795299665e-06
Completed 56 % :  mod = 1.1917446502276385e-10,  Error =4.264924996277841e-06
Completed 56 % :  mod = 2.0966792332171766e-10,  Error =4.330949629149927e-06
Completed 57 % :  mod = 2.462929898027386e-10,  Error =4.375816153867618e-06
Completed 59 % :  mod = 1.3589921418151392e-10,  Error =4.437049710759311e-06
Completed 60 % :  mod = 5.7401658114754034e-11,  Error =4.5148063634314894e-06
Completed 61 % :  mod = 4.600033901646541e-11,  Error =4.597283066232194e-06
Completed 62 % :  mod = 7.357362398293936e-11,  Error =4.679524522543943e-06
Completed 63 % :  mod = 1.3000485766433105e-10,  Error =4.756381905224316e-06
Completed 64 % :  mod = 2.600138416957527e-10,  Error =4.813300961359346e-06
Completed 65 % :  mod = 2.126265424840602e-10,  Error =4.861501722075445e-06
Completed 66 % :  mod = 8.733467440399537e-11,  Error =4.930445733464239e-06
Completed 67 % :  mod = 4.6615390180635286e-11,  Error =5.0114169809489795e-06
Completed 68 % :  mod = 3.972531949090328e-11,  Error =5.09478370247507e-06
Completed 69 % :  mod = 5.6450242383843205e-11,  Error =5.177747752327377e-06
Completed 70 % :  mod = 1.232646726810164e-10,  Error =5.255975125351142e-06
Completed 71 % :  mod = 2.588625688271911e-10,  Error =5.3168315545804035e-06
Completed 72 % :  mod = 2.107923305290338e-10,  Error =5.362347927473365e-06
Completed 73 % :  mod = 1.0624127102093796e-10,  Error =5.428864987777615e-06
Completed 74 % :  mod = 4.588861918000251e-11,  Error =5.509355098354263e-06
Completed 75 % :  mod = 2.2909596438109776e-11,  Error =5.593097817779835e-06
Completed 76 % :  mod = 2.2902824126084577e-11,  Error =5.67734052481228e-06
Completed 77 % :  mod = 4.326114767727774e-11,  Error =5.761196071318864e-06
Completed 78 % :  mod = 9.113264130875064e-11,  Error =5.842332264194283e-06
Completed 79 % :  mod = 2.112274021293001e-10,  Error =5.910683917420556e-06
Completed 80 % :  mod = 2.6364705840882395e-10,  Error =5.957880716778163e-06
Completed 81 % :  mod = 1.2463193021511228e-10,  Error =6.016158287991402e-06
Completed 82 % :  mod = 6.462795226927197e-11,  Error =6.093798141648676e-06
Completed 83 % :  mod = 3.778350539789357e-11,  Error =6.17665060786976e-06
Completed 84 % :  mod = 3.92965700225543e-11,  Error =6.260171808492032e-06
Completed 85 % :  mod = 8.335174934275482e-11,  Error =6.341876606086316e-06
Completed 86 % :  mod = 1.8632352713193552e-10,  Error =6.414241596530701e-06
Completed 87 % :  mod = 2.573317423250617e-10,  Error =6.464170304809613e-06
Completed 88 % :  mod = 1.5893482747987163e-10,  Error =6.5177678507666315e-06
Completed 89 % :  mod = 7.385314583201802e-11,  Error =6.593004108879086e-06
Completed 90 % :  mod = 3.5110747190438995e-11,  Error =6.6754150651604505e-06
Completed 91 % :  mod = 3.492203374872005e-11,  Error =6.7591104482289666e-06
Completed 92 % :  mod = 6.555552882294357e-11,  Error =6.842000530582482e-06
Completed 93 % :  mod = 1.2846887767614892e-10,  Error =6.919520593839934e-06
Completed 94 % :  mod = 2.5938527227453657e-10,  Error =6.97730828846943e-06
Completed 95 % :  mod = 2.1222359965123876e-10,  Error =7.024782831877019e-06
Completed 96 % :  mod = 8.985157657046075e-11,  Error =7.093589246665033e-06
Completed 97 % :  mod = 4.267603689413247e-11,  Error =7.174738385629098e-06
Completed 98 % :  mod = 2.7295350990130298e-11,  Error =7.258499792328621e-06
Completed 99 % :  mod = 3.239087761258069e-11,  Error =7.34249714184898e-06
Completed 100 % :  mod = 6.574863649564277e-11,  Error =7.425238557345892e-06
Finished 88/201 frames
Finished all frames!
