/opt/local/miniconda_23_9/lib/python3.11/site-packages/conda/base/context.py:201: FutureWarning: Adding 'defaults' to channel list implicitly is deprecated and will be removed in 25.3. 

To remove this warning, please choose a default channel explicitly with conda's regular configuration system, e.g. by adding 'defaults' to the list of channels:

  conda config --add channels defaults

For more information see https://docs.conda.io/projects/conda/en/stable/user-guide/configuration/use-condarc.html

  deprecated.topic(
JOB 13513 ARRAY_ID 159  -> i=159 ; range=[1.9e-10, 6.0e-10] ; intervals=200 (frames=201)
Density options: centers='2.0e-10,4.0e-10' width='5e-11,5e-11' strength=''
Completed 0 % :  mod = 3.5299092349275194e-16,  Error =-1.4210854715202004e-14
Completed 1 % :  mod = 5.881567505743723e-16,  Error =1.8606513663144142e-07
Completed 2 % :  mod = 1.6069935220419797e-15,  Error =3.721300103620706e-07
Completed 3 % :  mod = 4.767018269853042e-15,  Error =5.581946780353064e-07
Completed 4 % :  mod = 1.42787066226922e-14,  Error =7.442596725582007e-07
Completed 5 % :  mod = 4.2815608739852116e-14,  Error =9.303237291646838e-07
Completed 6 % :  mod = 1.284008221225947e-13,  Error =1.1163878426145857e-06
Completed 7 % :  mod = 3.8506964525490456e-13,  Error =1.3024522544924366e-06
Completed 8 % :  mod = 1.1548115564442e-12,  Error =1.4885167374245611e-06
Completed 9 % :  mod = 3.4632224534078525e-12,  Error =1.67457488942091e-06
Completed 10 % :  mod = 1.0385463352615386e-11,  Error =1.8605859395393054e-06
Completed 11 % :  mod = 3.1128342305667444e-11,  Error =2.04617027321774e-06
Completed 12 % :  mod = 9.286161286548471e-11,  Error =2.2280263465290773e-06
Completed 13 % :  mod = 2.6114087798744267e-10,  Error =2.3836912461661086e-06
Completed 14 % :  mod = 3.482471637879643e-10,  Error =2.4799177396062078e-06
Completed 15 % :  mod = 1.1896239358245913e-10,  Error =2.6190255795199846e-06
Completed 16 % :  mod = 5.7156684740249525e-11,  Error =2.795701163904596e-06
Completed 17 % :  mod = 8.099630337517337e-11,  Error =2.977043244811739e-06
Completed 18 % :  mod = 1.79740650361147e-10,  Error =3.147234465927795e-06
Completed 19 % :  mod = 3.4940329438327414e-10,  Error =3.26403361583516e-06
Completed 20 % :  mod = 1.8912581364911874e-10,  Error =3.3769363767532923e-06
Completed 21 % :  mod = 8.773159066516169e-11,  Error =3.5451319106982737e-06
Completed 22 % :  mod = 6.678378775523187e-11,  Error =3.7252872289172956e-06
Completed 23 % :  mod = 1.397640190687713e-10,  Error =3.8985999566421015e-06
Completed 24 % :  mod = 3.827714562899413e-10,  Error =4.026816149860224e-06
Completed 25 % :  mod = 2.1680378668486695e-10,  Error =4.126697888295894e-06
Completed 26 % :  mod = 8.60045546361205e-11,  Error =4.288537340357834e-06
Completed 27 % :  mod = 3.732699185943982e-11,  Error =4.470675193601892e-06
Completed 28 % :  mod = 3.92995077498349e-11,  Error =4.655218887705814e-06
Completed 28 % :  mod = 9.4624403796473e-11,  Error =4.8364645834908515e-06
Completed 30 % :  mod = 2.6740343698476324e-10,  Error =4.992480008070288e-06
Completed 31 % :  mod = 3.398559882525564e-10,  Error =5.0894269634227385e-06
Completed 32 % :  mod = 1.1334011889840621e-10,  Error =5.228721846606277e-06
Completed 33 % :  mod = 4.8735962545992415e-11,  Error =5.406937951590862e-06
Completed 34 % :  mod = 3.9803314618971854e-11,  Error =5.591202906884973e-06
Completed 35 % :  mod = 6.584065196659239e-11,  Error =5.774501012467681e-06
Completed 36 % :  mod = 1.7819734532345794e-10,  Error =5.943911403960556e-06
Completed 37 % :  mod = 4.015493196081876e-10,  Error =6.057840188589125e-06
Completed 38 % :  mod = 1.5871548109117817e-10,  Error =6.1691231536542546e-06
Completed 39 % :  mod = 8.881221235561822e-11,  Error =6.337131800648876e-06
Completed 40 % :  mod = 9.077854069713705e-11,  Error =6.516387550448144e-06
Completed 41 % :  mod = 1.533501164103753e-10,  Error =6.686656249144107e-06
Completed 42 % :  mod = 3.6872532780208837e-10,  Error =6.803187730497484e-06
Completed 43 % :  mod = 2.0398533206769254e-10,  Error =6.915463266921051e-06
Completed 44 % :  mod = 6.888818425384828e-11,  Error =7.083738047697352e-06
Completed 45 % :  mod = 3.226384386937771e-11,  Error =7.266937721794875e-06
Completed 46 % :  mod = 4.410284650531573e-11,  Error =7.451484947296194e-06
Completed 47 % :  mod = 1.1135191612745998e-10,  Error =7.631518421646888e-06
Completed 48 % :  mod = 2.7122047224681584e-10,  Error =7.780982009819581e-06
Completed 49 % :  mod = 3.2598565910444095e-10,  Error =7.875276338609183e-06
Completed 50 % :  mod = 1.2772848427119485e-10,  Error =8.019440983275672e-06
Completed 51 % :  mod = 7.253469906462727e-11,  Error =8.193757963681492e-06
Completed 52 % :  mod = 1.5549873572235675e-10,  Error =8.365468005422372e-06
Completed 53 % :  mod = 3.5815725409911533e-10,  Error =8.499092302827194e-06
Completed 54 % :  mod = 2.23564269121361e-10,  Error =8.593884288643494e-06
Completed 55 % :  mod = 1.1588982557554363e-10,  Error =8.749815691544427e-06
Completed 56 % :  mod = 7.276983302206499e-11,  Error =8.927893510701779e-06
Completed 56 % :  mod = 1.1154624834276115e-10,  Error =9.103948030997344e-06
Completed 57 % :  mod = 3.203936415494874e-10,  Error =9.24347084207966e-06
Completed 59 % :  mod = 3.023057101994657e-10,  Error =9.344616515249982e-06
Completed 60 % :  mod = 1.0593692706376507e-10,  Error =9.49526658899913e-06
Completed 61 % :  mod = 7.159496688443401e-11,  Error =9.671391410392971e-06
Completed 62 % :  mod = 1.8108188326999454e-10,  Error =9.841245308450652e-06
Completed 63 % :  mod = 3.5068320217082825e-10,  Error =9.970296957817482e-06
Completed 64 % :  mod = 1.9447186572057863e-10,  Error =1.006739259423739e-05
Completed 65 % :  mod = 1.573939456238712e-10,  Error =1.0222905913792601e-05
Completed 66 % :  mod = 1.4898780328380616e-10,  Error =1.0391219490202275e-05
Completed 67 % :  mod = 2.2885757936221185e-10,  Error =1.0535371878006572e-05
Completed 68 % :  mod = 3.3235104206650963e-10,  Error =1.0630647707898788e-05
Completed 69 % :  mod = 1.7561971211323823e-10,  Error =1.0767161271019177e-05
Completed 70 % :  mod = 1.3913052695692112e-10,  Error =1.0926293441571033e-05
Completed 71 % :  mod = 2.6680709286840645e-10,  Error =1.1063513966291794e-05
Completed 72 % :  mod = 3.6155677751934166e-10,  Error =1.116989762550702e-05
Completed 73 % :  mod = 1.5714456652442698e-10,  Error =1.130320352160652e-05
Completed 74 % :  mod = 1.581080053364342e-10,  Error =1.1454374373442988e-05
Completed 75 % :  mod = 4.0431426250754517e-10,  Error =1.1573627745065096e-05
Completed 76 % :  mod = 2.261398739588819e-10,  Error =1.168306273058306e-05
Completed 77 % :  mod = 1.2944552592210943e-10,  Error =1.1830766972309448e-05
Completed 78 % :  mod = 2.0188225401201976e-10,  Error =1.1990582514442849e-05
Completed 79 % :  mod = 3.5105977455864347e-10,  Error =1.2115766544695816e-05
Completed 80 % :  mod = 2.3629131774887936e-10,  Error =1.2214778060126719e-05
Completed 81 % :  mod = 1.1643290158823483e-10,  Error =1.2364537909093087e-05
Completed 82 % :  mod = 1.7750851220189598e-10,  Error =1.253000022671813e-05
Completed 83 % :  mod = 2.9130585799443026e-10,  Error =1.266896540386142e-05
Completed 84 % :  mod = 2.61608179518045e-10,  Error =1.2761414133422022e-05
Completed 85 % :  mod = 2.1322505016507772e-10,  Error =1.2901963678757511e-05
Completed 86 % :  mod = 1.1981483822977722e-10,  Error =1.3065742322737606e-05
Completed 87 % :  mod = 2.362311319851098e-10,  Error =1.320869854026796e-05
Completed 88 % :  mod = 3.6204350492912667e-10,  Error =1.3307674720408613e-05
Completed 89 % :  mod = 1.632268476555894e-10,  Error =1.3438214395478099e-05
Completed 90 % :  mod = 1.6118623505912606e-10,  Error =1.3593134958966857e-05
Completed 91 % :  mod = 2.984984353787843e-10,  Error =1.3723403107235299e-05
Completed 92 % :  mod = 3.426500995363118e-10,  Error =1.3830741707465677e-05
Completed 93 % :  mod = 1.284566028149849e-10,  Error =1.3969419391912652e-05
Completed 94 % :  mod = 1.4718742070169987e-10,  Error =1.4123697482659736e-05
Completed 95 % :  mod = 4.207258380499695e-10,  Error =1.4246405910967042e-05
Completed 96 % :  mod = 2.0244632720078467e-10,  Error =1.4350254438966203e-05
Completed 97 % :  mod = 1.3608981234705672e-10,  Error =1.449914055484669e-05
Completed 98 % :  mod = 1.9551165920590013e-10,  Error =1.4662902977136127e-05
Completed 99 % :  mod = 2.8917448963077603e-10,  Error =1.4800599373643308e-05
Completed 100 % :  mod = 2.667163600640611e-10,  Error =1.4893476546262718e-05
Finished 160/201 frames
Finished all frames!
