/opt/local/miniconda_23_9/lib/python3.11/site-packages/conda/base/context.py:201: FutureWarning: Adding 'defaults' to channel list implicitly is deprecated and will be removed in 25.3. 

To remove this warning, please choose a default channel explicitly with conda's regular configuration system, e.g. by adding 'defaults' to the list of channels:

  conda config --add channels defaults

For more information see https://docs.conda.io/projects/conda/en/stable/user-guide/configuration/use-condarc.html

  deprecated.topic(
JOB 13427 ARRAY_ID 73  -> i=73 ; range=[1.9e-10, 6.0e-10] ; intervals=200 (frames=201)
Density options: centers='2.0e-10,4.0e-10' width='5e-11,5e-11' strength=''
Completed 0 % :  mod = 2.5247746991399146e-16,  Error =-1.4210854715202004e-14
Completed 1 % :  mod = 3.2902430430081836e-16,  Error =4.8696961130190175e-08
Completed 2 % :  mod = 6.050801852409606e-16,  Error =9.7392941711405e-08
Completed 3 % :  mod = 1.2480359102851791e-15,  Error =1.4608952625394522e-07
Completed 4 % :  mod = 2.647757777350945e-15,  Error =1.9478628132674203e-07
Completed 5 % :  mod = 5.652989074365619e-15,  Error =2.43483377460052e-07
Completed 6 % :  mod = 1.20859989212635e-14,  Error =2.921793154087027e-07
Completed 7 % :  mod = 2.5847543669975457e-14,  Error =3.408758288969693e-07
Completed 8 % :  mod = 5.528215127670458e-14,  Error =3.8957351478075e-07
Completed 9 % :  mod = 1.1823795293231098e-13,  Error =4.382702201155553e-07
Completed 10 % :  mod = 2.5288913962434527e-13,  Error =4.869674796736945e-07
Completed 11 % :  mod = 5.408831121413972e-13,  Error =5.356646326504233e-07
Completed 12 % :  mod = 1.1568450472912923e-12,  Error =5.843613024580918e-07
Completed 13 % :  mod = 2.4742292306338496e-12,  Error =6.330567359214001e-07
Completed 14 % :  mod = 5.291422746788682e-12,  Error =6.817448721108121e-07
Completed 15 % :  mod = 1.131247393381506e-11,  Error =7.304008704522857e-07
Completed 16 % :  mod = 2.4147281702688783e-11,  Error =7.78909587495491e-07
Completed 17 % :  mod = 5.117874332768804e-11,  Error =8.267615214663238e-07
Completed 18 % :  mod = 1.0498680884409556e-10,  Error =8.718927588802217e-07
Completed 19 % :  mod = 1.8609592080656244e-10,  Error =9.087742824931411e-07
Completed 20 % :  mod = 2.0089212175658932e-10,  Error =9.367634206114417e-07
Completed 21 % :  mod = 1.180609520874826e-10,  Error =9.714767941204627e-07
Completed 22 % :  mod = 5.890096197031559e-11,  Error =1.0155731970939996e-06
Completed 23 % :  mod = 2.8481960855599367e-11,  Error =1.0631445093167713e-06
Completed 24 % :  mod = 1.3670936812617982e-11,  Error =1.111577532242336e-06
Completed 25 % :  mod = 7.785162027207074e-12,  Error =1.1602053362480547e-06
Completed 26 % :  mod = 6.451842092618099e-12,  Error =1.2088732432857796e-06
Completed 27 % :  mod = 8.822990076418624e-12,  Error =1.257536332843756e-06
Completed 28 % :  mod = 1.676537976398979e-11,  Error =1.3061357151400443e-06
Completed 28 % :  mod = 3.503839066809339e-11,  Error =1.354437479506032e-06
Completed 30 % :  mod = 7.147948180927934e-11,  Error =1.401443263659985e-06
Completed 31 % :  mod = 1.4263257439153333e-10,  Error =1.443544292101251e-06
Completed 32 % :  mod = 2.115785795996487e-10,  Error =1.4751935353274348e-06
Completed 33 % :  mod = 1.6125069194036617e-10,  Error =1.5044130918795418e-06
Completed 34 % :  mod = 8.886012336824229e-11,  Error =1.5442955216826704e-06
Completed 35 % :  mod = 4.178804745017101e-11,  Error =1.5905190835496796e-06
Completed 36 % :  mod = 2.1297140805968804e-11,  Error =1.638611649923405e-06
Completed 37 % :  mod = 1.3184995669152482e-11,  Error =1.6871365033921393e-06
Completed 38 % :  mod = 1.2166291829255937e-11,  Error =1.7357420247776645e-06
Completed 39 % :  mod = 1.8847083404427776e-11,  Error =1.784295314166684e-06
Completed 40 % :  mod = 3.8040676056614265e-11,  Error =1.8325203612334917e-06
Completed 41 % :  mod = 7.511059147355361e-11,  Error =1.8793243441450613e-06
Completed 42 % :  mod = 1.4760177667138267e-10,  Error =1.9208191375241768e-06
Completed 43 % :  mod = 2.1487677622403167e-10,  Error =1.951815306711069e-06
Completed 44 % :  mod = 1.537349450750544e-10,  Error =1.981544009765912e-06
Completed 45 % :  mod = 8.554918541481946e-11,  Error =2.022026052372894e-06
Completed 46 % :  mod = 4.1039460644005156e-11,  Error =2.068433190061114e-06
Completed 47 % :  mod = 2.1605902356189675e-11,  Error =2.116535263496644e-06
Completed 48 % :  mod = 1.6251981688444325e-11,  Error =2.1650252506333345e-06
Completed 49 % :  mod = 1.929412717905276e-11,  Error =2.213545876372791e-06
Completed 50 % :  mod = 3.311962898670891e-11,  Error =2.2618264665652532e-06
Completed 51 % :  mod = 7.017370285473535e-11,  Error =2.3089643477192112e-06
Completed 52 % :  mod = 1.331459569899641e-10,  Error =2.351806948297508e-06
Completed 53 % :  mod = 2.0511205370696603e-10,  Error =2.3843230252396097e-06
Completed 54 % :  mod = 1.755730257170938e-10,  Error =2.413173845638994e-06
Completed 55 % :  mod = 9.135952702065183e-11,  Error =2.452043524669989e-06
Completed 56 % :  mod = 4.56517861757132e-11,  Error =2.497900723597013e-06
Completed 56 % :  mod = 2.4826088489743833e-11,  Error =2.545874302484208e-06
Completed 57 % :  mod = 1.6135896110233673e-11,  Error =2.5943318178178743e-06
Completed 59 % :  mod = 1.8262132837809327e-11,  Error =2.6428525998767327e-06
Completed 60 % :  mod = 3.280905789659981e-11,  Error =2.691176248958982e-06
Completed 61 % :  mod = 6.235150533404395e-11,  Error =2.7385420295900076e-06
Completed 62 % :  mod = 1.2464256222514803e-10,  Error =2.782049385530172e-06
Completed 63 % :  mod = 2.0728936946531945e-10,  Error =2.8159056739696098e-06
Completed 64 % :  mod = 1.7652984971766988e-10,  Error =2.84405636818974e-06
Completed 65 % :  mod = 1.0202021459521891e-10,  Error =2.8817688431104216e-06
Completed 66 % :  mod = 4.935385570972184e-11,  Error =2.9271904011807237e-06
Completed 67 % :  mod = 2.4195097741492803e-11,  Error =2.975073442712528e-06
Completed 68 % :  mod = 1.4704235465668467e-11,  Error =3.02354764158963e-06
Completed 69 % :  mod = 1.2938403723141556e-11,  Error =3.072138014204029e-06
Completed 70 % :  mod = 1.870856266419596e-11,  Error =3.120686209001633e-06
Completed 71 % :  mod = 3.7420782583083657e-11,  Error =3.168919150198235e-06
Completed 72 % :  mod = 7.507347957157661e-11,  Error =3.2157771343577224e-06
Completed 73 % :  mod = 1.4340265380464882e-10,  Error =3.257490639896332e-06
Completed 74 % :  mod = 2.1589271958493058e-10,  Error =3.288636541753931e-06
Completed 75 % :  mod = 1.5670780651844967e-10,  Error =3.318251408757078e-06
Completed 76 % :  mod = 8.525462754471653e-11,  Error =3.358495533234418e-06
Completed 77 % :  mod = 4.162909616635278e-11,  Error =3.404870440704144e-06
Completed 78 % :  mod = 2.0480676924745912e-11,  Error =3.452992146435463e-06
Completed 79 % :  mod = 1.3104655982098763e-11,  Error =3.5015226060863824e-06
Completed 80 % :  mod = 1.293759616071586e-11,  Error =3.5501239352697667e-06
Completed 81 % :  mod = 1.9959884891139108e-11,  Error =3.598660370585094e-06
Completed 82 % :  mod = 4.047292621093148e-11,  Error =3.6468136599410172e-06
Completed 83 % :  mod = 8.269367219175985e-11,  Error =3.6933199822897222e-06
Completed 84 % :  mod = 1.5330187725943253e-10,  Error =3.733951402296043e-06
Completed 85 % :  mod = 2.1629715125412946e-10,  Error =3.763908168252783e-06
Completed 86 % :  mod = 1.4678643735213595e-10,  Error =3.794648094412878e-06
Completed 87 % :  mod = 7.740156614723779e-11,  Error =3.836015878277976e-06
Completed 88 % :  mod = 3.8339117505117706e-11,  Error =3.882768375262913e-06
Completed 89 % :  mod = 1.8957358804718877e-11,  Error =3.930979346478125e-06
Completed 90 % :  mod = 1.2621571958785267e-11,  Error =3.979528230502183e-06
Completed 91 % :  mod = 1.349998413728499e-11,  Error =4.028129517053003e-06
Completed 92 % :  mod = 2.1600538003690203e-11,  Error =4.076645836903481e-06
Completed 93 % :  mod = 4.386043598387847e-11,  Error =4.12469827182349e-06
Completed 94 % :  mod = 9.088541749510928e-11,  Error =4.1707876121677145e-06
Completed 95 % :  mod = 1.6341756937126526e-10,  Error =4.210234628487797e-06
Completed 96 % :  mod = 2.1369961463646367e-10,  Error =4.239220821489198e-06
Completed 97 % :  mod = 1.3735031391866794e-10,  Error =4.271246304199394e-06
Completed 98 % :  mod = 7.024352562865628e-11,  Error =4.313615413309435e-06
Completed 99 % :  mod = 3.546222029780628e-11,  Error =4.360676641113059e-06
Completed 100 % :  mod = 1.7877908236046174e-11,  Error =4.408958574231292e-06
Finished 74/201 frames
Finished all frames!
