/opt/local/miniconda_23_9/lib/python3.11/site-packages/conda/base/context.py:201: FutureWarning: Adding 'defaults' to channel list implicitly is deprecated and will be removed in 25.3. 

To remove this warning, please choose a default channel explicitly with conda's regular configuration system, e.g. by adding 'defaults' to the list of channels:

  conda config --add channels defaults

For more information see https://docs.conda.io/projects/conda/en/stable/user-guide/configuration/use-condarc.html

  deprecated.topic(
JOB 13518 ARRAY_ID 164  -> i=164 ; range=[1.9e-10, 6.0e-10] ; intervals=200 (frames=201)
Density options: centers='2.0e-10,4.0e-10' width='5e-11,5e-11' strength=''
Completed 0 % :  mod = 3.59478853726139e-16,  Error =-1.4210854715202004e-14
Completed 1 % :  mod = 6.078392806055243e-16,  Error =2.0012648604961214e-07
Completed 2 % :  mod = 1.696100175963342e-15,  Error =4.002518423362744e-07
Completed 3 % :  mod = 5.127999201577299e-15,  Error =6.003769357221245e-07
Completed 4 % :  mod = 1.5645667542512562e-14,  Error =8.005022067436585e-07
Completed 5 % :  mod = 4.778221440784007e-14,  Error =1.0006280888319452e-06
Completed 6 % :  mod = 1.459432931928092e-13,  Error =1.2007536867031376e-06
Completed 7 % :  mod = 4.457659318232902e-13,  Error =1.4008796824782621e-06
Completed 8 % :  mod = 1.3615380577013584e-12,  Error =1.6010049037618046e-06
Completed 9 % :  mod = 4.158622613781102e-12,  Error =1.8011222806535443e-06
Completed 10 % :  mod = 1.2701030064150757e-11,  Error =2.001166116372133e-06
Completed 11 % :  mod = 3.8765226580590766e-11,  Error =2.2005280655434944e-06
Completed 12 % :  mod = 1.1751539227764664e-10,  Error =2.393826271429589e-06
Completed 13 % :  mod = 3.2147624638856114e-10,  Error =2.5480921905796095e-06
Completed 14 % :  mod = 2.8511281308578835e-10,  Error =2.6495773042256587e-06
Completed 15 % :  mod = 1.1020355967231998e-10,  Error =2.81497231924277e-06
Completed 16 % :  mod = 5.573006672176823e-11,  Error =3.007458701631549e-06
Completed 17 % :  mod = 1.0110943582940867e-10,  Error =3.200318730023355e-06
Completed 18 % :  mod = 2.886208949854788e-10,  Error =3.3666742780269487e-06
Completed 19 % :  mod = 3.3262018350962705e-10,  Error =3.4716195926876026e-06
Completed 20 % :  mod = 1.1116624051158178e-10,  Error =3.623405348207598e-06
Completed 21 % :  mod = 5.007238340187981e-11,  Error =3.815844124233081e-06
Completed 22 % :  mod = 4.0456705190560996e-11,  Error =4.0140438528624145e-06
Completed 23 % :  mod = 7.273800118848264e-11,  Error =4.210567240647833e-06
Completed 24 % :  mod = 2.2359010069377497e-10,  Error =4.387222809043578e-06
Completed 25 % :  mod = 4.017265616662536e-10,  Error =4.5017985215167755e-06
Completed 26 % :  mod = 1.348460683814626e-10,  Error =4.633371013085252e-06
Completed 27 % :  mod = 9.360472574895189e-11,  Error =4.816159275833343e-06
Completed 28 % :  mod = 1.6812563344497656e-10,  Error =5.001264810289285e-06
Completed 28 % :  mod = 2.903603039425702e-10,  Error =5.152928949314628e-06
Completed 30 % :  mod = 2.5826409896160084e-10,  Error =5.25131500239695e-06
Completed 31 % :  mod = 1.7677653980508066e-10,  Error =5.409797459776655e-06
Completed 32 % :  mod = 1.3483491056086443e-10,  Error =5.589588589316463e-06
Completed 33 % :  mod = 2.2158084044630653e-10,  Error =5.747496416574904e-06
Completed 34 % :  mod = 3.897169424152378e-10,  Error =5.85454544221875e-06
Completed 35 % :  mod = 1.6903113761634102e-10,  Error =5.995388526969236e-06
Completed 36 % :  mod = 1.3449889524360845e-10,  Error =6.1624403926430205e-06
Completed 37 % :  mod = 3.385511063672763e-10,  Error =6.301700793187592e-06
Completed 38 % :  mod = 3.124541848176561e-10,  Error =6.419471191065895e-06
Completed 39 % :  mod = 1.4914418651922669e-10,  Error =6.571966920887462e-06
Completed 40 % :  mod = 1.5409728632413161e-10,  Error =6.739885463957762e-06
Completed 41 % :  mod = 4.241047853444457e-10,  Error =6.866496150337298e-06
Completed 42 % :  mod = 2.0980584947216968e-10,  Error =6.981693161378644e-06
Completed 43 % :  mod = 1.0567075098134654e-10,  Error =7.14699700665733e-06
Completed 44 % :  mod = 2.0519734328327095e-10,  Error =7.325636893540377e-06
Completed 45 % :  mod = 3.256573154832194e-10,  Error =7.469526579484409e-06
Completed 46 % :  mod = 2.607944043412198e-10,  Error =7.570387346333973e-06
Completed 47 % :  mod = 1.3748269685014054e-10,  Error =7.731117300124879e-06
Completed 48 % :  mod = 1.0697469365682435e-10,  Error =7.91435099500859e-06
Completed 49 % :  mod = 2.447949357623924e-10,  Error =8.078985487713908e-06
Completed 50 % :  mod = 3.40160018869574e-10,  Error =8.182049008098602e-06
Completed 51 % :  mod = 1.9553220052672072e-10,  Error =8.321776377329115e-06
Completed 52 % :  mod = 1.1157912326619208e-10,  Error =8.501620172296498e-06
Completed 53 % :  mod = 1.5687020940197354e-10,  Error =8.677461494244199e-06
Completed 54 % :  mod = 4.295688967354991e-10,  Error =8.805675662415524e-06
Completed 55 % :  mod = 1.7025441818104653e-10,  Error =8.917148925036145e-06
Completed 56 % :  mod = 1.2544099049839183e-10,  Error =9.086490038612283e-06
Completed 56 % :  mod = 2.1942085827673128e-10,  Error =9.264226839889034e-06
Completed 57 % :  mod = 2.7595706120120923e-10,  Error =9.408971756386109e-06
Completed 59 % :  mod = 2.629701135174337e-10,  Error =9.510926439304512e-06
Completed 60 % :  mod = 1.7138624906273923e-10,  Error =9.667086480646958e-06
Completed 61 % :  mod = 1.8487614109112129e-10,  Error =9.837314571825573e-06
Completed 62 % :  mod = 2.862087466227378e-10,  Error =9.970747285592552e-06
Completed 63 % :  mod = 2.5949038947291284e-10,  Error =1.008679640790433e-05
Completed 64 % :  mod = 2.14518022699589e-10,  Error =1.0245748853776604e-05
Completed 65 % :  mod = 1.8058914875416925e-10,  Error =1.040630974813439e-05
Completed 66 % :  mod = 3.355267704518578e-10,  Error =1.0515438454206105e-05
Completed 67 % :  mod = 2.28713474090414e-10,  Error =1.0649928277928211e-05
Completed 68 % :  mod = 1.1621929294973111e-10,  Error =1.0823200192078275e-05
Completed 69 % :  mod = 1.69538309964925e-10,  Error =1.0994669132458057e-05
Completed 70 % :  mod = 4.226362328979503e-10,  Error =1.1112427117154766e-05
Completed 71 % :  mod = 1.9678570423028248e-10,  Error =1.123459645668845e-05
Completed 72 % :  mod = 8.935385121374454e-11,  Error =1.140881101235891e-05
Completed 73 % :  mod = 1.5717824396190033e-10,  Error =1.1592396319315412e-05
Completed 74 % :  mod = 3.3171452441800904e-10,  Error =1.1744464742946548e-05
Completed 75 % :  mod = 2.5553915595926976e-10,  Error =1.1843752147910891e-05
Completed 76 % :  mod = 1.3419252624798921e-10,  Error =1.2005352708399641e-05
Completed 77 % :  mod = 6.601265282990004e-11,  Error =1.2196281204523984e-05
Completed 78 % :  mod = 9.595045965859118e-11,  Error =1.2387537907443402e-05
Completed 79 % :  mod = 3.0436193295450385e-10,  Error =1.2546489195131016e-05
Completed 80 % :  mod = 3.3947648228282264e-10,  Error =1.2654433895420425e-05
Completed 81 % :  mod = 1.2429297966117382e-10,  Error =1.2807836810679873e-05
Completed 82 % :  mod = 9.006728189804218e-11,  Error =1.2993216500944982e-05
Completed 83 % :  mod = 2.3841478610217187e-10,  Error =1.3165969555473112e-05
Completed 84 % :  mod = 3.767943080764205e-10,  Error =1.3289909290392643e-05
Completed 85 % :  mod = 1.4996933944302384e-10,  Error =1.341143783406551e-05
Completed 86 % :  mod = 1.6985119049184833e-10,  Error =1.3581768399717475e-05
Completed 87 % :  mod = 2.8613464908351486e-10,  Error =1.3742248867743001e-05
Completed 88 % :  mod = 3.0686502770329434e-10,  Error =1.385777793672105e-05
Completed 89 % :  mod = 1.45284672928763e-10,  Error =1.399529573120617e-05
Completed 90 % :  mod = 1.5675589205468818e-10,  Error =1.4170765936682983e-05
Completed 91 % :  mod = 2.7102266759776665e-10,  Error =1.4332751462120541e-05
Completed 92 % :  mod = 2.875278570776227e-10,  Error =1.4438523812998483e-05
Completed 93 % :  mod = 1.8370173016041116e-10,  Error =1.4583075504503995e-05
Completed 94 % :  mod = 9.320386234011709e-11,  Error =1.4767528874415348e-05
Completed 95 % :  mod = 1.1465136634292555e-10,  Error =1.4953657945682153e-05
Completed 96 % :  mod = 3.456915771021271e-10,  Error =1.5098603171281866e-05
Completed 97 % :  mod = 2.7637085628510173e-10,  Error =1.5208550955492228e-05
Completed 98 % :  mod = 1.2566070420582813e-10,  Error =1.5373369087967603e-05
Completed 99 % :  mod = 1.0356594361505327e-10,  Error =1.5559928833397407e-05
Completed 100 % :  mod = 2.492262053445775e-10,  Error =1.5726345822031362e-05
Finished 165/201 frames
Finished all frames!
