/opt/local/miniconda_23_9/lib/python3.11/site-packages/conda/base/context.py:201: FutureWarning: Adding 'defaults' to channel list implicitly is deprecated and will be removed in 25.3. 

To remove this warning, please choose a default channel explicitly with conda's regular configuration system, e.g. by adding 'defaults' to the list of channels:

  conda config --add channels defaults

For more information see https://docs.conda.io/projects/conda/en/stable/user-guide/configuration/use-condarc.html

  deprecated.topic(
JOB 13913 ARRAY_ID 42  -> i=42 ; range=[1.9e-10, 5.0e-10] ; intervals=200 (frames=201)
Analytic t0 extension enabled (--extend-time-using-t0).
Density options: centers='2.0e-10,4.0e-10' width='2.0e-11,5.0e-11' strength='7.0'
Completed 0 % :  mod = 1.9689402423456984e-16,  Error =-1.4210854715202004e-14
Completed 1 % :  mod = 2.2003429816297149e-16,  Error =1.8010055669037683e-08
Completed 2 % :  mod = 2.948943054162278e-16,  Error =3.6020978200212994e-08
Completed 3 % :  mod = 4.3907013390549043e-16,  Error =5.40323199516024e-08
Completed 4 % :  mod = 6.864507468411404e-16,  Error =7.204413776662477e-08
Completed 5 % :  mod = 1.0951837138337006e-15,  Error =9.005531609318496e-08
Completed 6 % :  mod = 1.7613429896416392e-15,  Error =1.0806724759504505e-07
Completed 7 % :  mod = 2.841511358691169e-15,  Error =1.260785325030156e-07
Completed 8 % :  mod = 4.589585713388678e-15,  Error =1.440902437366276e-07
Completed 9 % :  mod = 7.416456329477756e-15,  Error =1.6210055520105016e-07
Completed 10 % :  mod = 1.1986587832572127e-14,  Error =1.80110852454618e-07
Completed 11 % :  mod = 1.937420366316707e-14,  Error =1.9812174656408388e-07
Completed 12 % :  mod = 3.1315785506957896e-14,  Error =2.1613254119756675e-07
Completed 13 % :  mod = 5.0618238153774226e-14,  Error =2.3414415295519575e-07
Completed 14 % :  mod = 8.181865913557916e-14,  Error =2.5215492627239655e-07
Completed 15 % :  mod = 1.3225078901116166e-13,  Error =2.7016642434318783e-07
Completed 16 % :  mod = 2.1376879377915864e-13,  Error =2.8817690633786697e-07
Completed 17 % :  mod = 3.4553347155413847e-13,  Error =3.061876867604951e-07
Completed 18 % :  mod = 5.585154170051646e-13,  Error =3.241987514002176e-07
Completed 19 % :  mod = 9.027720511353641e-13,  Error =3.4221014999502586e-07
Completed 20 % :  mod = 1.4592023533906398e-12,  Error =3.602199072361145e-07
Completed 21 % :  mod = 2.3585141967718313e-12,  Error =3.782289041964759e-07
Completed 22 % :  mod = 3.811744058983958e-12,  Error =3.9623621717055357e-07
Completed 23 % :  mod = 6.159002741382015e-12,  Error =4.142382508121045e-07
Completed 24 % :  mod = 9.945799105032822e-12,  Error =4.32224915414281e-07
Completed 25 % :  mod = 1.6036057682705837e-11,  Error =4.501733243955641e-07
Completed 26 % :  mod = 2.5751882896818805e-11,  Error =4.680210778928995e-07
Completed 27 % :  mod = 4.0926839742011847e-11,  Error =4.856183863921615e-07
Completed 28 % :  mod = 6.335221469234686e-11,  Error =5.02620586928515e-07
Completed 28 % :  mod = 9.201184176795319e-11,  Error =5.184116176337739e-07
Completed 30 % :  mod = 1.1659553412550347e-10,  Error =5.324664300587756e-07
Completed 31 % :  mod = 1.1823275263646787e-10,  Error =5.454829192785837e-07
Completed 32 % :  mod = 9.528034335575482e-11,  Error =5.593515481905342e-07
Completed 33 % :  mod = 6.632629264964265e-11,  Error =5.749650640041182e-07
Completed 34 % :  mod = 4.305568078642857e-11,  Error =5.918673124938323e-07
Completed 35 % :  mod = 2.7137762358884002e-11,  Error =6.094189117789028e-07
Completed 36 % :  mod = 1.6913704516880985e-11,  Error =6.272482266922452e-07
Completed 37 % :  mod = 1.0493345181689439e-11,  Error =6.451896794601453e-07
Completed 38 % :  mod = 6.497952166032918e-12,  Error =6.631729831951816e-07
Completed 39 % :  mod = 4.022605265293548e-12,  Error =6.811734394318592e-07
Completed 40 % :  mod = 2.489148140196679e-12,  Error =6.991812213641424e-07
Completed 41 % :  mod = 1.5404722486357997e-12,  Error =7.171898417368539e-07
Completed 42 % :  mod = 9.540917738417806e-13,  Error =7.352000963578575e-07
Completed 43 % :  mod = 5.915851930249986e-13,  Error =7.532102728191603e-07
Completed 44 % :  mod = 3.682881689285969e-13,  Error =7.712207619192668e-07
Completed 45 % :  mod = 2.315628295894843e-13,  Error =7.892315352364676e-07
Completed 46 % :  mod = 1.4919844364033992e-13,  Error =8.072423938187967e-07
Completed 47 % :  mod = 1.019559026189182e-13,  Error =8.25253792413605e-07
Completed 48 % :  mod = 7.866546297672373e-14,  Error =8.432654183820887e-07
Completed 49 % :  mod = 7.384979341057465e-14,  Error =8.612758506387763e-07
Completed 50 % :  mod = 8.641448855402197e-14,  Error =8.792868939622167e-07
Completed 51 % :  mod = 1.192873815644618e-13,  Error =8.97298015445358e-07
Completed 52 % :  mod = 1.8016673535162067e-13,  Error =9.1530873191914e-07
Completed 53 % :  mod = 2.8345896184927774e-13,  Error =9.333202797279228e-07
Completed 54 % :  mod = 4.5333207589885536e-13,  Error =9.513319483289706e-07
Completed 55 % :  mod = 7.296898077190966e-13,  Error =9.693426008539063e-07
Completed 56 % :  mod = 1.177813915727286e-12,  Error =9.873532675896968e-07
Completed 56 % :  mod = 1.9023550595281662e-12,  Error =1.0053629395656571e-06
Completed 57 % :  mod = 3.073911683405311e-12,  Error =1.0233711336127271e-06
Completed 59 % :  mod = 4.967751020594714e-12,  Error =1.0413756541538532e-06
Completed 60 % :  mod = 8.023119258599962e-12,  Error =1.0593707457928758e-06
Completed 61 % :  mod = 1.2948290926757829e-11,  Error =1.0773404213182403e-06
Completed 62 % :  mod = 2.0842003568658704e-11,  Error =1.0952447269119148e-06
Completed 63 % :  mod = 3.331286977216109e-11,  Error =1.1129828081379856e-06
Completed 64 % :  mod = 5.2343322895236214e-11,  Error =1.1303110127869331e-06
Completed 65 % :  mod = 7.874569235317994e-11,  Error =1.1467348883797968e-06
Completed 66 % :  mod = 1.0727331056333651e-10,  Error =1.1615838388934208e-06
Completed 67 % :  mod = 1.2121119088553455e-10,  Error =1.1748619925811e-06
Completed 68 % :  mod = 1.074827277498734e-10,  Error =1.1881330976848403e-06
Completed 69 % :  mod = 7.90011291097142e-11,  Error =1.202967418123535e-06
Completed 70 % :  mod = 5.2538366466820626e-11,  Error =1.2193803016202764e-06
Completed 71 % :  mod = 3.3445586016631135e-11,  Error =1.2367029498250304e-06
Completed 72 % :  mod = 2.092795162623214e-11,  Error =1.2544390060043042e-06
Completed 73 % :  mod = 1.3001022098658803e-11,  Error =1.2723429563266109e-06
Completed 74 % :  mod = 8.056501704517107e-12,  Error =1.2903123973728725e-06
Completed 75 % :  mod = 4.988518397685314e-12,  Error =1.3083075742770234e-06
Completed 76 % :  mod = 3.086684602903525e-12,  Error =1.3263134022167833e-06
Completed 77 % :  mod = 1.910631665457709e-12,  Error =1.3443227118159484e-06
Completed 78 % :  mod = 1.1832044295354056e-12,  Error =1.3623342027813123e-06
Completed 79 % :  mod = 7.335343032382522e-13,  Error =1.380345452162146e-06
Completed 80 % :  mod = 4.566017705169958e-13,  Error =1.3983569076003732e-06
Completed 81 % :  mod = 2.868393770639207e-13,  Error =1.4163684625145834e-06
Completed 82 % :  mod = 1.8449260257225548e-13,  Error =1.4343799819016567e-06
Completed 83 % :  mod = 1.2557655291601642e-13,  Error =1.4523908120622764e-06
Completed 84 % :  mod = 9.612805578564775e-14,  Error =1.4704020543376828e-06
Completed 85 % :  mod = 8.928173690386692e-14,  Error =1.488412678440909e-06
Completed 86 % :  mod = 1.0344907595497981e-13,  Error =1.5064234517581099e-06
Completed 87 % :  mod = 1.4189784256535963e-13,  Error =1.5244349711451832e-06
Completed 88 % :  mod = 2.1369954654153517e-13,  Error =1.5424456805135378e-06
Completed 89 % :  mod = 3.3580779074437795e-13,  Error =1.5604558285531311e-06
Completed 90 % :  mod = 5.367006135371927e-13,  Error =1.578467276885931e-06
Completed 91 % :  mod = 8.638478540269549e-13,  Error =1.5964780502031317e-06
Completed 92 % :  mod = 1.394179825099216e-12,  Error =1.614488397194691e-06
Completed 93 % :  mod = 2.2515157707589275e-12,  Error =1.6324980478543694e-06
Completed 94 % :  mod = 3.638551131164786e-12,  Error =1.6505074000860986e-06
Completed 95 % :  mod = 5.8789033705671725e-12,  Error =1.6685096753121798e-06
Completed 96 % :  mod = 9.492281318720861e-12,  Error =1.6864983507502984e-06
Completed 97 % :  mod = 1.5311326340734176e-11,  Error =1.7044523445974846e-06
Completed 98 % :  mod = 2.459961182898662e-11,  Error =1.7223150550194077e-06
Completed 99 % :  mod = 3.91507922173231e-11,  Error =1.7399468958956277e-06
Completed 100 % :  mod = 6.084232961178605e-11,  Error =1.757030084093003e-06
Finished 43/201 frames
Finished all frames!
