/opt/local/miniconda_23_9/lib/python3.11/site-packages/conda/base/context.py:201: FutureWarning: Adding 'defaults' to channel list implicitly is deprecated and will be removed in 25.3. 

To remove this warning, please choose a default channel explicitly with conda's regular configuration system, e.g. by adding 'defaults' to the list of channels:

  conda config --add channels defaults

For more information see https://docs.conda.io/projects/conda/en/stable/user-guide/configuration/use-condarc.html

  deprecated.topic(
JOB 13879 ARRAY_ID 8  -> i=8 ; range=[1.9e-10, 5.0e-10] ; intervals=200 (frames=201)
Analytic t0 extension enabled (--extend-time-using-t0).
Density options: centers='2.0e-10,4.0e-10' width='2.0e-11,5.0e-11' strength='7.0'
Completed 0 % :  mod = 1.5788619457920481e-16,  Error =-1.4210854715202004e-14
Completed 1 % :  mod = 1.5684441529501228e-16,  Error =7.447383154612908e-09
Completed 2 % :  mod = 1.5373282601139592e-16,  Error =1.4893721811404248e-08
Completed 3 % :  mod = 1.4859249335063686e-16,  Error =2.2340721272939845e-08
Completed 4 % :  mod = 1.4149124726033778e-16,  Error =2.9788090216698038e-08
Completed 5 % :  mod = 1.3252279691244449e-16,  Error =3.72347770394299e-08
Completed 6 % :  mod = 1.2180550420119267e-16,  Error =4.468194703122208e-08
Completed 7 % :  mod = 1.0948079426386203e-16,  Error =5.212918097186048e-08
Completed 8 % :  mod = 9.571131262576917e-17,  Error =5.957661386446489e-08
Completed 9 % :  mod = 8.067876677585664e-17,  Error =6.702319410578639e-08
Completed 10 % :  mod = 6.458153639020452e-17,  Error =7.447031435958706e-08
Completed 11 % :  mod = 4.7632057063150496e-17,  Error =8.191702960402836e-08
Completed 12 % :  mod = 3.005399574399191e-17,  Error =8.936470408116293e-08
Completed 13 % :  mod = 1.2079318381714287e-17,  Error =9.681206591949376e-08
Completed 14 % :  mod = 6.054757253288979e-18,  Error =1.0425912222444822e-07
Completed 15 % :  mod = 2.410893060154086e-17,  Error =1.1170630642709511e-07
Completed 16 % :  mod = 4.1844957775098083e-17,  Error =1.1915311404209206e-07
Completed 17 % :  mod = 5.902876966656893e-17,  Error =1.2659996428965314e-07
Completed 18 % :  mod = 7.543360220734628e-17,  Error =1.3404752507995e-07
Completed 19 % :  mod = 9.084297375252373e-17,  Error =1.4149441085464787e-07
Completed 20 % :  mod = 1.0505352742857669e-16,  Error =1.4894123978592688e-07
Completed 21 % :  mod = 1.178777337392187e-16,  Error =1.5638794081951346e-07
Completed 22 % :  mod = 1.291463516862178e-16,  Error =1.6383492607019434e-07
Completed 23 % :  mod = 1.3871068443922808e-16,  Error =1.7128270712873928e-07
Completed 24 % :  mod = 1.4644451436973647e-16,  Error =1.7872947921659943e-07
Completed 25 % :  mod = 1.522457692513103e-16,  Error =1.861763152533058e-07
Completed 26 % :  mod = 1.5603790313423238e-16,  Error =1.936230447086018e-07
Completed 27 % :  mod = 1.577708847746343e-16,  Error =2.0106972442590632e-07
Completed 28 % :  mod = 1.5742182153547335e-16,  Error =2.0851604887184294e-07
Completed 28 % :  mod = 1.5499532680982087e-16,  Error =2.1596314780936154e-07
Completed 30 % :  mod = 1.5052343363218708e-16,  Error =2.2341006200576885e-07
Completed 31 % :  mod = 1.440651433480993e-16,  Error =2.3085704725644973e-07
Completed 32 % :  mod = 1.3570567768773191e-16,  Error =2.383048567367041e-07
Completed 33 % :  mod = 1.2555536310605507e-16,  Error =2.457528580634971e-07
Completed 34 % :  mod = 1.137481564367905e-16,  Error =2.532010299205467e-07
Completed 35 % :  mod = 1.0043985900946891e-16,  Error =2.606479299060993e-07
Completed 36 % :  mod = 8.580609264186877e-17,  Error =2.680940269783605e-07
Completed 37 % :  mod = 7.003999418425141e-17,  Error =2.7554101933446873e-07
Completed 38 % :  mod = 5.33496129506601e-17,  Error =2.8298794774173075e-07
Completed 39 % :  mod = 3.59551830391513e-17,  Error =2.90435814065404e-07
Completed 40 % :  mod = 1.80862712130426e-17,  Error =2.9788316879830745e-07
Completed 41 % :  mod = 2.130925825391997e-20,  Error =3.053292374488592e-07
Completed 42 % :  mod = 1.8128617070141028e-17,  Error =3.1277554057851376e-07
Completed 43 % :  mod = 3.5996695977071675e-17,  Error =3.2022165186162965e-07
Completed 44 % :  mod = 5.3389730331489524e-17,  Error =3.276684736874813e-07
Completed 45 % :  mod = 7.007819824462521e-17,  Error =3.3511616948089795e-07
Completed 46 % :  mod = 8.584188521226303e-17,  Error =3.425625934028176e-07
Completed 47 % :  mod = 1.0047275350088831e-16,  Error =3.500099055031569e-07
Completed 48 % :  mod = 1.1377771139328186e-16,  Error =3.5745730286862454e-07
Completed 49 % :  mod = 1.255811990585124e-16,  Error =3.649049986620412e-07
Completed 50 % :  mod = 1.3572746024839258e-16,  Error =3.723521828646881e-07
Completed 51 % :  mod = 1.4408257488703916e-16,  Error =3.797995447030189e-07
Completed 52 % :  mod = 1.5053628812230373e-16,  Error =3.872453717690405e-07
Completed 53 % :  mod = 1.5500344982683372e-16,  Error =3.9469286861049113e-07
Completed 54 % :  mod = 1.5742509861826513e-16,  Error =4.0214028018681347e-07
Completed 55 % :  mod = 1.5776926494819978e-16,  Error =4.0958801861279426e-07
Completed 56 % :  mod = 1.5603141840012149e-16,  Error =4.17034762278945e-07
Completed 56 % :  mod = 1.5223449596863332e-16,  Error =4.2448109383030896e-07
Completed 57 % :  mod = 1.4642860086231702e-16,  Error =4.319279724995795e-07
Completed 59 % :  mod = 1.3869034262039933e-16,  Error =4.39375824612398e-07
Completed 60 % :  mod = 1.2912184899381154e-16,  Error =4.4682115429850455e-07
Completed 61 % :  mod = 1.178494062153588e-16,  Error =4.542689993058957e-07
Completed 62 % :  mod = 1.0502174223805751e-16,  Error =4.617168016807227e-07
Completed 63 % :  mod = 9.080814955213283e-17,  Error =4.6916516538431097e-07
Completed 64 % :  mod = 7.539621390215282e-17,  Error =4.766112908782816e-07
Completed 65 % :  mod = 5.898929800360518e-17,  Error =4.840583116560992e-07
Completed 66 % :  mod = 4.180392093131902e-17,  Error =4.915043092523774e-07
Completed 67 % :  mod = 2.4066879996222327e-17,  Error =4.989518131992554e-07
Completed 68 % :  mod = 6.012239756213447e-18,  Error =5.063980239583543e-07
Completed 69 % :  mod = 1.212174483722365e-17,  Error =5.138444265639919e-07
Completed 70 % :  mod = 3.0095765211299755e-17,  Error =5.212914828689463e-07
Completed 71 % :  mod = 4.767262225888404e-17,  Error =5.28738006266849e-07
Completed 72 % :  mod = 6.462035690692982e-17,  Error =5.361852473129147e-07
Completed 73 % :  mod = 8.07153320363406e-17,  Error =5.436329786334682e-07
Completed 74 % :  mod = 9.574514364073834e-17,  Error =5.510812712827828e-07
Completed 75 % :  mod = 1.0951143587718435e-16,  Error =5.585276596775657e-07
Completed 76 % :  mod = 1.218325633469808e-16,  Error =5.659744815034173e-07
Completed 77 % :  mod = 1.3254592705372058e-16,  Error =5.734212606967048e-07
Completed 78 % :  mod = 1.4151012352191624e-16,  Error =5.80868807276147e-07
Completed 79 % :  mod = 1.4860688282947647e-16,  Error =5.883165812292646e-07
Completed 80 % :  mod = 1.5374254559038857e-16,  Error =5.957627706720814e-07
Completed 81 % :  mod = 1.568493231643817e-16,  Error =6.032092443319925e-07
Completed 82 % :  mod = 1.5788623092345298e-16,  Error =6.106560590524168e-07
Completed 83 % :  mod = 1.5683958585270468e-16,  Error =6.181026677154478e-07
Completed 84 % :  mod = 1.5372319225239182e-16,  Error =6.255501290297616e-07
Completed 85 % :  mod = 1.4857818586607547e-16,  Error =6.329971000695878e-07
Completed 86 % :  mod = 1.4147244937412235e-16,  Error =6.404444974350554e-07
Completed 87 % :  mod = 1.3249976830758859e-16,  Error =6.478916745322749e-07
Completed 88 % :  mod = 1.2177855874103996e-16,  Error =6.553389511054775e-07
Completed 89 % :  mod = 1.0945027042037942e-16,  Error =6.627857089824829e-07
Completed 90 % :  mod = 9.567762254169686e-17,  Error =6.702329642394034e-07
Completed 91 % :  mod = 8.064237589538556e-17,  Error =6.776807524033757e-07
Completed 92 % :  mod = 6.454289992116551e-17,  Error =6.851284268805102e-07
Completed 93 % :  mod = 4.759168061969298e-17,  Error =6.92575369498627e-07
Completed 94 % :  mod = 3.0012432865042055e-17,  Error =7.00022773969522e-07
Completed 95 % :  mod = 1.203710570069448e-17,  Error =7.074707895071697e-07
Completed 96 % :  mod = 6.0970658872598414e-18,  Error =7.149175900167393e-07
Completed 97 % :  mod = 2.4150763244767987e-17,  Error =7.223648239573777e-07
Completed 98 % :  mod = 4.188576388718503e-17,  Error =7.298130810795556e-07
Completed 99 % :  mod = 5.906800594494961e-17,  Error =7.372604642341685e-07
Completed 100 % :  mod = 7.547075936725731e-17,  Error =7.447079539701917e-07
Finished 9/201 frames
Finished all frames!
