/opt/local/miniconda_23_9/lib/python3.11/site-packages/conda/base/context.py:201: FutureWarning: Adding 'defaults' to channel list implicitly is deprecated and will be removed in 25.3. 

To remove this warning, please choose a default channel explicitly with conda's regular configuration system, e.g. by adding 'defaults' to the list of channels:

  conda config --add channels defaults

For more information see https://docs.conda.io/projects/conda/en/stable/user-guide/configuration/use-condarc.html

  deprecated.topic(
JOB 13565 ARRAY_ID 8  -> i=8 ; range=[2.0e-10, 2.09e-10] ; intervals=40 (frames=41)
Completed 0 % :  mod = 1.6140487816465094e-16,  Error =-1.4210854715202004e-14
Completed 1 % :  mod = 1.6211401917321446e-16,  Error =8.133618223382655e-09
Completed 2 % :  mod = 1.6424766812888177e-16,  Error =1.6267399871594534e-08
Completed 3 % :  mod = 1.6782457980107886e-16,  Error =2.440092572442154e-08
Completed 4 % :  mod = 1.7287618136621603e-16,  Error =3.253363445310242e-08
Completed 5 % :  mod = 1.7944686000804713e-16,  Error =4.066729530904922e-08
Completed 6 % :  mod = 1.875943571209302e-16,  Error =4.8800657737047004e-08
Completed 7 % :  mod = 1.9739026342912293e-16,  Error =5.6934290171284374e-08
Completed 8 % :  mod = 2.0892065245203541e-16,  Error =6.506745364731614e-08
Completed 9 % :  mod = 2.2228685138486236e-16,  Error =7.320078054817714e-08
Completed 10 % :  mod = 2.3760630565741952e-16,  Error =8.133461903980788e-08
Completed 11 % :  mod = 2.550136291433289e-16,  Error =8.946878438109707e-08
Completed 12 % :  mod = 2.746617821169099e-16,  Error =9.76023386556335e-08
Completed 13 % :  mod = 2.9672341325032544e-16,  Error =1.0573596398444352e-07
Completed 14 % :  mod = 3.2139237986815043e-16,  Error =1.1386902798449228e-07
Completed 15 % :  mod = 3.4888545529985477e-16,  Error =1.2200209198454104e-07
Completed 16 % :  mod = 3.794442201765752e-16,  Error =1.301356746807869e-07
Completed 17 % :  mod = 4.1333719278308416e-16,  Error =1.382685823614338e-07
Completed 18 % :  mod = 4.508622039450271e-16,  Error =1.4640176715374764e-07
Completed 19 % :  mod = 4.92348985121963e-16,  Error =1.545350656328992e-07
Completed 20 % :  mod = 5.381620834952404e-16,  Error =1.626690959710686e-07
Completed 21 % :  mod = 5.887040684302444e-16,  Error =1.7080224523624565e-07
Completed 22 % :  mod = 6.44419043633579e-16,  Error =1.789359131976198e-07
Completed 23 % :  mod = 7.057966011280935e-16,  Error =1.870698440598062e-07
Completed 24 % :  mod = 7.733760632418593e-16,  Error =1.9520319938237662e-07
Completed 25 % :  mod = 8.477512411197393e-16,  Error =2.0333670391892156e-07
Completed 26 % :  mod = 9.295757046910714e-16,  Error =2.1147066320281738e-07
Completed 27 % :  mod = 1.0195684424979127e-15,  Error =2.1960387641684065e-07
Completed 28 % :  mod = 1.1185202176474691e-15,  Error =2.277384680837713e-07
Completed 28 % :  mod = 1.2273005513878145e-15,  Error =2.3587223552112846e-07
Completed 30 % :  mod = 1.3468652950158204e-15,  Error =2.440057187413913e-07
Completed 31 % :  mod = 1.4782650690839577e-15,  Error =2.5213905274767967e-07
Completed 32 % :  mod = 1.6226545124686176e-15,  Error =2.6027282018503684e-07
Completed 33 % :  mod = 1.7813023707165606e-15,  Error =2.684062039293167e-07
Completed 34 % :  mod = 1.9556027081679273e-15,  Error =2.765401987403493e-07
Completed 35 % :  mod = 2.1470871328585113e-15,  Error =2.8467359669548387e-07
Completed 36 % :  mod = 2.3574382067718497e-15,  Error =2.928069378071996e-07
Completed 37 % :  mod = 2.5885043366412127e-15,  Error =3.009400586506672e-07
Completed 38 % :  mod = 2.842315920515161e-15,  Error =3.0907317238870746e-07
Completed 39 % :  mod = 3.121103197281188e-15,  Error =3.172063571810213e-07
Completed 40 % :  mod = 3.4273159311344575e-15,  Error =3.253393359159418e-07
Completed 41 % :  mod = 3.763644836899835e-15,  Error =3.334736433657781e-07
Completed 42 % :  mod = 4.133045249184731e-15,  Error =3.416072402728787e-07
Completed 43 % :  mod = 4.538763148789896e-15,  Error =3.4974114271335566e-07
Completed 44 % :  mod = 4.98436361518925e-15,  Error =3.578746259336185e-07
Completed 45 % :  mod = 5.473762178949845e-15,  Error =3.660079670453342e-07
Completed 46 % :  mod = 6.011259240665456e-15,  Error =3.7414070419572454e-07
Completed 47 % :  mod = 6.60157783185494e-15,  Error =3.8227335608098656e-07
Completed 48 % :  mod = 7.249905152146888e-15,  Error =3.904059724391118e-07
Completed 49 % :  mod = 7.961938115808709e-15,  Error =3.9853952671364823e-07
Completed 50 % :  mod = 8.743933406978732e-15,  Error =4.066730099339111e-07
Completed 51 % :  mod = 9.602762512819541e-15,  Error =4.1480687684725126e-07
Completed 52 % :  mod = 1.054597205248839e-14,  Error =4.2294038848922355e-07
Completed 53 % :  mod = 1.1581850059791764e-14,  Error =4.31074241191709e-07
Completed 54 % :  mod = 1.2719498916785667e-14,  Error =4.3920836390043405e-07
Completed 55 % :  mod = 1.3968915260094877e-14,  Error =4.473423516060393e-07
Completed 56 % :  mod = 1.534107777806996e-14,  Error =4.5547600535655874e-07
Completed 56 % :  mod = 1.6848043796014502e-14,  Error =4.6360897698605186e-07
Completed 57 % :  mod = 1.850305515794016e-14,  Error =4.7174216888379306e-07
Completed 59 % :  mod = 2.0320654538242046e-14,  Error =4.798754602575173e-07
Completed 60 % :  mod = 2.2316813313791866e-14,  Error =4.880092419057291e-07
Completed 61 % :  mod = 2.4509071845549697e-14,  Error =4.961429453942401e-07
Completed 62 % :  mod = 2.6916693612607603e-14,  Error =5.042768975727085e-07
Completed 63 % :  mod = 2.956083448508601e-14,  Error =5.124101249975865e-07
Completed 64 % :  mod = 3.246472855610029e-14,  Error =5.20543800064388e-07
Completed 65 % :  mod = 3.565389237472194e-14,  Error =5.286785409452932e-07
Completed 66 % :  mod = 3.9156349100395767e-14,  Error =5.368123510152145e-07
Completed 67 % :  mod = 4.3002874625568055e-14,  Error =5.449444628879974e-07
Completed 68 % :  mod = 4.7227268110120695e-14,  Error =5.530778679485593e-07
Completed 69 % :  mod = 5.1866648890717623e-14,  Error =5.61211983551857e-07
Completed 70 % :  mod = 5.696178245329718e-14,  Error =5.69345210976735e-07
Completed 71 % :  mod = 6.255743869187136e-14,  Error =5.774788434109723e-07
Completed 72 % :  mod = 6.870278517640028e-14,  Error =5.856123053149531e-07
Completed 73 % :  mod = 7.545181891150024e-14,  Error =5.937451561521812e-07
Completed 74 % :  mod = 8.286384069738316e-14,  Error =6.018790870143675e-07
Completed 75 % :  mod = 9.100397589588688e-14,  Error =6.100123073338182e-07
Completed 76 % :  mod = 9.99437462816291e-14,  Error =6.181459184517735e-07
Completed 77 % :  mod = 1.0976169803194497e-13,  Error =6.262802756396013e-07
Completed 78 % :  mod = 1.2054409118404732e-13,  Error =6.344139578118302e-07
Completed 79 % :  mod = 1.3238565677179438e-13,  Error =6.425475476135034e-07
Completed 80 % :  mod = 1.4539042804857889e-13,  Error =6.50680945568638e-07
Completed 81 % :  mod = 1.5967265295589698e-13,  Error =6.588148551145423e-07
Completed 82 % :  mod = 1.7535779602503053e-13,  Error =6.669480043797194e-07
Completed 83 % :  mod = 1.9258363812928457e-13,  Error =6.750817362899397e-07
Completed 84 % :  mod = 2.1150148333315976e-13,  Error =6.832148642388347e-07
Completed 85 % :  mod = 2.322774836414388e-13,  Error =6.913490082638418e-07
Completed 86 % :  mod = 2.5509409261897957e-13,  Error =6.994823422701302e-07
Completed 87 % :  mod = 2.80151659944921e-13,  Error =7.076162944485986e-07
Completed 88 % :  mod = 3.076701806299142e-13,  Error =7.157485413245013e-07
Completed 89 % :  mod = 3.378912132051563e-13,  Error =7.238824721866877e-07
Completed 90 % :  mod = 3.7107998240749453e-13,  Error =7.320160477775062e-07
Completed 91 % :  mod = 4.0752768344187924e-13,  Error =7.401497370551624e-07
Completed 92 % :  mod = 4.475540059223603e-13,  Error =7.482833552785451e-07
Completed 93 % :  mod = 4.915098968853925e-13,  Error =7.564171227159022e-07
Completed 94 % :  mod = 5.397805835420412e-13,  Error =7.645506627795839e-07
Completed 95 % :  mod = 5.927888773308428e-13,  Error =7.726835278276667e-07
Completed 96 % :  mod = 6.509987821083811e-13,  Error =7.808165847222881e-07
Completed 97 % :  mod = 7.149194296280388e-13,  Error =7.889498263580208e-07
Completed 98 % :  mod = 7.851093654055286e-13,  Error =7.970836719550789e-07
Completed 99 % :  mod = 8.621812080863526e-13,  Error =8.052170556993588e-07
Completed 100 % :  mod = 9.468067035834003e-13,  Error =8.133504181273565e-07
Finished 9/41 frames
Finished all frames!
