/opt/local/miniconda_23_9/lib/python3.11/site-packages/conda/base/context.py:201: FutureWarning: Adding 'defaults' to channel list implicitly is deprecated and will be removed in 25.3. 

To remove this warning, please choose a default channel explicitly with conda's regular configuration system, e.g. by adding 'defaults' to the list of channels:

  conda config --add channels defaults

For more information see https://docs.conda.io/projects/conda/en/stable/user-guide/configuration/use-condarc.html

  deprecated.topic(
JOB 13488 ARRAY_ID 134  -> i=134 ; range=[1.9e-10, 6.0e-10] ; intervals=200 (frames=201)
Density options: centers='2.0e-10,4.0e-10' width='5e-11,5e-11' strength=''
Completed 0 % :  mod = 3.2686231060559464e-16,  Error =-1.4210854715202004e-14
Completed 1 % :  mod = 5.126404177946639e-16,  Error =1.3679480304062963e-07
Completed 2 % :  mod = 1.281155432157715e-15,  Error =2.7359025978057616e-07
Completed 3 % :  mod = 3.5060061915966957e-15,  Error =4.103847075498379e-07
Completed 4 % :  mod = 9.716261079397215e-15,  Error =5.471793969036298e-07
Completed 5 % :  mod = 2.6971341623668827e-14,  Error =6.839742070496868e-07
Completed 6 % :  mod = 7.488572229134685e-14,  Error =8.207700616935654e-07
Completed 7 % :  mod = 2.0792540646218342e-13,  Error =9.57565760018042e-07
Completed 8 % :  mod = 5.773212431442715e-13,  Error =1.0943604138446972e-06
Completed 9 % :  mod = 1.602975031681009e-12,  Error =1.231154229230924e-06
Completed 10 % :  mod = 4.4507025884740976e-12,  Error =1.3679399728516728e-06
Completed 11 % :  mod = 1.2355862620249697e-11,  Error =1.5046658319306516e-06
Completed 12 % :  mod = 3.426678745864938e-11,  Error =1.640934044644382e-06
Completed 13 % :  mod = 9.425861254054086e-11,  Error =1.7738063888828037e-06
Completed 14 % :  mod = 2.4025322741290267e-10,  Error =1.8865659257016887e-06
Completed 15 % :  mod = 3.132384946709838e-10,  Error =1.9586257025139275e-06
Completed 16 % :  mod = 1.208911075106943e-10,  Error =2.058148410810645e-06
Completed 17 % :  mod = 5.417270817100679e-11,  Error =2.1871524182870417e-06
Completed 18 % :  mod = 4.447223966802192e-11,  Error =2.32184794413115e-06
Completed 19 % :  mod = 7.251946579568051e-11,  Error =2.4556709519174547e-06
Completed 20 % :  mod = 1.6858406162461482e-10,  Error =2.578189288726662e-06
Completed 21 % :  mod = 3.5409895477484076e-10,  Error =2.6614192520924007e-06
Completed 22 % :  mod = 1.6475579759300798e-10,  Error =2.742940552025175e-06
Completed 23 % :  mod = 8.014085650271046e-11,  Error =2.8647778549384384e-06
Completed 24 % :  mod = 5.524955725088022e-11,  Error =2.9978157272125827e-06
Completed 25 % :  mod = 7.513231536223304e-11,  Error =3.1307726544582692e-06
Completed 26 % :  mod = 1.8393507513831211e-10,  Error =3.2512543555185403e-06
Completed 27 % :  mod = 3.541537588242445e-10,  Error =3.3335818514501625e-06
Completed 28 % :  mod = 1.5409844989932595e-10,  Error =3.416112384968528e-06
Completed 28 % :  mod = 9.141138329317677e-11,  Error =3.537119098950825e-06
Completed 30 % :  mod = 9.559543320736984e-11,  Error =3.667186859956928e-06
Completed 31 % :  mod = 1.4827084949935577e-10,  Error =3.7905964092033173e-06
Completed 32 % :  mod = 3.117243416652729e-10,  Error =3.877841749044819e-06
Completed 33 % :  mod = 2.220216435203384e-10,  Error =3.958943402437853e-06
Completed 34 % :  mod = 7.969834097548096e-11,  Error =4.077525346701805e-06
Completed 35 % :  mod = 4.8702452754362447e-11,  Error =4.209855042347499e-06
Completed 36 % :  mod = 9.394054008811574e-11,  Error =4.3420909960900644e-06
Completed 37 % :  mod = 2.0008562430635284e-10,  Error =4.4613819270011845e-06
Completed 38 % :  mod = 3.1137297038384037e-10,  Error =4.5390259870714544e-06
Completed 39 % :  mod = 1.6426797185623336e-10,  Error =4.628916855153875e-06
Completed 40 % :  mod = 5.974553826544724e-11,  Error =4.754875980950146e-06
Completed 41 % :  mod = 2.593695915948453e-11,  Error =4.8897283733140284e-06
Completed 42 % :  mod = 3.4338762442336025e-11,  Error =5.025683265102998e-06
Completed 43 % :  mod = 7.357788804922582e-11,  Error =5.160115073010729e-06
Completed 44 % :  mod = 1.6424987530706111e-10,  Error =5.283625142737947e-06
Completed 45 % :  mod = 3.4418126807947885e-10,  Error =5.366728203171078e-06
Completed 46 % :  mod = 1.6899395952424553e-10,  Error =5.4493665402333136e-06
Completed 47 % :  mod = 7.069866591106544e-11,  Error =5.572585003221775e-06
Completed 48 % :  mod = 3.2175586691450003e-11,  Error =5.707141845334718e-06
Completed 49 % :  mod = 1.9576859716555004e-11,  Error =5.843377181236065e-06
Completed 50 % :  mod = 3.3861444010965216e-11,  Error =5.979389968047144e-06
Completed 51 % :  mod = 9.750176269167808e-11,  Error =6.112157386439776e-06
Completed 52 % :  mod = 2.2962990909349719e-10,  Error =6.225602867004909e-06
Completed 53 % :  mod = 3.2083338180777353e-10,  Error =6.297721455439387e-06
Completed 54 % :  mod = 1.2940211000309415e-10,  Error =6.3956568538969805e-06
Completed 55 % :  mod = 5.6330287002575807e-11,  Error =6.523533336633136e-06
Completed 56 % :  mod = 5.953821984799451e-11,  Error =6.6571841514928565e-06
Completed 56 % :  mod = 1.1536018861898952e-10,  Error =6.787668077379294e-06
Completed 57 % :  mod = 2.359132054328246e-10,  Error =6.8958551651121525e-06
Completed 59 % :  mod = 3.1545379588617227e-10,  Error =6.967759809128893e-06
Completed 60 % :  mod = 1.268923133821239e-10,  Error =7.068946835886436e-06
Completed 61 % :  mod = 7.269062931097571e-11,  Error =7.1946019417623575e-06
Completed 62 % :  mod = 1.4349212306352804e-10,  Error =7.320927828402546e-06
Completed 63 % :  mod = 2.7379003165686724e-10,  Error =7.426281207756347e-06
Completed 64 % :  mod = 2.508720172861824e-10,  Error =7.4958549447501355e-06
Completed 65 % :  mod = 1.391628727546283e-10,  Error =7.60055047521746e-06
Completed 66 % :  mod = 5.695690733487087e-11,  Error =7.729335216311028e-06
Completed 67 % :  mod = 6.42777811907925e-11,  Error =7.861909871564876e-06
Completed 68 % :  mod = 1.724857868212584e-10,  Error =7.98643916510855e-06
Completed 69 % :  mod = 3.193756686392206e-10,  Error =8.078759428542526e-06
Completed 70 % :  mod = 1.9523149569742647e-10,  Error =8.152263433203188e-06
Completed 71 % :  mod = 1.1367481822179655e-10,  Error =8.26770152428935e-06
Completed 72 % :  mod = 7.927292460418702e-11,  Error =8.396930411436188e-06
Completed 73 % :  mod = 1.253568276745727e-10,  Error =8.52263588058122e-06
Completed 74 % :  mod = 3.1499107442527687e-10,  Error =8.617856913417654e-06
Completed 75 % :  mod = 2.5057934066026935e-10,  Error =8.694376830931105e-06
Completed 76 % :  mod = 9.19290466951829e-11,  Error =8.806822364704203e-06
Completed 77 % :  mod = 5.238829952918817e-11,  Error =8.93799266066253e-06
Completed 78 % :  mod = 8.758847600712552e-11,  Error =9.070357101848003e-06
Completed 79 % :  mod = 1.762744608407876e-10,  Error =9.191886498172153e-06
Completed 80 % :  mod = 3.2373460391772766e-10,  Error =9.272534192916737e-06
Completed 81 % :  mod = 1.8553979036125858e-10,  Error =9.358010657933846e-06
Completed 82 % :  mod = 6.371541156539194e-11,  Error =9.481623251872406e-06
Completed 83 % :  mod = 2.726999902800741e-11,  Error =9.616147842450573e-06
Completed 84 % :  mod = 3.220514470599852e-11,  Error =9.752132328344487e-06
Completed 85 % :  mod = 6.468984225779312e-11,  Error =9.887147768949944e-06
Completed 86 % :  mod = 1.4215310834328883e-10,  Error =1.0013980606515815e-05
Completed 87 % :  mod = 3.309615231922762e-10,  Error =1.010597311079664e-05
Completed 88 % :  mod = 1.9937003590230945e-10,  Error =1.0181037083611955e-05
Completed 89 % :  mod = 8.669467797410037e-11,  Error =1.0299093709420504e-05
Completed 90 % :  mod = 4.842645249804059e-11,  Error =1.0432046678943152e-05
Completed 91 % :  mod = 4.636268047679619e-11,  Error =1.0567070788169985e-05
Completed 92 % :  mod = 9.926757825583052e-11,  Error =1.0698709161260922e-05
Completed 93 % :  mod = 2.4619232679489804e-10,  Error =1.0810299009733626e-05
Completed 94 % :  mod = 2.938400171801551e-10,  Error =1.088064219345597e-05
Completed 95 % :  mod = 1.2973418923473e-10,  Error =1.0981672531329423e-05
Completed 96 % :  mod = 5.6320471043630714e-11,  Error =1.1110982740092368e-05
Completed 97 % :  mod = 3.0218096280935726e-11,  Error =1.1246109686169348e-05
Completed 98 % :  mod = 4.713846325232018e-11,  Error =1.1381236554086627e-05
Completed 99 % :  mod = 1.2444539772210476e-10,  Error =1.1510788731072807e-05
Completed 100 % :  mod = 2.9611532571980385e-10,  Error =1.1610985140464436e-05
Finished 135/201 frames
Finished all frames!
