/opt/local/miniconda_23_9/lib/python3.11/site-packages/conda/base/context.py:201: FutureWarning: Adding 'defaults' to channel list implicitly is deprecated and will be removed in 25.3. 

To remove this warning, please choose a default channel explicitly with conda's regular configuration system, e.g. by adding 'defaults' to the list of channels:

  conda config --add channels defaults

For more information see https://docs.conda.io/projects/conda/en/stable/user-guide/configuration/use-condarc.html

  deprecated.topic(
JOB 13946 ARRAY_ID 75  -> i=75 ; range=[1.9e-10, 5.0e-10] ; intervals=200 (frames=201)
Analytic t0 extension enabled (--extend-time-using-t0).
Density options: centers='2.0e-10,4.0e-10' width='2.0e-11,5.0e-11' strength='7.0'
Completed 0 % :  mod = 2.779359747913304e-16,  Error =-1.4210854715202004e-14
Completed 1 % :  mod = 3.8681800707926676e-16,  Error =7.151434999741468e-08
Completed 2 % :  mod = 7.987736646718523e-16,  Error =1.4302815287692283e-07
Completed 3 % :  mod = 1.8365720240864417e-15,  Error =2.1454118837027636e-07
Completed 4 % :  mod = 4.313332712103239e-15,  Error =2.860555312622637e-07
Completed 5 % :  mod = 1.016960872828332e-14,  Error =3.5756880123472e-07
Completed 6 % :  mod = 2.3993818317981262e-14,  Error =4.290825827979461e-07
Completed 7 % :  mod = 5.661729077073865e-14,  Error =5.005953411796327e-07
Completed 8 % :  mod = 1.3360065707855904e-13,  Error =5.721101459243982e-07
Completed 9 % :  mod = 3.1526066404522427e-13,  Error =6.436238848550602e-07
Completed 10 % :  mod = 7.439279034296439e-13,  Error =7.151375100988844e-07
Completed 11 % :  mod = 1.7554541246549567e-12,  Error =7.866497213626644e-07
Completed 12 % :  mod = 4.142230842213437e-12,  Error =8.581571648846875e-07
Completed 13 % :  mod = 9.772418860638823e-12,  Error =9.296360019561689e-07
Completed 14 % :  mod = 2.303246698375198e-11,  Error =1.000955954566507e-06
Completed 15 % :  mod = 5.398531793949896e-11,  Error =1.0714123064303749e-06
Completed 16 % :  mod = 1.2260597815156146e-10,  Error =1.1375218349485294e-06
Completed 17 % :  mod = 2.3197746272868605e-10,  Error =1.1887788673448085e-06
Completed 18 % :  mod = 2.1182355039309493e-10,  Error =1.2279230645617645e-06
Completed 19 % :  mod = 1.0355691371035595e-10,  Error =1.2835697376090138e-06
Completed 20 % :  mod = 4.4826825926619675e-11,  Error =1.3511692031897837e-06
Completed 21 % :  mod = 2.2587689650581817e-11,  Error =1.421874273432877e-06
Completed 22 % :  mod = 1.4927738365815294e-11,  Error =1.4931537108964221e-06
Completed 23 % :  mod = 1.8909321445033824e-11,  Error =1.56446694177248e-06
Completed 24 % :  mod = 3.988434333242693e-11,  Error =1.6353738345742386e-06
Completed 25 % :  mod = 8.811196481964907e-11,  Error =1.704077646991209e-06
Completed 26 % :  mod = 1.8070625566556798e-10,  Error =1.763218939743183e-06
Completed 27 % :  mod = 2.5655220413631674e-10,  Error =1.8042595755218827e-06
Completed 28 % :  mod = 1.3889061076558053e-10,  Error =1.8510717438857682e-06
Completed 28 % :  mod = 6.778655361918915e-11,  Error =1.914917618250911e-06
Completed 30 % :  mod = 3.469657649275995e-11,  Error =1.9846669658818428e-06
Completed 31 % :  mod = 2.4259709312402525e-11,  Error =2.0555918993636624e-06
Completed 32 % :  mod = 3.5478229672624495e-11,  Error =2.126463286344915e-06
Completed 33 % :  mod = 7.762972802135327e-11,  Error =2.1958411764444463e-06
Completed 34 % :  mod = 1.5197124338700577e-10,  Error =2.2583226311212456e-06
Completed 35 % :  mod = 2.543430524294488e-10,  Error =2.302577520651994e-06
Completed 36 % :  mod = 1.716102157756233e-10,  Error =2.3456696069956706e-06
Completed 37 % :  mod = 7.680335218727856e-11,  Error =2.4067681749784242e-06
Completed 38 % :  mod = 3.4856936354167575e-11,  Error =2.476044222987639e-06
Completed 39 % :  mod = 1.622426455783603e-11,  Error =2.5471050051351085e-06
Completed 40 % :  mod = 1.0464891187106285e-11,  Error =2.618494988837483e-06
Completed 41 % :  mod = 1.3230030614864643e-11,  Error =2.6899130034507834e-06
Completed 42 % :  mod = 2.6296741652442535e-11,  Error =2.7611567006147197e-06
Completed 43 % :  mod = 5.7606569589083755e-11,  Error =2.831398944636021e-06
Completed 44 % :  mod = 1.3363192648351128e-10,  Error =2.896617282033276e-06
Completed 45 % :  mod = 2.395690415460017e-10,  Error =2.9461530317576035e-06
Completed 46 % :  mod = 1.973678023202338e-10,  Error =2.985641899044822e-06
Completed 47 % :  mod = 1.0026882119996385e-10,  Error =3.0428976884877557e-06
Completed 48 % :  mod = 4.251407470413409e-11,  Error =3.1108868938645173e-06
Completed 49 % :  mod = 2.398942112525715e-11,  Error =3.1815980747751382e-06
Completed 50 % :  mod = 2.2213242437860113e-11,  Error =3.252763093541944e-06
Completed 51 % :  mod = 3.502390191478565e-11,  Error =3.323705222157969e-06
Completed 52 % :  mod = 7.70490913303877e-11,  Error =3.3929413660871433e-06
Completed 53 % :  mod = 1.7135706941011175e-10,  Error =3.4544360332233737e-06
Completed 54 % :  mod = 2.4558621089931205e-10,  Error =3.4979768557263924e-06
Completed 55 % :  mod = 1.6032068732304966e-10,  Error =3.5419215436149898e-06
Completed 56 % :  mod = 7.901357142966619e-11,  Error =3.604064474416191e-06
Completed 56 % :  mod = 3.576107428945932e-11,  Error =3.67330937223187e-06
Completed 57 % :  mod = 2.6841559283200336e-11,  Error =3.744117918813572e-06
Completed 59 % :  mod = 3.887606089539375e-11,  Error =3.814926309075872e-06
Completed 60 % :  mod = 7.257819088212078e-11,  Error =3.884255768582534e-06
Completed 61 % :  mod = 1.5960083579014944e-10,  Error =3.946287669975845e-06
Completed 62 % :  mod = 2.5955492218430565e-10,  Error =3.9909774685042976e-06
Completed 63 % :  mod = 1.594707380644663e-10,  Error =4.033479072518276e-06
Completed 64 % :  mod = 8.68832483375652e-11,  Error =4.094398072140848e-06
Completed 65 % :  mod = 4.377063966765889e-11,  Error =4.163150286728978e-06
Completed 66 % :  mod = 3.4623140129975674e-11,  Error =4.23357099776922e-06
Completed 67 % :  mod = 5.876939921773055e-11,  Error =4.303555542151116e-06
Completed 68 % :  mod = 1.217161907493467e-10,  Error =4.369810838511512e-06
Completed 69 % :  mod = 2.0996135198912306e-10,  Error =4.422578548712863e-06
Completed 70 % :  mod = 2.3100067844217733e-10,  Error =4.461741987427104e-06
Completed 71 % :  mod = 1.1494617922596599e-10,  Error =4.51527078126901e-06
Completed 72 % :  mod = 5.750680618670027e-11,  Error =4.581269948289446e-06
Completed 73 % :  mod = 5.297083520041694e-11,  Error =4.650693206542655e-06
Completed 74 % :  mod = 7.616501269404563e-11,  Error =4.719611681025526e-06
Completed 75 % :  mod = 1.3243590552264752e-10,  Error =4.783028565213954e-06
Completed 76 % :  mod = 2.592290913231206e-10,  Error =4.829873077483171e-06
Completed 77 % :  mod = 1.85451498069664e-10,  Error =4.871306124698549e-06
Completed 78 % :  mod = 8.889351626932947e-11,  Error =4.929543003129311e-06
Completed 79 % :  mod = 5.062429477122416e-11,  Error =4.997715564059035e-06
Completed 80 % :  mod = 3.547623435315463e-11,  Error =5.068041190270378e-06
Completed 81 % :  mod = 4.895704470114603e-11,  Error =5.13822228498384e-06
Completed 82 % :  mod = 1.1263038314906283e-10,  Error =5.20533896519737e-06
Completed 83 % :  mod = 2.0412329831261848e-10,  Error =5.261076893248173e-06
Completed 84 % :  mod = 2.2936953802954248e-10,  Error =5.299877599895808e-06
Completed 85 % :  mod = 1.3263797576946972e-10,  Error =5.350972578810342e-06
Completed 86 % :  mod = 5.5743702402409704e-11,  Error =5.416483695341867e-06
Completed 87 % :  mod = 3.2712111893354874e-11,  Error =5.4865474297116634e-06
Completed 88 % :  mod = 3.223913196963526e-11,  Error =5.557387282806303e-06
Completed 89 % :  mod = 5.006394308813634e-11,  Error =5.627733436597282e-06
Completed 90 % :  mod = 1.0862314814632429e-10,  Error =5.69464290833821e-06
Completed 91 % :  mod = 2.247610633197914e-10,  Error =5.748861227061752e-06
Completed 92 % :  mod = 2.2049618972074858e-10,  Error =5.787939933554753e-06
Completed 93 % :  mod = 1.1783774899842385e-10,  Error =5.840488562114388e-06
Completed 94 % :  mod = 5.288894247703313e-11,  Error =5.9070639224501065e-06
Completed 95 % :  mod = 2.350914818309364e-11,  Error =5.977538165780061e-06
Completed 96 % :  mod = 1.5227806095197162e-11,  Error =6.048787469126182e-06
Completed 97 % :  mod = 1.7647390456618992e-11,  Error =6.120124346864486e-06
Completed 98 % :  mod = 3.2074636993751097e-11,  Error =6.191196618487993e-06
Completed 99 % :  mod = 7.428509031702142e-11,  Error =6.260686305381569e-06
Completed 100 % :  mod = 1.628414931839572e-10,  Error =6.322943306713569e-06
Finished 76/201 frames
Finished all frames!
