/opt/local/miniconda_23_9/lib/python3.11/site-packages/conda/base/context.py:201: FutureWarning: Adding 'defaults' to channel list implicitly is deprecated and will be removed in 25.3. 

To remove this warning, please choose a default channel explicitly with conda's regular configuration system, e.g. by adding 'defaults' to the list of channels:

  conda config --add channels defaults

For more information see https://docs.conda.io/projects/conda/en/stable/user-guide/configuration/use-condarc.html

  deprecated.topic(
JOB 13480 ARRAY_ID 126  -> i=126 ; range=[1.9e-10, 6.0e-10] ; intervals=200 (frames=201)
Density options: centers='2.0e-10,4.0e-10' width='5e-11,5e-11' strength=''
Completed 0 % :  mod = 3.193700626503915e-16,  Error =-1.4210854715202004e-14
Completed 1 % :  mod = 4.920754058877091e-16,  Error =1.246768022156175e-07
Completed 2 % :  mod = 1.1969787137859961e-15,  Error =2.493534694281152e-07
Completed 3 % :  mod = 3.1964593314392294e-15,  Error =3.740300229537752e-07
Completed 4 % :  mod = 8.653030449035016e-15,  Error =4.987067896422559e-07
Completed 5 % :  mod = 2.346817814578065e-14,  Error =6.233843379277459e-07
Completed 6 % :  mod = 6.366503950003289e-14,  Error =7.480606711851578e-07
Completed 7 % :  mod = 1.7271802101466861e-13,  Error =8.727377718287244e-07
Completed 8 % :  mod = 4.685719005739525e-13,  Error =9.974150430025475e-07
Completed 9 % :  mod = 1.2712015589757269e-12,  Error =1.1220911559917113e-06
Completed 10 % :  mod = 3.448637516631607e-12,  Error =1.2467624443956993e-06
Completed 11 % :  mod = 9.3549886450073e-12,  Error =1.3714028810341006e-06
Completed 12 % :  mod = 2.536079596768006e-11,  Error =1.495799480721871e-06
Completed 13 % :  mod = 6.842492967894856e-11,  Error =1.6184554709752774e-06
Completed 14 % :  mod = 1.775757820197953e-10,  Error =1.7300428751809704e-06
Completed 15 % :  mod = 3.242834610446415e-10,  Error =1.8055996306998168e-06
Completed 16 % :  mod = 1.627952119234904e-10,  Error =1.8812502133869202e-06
Completed 17 % :  mod = 7.689453170244239e-11,  Error =1.9932367507635718e-06
Completed 18 % :  mod = 3.770752172868845e-11,  Error =2.1152416351810643e-06
Completed 19 % :  mod = 4.1130069888526083e-11,  Error =2.238463082449016e-06
Completed 20 % :  mod = 1.0189778441680147e-10,  Error =2.3585814616922107e-06
Completed 21 % :  mod = 2.350370525047745e-10,  Error =2.4610934730162626e-06
Completed 22 % :  mod = 2.897003011182478e-10,  Error =2.526535496372162e-06
Completed 23 % :  mod = 1.2976743907026856e-10,  Error =2.6167240747554388e-06
Completed 24 % :  mod = 4.7617454444278064e-11,  Error =2.7343573449911673e-06
Completed 25 % :  mod = 1.8505730478729926e-11,  Error =2.858002851269248e-06
Completed 26 % :  mod = 8.359858020752481e-12,  Error =2.9825206979694485e-06
Completed 27 % :  mod = 6.1851630541338396e-12,  Error =3.107154562087544e-06
Completed 28 % :  mod = 1.0843998841874629e-11,  Error =3.2317641895929228e-06
Completed 28 % :  mod = 2.8461831056932827e-11,  Error =3.3560842922497613e-06
Completed 30 % :  mod = 7.441701258661886e-11,  Error =3.478325822925399e-06
Completed 31 % :  mod = 1.9409951497727155e-10,  Error =3.5876007657975606e-06
Completed 32 % :  mod = 3.246162599656924e-10,  Error =3.6600495505467734e-06
Completed 33 % :  mod = 1.4712792116528782e-10,  Error =3.7393472069879863e-06
Completed 34 % :  mod = 7.248348173992565e-11,  Error =3.852904619350284e-06
Completed 35 % :  mod = 4.326190737445702e-11,  Error =3.974931352956901e-06
Completed 36 % :  mod = 5.479437033742817e-11,  Error =4.0973999375637504e-06
Completed 37 % :  mod = 1.4040215040160654e-10,  Error =4.213401126662575e-06
Completed 38 % :  mod = 3.0267773885343306e-10,  Error =4.3019678983569065e-06
Completed 39 % :  mod = 2.1504567369192446e-10,  Error =4.36706179129942e-06
Completed 40 % :  mod = 1.080938696189164e-10,  Error =4.4701061980845225e-06
Completed 41 % :  mod = 4.7971694246150596e-11,  Error =4.589875615579331e-06
Completed 42 % :  mod = 4.80987253643932e-11,  Error =4.712304992438021e-06
Completed 43 % :  mod = 1.1830859104238323e-10,  Error =4.831014010164836e-06
Completed 44 % :  mod = 2.5071634437859017e-10,  Error =4.92964120724082e-06
Completed 45 % :  mod = 2.694522954466061e-10,  Error =4.993154547605627e-06
Completed 46 % :  mod = 1.2761646313259985e-10,  Error =5.087455448915534e-06
Completed 47 % :  mod = 4.671063226254355e-11,  Error =5.205553350151604e-06
Completed 48 % :  mod = 3.1862907388987924e-11,  Error =5.328737877619005e-06
Completed 49 % :  mod = 5.321033750154628e-11,  Error =5.451940310763348e-06
Completed 50 % :  mod = 1.1231123532502823e-10,  Error =5.57058896788476e-06
Completed 51 % :  mod = 2.6496796679656474e-10,  Error =5.6649144397624696e-06
Completed 52 % :  mod = 2.7621990734969545e-10,  Error =5.731196729641397e-06
Completed 53 % :  mod = 1.0541786615647226e-10,  Error =5.828548538033829e-06
Completed 54 % :  mod = 5.613112792496983e-11,  Error =5.946623623742653e-06
Completed 55 % :  mod = 7.815260643055459e-11,  Error =6.067534535247887e-06
Completed 56 % :  mod = 1.526208914669656e-10,  Error =6.181747615130462e-06
Completed 56 % :  mod = 2.7907565285194214e-10,  Error =6.265718660358743e-06
Completed 57 % :  mod = 2.2785776533013734e-10,  Error =6.336090443426201e-06
Completed 59 % :  mod = 1.0009536224949514e-10,  Error =6.441015358404911e-06
Completed 60 % :  mod = 6.486536023416802e-11,  Error =6.559168795661208e-06
Completed 61 % :  mod = 1.2653862339985523e-10,  Error =6.6753743936942556e-06
Completed 62 % :  mod = 2.769826422839385e-10,  Error =6.770982821535654e-06
Completed 63 % :  mod = 2.4857662948451145e-10,  Error =6.8356934264102165e-06
Completed 64 % :  mod = 1.2083712817629288e-10,  Error =6.931338226934258e-06
Completed 65 % :  mod = 5.20392652481093e-11,  Error =7.049680981197071e-06
Completed 66 % :  mod = 4.286223309657306e-11,  Error =7.1723404317936e-06
Completed 67 % :  mod = 8.097434579093645e-11,  Error =7.293674627817381e-06
Completed 68 % :  mod = 1.9783034869760313e-10,  Error =7.40291179823771e-06
Completed 69 % :  mod = 3.0616281665295784e-10,  Error =7.476616808332892e-06
Completed 70 % :  mod = 1.5451821088725904e-10,  Error =7.555546680748648e-06
Completed 71 % :  mod = 7.961207714275051e-11,  Error =7.668493040569047e-06
Completed 72 % :  mod = 5.325467998995085e-11,  Error =7.789794160828478e-06
Completed 73 % :  mod = 7.476164892607903e-11,  Error =7.910570246849602e-06
Completed 74 % :  mod = 2.0728154046472989e-10,  Error =8.01876970513149e-06
Completed 75 % :  mod = 3.112505169250817e-10,  Error =8.09359288922451e-06
Completed 76 % :  mod = 1.4569863675829817e-10,  Error =8.171221857367073e-06
Completed 77 % :  mod = 1.0294591707415419e-10,  Error =8.282434194484267e-06
Completed 78 % :  mod = 9.088445917938143e-11,  Error =8.400648177087078e-06
Completed 79 % :  mod = 1.3567231746458286e-10,  Error =8.512158473195086e-06
Completed 80 % :  mod = 3.360606748925369e-10,  Error =8.591245972411343e-06
Completed 81 % :  mod = 1.9745380843191453e-10,  Error =8.663953018128723e-06
Completed 82 % :  mod = 8.054527947870981e-11,  Error =8.770951922087988e-06
Completed 83 % :  mod = 5.672417337642124e-11,  Error =8.89180881813445e-06
Completed 84 % :  mod = 5.89926692728668e-11,  Error =9.01393635643899e-06
Completed 85 % :  mod = 1.1789345326639506e-10,  Error =9.130499471154963e-06
Completed 86 % :  mod = 3.0503372171600165e-10,  Error =9.218952769174393e-06
Completed 87 % :  mod = 2.3582968463091433e-10,  Error =9.286831222254932e-06
Completed 88 % :  mod = 9.65137621342875e-11,  Error =9.389341407484153e-06
Completed 89 % :  mod = 4.459991394255088e-11,  Error =9.509739442137288e-06
Completed 90 % :  mod = 3.252112656721884e-11,  Error =9.6329872150136e-06
Completed 91 % :  mod = 6.960489610553106e-11,  Error =9.75511294853959e-06
Completed 92 % :  mod = 1.7031294051177103e-10,  Error =9.867210536640414e-06
Completed 93 % :  mod = 3.2807414525672744e-10,  Error =9.944818785356802e-06
Completed 94 % :  mod = 1.763790303448338e-10,  Error =1.0017602562584216e-05
Completed 95 % :  mod = 7.991203143445788e-11,  Error =1.0127405317916782e-05
Completed 96 % :  mod = 4.4360456086409504e-11,  Error =1.0248552975156144e-05
Completed 97 % :  mod = 6.467197416652822e-11,  Error =1.0370545325599778e-05
Completed 98 % :  mod = 1.4757363823989658e-10,  Error =1.0485575664631597e-05
Completed 99 % :  mod = 3.0808756352881e-10,  Error =1.0571979473184001e-05
Completed 100 % :  mod = 2.0867967216973003e-10,  Error =1.0638134796181475e-05
Finished 127/201 frames
Finished all frames!
