/opt/local/miniconda_23_9/lib/python3.11/site-packages/conda/base/context.py:201: FutureWarning: Adding 'defaults' to channel list implicitly is deprecated and will be removed in 25.3. 

To remove this warning, please choose a default channel explicitly with conda's regular configuration system, e.g. by adding 'defaults' to the list of channels:

  conda config --add channels defaults

For more information see https://docs.conda.io/projects/conda/en/stable/user-guide/configuration/use-condarc.html

  deprecated.topic(
JOB 13451 ARRAY_ID 97  -> i=97 ; range=[1.9e-10, 6.0e-10] ; intervals=200 (frames=201)
Density options: centers='2.0e-10,4.0e-10' width='5e-11,5e-11' strength=''
Completed 0 % :  mod = 2.9024721569504803e-16,  Error =-1.4210854715202004e-14
Completed 1 % :  mod = 4.166192837915836e-16,  Error =8.505158177740668e-08
Completed 2 % :  mod = 9.05778911520858e-16,  Error =1.701024530120776e-07
Completed 3 % :  mod = 2.183681025992585e-15,  Error =2.551540632111937e-07
Completed 4 % :  mod = 5.3631089491221105e-15,  Error =3.402042381139836e-07
Completed 5 % :  mod = 1.321267415892133e-14,  Error =4.252559619999374e-07
Completed 6 % :  mod = 3.256769319646977e-14,  Error =5.1030712455713e-07
Completed 7 % :  mod = 8.028230667075872e-14,  Error =5.953589408136395e-07
Completed 8 % :  mod = 1.9790587170147226e-13,  Error =6.804107428592943e-07
Completed 9 % :  mod = 4.87863523029381e-13,  Error =7.654618841002048e-07
Completed 10 % :  mod = 1.2026443175621926e-12,  Error =8.505131603442351e-07
Completed 11 % :  mod = 2.964627663632915e-12,  Error =9.355623404871949e-07
Completed 12 % :  mod = 7.30747053474657e-12,  Error =1.0205934728446664e-06
Completed 13 % :  mod = 1.800299661478771e-11,  Error =1.1055202477905368e-06
Completed 14 % :  mod = 4.4216512740718454e-11,  Error =1.1898213045924422e-06
Completed 15 % :  mod = 1.0653430070969581e-10,  Error =1.2705679210966991e-06
Completed 16 % :  mod = 2.2622558941741778e-10,  Error =1.3362417305984309e-06
Completed 17 % :  mod = 2.48049394350651e-10,  Error =1.3818605495430347e-06
Completed 18 % :  mod = 1.1562478192777487e-10,  Error =1.4446171476834024e-06
Completed 19 % :  mod = 5.045061358603888e-11,  Error =1.5242690025729644e-06
Completed 20 % :  mod = 2.6186506213312175e-11,  Error =1.608223776372597e-06
Completed 21 % :  mod = 2.055484762888904e-11,  Error =1.692886812065808e-06
Completed 22 % :  mod = 3.310164920947003e-11,  Error =1.777374258438158e-06
Completed 23 % :  mod = 7.97299190221213e-11,  Error =1.8600661846335242e-06
Completed 24 % :  mod = 1.6976461783316972e-10,  Error =1.9339327437251086e-06
Completed 25 % :  mod = 2.7148019434340266e-10,  Error =1.98455035160805e-06
Completed 26 % :  mod = 1.6303281708207836e-10,  Error =2.0373466824707975e-06
Completed 27 % :  mod = 7.01919756378048e-11,  Error =2.112512625274121e-06
Completed 28 % :  mod = 2.8461274411393492e-11,  Error =2.195684672301468e-06
Completed 28 % :  mod = 1.2179826980313606e-11,  Error =2.2804141437404724e-06
Completed 30 % :  mod = 5.765337078303773e-12,  Error =2.3654054288613224e-06
Completed 31 % :  mod = 4.2296538138147386e-12,  Error =2.4504383233647786e-06
Completed 32 % :  mod = 6.733773705970541e-12,  Error =2.5354667059218627e-06
Completed 33 % :  mod = 1.516476846519401e-11,  Error =2.6204283400943496e-06
Completed 34 % :  mod = 3.593790392691664e-11,  Error =2.7049714006466274e-06
Completed 35 % :  mod = 8.836357537612078e-11,  Error =2.7870759566894776e-06
Completed 36 % :  mod = 1.9599583539214875e-10,  Error =2.8577283188724323e-06
Completed 37 % :  mod = 2.686073077584037e-10,  Error =2.9053993060301764e-06
Completed 38 % :  mod = 1.371807419862681e-10,  Error =2.9622876311918844e-06
Completed 39 % :  mod = 6.214379766446746e-11,  Error =3.0397571180174054e-06
Completed 40 % :  mod = 2.7397538016587496e-11,  Error =3.1233244399686555e-06
Completed 41 % :  mod = 1.6015193986442786e-11,  Error =3.208018995337625e-06
Completed 42 % :  mod = 2.0251260237033915e-11,  Error =3.2928251698649547e-06
Completed 43 % :  mod = 4.210342850238233e-11,  Error =3.3771661165360456e-06
Completed 44 % :  mod = 9.256609818678548e-11,  Error =3.4586960921956234e-06
Completed 45 % :  mod = 2.1176150329906156e-10,  Error =3.5271534599701226e-06
Completed 46 % :  mod = 2.6391391186263684e-10,  Error =3.5742253530202106e-06
Completed 47 % :  mod = 1.2407197916617506e-10,  Error =3.6332641499825513e-06
Completed 48 % :  mod = 6.215418886722463e-11,  Error =3.7115002768928207e-06
Completed 49 % :  mod = 3.5298208512449113e-11,  Error =3.7948882507521375e-06
Completed 50 % :  mod = 3.5872613346368935e-11,  Error =3.878991321926151e-06
Completed 51 % :  mod = 7.287681405190155e-11,  Error =3.961726250167885e-06
Completed 52 % :  mod = 1.6836793343364925e-10,  Error =4.036780147487207e-06
Completed 53 % :  mod = 2.5737660234517506e-10,  Error =4.090311414017833e-06
Completed 54 % :  mod = 1.771734765751138e-10,  Error =4.140653985018616e-06
Completed 55 % :  mod = 8.763158863436574e-11,  Error =4.213781807038686e-06
Completed 56 % :  mod = 4.401173244845522e-11,  Error =4.295646434115952e-06
Completed 56 % :  mod = 4.850099753054399e-11,  Error =4.379009297394987e-06
Completed 57 % :  mod = 9.943773473273977e-11,  Error =4.460283832941059e-06
Completed 59 % :  mod = 1.8166087565487676e-10,  Error =4.530997827600913e-06
Completed 60 % :  mod = 2.6982155892599265e-10,  Error =4.578363451912537e-06
Completed 61 % :  mod = 1.5144292161718145e-10,  Error =4.634848664863966e-06
Completed 62 % :  mod = 6.349909090152442e-11,  Error =4.711220050523934e-06
Completed 63 % :  mod = 3.779272577818812e-11,  Error =4.794269095498294e-06
Completed 64 % :  mod = 3.868860405887349e-11,  Error =4.8783075641267715e-06
Completed 65 % :  mod = 6.604381407699077e-11,  Error =4.9612162982271e-06
Completed 66 % :  mod = 1.5859769821816956e-10,  Error =5.036876189024042e-06
Completed 67 % :  mod = 2.715333616083174e-10,  Error =5.092173942955469e-06
Completed 68 % :  mod = 1.7390601037767928e-10,  Error =5.1404009298039455e-06
Completed 69 % :  mod = 9.754723704585725e-11,  Error =5.211999088317043e-06
Completed 70 % :  mod = 5.073277036543353e-11,  Error =5.293322857369276e-06
Completed 71 % :  mod = 5.003333238912615e-11,  Error =5.376351907671051e-06
Completed 72 % :  mod = 1.0731798221949742e-10,  Error =5.456827452121615e-06
Completed 73 % :  mod = 2.0872030880499317e-10,  Error =5.525362126945765e-06
Completed 74 % :  mod = 2.456051771060135e-10,  Error =5.57152627322921e-06
Completed 75 % :  mod = 1.427364295574928e-10,  Error =5.630870361983398e-06
Completed 76 % :  mod = 5.844449013556219e-11,  Error =5.708793416658864e-06
Completed 77 % :  mod = 3.121901098945965e-11,  Error =5.792229899270751e-06
Completed 78 % :  mod = 3.3892803934801846e-11,  Error =5.876512524594091e-06
Completed 79 % :  mod = 6.009341760239185e-11,  Error =5.959986438597298e-06
Completed 80 % :  mod = 1.269089198595204e-10,  Error =6.038127068563881e-06
Completed 81 % :  mod = 2.668616449282052e-10,  Error =6.097136349580978e-06
Completed 82 % :  mod = 2.0527777896376983e-10,  Error =6.143812797176906e-06
Completed 83 % :  mod = 9.489551792419403e-11,  Error =6.212530827554019e-06
Completed 84 % :  mod = 4.0951827278368196e-11,  Error =6.294128461092896e-06
Completed 85 % :  mod = 1.7452262050654682e-11,  Error =6.378540767570939e-06
Completed 86 % :  mod = 1.0174306321039413e-11,  Error =6.463442367987682e-06
Completed 87 % :  mod = 1.3170780121181058e-11,  Error =6.548391851879387e-06
Completed 88 % :  mod = 2.641206080334746e-11,  Error =6.633151656387781e-06
Completed 89 % :  mod = 6.196984332229592e-11,  Error =6.716690222674515e-06
Completed 90 % :  mod = 1.4758689385347817e-10,  Error =6.793736247345805e-06
Completed 91 % :  mod = 2.6192624375440627e-10,  Error =6.850013654968734e-06
Completed 92 % :  mod = 1.915703679289124e-10,  Error =6.898008308553472e-06
Completed 93 % :  mod = 9.140022378979908e-11,  Error =6.969288165237231e-06
Completed 94 % :  mod = 3.893945629901604e-11,  Error =7.0511776826265304e-06
Completed 95 % :  mod = 2.8234874336417533e-11,  Error =7.1353374195837205e-06
Completed 96 % :  mod = 4.285809875432763e-11,  Error =7.219500339772367e-06
Completed 97 % :  mod = 8.296889498569e-11,  Error =7.301540229320835e-06
Completed 98 % :  mod = 1.90110357758609e-10,  Error =7.372694220464382e-06
Completed 99 % :  mod = 2.7835223987300247e-10,  Error =7.421985003475129e-06
Completed 100 % :  mod = 1.3756620703489132e-10,  Error =7.476790770510888e-06
Finished 98/201 frames
Finished all frames!
