/opt/local/miniconda_23_9/lib/python3.11/site-packages/conda/base/context.py:201: FutureWarning: Adding 'defaults' to channel list implicitly is deprecated and will be removed in 25.3. 

To remove this warning, please choose a default channel explicitly with conda's regular configuration system, e.g. by adding 'defaults' to the list of channels:

  conda config --add channels defaults

For more information see https://docs.conda.io/projects/conda/en/stable/user-guide/configuration/use-condarc.html

  deprecated.topic(
JOB 13963 ARRAY_ID 92  -> i=92 ; range=[1.9e-10, 5.0e-10] ; intervals=200 (frames=201)
Analytic t0 extension enabled (--extend-time-using-t0).
Density options: centers='2.0e-10,4.0e-10' width='2.0e-11,5.0e-11' strength='7.0'
Completed 0 % :  mod = 2.942466954783e-16,  Error =-1.4210854715202004e-14
Completed 1 % :  mod = 4.2656570310855465e-16,  Error =8.98371794733066e-08
Completed 2 % :  mod = 9.425270767343049e-16,  Error =1.7967426657605756e-07
Completed 3 % :  mod = 2.3061733795120133e-15,  Error =2.6951138210051795e-07
Completed 4 % :  mod = 5.743933513194006e-15,  Error =3.593474460217294e-07
Completed 5 % :  mod = 1.4347641723194532e-14,  Error =4.4918403574456534e-07
Completed 6 % :  mod = 3.585525489133615e-14,  Error =5.390212436395814e-07
Completed 7 % :  mod = 8.961017374335933e-14,  Error =6.288583378477597e-07
Completed 8 % :  mod = 2.2395819147059573e-13,  Error =7.186942099224325e-07
Completed 9 % :  mod = 5.597282305203415e-13,  Error =8.085319294082183e-07
Completed 10 % :  mod = 1.398899000943329e-12,  Error =8.983684054442165e-07
Completed 11 % :  mod = 3.4961314842692805e-12,  Error =9.882011084982878e-07
Completed 12 % :  mod = 8.736562691483578e-12,  Error =1.078007997534769e-06
Completed 13 % :  mod = 2.1816734520428977e-11,  Error =1.1676593274501101e-06
Completed 14 % :  mod = 5.4241042391450176e-11,  Error =1.2563502593820886e-06
Completed 15 % :  mod = 1.3105524476559415e-10,  Error =1.3396027895851148e-06
Completed 16 % :  mod = 2.601580327277827e-10,  Error =1.402655655624585e-06
Completed 17 % :  mod = 2.1432074232079648e-10,  Error =1.4513609443156383e-06
Completed 18 % :  mod = 9.798741965220723e-11,  Error =1.5241726742942774e-06
Completed 19 % :  mod = 4.0026553560085114e-11,  Error =1.610276157748558e-06
Completed 20 % :  mod = 2.4070734963266633e-11,  Error =1.6992994318343335e-06
Completed 21 % :  mod = 2.679213770877452e-11,  Error =1.788678076763972e-06
Completed 22 % :  mod = 4.927277525676124e-11,  Error =1.8773628838175682e-06
Completed 23 % :  mod = 1.2157463337031656e-10,  Error =1.96149309061866e-06
Completed 24 % :  mod = 2.501437439038104e-10,  Error =2.0278447436794522e-06
Completed 25 % :  mod = 2.264869002751496e-10,  Error =2.0753321834376948e-06
Completed 26 % :  mod = 1.104414623068545e-10,  Error =2.1452404084243426e-06
Completed 27 % :  mod = 4.3648649589538745e-11,  Error =2.2305548341705617e-06
Completed 28 % :  mod = 2.2661182761297822e-11,  Error =2.319498761949035e-06
Completed 28 % :  mod = 2.0482410308770908e-11,  Error =2.409001290004653e-06
Completed 30 % :  mod = 3.378625054448315e-11,  Error =2.498276039375469e-06
Completed 31 % :  mod = 7.82778413339324e-11,  Error =2.5855679908204365e-06
Completed 32 % :  mod = 1.878456133667983e-10,  Error =2.6627167599713175e-06
Completed 33 % :  mod = 2.7299301693248364e-10,  Error =2.715545591058799e-06
Completed 34 % :  mod = 1.514877287130063e-10,  Error =2.772358826064192e-06
Completed 35 % :  mod = 7.34184661480805e-11,  Error =2.8527783371146143e-06
Completed 36 % :  mod = 3.3765292753143165e-11,  Error =2.9405043164842937e-06
Completed 37 % :  mod = 2.9909663578530246e-11,  Error =3.029522019915021e-06
Completed 38 % :  mod = 5.81460268100202e-11,  Error =3.11791627183311e-06
Completed 39 % :  mod = 1.2252517794806199e-10,  Error =3.2016903261933294e-06
Completed 40 % :  mod = 2.43331928822121e-10,  Error =3.2665843932022653e-06
Completed 41 % :  mod = 2.3814675237123136e-10,  Error =3.3154812086877428e-06
Completed 42 % :  mod = 1.022524886323537e-10,  Error =3.3858644812312377e-06
Completed 43 % :  mod = 5.091457578146523e-11,  Error =3.470758308310451e-06
Completed 44 % :  mod = 5.0448788513580276e-11,  Error =3.55870373880407e-06
Completed 45 % :  mod = 8.069244423869687e-11,  Error =3.6455398415569107e-06
Completed 46 % :  mod = 1.570603764858333e-10,  Error =3.723806045741185e-06
Completed 47 % :  mod = 2.960596943850974e-10,  Error =3.7783427302429118e-06
Completed 48 % :  mod = 1.6399974286709427e-10,  Error =3.832411998416774e-06
Completed 49 % :  mod = 7.92058623770335e-11,  Error =3.910205130353006e-06
Completed 50 % :  mod = 4.800137121304356e-11,  Error =3.997137213218593e-06
Completed 51 % :  mod = 4.433325436315852e-11,  Error =4.085460041380884e-06
Completed 52 % :  mod = 8.19345832293559e-11,  Error =4.1719005139384535e-06
Completed 53 % :  mod = 2.040370406927987e-10,  Error =4.2474997030694794e-06
Completed 54 % :  mod = 2.6388137856069826e-10,  Error =4.300022659720071e-06
Completed 55 % :  mod = 1.4489038949932503e-10,  Error =4.357899349827221e-06
Completed 56 % :  mod = 8.081618608871496e-11,  Error =4.438437152032293e-06
Completed 56 % :  mod = 4.7404243268637e-11,  Error =4.525421054779599e-06
Completed 57 % :  mod = 6.169802922263853e-11,  Error =4.612681600235646e-06
Completed 59 % :  mod = 1.5324525993102755e-10,  Error =4.694175991915017e-06
Completed 60 % :  mod = 2.526602397107188e-10,  Error =4.756720365151068e-06
Completed 61 % :  mod = 2.0045027917770065e-10,  Error =4.804989721662878e-06
Completed 62 % :  mod = 1.192754795781003e-10,  Error =4.877296063909853e-06
Completed 63 % :  mod = 6.035787361592307e-11,  Error =4.961517895196721e-06
Completed 64 % :  mod = 7.042285046107071e-11,  Error =5.047545940328746e-06
Completed 65 % :  mod = 1.676361812516225e-10,  Error =5.127512217484309e-06
Completed 66 % :  mod = 2.4972563702152273e-10,  Error =5.188624619734128e-06
Completed 67 % :  mod = 1.914981833049723e-10,  Error =5.237823792469953e-06
Completed 68 % :  mod = 1.2565872787815505e-10,  Error =5.310554243465049e-06
Completed 69 % :  mod = 7.453363295482345e-11,  Error =5.393656188346085e-06
Completed 70 % :  mod = 9.802916749019004e-11,  Error =5.476653740288384e-06
Completed 71 % :  mod = 2.390650725480044e-10,  Error =5.547211529233209e-06
Completed 72 % :  mod = 2.452441120182913e-10,  Error =5.59909918251833e-06
Completed 73 % :  mod = 1.291455889551702e-10,  Error =5.660220814718286e-06
Completed 74 % :  mod = 9.897955052495618e-11,  Error =5.740593394421012e-06
Completed 75 % :  mod = 9.101930206469817e-11,  Error =5.824673792176327e-06
Completed 76 % :  mod = 1.3711819333049254e-10,  Error =5.902886478281744e-06
Completed 77 % :  mod = 2.9513763848512615e-10,  Error =5.9600173898388675e-06
Completed 78 % :  mod = 1.8679224180861995e-10,  Error =6.012709853564502e-06
Completed 79 % :  mod = 9.056774017301216e-11,  Error =6.086685289119487e-06
Completed 80 % :  mod = 7.282175214129505e-11,  Error =6.171693570422576e-06
Completed 81 % :  mod = 8.456571477358866e-11,  Error =6.257387987318452e-06
Completed 82 % :  mod = 1.4738265682729316e-10,  Error =6.335631887566251e-06
Completed 83 % :  mod = 2.9612097238972157e-10,  Error =6.391112535197863e-06
Completed 84 % :  mod = 1.7551373606247176e-10,  Error =6.444574466968334e-06
Completed 85 % :  mod = 8.475233594632202e-11,  Error =6.52075942753072e-06
Completed 86 % :  mod = 5.6667476196632554e-11,  Error =6.6069500732623965e-06
Completed 87 % :  mod = 6.080105533820405e-11,  Error =6.694324859779499e-06
Completed 88 % :  mod = 1.1304638145687614e-10,  Error =6.7777071208752204e-06
Completed 89 % :  mod = 2.616497311484059e-10,  Error =6.843349268592647e-06
Completed 90 % :  mod = 2.2945875628454996e-10,  Error =6.892593042095996e-06
Completed 91 % :  mod = 1.038852311018542e-10,  Error =6.961629530621849e-06
Completed 92 % :  mod = 5.285170980606921e-11,  Error =7.0466310759798034e-06
Completed 93 % :  mod = 3.617286818332263e-11,  Error =7.1350250294699435e-06
Completed 94 % :  mod = 5.0542571373709995e-11,  Error =7.223388671206976e-06
Completed 95 % :  mod = 1.1787203866011228e-10,  Error =7.307885439900019e-06
Completed 96 % :  mod = 2.3345554090287045e-10,  Error =7.3766978587741505e-06
Completed 97 % :  mod = 2.378888504805404e-10,  Error =7.423837359965546e-06
Completed 98 % :  mod = 1.2279502115904555e-10,  Error =7.49117305076652e-06
Completed 99 % :  mod = 5.0991637367064374e-11,  Error =7.575385190250472e-06
Completed 100 % :  mod = 3.073497954172913e-11,  Error =7.663918609068787e-06
Finished 93/201 frames
Finished all frames!
