/opt/local/miniconda_23_9/lib/python3.11/site-packages/conda/base/context.py:201: FutureWarning: Adding 'defaults' to channel list implicitly is deprecated and will be removed in 25.3. 

To remove this warning, please choose a default channel explicitly with conda's regular configuration system, e.g. by adding 'defaults' to the list of channels:

  conda config --add channels defaults

For more information see https://docs.conda.io/projects/conda/en/stable/user-guide/configuration/use-condarc.html

  deprecated.topic(
JOB 13950 ARRAY_ID 79  -> i=79 ; range=[1.9e-10, 5.0e-10] ; intervals=200 (frames=201)
Analytic t0 extension enabled (--extend-time-using-t0).
Density options: centers='2.0e-10,4.0e-10' width='2.0e-11,5.0e-11' strength='7.0'
Completed 0 % :  mod = 2.822286896881421e-16,  Error =-1.4210854715202004e-14
Completed 1 % :  mod = 3.9707010799307706e-16,  Error =7.603504315056853e-08
Completed 2 % :  mod = 8.3505438857018175e-16,  Error =1.5207108106096712e-07
Completed 3 % :  mod = 1.9526210879319983e-15,  Error =2.281052076114065e-07
Completed 4 % :  mod = 4.6592663104180745e-15,  Error =3.041409968318476e-07
Completed 5 % :  mod = 1.1157707095750387e-14,  Error =3.8017596892814254e-07
Completed 6 % :  mod = 2.67364926286821e-14,  Error =4.562112252415318e-07
Completed 7 % :  mod = 6.407392122977175e-14,  Error =5.322469505131266e-07
Completed 8 % :  mod = 1.5355586417808576e-13,  Error =6.082825336761744e-07
Completed 9 % :  mod = 3.6800425892886307e-13,  Error =6.84317598143025e-07
Completed 10 % :  mod = 8.819398051024536e-13,  Error =7.603522291788067e-07
Completed 11 % :  mod = 2.1135946510325528e-12,  Error =8.363862704641178e-07
Completed 12 % :  mod = 5.065064884487539e-12,  Error =9.124120481374121e-07
Completed 13 % :  mod = 1.2134910174123062e-11,  Error =9.88391605005745e-07
Completed 14 % :  mod = 2.9029874420141648e-11,  Error =1.064114144355699e-06
Completed 15 % :  mod = 6.885369965373823e-11,  Error =1.138400087086211e-06
Completed 16 % :  mod = 1.5515108911306688e-10,  Error =1.205659941660997e-06
Completed 17 % :  mod = 2.5889190232081693e-10,  Error =1.2537535098999797e-06
Completed 18 % :  mod = 1.725244389372162e-10,  Error =1.2984116750658359e-06
Completed 19 % :  mod = 8.310868735190875e-11,  Error =1.363283551825134e-06
Completed 20 % :  mod = 3.480732676897308e-11,  Error =1.4368565928180033e-06
Completed 21 % :  mod = 1.8918723306518798e-11,  Error =1.5123530374694383e-06
Completed 22 % :  mod = 1.8171210757597418e-11,  Error =1.5881542125839587e-06
Completed 23 % :  mod = 3.015479095345695e-11,  Error =1.663779478633387e-06
Completed 24 % :  mod = 6.617678311960601e-11,  Error =1.7380727754812142e-06
Completed 25 % :  mod = 1.551564191685904e-10,  Error =1.805751637107278e-06
Completed 26 % :  mod = 2.508249604287995e-10,  Error =1.854975202775222e-06
Completed 27 % :  mod = 1.793085266683197e-10,  Error =1.8988230081617985e-06
Completed 28 % :  mod = 9.054888008424228e-11,  Error =1.962829664137189e-06
Completed 28 % :  mod = 4.037087635516721e-11,  Error =2.0358634316153257e-06
Completed 30 % :  mod = 3.179397357089823e-11,  Error =2.1109206542746506e-06
Completed 31 % :  mod = 5.018883629189522e-11,  Error =2.1858340417679756e-06
Completed 32 % :  mod = 9.428823037177919e-11,  Error =2.2581410590305495e-06
Completed 33 % :  mod = 2.0053966039082066e-10,  Error =2.318711885607172e-06
Completed 34 % :  mod = 2.588892050871104e-10,  Error =2.361576171949764e-06
Completed 35 % :  mod = 1.2418279915435883e-10,  Error =2.4135897547239438e-06
Completed 36 % :  mod = 6.916804258278744e-11,  Error =2.48242114508912e-06
Completed 37 % :  mod = 5.046378356408896e-11,  Error =2.5561448424582522e-06
Completed 38 % :  mod = 5.950095072464221e-11,  Error =2.6300714282001536e-06
Completed 39 % :  mod = 1.2140975581258547e-10,  Error =2.699875921052808e-06
Completed 40 % :  mod = 2.459620807882477e-10,  Error =2.7551127885772075e-06
Completed 41 % :  mod = 2.0602164669526723e-10,  Error =2.7964238356048554e-06
Completed 42 % :  mod = 1.1295803912787406e-10,  Error =2.8546008721264116e-06
Completed 43 % :  mod = 5.3734405905304986e-11,  Error =2.9259849583240793e-06
Completed 44 % :  mod = 3.228803483203574e-11,  Error =3.0007037281620796e-06
Completed 45 % :  mod = 4.1767815872492985e-11,  Error =3.075737311064586e-06
Completed 46 % :  mod = 8.631344729684722e-11,  Error =3.149012009373564e-06
Completed 47 % :  mod = 1.6381138304310413e-10,  Error =3.213871188734174e-06
Completed 48 % :  mod = 2.6643458108994695e-10,  Error =3.2586687979119233e-06
Completed 49 % :  mod = 1.5823567343785642e-10,  Error =3.306381664458513e-06
Completed 50 % :  mod = 7.08494114810133e-11,  Error =3.3729201192045366e-06
Completed 51 % :  mod = 3.651461555220602e-11,  Error =3.446865960654577e-06
Completed 52 % :  mod = 2.507665359385817e-11,  Error =3.5222605561102682e-06
Completed 53 % :  mod = 3.3547970162042415e-11,  Error =3.597669966382e-06
Completed 54 % :  mod = 7.451723538186178e-11,  Error =3.6716353264409918e-06
Completed 55 % :  mod = 1.5537010964074597e-10,  Error =3.738673441944229e-06
Completed 56 % :  mod = 2.525537685210725e-10,  Error =3.7863064648036016e-06
Completed 56 % :  mod = 1.786610351404975e-10,  Error =3.831636369966418e-06
Completed 57 % :  mod = 7.979630063038311e-11,  Error =3.896589596763533e-06
Completed 59 % :  mod = 3.507965049832921e-11,  Error =3.970170418199359e-06
Completed 60 % :  mod = 2.1813257548326926e-11,  Error =4.045616108783179e-06
Completed 61 % :  mod = 2.4106281190822968e-11,  Error =4.12130122384724e-06
Completed 62 % :  mod = 4.2665968896085965e-11,  Error =4.196512435328259e-06
Completed 63 % :  mod = 1.0194335743190368e-10,  Error =4.268805312790391e-06
Completed 64 % :  mod = 2.0516802795597574e-10,  Error =4.329322429441618e-06
Completed 65 % :  mod = 2.428513808437451e-10,  Error =4.3707935262204956e-06
Completed 66 % :  mod = 1.3065788418151298e-10,  Error =4.424275708458936e-06
Completed 67 % :  mod = 5.5415394929796935e-11,  Error =4.494177936464894e-06
Completed 68 % :  mod = 2.4753087125881506e-11,  Error =4.569016319067032e-06
Completed 69 % :  mod = 1.2816162283193253e-11,  Error =4.644797023445335e-06
Completed 70 % :  mod = 1.1536978257333762e-11,  Error =4.7207298550233645e-06
Completed 71 % :  mod = 1.8980650942457507e-11,  Error =4.796602020462615e-06
Completed 72 % :  mod = 4.2118952240076166e-11,  Error =4.8719610816760905e-06
Completed 73 % :  mod = 9.497780941181863e-11,  Error =4.944537877804578e-06
Completed 74 % :  mod = 2.065363979671053e-10,  Error =5.005205437669247e-06
Completed 75 % :  mod = 2.496555968370338e-10,  Error =5.047431059779228e-06
Completed 76 % :  mod = 1.247594417458144e-10,  Error =5.10027771838395e-06
Completed 77 % :  mod = 5.994075701755582e-11,  Error =5.1700320682357415e-06
Completed 78 % :  mod = 2.964273577716617e-11,  Error =5.244676032134521e-06
Completed 79 % :  mod = 2.2463467286443195e-11,  Error =5.320234187422557e-06
Completed 80 % :  mod = 3.50428215474209e-11,  Error =5.395673767338849e-06
Completed 81 % :  mod = 7.669511621213735e-11,  Error =5.469544795744241e-06
Completed 82 % :  mod = 1.5607899486668786e-10,  Error =5.535885101437543e-06
Completed 83 % :  mod = 2.653422970494898e-10,  Error =5.582448871166434e-06
Completed 84 % :  mod = 1.6679145428603443e-10,  Error =5.628402227841889e-06
Completed 85 % :  mod = 7.60870601635814e-11,  Error =5.694010539514238e-06
Completed 86 % :  mod = 3.353512086944163e-11,  Error =5.767875755680052e-06
Completed 87 % :  mod = 1.5819786631757095e-11,  Error =5.843467469901498e-06
Completed 88 % :  mod = 1.2262873101851695e-11,  Error =5.9193653356715e-06
Completed 89 % :  mod = 1.766832934345683e-11,  Error =5.995246787904307e-06
Completed 90 % :  mod = 3.636700215005916e-11,  Error =6.070743062025485e-06
Completed 91 % :  mod = 8.521709841614698e-11,  Error =6.144044483846756e-06
Completed 92 % :  mod = 1.8875506502139794e-10,  Error =6.207505094835142e-06
Completed 93 % :  mod = 2.544618675265079e-10,  Error =6.251282044900108e-06
Completed 94 % :  mod = 1.4224561126612275e-10,  Error =6.300900984967939e-06
Completed 95 % :  mod = 6.729744804142654e-11,  Error =6.369187687482736e-06
Completed 96 % :  mod = 2.954199763376166e-11,  Error =6.443568956626677e-06
Completed 97 % :  mod = 1.8242996679514893e-11,  Error =6.519192076837044e-06
Completed 98 % :  mod = 2.1696869844969554e-11,  Error =6.594951940996907e-06
Completed 99 % :  mod = 4.146146182481892e-11,  Error =6.670274615316885e-06
Completed 100 % :  mod = 9.161279901741668e-11,  Error =6.7430044978777914e-06
Finished 80/201 frames
Finished all frames!
