/opt/local/miniconda_23_9/lib/python3.11/site-packages/conda/base/context.py:201: FutureWarning: Adding 'defaults' to channel list implicitly is deprecated and will be removed in 25.3. 

To remove this warning, please choose a default channel explicitly with conda's regular configuration system, e.g. by adding 'defaults' to the list of channels:

  conda config --add channels defaults

For more information see https://docs.conda.io/projects/conda/en/stable/user-guide/configuration/use-condarc.html

  deprecated.topic(
JOB 14029 ARRAY_ID 158  -> i=158 ; range=[1.9e-10, 5.0e-10] ; intervals=200 (frames=201)
Analytic t0 extension enabled (--extend-time-using-t0).
Density options: centers='2.0e-10,4.0e-10' width='2.0e-11,5.0e-11' strength='7.0'
Completed 0 % :  mod = 3.433501938376311e-16,  Error =-1.4210854715202004e-14
Completed 1 % :  mod = 5.59598806559242e-16,  Error =1.6655544499144526e-07
Completed 2 % :  mod = 1.4807397719991074e-15,  Error =3.3311101788058295e-07
Completed 3 % :  mod = 4.267078002266845e-15,  Error =4.996662141820707e-07
Completed 4 % :  mod = 1.2428393249380297e-14,  Error =6.662217373332169e-07
Completed 5 % :  mod = 3.6244994925302996e-14,  Error =8.327770544269697e-07
Completed 6 % :  mod = 1.0571719836332913e-13,  Error =9.99333074958031e-07
Completed 7 % :  mod = 3.083548689528618e-13,  Error =1.1658885838983224e-06
Completed 8 % :  mod = 8.994077965648922e-13,  Error =1.3324434817718611e-06
Completed 9 % :  mod = 2.623377040857311e-12,  Error =1.4989951964139436e-06
Completed 10 % :  mod = 7.651539174692025e-12,  Error =1.665522944449549e-06
Completed 11 % :  mod = 2.2310048015597964e-11,  Error =1.831840165777976e-06
Completed 12 % :  mod = 6.487301145897452e-11,  Error =1.996397188008814e-06
Completed 13 % :  mod = 1.8354517812547864e-10,  Error =2.1477763354482704e-06
Completed 14 % :  mod = 3.675057817428921e-10,  Error =2.2489518727297764e-06
Completed 15 % :  mod = 1.6047281386187578e-10,  Error =2.350526365546557e-06
Completed 16 % :  mod = 8.010261392898198e-11,  Error =2.502185765251852e-06
Completed 17 % :  mod = 5.4098782230762796e-11,  Error =2.664878671509996e-06
Completed 18 % :  mod = 8.413859302598902e-11,  Error =2.8261671971563374e-06
Completed 19 % :  mod = 2.5098259249475466e-10,  Error =2.9656535787125904e-06
Completed 20 % :  mod = 3.53241063918774e-10,  Error =3.0579801659769146e-06
Completed 21 % :  mod = 1.2345851670633547e-10,  Error =3.1744627335683617e-06
Completed 22 % :  mod = 8.875157433014274e-11,  Error =3.327434257016648e-06
Completed 23 % :  mod = 1.6090118771868887e-10,  Error =3.4809053985895844e-06
Completed 24 % :  mod = 2.726460718666756e-10,  Error =3.6069835047669585e-06
Completed 25 % :  mod = 2.552165780267674e-10,  Error =3.6895032593520227e-06
Completed 26 % :  mod = 1.675073474772642e-10,  Error =3.819471615429393e-06
Completed 27 % :  mod = 1.0905310847812731e-10,  Error =3.970697818544977e-06
Completed 28 % :  mod = 1.683957783047051e-10,  Error =4.112814728784997e-06
Completed 28 % :  mod = 4.0432786625995995e-10,  Error =4.209862943582721e-06
Completed 30 % :  mod = 1.6785426558800617e-10,  Error =4.312186895560899e-06
Completed 31 % :  mod = 9.221760050622707e-11,  Error =4.456195419777487e-06
Completed 32 % :  mod = 1.7233062778386628e-10,  Error =4.6075277779777934e-06
Completed 33 % :  mod = 2.832407555259449e-10,  Error =4.734507939474497e-06
Completed 34 % :  mod = 2.5826018480372947e-10,  Error =4.817338449925046e-06
Completed 35 % :  mod = 1.4736559730907954e-10,  Error =4.9466624005845006e-06
Completed 36 % :  mod = 7.623351086804465e-11,  Error =5.1020452218608625e-06
Completed 37 % :  mod = 1.2023424428962028e-10,  Error =5.256498475603166e-06
Completed 38 % :  mod = 3.319180004228233e-10,  Error =5.376494797815212e-06
Completed 39 % :  mod = 2.742967887501082e-10,  Error =5.46844773907651e-06
Completed 40 % :  mod = 1.0107857641009602e-10,  Error =5.604701463823858e-06
Completed 41 % :  mod = 5.973524869171179e-11,  Error =5.763799023839056e-06
Completed 42 % :  mod = 1.2474970587839244e-10,  Error =5.921588510204856e-06
Completed 43 % :  mod = 2.694538048166486e-10,  Error =6.054065956107024e-06
Completed 44 % :  mod = 2.850798525676633e-10,  Error =6.136485545482628e-06
Completed 45 % :  mod = 1.555289811895004e-10,  Error =6.263884912982576e-06
Completed 46 % :  mod = 6.798708389421775e-11,  Error =6.419989652783897e-06
Completed 47 % :  mod = 8.898624973895965e-11,  Error =6.578285102420978e-06
Completed 48 % :  mod = 2.88093042179542e-10,  Error =6.714518704598049e-06
Completed 49 % :  mod = 3.05024214883129e-10,  Error =6.8045380245962406e-06
Completed 50 % :  mod = 1.2091107437383242e-10,  Error =6.926467044365836e-06
Completed 51 % :  mod = 8.795475122474363e-11,  Error =7.083367279392405e-06
Completed 52 % :  mod = 8.42340774760633e-11,  Error =7.243962365066636e-06
Completed 53 % :  mod = 1.7074480101828886e-10,  Error =7.391231491737926e-06
Completed 54 % :  mod = 3.8313423274904246e-10,  Error =7.4865861634521025e-06
Completed 55 % :  mod = 1.5721394592443877e-10,  Error =7.592416679358394e-06
Completed 56 % :  mod = 8.045480884233373e-11,  Error =7.744280345889365e-06
Completed 56 % :  mod = 6.180063858730279e-11,  Error =7.907027764986196e-06
Completed 57 % :  mod = 8.320637534642019e-11,  Error =8.068171119646195e-06
Completed 59 % :  mod = 2.2973350566262926e-10,  Error =8.20824466529757e-06
Completed 60 % :  mod = 3.5523358485196566e-10,  Error =8.296561631482291e-06
Completed 61 % :  mod = 1.3721118676404805e-10,  Error =8.413463902456897e-06
Completed 62 % :  mod = 8.821947503662143e-11,  Error =8.566781708907456e-06
Completed 63 % :  mod = 1.2479471039671606e-10,  Error =8.723153129608363e-06
Completed 64 % :  mod = 2.593997567828902e-10,  Error =8.857978315290893e-06
Completed 65 % :  mod = 2.9624321932637335e-10,  Error =8.942024081193267e-06
Completed 66 % :  mod = 1.291785550498145e-10,  Error =9.067386066874406e-06
Completed 67 % :  mod = 6.571397711532313e-11,  Error =9.225178509097987e-06
Completed 68 % :  mod = 5.8139258900722336e-11,  Error =9.388630402895615e-06
Completed 69 % :  mod = 1.160466607075478e-10,  Error =9.54723609680741e-06
Completed 70 % :  mod = 3.005161852882052e-10,  Error =9.675910007445054e-06
Completed 71 % :  mod = 2.659726323957204e-10,  Error =9.75894623422846e-06
Completed 72 % :  mod = 1.199051367948384e-10,  Error =9.892418198376163e-06
Completed 73 % :  mod = 6.518475467244461e-11,  Error =1.0051572616021076e-05
Completed 74 % :  mod = 6.78037758402915e-11,  Error =1.0213936988634487e-05
Completed 75 % :  mod = 1.7904484118862254e-10,  Error =1.0365334148332295e-05
Completed 76 % :  mod = 3.5057661832684997e-10,  Error =1.047294380640551e-05
Completed 77 % :  mod = 1.6849484710988284e-10,  Error =1.0568373909336515e-05
Completed 78 % :  mod = 1.291786470396446e-10,  Error =1.0713978241483346e-05
Completed 79 % :  mod = 1.2479416647074262e-10,  Error =1.0868886228365682e-05
Completed 80 % :  mod = 1.910702422372242e-10,  Error =1.1006736599483702e-05
Completed 81 % :  mod = 3.8283229510753823e-10,  Error =1.109552775346856e-05
Completed 82 % :  mod = 1.4729137552027762e-10,  Error =1.1208736864887214e-05
Completed 83 % :  mod = 9.170744733412148e-11,  Error =1.1356056326405906e-05
Completed 84 % :  mod = 1.9873390674300244e-10,  Error =1.1503528831724452e-05
Completed 85 % :  mod = 3.321924961277609e-10,  Error =1.1617549006359695e-05
Completed 86 % :  mod = 2.1386103185936363e-10,  Error =1.1704727171490958e-05
Completed 87 % :  mod = 1.2822644341076453e-10,  Error =1.1840565257159597e-05
Completed 88 % :  mod = 1.3517062918302811e-10,  Error =1.1991559084378878e-05
Completed 89 % :  mod = 2.2722799981408375e-10,  Error =1.2125326485090682e-05
Completed 90 % :  mod = 3.1124567593183695e-10,  Error =1.221055921973857e-05
Completed 91 % :  mod = 1.9920266570782535e-10,  Error =1.2327978332393741e-05
Completed 92 % :  mod = 9.53901795155719e-11,  Error =1.247628652123467e-05
Completed 93 % :  mod = 1.4519581061069816e-10,  Error =1.2622638280390674e-05
Completed 94 % :  mod = 3.974102831193268e-10,  Error =1.2732172834262201e-05
Completed 95 % :  mod = 1.818862932658897e-10,  Error =1.2823468360068091e-05
Completed 96 % :  mod = 1.1610884935788386e-10,  Error =1.2962961733364864e-05
Completed 97 % :  mod = 1.4063201284206098e-10,  Error =1.3117598065548464e-05
Completed 98 % :  mod = 1.8660349439782297e-10,  Error =1.326043846461289e-05
Completed 99 % :  mod = 3.431986637390054e-10,  Error =1.3351777695902456e-05
Completed 100 % :  mod = 1.643224865473765e-10,  Error =1.3463645323952278e-05
Finished 159/201 frames
Finished all frames!
