/opt/local/miniconda_23_9/lib/python3.11/site-packages/conda/base/context.py:201: FutureWarning: Adding 'defaults' to channel list implicitly is deprecated and will be removed in 25.3. 

To remove this warning, please choose a default channel explicitly with conda's regular configuration system, e.g. by adding 'defaults' to the list of channels:

  conda config --add channels defaults

For more information see https://docs.conda.io/projects/conda/en/stable/user-guide/configuration/use-condarc.html

  deprecated.topic(
JOB 13938 ARRAY_ID 67  -> i=67 ; range=[1.9e-10, 5.0e-10] ; intervals=200 (frames=201)
Analytic t0 extension enabled (--extend-time-using-t0).
Density options: centers='2.0e-10,4.0e-10' width='2.0e-11,5.0e-11' strength='7.0'
Completed 0 % :  mod = 2.6792555537299277e-16,  Error =-1.4210854715202004e-14
Completed 1 % :  mod = 3.634832047760183e-16,  Error =6.175446998213374e-08
Completed 2 % :  mod = 7.183188609759523e-16,  Error =1.235080659967025e-07
Completed 3 % :  mod = 1.5855420891217475e-15,  Error =1.8526224465631458e-07
Completed 4 % :  mod = 3.5837561947192716e-15,  Error =2.4701682832528604e-07
Completed 5 % :  mod = 8.138317161293048e-15,  Error =3.087714333105396e-07
Completed 6 % :  mod = 1.8498061416314703e-14,  Error =3.7052527801506585e-07
Completed 7 % :  mod = 4.205274932797854e-14,  Error =4.3227963431036187e-07
Completed 8 % :  mod = 9.560429007574932e-14,  Error =4.940328537372807e-07
Completed 9 % :  mod = 2.173517748610796e-13,  Error =5.557863858030032e-07
Completed 10 % :  mod = 4.941392246921956e-13,  Error =6.175413460596246e-07
Completed 11 % :  mod = 1.1233999607482538e-12,  Error =6.792942528477397e-07
Completed 12 % :  mod = 2.5539562026888633e-12,  Error =7.410472377955557e-07
Completed 13 % :  mod = 5.805788256499482e-12,  Error =8.027897138163098e-07
Completed 14 % :  mod = 1.3193108536323067e-11,  Error =8.64484086093853e-07
Completed 15 % :  mod = 2.992235603766218e-11,  Error =9.259270186134927e-07
Completed 16 % :  mod = 6.718808668934083e-11,  Error =9.861175911396458e-07
Completed 17 % :  mod = 1.4310162091116543e-10,  Error =1.040795474693823e-06
Completed 18 % :  mod = 2.3350985418033735e-10,  Error =1.0811627575435523e-06
Completed 19 % :  mod = 1.760219309810731e-10,  Error =1.1170505160862376e-06
Completed 20 % :  mod = 8.89398639824774e-11,  Error =1.1679531937147658e-06
Completed 21 % :  mod = 3.905850357692429e-11,  Error =1.2270316460671893e-06
Completed 22 % :  mod = 1.920979149697158e-11,  Error =1.2882113935575035e-06
Completed 23 % :  mod = 1.1783695219741723e-11,  Error =1.349812784212645e-06
Completed 24 % :  mod = 1.2268653478944933e-11,  Error =1.4114742370452404e-06
Completed 25 % :  mod = 2.2073644492093538e-11,  Error =1.4730313111499527e-06
Completed 26 % :  mod = 4.817134580294561e-11,  Error =1.5339854684270904e-06
Completed 27 % :  mod = 1.0086492087607443e-10,  Error =1.592070816514024e-06
Completed 28 % :  mod = 2.0052148821530868e-10,  Error =1.6396944957364212e-06
Completed 28 % :  mod = 2.2503514029408415e-10,  Error =1.6743742747848955e-06
Completed 30 % :  mod = 1.188621718874938e-10,  Error =1.7181143761035855e-06
Completed 31 % :  mod = 5.911092283297591e-11,  Error =1.7745936489177438e-06
Completed 32 % :  mod = 2.8859609930969567e-11,  Error =1.8351181836351316e-06
Completed 33 % :  mod = 1.8193479861270757e-11,  Error =1.8965100139212154e-06
Completed 34 % :  mod = 2.2315663811018658e-11,  Error =1.9579965453431214e-06
Completed 35 % :  mod = 4.223104493889448e-11,  Error =2.0190951275367297e-06
Completed 36 % :  mod = 8.43639798059286e-11,  Error =2.078157123719393e-06
Completed 37 % :  mod = 1.791013316562664e-10,  Error =2.1289358969056593e-06
Completed 38 % :  mod = 2.3667572888295964e-10,  Error =2.1653854460623734e-06
Completed 39 % :  mod = 1.3781897975112922e-10,  Error =2.2052925388038602e-06
Completed 40 % :  mod = 7.452389317481124e-11,  Error =2.2597038125127256e-06
Completed 41 % :  mod = 3.692333232358556e-11,  Error =2.3195403002773674e-06
Completed 42 % :  mod = 2.7422305980221356e-11,  Error =2.3805982891644817e-06
Completed 43 % :  mod = 4.14501668491328e-11,  Error =2.4415904604779826e-06
Completed 44 % :  mod = 7.962742285505953e-11,  Error =2.501071470817351e-06
Completed 45 % :  mod = 1.505889923071505e-10,  Error =2.553993368792362e-06
Completed 46 % :  mod = 2.4578525087748443e-10,  Error =2.592135793122452e-06
Completed 47 % :  mod = 1.5866844703906104e-10,  Error =2.6297665485230937e-06
Completed 48 % :  mod = 8.023462988110374e-11,  Error =2.682070537218806e-06
Completed 49 % :  mod = 4.1565626987099945e-11,  Error =2.741468748013176e-06
Completed 50 % :  mod = 2.4688128988173017e-11,  Error =2.8025265379483244e-06
Completed 51 % :  mod = 2.8652265445142964e-11,  Error =2.863800496299973e-06
Completed 52 % :  mod = 5.593657563512795e-11,  Error =2.9244365791214477e-06
Completed 53 % :  mod = 1.073272427538624e-10,  Error =2.9818783247037572e-06
Completed 54 % :  mod = 2.056232197393973e-10,  Error =3.0280040093089156e-06
Completed 55 % :  mod = 2.2268044779533592e-10,  Error =3.0627510838598937e-06
Completed 56 % :  mod = 1.1079980805759696e-10,  Error =3.107725255802052e-06
Completed 56 % :  mod = 5.884943912197574e-11,  Error =3.1645303195659835e-06
Completed 57 % :  mod = 3.629785979855593e-11,  Error =3.224896865106075e-06
Completed 59 % :  mod = 3.394468526632907e-11,  Error =3.285868316993401e-06
Completed 60 % :  mod = 5.917493021495142e-11,  Error =3.3461363670994615e-06
Completed 61 % :  mod = 1.283143716236455e-10,  Error =3.4025433492956836e-06
Completed 62 % :  mod = 2.0547167389185884e-10,  Error =3.447110557885935e-06
Completed 63 % :  mod = 2.0804109843948963e-10,  Error =3.481321861897868e-06
Completed 64 % :  mod = 1.1395421748118311e-10,  Error =3.528197836999425e-06
Completed 65 % :  mod = 5.4063253168113036e-11,  Error =3.585267535299863e-06
Completed 66 % :  mod = 4.306031045243997e-11,  Error =3.645442305355573e-06
Completed 67 % :  mod = 5.573790892601656e-11,  Error =3.705762686934122e-06
Completed 68 % :  mod = 9.1511612209479e-11,  Error =3.763826065039666e-06
Completed 69 % :  mod = 1.937779799912836e-10,  Error =3.812604745689896e-06
Completed 70 % :  mod = 2.3209226904884533e-10,  Error =3.848717547327851e-06
Completed 71 % :  mod = 1.2571447586486247e-10,  Error =3.890101993420103e-06
Completed 72 % :  mod = 7.774548439016928e-11,  Error =3.944961854074336e-06
Completed 73 % :  mod = 5.045227331820457e-11,  Error =4.004321283446188e-06
Completed 74 % :  mod = 5.4473582971200855e-11,  Error =4.064194683905953e-06
Completed 75 % :  mod = 1.1074544376107093e-10,  Error =4.121467981121896e-06
Completed 76 % :  mod = 1.9862371714484716e-10,  Error =4.169561627520579e-06
Completed 77 % :  mod = 2.0906211308914797e-10,  Error =4.204200280355508e-06
Completed 78 % :  mod = 1.3876921567790837e-10,  Error =4.247347433761206e-06
Completed 79 % :  mod = 6.484499080405115e-11,  Error =4.302885841411808e-06
Completed 80 % :  mod = 3.945821979292921e-11,  Error =4.362762162202216e-06
Completed 81 % :  mod = 4.6653114465475536e-11,  Error =4.423348471505051e-06
Completed 82 % :  mod = 7.781104088845365e-11,  Error =4.482749325518398e-06
Completed 83 % :  mod = 1.4156284766358168e-10,  Error =4.536277337763295e-06
Completed 84 % :  mod = 2.4646520118483303e-10,  Error =4.575515411886499e-06
Completed 85 % :  mod = 1.6668226356073142e-10,  Error =4.6123296328914876e-06
Completed 86 % :  mod = 8.60385728360127e-11,  Error =4.663432676466073e-06
Completed 87 % :  mod = 4.7671939118158424e-11,  Error =4.722364586484673e-06
Completed 88 % :  mod = 3.178073497567431e-11,  Error =4.783137917740987e-06
Completed 89 % :  mod = 4.159586964675143e-11,  Error =4.843970735635139e-06
Completed 90 % :  mod = 8.718495418934496e-11,  Error =4.903147349466508e-06
Completed 91 % :  mod = 1.575831032529123e-10,  Error =4.9555669079381914e-06
Completed 92 % :  mod = 2.3394268246620577e-10,  Error =4.992811540205366e-06
Completed 93 % :  mod = 1.6298451001951032e-10,  Error =5.031488051088218e-06
Completed 94 % :  mod = 7.376697087348193e-11,  Error =5.084459701265587e-06
Completed 95 % :  mod = 3.7771411157540874e-11,  Error =5.144085164943135e-06
Completed 96 % :  mod = 2.3836312694835626e-11,  Error =5.205244889339156e-06
Completed 97 % :  mod = 2.4950053216193217e-11,  Error =5.2666206258322745e-06
Completed 98 % :  mod = 4.5235964000196365e-11,  Error =5.327547391686949e-06
Completed 99 % :  mod = 9.878035573202028e-11,  Error =5.386049686251226e-06
Completed 100 % :  mod = 1.801486806519436e-10,  Error =5.435518907859205e-06
Finished 68/201 frames
Finished all frames!
