/opt/local/miniconda_23_9/lib/python3.11/site-packages/conda/base/context.py:201: FutureWarning: Adding 'defaults' to channel list implicitly is deprecated and will be removed in 25.3. 

To remove this warning, please choose a default channel explicitly with conda's regular configuration system, e.g. by adding 'defaults' to the list of channels:

  conda config --add channels defaults

For more information see https://docs.conda.io/projects/conda/en/stable/user-guide/configuration/use-condarc.html

  deprecated.topic(
JOB 13474 ARRAY_ID 120  -> i=120 ; range=[1.9e-10, 6.0e-10] ; intervals=200 (frames=201)
Density options: centers='2.0e-10,4.0e-10' width='5e-11,5e-11' strength=''
Completed 0 % :  mod = 3.137522147520275e-16,  Error =-1.4210854715202004e-14
Completed 1 % :  mod = 4.769681318691742e-16,  Error =1.1613324346626541e-07
Completed 2 % :  mod = 1.136427812781719e-15,  Error =2.322665082488129e-07
Completed 3 % :  mod = 2.9782416024481365e-15,  Error =3.483997375042236e-07
Completed 4 % :  mod = 7.918656248115884e-15,  Error =4.6453357782638705e-07
Completed 5 % :  mod = 2.1097742664645424e-14,  Error =5.806671552477383e-07
Completed 6 % :  mod = 5.6227191799736165e-14,  Error =6.968005195062688e-07
Completed 7 % :  mod = 1.4985613090346617e-13,  Error =8.12934018767919e-07
Completed 8 % :  mod = 3.9939723982189085e-13,  Error =9.290676956652533e-07
Completed 9 % :  mod = 1.0644748956271507e-12,  Error =1.0452014578277158e-06
Completed 10 % :  mod = 2.837017804939681e-12,  Error =1.1613319443881664e-06
Completed 11 % :  mod = 7.560697672917638e-12,  Error =1.2774407665006038e-06
Completed 12 % :  mod = 2.0140525488254582e-11,  Error =1.3934014333472078e-06
Completed 13 % :  mod = 5.348232584860089e-11,  Error =1.5083236277746437e-06
Completed 14 % :  mod = 1.3867808575245129e-10,  Error =1.6165206844220847e-06
Completed 15 % :  mod = 2.9328836746483753e-10,  Error =1.6969112550668797e-06
Completed 16 % :  mod = 2.1500972265439245e-10,  Error =1.7597260679735882e-06
Completed 17 % :  mod = 9.472505665582693e-11,  Error =1.857256783921457e-06
Completed 18 % :  mod = 3.88243550932722e-11,  Error =1.969573382609724e-06
Completed 19 % :  mod = 3.35897398594109e-11,  Error =2.084526279588772e-06
Completed 20 % :  mod = 6.50509404173412e-11,  Error =2.1987131830769613e-06
Completed 21 % :  mod = 1.3873520070822046e-10,  Error =2.3058891756022604e-06
Completed 22 % :  mod = 2.982564796490736e-10,  Error =2.383587847987201e-06
Completed 23 % :  mod = 2.1383795095903147e-10,  Error =2.4488736016792245e-06
Completed 24 % :  mod = 8.35591938578134e-11,  Error =2.547795610041703e-06
Completed 25 % :  mod = 3.5266508694249895e-11,  Error =2.660695066936114e-06
Completed 26 % :  mod = 2.769672475176352e-11,  Error =2.7759784870795556e-06
Completed 27 % :  mod = 4.5271404397670283e-11,  Error =2.8910469964671393e-06
Completed 28 % :  mod = 9.912342549672384e-11,  Error =3.002403033747214e-06
Completed 28 % :  mod = 2.5456423914201814e-10,  Error =3.0938261659230193e-06
Completed 30 % :  mod = 2.7856442166364815e-10,  Error =3.1557903099610485e-06
Completed 31 % :  mod = 1.0985747453989474e-10,  Error =3.2426061693513475e-06
Completed 32 % :  mod = 5.33378362780226e-11,  Error =3.352552681690213e-06
Completed 33 % :  mod = 3.807744792084136e-11,  Error =3.467056181705175e-06
Completed 34 % :  mod = 5.3831516859478066e-11,  Error =3.581385250583935e-06
Completed 35 % :  mod = 1.2989108038817002e-10,  Error =3.689804174200617e-06
Completed 36 % :  mod = 2.9636385705961697e-10,  Error =3.772769460397285e-06
Completed 37 % :  mod = 2.2079718761211062e-10,  Error =3.833987122447979e-06
Completed 38 % :  mod = 1.0058029926395284e-10,  Error =3.929205618646847e-06
Completed 39 % :  mod = 3.836660971167269e-11,  Error =4.041304194402073e-06
Completed 40 % :  mod = 2.2056724977199402e-11,  Error =4.156607879224339e-06
Completed 41 % :  mod = 3.0750944552593406e-11,  Error =4.2721666559941696e-06
Completed 42 % :  mod = 6.687557485318962e-11,  Error =4.386306962089748e-06
Completed 43 % :  mod = 1.5791535650620273e-10,  Error =4.491226071934307e-06
Completed 44 % :  mod = 3.2067144189063864e-10,  Error =4.564080555269356e-06
Completed 45 % :  mod = 1.761455878096076e-10,  Error =4.631746882921561e-06
Completed 46 % :  mod = 7.939943819694907e-11,  Error =4.733859782390937e-06
Completed 47 % :  mod = 3.400373752522874e-11,  Error =4.847367399918312e-06
Completed 48 % :  mod = 2.4473255721019987e-11,  Error =4.962751106063479e-06
Completed 49 % :  mod = 4.552561781363206e-11,  Error =5.07780276137737e-06
Completed 50 % :  mod = 1.1232451359363593e-10,  Error =5.188832062685833e-06
Completed 51 % :  mod = 2.390483758253813e-10,  Error =5.279667149693523e-06
Completed 52 % :  mod = 2.8151189684137503e-10,  Error =5.340191862046595e-06
Completed 53 % :  mod = 1.1946048239724612e-10,  Error =5.427555542780738e-06
Completed 54 % :  mod = 5.6077537158791014e-11,  Error =5.536442088782678e-06
Completed 55 % :  mod = 6.55913650425278e-11,  Error =5.649438527655093e-06
Completed 56 % :  mod = 1.2574926151515264e-10,  Error =5.758683222722993e-06
Completed 56 % :  mod = 2.333873548266867e-10,  Error =5.847128051073014e-06
Completed 57 % :  mod = 2.795760078722315e-10,  Error =5.908139414145808e-06
Completed 59 % :  mod = 1.2634154710928064e-10,  Error =5.9959426366162916e-06
Completed 60 % :  mod = 7.170834752822101e-11,  Error =6.102703736132753e-06
Completed 61 % :  mod = 1.2159608537597738e-10,  Error =6.210682585106042e-06
Completed 62 % :  mod = 2.4452941945829377e-10,  Error =6.3036182638143146e-06
Completed 63 % :  mod = 2.5714464308501806e-10,  Error =6.366063097118513e-06
Completed 64 % :  mod = 1.4105226739895768e-10,  Error =6.4491095486118866e-06
Completed 65 % :  mod = 6.743772182064645e-11,  Error =6.5567077101036375e-06
Completed 66 % :  mod = 5.7560748755972975e-11,  Error =6.66949470939926e-06
Completed 67 % :  mod = 1.1159860851863959e-10,  Error =6.7793020050999075e-06
Completed 68 % :  mod = 2.605262560046617e-10,  Error =6.8702425153333024e-06
Completed 69 % :  mod = 2.601185485445396e-10,  Error =6.931397336984446e-06
Completed 70 % :  mod = 1.1569796408583344e-10,  Error =7.0185262117661296e-06
Completed 71 % :  mod = 5.165392237071402e-11,  Error =7.1286261871250645e-06
Completed 72 % :  mod = 3.0659256513601416e-11,  Error =7.243465702799767e-06
Completed 73 % :  mod = 3.299899579843346e-11,  Error =7.358754828601377e-06
Completed 74 % :  mod = 7.913783412027581e-11,  Error =7.472046597456483e-06
Completed 75 % :  mod = 1.8681789915660782e-10,  Error =7.573369522617668e-06
Completed 76 % :  mod = 3.113897252778785e-10,  Error =7.639902314338087e-06
Completed 77 % :  mod = 1.5778404319528647e-10,  Error =7.714291221816438e-06
Completed 78 % :  mod = 6.544583872990893e-11,  Error =7.819965965438769e-06
Completed 79 % :  mod = 2.3538666329880038e-11,  Error =7.93430433532194e-06
Completed 80 % :  mod = 1.7407308616565195e-11,  Error =8.049991933489764e-06
Completed 81 % :  mod = 3.255437503334469e-11,  Error =8.165651316005551e-06
Completed 82 % :  mod = 6.947538754663875e-11,  Error =8.279708836766986e-06
Completed 83 % :  mod = 1.6335824984511105e-10,  Error =8.383984294368929e-06
Completed 84 % :  mod = 3.171844050246254e-10,  Error =8.455275811058982e-06
Completed 85 % :  mod = 1.6932641511948968e-10,  Error =8.524765135575763e-06
Completed 86 % :  mod = 7.752619066359409e-11,  Error =8.628052341919101e-06
Completed 87 % :  mod = 3.3124341908469645e-11,  Error =8.741837646653039e-06
Completed 88 % :  mod = 1.890368349669693e-11,  Error =8.857362828962323e-06
Completed 89 % :  mod = 3.5613900364879756e-11,  Error =8.972751984970273e-06
Completed 90 % :  mod = 9.146723459899874e-11,  Error =9.085546466280903e-06
Completed 91 % :  mod = 2.046887614996102e-10,  Error =9.183444859672818e-06
Completed 92 % :  mod = 3.1603809874233484e-10,  Error =9.247448453209017e-06
Completed 93 % :  mod = 1.3420502770060187e-10,  Error =9.325816471061898e-06
Completed 94 % :  mod = 6.167341870874665e-11,  Error =9.432480055693304e-06
Completed 95 % :  mod = 5.4383329799386594e-11,  Error =9.545897917462298e-06
Completed 96 % :  mod = 7.872564076160733e-11,  Error =9.658672098566967e-06
Completed 97 % :  mod = 1.6685773593814598e-10,  Error =9.76095379456865e-06
Completed 98 % :  mod = 3.340570077784713e-10,  Error =9.831551217587275e-06
Completed 99 % :  mod = 1.581469340716789e-10,  Error =9.900770038484552e-06
Completed 100 % :  mod = 8.410777839699746e-11,  Error =1.0002663422881142e-05
Finished 121/201 frames
Finished all frames!
