/opt/local/miniconda_23_9/lib/python3.11/site-packages/conda/base/context.py:201: FutureWarning: Adding 'defaults' to channel list implicitly is deprecated and will be removed in 25.3. 

To remove this warning, please choose a default channel explicitly with conda's regular configuration system, e.g. by adding 'defaults' to the list of channels:

  conda config --add channels defaults

For more information see https://docs.conda.io/projects/conda/en/stable/user-guide/configuration/use-condarc.html

  deprecated.topic(
JOB 13903 ARRAY_ID 32  -> i=32 ; range=[1.9e-10, 5.0e-10] ; intervals=200 (frames=201)
Analytic t0 extension enabled (--extend-time-using-t0).
Density options: centers='2.0e-10,4.0e-10' width='2.0e-11,5.0e-11' strength='7.0'
Extending simulation time for p0=2.216e-10 from 10000000000.0 to 1.244e+10
Completed 0 % :  mod = 1.7730453837384993e-16,  Error =-1.4210854715202004e-14
Completed 1 % :  mod = 1.9236033394433586e-16,  Error =1.4738986919837771e-08
Completed 2 % :  mod = 2.4007931678142135e-16,  Error =2.9475913265741838e-08
Completed 3 % :  mod = 3.285642757647604e-16,  Error =4.42130243527572e-08
Completed 4 % :  mod = 4.728401386176191e-16,  Error =5.895033439173858e-08
Completed 5 % :  mod = 6.974052454320643e-16,  Error =7.368731047563415e-08
Completed 6 % :  mod = 1.0403912366607708e-15,  Error =8.842428655952972e-08
Completed 7 % :  mod = 1.5600378427591968e-15,  Error =1.0316177423419504e-07
Completed 8 % :  mod = 2.3445821600563826e-15,  Error =1.1789928322514243e-07
Completed 9 % :  mod = 3.527357313668212e-15,  Error =1.3263709064403884e-07
Completed 10 % :  mod = 5.3090082766479724e-15,  Error =1.4737540254827763e-07
Completed 11 % :  mod = 7.992140010257153e-15,  Error =1.6211242126473735e-07
Completed 12 % :  mod = 1.2032353915653748e-14,  Error =1.7684977393628287e-07
Completed 13 % :  mod = 1.8115686772281658e-14,  Error =1.9158674291475108e-07
Completed 14 % :  mod = 2.727510105428638e-14,  Error =2.0632356978467215e-07
Completed 15 % :  mod = 4.1065883826582175e-14,  Error =2.2106078034767052e-07
Completed 16 % :  mod = 6.182973627184783e-14,  Error =2.357989288270801e-07
Completed 17 % :  mod = 9.309545632657285e-14,  Error =2.5053817154230273e-07
Completed 18 % :  mod = 1.4016690170753507e-13,  Error =2.652756165844039e-07
Completed 19 % :  mod = 2.1103882533334693e-13,  Error =2.800135945335569e-07
Completed 20 % :  mod = 3.177450498360186e-13,  Error =2.947508832562562e-07
Completed 21 % :  mod = 4.784032217259411e-13,  Error =3.094881719789555e-07
Completed 22 % :  mod = 7.202890155952793e-13,  Error =3.2422540385823595e-07
Completed 23 % :  mod = 1.0844600570503112e-12,  Error =3.3896164097768633e-07
Completed 24 % :  mod = 1.6327018489042886e-12,  Error =3.5369820494679516e-07
Completed 25 % :  mod = 2.458012037506566e-12,  Error =3.6843487549731435e-07
Completed 26 % :  mod = 3.699795877090534e-12,  Error =3.831675314813765e-07
Completed 27 % :  mod = 5.5669203589325304e-12,  Error =3.978961586881269e-07
Completed 28 % :  mod = 8.369469123994028e-12,  Error =4.1261525751679073e-07
Completed 29 % :  mod = 1.2559719317444524e-11,  Error =4.2731138449880746e-07
Completed 30 % :  mod = 1.8769753759257436e-11,  Error =4.4195583370765235e-07
Completed 31 % :  mod = 2.779140977991561e-11,  Error =4.564868305578784e-07
Completed 32 % :  mod = 4.032178110839895e-11,  Error =4.707850678187242e-07
Completed 33 % :  mod = 5.605700757067154e-11,  Error =4.846455254892135e-07
Completed 34 % :  mod = 7.177101230630735e-11,  Error =4.978359342544536e-07
Completed 35 % :  mod = 8.033111206036856e-11,  Error =5.10380701257418e-07
Completed 36 % :  mod = 7.601127224746937e-11,  Error =5.228004340551706e-07
Completed 37 % :  mod = 6.186877553023237e-11,  Error =5.357382306669933e-07
Completed 38 % :  mod = 4.555791902935746e-11,  Error =5.493824630775634e-07
Completed 39 % :  mod = 3.176827045165709e-11,  Error =5.635528026459724e-07
Completed 40 % :  mod = 2.157239935556359e-11,  Error =5.780199217042536e-07
Completed 41 % :  mod = 1.4470091448101817e-11,  Error =5.926360699959332e-07
Completed 42 % :  mod = 9.65304744531048e-12,  Error =6.073177161169951e-07
Completed 43 % :  mod = 6.4238033034609984e-12,  Error =6.220304058501824e-07
Completed 44 % :  mod = 4.270200136000785e-12,  Error =6.367570151155633e-07
Completed 45 % :  mod = 2.8372402263453825e-12,  Error =6.51489145298001e-07
Completed 46 % :  mod = 1.88474628329187e-12,  Error =6.662244160793307e-07
Completed 47 % :  mod = 1.251903729964856e-12,  Error =6.809620245462611e-07
Completed 48 % :  mod = 8.315244748278437e-13,  Error =6.956982616657115e-07
Completed 49 % :  mod = 5.522886886629537e-13,  Error =7.10436509621104e-07
Completed 50 % :  mod = 3.6685059657552935e-13,  Error =7.251742459857269e-07
Completed 51 % :  mod = 2.437018241705294e-13,  Error =7.399121741968884e-07
Completed 52 % :  mod = 1.6193327734603423e-13,  Error =7.546487807985613e-07
Completed 53 % :  mod = 1.0766103356980739e-13,  Error =7.693856218793371e-07
Completed 54 % :  mod = 7.166978252995245e-14,  Error =7.841237987804561e-07
Completed 55 % :  mod = 4.784821960555802e-14,  Error =7.988607961806338e-07
Completed 56 % :  mod = 3.2151393390717066e-14,  Error =8.135968556644002e-07
Completed 57 % :  mod = 2.1913278201961753e-14,  Error =8.283359989036398e-07
Completed 58 % :  mod = 1.539708865216692e-14,  Error =8.430728399844156e-07
Completed 59 % :  mod = 1.1495357067115148e-14,  Error =8.578104626622007e-07
Completed 60 % :  mod = 9.54556524200433e-15,  Error =8.725476874360538e-07
Completed 61 % :  mod = 9.21663320804648e-15,  Error =8.872855943309332e-07
Completed 62 % :  mod = 1.0452705192369179e-14,  Error =9.020232170087183e-07
Completed 63 % :  mod = 1.3463665853274607e-14,  Error =9.167596957126989e-07
Completed 64 % :  mod = 1.8760781079741814e-14,  Error =9.314961673112521e-07
Completed 65 % :  mod = 2.724436160545333e-14,  Error =9.462355521350219e-07
Completed 66 % :  mod = 4.0353564393730615e-14,  Error =9.609732671833626e-07
Completed 67 % :  mod = 6.031489195475914e-14,  Error =9.75710953809994e-07
Completed 68 % :  mod = 9.051778477690874e-14,  Error =9.904484983280781e-07
Completed 69 % :  mod = 1.3609071632901793e-13,  Error =1.0051858865267604e-06
Completed 70 % :  mod = 2.047720172357541e-13,  Error =1.0199232889362975e-06
Completed 71 % :  mod = 3.0822364132655625e-13,  Error =1.0346612455691684e-06
Completed 72 % :  mod = 4.640106516745925e-13,  Error =1.0493979942793885e-06
Completed 73 % :  mod = 6.986047487697358e-13,  Error =1.0641369385666621e-06
Completed 74 % :  mod = 1.0517884917126914e-12,  Error =1.0788740141265407e-06
Completed 75 % :  mod = 1.583501947069412e-12,  Error =1.0936117504911635e-06
Completed 76 % :  mod = 2.3838712475596616e-12,  Error =1.108348129719161e-06
Completed 77 % :  mod = 3.5882531002013284e-12,  Error =1.1230813541374118e-06
Completed 78 % :  mod = 5.3992877581452665e-12,  Error =1.137811068474548e-06
Completed 79 % :  mod = 8.118144464754563e-12,  Error =1.1525311762738966e-06
Completed 80 % :  mod = 1.2184951755831605e-11,  Error =1.1672298896314715e-06
Completed 81 % :  mod = 1.821828599751936e-11,  Error =1.1818802434504505e-06
Completed 82 % :  mod = 2.7001221277594586e-11,  Error =1.1964237529582533e-06
Completed 83 % :  mod = 3.925820197686651e-11,  Error =1.2107448412734811e-06
Completed 84 % :  mod = 5.481400229215281e-11,  Error =1.2246446061681127e-06
Completed 85 % :  mod = 7.073815715978663e-11,  Error =1.237888646699048e-06
Completed 86 % :  mod = 8.010923115236302e-11,  Error =1.2504690971582022e-06
Completed 87 % :  mod = 7.67657774628509e-11,  Error =1.2628726935304257e-06
Completed 88 % :  mod = 6.309042435826932e-11,  Error =1.2757573273347589e-06
Completed 89 % :  mod = 4.672238398392287e-11,  Error =1.2893541949665632e-06
Completed 90 % :  mod = 3.267475732276011e-11,  Error =1.3034936046096846e-06
Completed 91 % :  mod = 2.2218201369922864e-11,  Error =1.3179455109479932e-06
Completed 92 % :  mod = 1.4912976173286237e-11,  Error =1.3325521166507315e-06
Completed 93 % :  mod = 9.951247087693867e-12,  Error =1.347231766146706e-06
Completed 94 % :  mod = 6.623059267510637e-12,  Error =1.3619427932098915e-06
Completed 95 % :  mod = 4.402897178069514e-12,  Error =1.376668997465913e-06
Completed 96 % :  mod = 2.925482294671848e-12,  Error =1.391400736849846e-06
Completed 97 % :  mod = 1.9433264762008113e-12,  Error =1.4061370521289973e-06
Completed 98 % :  mod = 1.290828483586216e-12,  Error =1.4208725076514384e-06
Completed 99 % :  mod = 8.573930867283605e-13,  Error =1.435608055544435e-06
Completed 100 % :  mod = 5.695089235812538e-13,  Error =1.4503466161386314e-06
Finished 33/201 frames
Finished all frames!
