/opt/local/miniconda_23_9/lib/python3.11/site-packages/conda/base/context.py:201: FutureWarning: Adding 'defaults' to channel list implicitly is deprecated and will be removed in 25.3. 

To remove this warning, please choose a default channel explicitly with conda's regular configuration system, e.g. by adding 'defaults' to the list of channels:

  conda config --add channels defaults

For more information see https://docs.conda.io/projects/conda/en/stable/user-guide/configuration/use-condarc.html

  deprecated.topic(
JOB 13520 ARRAY_ID 166  -> i=166 ; range=[1.9e-10, 6.0e-10] ; intervals=200 (frames=201)
Density options: centers='2.0e-10,4.0e-10' width='5e-11,5e-11' strength=''
Completed 0 % :  mod = 3.6230419033454134e-16,  Error =-1.4210854715202004e-14
Completed 1 % :  mod = 6.1652817652831e-16,  Error =2.0649229526270574e-07
Completed 2 % :  mod = 1.73597126655711e-15,  Error =4.129840007749408e-07
Completed 3 % :  mod = 5.291629865502616e-15,  Error =6.194753581212353e-07
Completed 4 % :  mod = 1.62734199547672e-14,  Error =8.259671488985987e-07
Completed 5 % :  mod = 5.0092891457603527e-14,  Error =1.0324590888899365e-06
Completed 6 % :  mod = 1.54211383388212e-13,  Error =1.2389516328425998e-06
Completed 7 % :  mod = 4.747459543936933e-13,  Error =1.4454441625844083e-06
Completed 8 % :  mod = 1.4615249102337222e-12,  Error =1.6519350154453605e-06
Completed 9 % :  mod = 4.4993285096006014e-12,  Error =1.8584170291546798e-06
Completed 10 % :  mod = 1.3850191428436618e-11,  Error =2.064811333468697e-06
Completed 11 % :  mod = 4.260320518364066e-11,  Error =2.2703721569428126e-06
Completed 12 % :  mod = 1.3000594668045792e-10,  Error =2.46847477569645e-06
Completed 13 % :  mod = 3.478661342127223e-10,  Error =2.6210218848632394e-06
Completed 14 % :  mod = 2.5289976485795066e-10,  Error =2.727776490019096e-06
Completed 15 % :  mod = 1.0741869971272744e-10,  Error =2.9040310565164873e-06
Completed 16 % :  mod = 5.988524648769819e-11,  Error =3.103274920590593e-06
Completed 17 % :  mod = 1.1066514577143461e-10,  Error =3.3005927519980105e-06
Completed 18 % :  mod = 3.400992513526141e-10,  Error =3.461557021466888e-06
Completed 19 % :  mod = 2.9470007710457066e-10,  Error =3.568004132148417e-06
Completed 20 % :  mod = 9.406386956327124e-11,  Error =3.7369701786360565e-06
Completed 21 % :  mod = 3.699218983187247e-11,  Error =3.938266367242704e-06
Completed 22 % :  mod = 2.3188917677337996e-11,  Error =4.143869993811222e-06
Completed 23 % :  mod = 3.432927705678449e-11,  Error =4.3494882504546695e-06
Completed 24 % :  mod = 9.711494592468762e-11,  Error =4.550759555854711e-06
Completed 25 % :  mod = 2.9405575952617445e-10,  Error =4.720458363749458e-06
Completed 26 % :  mod = 3.331198946100528e-10,  Error =4.825366566763023e-06
Completed 27 % :  mod = 1.1122388346927476e-10,  Error =4.986955239871804e-06
Completed 28 % :  mod = 4.904675305606897e-11,  Error =5.185734856638646e-06
Completed 28 % :  mod = 5.999600240610334e-11,  Error =5.3890901909880995e-06
Completed 30 % :  mod = 1.4267591437907002e-10,  Error =5.585104986494116e-06
Completed 31 % :  mod = 3.3138139671571906e-10,  Error =5.734509045396408e-06
Completed 32 % :  mod = 2.5335525231262616e-10,  Error =5.844688743650295e-06
Completed 33 % :  mod = 1.26485439251574e-10,  Error =6.0196693922875966e-06
Completed 34 % :  mod = 1.0125642597068757e-10,  Error =6.212643711478449e-06
Completed 35 % :  mod = 2.3070045349155954e-10,  Error =6.384880911980417e-06
Completed 36 % :  mod = 4.1578722131735543e-10,  Error =6.500131135567244e-06
Completed 37 % :  mod = 1.537338083116047e-10,  Error =6.638415399606856e-06
Completed 38 % :  mod = 1.2098715299835915e-10,  Error =6.816168706791359e-06
Completed 39 % :  mod = 3.326897447651535e-10,  Error =6.974924730229759e-06
Completed 40 % :  mod = 3.302143678544189e-10,  Error =7.095247710253716e-06
Completed 41 % :  mod = 1.3320679608355458e-10,  Error =7.241620423314998e-06
Completed 42 % :  mod = 1.7889015885172284e-10,  Error =7.4177238360562114e-06
Completed 43 % :  mod = 3.736907996534403e-10,  Error =7.56234918952714e-06
Completed 44 % :  mod = 2.569503227461373e-10,  Error =7.673601757574033e-06
Completed 45 % :  mod = 1.1082944633147461e-10,  Error =7.839060721437363e-06
Completed 46 % :  mod = 1.485955403475462e-10,  Error =8.02816326483935e-06
Completed 47 % :  mod = 2.8374087365279406e-10,  Error =8.195404383570803e-06
Completed 48 % :  mod = 3.032222760008259e-10,  Error =8.300075059253231e-06
Completed 49 % :  mod = 1.714568708227962e-10,  Error =8.45412341732299e-06
Completed 50 % :  mod = 6.380476122950083e-11,  Error =8.647955489493597e-06
Completed 51 % :  mod = 9.526332993639155e-11,  Error =8.844418182718528e-06
Completed 52 % :  mod = 3.139676900210362e-10,  Error =9.010811396592544e-06
Completed 53 % :  mod = 3.260913265378012e-10,  Error =9.119255501843782e-06
Completed 54 % :  mod = 1.4920436930478725e-10,  Error =9.274829679384311e-06
Completed 55 % :  mod = 1.0240631922851884e-10,  Error =9.465686169107812e-06
Completed 56 % :  mod = 2.0479151196666087e-10,  Error =9.644979797940323e-06
Completed 56 % :  mod = 4.099390118918553e-10,  Error =9.772785247719185e-06
Completed 57 % :  mod = 1.6168653264706227e-10,  Error =9.89587167055106e-06
Completed 59 % :  mod = 1.5985872473979556e-10,  Error =1.0071430274649629e-05
Completed 60 % :  mod = 2.9089505536386444e-10,  Error =1.0239346913465397e-05
Completed 61 % :  mod = 3.095391618631616e-10,  Error =1.036222564465561e-05
Completed 62 % :  mod = 1.645286540972355e-10,  Error =1.0498762470945167e-05
Completed 63 % :  mod = 1.6287072374843303e-10,  Error =1.0675160602602318e-05
Completed 64 % :  mod = 2.9996301090810176e-10,  Error =1.0836893267196501e-05
Completed 65 % :  mod = 2.6870340670619514e-10,  Error =1.0944277526903079e-05
Completed 66 % :  mod = 1.6681845218035046e-10,  Error =1.1097931611914191e-05
Completed 67 % :  mod = 1.2909003192604616e-10,  Error =1.1287456068487245e-05
Completed 68 % :  mod = 1.5059576566957162e-10,  Error =1.147266063128427e-05
Completed 69 % :  mod = 3.842665057982303e-10,  Error =1.1598408207191824e-05
Completed 70 % :  mod = 2.0145382158664576e-10,  Error =1.1726583394988666e-05
Completed 71 % :  mod = 7.141500978280724e-11,  Error =1.191356536622834e-05
Completed 72 % :  mod = 6.739721576073702e-11,  Error =1.211487496988184e-05
Completed 73 % :  mod = 1.4201190557301708e-10,  Error =1.2310806162929566e-05
Completed 74 % :  mod = 3.312205408395064e-10,  Error =1.246703749302469e-05
Completed 75 % :  mod = 2.5929739025753915e-10,  Error =1.2569251559568784e-05
Completed 76 % :  mod = 1.1175407418575299e-10,  Error =1.2740862203486358e-05
Completed 77 % :  mod = 7.480267769931204e-11,  Error =1.293839285665399e-05
Completed 78 % :  mod = 1.2263588591201592e-10,  Error =1.3134027575745222e-05
Completed 79 % :  mod = 3.5032053448437644e-10,  Error =1.328778280651477e-05
Completed 80 % :  mod = 2.895163096193761e-10,  Error =1.3397464094566658e-05
Completed 81 % :  mod = 8.087288325963999e-11,  Error =1.3570626833825372e-05
Completed 82 % :  mod = 3.96013090611257e-11,  Error =1.3771517586746995e-05
Completed 83 % :  mod = 7.314496448815057e-11,  Error =1.3974927405513426e-05
Completed 84 % :  mod = 1.560289692654571e-10,  Error =1.4168921666168899e-05
Completed 85 % :  mod = 3.59732199874884e-10,  Error =1.4308784436423139e-05
Completed 86 % :  mod = 2.2397554884218673e-10,  Error =1.4425001005236027e-05
Completed 87 % :  mod = 8.673424177946096e-11,  Error =1.46076295592934e-05
Completed 88 % :  mod = 6.868460947826128e-11,  Error =1.4806762891339531e-05
Completed 89 % :  mod = 1.5776415962675616e-10,  Error =1.4998344738614833e-05
Completed 90 % :  mod = 3.9830451110140173e-10,  Error =1.5137132464815295e-05
Completed 91 % :  mod = 2.1340930072243408e-10,  Error =1.5249758540392122e-05
Completed 92 % :  mod = 8.505733747644323e-11,  Error =1.5431758775719118e-05
Completed 93 % :  mod = 4.5768022775493194e-11,  Error =1.5633106862367185e-05
Completed 94 % :  mod = 8.990992174190548e-11,  Error =1.583388800696639e-05
Completed 95 % :  mod = 2.5090346951255775e-10,  Error =1.601046020027752e-05
Completed 96 % :  mod = 3.9305388131306053e-10,  Error =1.6123380454757807e-05
Completed 97 % :  mod = 1.3906226662812574e-10,  Error =1.6267043449147423e-05
Completed 98 % :  mod = 8.770847713985186e-11,  Error =1.6455392326975016e-05
Completed 99 % :  mod = 2.1802266676578496e-10,  Error =1.663840175325504e-05
Completed 100 % :  mod = 3.6437207166307255e-10,  Error =1.6774599117752587e-05
Finished 167/201 frames
Finished all frames!
