/opt/local/miniconda_23_9/lib/python3.11/site-packages/conda/base/context.py:201: FutureWarning: Adding 'defaults' to channel list implicitly is deprecated and will be removed in 25.3. 

To remove this warning, please choose a default channel explicitly with conda's regular configuration system, e.g. by adding 'defaults' to the list of channels:

  conda config --add channels defaults

For more information see https://docs.conda.io/projects/conda/en/stable/user-guide/configuration/use-condarc.html

  deprecated.topic(
JOB 14021 ARRAY_ID 150  -> i=150 ; range=[1.9e-10, 5.0e-10] ; intervals=200 (frames=201)
Analytic t0 extension enabled (--extend-time-using-t0).
Density options: centers='2.0e-10,4.0e-10' width='2.0e-11,5.0e-11' strength='7.0'
Completed 0 % :  mod = 3.370444076377549e-16,  Error =-1.4210854715202004e-14
Completed 1 % :  mod = 5.413610350456612e-16,  Error =1.5465268177194957e-07
Completed 2 % :  mod = 1.4020247780093732e-15,  Error =3.0930489458569355e-07
Completed 3 % :  mod = 3.962505934629665e-15,  Error =4.63957732677045e-07
Completed 4 % :  mod = 1.1327136599344985e-14,  Error =6.186111249917303e-07
Completed 5 % :  mod = 3.242480868532163e-14,  Error =7.732646167823987e-07
Completed 6 % :  mod = 9.283437859158775e-14,  Error =9.279178030396906e-07
Completed 7 % :  mod = 2.657965077402807e-13,  Error =1.0825700371697167e-06
Completed 8 % :  mod = 7.610104691961342e-13,  Error =1.2372231665835898e-06
Completed 9 % :  mod = 2.1788666730723574e-12,  Error =1.3918737593598962e-06
Completed 10 % :  mod = 6.2381904470726885e-12,  Error =1.5465093525790508e-06
Completed 11 % :  mod = 1.7856136794418544e-11,  Error =1.7010142130402528e-06
Completed 12 % :  mod = 5.101445035195003e-11,  Error =1.8544566771083737e-06
Completed 13 % :  mod = 1.4327850493491071e-10,  Error =1.9998781155550205e-06
Completed 14 % :  mod = 3.308447005302601e-10,  Error =2.107031725984143e-06
Completed 15 % :  mod = 2.1691022513220145e-10,  Error =2.1904482849777196e-06
Completed 16 % :  mod = 9.59520860509355e-11,  Error =2.323740254439599e-06
Completed 17 % :  mod = 4.528588041925929e-11,  Error =2.4738187818229562e-06
Completed 18 % :  mod = 6.056287626704552e-11,  Error =2.6254649938550756e-06
Completed 19 % :  mod = 1.700315978241359e-10,  Error =2.768293668964361e-06
Completed 20 % :  mod = 3.194223098392677e-10,  Error =2.873936232106189e-06
Completed 21 % :  mod = 2.000023583671463e-10,  Error =2.9576242894790994e-06
Completed 22 % :  mod = 1.2527717811357052e-10,  Error =3.0893577545043627e-06
Completed 23 % :  mod = 9.661460344072761e-11,  Error =3.234271886753959e-06
Completed 24 % :  mod = 1.5823078112488823e-10,  Error =3.3699784651730624e-06
Completed 25 % :  mod = 3.848168851539618e-10,  Error =3.462547354615708e-06
Completed 26 % :  mod = 1.7572622047730977e-10,  Error =3.5555447226442993e-06
Completed 27 % :  mod = 8.086484641958042e-11,  Error =3.6914069880822353e-06
Completed 28 % :  mod = 9.42252442190132e-11,  Error =3.839410510408925e-06
Completed 28 % :  mod = 1.5960878647884942e-10,  Error =3.980980245898991e-06
Completed 30 % :  mod = 2.964662693015302e-10,  Error =4.0849382756391606e-06
Completed 31 % :  mod = 2.3463839323220513e-10,  Error =4.1729417858960005e-06
Completed 32 % :  mod = 1.0717179156668573e-10,  Error =4.304428294688023e-06
Completed 33 % :  mod = 9.023506916342598e-11,  Error =4.448804503454085e-06
Completed 34 % :  mod = 2.0526683133035044e-10,  Error =4.581228061795173e-06
Completed 35 % :  mod = 3.6934961979215695e-10,  Error =4.674369023405234e-06
Completed 36 % :  mod = 1.5996441027597179e-10,  Error =4.767470727529144e-06
Completed 37 % :  mod = 1.085496225650279e-10,  Error =4.8998431481095395e-06
Completed 38 % :  mod = 1.9322668498932625e-10,  Error =5.035921930129916e-06
Completed 39 % :  mod = 2.7491260573906154e-10,  Error =5.146304822289949e-06
Completed 40 % :  mod = 2.1889080233998043e-10,  Error =5.2258709359875866e-06
Completed 41 % :  mod = 2.0148330901002887e-10,  Error =5.3456542161711695e-06
Completed 42 % :  mod = 1.4748733453819167e-10,  Error =5.478489683241605e-06
Completed 43 % :  mod = 2.1733395178925673e-10,  Error =5.591448463349025e-06
Completed 44 % :  mod = 3.3365573433661354e-10,  Error =5.676334787096948e-06
Completed 45 % :  mod = 1.6361918470968854e-10,  Error =5.7873839054423115e-06
Completed 46 % :  mod = 1.448680017024283e-10,  Error =5.912812142128132e-06
Completed 47 % :  mod = 2.969806470231016e-10,  Error =6.01769476560321e-06
Completed 48 % :  mod = 3.0083859314033556e-10,  Error =6.109780969154599e-06
Completed 49 % :  mod = 1.4021986699294277e-10,  Error =6.223609830158239e-06
Completed 50 % :  mod = 1.4765410113508667e-10,  Error =6.349733517652112e-06
Completed 51 % :  mod = 3.7849082815926276e-10,  Error =6.4526535865638834e-06
Completed 52 % :  mod = 2.043944658733802e-10,  Error =6.539912767777878e-06
Completed 53 % :  mod = 1.218429654006365e-10,  Error =6.658774886147967e-06
Completed 54 % :  mod = 2.1299793432359414e-10,  Error =6.791945850181946e-06
Completed 55 % :  mod = 2.589305785899366e-10,  Error =6.905826538172732e-06
Completed 56 % :  mod = 2.56761430914187e-10,  Error =6.984669099097118e-06
Completed 56 % :  mod = 1.5827472137534374e-10,  Error =7.100109009172684e-06
Completed 57 % :  mod = 1.2472054761187035e-10,  Error =7.236859637771431e-06
Completed 59 % :  mod = 2.035349159592219e-10,  Error =7.363333430987495e-06
Completed 60 % :  mod = 3.264423822015719e-10,  Error =7.447613135980191e-06
Completed 61 % :  mod = 2.129698267601084e-10,  Error =7.5488293731496015e-06
Completed 62 % :  mod = 9.418038827367485e-11,  Error =7.683062506202987e-06
Completed 63 % :  mod = 1.3320200750705866e-10,  Error =7.820112749357122e-06
Completed 64 % :  mod = 3.5742686557604255e-10,  Error =7.929471692591505e-06
Completed 65 % :  mod = 2.0598743727328607e-10,  Error =8.01054387267186e-06
Completed 66 % :  mod = 1.3467358533762385e-10,  Error =8.134562072825702e-06
Completed 67 % :  mod = 1.1723589658705118e-10,  Error =8.278285875462643e-06
Completed 68 % :  mod = 1.3533320896448383e-10,  Error =8.417812708216843e-06
Completed 69 % :  mod = 3.329027115145721e-10,  Error =8.518314238870062e-06
Completed 70 % :  mod = 2.191696661229364e-10,  Error =8.608099442142247e-06
Completed 71 % :  mod = 9.451650224731347e-11,  Error =8.74058755329088e-06
Completed 72 % :  mod = 9.351162176944231e-11,  Error =8.887198568174881e-06
Completed 73 % :  mod = 1.7199739455498417e-10,  Error =9.026151346347433e-06
Completed 74 % :  mod = 3.416578691800823e-10,  Error =9.129702029042619e-06
Completed 75 % :  mod = 1.8744791990941178e-10,  Error =9.213255239615137e-06
Completed 76 % :  mod = 1.1370536992552858e-10,  Error =9.342958321667538e-06
Completed 77 % :  mod = 1.4138151608996846e-10,  Error =9.485107618445454e-06
Completed 78 % :  mod = 1.88754508241139e-10,  Error =9.614154372172834e-06
Completed 79 % :  mod = 3.4907950900272726e-10,  Error =9.697116176710097e-06
Completed 80 % :  mod = 1.7782909311187102e-10,  Error =9.800429296547009e-06
Completed 81 % :  mod = 8.264755318603343e-11,  Error =9.93836614071597e-06
Completed 82 % :  mod = 1.276694597866113e-10,  Error =1.0081913565329614e-05
Completed 83 % :  mod = 2.904716477560764e-10,  Error =1.0204029436522433e-05
Completed 84 % :  mod = 2.764677382062591e-10,  Error =1.0285792598097032e-05
Completed 85 % :  mod = 1.3483930990407357e-10,  Error =1.0401675346827233e-05
Completed 86 % :  mod = 5.710743333050506e-11,  Error =1.0547482801825936e-05
Completed 87 % :  mod = 6.985335700107096e-11,  Error =1.0697317584629218e-05
Completed 88 % :  mod = 1.7265558308232845e-10,  Error =1.0837368506599887e-05
Completed 89 % :  mod = 3.558394690769691e-10,  Error =1.0934858593714125e-05
Completed 90 % :  mod = 1.9427438099108176e-10,  Error =1.102364026195346e-05
Completed 91 % :  mod = 8.443716054240583e-11,  Error =1.1159759267798108e-05
Completed 92 % :  mod = 5.0670371178087985e-11,  Error =1.1309455132391122e-05
Completed 93 % :  mod = 1.0214602966384559e-10,  Error =1.145785778788877e-05
Completed 94 % :  mod = 2.459746604297042e-10,  Error =1.1585028452998358e-05
Completed 95 % :  mod = 3.4023124929707924e-10,  Error =1.166874966429532e-05
Completed 96 % :  mod = 1.376995618520617e-10,  Error =1.1777783115007878e-05
Completed 97 % :  mod = 7.844753558242247e-11,  Error =1.1918963302548491e-05
Completed 98 % :  mod = 1.5433622687810442e-10,  Error =1.206081824989269e-05
Completed 99 % :  mod = 2.8963789671339305e-10,  Error =1.217679589871068e-05
Completed 100 % :  mod = 2.3979469481363526e-10,  Error =1.2253826760399988e-05
Finished 151/201 frames
Finished all frames!
