/opt/local/miniconda_23_9/lib/python3.11/site-packages/conda/base/context.py:201: FutureWarning: Adding 'defaults' to channel list implicitly is deprecated and will be removed in 25.3. 

To remove this warning, please choose a default channel explicitly with conda's regular configuration system, e.g. by adding 'defaults' to the list of channels:

  conda config --add channels defaults

For more information see https://docs.conda.io/projects/conda/en/stable/user-guide/configuration/use-condarc.html

  deprecated.topic(
JOB 13905 ARRAY_ID 34  -> i=34 ; range=[1.9e-10, 5.0e-10] ; intervals=200 (frames=201)
Analytic t0 extension enabled (--extend-time-using-t0).
Density options: centers='2.0e-10,4.0e-10' width='2.0e-11,5.0e-11' strength='7.0'
Extending simulation time for p0=2.247e-10 from 10000000000.0 to 1.169e+10
Completed 0 % :  mod = 1.7976263041662496e-16,  Error =-1.4210854715202004e-14
Completed 1 % :  mod = 1.9514591170300552e-16,  Error =1.4628056987930904e-08
Completed 2 % :  mod = 2.4392861603080243e-16,  Error =2.9256085554152378e-08
Completed 3 % :  mod = 3.3445005475305945e-16,  Error =4.388211038985901e-08
Completed 4 % :  mod = 4.822187597588354e-16,  Error =5.850972684129374e-08
Completed 5 % :  mod = 7.124954911105091e-16,  Error =7.313581562584659e-08
Completed 6 % :  mod = 1.0647322921333724e-15,  Error =8.776343207728132e-08
Completed 7 % :  mod = 1.5991433040252736e-15,  Error =1.0238984771149262e-07
Completed 8 % :  mod = 2.4072862558806113e-15,  Error =1.170169028341661e-07
Completed 9 % :  mod = 3.627311456823182e-15,  Error =1.3164383005914715e-07
Completed 10 % :  mod = 5.468239205203922e-15,  Error =1.46272164158745e-07
Completed 11 % :  mod = 8.244772138647262e-15,  Error =1.6089813215103277e-07
Completed 12 % :  mod = 1.2432598574661645e-14,  Error =1.755265515157589e-07
Completed 13 % :  mod = 1.874761840203296e-14,  Error =1.9015416796719364e-07
Completed 14 % :  mod = 2.827174946713861e-14,  Error =2.047827365458943e-07
Completed 15 % :  mod = 4.2633120826474333e-14,  Error =2.1941007588566208e-07
Completed 16 % :  mod = 6.429218554976254e-14,  Error =2.340376425991053e-07
Completed 17 % :  mod = 9.695491253176195e-14,  Error =2.486655219513523e-07
Completed 18 % :  mod = 1.4620639136012595e-13,  Error =2.632927333934276e-07
Completed 19 % :  mod = 2.2048450037175837e-13,  Error =2.7792054879682837e-07
Completed 20 % :  mod = 3.324865453984229e-13,  Error =2.925467583736463e-07
Completed 21 % :  mod = 5.013999316987972e-13,  Error =3.07174751412731e-07
Completed 22 % :  mod = 7.560955931069883e-13,  Error =3.218021191742082e-07
Completed 23 % :  mod = 1.1401938969331964e-12,  Error =3.36429657465942e-07
Completed 24 % :  mod = 1.7193033122496563e-12,  Error =3.5105559703652034e-07
Completed 25 % :  mod = 2.5924601194933085e-12,  Error =3.6568098948919214e-07
Completed 26 % :  mod = 3.90831379097646e-12,  Error =3.8030390214771614e-07
Completed 27 % :  mod = 5.890196135286994e-12,  Error =3.9492270786922745e-07
Completed 28 % :  mod = 8.869702448289176e-12,  Error =4.095290364602988e-07
Completed 29 % :  mod = 1.3332737207245208e-11,  Error =4.2411078737814023e-07
Completed 30 % :  mod = 1.9959174703171766e-11,  Error =4.3863579435310385e-07
Completed 31 % :  mod = 2.9608004623834776e-11,  Error =4.5303801243790076e-07
Completed 32 % :  mod = 4.304481384637016e-11,  Error =4.671826516755573e-07
Completed 33 % :  mod = 5.997464573369758e-11,  Error =4.808431555147763e-07
Completed 34 % :  mod = 7.69389199307628e-11,  Error =4.937641051583341e-07
Completed 35 % :  mod = 8.616635738338716e-11,  Error =5.05969389053007e-07
Completed 36 % :  mod = 8.139480934089793e-11,  Error =5.180416096095541e-07
Completed 37 % :  mod = 6.604938491237846e-11,  Error =5.306894621526226e-07
Completed 38 % :  mod = 4.848875804628259e-11,  Error =5.441220949364833e-07
Completed 39 % :  mod = 3.372701287737471e-11,  Error =5.581332800375094e-07
Completed 40 % :  mod = 2.2853825592678122e-11,  Error =5.724688705299741e-07
Completed 41 % :  mod = 1.5301982714536354e-11,  Error =5.86962549675718e-07
Completed 42 % :  mod = 1.0190295565984907e-11,  Error =6.015313047669224e-07
Completed 43 % :  mod = 6.7702647772847324e-12,  Error =6.161315369013209e-07
Completed 44 % :  mod = 4.493174323944542e-12,  Error =6.307479907263769e-07
Completed 45 % :  mod = 2.980680688261733e-12,  Error =6.453697380948142e-07
Completed 46 % :  mod = 1.9768506391836106e-12,  Error =6.599960613584699e-07
Completed 47 % :  mod = 1.3110221603358837e-12,  Error =6.74621837504219e-07
Completed 48 % :  mod = 8.693973338529906e-13,  Error =6.892493544796707e-07
Completed 49 % :  mod = 5.765377568419527e-13,  Error =7.03877041985379e-07
Completed 50 % :  mod = 3.823560077673739e-13,  Error =7.185037986801035e-07
Completed 51 % :  mod = 2.535920348229902e-13,  Error =7.331312659175637e-07
Completed 52 % :  mod = 1.6823618116713382e-13,  Error =7.477585128867759e-07
Completed 53 % :  mod = 1.1166488342748969e-13,  Error =7.623860085459455e-07
Completed 54 % :  mod = 7.420746306339531e-14,  Error =7.770118202188314e-07
Completed 55 % :  mod = 4.9446852979670725e-14,  Error =7.916404101138141e-07
Completed 56 % :  mod = 3.315032699945781e-14,  Error =8.062666552177689e-07
Completed 57 % :  mod = 2.252577771194909e-14,  Error =8.208950887933497e-07
Completed 58 % :  mod = 1.5756951477653335e-14,  Error =8.355223002354251e-07
Completed 59 % :  mod = 1.1684233051569916e-14,  Error =8.501498953705777e-07
Completed 60 % :  mod = 9.611406426660616e-15,  Error =8.647771707614993e-07
Completed 61 % :  mod = 9.18332392049827e-15,  Error =8.794056256533622e-07
Completed 62 % :  mod = 1.0326794431733326e-14,  Error =8.940319062844537e-07
Completed 63 % :  mod = 1.3237730952012784e-14,  Error =9.086597501095639e-07
Completed 64 % :  mod = 1.8413778475131032e-14,  Error =9.232868052322374e-07
Completed 65 % :  mod = 2.674171723135004e-14,  Error =9.379131000741836e-07
Completed 66 % :  mod = 3.96464841677309e-14,  Error =9.525421091893804e-07
Completed 67 % :  mod = 5.933468915776061e-14,  Error =9.671685461398738e-07
Completed 68 % :  mod = 8.917953925028021e-14,  Error =9.817960773261802e-07
Completed 69 % :  mod = 1.342828940881573e-13,  Error =9.964229548131698e-07
Completed 70 % :  mod = 2.0237166530913628e-13,  Error =1.0110508341654167e-06
Completed 71 % :  mod = 3.050852934545198e-13,  Error =1.0256764042537725e-06
Completed 72 % :  mod = 4.600208577911059e-13,  Error =1.0403045607176864e-06
Completed 73 % :  mod = 6.936605220826362e-13,  Error =1.0549319782171551e-06
Completed 74 % :  mod = 1.0460191457587057e-12,  Error =1.0695591043941022e-06
Completed 75 % :  mod = 1.5772921762814652e-12,  Error =1.084184894750706e-06
Completed 76 % :  mod = 2.3783647365741513e-12,  Error =1.0988117864485503e-06
Completed 77 % :  mod = 3.5857013560898837e-12,  Error =1.1134351538544252e-06
Completed 78 % :  mod = 5.404514122984396e-12,  Error =1.1280564962135031e-06
Completed 79 % :  mod = 8.140166055729215e-12,  Error =1.1426666262082108e-06
Completed 80 % :  mod = 1.2242365906074918e-11,  Error =1.1572562854667012e-06
Completed 81 % :  mod = 1.8348607469052583e-11,  Error =1.1717977130842883e-06
Completed 82 % :  mod = 2.7287837856208476e-11,  Error =1.1862342006452309e-06
Completed 83 % :  mod = 3.9895642457076474e-11,  Error =1.2004491978245824e-06
Completed 84 % :  mod = 5.623372936081318e-11,  Error =1.2142326184516605e-06
Completed 85 % :  mod = 7.371325505350093e-11,  Error =1.2273223646275255e-06
Completed 86 % :  mod = 8.529780407364141e-11,  Error =1.2396483342058673e-06
Completed 87 % :  mod = 8.353688529513653e-11,  Error =1.2516813754359646e-06
Completed 88 % :  mod = 6.971416751733405e-11,  Error =1.2641703932558812e-06
Completed 89 % :  mod = 5.203695486304302e-11,  Error =1.2774479216659529e-06
Completed 90 % :  mod = 3.6501475104233166e-11,  Error =1.2913593678831603e-06
Completed 91 % :  mod = 2.4831938958115472e-11,  Error =1.3056431811264702e-06
Completed 92 % :  mod = 1.6656263924854143e-11,  Error =1.3201133555185152e-06
Completed 93 % :  mod = 1.1101018267155038e-11,  Error =1.3346708840344945e-06
Completed 94 % :  mod = 7.377936119311526e-12,  Error =1.3492673289761115e-06
Completed 95 % :  mod = 4.897232119922896e-12,  Error =1.3638820703931742e-06
Completed 96 % :  mod = 3.24895041225228e-12,  Error =1.3785035832825088e-06
Completed 97 % :  mod = 2.1548398332353117e-12,  Error =1.3931297502267626e-06
Completed 98 % :  mod = 1.429037552794769e-12,  Error =1.4077565211323417e-06
Completed 99 % :  mod = 9.477085391001548e-13,  Error =1.4223820130609965e-06
Completed 100 % :  mod = 6.284864204705818e-13,  Error =1.4370098355698246e-06
Finished 35/201 frames
Finished all frames!
