/opt/local/miniconda_23_9/lib/python3.11/site-packages/conda/base/context.py:201: FutureWarning: Adding 'defaults' to channel list implicitly is deprecated and will be removed in 25.3. 

To remove this warning, please choose a default channel explicitly with conda's regular configuration system, e.g. by adding 'defaults' to the list of channels:

  conda config --add channels defaults

For more information see https://docs.conda.io/projects/conda/en/stable/user-guide/configuration/use-condarc.html

  deprecated.topic(
JOB 13580 ARRAY_ID 23  -> i=23 ; range=[2.0e-10, 2.09e-10] ; intervals=40 (frames=41)
Completed 0 % :  mod = 1.6403902438217082e-16,  Error =-1.4210854715202004e-14
Completed 1 % :  mod = 1.6611389284953435e-16,  Error =8.677595531025872e-09
Completed 2 % :  mod = 1.7239098141392534e-16,  Error =1.7354452097606554e-08
Completed 3 % :  mod = 1.8302909039988415e-16,  Error =2.6032381583718234e-08
Completed 4 % :  mod = 1.9829732813045386e-16,  Error =3.4710005536453536e-08
Completed 5 % :  mod = 2.1858194292205216e-16,  Error =4.338881609555756e-08
Completed 6 % :  mod = 2.443960772499533e-16,  Error =5.206685926850696e-08
Completed 7 % :  mod = 2.763927529846403e-16,  Error =6.074446901038755e-08
Completed 8 % :  mod = 3.1538140549147903e-16,  Error =6.94216666374814e-08
Completed 9 % :  mod = 3.623483405827485e-16,  Error =7.809963875615722e-08
Completed 10 % :  mod = 4.184816828019031e-16,  Error =8.677736218487553e-08
Completed 11 % :  mod = 4.852014625156922e-16,  Error =9.545437507085808e-08
Completed 12 % :  mod = 5.641955042824087e-16,  Error =1.0413257456320935e-07
Completed 13 % :  mod = 6.574621374439391e-16,  Error =1.1281088063697098e-07
Completed 14 % :  mod = 7.673607450295986e-16,  Error =1.2148856143312514e-07
Completed 15 % :  mod = 8.96671462828506e-16,  Error =1.3016638433782646e-07
Completed 16 % :  mod = 1.0486655007534913e-15,  Error =1.3884365301919388e-07
Completed 17 % :  mod = 1.2271878760500974e-15,  Error =1.475217246138527e-07
Completed 18 % :  mod = 1.4367547265461526e-15,  Error =1.5619974647052004e-07
Completed 19 % :  mod = 1.6826675152396455e-15,  Error =1.6487754095351193e-07
Completed 20 % :  mod = 1.971147152568569e-15,  Error =1.7355576886757262e-07
Completed 21 % :  mod = 2.3094913782758074e-15,  Error =1.8223396125449653e-07
Completed 22 % :  mod = 2.7062593728707138e-15,  Error =1.9091127967385546e-07
Completed 23 % :  mod = 3.1714882708102794e-15,  Error =1.9958866914748796e-07
Completed 24 % :  mod = 3.716947078994394e-15,  Error =2.0826612967539404e-07
Completed 25 % :  mod = 4.356434404400712e-15,  Error =2.1694412311035194e-07
Completed 26 % :  mod = 5.106127513859992e-15,  Error =2.2562144863513822e-07
Completed 27 % :  mod = 5.984991580061497e-15,  Error =2.3429812756603496e-07
Completed 28 % :  mod = 7.015259430643541e-15,  Error =2.429756804644967e-07
Completed 28 % :  mod = 8.22299400697009e-15,  Error =2.516537875862923e-07
Completed 30 % :  mod = 9.638747674331658e-15,  Error =2.603315110150106e-07
Completed 31 % :  mod = 1.129833506976801e-14,  Error =2.6900917760031007e-07
Completed 32 % :  mod = 1.3243739165467366e-14,  Error =2.77687469463217e-07
Completed 33 % :  mod = 1.5524173322040606e-14,  Error =2.863653634221919e-07
Completed 34 % :  mod = 1.8197326175335736e-14,  Error =2.950426676306961e-07
Completed 35 % :  mod = 2.1330821046495455e-14,  Error =3.03719012606507e-07
Completed 36 % :  mod = 2.5003926627409433e-14,  Error =3.1239616049560937e-07
Completed 37 % :  mod = 2.930956215833619e-14,  Error =3.210729033753523e-07
Completed 38 % :  mod = 3.4356648029479633e-14,  Error =3.2975034258697633e-07
Completed 39 % :  mod = 4.0272861099343536e-14,  Error =3.384287623475757e-07
Completed 40 % :  mod = 4.720786439372271e-14,  Error =3.4710602392351575e-07
Completed 41 % :  mod = 5.5337093029165595e-14,  Error =3.557835697165501e-07
Completed 42 % :  mod = 6.486619186692326e-14,  Error =3.6446044759941287e-07
Completed 43 % :  mod = 7.6036217246555e-14,  Error =3.731383557692425e-07
Completed 44 % :  mod = 8.912973426683078e-14,  Error =3.818153047063788e-07
Completed 45 % :  mod = 1.0447796347748637e-13,  Error =3.904922394326604e-07
Completed 46 % :  mod = 1.2246915767121554e-13,  Error =3.991690817883864e-07
Completed 47 % :  mod = 1.4355842020502195e-13,  Error =4.078465067891557e-07
Completed 48 % :  mod = 1.6827921210064394e-13,  Error =4.165227736052657e-07
Completed 49 % :  mod = 1.9725683804746765e-13,  Error =4.2520078835650565e-07
Completed 50 % :  mod = 2.312242503294016e-13,  Error =4.3387816361928344e-07
Completed 51 % :  mod = 2.7104056680108266e-13,  Error =4.425560433674036e-07
Completed 52 % :  mod = 3.177127661755022e-13,  Error =4.5123357494958327e-07
Completed 53 % :  mod = 3.724211006288895e-13,  Error =4.5991096442321577e-07
Completed 54 % :  mod = 4.3654885423598256e-13,  Error =4.685881336286002e-07
Completed 55 % :  mod = 5.117171773637657e-13,  Error =4.772659281115921e-07
Completed 56 % :  mod = 5.998258414797468e-13,  Error =4.859427846781728e-07
Completed 56 % :  mod = 7.031008860094531e-13,  Error =4.946206715317203e-07
Completed 57 % :  mod = 8.241502674512039e-13,  Error =5.032981746921905e-07
Completed 59 % :  mod = 9.660287650218206e-13,  Error =5.119759265426183e-07
Completed 60 % :  mod = 1.1323135377200899e-12,  Error =5.206530175883017e-07
Completed 61 % :  mod = 1.3271918472854675e-12,  Error =5.293299523145834e-07
Completed 62 % :  mod = 1.5555625271696e-12,  Error =5.380076544270196e-07
Completed 63 % :  mod = 1.8231527376535207e-12,  Error =5.466850794277889e-07
Completed 64 % :  mod = 2.1366513124055065e-12,  Error =5.553612822950527e-07
Completed 65 % :  mod = 2.503859424793152e-12,  Error =5.64037733852274e-07
Completed 66 % :  mod = 2.933858149786228e-12,  Error =5.727135672373151e-07
Completed 67 % :  mod = 3.4371903912979792e-12,  Error =5.813887256067574e-07
Completed 68 % :  mod = 4.026050990271541e-12,  Error =5.900630952737629e-07
Completed 69 % :  mod = 4.714472704782515e-12,  Error =5.98734914092347e-07
Completed 70 % :  mod = 5.51848575639791e-12,  Error =6.074065268535378e-07
Completed 71 % :  mod = 6.456212696476001e-12,  Error =6.160741250482715e-07
Completed 72 % :  mod = 7.547835546498598e-12,  Error =6.247386252766773e-07
Completed 73 % :  mod = 8.81533469569026e-12,  Error =6.333985140827281e-07
Completed 74 % :  mod = 1.0281844610343532e-11,  Error =6.420521998506956e-07
Completed 75 % :  mod = 1.1970396846970606e-11,  Error =6.506964211894228e-07
Completed 76 % :  mod = 1.3901728236760069e-11,  Error =6.593290606815572e-07
Completed 77 % :  mod = 1.6090737726384828e-11,  Error =6.679468427250868e-07
Completed 78 % :  mod = 1.8541126382771223e-11,  Error =6.765460582869309e-07
Completed 79 % :  mod = 2.1237854441797047e-11,  Error =6.851198079971255e-07
Completed 80 % :  mod = 2.4137479055569508e-11,  Error =6.936622654052371e-07
Completed 81 % :  mod = 2.7157441665790957e-11,  Error =7.021665240358743e-07
Completed 82 % :  mod = 3.016712301012173e-11,  Error =7.106279014124084e-07
Completed 83 % :  mod = 3.298570079486084e-11,  Error =7.19043846686418e-07
Completed 84 % :  mod = 3.5393271348501585e-11,  Error =7.274135924717484e-07
Completed 85 % :  mod = 3.715996283376613e-11,  Error =7.3574598502546e-07
Completed 86 % :  mod = 3.809083736733494e-11,  Error =7.440516611723069e-07
Completed 87 % :  mod = 3.807384415791651e-11,  Error =7.523486402760682e-07
Completed 88 % :  mod = 3.711108773564119e-11,  Error =7.606547995919755e-07
Completed 89 % :  mod = 3.531821696077865e-11,  Error =7.689878458450039e-07
Completed 90 % :  mod = 3.289224650802346e-11,  Error =7.773600501082001e-07
Completed 91 % :  mod = 3.00633907742028e-11,  Error =7.857773098862708e-07
Completed 92 % :  mod = 2.705056326531391e-11,  Error =7.942406980987471e-07
Completed 93 % :  mod = 2.4032914447878786e-11,  Error =8.027475004723783e-07
Completed 94 % :  mod = 2.113928026641894e-11,  Error =8.112908247426276e-07
Completed 95 % :  mod = 1.8450670632746185e-11,  Error =8.198655123692333e-07
Completed 96 % :  mod = 1.6009349015166858e-11,  Error =8.284644295031285e-07
Completed 97 % :  mod = 1.3829543598040565e-11,  Error =8.370831494630693e-07
Completed 98 % :  mod = 1.1907045219400127e-11,  Error =8.457159665908875e-07
Completed 99 % :  mod = 1.0226670810968315e-11,  Error =8.543613603251288e-07
Completed 100 % :  mod = 8.76755206200628e-12,  Error =8.630146766108737e-07
Finished 24/41 frames
Finished all frames!
