/opt/local/miniconda_23_9/lib/python3.11/site-packages/conda/base/context.py:201: FutureWarning: Adding 'defaults' to channel list implicitly is deprecated and will be removed in 25.3. 

To remove this warning, please choose a default channel explicitly with conda's regular configuration system, e.g. by adding 'defaults' to the list of channels:

  conda config --add channels defaults

For more information see https://docs.conda.io/projects/conda/en/stable/user-guide/configuration/use-condarc.html

  deprecated.topic(
JOB 13369 ARRAY_ID 15  -> i=15 ; range=[1.9e-10, 6.0e-10] ; intervals=200 (frames=201)
Density options: centers='2.0e-10,4.0e-10' width='5e-11,5e-11' strength=''
Completed 0 % :  mod = 1.6601693265098605e-16,  Error =-1.4210854715202004e-14
Completed 1 % :  mod = 1.6914834630025922e-16,  Error =9.103757747652708e-09
Completed 2 % :  mod = 1.7866071598077922e-16,  Error =1.820740891389505e-08
Completed 3 % :  mod = 1.9491288908248625e-16,  Error =2.731078296847045e-08
Completed 4 % :  mod = 2.1851795626237054e-16,  Error =3.641467571924295e-08
Completed 5 % :  mod = 2.5036640200676987e-16,  Error =4.55188953196739e-08
Completed 6 % :  mod = 2.9165967627351787e-16,  Error =5.4622518064206815e-08
Completed 7 % :  mod = 3.439555265744514e-16,  Error =6.37266808212189e-08
Completed 8 % :  mod = 4.092267618684032e-16,  Error =7.283071568053856e-08
Completed 9 % :  mod = 4.899356816006353e-16,  Error =8.193433131964412e-08
Completed 10 % :  mod = 5.891269463721375e-16,  Error =9.103836617896377e-08
Completed 11 % :  mod = 7.105424489765818e-16,  Error =1.0014211682118912e-07
Completed 12 % :  mod = 8.587624737541316e-16,  Error =1.0924624405106442e-07
Completed 13 % :  mod = 1.039378475286057e-15,  Error =1.1834988811187941e-07
Completed 14 % :  mod = 1.2592040133800439e-15,  Error =1.2745275057568506e-07
Completed 15 % :  mod = 1.5265317986183642e-15,  Error =1.3655616015739724e-07
Completed 16 % :  mod = 1.851446504354993e-15,  Error =1.4565944894684435e-07
Completed 17 % :  mod = 2.2462052280764604e-15,  Error =1.5476357617671965e-07
Completed 18 % :  mod = 2.7256998573952248e-15,  Error =1.6386758261432988e-07
Completed 19 % :  mod = 3.3080188553978556e-15,  Error =1.7297068666266568e-07
Completed 20 % :  mod = 4.015129643498154e-15,  Error =1.8207455099172876e-07
Completed 21 % :  mod = 4.873707285760664e-15,  Error =1.9117836558280032e-07
Completed 22 % :  mod = 5.916140783739244e-15,  Error =2.0028205938160681e-07
Completed 23 % :  mod = 7.181754935307064e-15,  Error =2.0938627898203777e-07
Completed 24 % :  mod = 8.718293783099757e-15,  Error =2.1849034226306685e-07
Completed 25 % :  mod = 1.058372176142177e-14,  Error =2.2759406448358277e-07
Completed 26 % :  mod = 1.2848410313143864e-14,  Error =2.3669758064670532e-07
Completed 27 % :  mod = 1.5597792566491742e-14,  Error =2.458023828921796e-07
Completed 28 % :  mod = 1.8935586246710094e-14,  Error =2.5490634669722567e-07
Completed 28 % :  mod = 2.298770627561854e-14,  Error =2.640103531348359e-07
Completed 30 % :  mod = 2.7907014751485785e-14,  Error =2.7311455852441213e-07
Completed 31 % :  mod = 3.3879087477421495e-14,  Error =2.8221789705185074e-07
Completed 32 % :  mod = 4.1129214502156137e-14,  Error =2.913219816491619e-07
Completed 33 % :  mod = 4.993089875015401e-14,  Error =3.0042546228514766e-07
Completed 34 % :  mod = 6.061617329557053e-14,  Error =3.0952935503592016e-07
Completed 35 % :  mod = 7.358812630888611e-14,  Error =3.186326225090852e-07
Completed 36 % :  mod = 8.933610596724002e-14,  Error =3.2773566971400214e-07
Completed 37 % :  mod = 1.0845417849964324e-13,  Error =3.3683889455460303e-07
Completed 38 % :  mod = 1.3166353491672614e-13,  Error =3.45942041235503e-07
Completed 39 % :  mod = 1.5983969037092992e-13,  Error =3.550457279288821e-07
Completed 40 % :  mod = 1.940454998267838e-13,  Error =3.641500114781593e-07
Completed 41 % :  mod = 2.3557123123518636e-13,  Error =3.7325401081034215e-07
Completed 42 % :  mod = 2.8598320028727824e-13,  Error =3.823581167239354e-07
Completed 43 % :  mod = 3.4718278774456287e-13,  Error =3.9146134866996363e-07
Completed 44 % :  mod = 4.2147804119728814e-13,  Error =4.0056445271829944e-07
Completed 45 % :  mod = 5.116705185344791e-13,  Error =4.096681323062512e-07
Completed 46 % :  mod = 6.211605707450497e-13,  Error =4.1877108003518515e-07
Completed 47 % :  mod = 7.540748954613059e-13,  Error =4.278749656805303e-07
Completed 48 % :  mod = 9.15420922091989e-13,  Error =4.36978524476217e-07
Completed 49 % :  mod = 1.1112734038506824e-12,  Error =4.4608214011532255e-07
Completed 50 % :  mod = 1.3489994533298702e-12,  Error =4.551847538891707e-07
Completed 51 % :  mod = 1.6375290769276633e-12,  Error =4.642876234584037e-07
Completed 52 % :  mod = 1.9876788525617465e-12,  Error =4.7339096909126965e-07
Completed 53 % :  mod = 2.412536389595824e-12,  Error =4.824929078495188e-07
Completed 54 % :  mod = 2.927911924625745e-12,  Error =4.915945979178105e-07
Completed 55 % :  mod = 3.5528595852583874e-12,  Error =5.006960037690078e-07
Completed 56 % :  mod = 4.310262239532602e-12,  Error =5.097954556276818e-07
Completed 56 % :  mod = 5.227456462576429e-12,  Error =5.188934082411834e-07
Completed 57 % :  mod = 6.336841129611169e-12,  Error =5.27988262888357e-07
Completed 59 % :  mod = 7.676352976651768e-12,  Error =5.370793161318943e-07
Completed 60 % :  mod = 9.289586686000458e-12,  Error =5.461644931870069e-07
Completed 61 % :  mod = 1.1225158104810381e-11,  Error =5.552402058128791e-07
Completed 62 % :  mod = 1.3534621514854018e-11,  Error =5.643027449764304e-07
Completed 63 % :  mod = 1.626782448615909e-11,  Error =5.733460000101331e-07
Completed 64 % :  mod = 1.946403470403011e-11,  Error =5.823640378821437e-07
Completed 65 % :  mod = 2.3136683023192608e-11,  Error =5.913458380746306e-07
Completed 66 % :  mod = 2.7249708532361082e-11,  Error =6.002790229331367e-07
Completed 67 % :  mod = 3.1685537819866034e-11,  Error =6.091491542292715e-07
Completed 68 % :  mod = 3.621064493096506e-11,  Error =6.179429021813121e-07
Completed 69 % :  mod = 4.0455540842547734e-11,  Error =6.266518823849765e-07
Completed 70 % :  mod = 4.3937626655842626e-11,  Error =6.352777006668475e-07
Completed 71 % :  mod = 4.6152664261174966e-11,  Error =6.438359889671119e-07
Completed 72 % :  mod = 4.672534586116879e-11,  Error =6.523614004549927e-07
Completed 73 % :  mod = 4.555144670194948e-11,  Error =6.60893597626e-07
Completed 74 % :  mod = 4.284139771070203e-11,  Error =6.694734437928673e-07
Completed 75 % :  mod = 3.9034096838157305e-11,  Error =6.781259500598935e-07
Completed 76 % :  mod = 3.464115927101606e-11,  Error =6.868642259405533e-07
Completed 77 % :  mod = 3.011227033695925e-11,  Error =6.956861682283488e-07
Completed 78 % :  mod = 2.5769183975239537e-11,  Error =7.045800742844222e-07
Completed 79 % :  mod = 2.180143580415547e-11,  Error =7.135317616757675e-07
Completed 80 % :  mod = 1.8294129860867124e-11,  Error =7.225278295663884e-07
Completed 81 % :  mod = 1.5262795591773332e-11,  Error =7.315556089793063e-07
Completed 82 % :  mod = 1.2682756944260755e-11,  Error =7.406068789350684e-07
Completed 83 % :  mod = 1.0509694680234086e-11,  Error =7.49675088229651e-07
Completed 84 % :  mod = 8.69241505584126e-12,  Error =7.587531243302692e-07
Completed 85 % :  mod = 7.1800220215516685e-12,  Error =7.678397082599986e-07
Completed 86 % :  mod = 5.9255083913484705e-12,  Error =7.76931457835417e-07
Completed 87 % :  mod = 4.887231960954465e-12,  Error =7.860264901182745e-07
Completed 88 % :  mod = 4.029227219314982e-12,  Error =7.951257074978457e-07
Completed 89 % :  mod = 3.3209266363725594e-12,  Error =8.042258414775461e-07
Completed 90 % :  mod = 2.7366200265763006e-12,  Error =8.133267712651104e-07
Completed 91 % :  mod = 2.254830805318825e-12,  Error =8.224281060620342e-07
Completed 92 % :  mod = 1.8577007307589838e-12,  Error =8.315302864048135e-07
Completed 93 % :  mod = 1.5304257208462604e-12,  Error =8.406329712329352e-07
Completed 94 % :  mod = 1.2607587969041886e-12,  Error =8.497364660797757e-07
Completed 95 % :  mod = 1.0385824832372588e-12,  Error =8.588399396103341e-07
Completed 96 % :  mod = 8.555463949632184e-13,  Error =8.679429512881143e-07
Completed 97 % :  mod = 7.047630038380644e-13,  Error =8.770462187612793e-07
Completed 98 % :  mod = 5.805538402608863e-13,  Error =8.861491096467944e-07
Completed 99 % :  mod = 4.78238648843069e-13,  Error =8.952534713557725e-07
Completed 100 % :  mod = 3.939607145550055e-13,  Error =9.043571793654337e-07
Finished 16/201 frames
Finished all frames!
