/opt/local/miniconda_23_9/lib/python3.11/site-packages/conda/base/context.py:201: FutureWarning: Adding 'defaults' to channel list implicitly is deprecated and will be removed in 25.3. 

To remove this warning, please choose a default channel explicitly with conda's regular configuration system, e.g. by adding 'defaults' to the list of channels:

  conda config --add channels defaults

For more information see https://docs.conda.io/projects/conda/en/stable/user-guide/configuration/use-condarc.html

  deprecated.topic(
JOB 13477 ARRAY_ID 123  -> i=123 ; range=[1.9e-10, 6.0e-10] ; intervals=200 (frames=201)
Density options: centers='2.0e-10,4.0e-10' width='5e-11,5e-11' strength=''
Completed 0 % :  mod = 3.1656799442582513e-16,  Error =-1.4210854715202004e-14
Completed 1 % :  mod = 4.84506847315673e-16,  Error =1.20358528477027e-07
Completed 2 % :  mod = 1.1665060385587078e-15,  Error =2.407170711649087e-07
Completed 3 % :  mod = 3.0861646805296274e-15,  Error =3.6107550727138005e-07
Completed 4 % :  mod = 8.280234967759197e-15,  Error =4.814349168213994e-07
Completed 5 % :  mod = 2.2259610216574913e-14,  Error =6.01793615828683e-07
Completed 6 % :  mod = 5.985636633608082e-14,  Error =7.221530964329759e-07
Completed 7 % :  mod = 1.6096054694615547e-13,  Error =8.425109854215407e-07
Completed 8 % :  mod = 4.3284330219858335e-13,  Error =9.628698833807903e-07
Completed 9 % :  mod = 1.1639696869202322e-12,  Error =1.0832276231553806e-06
Completed 10 % :  mod = 3.130028515955054e-12,  Error =1.203582286279925e-06
Completed 11 % :  mod = 8.416338226984772e-12,  Error =1.3239116540830764e-06
Completed 12 % :  mod = 2.2618722646679302e-11,  Error =1.444050532484198e-06
Completed 13 % :  mod = 6.055188295788296e-11,  Error =1.5628417955326768e-06
Completed 14 % :  mod = 1.5724694586006558e-10,  Error =1.6729605221144084e-06
Completed 15 % :  mod = 3.120426765616857e-10,  Error =1.750921022392049e-06
Completed 16 % :  mod = 1.8716816145263778e-10,  Error =1.819411068026966e-06
Completed 17 % :  mod = 8.598277500520772e-11,  Error =1.9244019142661273e-06
Completed 18 % :  mod = 3.7406769686810666e-11,  Error =2.0416046950799682e-06
Completed 19 % :  mod = 3.622820147513686e-11,  Error =2.160703125753116e-06
Completed 20 % :  mod = 8.225164772427405e-11,  Error =2.2781070114774593e-06
Completed 21 % :  mod = 1.8241300552713495e-10,  Error =2.3841216219011585e-06
Completed 22 % :  mod = 3.101528007233203e-10,  Error =2.4542168404195763e-06
Completed 23 % :  mod = 1.6401436068463994e-10,  Error =2.5305600743763534e-06
Completed 24 % :  mod = 6.417460992964287e-11,  Error =2.639949002514186e-06
Completed 25 % :  mod = 2.3918510642024956e-11,  Error =2.7585434878574233e-06
Completed 26 % :  mod = 1.2509558175992815e-11,  Error =2.8786006183167956e-06
Completed 27 % :  mod = 1.3061280749942798e-11,  Error =2.9988289398374945e-06
Completed 28 % :  mod = 2.5468937060627393e-11,  Error =3.118856170658546e-06
Completed 28 % :  mod = 6.720975029726239e-11,  Error =3.2372379905609705e-06
Completed 30 % :  mod = 1.7499762904659504e-10,  Error =3.3453556227414083e-06
Completed 31 % :  mod = 3.127241949416093e-10,  Error =3.4194966573863894e-06
Completed 32 % :  mod = 1.6981728301320816e-10,  Error =3.491585893300453e-06
Completed 33 % :  mod = 7.980617926855944e-11,  Error =3.5988945512599457e-06
Completed 34 % :  mod = 3.7678593460271806e-11,  Error =3.716435521994299e-06
Completed 35 % :  mod = 4.202436111914281e-11,  Error =3.835297995635756e-06
Completed 36 % :  mod = 1.0380272405475717e-10,  Error =3.951168132232397e-06
Completed 37 % :  mod = 2.2424225192313572e-10,  Error =4.050401827271344e-06
Completed 38 % :  mod = 2.9097535709226697e-10,  Error =4.113568401464818e-06
Completed 39 % :  mod = 1.3469856024484903e-10,  Error =4.199703674601096e-06
Completed 40 % :  mod = 4.954888739719898e-11,  Error =4.312576578513472e-06
Completed 41 % :  mod = 2.403095024315394e-11,  Error =4.4316837275459875e-06
Completed 42 % :  mod = 2.0551766148815525e-11,  Error =4.551642142303081e-06
Completed 43 % :  mod = 3.565446243628471e-11,  Error =4.671300033010084e-06
Completed 44 % :  mod = 9.304118792107886e-11,  Error =4.787901353608959e-06
Completed 45 % :  mod = 2.29431543266671e-10,  Error =4.887662854002883e-06
Completed 46 % :  mod = 2.9581546154898023e-10,  Error =4.9520431559813005e-06
Completed 47 % :  mod = 1.2718815560824576e-10,  Error =5.037522086581703e-06
Completed 48 % :  mod = 5.2551062413650944e-11,  Error =5.150567510270321e-06
Completed 49 % :  mod = 2.2875063091499698e-11,  Error =5.269702207044702e-06
Completed 50 % :  mod = 1.686570259360624e-11,  Error =5.38971688968104e-06
Completed 51 % :  mod = 3.075405756143414e-11,  Error =5.509566747718964e-06
Completed 52 % :  mod = 7.886651643399291e-11,  Error =5.627354980219934e-06
Completed 53 % :  mod = 1.8482825457623812e-10,  Error =5.732824305937356e-06
Completed 54 % :  mod = 3.2238486532623294e-10,  Error =5.802118970166248e-06
Completed 55 % :  mod = 1.5226734491179607e-10,  Error =5.878856519814235e-06
Completed 56 % :  mod = 6.56669935097694e-11,  Error =5.988496177167235e-06
Completed 56 % :  mod = 3.0259438134093686e-11,  Error =6.10692811875424e-06
Completed 57 % :  mod = 2.422483745810975e-11,  Error =6.226652189411652e-06
Completed 59 % :  mod = 4.719707487713142e-11,  Error =6.345837533672238e-06
Completed 60 % :  mod = 1.2392811578699554e-10,  Error =6.460087824677885e-06
Completed 61 % :  mod = 2.5882040071054863e-10,  Error =6.550983300712687e-06
Completed 62 % :  mod = 2.6037345096941997e-10,  Error =6.613251564147049e-06
Completed 63 % :  mod = 1.1539602361403697e-10,  Error =6.707810243256063e-06
Completed 64 % :  mod = 5.3251763222989295e-11,  Error =6.8217276663062876e-06
Completed 65 % :  mod = 6.611376601626739e-11,  Error =6.9388435619544e-06
Completed 66 % :  mod = 1.4513157133750003e-10,  Error =7.050687216292317e-06
Completed 67 % :  mod = 2.56044697110782e-10,  Error =7.137961766545686e-06
Completed 68 % :  mod = 2.456558314373845e-10,  Error =7.20135002296729e-06
Completed 69 % :  mod = 1.2582280137588327e-10,  Error =7.297250888882445e-06
Completed 70 % :  mod = 7.524056884777142e-11,  Error =7.408854678203625e-06
Completed 71 % :  mod = 1.2766132998911563e-10,  Error =7.51918840791177e-06
Completed 72 % :  mod = 2.9286565755274815e-10,  Error =7.6085181746066155e-06
Completed 73 % :  mod = 2.342397463728328e-10,  Error =7.672243398815226e-06
Completed 74 % :  mod = 1.1355118417018863e-10,  Error =7.765523044156453e-06
Completed 75 % :  mod = 6.536070271204097e-11,  Error =7.879403497668136e-06
Completed 76 % :  mod = 6.350316182704474e-11,  Error =7.996494659323616e-06
Completed 77 % :  mod = 1.231448694427053e-10,  Error =8.10856239752411e-06
Completed 78 % :  mod = 3.022506494940385e-10,  Error =8.195622399398417e-06
Completed 79 % :  mod = 2.2773422954134895e-10,  Error =8.25912881197155e-06
Completed 80 % :  mod = 9.850521263643003e-11,  Error =8.35652824804356e-06
Completed 81 % :  mod = 4.601092968537155e-11,  Error =8.472498393530259e-06
Completed 82 % :  mod = 2.7074340657406123e-11,  Error =8.591850786388022e-06
Completed 83 % :  mod = 3.428092841891769e-11,  Error =8.711305426345461e-06
Completed 84 % :  mod = 9.337007964792547e-11,  Error =8.828004439465076e-06
Completed 85 % :  mod = 2.1185159341365806e-10,  Error =8.929090391518457e-06
Completed 86 % :  mod = 3.082577007253725e-10,  Error =8.993805465706828e-06
Completed 87 % :  mod = 1.3999712684915755e-10,  Error =9.07687908124899e-06
Completed 88 % :  mod = 5.654121651956452e-11,  Error =9.188468631293745e-06
Completed 89 % :  mod = 3.491959976806496e-11,  Error =9.30685278888177e-06
Completed 90 % :  mod = 5.323343447064135e-11,  Error =9.42559185546088e-06
Completed 91 % :  mod = 1.1055829744913128e-10,  Error =9.539949786585566e-06
Completed 92 % :  mod = 2.7487601314165647e-10,  Error =9.631234725304694e-06
Completed 93 % :  mod = 2.635085868080051e-10,  Error =9.69498077552089e-06
Completed 94 % :  mod = 9.877496494995046e-11,  Error =9.789056960585185e-06
Completed 95 % :  mod = 4.437006517701221e-11,  Error =9.904385457559783e-06
Completed 96 % :  mod = 3.047410670967633e-11,  Error =1.0023676431103468e-05
Completed 97 % :  mod = 3.3010101067110247e-11,  Error =1.0143258968753344e-05
Completed 98 % :  mod = 7.456420898426371e-11,  Error =1.0260739529144303e-05
Completed 99 % :  mod = 2.048637853781343e-10,  Error =1.0365307034021498e-05
Completed 100 % :  mod = 3.054583556314675e-10,  Error =1.043480361317961e-05
Finished 124/201 frames
Finished all frames!
