/opt/local/miniconda_23_9/lib/python3.11/site-packages/conda/base/context.py:201: FutureWarning: Adding 'defaults' to channel list implicitly is deprecated and will be removed in 25.3. 

To remove this warning, please choose a default channel explicitly with conda's regular configuration system, e.g. by adding 'defaults' to the list of channels:

  conda config --add channels defaults

For more information see https://docs.conda.io/projects/conda/en/stable/user-guide/configuration/use-condarc.html

  deprecated.topic(
JOB 13576 ARRAY_ID 19  -> i=19 ; range=[2.0e-10, 2.09e-10] ; intervals=40 (frames=41)
Completed 0 % :  mod = 1.6333658534602657e-16,  Error =-1.4210854715202004e-14
Completed 1 % :  mod = 1.6504264592810386e-16,  Error =8.530243178483943e-09
Completed 2 % :  mod = 1.7019646566535303e-16,  Error =1.7059932133633993e-08
Completed 3 % :  mod = 1.7890570413075059e-16,  Error =2.558885370262942e-08
Completed 4 % :  mod = 1.9135230673106278e-16,  Error =3.411961557731047e-08
Completed 5 % :  mod = 2.0779627908028188e-16,  Error =4.265022823801701e-08
Completed 6 % :  mod = 2.2858113863685077e-16,  Error =5.1179924298594415e-08
Completed 7 % :  mod = 2.541410840848271e-16,  Error =5.971024563677929e-08
Completed 8 % :  mod = 2.850100639217339e-16,  Error =6.824063092381039e-08
Completed 9 % :  mod = 3.2183293714127557e-16,  Error =7.677085278601226e-08
Completed 10 % :  mod = 3.6537893089321757e-16,  Error =8.53008614853934e-08
Completed 11 % :  mod = 4.165577325584205e-16,  Error =9.383072807622739e-08
Completed 12 % :  mod = 4.764384767492231e-16,  Error =1.0236026781740293e-07
Completed 13 % :  mod = 5.462720657959951e-16,  Error =1.108900207213992e-07
Completed 14 % :  mod = 6.275173392084776e-16,  Error =1.1941986599595111e-07
Completed 15 % :  mod = 7.218715328957803e-16,  Error =1.2795034365353786e-07
Completed 16 % :  mod = 8.313056923710679e-16,  Error =1.364799686598417e-07
Completed 17 % :  mod = 9.581059191822258e-16,  Error =1.4500985656695775e-07
Completed 18 % :  mod = 1.1049211011977595e-15,  Error =1.5353889892821826e-07
Completed 19 % :  mod = 1.2748181976883228e-15,  Error =1.620690071035824e-07
Completed 20 % :  mod = 1.471346383977897e-15,  Error =1.7059936396890407e-07
Completed 21 % :  mod = 1.6986111728754335e-15,  Error =1.791290884511909e-07
Completed 22 % :  mod = 1.9613601366942026e-15,  Error =1.8765850740010137e-07
Completed 23 % :  mod = 2.265082133666726e-15,  Error =1.9618792634901183e-07
Completed 24 % :  mod = 2.6161219551259788e-15,  Error =2.0471779293984582e-07
Completed 25 % :  mod = 3.0218128606224313e-15,  Error =2.1324758847640624e-07
Completed 26 % :  mod = 3.4906297843880006e-15,  Error =2.217769079493337e-07
Completed 27 % :  mod = 4.0323663534864e-15,  Error =2.3030654716649224e-07
Completed 28 % :  mod = 4.658339510479798e-15,  Error =2.3883604427510363e-07
Completed 28 % :  mod = 5.381625923664135e-15,  Error =2.473667564117932e-07
Completed 30 % :  mod = 6.217335101014287e-15,  Error =2.558976888167308e-07
Completed 31 % :  mod = 7.182925102689998e-15,  Error =2.6442779699209495e-07
Completed 32 % :  mod = 8.298567238247112e-15,  Error =2.7295814675198926e-07
Completed 33 % :  mod = 9.587567370971751e-15,  Error =2.814878854451308e-07
Completed 34 % :  mod = 1.107685284974201e-14,  Error =2.9001796519878553e-07
Completed 35 % :  mod = 1.2797535023380754e-14,  Error =2.985482083772695e-07
Completed 36 % :  mod = 1.478555911226044e-14,  Error =3.0707866471857415e-07
Completed 37 % :  mod = 1.7082455117072923e-14,  Error =3.156093271172722e-07
Completed 38 % :  mod = 1.973620541279841e-14,  Error =3.241385826413534e-07
Completed 39 % :  mod = 2.2802247062530537e-14,  Error =3.326683852833412e-07
Completed 40 % :  mod = 2.6344629881707673e-14,  Error =3.411985645129789e-07
Completed 41 % :  mod = 3.043735444178632e-14,  Error =3.497285874232148e-07
Completed 42 % :  mod = 3.5165917886965074e-14,  Error =3.582582834837922e-07
Completed 43 % :  mod = 4.062909994094573e-14,  Error =3.667881145474894e-07
Completed 44 % :  mod = 4.6941026291703905e-14,  Error =3.7531665952883486e-07
Completed 45 % :  mod = 5.423355253800852e-14,  Error =3.83846270324284e-07
Completed 46 % :  mod = 6.265901846852726e-14,  Error =3.923754761103737e-07
Completed 47 % :  mod = 7.239343003709757e-14,  Error =4.009056624454388e-07
Completed 48 % :  mod = 8.36401355534432e-14,  Error =4.094353442951615e-07
Completed 49 % :  mod = 9.663407284507949e-14,  Error =4.179651895697134e-07
Completed 50 % :  mod = 1.1164667570434584e-13,  Error =4.2649519826909454e-07
Completed 51 % :  mod = 1.2899154202604183e-13,  Error =4.3502537749873227e-07
Completed 52 % :  mod = 1.4903098170561837e-13,  Error =4.4355599726486616e-07
Completed 53 % :  mod = 1.7218358027147565e-13,  Error =4.520860557022388e-07
Completed 54 % :  mod = 1.9893293539702084e-13,  Error =4.606157020248247e-07
Completed 55 % :  mod = 2.29837747329855e-13,  Error =4.6914519202800875e-07
Completed 56 % :  mod = 2.655434717518133e-13,  Error =4.776749733537144e-07
Completed 56 % :  mod = 3.067957749058624e-13,  Error =4.862048754716852e-07
Completed 57 % :  mod = 3.544560666654754e-13,  Error =4.947346496919636e-07
Completed 59 % :  mod = 4.0951942771740274e-13,  Error =5.032647791836098e-07
Completed 60 % :  mod = 4.731352923947042e-13,  Error =5.117949584132475e-07
Completed 61 % :  mod = 5.466312992347978e-13,  Error =5.203254573871163e-07
Completed 62 % :  mod = 6.31540776893265e-13,  Error =5.288556010896173e-07
Completed 63 % :  mod = 7.296343923061113e-13,  Error =5.373845510803221e-07
Completed 64 % :  mod = 8.429565490784524e-13,  Error =5.459144816200023e-07
Completed 65 % :  mod = 9.738671841039738e-13,  Error =5.544444263705373e-07
Completed 66 % :  mod = 1.1250896624279244e-12,  Error =5.629733479395327e-07
Completed 67 % :  mod = 1.2997655038486081e-12,  Error =5.715023547736564e-07
Completed 68 % :  mod = 1.5015166737321118e-12,  Error =5.800311271286773e-07
Completed 69 % :  mod = 1.7345161074332352e-12,  Error =5.885608018729727e-07
Completed 70 % :  mod = 2.003566969861872e-12,  Error =5.970901355567548e-07
Completed 71 % :  mod = 2.3141908138133398e-12,  Error =6.056191352854512e-07
Completed 72 % :  mod = 2.6727241908396124e-12,  Error =6.141465433984195e-07
Completed 73 % :  mod = 3.086422231103563e-12,  Error =6.22673660188866e-07
Completed 74 % :  mod = 3.5635660106071846e-12,  Error =6.312004074970901e-07
Completed 75 % :  mod = 4.113567817429546e-12,  Error =6.397261813617661e-07
Completed 76 % :  mod = 4.747064205385038e-12,  Error =6.482499372850725e-07
Completed 77 % :  mod = 5.475980260117331e-12,  Error =6.567738779494903e-07
Completed 78 % :  mod = 6.313538805522454e-12,  Error =6.652956585639913e-07
Completed 79 % :  mod = 7.2741740591683425e-12,  Error =6.738140712059248e-07
Completed 80 % :  mod = 8.373288998055219e-12,  Error =6.823272187261864e-07
Completed 81 % :  mod = 9.626768011259161e-12,  Error =6.908360674628966e-07
Completed 82 % :  mod = 1.105012082331602e-11,  Error =6.993372636543427e-07
Completed 83 % :  mod = 1.2657092455792324e-11,  Error =7.07830736246251e-07
Completed 84 % :  mod = 1.4457535665904381e-11,  Error =7.163130320009259e-07
Completed 85 % :  mod = 1.645432738468319e-11,  Error =7.247810387411846e-07
Completed 86 % :  mod = 1.8639159567901404e-11,  Error =7.332312108587757e-07
Completed 87 % :  mod = 2.098721446638196e-11,  Error =7.416593774678404e-07
Completed 88 % :  mod = 2.3451132951156958e-11,  Error =7.500599679133302e-07
Completed 89 % :  mod = 2.595537352411825e-11,  Error =7.584306658259266e-07
Completed 90 % :  mod = 2.83929933859722e-11,  Error =7.667665400390433e-07
Completed 91 % :  mod = 3.062773672626402e-11,  Error =7.750686918939209e-07
Completed 92 % :  mod = 3.250436516998556e-11,  Error =7.833387769551337e-07
Completed 93 % :  mod = 3.386847992741253e-11,  Error =7.91583083525893e-07
Completed 94 % :  mod = 3.459330437323333e-11,  Error =7.998073883186407e-07
Completed 95 % :  mod = 3.4606304314319465e-11,  Error =8.080254758624505e-07
Completed 96 % :  mod = 3.390614544252491e-11,  Error =8.162493259078474e-07
Completed 97 % :  mod = 3.256301657208062e-11,  Error =8.244911384736042e-07
Completed 98 % :  mod = 3.070217977143821e-11,  Error =8.327603566726793e-07
Completed 99 % :  mod = 2.8477531238473732e-11,  Error =8.410614640297354e-07
Completed 100 % :  mod = 2.6044676495501485e-11,  Error =8.493961374256287e-07
Finished 20/41 frames
Finished all frames!
