/opt/local/miniconda_23_9/lib/python3.11/site-packages/conda/base/context.py:201: FutureWarning: Adding 'defaults' to channel list implicitly is deprecated and will be removed in 25.3. 

To remove this warning, please choose a default channel explicitly with conda's regular configuration system, e.g. by adding 'defaults' to the list of channels:

  conda config --add channels defaults

For more information see https://docs.conda.io/projects/conda/en/stable/user-guide/configuration/use-condarc.html

  deprecated.topic(
JOB 14003 ARRAY_ID 132  -> i=132 ; range=[1.9e-10, 5.0e-10] ; intervals=200 (frames=201)
Analytic t0 extension enabled (--extend-time-using-t0).
Density options: centers='2.0e-10,4.0e-10' width='2.0e-11,5.0e-11' strength='7.0'
Completed 0 % :  mod = 3.2391788004811453e-16,  Error =-1.4210854715202004e-14
Completed 1 % :  mod = 5.045012920597726e-16,  Error =1.319313795988819e-07
Completed 2 % :  mod = 1.2476011367105958e-15,  Error =2.6386322105054205e-07
Completed 3 % :  mod = 3.3817700712424485e-15,  Error =3.957950127642107e-07
Completed 4 % :  mod = 9.286595880282202e-15,  Error =5.27726420784802e-07
Completed 5 % :  mod = 2.5545930151111055e-14,  Error =6.596583901341546e-07
Completed 6 % :  mod = 7.028885002376512e-14,  Error =7.915905300137638e-07
Completed 7 % :  mod = 1.9340348350129296e-13,  Error =9.235237357074766e-07
Completed 8 % :  mod = 5.321618930294083e-13,  Error =1.0554562521747357e-06
Completed 9 % :  mod = 1.4642749611300914e-12,  Error =1.187386544643232e-06
Completed 10 % :  mod = 4.02898004421326e-12,  Error =1.319311529357492e-06
Completed 11 % :  mod = 1.1084574060776054e-11,  Error =1.4511893127178155e-06
Completed 12 % :  mod = 3.047008028145714e-11,  Error =1.582709899139445e-06
Completed 13 % :  mod = 8.32058448155332e-11,  Error =1.7116102881686857e-06
Completed 14 % :  mod = 2.1434203934136333e-10,  Error =1.824438541575546e-06
Completed 15 % :  mod = 3.257666373966392e-10,  Error =1.8970679818153258e-06
Completed 16 % :  mod = 1.3347041288921855e-10,  Error =1.9866796066025927e-06
Completed 17 % :  mod = 6.222554857663716e-11,  Error =2.109233740554828e-06
Completed 18 % :  mod = 4.1035689420041056e-11,  Error =2.2389588849591746e-06
Completed 19 % :  mod = 5.6443643393533015e-11,  Error =2.368754977055687e-06
Completed 20 % :  mod = 1.3904814815183788e-10,  Error =2.4914683578458607e-06
Completed 21 % :  mod = 3.215430700149048e-10,  Error =2.583221046847939e-06
Completed 22 % :  mod = 2.106933770341898e-10,  Error =2.653359906901187e-06
Completed 23 % :  mod = 9.705247945911929e-11,  Error =2.7646466520536706e-06
Completed 24 % :  mod = 4.0403328700222495e-11,  Error =2.8925454103045922e-06
Completed 25 % :  mod = 3.442766576414438e-11,  Error =3.023147023384354e-06
Completed 26 % :  mod = 7.461253951832038e-11,  Error =3.15239780235288e-06
Completed 27 % :  mod = 1.8039478258268476e-10,  Error =3.270757900963872e-06
Completed 28 % :  mod = 3.157789083517778e-10,  Error =3.3510121966173756e-06
Completed 28 % :  mod = 1.727324334404143e-10,  Error =3.431796194774961e-06
Completed 30 % :  mod = 7.627349718882417e-11,  Error =3.5505859443674126e-06
Completed 31 % :  mod = 3.868963206093322e-11,  Error =3.679649218213399e-06
Completed 32 % :  mod = 5.0565855465350724e-11,  Error =3.8096620116334634e-06
Completed 33 % :  mod = 1.3121119700315233e-10,  Error =3.9345603326523815e-06
Completed 34 % :  mod = 2.661944757968638e-10,  Error =4.034545284525848e-06
Completed 35 % :  mod = 2.574047348598981e-10,  Error =4.101508096709949e-06
Completed 36 % :  mod = 1.2516707114655067e-10,  Error =4.205682202496064e-06
Completed 37 % :  mod = 5.99093195660192e-11,  Error =4.330177866052054e-06
Completed 38 % :  mod = 7.985359851321088e-11,  Error =4.457159477055939e-06
Completed 39 % :  mod = 2.060576864365947e-10,  Error =4.573000424556994e-06
Completed 40 % :  mod = 3.006618670821478e-10,  Error =4.654430178163693e-06
Completed 41 % :  mod = 1.6313897269934654e-10,  Error =4.734635496106421e-06
Completed 42 % :  mod = 1.1217855676579465e-10,  Error =4.850885844120967e-06
Completed 43 % :  mod = 9.947232722289878e-11,  Error =4.974569350224556e-06
Completed 44 % :  mod = 1.628520944850191e-10,  Error =5.088092919436349e-06
Completed 45 % :  mod = 3.605777194931119e-10,  Error =5.165493419667655e-06
Completed 46 % :  mod = 1.662143937990349e-10,  Error =5.2463719839579426e-06
Completed 47 % :  mod = 8.364819259480852e-11,  Error =5.361309504792189e-06
Completed 48 % :  mod = 1.0600584458891556e-10,  Error =5.486039519553287e-06
Completed 49 % :  mod = 1.6986577372379303e-10,  Error =5.6036512035007036e-06
Completed 50 % :  mod = 2.8366862478522203e-10,  Error =5.6875590104255025e-06
Completed 51 % :  mod = 2.1452344783142832e-10,  Error =5.766061875078776e-06
Completed 52 % :  mod = 9.498433992009964e-11,  Error =5.879715452294931e-06
Completed 53 % :  mod = 7.982296976109725e-11,  Error =6.003958517908359e-06
Completed 54 % :  mod = 1.7360504044706797e-10,  Error =6.121195283981251e-06
Completed 55 % :  mod = 3.305597620753939e-10,  Error =6.208219033965179e-06
Completed 56 % :  mod = 1.8598200065242674e-10,  Error =6.28030163341009e-06
Completed 56 % :  mod = 1.1004813985354564e-10,  Error =6.390569261327528e-06
Completed 57 % :  mod = 1.0283246258315844e-10,  Error =6.513647861083882e-06
Completed 59 % :  mod = 1.516390317967331e-10,  Error =6.630893444992125e-06
Completed 60 % :  mod = 3.0892133073303684e-10,  Error =6.713778596179054e-06
Completed 61 % :  mod = 2.264807238726294e-10,  Error =6.792595527826961e-06
Completed 62 % :  mod = 7.882034371634e-11,  Error =6.9060204097581845e-06
Completed 63 % :  mod = 5.3089503665393234e-11,  Error =7.032829131503604e-06
Completed 64 % :  mod = 1.181943676410206e-10,  Error =7.158600730861053e-06
Completed 65 % :  mod = 2.2156894402531514e-10,  Error =7.267668109989245e-06
Completed 66 % :  mod = 2.9706694742059334e-10,  Error =7.336345419162171e-06
Completed 67 % :  mod = 1.5405843677570122e-10,  Error =7.430035495303855e-06
Completed 68 % :  mod = 5.099870854645907e-11,  Error =7.552778143349315e-06
Completed 69 % :  mod = 4.034411073590102e-11,  Error =7.68213099888726e-06
Completed 70 % :  mod = 9.555670205871628e-11,  Error =7.810396027707611e-06
Completed 71 % :  mod = 1.8070451915442494e-10,  Error =7.926384562040312e-06
Completed 72 % :  mod = 3.302577398367459e-10,  Error =8.00199683936853e-06
Completed 73 % :  mod = 1.6388459425904082e-10,  Error =8.086291089171027e-06
Completed 74 % :  mod = 5.534935605442092e-11,  Error =8.20657326272567e-06
Completed 75 % :  mod = 3.2831063830892564e-11,  Error =8.336454378365943e-06
Completed 76 % :  mod = 3.6714647025122376e-11,  Error =8.467590340899278e-06
Completed 77 % :  mod = 5.3164866987106114e-11,  Error =8.597773692997634e-06
Completed 78 % :  mod = 1.4573352240057227e-10,  Error =8.719958849212617e-06
Completed 79 % :  mod = 3.1978207358070194e-10,  Error =8.809247546537335e-06
Completed 80 % :  mod = 1.9744326132766887e-10,  Error =8.881289630835454e-06
Completed 81 % :  mod = 1.063968714247918e-10,  Error =8.994249292015866e-06
Completed 82 % :  mod = 5.313173913686846e-11,  Error =9.121469396689008e-06
Completed 83 % :  mod = 6.024932964696178e-11,  Error =9.24990168016393e-06
Completed 84 % :  mod = 1.8022859870386493e-10,  Error =9.369198423314629e-06
Completed 85 % :  mod = 3.0945327234498723e-10,  Error =9.455628173782316e-06
Completed 86 % :  mod = 1.8139693923595336e-10,  Error =9.529534921171035e-06
Completed 87 % :  mod = 1.2605259630975362e-10,  Error =9.642636427997786e-06
Completed 88 % :  mod = 8.375719754984891e-11,  Error =9.766623861651169e-06
Completed 89 % :  mod = 1.3394939256402127e-10,  Error =9.884503995749583e-06
Completed 90 % :  mod = 3.5211745300279005e-10,  Error =9.969421526534461e-06
Completed 91 % :  mod = 1.9482857073252735e-10,  Error =1.0044952823307085e-05
Completed 92 % :  mod = 9.208687732563822e-11,  Error =1.0157349230155432e-05
Completed 93 % :  mod = 6.540821112628744e-11,  Error =1.0284563551010706e-05
Completed 94 % :  mod = 7.234805319562356e-11,  Error =1.0412393940839593e-05
Completed 95 % :  mod = 1.671905011377471e-10,  Error =1.0529200231701452e-05
Completed 96 % :  mod = 3.472508765706617e-10,  Error =1.0607833971221226e-05
Completed 97 % :  mod = 1.6799861705353933e-10,  Error =1.0687972327616535e-05
Completed 98 % :  mod = 8.531657061659262e-11,  Error =1.0805455850970702e-05
Completed 99 % :  mod = 4.8073449132827877e-11,  Error =1.0933812781388497e-05
Completed 100 % :  mod = 6.439713188798302e-11,  Error =1.1062373651782309e-05
Finished 133/201 frames
Finished all frames!
