/opt/local/miniconda_23_9/lib/python3.11/site-packages/conda/base/context.py:201: FutureWarning: Adding 'defaults' to channel list implicitly is deprecated and will be removed in 25.3. 

To remove this warning, please choose a default channel explicitly with conda's regular configuration system, e.g. by adding 'defaults' to the list of channels:

  conda config --add channels defaults

For more information see https://docs.conda.io/projects/conda/en/stable/user-guide/configuration/use-condarc.html

  deprecated.topic(
JOB 14013 ARRAY_ID 142  -> i=142 ; range=[1.9e-10, 5.0e-10] ; intervals=200 (frames=201)
Analytic t0 extension enabled (--extend-time-using-t0).
Density options: centers='2.0e-10,4.0e-10' width='2.0e-11,5.0e-11' strength='7.0'
Completed 0 % :  mod = 3.3108652564190505e-16,  Error =-1.4210854715202004e-14
Completed 1 % :  mod = 5.244470650830393e-16,  Error =1.440046588641053e-07
Completed 2 % :  mod = 1.3303808062745239e-15,  Error =2.880095379964587e-07
Completed 3 % :  mod = 3.690247632747321e-15,  Error =4.320141258062904e-07
Completed 4 % :  mod = 1.0360457674104949e-14,  Error =5.760189409897976e-07
Completed 5 % :  mod = 2.9132058487551904e-14,  Error =7.200237632787321e-07
Completed 6 % :  mod = 8.193096123265347e-14,  Error =8.640282231908714e-07
Completed 7 % :  mod = 2.3042819212000973e-13,  Error =1.0080338199713879e-06
Completed 8 % :  mod = 6.480736789640234e-13,  Error =1.152037938823014e-06
Completed 9 % :  mod = 1.822687320891335e-12,  Error =1.2960411979179298e-06
Completed 10 % :  mod = 5.12614464789884e-12,  Error =1.4400342465137328e-06
Completed 11 % :  mod = 1.4414423374678521e-11,  Error =1.5839428755271001e-06
Completed 12 % :  mod = 4.047880592580391e-11,  Error =1.7272012300395545e-06
Completed 13 % :  mod = 1.1242022715833712e-10,  Error =1.8655714342230567e-06
Completed 14 % :  mod = 2.789817339711211e-10,  Error =1.9769609522768405e-06
Completed 15 % :  mod = 2.7938771751838163e-10,  Error =2.0509585212380443e-06
Completed 16 % :  mod = 1.0876935349877591e-10,  Error =2.164920665848058e-06
Completed 17 % :  mod = 4.6618586770307125e-11,  Error =2.3028307012396e-06
Completed 18 % :  mod = 5.0214910245093956e-11,  Error =2.444625266662115e-06
Completed 19 % :  mod = 1.0525162649369786e-10,  Error =2.583485738227864e-06
Completed 20 % :  mod = 2.240155905861831e-10,  Error =2.702059269665824e-06
Completed 21 % :  mod = 3.2978001282288217e-10,  Error =2.7770060313514477e-06
Completed 22 % :  mod = 1.3418415206200216e-10,  Error =2.8805433558432014e-06
Completed 23 % :  mod = 6.626188816830105e-11,  Error =3.0138191675632697e-06
Completed 24 % :  mod = 9.843538556226841e-11,  Error =3.1515725709141407e-06
Completed 25 % :  mod = 2.0613088837454597e-10,  Error =3.2773587221868183e-06
Completed 26 % :  mod = 3.0502731619989503e-10,  Error =3.361920889233261e-06
Completed 27 % :  mod = 1.6855708311372672e-10,  Error =3.4547078513469387e-06
Completed 28 % :  mod = 8.036682959189591e-11,  Error =3.5855500897241654e-06
Completed 28 % :  mod = 6.330030175629518e-11,  Error =3.7248659339184087e-06
Completed 30 % :  mod = 1.2344782994815622e-10,  Error =3.859945969963974e-06
Completed 31 % :  mod = 3.163683174253874e-10,  Error =3.966253757425875e-06
Completed 32 % :  mod = 2.4689262907596325e-10,  Error =4.041466219462109e-06
Completed 33 % :  mod = 9.632236147083518e-11,  Error =4.158651606189778e-06
Completed 34 % :  mod = 3.965202436662614e-11,  Error =4.298094253840645e-06
Completed 35 % :  mod = 2.5453624113418273e-11,  Error =4.441200282201407e-06
Completed 36 % :  mod = 3.158643473571376e-11,  Error =4.584507834692886e-06
Completed 37 % :  mod = 7.873699849262945e-11,  Error =4.725507061209555e-06
Completed 38 % :  mod = 2.0185830945190515e-10,  Error =4.851402010785932e-06
Completed 39 % :  mod = 3.40456216185451e-10,  Error =4.931765921867282e-06
Completed 40 % :  mod = 1.4617243948123413e-10,  Error =5.0271182416850024e-06
Completed 41 % :  mod = 6.36551478717662e-11,  Error =5.160607614129731e-06
Completed 42 % :  mod = 2.9204040057163214e-11,  Error =5.302679618068851e-06
Completed 43 % :  mod = 3.343404800484171e-11,  Error =5.445621589217353e-06
Completed 44 % :  mod = 8.697724683507473e-11,  Error =5.585983885225687e-06
Completed 45 % :  mod = 2.3175272394568696e-10,  Error =5.7087998470706225e-06
Completed 46 % :  mod = 3.243928141260032e-10,  Error =5.788117483973565e-06
Completed 47 % :  mod = 1.3067756274426277e-10,  Error =5.88760516251341e-06
Completed 48 % :  mod = 5.992749449769077e-11,  Error =6.022337728950333e-06
Completed 49 % :  mod = 4.432095075287188e-11,  Error =6.163934052949571e-06
Completed 50 % :  mod = 7.084099548214716e-11,  Error =6.304818320757022e-06
Completed 51 % :  mod = 1.8669678759363746e-10,  Error =6.433359473589917e-06
Completed 52 % :  mod = 3.512302403526034e-10,  Error =6.522140090226003e-06
Completed 53 % :  mod = 1.5676519716980442e-10,  Error =6.607568515448747e-06
Completed 54 % :  mod = 9.641150462924986e-11,  Error =6.734987458401065e-06
Completed 55 % :  mod = 9.745567460505141e-11,  Error =6.8718351542429446e-06
Completed 56 % :  mod = 1.481590848995172e-10,  Error =7.001163687903045e-06
Completed 56 % :  mod = 3.3769948430815137e-10,  Error =7.090546276344867e-06
Completed 57 % :  mod = 2.0786219425138728e-10,  Error =7.176913925377448e-06
Completed 59 % :  mod = 7.009713032223941e-11,  Error =7.3038085375287665e-06
Completed 60 % :  mod = 4.027149315770132e-11,  Error =7.444544827706068e-06
Completed 61 % :  mod = 5.74568832581695e-11,  Error =7.586524660041505e-06
Completed 62 % :  mod = 1.1607236572040026e-10,  Error =7.723551988192412e-06
Completed 63 % :  mod = 2.826298232690452e-10,  Error =7.831476985131758e-06
Completed 64 % :  mod = 2.8142901390990705e-10,  Error =7.908124516120552e-06
Completed 65 % :  mod = 1.0334076906107555e-10,  Error =8.02323732784771e-06
Completed 66 % :  mod = 5.883271195940813e-11,  Error =8.159974782984136e-06
Completed 67 % :  mod = 1.0649199112274712e-10,  Error =8.29777572164403e-06
Completed 68 % :  mod = 2.2497434226809698e-10,  Error =8.420074166792801e-06
Completed 69 % :  mod = 3.046761748914421e-10,  Error =8.498473043516697e-06
Completed 70 % :  mod = 1.4904185878091884e-10,  Error =8.598290897054994e-06
Completed 71 % :  mod = 5.5171029414092736e-11,  Error =8.732889341445116e-06
Completed 72 % :  mod = 3.042973369587762e-11,  Error =8.875019275933482e-06
Completed 73 % :  mod = 4.710182277679632e-11,  Error =9.017671693811735e-06
Completed 74 % :  mod = 1.1247820367230974e-10,  Error =9.156164125556643e-06
Completed 75 % :  mod = 2.487569624017765e-10,  Error =9.271066936378247e-06
Completed 76 % :  mod = 3.0185399645838245e-10,  Error =9.344373538056061e-06
Completed 77 % :  mod = 1.233541312626794e-10,  Error =9.453643322387961e-06
Completed 78 % :  mod = 6.066097066757358e-11,  Error =9.589060539383354e-06
Completed 79 % :  mod = 8.397604526472542e-11,  Error =9.728267968966975e-06
Completed 80 % :  mod = 1.8555078090421616e-10,  Error =9.857614301722606e-06
Completed 81 % :  mod = 3.0722204145741995e-10,  Error =9.948804745363304e-06
Completed 82 % :  mod = 1.8449988017317472e-10,  Error =1.0034407594616823e-05
Completed 83 % :  mod = 1.0508979281663125e-10,  Error =1.0160918691326515e-05
Completed 84 % :  mod = 8.983642673999238e-11,  Error =1.0297050700103227e-05
Completed 85 % :  mod = 1.616672112158489e-10,  Error =1.0424218750415548e-05
Completed 86 % :  mod = 3.707390973385458e-10,  Error =1.0513421294433556e-05
Completed 87 % :  mod = 1.7445965175519436e-10,  Error =1.05969721744259e-05
Completed 88 % :  mod = 8.63793622599597e-11,  Error =1.0721609989161607e-05
Completed 89 % :  mod = 9.968829390472865e-11,  Error =1.0858476059638633e-05
Completed 90 % :  mod = 1.5347338850607665e-10,  Error =1.0989505781822118e-05
Completed 91 % :  mod = 2.9354792915510404e-10,  Error =1.1084865157329205e-05
Completed 92 % :  mod = 2.4274795193942285e-10,  Error =1.1168088747126603e-05
Completed 93 % :  mod = 8.96325437733931e-11,  Error =1.1290630034466176e-05
Completed 94 % :  mod = 6.901868110944974e-11,  Error =1.1427026251453754e-05
Completed 95 % :  mod = 1.7139149146465282e-10,  Error =1.1557995954092348e-05
Completed 96 % :  mod = 3.185128011197595e-10,  Error =1.1658149112747651e-05
Completed 97 % :  mod = 2.0921496948080805e-10,  Error =1.1733219942300366e-05
Completed 98 % :  mod = 1.2359364683553869e-10,  Error =1.1852141490464874e-05
Completed 99 % :  mod = 8.113928372541012e-11,  Error =1.1987377277478117e-05
Completed 100 % :  mod = 1.3204139143979004e-10,  Error =1.2118786294479378e-05
Finished 143/201 frames
Finished all frames!
