/opt/local/miniconda_23_9/lib/python3.11/site-packages/conda/base/context.py:201: FutureWarning: Adding 'defaults' to channel list implicitly is deprecated and will be removed in 25.3. 

To remove this warning, please choose a default channel explicitly with conda's regular configuration system, e.g. by adding 'defaults' to the list of channels:

  conda config --add channels defaults

For more information see https://docs.conda.io/projects/conda/en/stable/user-guide/configuration/use-condarc.html

  deprecated.topic(
JOB 13531 ARRAY_ID 177  -> i=177 ; range=[1.9e-10, 6.0e-10] ; intervals=200 (frames=201)
Density options: centers='2.0e-10,4.0e-10' width='5e-11,5e-11' strength=''
Completed 0 % :  mod = 3.818155640824518e-16,  Error =-1.4210854715202004e-14
Completed 1 % :  mod = 6.785055291990341e-16,  Error =2.5469697106927924e-07
Completed 2 % :  mod = 2.0296616038709243e-15,  Error =5.093947450518499e-07
Completed 3 % :  mod = 6.53511677707276e-15,  Error =7.640923556095913e-07
Completed 4 % :  mod = 2.1196803492185012e-14,  Error =1.0187894901036998e-06
Completed 5 % :  mod = 6.880046401566119e-14,  Error =1.2734865038055432e-06
Completed 6 % :  mod = 2.233269942872208e-13,  Error =1.5281835530345234e-06
Completed 7 % :  mod = 7.2492615565599e-13,  Error =1.7828799130370498e-06
Completed 8 % :  mod = 2.353130923247903e-12,  Error =2.0375743048361983e-06
Completed 9 % :  mod = 7.638239615216883e-12,  Error =2.2922393654312145e-06
Completed 10 % :  mod = 2.479051586453629e-11,  Error =2.5465973294558353e-06
Completed 11 % :  mod = 8.034188634882529e-11,  Error =2.7977811924984053e-06
Completed 12 % :  mod = 2.5318975303960664e-10,  Error =3.021152586768494e-06
Completed 13 % :  mod = 4.170755283495771e-10,  Error =3.1560723812162905e-06
Completed 14 % :  mod = 1.2525251294975095e-10,  Error =3.340605388757467e-06
Completed 15 % :  mod = 7.049752624098552e-11,  Error =3.5810666290103654e-06
Completed 16 % :  mod = 1.4889706228595003e-10,  Error =3.822689542687385e-06
Completed 17 % :  mod = 3.3307389587433513e-10,  Error =4.022217723331778e-06
Completed 18 % :  mod = 2.761204110928448e-10,  Error =4.144404940120694e-06
Completed 19 % :  mod = 1.461043271365681e-10,  Error =4.353886744468127e-06
Completed 20 % :  mod = 8.903198355584491e-11,  Error =4.595531983397905e-06
Completed 21 % :  mod = 1.558096410142094e-10,  Error =4.8274844104412296e-06
Completed 22 % :  mod = 4.729980406643718e-10,  Error =4.982292061583848e-06
Completed 23 % :  mod = 1.7452967971035634e-10,  Error =5.136284684681414e-06
Completed 24 % :  mod = 7.236167255191189e-11,  Error =5.369444842528992e-06
Completed 25 % :  mod = 7.802031468973134e-11,  Error =5.618531389472992e-06
Completed 26 % :  mod = 1.474062110488773e-10,  Error =5.86003125846446e-06
Completed 27 % :  mod = 3.662250596929522e-10,  Error =6.0407632318515425e-06
Completed 28 % :  mod = 2.449976107078777e-10,  Error =6.180817166523411e-06
Completed 28 % :  mod = 1.2235022771316747e-10,  Error =6.401995484850431e-06
Completed 30 % :  mod = 1.3205151968068153e-10,  Error =6.6379909284819405e-06
Completed 31 % :  mod = 3.094176450045884e-10,  Error =6.830849244465753e-06
Completed 32 % :  mod = 3.461601552968703e-10,  Error =6.969541047396888e-06
Completed 33 % :  mod = 1.6927005655806232e-10,  Error =7.170110059462331e-06
Completed 34 % :  mod = 1.6049830981111923e-10,  Error =7.388139799502369e-06
Completed 35 % :  mod = 4.1280755693811934e-10,  Error =7.541187578397057e-06
Completed 36 % :  mod = 2.2858748737384582e-10,  Error =7.702864429859346e-06
Completed 37 % :  mod = 1.050987565148988e-10,  Error =7.92954678274782e-06
Completed 38 % :  mod = 1.207820878695902e-10,  Error =8.168752081871844e-06
Completed 39 % :  mod = 3.6837237331759567e-10,  Error =8.361116563548876e-06
Completed 40 % :  mod = 3.212711866234899e-10,  Error =8.498056423889011e-06
Completed 41 % :  mod = 8.60838157251116e-11,  Error =8.710753306218066e-06
Completed 42 % :  mod = 6.687216095992666e-11,  Error =8.95569401393459e-06
Completed 43 % :  mod = 1.9816476975402142e-10,  Error =9.193186023992439e-06
Completed 44 % :  mod = 3.735398958919846e-10,  Error =9.372691970099822e-06
Completed 45 % :  mod = 2.1134914179698566e-10,  Error =9.505987378588543e-06
Completed 46 % :  mod = 1.6207732421910603e-10,  Error =9.721887167302157e-06
Completed 47 % :  mod = 2.0101179254257973e-10,  Error =9.946759924162052e-06
Completed 48 % :  mod = 3.375054566604556e-10,  Error =1.0114857396104071e-05
Completed 49 % :  mod = 2.0728303606248734e-10,  Error =1.0264943881566069e-05
Completed 50 % :  mod = 2.1117562985883435e-10,  Error =1.0478358220211703e-05
Completed 51 % :  mod = 2.6530907141495446e-10,  Error =1.0680623773851039e-05
Completed 52 % :  mod = 3.05937866559474e-10,  Error =1.080959840749074e-05
Completed 53 % :  mod = 2.092321720321901e-10,  Error =1.0997588269390235e-05
Completed 54 % :  mod = 1.0323715839701032e-10,  Error =1.1230393290873053e-05
Completed 55 % :  mod = 1.7426019968881293e-10,  Error =1.1452670790390584e-05
Completed 56 % :  mod = 4.505915198092491e-10,  Error =1.1593310475177532e-05
Completed 56 % :  mod = 1.640921009083123e-10,  Error =1.1761108247299035e-05
Completed 57 % :  mod = 1.0285644402578181e-10,  Error =1.1994432398410027e-05
Completed 59 % :  mod = 1.38179863558807e-10,  Error =1.2235703216845195e-05
Completed 60 % :  mod = 3.117449499632235e-10,  Error =1.243930582717212e-05
Completed 61 % :  mod = 3.3804220527695455e-10,  Error =1.2565351468651897e-05
Completed 62 % :  mod = 9.712913938778724e-11,  Error =1.277039149272241e-05
Completed 63 % :  mod = 6.864000373719237e-11,  Error =1.3014099309316407e-05
Completed 64 % :  mod = 1.5697141243202433e-10,  Error =1.3256402930039712e-05
Completed 65 % :  mod = 3.419219335806276e-10,  Error =1.3450290026639777e-05
Completed 66 % :  mod = 3.0845180167409637e-10,  Error =1.357861714268438e-05
Completed 67 % :  mod = 1.0507190567224776e-10,  Error =1.3791193801182544e-05
Completed 68 % :  mod = 8.4467467425575e-11,  Error =1.4033592634632441e-05
Completed 69 % :  mod = 2.0436174620245583e-10,  Error =1.4263562839289534e-05
Completed 70 % :  mod = 4.40080631453029e-10,  Error =1.4417822349344078e-05
Completed 71 % :  mod = 1.8854826777151927e-10,  Error =1.457023191164808e-05
Completed 72 % :  mod = 1.18151653320573e-10,  Error =1.479825323968953e-05
Completed 73 % :  mod = 1.6024968956035982e-10,  Error =1.5030678341076964e-05
Completed 74 % :  mod = 3.800678382800961e-10,  Error =1.5213530957680632e-05
Completed 75 % :  mod = 2.0591063143869795e-10,  Error =1.534292287885819e-05
Completed 76 % :  mod = 1.8868961075047493e-10,  Error =1.5552250673067647e-05
Completed 77 % :  mod = 2.4100901673197665e-10,  Error =1.5769927351527713e-05
Completed 78 % :  mod = 3.1730016906396497e-10,  Error =1.5933038298499014e-05
Completed 79 % :  mod = 2.3059088688491956e-10,  Error =1.608674101305496e-05
Completed 80 % :  mod = 1.7236113071592263e-10,  Error =1.6297997269987263e-05
Completed 81 % :  mod = 3.007521709882157e-10,  Error =1.6496238252727835e-05
Completed 82 % :  mod = 2.819140109416663e-10,  Error =1.6625157726934958e-05
Completed 83 % :  mod = 1.8868751435049912e-10,  Error =1.681597571234761e-05
Completed 84 % :  mod = 1.6951841028345515e-10,  Error =1.7045608920795985e-05
Completed 85 % :  mod = 2.0486149099865544e-10,  Error =1.725847004507841e-05
Completed 86 % :  mod = 4.1450880367421704e-10,  Error =1.7386986165490725e-05
Completed 87 % :  mod = 1.4869905747172687e-10,  Error =1.756906309680062e-05
Completed 88 % :  mod = 9.943538538211426e-11,  Error =1.7800313393934175e-05
Completed 89 % :  mod = 2.288473095253496e-10,  Error =1.802375589221583e-05
Completed 90 % :  mod = 4.361475853128555e-10,  Error =1.8173820102163063e-05
Completed 91 % :  mod = 1.9953838108174393e-10,  Error =1.8328405474221654e-05
Completed 92 % :  mod = 1.1465298322661914e-10,  Error =1.8550732725941543e-05
Completed 93 % :  mod = 2.5379568665816895e-10,  Error =1.8766708514306174e-05
Completed 94 % :  mod = 4.1539021358487014e-10,  Error =1.8920717501202944e-05
Completed 95 % :  mod = 1.62149201740094e-10,  Error =1.9077081077512048e-05
Completed 96 % :  mod = 2.1440878447105228e-10,  Error =1.9288943427397953e-05
Completed 97 % :  mod = 3.677782670062982e-10,  Error =1.946874109393093e-05
Completed 98 % :  mod = 3.1600162837334743e-10,  Error =1.9606555589746222e-05
Completed 99 % :  mod = 1.2726313898409633e-10,  Error =1.9808148550737315e-05
Completed 100 % :  mod = 1.5825502360419527e-10,  Error =2.003337625922086e-05
Finished 178/201 frames
Finished all frames!
