/opt/local/miniconda_23_9/lib/python3.11/site-packages/conda/base/context.py:201: FutureWarning: Adding 'defaults' to channel list implicitly is deprecated and will be removed in 25.3. 

To remove this warning, please choose a default channel explicitly with conda's regular configuration system, e.g. by adding 'defaults' to the list of channels:

  conda config --add channels defaults

For more information see https://docs.conda.io/projects/conda/en/stable/user-guide/configuration/use-condarc.html

  deprecated.topic(
JOB 13457 ARRAY_ID 103  -> i=103 ; range=[1.9e-10, 6.0e-10] ; intervals=200 (frames=201)
Density options: centers='2.0e-10,4.0e-10' width='5e-11,5e-11' strength=''
Completed 0 % :  mod = 2.9691552610268724e-16,  Error =-1.4210854715202004e-14
Completed 1 % :  mod = 4.3327582511801416e-16,  Error =9.314099003177034e-08
Completed 2 % :  mod = 9.676053760046972e-16,  Error =1.8628229980777178e-07
Completed 3 % :  mod = 2.3906925139511895e-15,  Error =2.794226432456526e-07
Completed 4 % :  mod = 6.0096605026319546e-15,  Error =3.7256322826806354e-07
Completed 5 % :  mod = 1.5148576574853716e-14,  Error =4.657059733403912e-07
Completed 6 % :  mod = 3.8201648982252526e-14,  Error =5.588469846884436e-07
Completed 7 % :  mod = 9.63434109195409e-14,  Error =6.519880173527781e-07
Completed 8 % :  mod = 2.4297777433038575e-13,  Error =7.451299879335238e-07
Completed 9 % :  mod = 6.127898809492516e-13,  Error =8.382706653264904e-07
Completed 10 % :  mod = 1.54545113363744e-12,  Error =9.314105398061656e-07
Completed 11 % :  mod = 3.8975321586882975e-12,  Error =1.0245452344292971e-06
Completed 12 % :  mod = 9.827998718551378e-12,  Error =1.1176477912044902e-06
Completed 13 % :  mod = 2.4760777772753527e-11,  Error =1.2105461166811438e-06
Completed 14 % :  mod = 6.203641121439757e-11,  Error =1.3021727909290348e-06
Completed 15 % :  mod = 1.4973892400548397e-10,  Error =1.3866685435459658e-06
Completed 16 % :  mod = 2.7819365492941647e-10,  Error =1.4475999066121403e-06
Completed 17 % :  mod = 1.8850032285459957e-10,  Error =1.5003527877865963e-06
Completed 18 % :  mod = 8.75008102044336e-11,  Error =1.5795582513078443e-06
Completed 19 % :  mod = 3.568078757226391e-11,  Error =1.669771229728667e-06
Completed 20 % :  mod = 2.3478460485652183e-11,  Error =1.7621980816784344e-06
Completed 21 % :  mod = 3.315477002818265e-11,  Error =1.8547474809338382e-06
Completed 22 % :  mod = 6.643923632400135e-11,  Error =1.9459423157286437e-06
Completed 23 % :  mod = 1.562712890147288e-10,  Error =2.0291846993814033e-06
Completed 24 % :  mod = 2.9013003132871205e-10,  Error =2.0884546501065415e-06
Completed 25 % :  mod = 1.733352670580097e-10,  Error =2.142096953150485e-06
Completed 26 % :  mod = 8.687902002107045e-11,  Error =2.2220941104933445e-06
Completed 27 % :  mod = 4.0376024057210964e-11,  Error =2.3122784824636256e-06
Completed 28 % :  mod = 3.2339069670557234e-11,  Error =2.4043575521659477e-06
Completed 28 % :  mod = 6.049141794810992e-11,  Error =2.4958013256082268e-06
Completed 30 % :  mod = 1.3615805111597487e-10,  Error =2.5819137334792686e-06
Completed 31 % :  mod = 2.477851109939888e-10,  Error =2.6475880190446333e-06
Completed 32 % :  mod = 2.2702434876753527e-10,  Error =2.6982636853745134e-06
Completed 33 % :  mod = 1.0438631391755425e-10,  Error =2.773036825942654e-06
Completed 34 % :  mod = 5.231270340193581e-11,  Error =2.861133800990956e-06
Completed 35 % :  mod = 6.278661113246376e-11,  Error =2.951648149007724e-06
Completed 36 % :  mod = 1.2144769961958555e-10,  Error =3.038938281463288e-06
Completed 37 % :  mod = 2.1079615200404102e-10,  Error =3.1106801188229838e-06
Completed 38 % :  mod = 2.656654999092836e-10,  Error =3.1601973518036175e-06
Completed 39 % :  mod = 1.3061725351949103e-10,  Error =3.228163883761681e-06
Completed 40 % :  mod = 6.669729229928863e-11,  Error =3.3131471681713265e-06
Completed 41 % :  mod = 8.31314108457175e-11,  Error =3.4018711190242357e-06
Completed 42 % :  mod = 1.5300636947249724e-10,  Error =3.485728065300009e-06
Completed 43 % :  mod = 2.328016389398109e-10,  Error =3.5500453066106274e-06
Completed 44 % :  mod = 2.2641027661994134e-10,  Error =3.6016940896388405e-06
Completed 45 % :  mod = 1.1953386826504282e-10,  Error =3.675765228194905e-06
Completed 46 % :  mod = 7.576145379536129e-11,  Error =3.761183656081357e-06
Completed 47 % :  mod = 1.2590850433927541e-10,  Error =3.845817495573556e-06
Completed 48 % :  mod = 2.496917660006408e-10,  Error =3.916646512891475e-06
Completed 49 % :  mod = 2.2272466873714114e-10,  Error =3.967242292901574e-06
Completed 50 % :  mod = 1.3448846339490224e-10,  Error =4.034925986218241e-06
Completed 51 % :  mod = 7.94013355551691e-11,  Error =4.12024898821528e-06
Completed 52 % :  mod = 7.057738303920808e-11,  Error =4.2091716139225355e-06
Completed 53 % :  mod = 1.3449941469726356e-10,  Error =4.293417077860795e-06
Completed 54 % :  mod = 2.7869244256221005e-10,  Error =4.359022533151347e-06
Completed 55 % :  mod = 2.0017178889178855e-10,  Error =4.409119057413591e-06
Completed 56 % :  mod = 1.1132466587553861e-10,  Error =4.4828076894987134e-06
Completed 56 % :  mod = 6.456005356158375e-11,  Error =4.570632484046655e-06
Completed 57 % :  mod = 5.664617446247511e-11,  Error =4.661037607434082e-06
Completed 59 % :  mod = 1.1185721619317212e-10,  Error =4.748151319233784e-06
Completed 60 % :  mod = 2.4879363048623255e-10,  Error =4.8196924637977645e-06
Completed 61 % :  mod = 2.324597133478969e-10,  Error =4.869305563204307e-06
Completed 62 % :  mod = 1.2405994124259012e-10,  Error =4.938465870907294e-06
Completed 63 % :  mod = 5.695595183805067e-11,  Error =5.025767784161417e-06
Completed 64 % :  mod = 3.0217642580619937e-11,  Error =5.1174324227076795e-06
Completed 65 % :  mod = 4.1520496692683376e-11,  Error =5.209456837462767e-06
Completed 66 % :  mod = 9.674212392163852e-11,  Error =5.299119990809231e-06
Completed 67 % :  mod = 1.8767819093129496e-10,  Error =5.376857821204339e-06
Completed 68 % :  mod = 2.866293125853282e-10,  Error =5.428439777688254e-06
Completed 69 % :  mod = 1.4368414141197383e-10,  Error =5.490561974852426e-06
Completed 70 % :  mod = 6.087846523221947e-11,  Error =5.5749769884982925e-06
Completed 71 % :  mod = 4.044475764904643e-11,  Error =5.666099497148025e-06
Completed 72 % :  mod = 4.404615500414728e-11,  Error =5.758041062620123e-06
Completed 73 % :  mod = 7.673870676447614e-11,  Error =5.848102205163741e-06
Completed 74 % :  mod = 1.9823898838871108e-10,  Error =5.927213464929082e-06
Completed 75 % :  mod = 2.7779753314115403e-10,  Error =5.9821443940677455e-06
Completed 76 % :  mod = 1.429544062628709e-10,  Error =6.041173179482939e-06
Completed 77 % :  mod = 8.585080064374919e-11,  Error =6.124316854538847e-06
Completed 78 % :  mod = 5.283848319324705e-11,  Error =6.2142576240376e-06
Completed 79 % :  mod = 6.654657429574276e-11,  Error =6.304190662831388e-06
Completed 80 % :  mod = 1.7338477553893851e-10,  Error =6.3864125721124765e-06
Completed 81 % :  mod = 2.7463409481560837e-10,  Error =6.4470108895875455e-06
Completed 82 % :  mod = 1.727145518353949e-10,  Error =6.4995999053962805e-06
Completed 83 % :  mod = 1.1243985132879517e-10,  Error =6.577762761139638e-06
Completed 84 % :  mod = 6.752045508328773e-11,  Error =6.665487049417607e-06
Completed 85 % :  mod = 8.792216803753539e-11,  Error =6.75299440189292e-06
Completed 86 % :  mod = 2.2224115462936697e-10,  Error =6.828611468279178e-06
Completed 87 % :  mod = 2.682143997630999e-10,  Error =6.883463790074984e-06
Completed 88 % :  mod = 1.3587848846618985e-10,  Error =6.943998776876015e-06
Completed 89 % :  mod = 1.0061567482849359e-10,  Error =7.026086684902566e-06
Completed 90 % :  mod = 9.78075121113183e-11,  Error =7.112786789775782e-06
Completed 91 % :  mod = 1.4279668739087548e-10,  Error =7.193486425194351e-06
Completed 92 % :  mod = 2.8719254131250367e-10,  Error =7.251480020897816e-06
Completed 93 % :  mod = 1.9787613643200917e-10,  Error =7.307319023652781e-06
Completed 94 % :  mod = 8.635671552657868e-11,  Error =7.384816825606322e-06
Completed 95 % :  mod = 6.67240169305757e-11,  Error =7.4730491519403586e-06
Completed 96 % :  mod = 9.983526565912113e-11,  Error =7.561391591082156e-06
Completed 97 % :  mod = 1.6543354373710716e-10,  Error =7.640530846231286e-06
Completed 98 % :  mod = 2.8824334118816463e-10,  Error =7.694350458109511e-06
Completed 99 % :  mod = 1.721726631078955e-10,  Error =7.753270097055065e-06
Completed 100 % :  mod = 7.165938782220562e-11,  Error =7.834697370867616e-06
Finished 104/201 frames
Finished all frames!
