/opt/local/miniconda_23_9/lib/python3.11/site-packages/conda/base/context.py:201: FutureWarning: Adding 'defaults' to channel list implicitly is deprecated and will be removed in 25.3. 

To remove this warning, please choose a default channel explicitly with conda's regular configuration system, e.g. by adding 'defaults' to the list of channels:

  conda config --add channels defaults

For more information see https://docs.conda.io/projects/conda/en/stable/user-guide/configuration/use-condarc.html

  deprecated.topic(
JOB 13582 ARRAY_ID 25  -> i=25 ; range=[2.0e-10, 2.09e-10] ; intervals=40 (frames=41)
Completed 0 % :  mod = 1.6439024392609234e-16,  Error =-1.4210854715202004e-14
Completed 1 % :  mod = 1.6665077504649735e-16,  Error =8.75197514460524e-09
Completed 2 % :  mod = 1.7349454075011793e-16,  Error =1.7504412141988723e-08
Completed 3 % :  mod = 1.8510975605917318e-16,  Error =2.6255470686464832e-08
Completed 4 % :  mod = 2.0181585935957092e-16,  Error =3.500741740936064e-08
Completed 5 % :  mod = 2.240723079157586e-16,  Error =4.3759442291957384e-08
Completed 6 % :  mod = 2.524911947015101e-16,  Error =5.251139612028055e-08
Completed 7 % :  mod = 2.878540975003169e-16,  Error =6.126334284317636e-08
Completed 8 % :  mod = 3.31133571539244e-16,  Error =7.001607826850886e-08
Completed 9 % :  mod = 3.8351988050250873e-16,  Error =7.876783314486602e-08
Completed 10 % :  mod = 4.464537618276283e-16,  Error =8.751955959951374e-08
Completed 11 % :  mod = 5.216660226005719e-16,  Error =9.627124342159732e-08
Completed 12 % :  mod = 6.112251440585067e-16,  Error =1.0502387226551946e-07
Completed 13 % :  mod = 7.175941977163991e-16,  Error =1.1377558450931247e-07
Completed 14 % :  mod = 8.436985363999727e-16,  Error =1.225278936090035e-07
Completed 15 % :  mod = 9.930062793845992e-16,  Error =1.3127989717531818e-07
Completed 16 % :  mod = 1.1696237052416821e-15,  Error =1.4003236969983845e-07
Completed 17 % :  mod = 1.3784081372285508e-15,  Error =1.4878463616696536e-07
Completed 18 % :  mod = 1.6251015669751902e-15,  Error =1.575370944806309e-07
Completed 19 % :  mod = 1.9164885756708867e-15,  Error =1.6628897014925315e-07
Completed 20 % :  mod = 2.260582879370682e-15,  Error =1.7504089555586688e-07
Completed 21 % :  mod = 2.6668477716980396e-15,  Error =1.8379424204795214e-07
Completed 22 % :  mod = 3.1464563597252414e-15,  Error =1.9254712668725915e-07
Completed 23 % :  mod = 3.712598835256267e-15,  Error =2.0129908762100968e-07
Completed 24 % :  mod = 4.3808452768121455e-15,  Error =2.100510485547602e-07
Completed 25 % :  mod = 5.169573802503617e-15,  Error =2.1880248368688626e-07
Completed 26 % :  mod = 6.100476024948285e-15,  Error =2.27553137222003e-07
Completed 27 % :  mod = 7.199153647170712e-15,  Error =2.363047997278045e-07
Completed 28 % :  mod = 8.49582251117694e-15,  Error =2.450566825018541e-07
Completed 28 % :  mod = 1.0026143611256713e-14,  Error =2.538078902603047e-07
Completed 30 % :  mod = 1.1832203869369575e-14,  Error =2.625601780437137e-07
Completed 31 % :  mod = 1.3963673563119193e-14,  Error =2.713123592457123e-07
Completed 32 % :  mod = 1.6479172370487622e-14,  Error =2.800645262368562e-07
Completed 33 % :  mod = 1.944788154221253e-14,  Error =2.8881706271022267e-07
Completed 34 % :  mod = 2.2951446467705784e-14,  Error =2.975685546857676e-07
Completed 35 % :  mod = 2.708622208898288e-14,  Error =3.063207074660568e-07
Completed 36 % :  mod = 3.19659228311409e-14,  Error =3.150729881440384e-07
Completed 37 % :  mod = 3.772474986671475e-14,  Error =3.2382574488565297e-07
Completed 38 % :  mod = 4.452108183912982e-14,  Error =3.3257782661166857e-07
Completed 39 % :  mod = 5.254183041256459e-14,  Error =3.413300575516587e-07
Completed 40 % :  mod = 6.20075803864425e-14,  Error =3.500824590219054e-07
Completed 41 % :  mod = 7.31786557506282e-14,  Error =3.588345549587757e-07
Completed 42 % :  mod = 8.636227828822161e-14,  Error =3.675863169405602e-07
Completed 43 % :  mod = 1.0192101542055524e-13,  Error =3.763381997146098e-07
Completed 44 % :  mod = 1.2028274934911098e-13,  Error =3.850906367119933e-07
Completed 45 % :  mod = 1.4195244100178068e-13,  Error =3.938423844829231e-07
Completed 46 % :  mod = 1.6752601144615485e-13,  Error =4.025944164709472e-07
Completed 47 % :  mod = 1.9770672105459738e-13,  Error =4.1134729400482684e-07
Completed 48 % :  mod = 2.333244943015643e-13,  Error =4.2009932599285094e-07
Completed 49 % :  mod = 2.7535871762570405e-13,  Error =4.2885123718860996e-07
Completed 50 % :  mod = 3.249651305910313e-13,  Error =4.3760345391774536e-07
Completed 51 % :  mod = 3.8350753883138803e-13,  Error =4.463556493305987e-07
Completed 52 % :  mod = 4.5259520269876194e-13,  Error =4.5510842028306797e-07
Completed 53 % :  mod = 5.341269000707996e-13,  Error =4.6386043806023736e-07
Completed 54 % :  mod = 6.303428258434548e-13,  Error =4.7261308822044157e-07
Completed 55 % :  mod = 7.438856747079377e-13,  Error =4.813651983681666e-07
Completed 56 % :  mod = 8.778724544404275e-13,  Error =4.901163777049078e-07
Completed 56 % :  mod = 1.0359787866129048e-12,  Error =4.988686228557526e-07
Completed 57 % :  mod = 1.222537655120616e-12,  Error =5.076196814002287e-07
Completed 59 % :  mod = 1.44265473058514e-12,  Error =5.163713439060302e-07
Completed 60 % :  mod = 1.7023424777761866e-12,  Error =5.251237453762769e-07
Completed 61 % :  mod = 2.0086751527277e-12,  Error =5.338753865657964e-07
Completed 62 % :  mod = 2.3699663616505568e-12,  Error =5.426254716667245e-07
Completed 63 % :  mod = 2.7959698263404803e-12,  Error =5.513755425567979e-07
Completed 64 % :  mod = 3.2981019561436406e-12,  Error =5.601259687182392e-07
Completed 65 % :  mod = 3.889681074875293e-12,  Error =5.688752011678844e-07
Completed 66 % :  mod = 4.5861715881870665e-12,  Error =5.776218259256893e-07
Completed 67 % :  mod = 5.4054102719399276e-12,  Error =5.86366397214988e-07
Completed 68 % :  mod = 6.367773568209879e-12,  Error =5.951102792778329e-07
Completed 69 % :  mod = 7.496215402852125e-12,  Error =6.038496849214425e-07
Completed 70 % :  mod = 8.816059224614596e-12,  Error =6.125841878201754e-07
Completed 71 % :  mod = 1.0354359134209651e-11,  Error =6.213116847675337e-07
Completed 72 % :  mod = 1.2138547030706125e-11,  Error =6.300295254391131e-07
Completed 73 % :  mod = 1.41939551583775e-11,  Error =6.387360897974759e-07
Completed 74 % :  mod = 1.653966351807562e-11,  Error =6.474249474308635e-07
Completed 75 % :  mod = 1.9182028445969244e-11,  Error =6.56092062456537e-07
Completed 76 % :  mod = 2.2105342551654558e-11,  Error =6.647304218176942e-07
Completed 77 % :  mod = 2.5259620976085517e-11,  Error =6.733343553833038e-07
Completed 78 % :  mod = 2.854688041073987e-11,  Error =6.818946545195104e-07
Completed 79 % :  mod = 3.1809757375990605e-11,  Error =6.904066296442579e-07
Completed 80 % :  mod = 3.482949972916444e-11,  Error =6.988659109197215e-07
Completed 81 % :  mod = 3.734228375769031e-11,  Error =7.072746299741084e-07
Completed 82 % :  mod = 3.9079743659483285e-11,  Error =7.156416543807609e-07
Completed 83 % :  mod = 3.9828713320893015e-11,  Error =7.23983973216491e-07
Completed 84 % :  mod = 3.9490056827007335e-11,  Error =7.323218014221311e-07
Completed 85 % :  mod = 3.8109149513556975e-11,  Error =7.406773505636011e-07
Completed 86 % :  mod = 3.586168984168549e-11,  Error =7.490682136790383e-07
Completed 87 % :  mod = 3.3002595216014257e-11,  Error =7.575064628895234e-07
Completed 88 % :  mod = 2.980351049175351e-11,  Error =7.659979885943358e-07
Completed 89 % :  mod = 2.6503545959873757e-11,  Error =7.74541213388602e-07
Completed 90 % :  mod = 2.3284015376268066e-11,  Error =7.831303676653079e-07
Completed 91 % :  mod = 2.0264505399927815e-11,  Error =7.91757578610941e-07
Completed 92 % :  mod = 1.7511680411753823e-11,  Error =8.004154139484854e-07
Completed 93 % :  mod = 1.5052734822705362e-11,  Error =8.090970951002419e-07
Completed 94 % :  mod = 1.2888451687064913e-11,  Error =8.177982309121035e-07
Completed 95 % :  mod = 1.100368911736278e-11,  Error =8.265123838668842e-07
Completed 96 % :  mod = 9.374895907945575e-12,  Error =8.352364062602646e-07
Completed 97 % :  mod = 7.975070563448051e-12,  Error =8.439684222594224e-07
Completed 98 % :  mod = 6.776804984571103e-12,  Error =8.527055541662776e-07
Completed 99 % :  mod = 5.7540096978578905e-12,  Error =8.614473330226247e-07
Completed 100 % :  mod = 4.88278504213972e-12,  Error =8.701928564391892e-07
Finished 26/41 frames
Finished all frames!
