/opt/local/miniconda_23_9/lib/python3.11/site-packages/conda/base/context.py:201: FutureWarning: Adding 'defaults' to channel list implicitly is deprecated and will be removed in 25.3. 

To remove this warning, please choose a default channel explicitly with conda's regular configuration system, e.g. by adding 'defaults' to the list of channels:

  conda config --add channels defaults

For more information see https://docs.conda.io/projects/conda/en/stable/user-guide/configuration/use-condarc.html

  deprecated.topic(
JOB 13447 ARRAY_ID 93  -> i=93 ; range=[1.9e-10, 6.0e-10] ; intervals=200 (frames=201)
Density options: centers='2.0e-10,4.0e-10' width='5e-11,5e-11' strength=''
Completed 0 % :  mod = 2.8543083818823285e-16,  Error =-1.4210854715202004e-14
Completed 1 % :  mod = 4.0481441442453737e-16,  Error =7.954503189466777e-08
Completed 2 % :  mod = 8.628312768044858e-16,  Error =1.590900211567714e-07
Completed 3 % :  mod = 2.0426193790675808e-15,  Error =2.3863508857857596e-07
Completed 4 % :  mod = 4.931089065518758e-15,  Error =3.181795733553372e-07
Completed 5 % :  mod = 1.1944488318959105e-14,  Error =3.9772515947333886e-07
Completed 6 % :  mod = 2.894963027210912e-14,  Error =4.772702126842887e-07
Completed 7 % :  mod = 7.01715694150631e-14,  Error =5.56815891172846e-07
Completed 8 % :  mod = 1.7009306446128672e-13,  Error =6.363606388504195e-07
Completed 9 % :  mod = 4.1229981134937487e-13,  Error =7.159066157669258e-07
Completed 10 % :  mod = 9.99399561978823e-13,  Error =7.954515623964653e-07
Completed 11 % :  mod = 2.4224842481851407e-12,  Error =8.749946616148918e-07
Completed 12 % :  mod = 5.8716182708230604e-12,  Error =9.545266337340763e-07
Completed 13 % :  mod = 1.422682316972205e-11,  Error =1.0339960851979413e-06
Completed 14 % :  mod = 3.440279700531281e-11,  Error =1.1130968360362203e-06
Completed 15 % :  mod = 8.221123622408244e-11,  Error =1.1901172953798778e-06
Completed 16 % :  mod = 1.8252985040484922e-10,  Error =1.2573781447144938e-06
Completed 17 % :  mod = 2.6544110540982346e-10,  Error =1.3035052219834142e-06
Completed 18 % :  mod = 1.455211884133537e-10,  Error =1.3545743158260848e-06
Completed 19 % :  mod = 6.888021568906647e-11,  Error =1.4257219902447105e-06
Completed 20 % :  mod = 3.0301983744859135e-11,  Error =1.5035166924803889e-06
Completed 21 % :  mod = 1.797878466457789e-11,  Error =1.5826268366936347e-06
Completed 22 % :  mod = 2.2495379029475574e-11,  Error =1.66187721362121e-06
Completed 23 % :  mod = 4.474184661808009e-11,  Error =1.7406213643766932e-06
Completed 24 % :  mod = 9.639728799767855e-11,  Error =1.8163828130468573e-06
Completed 25 % :  mod = 2.1624758321068358e-10,  Error =1.8791624469827184e-06
Completed 26 % :  mod = 2.499692213589545e-10,  Error =1.923054107066946e-06
Completed 27 % :  mod = 1.2015418076594604e-10,  Error =1.9793077257190816e-06
Completed 28 % :  mod = 5.929846975759224e-11,  Error =2.052799146667894e-06
Completed 28 % :  mod = 3.055730185039767e-11,  Error =2.1309493547505554e-06
Completed 30 % :  mod = 2.6730970591461175e-11,  Error =2.2098900984701686e-06
Completed 31 % :  mod = 4.941857180398606e-11,  Error =2.288356114377166e-06
Completed 32 % :  mod = 1.1085379273479147e-10,  Error =2.3634659029880822e-06
Completed 33 % :  mod = 2.0938422914190814e-10,  Error =2.424924510080473e-06
Completed 34 % :  mod = 2.4993395706610446e-10,  Error =2.467843060571795e-06
Completed 35 % :  mod = 1.2165586064960824e-10,  Error =2.5255844633420566e-06
Completed 36 % :  mod = 5.684350630409344e-11,  Error =2.598962467459387e-06
Completed 37 % :  mod = 4.392838528341546e-11,  Error =2.676694137448976e-06
Completed 38 % :  mod = 5.597027247728592e-11,  Error =2.754596479803695e-06
Completed 39 % :  mod = 1.0207548512965019e-10,  Error =2.8292029341514535e-06
Completed 40 % :  mod = 2.347301933255046e-10,  Error =2.8895960326735803e-06
Completed 41 % :  mod = 2.364866702265286e-10,  Error =2.9336862183981793e-06
Completed 42 % :  mod = 1.1181997978503938e-10,  Error =2.991795135187658e-06
Completed 43 % :  mod = 6.138650198333938e-11,  Error =3.065790600942364e-06
Completed 44 % :  mod = 3.814829394846223e-11,  Error =3.1436904706083624e-06
Completed 45 % :  mod = 4.647953618320972e-11,  Error =3.2218496812674857e-06
Completed 46 % :  mod = 1.0568006588888391e-10,  Error =3.297184328232561e-06
Completed 47 % :  mod = 2.0925150380577573e-10,  Error =3.360696339882452e-06
Completed 48 % :  mod = 2.403287399552511e-10,  Error =3.4040090355347274e-06
Completed 49 % :  mod = 1.360581782094712e-10,  Error =3.459864963417658e-06
Completed 50 % :  mod = 5.6226522325460744e-11,  Error =3.5329298810893306e-06
Completed 51 % :  mod = 2.7999542214249615e-11,  Error =3.611109299583859e-06
Completed 52 % :  mod = 2.2324622390081393e-11,  Error =3.6902200548638575e-06
Completed 53 % :  mod = 3.1416218207825104e-11,  Error =3.769257048702457e-06
Completed 54 % :  mod = 6.599729878752295e-11,  Error =3.8469416381303745e-06
Completed 55 % :  mod = 1.6018810887220779e-10,  Error =3.917579491030665e-06
Completed 56 % :  mod = 2.5718231954491183e-10,  Error =3.968823421018897e-06
Completed 56 % :  mod = 1.7587934517771923e-10,  Error =4.014686972197978e-06
Completed 57 % :  mod = 9.210062772443155e-11,  Error =4.082020041096257e-06
Completed 59 % :  mod = 4.2552011584888065e-11,  Error =4.158396777143025e-06
Completed 60 % :  mod = 3.886809165063298e-11,  Error =4.236652046074596e-06
Completed 61 % :  mod = 7.237571144368714e-11,  Error =4.314090411128291e-06
Completed 62 % :  mod = 1.3778024256153739e-10,  Error =4.385908702886354e-06
Completed 63 % :  mod = 2.484758265421838e-10,  Error =4.438751943780517e-06
Completed 64 % :  mod = 2.0545398735440988e-10,  Error =4.4843548465678396e-06
Completed 65 % :  mod = 8.839843542621606e-11,  Error =4.549666186903778e-06
Completed 66 % :  mod = 4.529419517586473e-11,  Error =4.625697854976352e-06
Completed 67 % :  mod = 4.012499821493804e-11,  Error =4.703975605480082e-06
Completed 68 % :  mod = 5.952071783117929e-11,  Error =4.781821772326111e-06
Completed 69 % :  mod = 1.1866889687935105e-10,  Error =4.8551661322449036e-06
Completed 70 % :  mod = 2.5453573558841033e-10,  Error =4.91196247054404e-06
Completed 71 % :  mod = 2.1162719407695984e-10,  Error =4.9555654584310105e-06
Completed 72 % :  mod = 1.0121139501922276e-10,  Error =5.017714144628371e-06
Completed 73 % :  mod = 4.749642214135768e-11,  Error =5.093258714339299e-06
Completed 74 % :  mod = 2.31538005343491e-11,  Error =5.171920165025767e-06
Completed 75 % :  mod = 2.041985667637332e-11,  Error =5.251111119264351e-06
Completed 76 % :  mod = 3.7409479974327765e-11,  Error =5.3300590394655956e-06
Completed 77 % :  mod = 7.894480528261198e-11,  Error =5.407143085278676e-06
Completed 78 % :  mod = 1.7337689530901648e-10,  Error =5.475074956962089e-06
Completed 79 % :  mod = 2.732152142657004e-10,  Error =5.522316648409742e-06
Completed 80 % :  mod = 1.4898849403824634e-10,  Error =5.571851261265692e-06
Completed 81 % :  mod = 7.614272876151755e-11,  Error =5.641877230289083e-06
Completed 82 % :  mod = 4.002318144785862e-11,  Error =5.719122924574549e-06
Completed 83 % :  mod = 3.3452606191320766e-11,  Error =5.797695244780243e-06
Completed 84 % :  mod = 5.995858178410952e-11,  Error =5.875587923753756e-06
Completed 85 % :  mod = 1.3544247001127855e-10,  Error =5.948671159217156e-06
Completed 86 % :  mod = 2.307753995993442e-10,  Error =6.005053684532413e-06
Completed 87 % :  mod = 2.189490999461533e-10,  Error =6.048437263928008e-06
Completed 88 % :  mod = 1.0879735860081707e-10,  Error =6.111081482629288e-06
Completed 89 % :  mod = 5.258642611381319e-11,  Error =6.185731720620424e-06
Completed 90 % :  mod = 5.4270831419734376e-11,  Error =6.263131986372628e-06
Completed 91 % :  mod = 9.500828869102421e-11,  Error =6.339063659765998e-06
Completed 92 % :  mod = 1.6434876873537242e-10,  Error =6.406120078850108e-06
Completed 93 % :  mod = 2.729686685425204e-10,  Error =6.45218732131525e-06
Completed 94 % :  mod = 1.584598207122508e-10,  Error =6.5028477678197305e-06
Completed 95 % :  mod = 7.127096947328383e-11,  Error =6.572450395481155e-06
Completed 96 % :  mod = 4.752249020441017e-11,  Error =6.64942348294062e-06
Completed 97 % :  mod = 4.9302748030640305e-11,  Error =6.727436968390066e-06
Completed 98 % :  mod = 8.294091643725658e-11,  Error =6.8035266949095785e-06
Completed 99 % :  mod = 1.989283188415646e-10,  Error =6.8692875601072956e-06
Completed 100 % :  mod = 2.5913696759934086e-10,  Error =6.916060165451654e-06
Finished 94/201 frames
Finished all frames!
