/opt/local/miniconda_23_9/lib/python3.11/site-packages/conda/base/context.py:201: FutureWarning: Adding 'defaults' to channel list implicitly is deprecated and will be removed in 25.3. 

To remove this warning, please choose a default channel explicitly with conda's regular configuration system, e.g. by adding 'defaults' to the list of channels:

  conda config --add channels defaults

For more information see https://docs.conda.io/projects/conda/en/stable/user-guide/configuration/use-condarc.html

  deprecated.topic(
JOB 13962 ARRAY_ID 91  -> i=91 ; range=[1.9e-10, 5.0e-10] ; intervals=200 (frames=201)
Analytic t0 extension enabled (--extend-time-using-t0).
Density options: centers='2.0e-10,4.0e-10' width='2.0e-11,5.0e-11' strength='7.0'
Completed 0 % :  mod = 2.9339872264707466e-16,  Error =-1.4210854715202004e-14
Completed 1 % :  mod = 4.244459205433871e-16,  Error =8.880627433427435e-08
Completed 2 % :  mod = 9.346525484997813e-16,  Error =1.7761291104534394e-07
Completed 3 % :  mod = 2.279788473397453e-15,  Error =2.6641890826795134e-07
Completed 4 % :  mod = 5.661469656121469e-15,  Error =3.552243086346607e-07
Completed 5 % :  mod = 1.410056704104388e-14,  Error =4.440304053332511e-07
Completed 6 % :  mod = 3.513576408924354e-14,  Error =5.328367791435085e-07
Completed 7 % :  mod = 8.755789569112459e-14,  Error =6.216429611072272e-07
Completed 8 % :  mod = 2.181958708188864e-13,  Error =7.104492709686383e-07
Completed 9 % :  mod = 5.43748921228099e-13,  Error =7.99254578964792e-07
Completed 10 % :  mod = 1.3550310455161463e-12,  Error =8.880600077532108e-07
Completed 11 % :  mod = 3.3767022148885095e-12,  Error =9.768616067162839e-07
Completed 12 % :  mod = 8.41377073810734e-12,  Error =1.065641789921301e-06
Completed 13 % :  mod = 2.0951013178575472e-11,  Error =1.1542762052840772e-06
Completed 14 % :  mod = 5.19573224050344e-11,  Error =1.2420345569807978e-06
Completed 15 % :  mod = 1.2551087962437532e-10,  Error =1.324813986514073e-06
Completed 16 % :  mod = 2.5347278709934836e-10,  Error =1.3884963934174266e-06
Completed 17 % :  mod = 2.223055300004969e-10,  Error =1.436247323738371e-06
Completed 18 % :  mod = 1.0143844601331302e-10,  Error =1.506959321773138e-06
Completed 19 % :  mod = 4.182574616738699e-11,  Error =1.5917282851773962e-06
Completed 20 % :  mod = 2.442499996584824e-11,  Error =1.679674049626101e-06
Completed 21 % :  mod = 2.514082165347336e-11,  Error =1.7680458128666032e-06
Completed 22 % :  mod = 4.501825059091506e-11,  Error =1.8558700034532194e-06
Completed 23 % :  mod = 1.1172288948335318e-10,  Error =1.9399228818883785e-06
Completed 24 % :  mod = 2.3340623023841215e-10,  Error =2.0083146594629397e-06
Completed 25 % :  mod = 2.4222105372284364e-10,  Error =2.055284227253651e-06
Completed 26 % :  mod = 1.189602956045449e-10,  Error =2.1215629928406088e-06
Completed 27 % :  mod = 4.737036404172448e-11,  Error =2.205068525995557e-06
Completed 28 % :  mod = 2.220872237890429e-11,  Error =2.292901712053208e-06
Completed 28 % :  mod = 1.4401029903176141e-11,  Error =2.3814631902041583e-06
Completed 30 % :  mod = 1.8363279229164096e-11,  Error =2.4700678977751522e-06
Completed 31 % :  mod = 4.0193048416671755e-11,  Error =2.5581914471217715e-06
Completed 32 % :  mod = 9.817291971350337e-11,  Error =2.643398346435788e-06
Completed 33 % :  mod = 2.065582408206076e-10,  Error =2.715198569092081e-06
Completed 34 % :  mod = 2.699134869992197e-10,  Error =2.763389467475008e-06
Completed 35 % :  mod = 1.2860090396765704e-10,  Error =2.825480194701413e-06
Completed 36 % :  mod = 5.723903610689478e-11,  Error =2.9073237257648543e-06
Completed 37 % :  mod = 3.3273676003659454e-11,  Error =2.9945944248765954e-06
Completed 38 % :  mod = 3.172181823045823e-11,  Error =3.0826515313719938e-06
Completed 39 % :  mod = 5.715617697399721e-11,  Error =3.1698363116561268e-06
Completed 40 % :  mod = 1.4430046812816496e-10,  Error =3.251205725973705e-06
Completed 41 % :  mod = 2.550257842633462e-10,  Error =3.312916213360495e-06
Completed 42 % :  mod = 2.0458297555763766e-10,  Error =3.3609392176003894e-06
Completed 43 % :  mod = 1.0773392050367843e-10,  Error =3.43307723937869e-06
Completed 44 % :  mod = 4.91777028270826e-11,  Error =3.5173914270103523e-06
Completed 45 % :  mod = 4.832445643498971e-11,  Error =3.604211336494245e-06
Completed 46 % :  mod = 9.90352931475853e-11,  Error =3.6891984152020996e-06
Completed 47 % :  mod = 1.809820912889293e-10,  Error =3.763843807291778e-06
Completed 48 % :  mod = 2.711156613030812e-10,  Error =3.8136557307666408e-06
Completed 49 % :  mod = 1.5770190961168824e-10,  Error =3.872088718992472e-06
Completed 50 % :  mod = 6.272198183183375e-11,  Error =3.951820211511858e-06
Completed 51 % :  mod = 3.4404739862277144e-11,  Error =4.038689290553066e-06
Completed 52 % :  mod = 3.2906973054405036e-11,  Error =4.1266972061748675e-06
Completed 53 % :  mod = 5.3391921860380825e-11,  Error =4.2140798086620634e-06
Completed 54 % :  mod = 1.2518416445255038e-10,  Error =4.2965811601902715e-06
Completed 55 % :  mod = 2.58557323581156e-10,  Error =4.360819879423161e-06
Completed 56 % :  mod = 2.1577349670411575e-10,  Error =4.4080768262233505e-06
Completed 56 % :  mod = 1.0727442238650491e-10,  Error =4.478165621435437e-06
Completed 57 % :  mod = 4.388864694060108e-11,  Error =4.562744734926127e-06
Completed 59 % :  mod = 2.2862762655798035e-11,  Error =4.650667769112715e-06
Completed 60 % :  mod = 2.3022461644352844e-11,  Error =4.739079066951035e-06
Completed 61 % :  mod = 4.247121177853507e-11,  Error =4.827078846858512e-06
Completed 62 % :  mod = 9.444721782729353e-11,  Error =4.9121245169203576e-06
Completed 63 % :  mod = 2.2108045428057774e-10,  Error =4.983343913522731e-06
Completed 64 % :  mod = 2.607658415029674e-10,  Error =5.032084203548948e-06
Completed 65 % :  mod = 1.225413134163217e-10,  Error =5.0946267080576035e-06
Completed 66 % :  mod = 5.869464269727573e-11,  Error =5.176973786547023e-06
Completed 67 % :  mod = 2.94540857659423e-11,  Error =5.264380263270141e-06
Completed 68 % :  mod = 2.5492319451522672e-11,  Error =5.3526081558175065e-06
Completed 69 % :  mod = 4.8987477881204154e-11,  Error =5.440324031269483e-06
Completed 70 % :  mod = 1.1314751872694638e-10,  Error =5.524324954819804e-06
Completed 71 % :  mod = 2.2226137466181138e-10,  Error =5.592393883091518e-06
Completed 72 % :  mod = 2.5614817572154337e-10,  Error =5.639837510784673e-06
Completed 73 % :  mod = 1.1752168732315948e-10,  Error =5.705709583025964e-06
Completed 74 % :  mod = 5.500038613877218e-11,  Error =5.7883642554656944e-06
Completed 75 % :  mod = 4.912426348353548e-11,  Error =5.87513774519266e-06
Completed 76 % :  mod = 7.352158197555481e-11,  Error =5.961375201479768e-06
Completed 77 % :  mod = 1.3817816491305373e-10,  Error =6.040981766375353e-06
Completed 78 % :  mod = 2.8692424517432373e-10,  Error =6.098495177297991e-06
Completed 79 % :  mod = 1.8739523440794958e-10,  Error =6.1494102752135404e-06
Completed 80 % :  mod = 8.431070101567647e-11,  Error =6.223934796878439e-06
Completed 81 % :  mod = 4.270466648579057e-11,  Error =6.3097226927766314e-06
Completed 82 % :  mod = 2.6083482716079563e-11,  Error =6.397686654224799e-06
Completed 83 % :  mod = 3.563043409007536e-11,  Error =6.485698726521605e-06
Completed 84 % :  mod = 8.684351834622674e-11,  Error =6.571701447910527e-06
Completed 85 % :  mod = 1.7965113903854244e-10,  Error =6.64776210612672e-06
Completed 86 % :  mod = 2.737547194262444e-10,  Error =6.698955210993063e-06
Completed 87 % :  mod = 1.5692150844371201e-10,  Error =6.755900585631025e-06
Completed 88 % :  mod = 6.395761513548503e-11,  Error =6.83557050251693e-06
Completed 89 % :  mod = 2.673555226623632e-11,  Error =6.9227092538426405e-06
Completed 90 % :  mod = 1.2470551798749146e-11,  Error =7.011228326803121e-06
Completed 91 % :  mod = 5.9233026617066695e-12,  Error =7.099973501567547e-06
Completed 92 % :  mod = 5.938766245503903e-12,  Error =7.188746806718882e-06
Completed 93 % :  mod = 1.4090820595686294e-11,  Error =7.277475503997266e-06
Completed 94 % :  mod = 3.204623042253654e-11,  Error =7.365883192278488e-06
Completed 95 % :  mod = 7.666995734528121e-11,  Error =7.452347944081339e-06
Completed 96 % :  mod = 1.810256937805025e-10,  Error =7.52894221278666e-06
Completed 97 % :  mod = 2.775959951208146e-10,  Error =7.5812381581386035e-06
Completed 98 % :  mod = 1.5233453061590426e-10,  Error =7.637025994711166e-06
Completed 99 % :  mod = 7.26263031632024e-11,  Error =7.716328852325205e-06
Completed 100 % :  mod = 3.055421295194353e-11,  Error =7.803180167798018e-06
Finished 92/201 frames
Finished all frames!
