/opt/local/miniconda_23_9/lib/python3.11/site-packages/conda/base/context.py:201: FutureWarning: Adding 'defaults' to channel list implicitly is deprecated and will be removed in 25.3. 

To remove this warning, please choose a default channel explicitly with conda's regular configuration system, e.g. by adding 'defaults' to the list of channels:

  conda config --add channels defaults

For more information see https://docs.conda.io/projects/conda/en/stable/user-guide/configuration/use-condarc.html

  deprecated.topic(
JOB 13362 ARRAY_ID 8  -> i=8 ; range=[1.9e-10, 6.0e-10] ; intervals=200 (frames=201)
Density options: centers='2.0e-10,4.0e-10' width='5e-11,5e-11' strength=''
Completed 0 % :  mod = 1.5946792045433713e-16,  Error =-1.4210854715202004e-14
Completed 1 % :  mod = 1.5920285389086332e-16,  Error =7.750230679448578e-09
Completed 2 % :  mod = 1.5840853044320455e-16,  Error =1.5500376093768864e-08
Completed 3 % :  mod = 1.5708759734781492e-16,  Error =2.3250692038345733e-08
Completed 4 % :  mod = 1.5524443690418216e-16,  Error =3.1000674027836794e-08
Completed 5 % :  mod = 1.5288518001991014e-16,  Error =3.875125997865325e-08
Completed 6 % :  mod = 1.5001767731109626e-16,  Error =4.6501000383614155e-08
Completed 7 % :  mod = 1.4665144807562733e-16,  Error =5.4250094194685516e-08
Completed 8 % :  mod = 1.4279769275258764e-16,  Error =6.200106383857928e-08
Completed 9 % :  mod = 1.3846922390437653e-16,  Error =6.975064792413832e-08
Completed 10 % :  mod = 1.336804223244372e-16,  Error =7.750072938961239e-08
Completed 11 % :  mod = 1.2844721734001827e-16,  Error =8.525004346893184e-08
Completed 12 % :  mod = 1.2278700347372722e-16,  Error =9.300075021201337e-08
Completed 13 % :  mod = 1.167185942765123e-16,  Error =1.0075027034872619e-07
Completed 14 % :  mod = 1.1026216918130827e-16,  Error =1.0850045839561062e-07
Completed 15 % :  mod = 1.0343918375393988e-16,  Error =1.1625158435890626e-07
Completed 16 % :  mod = 9.627232316421246e-17,  Error =1.2400158055925203e-07
Completed 17 % :  mod = 8.87854183821761e-17,  Error =1.3175187518754683e-07
Completed 18 % :  mod = 8.10033592724625e-17,  Error =1.3950148058938794e-07
Completed 19 % :  mod = 7.295200132967097e-17,  Error =1.4725092967182718e-07
Completed 20 % :  mod = 6.465812881713235e-17,  Error =1.5500114614042104e-07
Completed 21 % :  mod = 5.614931228504848e-17,  Error =1.6275108549734796e-07
Completed 22 % :  mod = 4.7453819596877596e-17,  Error =1.7050089695658244e-07
Completed 23 % :  mod = 3.860058144624253e-17,  Error =1.7825087184064614e-07
Completed 24 % :  mod = 2.961902824725367e-17,  Error =1.8600132989377016e-07
Completed 25 % :  mod = 2.0538995112136102e-17,  Error =1.9375065107851697e-07
Completed 26 % :  mod = 1.1390686696053558e-17,  Error =2.0150245916283893e-07
Completed 27 % :  mod = 2.204516672370813e-18,  Error =2.092526898422875e-07
Completed 28 % :  mod = 6.988993648670151e-18,  Error =2.170030342085738e-07
Completed 28 % :  mod = 1.615926608816024e-17,  Error =2.2475239802588476e-07
Completed 30 % :  mod = 2.527581459443108e-17,  Error =2.3250215974712773e-07
Completed 31 % :  mod = 3.430834093751214e-17,  Error =2.4025214884204615e-07
Completed 32 % :  mod = 4.32268054330731e-17,  Error =2.4800274189828997e-07
Completed 33 % :  mod = 5.200156678764615e-17,  Error =2.557528304691914e-07
Completed 34 % :  mod = 6.060345685507387e-17,  Error =2.6350343063086257e-07
Completed 35 % :  mod = 6.900386919653356e-17,  Error =2.712542865879186e-07
Completed 36 % :  mod = 7.71748950483504e-17,  Error =2.7900427568283703e-07
Completed 37 % :  mod = 8.508936576670267e-17,  Error =2.8675522401044873e-07
Completed 38 % :  mod = 9.272095513952374e-17,  Error =2.9450548311160674e-07
Completed 39 % :  mod = 1.0004430935725581e-16,  Error =3.022553158871233e-07
Completed 40 % :  mod = 1.0703508216802599e-16,  Error =3.100053262983238e-07
Completed 41 % :  mod = 1.1367001216733472e-16,  Error =3.177547114319168e-07
Completed 42 % :  mod = 1.1992706336706117e-16,  Error =3.2550503448192103e-07
Completed 43 % :  mod = 1.257854315027154e-16,  Error =3.332545475132065e-07
Completed 44 % :  mod = 1.3122563119759534e-16,  Error =3.410042168638938e-07
Completed 45 % :  mod = 1.3622959351840042e-16,  Error =3.487538577928717e-07
Completed 46 % :  mod = 1.4078067310966422e-16,  Error =3.56503804255226e-07
Completed 47 % :  mod = 1.4486374032099526e-16,  Error =3.6425331728651145e-07
Completed 48 % :  mod = 1.484652333194556e-16,  Error =3.720031998000195e-07
Completed 49 % :  mod = 1.5157316020921108e-16,  Error =3.797538781213916e-07
Completed 50 % :  mod = 1.541771967422413e-16,  Error =3.8750394537601096e-07
Completed 51 % :  mod = 1.5626869820906083e-16,  Error =3.9525405526319446e-07
Completed 52 % :  mod = 1.5784068320529972e-16,  Error =4.0300395198755723e-07
Completed 53 % :  mod = 1.5888794654185712e-16,  Error =4.1075414003444166e-07
Completed 54 % :  mod = 1.594070109065342e-16,  Error =4.1850359622230826e-07
Completed 55 % :  mod = 1.5939613549773188e-16,  Error =4.2625459428791146e-07
Completed 56 % :  mod = 1.588553693776002e-16,  Error =4.340041925843252e-07
Completed 56 % :  mod = 1.5778651295644121e-16,  Error =4.4175448010719265e-07
Completed 57 % :  mod = 1.561931035687469e-16,  Error =4.4950428446099977e-07
Completed 59 % :  mod = 1.540804550227723e-16,  Error =4.5725411013108896e-07
Completed 60 % :  mod = 1.5145557555455848e-16,  Error =4.650033389452801e-07
Completed 61 % :  mod = 1.4832719078219454e-16,  Error =4.727540243720796e-07
Completed 62 % :  mod = 1.447057167190501e-16,  Error =4.805039992561433e-07
Completed 63 % :  mod = 1.4060317369529287e-16,  Error =4.882542015138824e-07
Completed 64 % :  mod = 1.3603321148349965e-16,  Error =4.960036505963217e-07
Completed 65 % :  mod = 1.31011034438811e-16,  Error =5.037531281004703e-07
Completed 66 % :  mod = 1.2555331376608747e-16,  Error =5.115031171953888e-07
Completed 67 % :  mod = 1.1967820711375036e-16,  Error =5.192526799646657e-07
Completed 68 % :  mod = 1.1340525471091607e-16,  Error =5.270033369697558e-07
Completed 69 % :  mod = 1.0675529060057661e-16,  Error =5.347536955468968e-07
Completed 70 % :  mod = 9.975042837073403e-17,  Error =5.425036917472426e-07
Completed 71 % :  mod = 9.241395574057111e-17,  Error =5.502532545165195e-07
Completed 72 % :  mod = 8.477026151006353e-17,  Error =5.580025970175484e-07
Completed 73 % :  mod = 7.684475682272526e-17,  Error =5.657529413838347e-07
Completed 74 % :  mod = 6.866378820824674e-17,  Error =5.735035557563606e-07
Completed 75 % :  mod = 6.025455843164997e-17,  Error =5.812530829985008e-07
Completed 76 % :  mod = 5.164502319910951e-17,  Error =5.890026599786324e-07
Completed 77 % :  mod = 4.286380001298877e-17,  Error =5.967528338146622e-07
Completed 78 % :  mod = 3.3940076096298047e-17,  Error =6.045026381684693e-07
Completed 79 % :  mod = 2.4903531206403627e-17,  Error =6.122529612184735e-07
Completed 80 % :  mod = 1.5784191120661784e-17,  Error =6.200030568948023e-07
Completed 81 % :  mod = 6.612365804667993e-18,  Error =6.27753628634764e-07
Completed 82 % :  mod = 2.581431703141892e-18,  Error =6.355038806304947e-07
Completed 83 % :  mod = 1.1766647212096539e-17,  Error =6.432548502743884e-07
Completed 84 % :  mod = 2.0912754293773927e-17,  Error =6.510053083275125e-07
Completed 85 % :  mod = 2.9989328883352837e-17,  Error =6.587561358628591e-07
Completed 86 % :  mod = 3.896620313520679e-17,  Error =6.665060325872219e-07
Completed 87 % :  mod = 4.781353899027977e-17,  Error =6.742556948324818e-07
Completed 88 % :  mod = 5.650192557660336e-17,  Error =6.820058402468021e-07
Completed 89 % :  mod = 6.500248115930724e-17,  Error =6.897554172269338e-07
Completed 90 % :  mod = 7.328693896060773e-17,  Error =6.97504844993091e-07
Completed 91 % :  mod = 8.132776885875541e-17,  Error =7.052545996089066e-07
Completed 92 % :  mod = 8.909824557873689e-17,  Error =7.130035868385676e-07
Completed 93 % :  mod = 9.657251243688073e-17,  Error =7.207526451225021e-07
Completed 94 % :  mod = 1.0372573276660835e-16,  Error =7.285020444669499e-07
Completed 95 % :  mod = 1.1053413939417444e-16,  Error =7.362528577914418e-07
Completed 96 % :  mod = 1.1697506963874655e-16,  Error =7.440024205607187e-07
Completed 97 % :  mod = 1.230271237174925e-16,  Error =7.517528786138428e-07
Completed 98 % :  mod = 1.2867020093473208e-16,  Error =7.595031661367102e-07
Completed 99 % :  mod = 1.3388552103353668e-16,  Error =7.6725258679744e-07
Completed 100 % :  mod = 1.3865575964655456e-16,  Error =7.750023698349651e-07
Finished 9/201 frames
Finished all frames!
