/opt/local/miniconda_23_9/lib/python3.11/site-packages/conda/base/context.py:201: FutureWarning: Adding 'defaults' to channel list implicitly is deprecated and will be removed in 25.3. 

To remove this warning, please choose a default channel explicitly with conda's regular configuration system, e.g. by adding 'defaults' to the list of channels:

  conda config --add channels defaults

For more information see https://docs.conda.io/projects/conda/en/stable/user-guide/configuration/use-condarc.html

  deprecated.topic(
JOB 13997 ARRAY_ID 126  -> i=126 ; range=[1.9e-10, 5.0e-10] ; intervals=200 (frames=201)
Analytic t0 extension enabled (--extend-time-using-t0).
Density options: centers='2.0e-10,4.0e-10' width='2.0e-11,5.0e-11' strength='7.0'
Completed 0 % :  mod = 3.196818033452177e-16,  Error =-1.4210854715202004e-14
Completed 1 % :  mod = 4.929215457900945e-16,  Error =1.251646750688451e-07
Completed 2 % :  mod = 1.200402536970879e-15,  Error =2.503293359268355e-07
Completed 3 % :  mod = 3.208911159649664e-15,  Error =3.7549357756461177e-07
Completed 4 % :  mod = 8.695321568903974e-15,  Error =5.006591052847398e-07
Completed 5 % :  mod = 2.3605948791049102e-14,  Error =6.25823624034183e-07
Completed 6 % :  mod = 6.410132024101593e-14,  Error =7.509876240874291e-07
Completed 7 % :  mod = 1.7407137313723437e-13,  Error =8.761522423128554e-07
Completed 8 % :  mod = 4.727044163412082e-13,  Error =1.0013174005507608e-06
Completed 9 % :  mod = 1.2836645230354678e-12,  Error =1.1264816563993918e-06
Completed 10 % :  mod = 3.485846749881927e-12,  Error =1.2516415779373347e-06
Completed 11 % :  mod = 9.465137802092223e-12,  Error =1.3767669031494734e-06
Completed 12 % :  mod = 2.568407137978151e-11,  Error =1.50164409262743e-06
Completed 13 % :  mod = 6.935619098531184e-11,  Error =1.624728568572209e-06
Completed 14 % :  mod = 1.7995070464552604e-10,  Error =1.7364484676818392e-06
Completed 15 % :  mod = 3.2515837959929765e-10,  Error =1.8117522273541908e-06
Completed 16 % :  mod = 1.6036605288392138e-10,  Error =1.8882787244933752e-06
Completed 17 % :  mod = 7.58655954056047e-11,  Error =2.001017435304675e-06
Completed 18 % :  mod = 3.783299334681406e-11,  Error =2.1235539122699265e-06
Completed 19 % :  mod = 4.1860906138894835e-11,  Error =2.2472317340316295e-06
Completed 20 % :  mod = 1.0422454890240596e-10,  Error =2.3676099516478644e-06
Completed 21 % :  mod = 2.4124493294436007e-10,  Error =2.4695731468682425e-06
Completed 22 % :  mod = 2.8553202593481436e-10,  Error =2.534803755338544e-06
Completed 23 % :  mod = 1.2686783570570394e-10,  Error =2.6265656600799048e-06
Completed 24 % :  mod = 4.61883641313618e-11,  Error =2.7450091621972206e-06
Completed 25 % :  mod = 1.844903083516838e-11,  Error =2.8691845557204942e-06
Completed 26 % :  mod = 9.302322912650541e-12,  Error =2.9941821111378886e-06
Completed 27 % :  mod = 8.994670188994543e-12,  Error =3.119277252494612e-06
Completed 28 % :  mod = 1.8900087999192368e-11,  Error =3.244260071255667e-06
Completed 28 % :  mod = 5.0777707974106196e-11,  Error =3.368317948115873e-06
Completed 30 % :  mod = 1.3009608069551125e-10,  Error =3.486108134609367e-06
Completed 31 % :  mod = 2.961267209082901e-10,  Error =3.575181288795193e-06
Completed 32 % :  mod = 2.3140346003893814e-10,  Error =3.6418849802544173e-06
Completed 33 % :  mod = 9.525082614985768e-11,  Error =3.745971746127452e-06
Completed 34 % :  mod = 3.804404001921862e-11,  Error =3.867060776485687e-06
Completed 35 % :  mod = 3.1739552721225586e-11,  Error =3.99112118998346e-06
Completed 36 % :  mod = 5.731859923770347e-11,  Error =4.114674496236148e-06
Completed 37 % :  mod = 1.2429080976579186e-10,  Error =4.232229606770943e-06
Completed 38 % :  mod = 2.9780454869656027e-10,  Error =4.320932191603788e-06
Completed 39 % :  mod = 2.376818117145427e-10,  Error =4.388729479387621e-06
Completed 40 % :  mod = 9.070920049351244e-11,  Error =4.492538828060333e-06
Completed 41 % :  mod = 3.9402823530106213e-11,  Error =4.613683259435675e-06
Completed 42 % :  mod = 3.2303972075075507e-11,  Error =4.737735828541645e-06
Completed 43 % :  mod = 5.549290828267815e-11,  Error =4.861278029011373e-06
Completed 44 % :  mod = 1.2615155909432671e-10,  Error =4.9786202396262524e-06
Completed 45 % :  mod = 3.0679252332995865e-10,  Error =5.067062716079818e-06
Completed 46 % :  mod = 2.2823215808566248e-10,  Error =5.134256966243811e-06
Completed 47 % :  mod = 9.025372188759142e-11,  Error =5.2385575841640275e-06
Completed 48 % :  mod = 3.337283671249855e-11,  Error =5.360184921698874e-06
Completed 49 % :  mod = 1.3839756425986657e-11,  Error =5.484833565105873e-06
Completed 50 % :  mod = 7.650386845896993e-12,  Error =5.609900171066329e-06
Completed 51 % :  mod = 9.337029756725556e-12,  Error =5.735001025186648e-06
Completed 52 % :  mod = 2.240024784974826e-11,  Error =5.859932137752821e-06
Completed 53 % :  mod = 5.915844107345773e-11,  Error =5.983584308921763e-06
Completed 54 % :  mod = 1.522063435398741e-10,  Error =6.0987721752781e-06
Completed 55 % :  mod = 3.1814932783215886e-10,  Error =6.180877647921079e-06
Completed 56 % :  mod = 1.923623889672969e-10,  Error =6.251235781462583e-06
Completed 56 % :  mod = 8.604215469443786e-11,  Error =6.360100762492493e-06
Completed 57 % :  mod = 3.597401539419874e-11,  Error =6.4820957064171125e-06
Completed 59 % :  mod = 3.209994019384405e-11,  Error =6.606181457868843e-06
Completed 60 % :  mod = 6.906317756190765e-11,  Error =6.7291482395148705e-06
Completed 61 % :  mod = 1.5863141352568487e-10,  Error =6.843301882497599e-06
Completed 62 % :  mod = 3.0900191575447466e-10,  Error =6.9231339310249496e-06
Completed 63 % :  mod = 1.939517922444769e-10,  Error =6.996229281241995e-06
Completed 64 % :  mod = 7.975172417602574e-11,  Error =7.106289778846531e-06
Completed 65 % :  mod = 3.518319407526392e-11,  Error =7.228468625442019e-06
Completed 66 % :  mod = 3.799121328845984e-11,  Error =7.352403834204324e-06
Completed 67 % :  mod = 8.361213926156853e-11,  Error =7.474523371797659e-06
Completed 68 % :  mod = 1.8016834797606637e-10,  Error =7.584357071266368e-06
Completed 69 % :  mod = 3.2847055187729837e-10,  Error =7.656014062717986e-06
Completed 70 % :  mod = 1.5737277866815176e-10,  Error =7.735968900135504e-06
Completed 71 % :  mod = 6.307517903325601e-11,  Error =7.8500179441221e-06
Completed 72 % :  mod = 2.861841205725257e-11,  Error =7.97332886293134e-06
Completed 73 % :  mod = 2.018566079451123e-11,  Error =8.097988676070145e-06
Completed 74 % :  mod = 3.5013595834979845e-11,  Error =8.222434708216042e-06
Completed 75 % :  mod = 9.448561001247589e-11,  Error =8.343934680965504e-06
Completed 76 % :  mod = 2.1800764298222412e-10,  Error =8.448845711939157e-06
Completed 77 % :  mod = 3.0946974895195626e-10,  Error =8.515565077971132e-06
Completed 78 % :  mod = 1.329077875466193e-10,  Error =8.60338044361697e-06
Completed 79 % :  mod = 5.3380059447637153e-11,  Error =8.72039171895267e-06
Completed 80 % :  mod = 2.960742065421213e-11,  Error =8.844041779809686e-06
Completed 81 % :  mod = 3.1733792953035905e-11,  Error =8.968436404188651e-06
Completed 82 % :  mod = 6.513053677800132e-11,  Error =9.091351437007233e-06
Completed 83 % :  mod = 1.8153644793512773e-10,  Error =9.203677777236408e-06
Completed 84 % :  mod = 3.161212604215825e-10,  Error =9.281901441227092e-06
Completed 85 % :  mod = 1.666453514891559e-10,  Error =9.355724301940427e-06
Completed 86 % :  mod = 9.372537458764397e-11,  Error =9.466354342180239e-06
Completed 87 % :  mod = 6.100248220143468e-11,  Error =9.586997443022938e-06
Completed 88 % :  mod = 8.748276906429404e-11,  Error =9.706556937771893e-06
Completed 89 % :  mod = 2.4625408010444906e-10,  Error =9.808753404172421e-06
Completed 90 % :  mod = 3.0253570378804523e-10,  Error =9.879290651326755e-06
Completed 91 % :  mod = 1.22170989977758e-10,  Error =9.96582221546305e-06
Completed 92 % :  mod = 8.867013982830447e-11,  Error =1.0080445370874713e-05
Completed 93 % :  mod = 1.0588910650551046e-10,  Error =1.0198782099735126e-05
Completed 94 % :  mod = 1.7074499312686252e-10,  Error =1.0306260527670474e-05
Completed 95 % :  mod = 3.237503877534628e-10,  Error =1.037681694526782e-05
Completed 96 % :  mod = 1.741776533224285e-10,  Error =1.0457516793849209e-05
Completed 97 % :  mod = 7.04875791353388e-11,  Error =1.0569579693253672e-05
Completed 98 % :  mod = 5.438013146579365e-11,  Error =1.0691240447613382e-05
Completed 99 % :  mod = 9.063999929925768e-11,  Error =1.081211625830747e-05
Completed 100 % :  mod = 1.8229845583055884e-10,  Error =1.0920457270913175e-05
Finished 127/201 frames
Finished all frames!
