/opt/local/miniconda_23_9/lib/python3.11/site-packages/conda/base/context.py:201: FutureWarning: Adding 'defaults' to channel list implicitly is deprecated and will be removed in 25.3. 

To remove this warning, please choose a default channel explicitly with conda's regular configuration system, e.g. by adding 'defaults' to the list of channels:

  conda config --add channels defaults

For more information see https://docs.conda.io/projects/conda/en/stable/user-guide/configuration/use-condarc.html

  deprecated.topic(
JOB 13435 ARRAY_ID 81  -> i=81 ; range=[1.9e-10, 6.0e-10] ; intervals=200 (frames=201)
Density options: centers='2.0e-10,4.0e-10' width='5e-11,5e-11' strength=''
Completed 0 % :  mod = 2.6805090673660936e-16,  Error =-1.4210854715202004e-14
Completed 1 % :  mod = 3.6377048108724035e-16,  Error =6.186994028212212e-08
Completed 2 % :  mod = 7.192911338242356e-16,  Error =1.2373934055176505e-07
Completed 3 % :  mod = 1.5885219916654357e-15,  Error =1.8560882608653628e-07
Completed 4 % :  mod = 3.5922586408232655e-15,  Error =2.47478162407333e-07
Completed 5 % :  mod = 8.161548861943591e-15,  Error =3.0934840111740414e-07
Completed 6 % :  mod = 1.8559731975657844e-14,  Error =3.7121800744444045e-07
Completed 7 % :  mod = 4.221308153186991e-14,  Error =4.3308895669724734e-07
Completed 8 % :  mod = 9.6014570696117e-14,  Error =4.949589751390704e-07
Completed 9 % :  mod = 2.1838863693455204e-13,  Error =5.568293559576887e-07
Completed 10 % :  mod = 4.967332751992604e-13,  Error =6.18698685173058e-07
Completed 11 % :  mod = 1.129835960694144e-12,  Error =6.805683909760774e-07
Completed 12 % :  mod = 2.56981248430783e-12,  Error =7.42436832013027e-07
Completed 13 % :  mod = 5.8446137763440015e-12,  Error =8.042945722763761e-07
Completed 14 % :  mod = 1.328759412797007e-11,  Error =8.661030861389918e-07
Completed 15 % :  mod = 3.0150061723204575e-11,  Error =9.276569130634016e-07
Completed 16 % :  mod = 6.771953517369981e-11,  Error =9.879379021526802e-07
Completed 17 % :  mod = 1.4415480663997941e-10,  Error =1.0426245822259261e-06
Completed 18 % :  mod = 2.3413268337598386e-10,  Error =1.0829047170091144e-06
Completed 19 % :  mod = 1.7488009018641198e-10,  Error =1.1189585293891469e-06
Completed 20 % :  mod = 8.826989398340081e-11,  Error =1.1701026920718505e-06
Completed 21 % :  mod = 3.873043779658578e-11,  Error =1.2293366893345592e-06
Completed 22 % :  mod = 1.9056332213436598e-11,  Error =1.2906411583912814e-06
Completed 23 % :  mod = 1.1788567590209005e-11,  Error =1.3523602149234648e-06
Completed 24 % :  mod = 1.2407760327502633e-11,  Error =1.4141369391040826e-06
Completed 25 % :  mod = 2.2429660457732003e-11,  Error =1.4758040194351452e-06
Completed 26 % :  mod = 4.911405788413283e-11,  Error =1.5368441026453183e-06
Completed 27 % :  mod = 1.0276561443449979e-10,  Error =1.5949061520359464e-06
Completed 28 % :  mod = 2.029165995550059e-10,  Error =1.6422394963910847e-06
Completed 28 % :  mod = 2.2341078664633627e-10,  Error =1.6768885089391006e-06
Completed 30 % :  mod = 1.1686892737530775e-10,  Error =1.7211288820817572e-06
Completed 31 % :  mod = 5.7789508757338615e-11,  Error =1.7779025043296315e-06
Completed 32 % :  mod = 2.8356443587150675e-11,  Error =1.8385894406947045e-06
Completed 33 % :  mod = 1.791870140321686e-11,  Error =1.9001093676251912e-06
Completed 34 % :  mod = 2.202232219622986e-11,  Error =1.961718652410127e-06
Completed 35 % :  mod = 4.1972355689246857e-11,  Error =2.022941593793348e-06
Completed 36 % :  mod = 8.397634214683673e-11,  Error =2.0821513615487675e-06
Completed 37 % :  mod = 1.7805102286595347e-10,  Error =2.133129314074722e-06
Completed 38 % :  mod = 2.3752194465163434e-10,  Error =2.169701936338697e-06
Completed 39 % :  mod = 1.3846117392296278e-10,  Error =2.209569707645187e-06
Completed 40 % :  mod = 7.482443104579136e-11,  Error =2.264013559738487e-06
Completed 41 % :  mod = 3.711797791479676e-11,  Error =2.323947100535406e-06
Completed 42 % :  mod = 2.7402690327380837e-11,  Error =2.385117561232164e-06
Completed 43 % :  mod = 4.123261949648819e-11,  Error =2.446227341579288e-06
Completed 44 % :  mod = 7.94597555218119e-11,  Error =2.5058379478082315e-06
Completed 45 % :  mod = 1.5005284620716347e-10,  Error =2.5589276191340105e-06
Completed 46 % :  mod = 2.457752860979454e-10,  Error =2.5971909494160172e-06
Completed 47 % :  mod = 1.5950111382965257e-10,  Error =2.6348424384536884e-06
Completed 48 % :  mod = 8.025924518546768e-11,  Error =2.687201259732319e-06
Completed 49 % :  mod = 4.141432566401241e-11,  Error =2.746712716827915e-06
Completed 50 % :  mod = 2.4275041598949816e-11,  Error =2.8078981202384057e-06
Completed 51 % :  mod = 2.7593121474276506e-11,  Error =2.8693151890024637e-06
Completed 52 % :  mod = 5.338684153915476e-11,  Error =2.9301562847194873e-06
Completed 53 % :  mod = 1.0295439222974853e-10,  Error =2.9880667895554325e-06
Completed 54 % :  mod = 1.9990638502364094e-10,  Error =3.035235025095062e-06
Completed 55 % :  mod = 2.2806710928565754e-10,  Error =3.070139882765943e-06
Completed 56 % :  mod = 1.1553308726163908e-10,  Error =3.114200815446111e-06
Completed 56 % :  mod = 6.175817989280314e-11,  Error =3.1706703751410714e-06
Completed 57 % :  mod = 3.767174404081486e-11,  Error =3.2310265467572208e-06
Completed 59 % :  mod = 3.4615559027390284e-11,  Error =3.292064484128332e-06
Completed 60 % :  mod = 6.005920114981192e-11,  Error =3.3523981244343304e-06
Completed 61 % :  mod = 1.296325663772723e-10,  Error =3.408807060623076e-06
Completed 62 % :  mod = 2.060393269936421e-10,  Error =3.453256930185944e-06
Completed 63 % :  mod = 2.0723347533141838e-10,  Error =3.487579270711194e-06
Completed 64 % :  mod = 1.1326391824836437e-10,  Error =3.534717762931905e-06
Completed 65 % :  mod = 5.412636521925574e-11,  Error =3.5919292855624008e-06
Completed 66 % :  mod = 4.4272786938445024e-11,  Error =3.652178698132502e-06
Completed 67 % :  mod = 5.889385490071196e-11,  Error =3.712485977303004e-06
Completed 68 % :  mod = 9.692320144789353e-11,  Error =3.7702198270039844e-06
Completed 69 % :  mod = 2.0241654731553426e-10,  Error =3.817847890275061e-06
Completed 70 % :  mod = 2.2727828228490204e-10,  Error =3.8535736095468565e-06
Completed 71 % :  mod = 1.187813788771404e-10,  Error =3.896422839488878e-06
Completed 72 % :  mod = 7.31192694361661e-11,  Error =3.9521148238463866e-06
Completed 73 % :  mod = 4.9244501625433184e-11,  Error =4.011796015390701e-06
Completed 74 % :  mod = 5.505750022622019e-11,  Error =4.071814799999629e-06
Completed 75 % :  mod = 1.129396382615667e-10,  Error =4.129032205923977e-06
Completed 76 % :  mod = 2.0294008789048896e-10,  Error =4.176666344335445e-06
Completed 77 % :  mod = 2.0703963897074184e-10,  Error =4.211161495959459e-06
Completed 78 % :  mod = 1.3484801124438935e-10,  Error =4.2549970018512795e-06
Completed 79 % :  mod = 6.305716776428548e-11,  Error =4.310972649079758e-06
Completed 80 % :  mod = 3.85027163100317e-11,  Error =4.371067319652866e-06
Completed 81 % :  mod = 4.5666327092629716e-11,  Error =4.431817245631464e-06
Completed 82 % :  mod = 7.690047837834765e-11,  Error =4.4913960550729826e-06
Completed 83 % :  mod = 1.406163048264619e-10,  Error =4.5451851207189975e-06
Completed 84 % :  mod = 2.460502240779255e-10,  Error =4.584668623408561e-06
Completed 85 % :  mod = 1.681847091515405e-10,  Error =4.621417815542372e-06
Completed 86 % :  mod = 8.642333543858974e-11,  Error =4.672506904057627e-06
Completed 87 % :  mod = 4.7161000338911385e-11,  Error =4.731548024494714e-06
Completed 88 % :  mod = 3.0599867984012387e-11,  Error =4.792474925352508e-06
Completed 89 % :  mod = 3.875561950101923e-11,  Error =4.853525268799785e-06
Completed 90 % :  mod = 8.002264590935842e-11,  Error =4.913192242383957e-06
Completed 91 % :  mod = 1.4737264437573338e-10,  Error =4.966935797767746e-06
Completed 92 % :  mod = 2.3278087235337852e-10,  Error =5.00576963702315e-06
Completed 93 % :  mod = 1.7465938736214126e-10,  Error =5.043175335117667e-06
Completed 94 % :  mod = 8.00382365898228e-11,  Error =5.095014103062567e-06
Completed 95 % :  mod = 4.025681502357713e-11,  Error =5.154398493800727e-06
Completed 96 % :  mod = 2.50222082522048e-11,  Error =5.215595173524434e-06
Completed 97 % :  mod = 2.502939220991272e-11,  Error =5.27707172892633e-06
Completed 98 % :  mod = 4.3609121860230893e-11,  Error =5.338145882660683e-06
Completed 99 % :  mod = 9.613311424864525e-11,  Error =5.3969411908383336e-06
Completed 100 % :  mod = 1.7641525859634468e-10,  Error =5.447124451052332e-06
Finished 82/201 frames
Finished all frames!
