/opt/local/miniconda_23_9/lib/python3.11/site-packages/conda/base/context.py:201: FutureWarning: Adding 'defaults' to channel list implicitly is deprecated and will be removed in 25.3. 

To remove this warning, please choose a default channel explicitly with conda's regular configuration system, e.g. by adding 'defaults' to the list of channels:

  conda config --add channels defaults

For more information see https://docs.conda.io/projects/conda/en/stable/user-guide/configuration/use-condarc.html

  deprecated.topic(
JOB 13944 ARRAY_ID 73  -> i=73 ; range=[1.9e-10, 5.0e-10] ; intervals=200 (frames=201)
Analytic t0 extension enabled (--extend-time-using-t0).
Density options: centers='2.0e-10,4.0e-10' width='2.0e-11,5.0e-11' strength='7.0'
Completed 0 % :  mod = 2.756369530441681e-16,  Error =-1.4210854715202004e-14
Completed 1 % :  mod = 3.813881803326658e-16,  Error =6.91767567673196e-08
Completed 2 % :  mod = 7.797871782782398e-16,  Error =1.3835402512540895e-07
Completed 3 % :  mod = 1.7765344824338557e-15,  Error =2.0753096663383985e-07
Completed 4 % :  mod = 4.136456833922258e-15,  Error =2.7670757418718495e-07
Completed 5 % :  mod = 9.670375977846747e-15,  Error =3.45883982788564e-07
Completed 6 % :  mod = 2.262459309215007e-14,  Error =4.150611090381062e-07
Completed 7 % :  mod = 5.2939171435184677e-14,  Error =4.842383845016229e-07
Completed 8 % :  mod = 1.2387516823074213e-13,  Error =5.534149067898397e-07
Completed 9 % :  mod = 2.8986332649039613e-13,  Error =6.225918696145527e-07
Completed 10 % :  mod = 6.782694604104289e-13,  Error =6.917683705864874e-07
Completed 11 % :  mod = 1.5871180195376909e-12,  Error =7.609439478528657e-07
Completed 12 % :  mod = 3.713681951298422e-12,  Error =8.301161642521038e-07
Completed 13 % :  mod = 8.688349586624646e-12,  Error =8.992660482931569e-07
Completed 14 % :  mod = 2.031071370786963e-11,  Error =9.682936621402405e-07
Completed 15 % :  mod = 4.727361525087753e-11,  Error =1.0366684080054256e-06
Completed 16 % :  mod = 1.0738872028587834e-10,  Error =1.1017300778348726e-06
Completed 17 % :  mod = 2.124544631805429e-10,  Error =1.1544477942493359e-06
Completed 18 % :  mod = 2.289945538568432e-10,  Error =1.1923327818408325e-06
Completed 19 % :  mod = 1.1609955736672402e-10,  Error =1.2428372286876765e-06
Completed 20 % :  mod = 5.2626938402146657e-11,  Error =1.3070123330294336e-06
Completed 21 % :  mod = 2.5264119914080568e-11,  Error =1.375144414339502e-06
Completed 22 % :  mod = 1.4428266607132672e-11,  Error =1.4440567781548452e-06
Completed 23 % :  mod = 1.56412981069659e-11,  Error =1.5130773789451268e-06
Completed 24 % :  mod = 3.0044105829056056e-11,  Error =1.581900981761919e-06
Completed 25 % :  mod = 6.343363761321309e-11,  Error =1.6495650712045062e-06
Completed 26 % :  mod = 1.397169132738088e-10,  Error =1.711604355136842e-06
Completed 27 % :  mod = 2.473461380391628e-10,  Error =1.757627522636085e-06
Completed 28 % :  mod = 1.8223572095867808e-10,  Error =1.7968628824860389e-06
Completed 28 % :  mod = 9.269842519518941e-11,  Error =1.8536040400363163e-06
Completed 30 % :  mod = 3.9963788461859784e-11,  Error =1.919822814500094e-06
Completed 31 % :  mod = 2.0021556823077427e-11,  Error =1.9883573187939874e-06
Completed 32 % :  mod = 1.586179179871892e-11,  Error =2.0573196479745093e-06
Completed 33 % :  mod = 2.2447412695670362e-11,  Error =2.1262537686084215e-06
Completed 34 % :  mod = 4.5080178666818106e-11,  Error =2.1946115253967946e-06
Completed 35 % :  mod = 1.0594658501946058e-10,  Error =2.259930731440818e-06
Completed 36 % :  mod = 2.0299315016398433e-10,  Error =2.313855887337013e-06
Completed 37 % :  mod = 2.329205730693797e-10,  Error =2.35171167162207e-06
Completed 38 % :  mod = 1.2535274470105404e-10,  Error =2.401038862842597e-06
Completed 39 % :  mod = 5.475791053451421e-11,  Error =2.464611476682421e-06
Completed 40 % :  mod = 2.7151364141196826e-11,  Error =2.5326058050723077e-06
Completed 41 % :  mod = 1.629300188560461e-11,  Error =2.601470882268586e-06
Completed 42 % :  mod = 1.7989544986825698e-11,  Error =2.670445987007497e-06
Completed 43 % :  mod = 3.542186262299518e-11,  Error =2.7391296981704727e-06
Completed 44 % :  mod = 7.735480943922755e-11,  Error =2.806160480872677e-06
Completed 45 % :  mod = 1.5949125631673375e-10,  Error =2.865732348311667e-06
Completed 46 % :  mod = 2.556196760853107e-10,  Error =2.9078596739395834e-06
Completed 47 % :  mod = 1.5789831493170702e-10,  Error =2.9501313676405516e-06
Completed 48 % :  mod = 7.707973497541843e-11,  Error =3.009842671986007e-06
Completed 49 % :  mod = 3.5335958411498377e-11,  Error =3.0768957230975502e-06
Completed 50 % :  mod = 1.842725089218797e-11,  Error =3.1455716538175693e-06
Completed 51 % :  mod = 1.7719693390833445e-11,  Error =3.214525015948766e-06
Completed 52 % :  mod = 3.054215737166037e-11,  Error =3.2833178451596723e-06
Completed 53 % :  mod = 6.182119046940083e-11,  Error =3.350986972350256e-06
Completed 54 % :  mod = 1.4098787106664885e-10,  Error =3.4131284323279942e-06
Completed 55 % :  mod = 2.4392260891335885e-10,  Error =3.4595940618942222e-06
Completed 56 % :  mod = 1.8348392142833356e-10,  Error =3.4985141184051827e-06
Completed 56 % :  mod = 9.678813889622469e-11,  Error =3.554935275928983e-06
Completed 57 % :  mod = 4.195676954226287e-11,  Error =3.62091658701047e-06
Completed 59 % :  mod = 2.4884437870097242e-11,  Error =3.6892872472549243e-06
Completed 60 % :  mod = 2.7681082812855905e-11,  Error =3.7580130296532843e-06
Completed 61 % :  mod = 4.720817683729648e-11,  Error =3.8262537955802145e-06
Completed 62 % :  mod = 9.900976782973167e-11,  Error =3.891573335579324e-06
Completed 63 % :  mod = 2.1197829669991456e-10,  Error =3.945523879167467e-06
Completed 64 % :  mod = 2.2946753440339776e-10,  Error =3.984041775595415e-06
Completed 65 % :  mod = 1.2218075948555473e-10,  Error =4.03294518491748e-06
Completed 66 % :  mod = 5.939133999985691e-11,  Error =4.096539946374378e-06
Completed 67 % :  mod = 2.695149931944972e-11,  Error =4.1644644355187665e-06
Completed 68 % :  mod = 1.8330408759221475e-11,  Error =4.2332770675557185e-06
Completed 69 % :  mod = 2.512228480607263e-11,  Error =4.302141455525543e-06
Completed 70 % :  mod = 4.767121369642502e-11,  Error =4.370423717148242e-06
Completed 71 % :  mod = 1.0268902139173734e-10,  Error =4.435565202243197e-06
Completed 72 % :  mod = 2.152402096547804e-10,  Error =4.488791205403686e-06
Completed 73 % :  mod = 2.2704430447966888e-10,  Error =4.526982351649167e-06
Completed 74 % :  mod = 1.1842561346916164e-10,  Error =4.576802162148397e-06
Completed 75 % :  mod = 5.564857520229288e-11,  Error =4.640803155098183e-06
Completed 76 % :  mod = 2.4202505332316886e-11,  Error =4.708893953875304e-06
Completed 77 % :  mod = 1.3214587455342083e-11,  Error =4.777820713286474e-06
Completed 78 % :  mod = 1.312075244256507e-11,  Error =4.846882674769404e-06
Completed 79 % :  mod = 2.174365687518238e-11,  Error =4.915858070830836e-06
Completed 80 % :  mod = 4.593610645859215e-11,  Error =4.984212857550574e-06
Completed 81 % :  mod = 1.0790591556339064e-10,  Error =5.049374870225165e-06
Completed 82 % :  mod = 2.0678970628852953e-10,  Error =5.10269338604985e-06
Completed 83 % :  mod = 2.308332638021071e-10,  Error =5.1404594856307995e-06
Completed 84 % :  mod = 1.21703672405973e-10,  Error =5.190417340372733e-06
Completed 85 % :  mod = 5.3382350627721104e-11,  Error =5.254261417064754e-06
Completed 86 % :  mod = 2.69276037400841e-11,  Error =5.3223024991666534e-06
Completed 87 % :  mod = 1.7192524402731962e-11,  Error =5.391162375190106e-06
Completed 88 % :  mod = 2.0233829753627814e-11,  Error =5.460099011145303e-06
Completed 89 % :  mod = 4.122483350126114e-11,  Error =5.528621429107261e-06
Completed 90 % :  mod = 8.970367589780627e-11,  Error =5.594907705130936e-06
Completed 91 % :  mod = 1.806993730663489e-10,  Error =5.651727356337233e-06
Completed 92 % :  mod = 2.526892128184747e-10,  Error =5.691377310768075e-06
Completed 93 % :  mod = 1.3720911966395828e-10,  Error =5.7369205705981585e-06
Completed 94 % :  mod = 6.749916736488903e-11,  Error =5.79865506722399e-06
Completed 95 % :  mod = 3.569836295849865e-11,  Error =5.866068377713418e-06
Completed 96 % :  mod = 2.6053553915209644e-11,  Error =5.93461420805852e-06
Completed 97 % :  mod = 3.849289434546843e-11,  Error =6.00304954900821e-06
Completed 98 % :  mod = 8.452427802305206e-11,  Error =6.069736670610837e-06
Completed 99 % :  mod = 1.6152302895069154e-10,  Error =6.1287969046475155e-06
Completed 100 % :  mod = 2.509805764582767e-10,  Error =6.170065404376146e-06
Finished 74/201 frames
Finished all frames!
