/opt/local/miniconda_23_9/lib/python3.11/site-packages/conda/base/context.py:201: FutureWarning: Adding 'defaults' to channel list implicitly is deprecated and will be removed in 25.3. 

To remove this warning, please choose a default channel explicitly with conda's regular configuration system, e.g. by adding 'defaults' to the list of channels:

  conda config --add channels defaults

For more information see https://docs.conda.io/projects/conda/en/stable/user-guide/configuration/use-condarc.html

  deprecated.topic(
JOB 13448 ARRAY_ID 94  -> i=94 ; range=[1.9e-10, 6.0e-10] ; intervals=200 (frames=201)
Density options: centers='2.0e-10,4.0e-10' width='5e-11,5e-11' strength=''
Completed 0 % :  mod = 2.8666850221668165e-16,  Error =-1.4210854715202004e-14
Completed 1 % :  mod = 4.0782991323832074e-16,  Error =8.093379477713825e-08
Completed 2 % :  mod = 8.737327142923551e-16,  Error =1.6186725559919068e-07
Completed 3 % :  mod = 2.0782076863085616e-15,  Error =2.428016756539364e-07
Completed 4 % :  mod = 5.039405691113488e-15,  Error =3.2373510094885205e-07
Completed 5 % :  mod = 1.226044748074354e-14,  Error =4.0466853334919506e-07
Completed 6 % :  mod = 2.9845328580935197e-14,  Error =4.856029747202228e-07
Completed 7 % :  mod = 7.265866760149976e-14,  Error =5.665372384555667e-07
Completed 8 % :  mod = 1.7689086077902909e-13,  Error =6.474705216419352e-07
Completed 9 % :  mod = 4.3064994662934317e-13,  Error =7.284042951027914e-07
Completed 10 % :  mod = 1.0484381523542631e-12,  Error =8.093372088069373e-07
Completed 11 % :  mod = 2.5524464349366683e-12,  Error =8.902685806333466e-07
Completed 12 % :  mod = 6.213595906764601e-12,  Error =9.711883564023083e-07
Completed 13 % :  mod = 1.5120513959551095e-11,  Error =1.05203652367436e-06
Completed 14 % :  mod = 3.671319836024829e-11,  Error =1.1324611364216253e-06
Completed 15 % :  mod = 8.795258813671151e-11,  Error =1.2104934583589966e-06
Completed 16 % :  mod = 1.936259165268572e-10,  Error =1.2775307496326604e-06
Completed 17 % :  mod = 2.6408705055835183e-10,  Error =1.3231723272610907e-06
Completed 18 % :  mod = 1.3659568745029678e-10,  Error =1.3770854607741967e-06
Completed 19 % :  mod = 6.368058142608174e-11,  Error =1.4505162937439309e-06
Completed 20 % :  mod = 2.901627546970895e-11,  Error =1.5299093973908384e-06
Completed 21 % :  mod = 1.815674769907994e-11,  Error =1.6104326618915366e-06
Completed 22 % :  mod = 2.4647448216196617e-11,  Error =1.691029112294018e-06
Completed 23 % :  mod = 5.215061490645603e-11,  Error =1.770910621701205e-06
Completed 24 % :  mod = 1.1170262862828687e-10,  Error =1.8467831850443872e-06
Completed 25 % :  mod = 2.380479320326972e-10,  Error =1.9066559389102622e-06
Completed 26 % :  mod = 2.324537646731587e-10,  Error =1.950693025776218e-06
Completed 27 % :  mod = 1.0488438590408488e-10,  Error =2.0123667283655777e-06
Completed 28 % :  mod = 4.877410039949731e-11,  Error =2.0887524954105174e-06
Completed 28 % :  mod = 2.5956239783770833e-11,  Error =2.168690784287719e-06
Completed 30 % :  mod = 2.268193595519819e-11,  Error =2.249202225357294e-06
Completed 31 % :  mod = 4.008949350440424e-11,  Error =2.32938555200235e-06
Completed 32 % :  mod = 9.437716818127969e-11,  Error =2.4071105571010776e-06
Completed 33 % :  mod = 1.8875492246751553e-10,  Error =2.4738717385730524e-06
Completed 34 % :  mod = 2.64835855136618e-10,  Error =2.518909724358309e-06
Completed 35 % :  mod = 1.4000099924611963e-10,  Error =2.573264616501092e-06
Completed 36 % :  mod = 6.118161319926001e-11,  Error =2.6465946803000406e-06
Completed 37 % :  mod = 3.094807924908245e-11,  Error =2.72596075490128e-06
Completed 38 % :  mod = 2.109542407044012e-11,  Error =2.80642179006918e-06
Completed 39 % :  mod = 2.9854192864497724e-11,  Error =2.8868611892107765e-06
Completed 40 % :  mod = 6.855904812842097e-11,  Error =2.966032745632674e-06
Completed 41 % :  mod = 1.4713133992126994e-10,  Error =3.038752360851049e-06
Completed 42 % :  mod = 2.570373313178665e-10,  Error =3.091285798006993e-06
Completed 43 % :  mod = 1.907983527653867e-10,  Error =3.1380067611053164e-06
Completed 44 % :  mod = 8.46952041677354e-11,  Error =3.2061233028457536e-06
Completed 45 % :  mod = 3.726888896992401e-11,  Error =3.284212951371046e-06
Completed 46 % :  mod = 2.4485265877484656e-11,  Error =3.3644467976046144e-06
Completed 47 % :  mod = 2.8802560700319203e-11,  Error =3.444895796178571e-06
Completed 48 % :  mod = 5.3889932299300616e-11,  Error =3.524503462415396e-06
Completed 49 % :  mod = 1.320171245250746e-10,  Error =3.5991565070503384e-06
Completed 50 % :  mod = 2.4541299062956785e-10,  Error =3.656864464574028e-06
Completed 51 % :  mod = 2.0906903742009806e-10,  Error =3.7003426598403166e-06
Completed 52 % :  mod = 1.0832007728712226e-10,  Error =3.7644052426344388e-06
Completed 53 % :  mod = 4.5240354581021926e-11,  Error =3.8411195149024024e-06
Completed 54 % :  mod = 3.0582682903881293e-11,  Error =3.920932584833281e-06
Completed 55 % :  mod = 4.183458313078699e-11,  Error =4.000972907647338e-06
Completed 56 % :  mod = 7.735873394821119e-11,  Error =4.079314159355363e-06
Completed 56 % :  mod = 1.707508880689396e-10,  Error =4.148709514595339e-06
Completed 57 % :  mod = 2.7771429376407416e-10,  Error =4.197422470042511e-06
Completed 59 % :  mod = 1.5100824833041786e-10,  Error =4.247008760671633e-06
Completed 60 % :  mod = 8.163970767043077e-11,  Error =4.317605728942908e-06
Completed 61 % :  mod = 4.723033039494263e-11,  Error =4.395765053288869e-06
Completed 62 % :  mod = 4.599806311151865e-11,  Error =4.4750993168918285e-06
Completed 63 % :  mod = 9.219780749440387e-11,  Error =4.552354020859184e-06
Completed 64 % :  mod = 2.012614510915577e-10,  Error =4.619317110154952e-06
Completed 65 % :  mod = 2.459705893759898e-10,  Error =4.665562265415701e-06
Completed 66 % :  mod = 1.464878825815745e-10,  Error =4.719158859245454e-06
Completed 67 % :  mod = 6.990710221391275e-11,  Error =4.792081348625743e-06
Completed 68 % :  mod = 3.6138984784778635e-11,  Error =4.870974500192915e-06
Completed 69 % :  mod = 3.909493908922586e-11,  Error =4.950837585226964e-06
Completed 70 % :  mod = 7.763145494559503e-11,  Error =5.029424741564981e-06
Completed 71 % :  mod = 1.4941094023969797e-10,  Error =5.1009361143883325e-06
Completed 72 % :  mod = 2.6732586134735977e-10,  Error =5.151390624291707e-06
Completed 73 % :  mod = 1.8107677826532573e-10,  Error =5.1996311967172915e-06
Completed 74 % :  mod = 7.700581814014056e-11,  Error =5.268806567926276e-06
Completed 75 % :  mod = 3.51377285220106e-11,  Error =5.347312423964468e-06
Completed 76 % :  mod = 1.9347822269746634e-11,  Error =5.427705062288624e-06
Completed 77 % :  mod = 1.9467766065154692e-11,  Error =5.508373305929126e-06
Completed 78 % :  mod = 3.555736300843961e-11,  Error =5.5887473706661694e-06
Completed 79 % :  mod = 8.251822563708075e-11,  Error =5.667148414545409e-06
Completed 80 % :  mod = 1.7406188372082468e-10,  Error =5.736173768866593e-06
Completed 81 % :  mod = 2.717521859863218e-10,  Error =5.783339013021305e-06
Completed 82 % :  mod = 1.516993554302541e-10,  Error =5.834648462155201e-06
Completed 83 % :  mod = 6.920251376872487e-11,  Error =5.9065464554919345e-06
Completed 84 % :  mod = 3.0948293881789264e-11,  Error =5.985641671202302e-06
Completed 85 % :  mod = 1.7806288735452477e-11,  Error =6.066130481485743e-06
Completed 86 % :  mod = 2.144939341163947e-11,  Error =6.146788592786834e-06
Completed 87 % :  mod = 4.242270602222225e-11,  Error =6.22700044772273e-06
Completed 88 % :  mod = 9.154790479142851e-11,  Error =6.30454636052491e-06
Completed 89 % :  mod = 2.0408247457134058e-10,  Error =6.36991400426723e-06
Completed 90 % :  mod = 2.625383988305187e-10,  Error =6.415075965549022e-06
Completed 91 % :  mod = 1.2693556818948154e-10,  Error =6.470494881227751e-06
Completed 92 % :  mod = 6.46105124283157e-11,  Error =6.5443736900761e-06
Completed 93 % :  mod = 3.760414863496436e-11,  Error =6.6235028128858175e-06
Completed 94 % :  mod = 3.923091246164783e-11,  Error =6.703354777926052e-06
Completed 95 % :  mod = 7.798039095935834e-11,  Error =6.781664382060626e-06
Completed 96 % :  mod = 1.7693330237698005e-10,  Error =6.851752658576515e-06
Completed 97 % :  mod = 2.5296574314016295e-10,  Error =6.9013166736908715e-06
Completed 98 % :  mod = 1.6554513289677165e-10,  Error =6.9506582249800886e-06
Completed 99 % :  mod = 8.38481132699851e-11,  Error =7.0210797460390495e-06
Completed 100 % :  mod = 4.361069446702831e-11,  Error =7.099138990440679e-06
Finished 95/201 frames
Finished all frames!
