/opt/local/miniconda_23_9/lib/python3.11/site-packages/conda/base/context.py:201: FutureWarning: Adding 'defaults' to channel list implicitly is deprecated and will be removed in 25.3. 

To remove this warning, please choose a default channel explicitly with conda's regular configuration system, e.g. by adding 'defaults' to the list of channels:

  conda config --add channels defaults

For more information see https://docs.conda.io/projects/conda/en/stable/user-guide/configuration/use-condarc.html

  deprecated.topic(
JOB 14030 ARRAY_ID 159  -> i=159 ; range=[1.9e-10, 5.0e-10] ; intervals=200 (frames=201)
Analytic t0 extension enabled (--extend-time-using-t0).
Density options: centers='2.0e-10,4.0e-10' width='2.0e-11,5.0e-11' strength='7.0'
Completed 0 % :  mod = 3.4417169120238802e-16,  Error =-1.4210854715202004e-14
Completed 1 % :  mod = 5.620003575501254e-16,  Error =1.6815497616562425e-07
Completed 2 % :  mod = 1.4912169289052586e-15,  Error =3.3631005891265886e-07
Completed 3 % :  mod = 4.308036740860735e-15,  Error =5.044649853402916e-07
Completed 4 % :  mod = 1.2578029729088097e-14,  Error =6.726204588858309e-07
Completed 5 % :  mod = 3.6769468802515013e-14,  Error =8.407751579397882e-07
Completed 6 % :  mod = 1.0750421573782251e-13,  Error =1.008929729096053e-06
Completed 7 % :  mod = 3.1431928442319933e-13,  Error =1.177084122616634e-06
Completed 8 % :  mod = 9.190035764226271e-13,  Error =1.3452394043156346e-06
Completed 9 % :  mod = 2.6869621082521025e-12,  Error =1.5133914743614696e-06
Completed 10 % :  mod = 7.85578036100626e-12,  Error =1.6815167143136023e-06
Completed 11 % :  mod = 2.29601699554975e-11,  Error =1.8494190641149544e-06
Completed 12 % :  mod = 6.69137594113323e-11,  Error =2.0154420568019304e-06
Completed 13 % :  mod = 1.8940809726730202e-10,  Error =2.167441579103979e-06
Completed 14 % :  mod = 3.6986647048018463e-10,  Error =2.267868282501695e-06
Completed 15 % :  mod = 1.5485203089149854e-10,  Error =2.3723056017388444e-06
Completed 16 % :  mod = 7.780877940768782e-11,  Error =2.526215695297651e-06
Completed 17 % :  mod = 5.588820472739515e-11,  Error =2.6905340888561113e-06
Completed 18 % :  mod = 8.904819596218305e-11,  Error =2.8529497768658985e-06
Completed 19 % :  mod = 2.6139372869405525e-10,  Error =2.991244500094581e-06
Completed 20 % :  mod = 3.469231136996508e-10,  Error =3.0829222907868825e-06
Completed 21 % :  mod = 1.196098303067459e-10,  Error =3.2043681699178705e-06
Completed 22 % :  mod = 8.380818708555479e-11,  Error =3.3597504511817533e-06
Completed 23 % :  mod = 1.6650934695069967e-10,  Error =3.514267902460233e-06
Completed 24 % :  mod = 2.8918121767366153e-10,  Error =3.6392816369357206e-06
Completed 25 % :  mod = 2.388680773207146e-10,  Error =3.7229319929110716e-06
Completed 26 % :  mod = 1.65188895488383e-10,  Error =3.856384694245207e-06
Completed 27 % :  mod = 1.1367623362153395e-10,  Error =4.009445291330849e-06
Completed 28 % :  mod = 1.7237818968097916e-10,  Error =4.151548218089829e-06
Completed 28 % :  mod = 4.005839688348983e-10,  Error =4.246494597737183e-06
Completed 30 % :  mod = 1.6618028479507352e-10,  Error =4.353165543591331e-06
Completed 31 % :  mod = 9.238341364157418e-11,  Error =4.499573897476239e-06
Completed 32 % :  mod = 1.7761602994429016e-10,  Error =4.651222781149045e-06
Completed 33 % :  mod = 3.070895504698546e-10,  Error =4.775146848601253e-06
Completed 34 % :  mod = 2.4020364613415857e-10,  Error =4.859486047337214e-06
Completed 35 % :  mod = 1.3726714455221517e-10,  Error =4.993130922059663e-06
Completed 36 % :  mod = 9.198810848377759e-11,  Error =5.149662115400133e-06
Completed 37 % :  mod = 1.4773041334474475e-10,  Error =5.3013594722983726e-06
Completed 38 % :  mod = 3.5382273864553014e-10,  Error =5.408974480758388e-06
Completed 39 % :  mod = 2.2992556538143825e-10,  Error =5.507833229501102e-06
Completed 40 % :  mod = 8.16348707928204e-11,  Error =5.654825187662027e-06
Completed 41 % :  mod = 4.6486776410316286e-11,  Error =5.818252439837579e-06
Completed 42 % :  mod = 9.366078188396612e-11,  Error =5.9812014967519644e-06
Completed 43 % :  mod = 2.225743240123169e-10,  Error =6.126432822384231e-06
Completed 44 % :  mod = 3.4139497834794656e-10,  Error =6.216597832064963e-06
Completed 45 % :  mod = 1.5760422005339775e-10,  Error =6.33246978054558e-06
Completed 46 % :  mod = 5.4898829716124276e-11,  Error =6.489853767277509e-06
Completed 47 % :  mod = 3.607322994336013e-11,  Error =6.655540175870556e-06
Completed 48 % :  mod = 7.3813657670144e-11,  Error =6.820670044760391e-06
Completed 49 % :  mod = 1.807059526569904e-10,  Error =6.973669087528833e-06
Completed 50 % :  mod = 3.6541360570216675e-10,  Error =7.076822214457934e-06
Completed 51 % :  mod = 1.806019945129677e-10,  Error =7.177280259895724e-06
Completed 52 % :  mod = 7.052745886120258e-11,  Error =7.329055520699512e-06
Completed 53 % :  mod = 4.4507470230534497e-11,  Error =7.493252958568064e-06
Completed 54 % :  mod = 9.109617858706474e-11,  Error =7.656558302926442e-06
Completed 55 % :  mod = 2.2903392736266254e-10,  Error =7.80095264474312e-06
Completed 56 % :  mod = 3.6842344037632135e-10,  Error =7.895683218350769e-06
Completed 56 % :  mod = 1.370338930967217e-10,  Error =8.007837060119982e-06
Completed 57 % :  mod = 7.928517087950147e-11,  Error =8.160668954815264e-06
Completed 59 % :  mod = 1.5110868683847244e-10,  Error =8.316846319189608e-06
Completed 60 % :  mod = 2.6131811690168436e-10,  Error =8.448378260084155e-06
Completed 61 % :  mod = 2.788615673148411e-10,  Error =8.531289338975512e-06
Completed 62 % :  mod = 1.7410137410645435e-10,  Error =8.659074154593327e-06
Completed 63 % :  mod = 8.218907485887473e-11,  Error =8.813547296426805e-06
Completed 64 % :  mod = 1.3375121985011605e-10,  Error =8.964908438713337e-06
Completed 65 % :  mod = 3.9151167490016524e-10,  Error =9.077037880445005e-06
Completed 66 % :  mod = 2.009042117892923e-10,  Error =9.169666427055745e-06
Completed 67 % :  mod = 1.0130016450414375e-10,  Error =9.313118219722583e-06
Completed 68 % :  mod = 7.86272556671545e-11,  Error =9.474958027055891e-06
Completed 69 % :  mod = 9.895021295868914e-11,  Error =9.635551137421317e-06
Completed 70 % :  mod = 2.5334616747528994e-10,  Error =9.7700405916612e-06
Completed 71 % :  mod = 3.3616651931158224e-10,  Error =9.858190082923102e-06
Completed 72 % :  mod = 1.340640845328131e-10,  Error =9.982728052193579e-06
Completed 73 % :  mod = 9.765244299865367e-11,  Error =1.0135715584169702e-05
Completed 74 % :  mod = 2.0380079932366395e-10,  Error =1.0281977324666514e-05
Completed 75 % :  mod = 3.5920109447794355e-10,  Error =1.0391410832255588e-05
Completed 76 % :  mod = 1.6870866470775376e-10,  Error =1.0484970154323037e-05
Completed 77 % :  mod = 1.4201904622886466e-10,  Error =1.0624144593407436e-05
Completed 78 % :  mod = 2.160544436188271e-10,  Error =1.0768795171145484e-05
Completed 79 % :  mod = 2.5942182122008723e-10,  Error =1.0884519547005311e-05
Completed 80 % :  mod = 2.2835065013219416e-10,  Error =1.0976286482389241e-05
Completed 81 % :  mod = 2.1132911864850345e-10,  Error =1.1107149532563199e-05
Completed 82 % :  mod = 1.895781136089325e-10,  Error =1.1243094192536773e-05
Completed 83 % :  mod = 2.6247597962538333e-10,  Error =1.1345225260583902e-05
Completed 84 % :  mod = 2.658448894093447e-10,  Error =1.1450989639172349e-05
Completed 85 % :  mod = 1.4834273541892325e-10,  Error =1.1588361786607493e-05
Completed 86 % :  mod = 1.6216964200200985e-10,  Error =1.1725395928863236e-05
Completed 87 % :  mod = 3.5985144764801367e-10,  Error =1.1821756544350137e-05
Completed 88 % :  mod = 2.1609831297379405e-10,  Error =1.1929025866663778e-05
Completed 89 % :  mod = 1.1497272253481804e-10,  Error =1.2071043343553356e-05
Completed 90 % :  mod = 1.5348732679422612e-10,  Error =1.2219059307483349e-05
Completed 91 % :  mod = 3.656967265002344e-10,  Error =1.2334547648151784e-05
Completed 92 % :  mod = 2.1991891991135307e-10,  Error =1.2424606197214416e-05
Completed 93 % :  mod = 9.771594490969646e-11,  Error =1.2561977911218491e-05
Completed 94 % :  mod = 1.2683792240769465e-10,  Error =1.2719140251249428e-05
Completed 95 % :  mod = 1.8797876061259607e-10,  Error =1.2867549045836313e-05
Completed 96 % :  mod = 3.222569381966529e-10,  Error =1.2968437886229367e-05
Completed 97 % :  mod = 2.1168362699091636e-10,  Error =1.3073057445467384e-05
Completed 98 % :  mod = 7.196447958103119e-11,  Error =1.3223335947998294e-05
Completed 99 % :  mod = 7.10007239426573e-11,  Error =1.3384148822126463e-05
Completed 100 % :  mod = 2.0026941140511726e-10,  Error =1.3535363109440368e-05
Finished 160/201 frames
Finished all frames!
