/opt/local/miniconda_23_9/lib/python3.11/site-packages/conda/base/context.py:201: FutureWarning: Adding 'defaults' to channel list implicitly is deprecated and will be removed in 25.3. 

To remove this warning, please choose a default channel explicitly with conda's regular configuration system, e.g. by adding 'defaults' to the list of channels:

  conda config --add channels defaults

For more information see https://docs.conda.io/projects/conda/en/stable/user-guide/configuration/use-condarc.html

  deprecated.topic(
JOB 13886 ARRAY_ID 15  -> i=15 ; range=[1.9e-10, 5.0e-10] ; intervals=200 (frames=201)
Analytic t0 extension enabled (--extend-time-using-t0).
Density options: centers='2.0e-10,4.0e-10' width='2.0e-11,5.0e-11' strength='7.0'
Extending simulation time for p0=2.035e-10 from 10000000000.0 to 2.888e+10
Completed 0 % :  mod = 1.6283872792770138e-16,  Error =-1.4210854715202004e-14
Completed 1 % :  mod = 1.7503475906400385e-16,  Error =2.4333402848242258e-08
Completed 2 % :  mod = 2.1344972045700645e-16,  Error =4.866522118618377e-08
Completed 3 % :  mod = 2.838379012240659e-16,  Error =7.299808402194685e-08
Completed 4 % :  mod = 3.967429480829462e-16,  Error =9.733098238484672e-08
Completed 5 % :  mod = 5.690772095154736e-16,  Error =1.2166557894488506e-07
Completed 6 % :  mod = 8.266551152564255e-16,  Error =1.4599936548620462e-07
Completed 7 % :  mod = 1.2080599699992768e-15,  Error =1.7033372756714016e-07
Completed 8 % :  mod = 1.7704234723494197e-15,  Error =1.9466729384021164e-07
Completed 9 % :  mod = 2.597983602657016e-15,  Error =2.190014853908906e-07
Completed 10 % :  mod = 3.814702886997711e-15,  Error =2.4333515824537244e-07
Completed 11 % :  mod = 5.602837098213495e-15,  Error =2.6766781502374215e-07
Completed 12 % :  mod = 8.230235812294664e-15,  Error =2.9200169393561737e-07
Completed 13 % :  mod = 1.2090464288606486e-14,  Error =3.163356510071935e-07
Completed 14 % :  mod = 1.7761756556200332e-14,  Error =3.4066825094214437e-07
Completed 15 % :  mod = 2.6093630150467564e-14,  Error =3.6500086508794993e-07
Completed 16 % :  mod = 3.833413585253962e-14,  Error =3.893356392836722e-07
Completed 17 % :  mod = 5.6316050740567823e-14,  Error =4.1366862291170037e-07
Completed 18 % :  mod = 8.273415749027995e-14,  Error =4.3800364579738016e-07
Completed 19 % :  mod = 1.215450622318497e-13,  Error =4.6233802919459777e-07
Completed 20 % :  mod = 1.7856196053151968e-13,  Error =4.866727607577559e-07
Completed 21 % :  mod = 2.623243083560058e-13,  Error =5.110060286028784e-07
Completed 22 % :  mod = 3.8537508950963783e-13,  Error =5.353392040774452e-07
Completed 23 % :  mod = 5.661336984307659e-13,  Error =5.596729977241921e-07
Completed 24 % :  mod = 8.31636121154895e-13,  Error =5.840054839723052e-07
Completed 25 % :  mod = 1.2215248031334876e-12,  Error =6.083375936327684e-07
Completed 26 % :  mod = 1.793797039614651e-12,  Error =6.326708188453267e-07
Completed 27 % :  mod = 2.632892617340773e-12,  Error =6.570009460915571e-07
Completed 28 % :  mod = 3.860452006210733e-12,  Error =6.813257016347052e-07
Completed 29 % :  mod = 5.6476247363787216e-12,  Error =7.05642662524042e-07
Completed 30 % :  mod = 8.222503152439153e-12,  Error =7.29941945110113e-07
Completed 31 % :  mod = 1.1850132101980682e-11,  Error =7.542004425431514e-07
Completed 32 % :  mod = 1.6722676905695655e-11,  Error =7.783809294892308e-07
Completed 33 % :  mod = 2.2638460084859013e-11,  Error =8.024240969461971e-07
Completed 34 % :  mod = 2.8431959209173477e-11,  Error =8.262645039280869e-07
Completed 35 % :  mod = 3.1789088611567033e-11,  Error =8.499063639533233e-07
Completed 36 % :  mod = 3.078832379071518e-11,  Error =8.734908618635018e-07
Completed 37 % :  mod = 2.6048270786970406e-11,  Error =8.972099294624059e-07
Completed 38 % :  mod = 1.9973880018047375e-11,  Error =9.21144327037382e-07
Completed 39 % :  mod = 1.4441163522432938e-11,  Error =9.45255798967537e-07
Completed 40 % :  mod = 1.012117479192874e-11,  Error =9.694765239487424e-07
Completed 41 % :  mod = 6.985200679498385e-12,  Error =9.93754674993852e-07
Completed 42 % :  mod = 4.785574311606725e-12,  Error =1.0180626759392908e-06
Completed 43 % :  mod = 3.267296429383842e-12,  Error =1.0423836442896572e-06
Completed 44 % :  mod = 2.227120208355933e-12,  Error =1.0667114622719964e-06
Completed 45 % :  mod = 1.5169639482713204e-12,  Error =1.0910426908594673e-06
Completed 46 % :  mod = 1.0329042553779695e-12,  Error =1.115374352878007e-06
Completed 47 % :  mod = 7.032082991111448e-13,  Error =1.1397069812346672e-06
Completed 48 % :  mod = 4.787349947633598e-13,  Error =1.1640414143698763e-06
Completed 49 % :  mod = 3.259415003194082e-13,  Error =1.188374547211879e-06
Completed 50 % :  mod = 2.2195411710747864e-13,  Error =1.2127084048074721e-06
Completed 51 % :  mod = 1.512103423927591e-13,  Error =1.2370404363082343e-06
Completed 52 % :  mod = 1.0311568776154337e-13,  Error =1.2613740594247247e-06
Completed 53 % :  mod = 7.046668053485763e-14,  Error =1.2857067162030944e-06
Completed 54 % :  mod = 4.837297226062765e-14,  Error =1.310040047997063e-06
Completed 55 % :  mod = 3.3525158092553287e-14,  Error =1.3343724987180394e-06
Completed 56 % :  mod = 2.369916462978925e-14,  Error =1.3587056457708968e-06
Completed 57 % :  mod = 1.7423135176804618e-14,  Error =1.383040178382089e-06
Completed 58 % :  mod = 1.3756967288314707e-14,  Error =1.4073741780862292e-06
Completed 59 % :  mod = 1.2151495695985161e-14,  Error =1.431707033816565e-06
Completed 60 % :  mod = 1.2366232351380406e-14,  Error =1.4560411827346798e-06
Completed 61 % :  mod = 1.4433343313353328e-14,  Error =1.4803756158698889e-06
Completed 62 % :  mod = 1.866246699968487e-14,  Error =1.5047084929165067e-06
Completed 63 % :  mod = 2.5687095466979568e-14,  Error =1.5290421515601338e-06
Completed 64 % :  mod = 3.6559465601941525e-14,  Error =1.5533763786379495e-06
Completed 65 % :  mod = 5.2908172151343633e-14,  Error =1.5777104920289275e-06
Completed 66 % :  mod = 7.71810895015199e-14,  Error =1.602043582238366e-06
Completed 67 % :  mod = 1.1301573193112913e-13,  Error =1.626377255092848e-06
Completed 68 % :  mod = 1.6577887312769434e-13,  Error =1.6507122211351088e-06
Completed 69 % :  mod = 2.433730526764052e-13,  Error =1.6750474287619e-06
Completed 70 % :  mod = 3.5741813495687727e-13,  Error =1.6993812295140742e-06
Completed 71 % :  mod = 5.249871277304175e-13,  Error =1.7237148099980004e-06
Completed 72 % :  mod = 7.711485234248518e-13,  Error =1.7480480778431229e-06
Completed 73 % :  mod = 1.1326736075890904e-12,  Error =1.7723813243719633e-06
Completed 74 % :  mod = 1.6633932288146602e-12,  Error =1.7967149048558895e-06
Completed 75 % :  mod = 2.441782716070819e-12,  Error =1.8210458065937019e-06
Completed 76 % :  mod = 3.581207726917722e-12,  Error =1.845375173559205e-06
Completed 77 % :  mod = 5.2421760362322576e-12,  Error =1.869694841616365e-06
Completed 78 % :  mod = 7.641758764667348e-12,  Error =1.893998813784492e-06
Completed 79 % :  mod = 1.104221259882221e-11,  Error =1.9182668253847623e-06
Completed 80 % :  mod = 1.566666554579971e-11,  Error =1.9424681738655636e-06
Completed 81 % :  mod = 2.1430490009504934e-11,  Error =1.9665442323457683e-06
Completed 82 % :  mod = 2.7402368136644603e-11,  Error =1.9904274068949235e-06
Completed 83 % :  mod = 3.144043502448307e-11,  Error =2.014101376346389e-06
Completed 84 % :  mod = 3.1340567910626944e-11,  Error =2.037680879141135e-06
Completed 85 % :  mod = 2.716489448554032e-11,  Error =2.0613623590293173e-06
Completed 86 % :  mod = 2.1165351707981716e-11,  Error =2.0852554527550637e-06
Completed 87 % :  mod = 1.5439991958278453e-11,  Error =2.1093385456083524e-06
Completed 88 % :  mod = 1.0870580814210455e-11,  Error =2.1335445197223635e-06
Completed 89 % :  mod = 7.51898744493684e-12,  Error =2.157815103487337e-06
Completed 90 % :  mod = 5.15665998156351e-12,  Error =2.182117917470805e-06
Completed 91 % :  mod = 3.522376822645213e-12,  Error =2.2064381113295894e-06
Completed 92 % :  mod = 2.401546054663365e-12,  Error =2.2307652898234664e-06
Completed 93 % :  mod = 1.635953519447495e-12,  Error =2.2550958860279025e-06
Completed 94 % :  mod = 1.1139934539700919e-12,  Error =2.279428336748879e-06
Completed 95 % :  mod = 7.584528405562949e-13,  Error =2.303761341693189e-06
Completed 96 % :  mod = 5.163815034120525e-13,  Error =2.328094723225149e-06
Completed 97 % :  mod = 3.5161583608972177e-13,  Error =2.352428040808263e-06
Completed 98 % :  mod = 2.3950886893456145e-13,  Error =2.3767626373683015e-06
Completed 99 % :  mod = 1.6326954817602607e-13,  Error =2.401096544701886e-06
Completed 100 % :  mod = 1.1148547419597941e-13,  Error =2.4254299049175643e-06
Finished 16/201 frames
Finished all frames!
