/opt/local/miniconda_23_9/lib/python3.11/site-packages/conda/base/context.py:201: FutureWarning: Adding 'defaults' to channel list implicitly is deprecated and will be removed in 25.3. 

To remove this warning, please choose a default channel explicitly with conda's regular configuration system, e.g. by adding 'defaults' to the list of channels:

  conda config --add channels defaults

For more information see https://docs.conda.io/projects/conda/en/stable/user-guide/configuration/use-condarc.html

  deprecated.topic(
JOB 14031 ARRAY_ID 160  -> i=160 ; range=[1.9e-10, 5.0e-10] ; intervals=200 (frames=201)
Analytic t0 extension enabled (--extend-time-using-t0).
Density options: centers='2.0e-10,4.0e-10' width='2.0e-11,5.0e-11' strength='7.0'
Completed 0 % :  mod = 3.4500199090623584e-16,  Error =-1.4210854715202004e-14
Completed 1 % :  mod = 5.644336616265804e-16,  Error =1.6978464145722683e-07
Completed 2 % :  mod = 1.501859007530977e-15,  Error =3.3956823131120473e-07
Completed 3 % :  mod = 4.349739616923942e-15,  Error =5.093520840659949e-07
Completed 4 % :  mod = 1.2730751526926656e-14,  Error =6.791359439262123e-07
Completed 5 % :  mod = 3.7306047687546836e-14,  Error =8.489193206173695e-07
Completed 6 % :  mod = 1.0933688754958947e-13,  Error =1.0187024912511333e-06
Completed 7 % :  mod = 3.204508269755686e-13,  Error =1.188486912440112e-06
Completed 8 % :  mod = 9.39197006131703e-13,  Error =1.3582711062554154e-06
Completed 9 % :  mod = 2.7526443626067883e-12,  Error =1.52805137076939e-06
Completed 10 % :  mod = 8.067265691934278e-12,  Error =1.6978032206793614e-06
Completed 11 % :  mod = 2.3634950963002404e-11,  Error =1.8673179127404183e-06
Completed 12 % :  mod = 6.903623517527076e-11,  Error =2.0348258971125688e-06
Completed 13 % :  mod = 1.9548094565689266e-10,  Error =2.187410117926447e-06
Completed 14 % :  mod = 3.715524399100428e-10,  Error =2.287112970122962e-06
Completed 15 % :  mod = 1.4961204899905976e-10,  Error =2.394537688132914e-06
Completed 16 % :  mod = 7.547997065108844e-11,  Error =2.5506925638296707e-06
Completed 17 % :  mod = 5.7827178578294124e-11,  Error =2.716648261014143e-06
Completed 18 % :  mod = 9.455990359678779e-11,  Error =2.8801582274695647e-06
Completed 19 % :  mod = 2.717371701903768e-10,  Error =3.0170649338856492e-06
Completed 20 % :  mod = 3.3795733799269505e-10,  Error =3.108493579873084e-06
Completed 21 % :  mod = 1.1644256325910618e-10,  Error =3.2349427598887814e-06
Completed 22 % :  mod = 7.947982314424032e-11,  Error =3.3927192220062352e-06
Completed 23 % :  mod = 1.7067510406714405e-10,  Error =3.548352779603192e-06
Completed 24 % :  mod = 3.0516765166467913e-10,  Error =3.6724226362139234e-06
Completed 25 % :  mod = 2.2555521762949227e-10,  Error =3.757491526812373e-06
Completed 26 % :  mod = 1.6084724058409707e-10,  Error =3.894236627388636e-06
Completed 27 % :  mod = 1.1702216552685046e-10,  Error =4.049278771844911e-06
Completed 28 % :  mod = 1.7615646135241713e-10,  Error =4.192010429449056e-06
Completed 28 % :  mod = 3.9351973893216223e-10,  Error =4.28569012456137e-06
Completed 30 % :  mod = 1.6696011317732076e-10,  Error =4.3959795732462226e-06
Completed 31 % :  mod = 9.23380414626777e-11,  Error =4.544971773157158e-06
Completed 32 % :  mod = 1.717927823108631e-10,  Error =4.698317681572917e-06
Completed 33 % :  mod = 3.198741075168195e-10,  Error =4.8224107587202525e-06
Completed 34 % :  mod = 2.371756747500139e-10,  Error =4.908166005179737e-06
Completed 35 % :  mod = 1.2577659366160955e-10,  Error =5.044553560651366e-06
Completed 36 % :  mod = 9.004491268331206e-11,  Error =5.203759187111245e-06
Completed 37 % :  mod = 1.4264947295816438e-10,  Error =5.359003793614647e-06
Completed 38 % :  mod = 3.386056493010968e-10,  Error =5.472246321858165e-06
Completed 39 % :  mod = 2.502639645133127e-10,  Error =5.56985306587876e-06
Completed 40 % :  mod = 8.476035099938652e-11,  Error =5.715954060292461e-06
Completed 41 % :  mod = 5.429908452770165e-11,  Error =5.879946229470079e-06
Completed 42 % :  mod = 1.1935075420679972e-10,  Error =6.042355458646398e-06
Completed 43 % :  mod = 2.6671872083837275e-10,  Error =6.180536182398555e-06
Completed 44 % :  mod = 3.0150955071878396e-10,  Error =6.265600610788624e-06
Completed 45 % :  mod = 1.450971400583356e-10,  Error =6.394053592373439e-06
Completed 46 % :  mod = 4.790004424280921e-11,  Error =6.555232090477148e-06
Completed 47 % :  mod = 4.828706688152756e-11,  Error =6.721681835131221e-06
Completed 48 % :  mod = 1.462873012198452e-10,  Error =6.882742006553144e-06
Completed 49 % :  mod = 2.9120715996329534e-10,  Error =7.010916299066139e-06
Completed 50 % :  mod = 2.6875401631607406e-10,  Error =7.096594799804734e-06
Completed 51 % :  mod = 1.377363281275902e-10,  Error =7.233557006713909e-06
Completed 52 % :  mod = 7.314733460377244e-11,  Error =7.3929412636175584e-06
Completed 53 % :  mod = 1.4252333684206723e-10,  Error =7.547813055452934e-06
Completed 54 % :  mod = 3.7892833515765647e-10,  Error =7.663349563813426e-06
Completed 55 % :  mod = 2.0873171426765714e-10,  Error =7.754840879670155e-06
Completed 56 % :  mod = 1.0493468157881785e-10,  Error =7.899768824870534e-06
Completed 56 % :  mod = 5.828558222565183e-11,  Error =8.063788044410103e-06
Completed 57 % :  mod = 7.927898844358172e-11,  Error =8.228058916870395e-06
Completed 59 % :  mod = 2.2429970305775373e-10,  Error =8.373293837848905e-06
Completed 60 % :  mod = 3.721718471063749e-10,  Error =8.467576471105076e-06
Completed 61 % :  mod = 1.467508798876811e-10,  Error =8.580744697894716e-06
Completed 62 % :  mod = 9.295549454953165e-11,  Error =8.734134780752356e-06
Completed 63 % :  mod = 1.5732768164324683e-10,  Error =8.88925700337495e-06
Completed 64 % :  mod = 2.9705658077160656e-10,  Error =9.016406863793236e-06
Completed 65 % :  mod = 2.3707759249507905e-10,  Error =9.100447840637571e-06
Completed 66 % :  mod = 1.6425342084765536e-10,  Error =9.234435253802076e-06
Completed 67 % :  mod = 1.1214903150582305e-10,  Error =9.390014611199149e-06
Completed 68 % :  mod = 1.520961404875419e-10,  Error =9.538159403632562e-06
Completed 69 % :  mod = 4.0278488140287883e-10,  Error =9.638624256069761e-06
Completed 70 % :  mod = 1.7501585809701666e-10,  Error =9.742088970199347e-06
Completed 71 % :  mod = 8.074316390307425e-11,  Error =9.891622731572625e-06
Completed 72 % :  mod = 1.124961015155971e-10,  Error =1.0053562476741718e-05
Completed 73 % :  mod = 1.899923783428205e-10,  Error =1.0204874605790337e-05
Completed 74 % :  mod = 3.3177876330031315e-10,  Error =1.0309052854040601e-05
Completed 75 % :  mod = 1.8047359864866068e-10,  Error =1.041363726272948e-05
Completed 76 % :  mod = 8.854249971659195e-11,  Error =1.0565278593333005e-05
Completed 77 % :  mod = 1.0917467097530588e-10,  Error =1.072551810210598e-05
Completed 78 % :  mod = 2.0880949939766121e-10,  Error =1.086978247855086e-05
Completed 79 % :  mod = 3.8460106045771094e-10,  Error =1.0965071133739457e-05
Completed 80 % :  mod = 1.583009869243934e-10,  Error =1.1074841665958957e-05
Completed 81 % :  mod = 9.637958876588733e-11,  Error =1.122449084789423e-05
Completed 82 % :  mod = 1.960102234327778e-10,  Error =1.137559068098426e-05
Completed 83 % :  mod = 3.1765845281312436e-10,  Error =1.1494477654139246e-05
Completed 84 % :  mod = 2.101399988067208e-10,  Error =1.1581567555651873e-05
Completed 85 % :  mod = 1.833563523476748e-10,  Error =1.1717682831147158e-05
Completed 86 % :  mod = 1.3693974815323136e-10,  Error =1.186783069329067e-05
Completed 87 % :  mod = 2.3394093176210184e-10,  Error =1.19960580562406e-05
Completed 88 % :  mod = 3.164170476036607e-10,  Error =1.2084384309218876e-05
Completed 89 % :  mod = 1.7907026107206578e-10,  Error =1.2207500375893687e-05
Completed 90 % :  mod = 1.5191866202135371e-10,  Error =1.235011436762079e-05
Completed 91 % :  mod = 2.5492455144463267e-10,  Error =1.2472729629564583e-05
Completed 92 % :  mod = 3.589510077294637e-10,  Error =1.2570234730446828e-05
Completed 93 % :  mod = 1.4004931012426845e-10,  Error =1.2691332159420199e-05
Completed 94 % :  mod = 1.4848026192015318e-10,  Error =1.2828552705457241e-05
Completed 95 % :  mod = 3.928385372383363e-10,  Error =1.2940547890138987e-05
Completed 96 % :  mod = 2.2170830155734217e-10,  Error =1.3038351490024525e-05
Completed 97 % :  mod = 1.4168954580372228e-10,  Error =1.3169165221427193e-05
Completed 98 % :  mod = 1.9584466611015302e-10,  Error =1.3313638135059591e-05
Completed 99 % :  mod = 3.1775319400564053e-10,  Error =1.3432437931726326e-05
Completed 100 % :  mod = 2.3982426607151754e-10,  Error =1.3520814555079141e-05
Finished 161/201 frames
Finished all frames!
