/opt/local/miniconda_23_9/lib/python3.11/site-packages/conda/base/context.py:201: FutureWarning: Adding 'defaults' to channel list implicitly is deprecated and will be removed in 25.3. 

To remove this warning, please choose a default channel explicitly with conda's regular configuration system, e.g. by adding 'defaults' to the list of channels:

  conda config --add channels defaults

For more information see https://docs.conda.io/projects/conda/en/stable/user-guide/configuration/use-condarc.html

  deprecated.topic(
JOB 13872 ARRAY_ID 1  -> i=1 ; range=[1.9e-10, 5.0e-10] ; intervals=200 (frames=201)
Analytic t0 extension enabled (--extend-time-using-t0).
Density options: centers='2.0e-10,4.0e-10' width='2.0e-11,5.0e-11' strength='7.0'
Completed 0 % :  mod = 1.527472928375079e-16,  Error =-1.4210854715202004e-14
Completed 1 % :  mod = 1.4929838834738036e-16,  Error =6.524579987399193e-09
Completed 2 % :  mod = 1.3910742290507778e-16,  Error =1.3048826019712578e-08
Completed 3 % :  mod = 1.2263460552712804e-16,  Error =1.9572802045786375e-08
Completed 4 % :  mod = 1.0062381596438852e-16,  Error =2.6096913074979966e-08
Completed 5 % :  mod = 7.406902799341654e-17,  Error =3.261988723579634e-08
Completed 6 % :  mod = 4.4169410569807833e-17,  Error =3.914386326187014e-08
Completed 7 % :  mod = 1.2275171176119386e-17,  Error =4.566809508332881e-08
Completed 8 % :  mod = 2.017339131095259e-17,  Error =5.219219900709504e-08
Completed 9 % :  mod = 5.1710954250218506e-17,  Error =5.87162816145792e-08
Completed 10 % :  mod = 8.09133432034578e-17,  Error =6.52402079026615e-08
Completed 11 % :  mod = 1.0646182599609568e-16,  Error =7.176401339847871e-08
Completed 12 % :  mod = 1.2720267044509e-16,  Error =7.828794679198836e-08
Completed 13 % :  mod = 1.4219925699601605e-16,  Error =8.48120151886178e-08
Completed 14 % :  mod = 1.507743674013051e-16,  Error =9.133665912486322e-08
Completed 15 % :  mod = 1.5254076812073115e-16,  Error =9.786070620521059e-08
Completed 16 % :  mod = 1.4741868363297167e-16,  Error =1.0438436959248065e-07
Completed 17 % :  mod = 1.356394214512446e-16,  Error =1.1090789797663092e-07
Completed 18 % :  mod = 1.1773491904190747e-16,  Error =1.1743258454544048e-07
Completed 19 % :  mod = 9.451370693813358e-17,  Error =1.2395605608617188e-07
Completed 20 % :  mod = 6.702441461696074e-17,  Error =1.3048032343476734e-07
Completed 21 % :  mod = 3.650841642547537e-17,  Error =1.3700383050263554e-07
Completed 22 % :  mod = 4.343758196159594e-18,  Error =1.4352733046507637e-07
Completed 23 % :  mod = 2.801705050918422e-17,  Error =1.5005109332832944e-07
Completed 24 % :  mod = 5.911266227259527e-17,  Error =1.5657506935440324e-07
Completed 25 % :  mod = 8.753885352844471e-17,  Error =1.630987824796648e-07
Completed 26 % :  mod = 1.1201192444187033e-16,  Error =1.69622090595567e-07
Completed 27 % :  mod = 1.3142673565831196e-16,  Error =1.7614503633467393e-07
Completed 28 % :  mod = 1.44906548106767e-16,  Error =1.826683657668582e-07
Completed 28 % :  mod = 1.5184261300128052e-16,  Error =1.8919256916660743e-07
Completed 30 % :  mod = 1.519217280188839e-16,  Error =1.9571685783148496e-07
Completed 31 % :  mod = 1.4514032573639038e-16,  Error =2.0224076990871254e-07
Completed 32 % :  mod = 1.3180462546973615e-16,  Error =2.087648027782052e-07
Completed 33 % :  mod = 1.1251685523670982e-16,  Error =2.152888924911167e-07
Completed 34 % :  mod = 8.81480147673326e-17,  Error =2.218129893094556e-07
Completed 35 % :  mod = 5.979856327995759e-17,  Error =2.2833531687638242e-07
Completed 36 % :  mod = 2.874871600771908e-17,  Error =2.3485886657681476e-07
Completed 37 % :  mod = 3.5993898917529116e-18,  Error =2.413814144119897e-07
Completed 38 % :  mod = 3.578494322032966e-17,  Error =2.4790427488596833e-07
Completed 39 % :  mod = 6.635449763416509e-17,  Error =2.5442836459887985e-07
Completed 40 % :  mod = 9.392762140169772e-17,  Error =2.609536409181601e-07
Completed 41 % :  mod = 1.1725912521885606e-16,  Error =2.67476188753335e-07
Completed 42 % :  mod = 1.3529539429444802e-16,  Error =2.740003850476569e-07
Completed 43 % :  mod = 1.4722196896806708e-16,  Error =2.8052325973249026e-07
Completed 44 % :  mod = 1.5250024733425674e-16,  Error =2.870476478733508e-07
Completed 45 % :  mod = 1.5089186623596915e-16,  Error =2.9357151731801423e-07
Completed 46 % :  mod = 1.4246947534374241e-16,  Error =3.0009619678139643e-07
Completed 47 % :  mod = 1.2761340134308529e-16,  Error =3.066201941237523e-07
Completed 48 % :  mod = 1.0699452803583314e-16,  Error =3.131436798753384e-07
Completed 49 % :  mod = 8.15439650746517e-17,  Error =3.1966704483465946e-07
Completed 50 % :  mod = 5.241100273439248e-17,  Error =3.261906087459465e-07
Completed 51 % :  mod = 2.0911268832490146e-17,  Error =3.327155795318504e-07
Completed 52 % :  mod = 1.1532782159822178e-17,  Error =3.3923934239510345e-07
Completed 53 % :  mod = 4.3456056523589426e-17,  Error =3.457631621017754e-07
Completed 54 % :  mod = 7.341690314860901e-17,  Error =3.5228656969366057e-07
Completed 55 % :  mod = 1.0006237084593091e-16,  Error =3.5881001281268254e-07
Completed 56 % :  mod = 1.2218921519278012e-16,  Error =3.6533305092234514e-07
Completed 56 % :  mod = 1.3879818272554454e-16,  Error =3.718568635235897e-07
Completed 57 % :  mod = 1.4913926630128052e-16,  Error =3.783806050705607e-07
Completed 59 % :  mod = 1.5274548410370096e-16,  Error =3.849035792313771e-07
Completed 60 % :  mod = 1.4945396354641114e-16,  Error =3.914272852512113e-07
Completed 61 % :  mod = 1.3941336620118333e-16,  Error =3.979509273221993e-07
Completed 62 % :  mod = 1.2307709276771864e-16,  Error =4.04474484128059e-07
Completed 63 % :  mod = 1.0118286220737094e-16,  Error =4.109989930611846e-07
Completed 64 % :  mod = 7.471940893469765e-17,  Error =4.1752331014777155e-07
Completed 65 % :  mod = 4.488173493125998e-17,  Error =4.2404795408401696e-07
Completed 66 % :  mod = 1.3017274504912533e-17,  Error =4.305706795548758e-07
Completed 67 % :  mod = 1.9434993441110952e-17,  Error =4.370954300725316e-07
Completed 68 % :  mod = 5.100963009844361e-17,  Error =4.436192924117677e-07
Completed 69 % :  mod = 8.028076985810251e-17,  Error =4.5014324001613204e-07
Completed 70 % :  mod = 1.0592654749554526e-16,  Error =4.5666774894925766e-07
Completed 71 % :  mod = 1.2678887644558765e-16,  Error =4.6319172497533145e-07
Completed 72 % :  mod = 1.4192564038353817e-16,  Error =4.6971534573003737e-07
Completed 73 % :  mod = 1.5065327906807167e-16,  Error =4.762383412071358e-07
Completed 74 % :  mod = 1.5257767950460268e-16,  Error =4.827634541015868e-07
Completed 75 % :  mod = 1.476119168497744e-16,  Error =4.892879061912936e-07
Completed 76 % :  mod = 1.3598025874110524e-16,  Error =4.958113422048882e-07
Completed 77 % :  mod = 1.1820797934322712e-16,  Error =5.023348634836111e-07
Completed 78 % :  mod = 9.509760096293405e-17,  Error =5.088582071266501e-07
Completed 79 % :  mod = 6.769279412949161e-17,  Error =5.153820126224673e-07
Completed 80 % :  mod = 3.723111502767621e-17,  Error =5.219065641881571e-07
Completed 81 % :  mod = 5.088113575869205e-18,  Error =5.284304620545299e-07
Completed 82 % :  mod = 2.728464225415808e-17,  Error =5.349549851985103e-07
Completed 83 % :  mod = 5.842525967392721e-17,  Error =5.414785348989426e-07
Completed 84 % :  mod = 8.6927517735124e-17,  Error =5.480020703885202e-07
Completed 85 % :  mod = 1.115042626585397e-16,  Error =5.545256058780978e-07
Completed 86 % :  mod = 1.31045669369938e-16,  Error =5.610483952978029e-07
Completed 87 % :  mod = 1.446692915622824e-16,  Error =5.675724352727229e-07
Completed 88 % :  mod = 1.517598756046784e-16,  Error =5.740964112987967e-07
Completed 89 % :  mod = 1.5199726010366402e-16,  Error =5.806202594271781e-07
Completed 90 % :  mod = 1.4537070866847863e-16,  Error =5.871445765137651e-07
Completed 91 % :  mod = 1.3217943548094464e-16,  Error =5.936685809615483e-07
Completed 92 % :  mod = 1.13019195250172e-16,  Error =6.001925996201862e-07
Completed 93 % :  mod = 8.875519925135164e-17,  Error =6.06716376694294e-07
Completed 94 % :  mod = 6.048314291799015e-17,  Error =6.132406795700263e-07
Completed 95 % :  mod = 2.9479806357234274e-17,  Error =6.197634689897313e-07
Completed 96 % :  mod = 2.854794216075354e-18,  Error =6.262869334250354e-07
Completed 97 % :  mod = 3.5060492804687794e-17,  Error =6.328099786401253e-07
Completed 98 % :  mod = 6.568289666673864e-17,  Error =6.393327325326936e-07
Completed 99 % :  mod = 9.333919318636953e-17,  Error =6.458562538114165e-07
Completed 100 % :  mod = 1.1678044996383962e-16,  Error =6.523798958824045e-07
Finished 2/201 frames
Finished all frames!
