/opt/local/miniconda_23_9/lib/python3.11/site-packages/conda/base/context.py:201: FutureWarning: Adding 'defaults' to channel list implicitly is deprecated and will be removed in 25.3. 

To remove this warning, please choose a default channel explicitly with conda's regular configuration system, e.g. by adding 'defaults' to the list of channels:

  conda config --add channels defaults

For more information see https://docs.conda.io/projects/conda/en/stable/user-guide/configuration/use-condarc.html

  deprecated.topic(
JOB 13569 ARRAY_ID 12  -> i=12 ; range=[2.0e-10, 2.09e-10] ; intervals=40 (frames=41)
Completed 0 % :  mod = 1.6210731709739761e-16,  Error =-1.4210854715202004e-14
Completed 1 % :  mod = 1.631760416349477e-16,  Error =8.276195728740277e-09
Completed 2 % :  mod = 1.663963014096467e-16,  Error =1.655153880619764e-08
Completed 3 % :  mod = 1.7181056097901092e-16,  Error =2.482692451621915e-08
Completed 4 % :  mod = 1.7949020897673464e-16,  Error =3.310366736286596e-08
Completed 5 % :  mod = 1.895364991340344e-16,  Error =4.138016151955526e-08
Completed 6 % :  mod = 2.0208190184107117e-16,  Error =4.965616540175688e-08
Completed 7 % :  mod = 2.1729182938721412e-16,  Error =5.793176427459912e-08
Completed 8 % :  mod = 2.353668272141822e-16,  Error =6.620798131962147e-08
Completed 9 % :  mod = 2.565452305099787e-16,  Error =7.448377203900236e-08
Completed 10 % :  mod = 2.811062794744761e-16,  Error =8.276004592744357e-08
Completed 11 % :  mod = 3.093738134046336e-16,  Error =9.103634823759421e-08
Completed 12 % :  mod = 3.4172056867326164e-16,  Error =9.931285660513822e-08
Completed 13 % :  mod = 3.785730368641568e-16,  Error =1.0758950708122939e-07
Completed 14 % :  mod = 4.204171269784911e-16,  Error =1.1586461567958395e-07
Completed 15 % :  mod = 4.678045829604981e-16,  Error =1.2414025007956297e-07
Completed 16 % :  mod = 5.213602165130504e-16,  Error =1.324164529137306e-07
Completed 17 % :  mod = 5.817901805581462e-16,  Error =1.4069276943473596e-07
Completed 18 % :  mod = 6.498912706244037e-16,  Error =1.489693559619809e-07
Completed 19 % :  mod = 7.26561420114673e-16,  Error =1.5724527457905424e-07
Completed 20 % :  mod = 8.128115566476476e-16,  Error =1.6552084503018705e-07
Completed 21 % :  mod = 9.09778924835605e-16,  Error =1.7379690575580753e-07
Completed 22 % :  mod = 1.018742067145686e-15,  Error =1.8207387597612978e-07
Completed 23 % :  mod = 1.1411377127049542e-15,  Error =1.9035003617773327e-07
Completed 24 % :  mod = 1.2785796989535117e-15,  Error =1.9862564215600287e-07
Completed 25 % :  mod = 1.4328802334432647e-15,  Error =2.069016105110677e-07
Completed 26 % :  mod = 1.6060738427846086e-15,  Error =2.1517781334523534e-07
Completed 27 % :  mod = 1.80044415044741e-15,  Error =2.2345383854371903e-07
Completed 28 % :  mod = 2.0185539861353047e-15,  Error =2.3172940899485184e-07
Completed 28 % :  mod = 2.26327922683023e-15,  Error =2.4000459575290733e-07
Completed 30 % :  mod = 2.5378466672405194e-15,  Error =2.48280322523442e-07
Completed 31 % :  mod = 2.8458765741075146e-15,  Error =2.565556300737626e-07
Completed 32 % :  mod = 3.1914304507160615e-15,  Error =2.648314989528444e-07
Completed 33 % :  mod = 3.579064547880421e-15,  Error =2.731054848936765e-07
Completed 34 % :  mod = 4.013889978881695e-15,  Error =2.8138143193245924e-07
Completed 35 % :  mod = 4.501640077508892e-15,  Error =2.896575423960712e-07
Completed 36 % :  mod = 5.04874600453826e-15,  Error =2.97933389958871e-07
Completed 37 % :  mod = 5.662421574019432e-15,  Error =3.062092730488075e-07
Completed 38 % :  mod = 6.350758328277658e-15,  Error =3.144853195635733e-07
Completed 39 % :  mod = 7.122832233304382e-15,  Error =3.227613234457749e-07
Completed 40 % :  mod = 7.988823397020885e-15,  Error =3.310367588937879e-07
Completed 41 % :  mod = 8.9601502354921e-15,  Error =3.393137291141102e-07
Completed 42 % :  mod = 1.0049620044303322e-14,  Error =3.4758975431259387e-07
Completed 43 % :  mod = 1.1271597908892991e-14,  Error =3.558655592428295e-07
Completed 44 % :  mod = 1.2642196052243663e-14,  Error =3.641420462940914e-07
Completed 45 % :  mod = 1.4179486314161824e-14,  Error =3.724183912368062e-07
Completed 46 % :  mod = 1.590373843580108e-14,  Error =3.80694160639905e-07
Completed 47 % :  mod = 1.783768729529999e-14,  Error =3.8897004372984156e-07
Completed 48 % :  mod = 2.0006832694683078e-14,  Error =3.972465449919582e-07
Completed 49 % :  mod = 2.2439775580448877e-14,  Error =4.0552262703386077e-07
Completed 50 % :  mod = 2.516859511271481e-14,  Error =4.1379951198905474e-07
Completed 51 % :  mod = 2.8229271665633494e-14,  Error =4.2207541639527335e-07
Completed 52 % :  mod = 3.166216122824366e-14,  Error =4.303519887116636e-07
Completed 53 % :  mod = 3.551252742517154e-14,  Error =4.386285610280538e-07
Completed 54 % :  mod = 3.983113836663052e-14,  Error =4.469044654342724e-07
Completed 55 % :  mod = 4.46749359774853e-14,  Error =4.5518090274754286e-07
Completed 56 % :  mod = 5.0107786665053675e-14,  Error =4.634566366235049e-07
Completed 56 % :  mod = 5.620132338354172e-14,  Error =4.7173248418630465e-07
Completed 57 % :  mod = 6.303588997693191e-14,  Error =4.800083459599591e-07
Completed 59 % :  mod = 7.07016002720881e-14,  Error =4.882854511834012e-07
Completed 60 % :  mod = 7.929952602592045e-14,  Error =4.96561419538466e-07
Completed 61 % :  mod = 8.894302913714015e-14,  Error =5.048370184113082e-07
Completed 62 % :  mod = 9.975925574155105e-14,  Error =5.131132851943221e-07
Completed 63 % :  mod = 1.1189081185497755e-13,  Error =5.213889835431473e-07
Completed 64 % :  mod = 1.2549764245051084e-13,  Error =5.296660390285979e-07
Completed 65 % :  mod = 1.407591387044281e-13,  Error =5.379423626550306e-07
Completed 66 % :  mod = 1.578765009269477e-13,  Error =5.462193115590708e-07
Completed 67 % :  mod = 1.7707538803217445e-13,  Error =5.544946617419555e-07
Completed 68 % :  mod = 1.9860888818480242e-13,  Error =5.627704808830458e-07
Completed 69 % :  mod = 2.227608490578504e-13,  Error =5.710465842412304e-07
Completed 70 % :  mod = 2.4984961089716386e-13,  Error =5.793228581296717e-07
Completed 71 % :  mod = 2.8023219051205376e-13,  Error =5.875988193793091e-07
Completed 72 % :  mod = 3.143089696127927e-13,  Error =5.958743543033052e-07
Completed 73 % :  mod = 3.5252894714120414e-13,  Error =6.041509337251227e-07
Completed 74 % :  mod = 3.953956216289486e-13,  Error =6.124266391793753e-07
Completed 75 % :  mod = 4.4347357652243235e-13,  Error =6.207030054383722e-07
Completed 76 % :  mod = 4.973958490466928e-13,  Error =6.289789240554455e-07
Completed 77 % :  mod = 5.578721706278783e-13,  Error =6.37255183733032e-07
Completed 78 % :  mod = 6.256981748444361e-13,  Error =6.455308749764299e-07
Completed 79 % :  mod = 7.017656764792256e-13,  Error =6.538064099004259e-07
Completed 80 % :  mod = 7.870741317403601e-13,  Error =6.62081866664721e-07
Completed 81 % :  mod = 8.827433952217668e-13,  Error =6.703576644895293e-07
Completed 82 % :  mod = 9.900278916263161e-13,  Error =6.786333344166451e-07
Completed 83 % :  mod = 1.1103323181851759e-12,  Error =6.86908848024359e-07
Completed 84 % :  mod = 1.245228985226581e-12,  Error =6.95184382948355e-07
Completed 85 % :  mod = 1.396476883291089e-12,  Error =7.034594560195728e-07
Completed 86 % :  mod = 1.566042530697061e-12,  Error =7.117346711993378e-07
Completed 87 % :  mod = 1.7561225991305103e-12,  Error =7.200100000659404e-07
Completed 88 % :  mod = 1.969168226020154e-12,  Error =7.282853786705346e-07
Completed 89 % :  mod = 2.2079107878604077e-12,  Error =7.365604801634618e-07
Completed 90 % :  mod = 2.4753887094230005e-12,  Error =7.448353969152777e-07
Completed 91 % :  mod = 2.7749745933344523e-12,  Error =7.531093402235456e-07
Completed 92 % :  mod = 3.1104015377038667e-12,  Error =7.613828785224541e-07
Completed 93 % :  mod = 3.485786918799851e-12,  Error =7.6965642392679e-07
Completed 94 % :  mod = 3.905651088326287e-12,  Error =7.779293014209543e-07
Completed 95 % :  mod = 4.374927290178333e-12,  Error =7.862012978421262e-07
Completed 96 % :  mod = 4.8989575400765e-12,  Error =7.944714326413305e-07
Completed 97 % :  mod = 5.483467114862902e-12,  Error =8.02741453753697e-07
Completed 98 % :  mod = 6.134507541223247e-12,  Error =8.110079789958036e-07
Completed 99 % :  mod = 6.858354443894413e-12,  Error =8.192718823352152e-07
Completed 100 % :  mod = 7.661342261174228e-12,  Error =8.275348264419335e-07
Finished 13/41 frames
Finished all frames!
