/opt/local/miniconda_23_9/lib/python3.11/site-packages/conda/base/context.py:201: FutureWarning: Adding 'defaults' to channel list implicitly is deprecated and will be removed in 25.3. 

To remove this warning, please choose a default channel explicitly with conda's regular configuration system, e.g. by adding 'defaults' to the list of channels:

  conda config --add channels defaults

For more information see https://docs.conda.io/projects/conda/en/stable/user-guide/configuration/use-condarc.html

  deprecated.topic(
JOB 13460 ARRAY_ID 106  -> i=106 ; range=[1.9e-10, 6.0e-10] ; intervals=200 (frames=201)
Density options: centers='2.0e-10,4.0e-10' width='5e-11,5e-11' strength=''
Completed 0 % :  mod = 3.0006133440067885e-16,  Error =-1.4210854715202004e-14
Completed 1 % :  mod = 4.412605040316278e-16,  Error =9.715207482940968e-08
Completed 2 % :  mod = 9.977455806672258e-16,  Error =1.9430400755027222e-07
Completed 3 % :  mod = 2.4932443710324788e-15,  Error =2.9145567026489516e-07
Completed 4 % :  mod = 6.335223787813888e-15,  Error =3.886070487624238e-07
Completed 5 % :  mod = 1.6139506842503947e-14,  Error =4.857592514895259e-07
Completed 6 % :  mod = 4.1133251739218834e-14,  Error =5.829108786770121e-07
Completed 7 % :  mod = 1.0483895622243545e-13,  Error =6.800629464009944e-07
Completed 8 % :  mod = 2.6721228981990046e-13,  Error =7.772155328211738e-07
Completed 9 % :  mod = 6.810680952574607e-13,  Error =8.74366484993061e-07
Completed 10 % :  mod = 1.73589314197021e-12,  Error =9.715162576640068e-07
Completed 11 % :  mod = 4.424294745449927e-12,  Error =1.0686602180953741e-06
Completed 12 % :  mod = 1.127433713662115e-11,  Error =1.165760814103578e-06
Completed 13 % :  mod = 2.8698254515923665e-11,  Error =1.2625812999544905e-06
Completed 14 % :  mod = 7.251706814442197e-11,  Error =1.357638090837554e-06
Completed 15 % :  mod = 1.7411615723047055e-10,  Error =1.4430301717993643e-06
Completed 16 % :  mod = 2.911447349610014e-10,  Error =1.5015292618159037e-06
Completed 17 % :  mod = 1.6030506864977716e-10,  Error =1.5608738550554335e-06
Completed 18 % :  mod = 7.5287470201034e-11,  Error =1.6471284780550377e-06
Completed 19 % :  mod = 3.270773195448748e-11,  Error =1.7420568170223305e-06
Completed 20 % :  mod = 2.437995994390237e-11,  Error =1.8385367610562753e-06
Completed 21 % :  mod = 4.284481372586648e-11,  Error =1.9347997906038472e-06
Completed 22 % :  mod = 9.553746361950819e-11,  Error =2.028270344567318e-06
Completed 23 % :  mod = 2.0462035005092638e-10,  Error =2.107681879692791e-06
Completed 24 % :  mod = 2.8848862046892585e-10,  Error =2.1607015412428154e-06
Completed 25 % :  mod = 1.2986635519584016e-10,  Error =2.22770298563546e-06
Completed 26 % :  mod = 6.304199207550979e-11,  Error =2.3167438811810825e-06
Completed 27 % :  mod = 4.9869232946899006e-11,  Error =2.4115275110148104e-06
Completed 28 % :  mod = 6.723312545643997e-11,  Error =2.506165429849716e-06
Completed 28 % :  mod = 1.3682873671023974e-10,  Error =2.5942970154346767e-06
Completed 30 % :  mod = 2.957884535398641e-10,  Error =2.6590959834038586e-06
Completed 31 % :  mod = 1.9324693535208273e-10,  Error =2.7131233224508833e-06
Completed 32 % :  mod = 9.06484393755059e-11,  Error =2.7940973694740023e-06
Completed 33 % :  mod = 4.3243071038430934e-11,  Error =2.887847251997755e-06
Completed 34 % :  mod = 2.81760676399387e-11,  Error =2.9840250093116083e-06
Completed 35 % :  mod = 4.3360950941199536e-11,  Error =3.080093513574411e-06
Completed 36 % :  mod = 1.0649533448356488e-10,  Error =3.172989913480251e-06
Completed 37 % :  mod = 2.1231533271828882e-10,  Error =3.251040908480718e-06
Completed 38 % :  mod = 2.7347790599241495e-10,  Error =3.3025657799612418e-06
Completed 39 % :  mod = 1.314512912312948e-10,  Error =3.3718975984697863e-06
Completed 40 % :  mod = 5.5056019164251106e-11,  Error =3.4618379487483253e-06
Completed 41 % :  mod = 3.9364932436980063e-11,  Error =3.5571796246358645e-06
Completed 42 % :  mod = 5.2879324898154234e-11,  Error =3.6528147759895546e-06
Completed 43 % :  mod = 9.982784308190534e-11,  Error =3.7450216652246127e-06
Completed 44 % :  mod = 2.4396115229287994e-10,  Error =3.820135326293439e-06
Completed 45 % :  mod = 2.615309884922765e-10,  Error =3.8731569347305594e-06
Completed 46 % :  mod = 1.0994276237295714e-10,  Error =3.9446853605795695e-06
Completed 47 % :  mod = 6.001900921680234e-11,  Error =4.035712258598778e-06
Completed 48 % :  mod = 4.5224217839122126e-11,  Error =4.130915911559896e-06
Completed 49 % :  mod = 6.277483972572762e-11,  Error =4.225683206016129e-06
Completed 50 % :  mod = 1.5051356110934295e-10,  Error =4.31346723672732e-06
Completed 51 % :  mod = 2.8894977597761835e-10,  Error =4.378407368221815e-06
Completed 52 % :  mod = 1.8558365143708054e-10,  Error =4.431796810422384e-06
Completed 53 % :  mod = 1.0164333817437306e-10,  Error =4.512829910652272e-06
Completed 54 % :  mod = 5.1001141152580687e-11,  Error =4.60581281913619e-06
Completed 55 % :  mod = 5.048425964111153e-11,  Error =4.700766048415517e-06
Completed 56 % :  mod = 1.1304738126856755e-10,  Error =4.792599753500326e-06
Completed 56 % :  mod = 2.3253549158300084e-10,  Error =4.869324591538771e-06
Completed 57 % :  mod = 2.491373612271865e-10,  Error =4.920643881689557e-06
Completed 59 % :  mod = 1.307571571340626e-10,  Error =4.991494755302028e-06
Completed 60 % :  mod = 5.146688422513712e-11,  Error =5.082300020831099e-06
Completed 61 % :  mod = 2.8025976485883574e-11,  Error =5.178123366533782e-06
Completed 62 % :  mod = 3.067695915132535e-11,  Error =5.2746396619340885e-06
Completed 63 % :  mod = 5.6559044606390805e-11,  Error =5.370324714704111e-06
Completed 64 % :  mod = 1.2703562422951606e-10,  Error =5.460355950503981e-06
Completed 65 % :  mod = 2.7900566790023365e-10,  Error =5.528135751831087e-06
Completed 66 % :  mod = 2.1408969098167654e-10,  Error =5.581012963773446e-06
Completed 67 % :  mod = 9.387888488301917e-11,  Error =5.660429437170933e-06
Completed 68 % :  mod = 3.67511032687433e-11,  Error =5.754137639257806e-06
Completed 69 % :  mod = 1.3944484148627847e-11,  Error =5.850732520684687e-06
Completed 70 % :  mod = 6.880326243291939e-12,  Error =5.947793177085714e-06
Completed 71 % :  mod = 3.973418422970207e-12,  Error =6.044927310711046e-06
Completed 72 % :  mod = 3.292650124004727e-12,  Error =6.142068464498607e-06
Completed 73 % :  mod = 7.304650308203463e-12,  Error =6.239194220825084e-06
Completed 74 % :  mod = 1.9750954317998967e-11,  Error =6.336201849421741e-06
Completed 75 % :  mod = 4.726973766609125e-11,  Error =6.4324577380148185e-06
Completed 76 % :  mod = 1.1624331563071972e-10,  Error =6.5241777207347695e-06
Completed 77 % :  mod = 2.529561283633344e-10,  Error =6.596471891384681e-06
Completed 78 % :  mod = 2.407542441001923e-10,  Error =6.647914780444353e-06
Completed 79 % :  mod = 1.0680382709311278e-10,  Error =6.7236545433502215e-06
Completed 80 % :  mod = 4.472386657306858e-11,  Error =6.816109539897752e-06
Completed 81 % :  mod = 2.5853107681553227e-11,  Error =6.912254463031786e-06
Completed 82 % :  mod = 2.948130939126872e-11,  Error =7.0088196011397486e-06
Completed 83 % :  mod = 5.78085970679483e-11,  Error =7.10438171580563e-06
Completed 84 % :  mod = 1.4677699410163175e-10,  Error =7.193400470839606e-06
Completed 85 % :  mod = 2.7424582859679345e-10,  Error =7.259834205797233e-06
Completed 86 % :  mod = 1.9888809774259282e-10,  Error =7.312595144526313e-06
Completed 87 % :  mod = 1.0172429465448618e-10,  Error =7.393147953393964e-06
Completed 88 % :  mod = 4.6762088915092094e-11,  Error =7.48617488710579e-06
Completed 89 % :  mod = 4.457531892294188e-11,  Error =7.581569484216288e-06
Completed 90 % :  mod = 9.308472764174926e-11,  Error =7.675145099028668e-06
Completed 91 % :  mod = 1.8526629111396893e-10,  Error =7.757964816335061e-06
Completed 92 % :  mod = 2.787824910258126e-10,  Error =7.812887979241623e-06
Completed 93 % :  mod = 1.5895614124827015e-10,  Error =7.87636162868921e-06
Completed 94 % :  mod = 6.264706208916057e-11,  Error =7.964184341346936e-06
Completed 95 % :  mod = 2.7593337975321073e-11,  Error =8.059611431576741e-06
Completed 96 % :  mod = 1.8896168862917728e-11,  Error =8.15632791528742e-06
Completed 97 % :  mod = 2.7310215769374138e-11,  Error =8.253073609409967e-06
Completed 98 % :  mod = 5.84016027964065e-11,  Error =8.348715432759946e-06
Completed 99 % :  mod = 1.4729910974827618e-10,  Error =8.437739680289269e-06
Completed 100 % :  mod = 2.710693856164967e-10,  Error =8.503622176192493e-06
Finished 107/201 frames
Finished all frames!
