/opt/local/miniconda_23_9/lib/python3.11/site-packages/conda/base/context.py:201: FutureWarning: Adding 'defaults' to channel list implicitly is deprecated and will be removed in 25.3. 

To remove this warning, please choose a default channel explicitly with conda's regular configuration system, e.g. by adding 'defaults' to the list of channels:

  conda config --add channels defaults

For more information see https://docs.conda.io/projects/conda/en/stable/user-guide/configuration/use-condarc.html

  deprecated.topic(
JOB 13572 ARRAY_ID 15  -> i=15 ; range=[2.0e-10, 2.09e-10] ; intervals=40 (frames=41)
Completed 0 % :  mod = 1.6263414630988232e-16,  Error =-1.4210854715202004e-14
Completed 1 % :  mod = 1.6397475699806882e-16,  Error =8.384724026200274e-09
Completed 2 % :  mod = 1.6801868502134358e-16,  Error =1.6767884858381876e-08
Completed 3 % :  mod = 1.7483260501448748e-16,  Error =2.515169228445302e-08
Completed 4 % :  mod = 1.8452885249908223e-16,  Error =3.3535762611336395e-08
Completed 5 % :  mod = 1.9726727345936002e-16,  Error =4.191980451651034e-08
Completed 6 % :  mod = 2.132578831591862e-16,  Error =5.0302986664974014e-08
Completed 7 % :  mod = 2.3276430928135903e-16,  Error =5.868710672984889e-08
Completed 8 % :  mod = 2.5610813224768134e-16,  Error =6.707053046284273e-08
Completed 9 % :  mod = 2.836741988721192e-16,  Error =7.545566660382974e-08
Completed 10 % :  mod = 3.1591697733095417e-16,  Error =8.384008509665364e-08
Completed 11 % :  mod = 3.5336803079131665e-16,  Error =9.22253136081963e-08
Completed 12 % :  mod = 3.966447757546078e-16,  Error =1.006092134048231e-07
Completed 13 % :  mod = 4.464606838300905e-16,  Error =1.0899348978909984e-07
Completed 14 % :  mod = 5.036370405725862e-16,  Error =1.1737772354081244e-07
Completed 15 % :  mod = 5.691164588736477e-16,  Error =1.2576256125385044e-07
Completed 16 % :  mod = 6.439784371949062e-16,  Error =1.341468163218451e-07
Completed 17 % :  mod = 7.294571746603208e-16,  Error =1.4253149771548124e-07
Completed 18 % :  mod = 8.269618951423231e-16,  Error =1.5091726623950308e-07
Completed 19 % :  mod = 9.38100071546587e-16,  Error =1.5930170604860905e-07
Completed 20 % :  mod = 1.0647039443952863e-15,  Error =1.6768639454767253e-07
Completed 21 % :  mod = 1.2088607495916165e-15,  Error =1.760709693598983e-07
Completed 22 % :  mod = 1.3729470781582726e-15,  Error =1.8445598470862024e-07
Completed 23 % :  mod = 1.559668078032737e-15,  Error =1.9284091479221388e-07
Completed 24 % :  mod = 1.7721020879576519e-15,  Error =2.0122566724012358e-07
Completed 25 % :  mod = 2.0137513392062724e-15,  Error =2.0960979441042582e-07
Completed 26 % :  mod = 2.288599689170308e-15,  Error =2.1799417027068557e-07
Completed 27 % :  mod = 2.6011783564209244e-15,  Error =2.2637820507043216e-07
Completed 28 % :  mod = 2.9566405811002556e-15,  Error =2.347622327647514e-07
Completed 28 % :  mod = 3.360846572027614e-15,  Error =2.431457062357367e-07
Completed 30 % :  mod = 3.820460158514766e-15,  Error =2.515287391702259e-07
Completed 31 % :  mod = 4.343058625423922e-15,  Error =2.5991374741352047e-07
Completed 32 % :  mod = 4.9372576314506005e-15,  Error =2.6829805221950664e-07
Completed 33 % :  mod = 5.612853271293378e-15,  Error =2.7668258439916826e-07
Completed 34 % :  mod = 6.380983540689076e-15,  Error =2.850662568221196e-07
Completed 35 % :  mod = 7.254311993618103e-15,  Error =2.934497018713955e-07
Completed 36 % :  mod = 8.247236504854983e-15,  Error =3.0183367982772324e-07
Completed 37 % :  mod = 9.37612660752484e-15,  Error =3.102177217328972e-07
Completed 38 % :  mod = 1.0659593412425335e-14,  Error =3.1860139415584854e-07
Completed 39 % :  mod = 1.2118796416346894e-14,  Error =3.269858552812366e-07
Completed 40 % :  mod = 1.3777792296116282e-14,  Error =3.353688811102984e-07
Completed 41 % :  mod = 1.5663931584506916e-14,  Error =3.43752915910045e-07
Completed 42 % :  mod = 1.780830952699629e-14,  Error =3.5213733440286887e-07
Completed 43 % :  mod = 2.0246278699033267e-14,  Error =3.6052209395620594e-07
Completed 44 % :  mod = 2.3018031882217122e-14,  Error =3.689069032475345e-07
Completed 45 % :  mod = 2.616926463560632e-14,  Error =3.772913217403584e-07
Completed 46 % :  mod = 2.975192861649528e-14,  Error =3.8567526416954934e-07
Completed 47 % :  mod = 3.3825088083338895e-14,  Error =3.9405848895057716e-07
Completed 48 % :  mod = 3.8455893549992405e-14,  Error =4.0244297849767463e-07
Completed 49 % :  mod = 4.372068878555028e-14,  Error =4.1082769541844755e-07
Completed 50 % :  mod = 4.970626937693774e-14,  Error =4.192111191514414e-07
Completed 51 % :  mod = 5.6511313462736127e-14,  Error =4.2759599239161616e-07
Completed 52 % :  mod = 6.424800838297862e-14,  Error =4.359798353448241e-07
Completed 53 % :  mod = 7.304389995364768e-14,  Error =4.4436290380645005e-07
Completed 54 % :  mod = 8.304399469362416e-14,  Error =4.527478338900437e-07
Completed 55 % :  mod = 9.441314982472132e-14,  Error =4.611320960634657e-07
Completed 56 % :  mod = 1.0733879021676883e-13,  Error =4.695162658663321e-07
Completed 56 % :  mod = 1.2203399681035917e-13,  Error =4.779001727683863e-07
Completed 57 % :  mod = 1.387410174974832e-13,  Error =4.862846338937743e-07
Completed 59 % :  mod = 1.5773525785439554e-13,  Error =4.946685265849737e-07
Completed 60 % :  mod = 1.7932981696406607e-13,  Error =5.030519716342496e-07
Completed 61 % :  mod = 2.0388064270209495e-13,  Error =5.114355587920727e-07
Completed 62 % :  mod = 2.3179239031314264e-13,  Error =5.198200483391702e-07
Completed 63 % :  mod = 2.635250793446056e-13,  Error =5.282036212861385e-07
Completed 64 % :  mod = 2.996016567931523e-13,  Error =5.365875850316115e-07
Completed 65 % :  mod = 3.4061658778618335e-13,  Error =5.44970625071528e-07
Completed 66 % :  mod = 3.8724561089073535e-13,  Error =5.5335564042025e-07
Completed 67 % :  mod = 4.402568122518052e-13,  Error =5.617401654944842e-07
Completed 68 % :  mod = 5.005231909264392e-13,  Error =5.701242926647865e-07
Completed 69 % :  mod = 5.690369081427926e-13,  Error =5.785081711451312e-07
Completed 70 % :  mod = 6.469254340515956e-13,  Error =5.868907493322695e-07
Completed 71 % :  mod = 7.354698263175309e-13,  Error =5.952758428406923e-07
Completed 72 % :  mod = 8.361253959179281e-13,  Error =6.036593660496692e-07
Completed 73 % :  mod = 9.505450330048475e-13,  Error =6.120434861145441e-07
Completed 74 % :  mod = 1.080605477268807e-12,  Error =6.20427428543735e-07
Completed 75 % :  mod = 1.2284368200043107e-12,  Error =6.288100351525827e-07
Completed 76 % :  mod = 1.3964555096726516e-12,  Error =6.371937715243803e-07
Completed 77 % :  mod = 1.587401090257021e-12,  Error =6.455773373659213e-07
Completed 78 % :  mod = 1.8043768178576947e-12,  Error =6.53960242402718e-07
Completed 79 % :  mod = 2.050894150895497e-12,  Error =6.623433037589166e-07
Completed 80 % :  mod = 2.3309208620812184e-12,  Error =6.707261448468671e-07
Completed 81 % :  mod = 2.6489321282504403e-12,  Error =6.791077709067395e-07
Completed 82 % :  mod = 3.009963347171615e-12,  Error =6.874895959185778e-07
Completed 83 % :  mod = 3.4196625128901835e-12,  Error =6.958719112049039e-07
Completed 84 % :  mod = 3.884338616610673e-12,  Error =7.0425210196845e-07
Completed 85 % :  mod = 4.411000538808697e-12,  Error =7.126324987893895e-07
Completed 86 % :  mod = 5.007378012475631e-12,  Error =7.210115384737037e-07
Completed 87 % :  mod = 5.681912141546673e-12,  Error =7.293878709901946e-07
Completed 88 % :  mod = 6.443697260936749e-12,  Error =7.377621926707434e-07
Completed 89 % :  mod = 7.302348203306986e-12,  Error =7.461348090487263e-07
Completed 90 % :  mod = 8.267756933796837e-12,  Error =7.545031266431579e-07
Completed 91 % :  mod = 9.349689961164944e-12,  Error =7.628677707316456e-07
Completed 92 % :  mod = 1.0557163594729998e-11,  Error =7.712250678082455e-07
Completed 93 % :  mod = 1.1897520151368826e-11,  Error =7.795766023832584e-07
Completed 94 % :  mod = 1.3375119518156369e-11,  Error =7.879192907012111e-07
Completed 95 % :  mod = 1.4989566363124366e-11,  Error =7.962507808656483e-07
Completed 96 % :  mod = 1.67334292578951e-11,  Error =8.045692467817389e-07
Completed 97 % :  mod = 1.858949624792025e-11,  Error =8.128726562972588e-07
Completed 98 % :  mod = 2.0527777266683943e-11,  Error =8.211572932736999e-07
Completed 99 % :  mod = 2.250272298425206e-11,  Error =8.29421225034821e-07
Completed 100 % :  mod = 2.445146198060487e-11,  Error =8.376626610129279e-07
Finished 16/41 frames
Finished all frames!
