/opt/local/miniconda_23_9/lib/python3.11/site-packages/conda/base/context.py:201: FutureWarning: Adding 'defaults' to channel list implicitly is deprecated and will be removed in 25.3. 

To remove this warning, please choose a default channel explicitly with conda's regular configuration system, e.g. by adding 'defaults' to the list of channels:

  conda config --add channels defaults

For more information see https://docs.conda.io/projects/conda/en/stable/user-guide/configuration/use-condarc.html

  deprecated.topic(
JOB 13472 ARRAY_ID 118  -> i=118 ; range=[1.9e-10, 6.0e-10] ; intervals=200 (frames=201)
Density options: centers='2.0e-10,4.0e-10' width='5e-11,5e-11' strength=''
Completed 0 % :  mod = 3.1186161239833753e-16,  Error =-1.4210854715202004e-14
Completed 1 % :  mod = 4.719438919394355e-16,  Error =1.1335912120102876e-07
Completed 2 % :  mod = 1.1165350139558439e-15,  Error =2.2671897426107535e-07
Completed 3 % :  mod = 2.907387589232251e-15,  Error =3.4007780413958244e-07
Completed 4 % :  mod = 7.683033563081494e-15,  Error =4.534373445608253e-07
Completed 5 % :  mod = 2.034626493860546e-14,  Error =5.667964870781361e-07
Completed 6 % :  mod = 5.389745685193944e-14,  Error =6.801557859148488e-07
Completed 7 % :  mod = 1.427810597372084e-13,  Error =7.93515908981135e-07
Completed 8 % :  mod = 3.782470357256001e-13,  Error =9.068751865015656e-07
Completed 9 % :  mod = 1.0020291628905757e-12,  Error =1.0202337676901152e-06
Completed 10 % :  mod = 2.6544945302069607e-12,  Error =1.1335899188225085e-06
Completed 11 % :  mod = 7.031684586773017e-12,  Error =1.246928668763303e-06
Completed 12 % :  mod = 1.8619531822722423e-11,  Error =1.36014242713145e-06
Completed 13 % :  mod = 4.9168645646703254e-11,  Error =1.4724865380344454e-06
Completed 14 % :  mod = 1.272396021852432e-10,  Error =1.5791851453172967e-06
Completed 15 % :  mod = 2.7818592099914636e-10,  Error =1.6610660438232117e-06
Completed 16 % :  mod = 2.341747517477194e-10,  Error =1.7210365399478178e-06
Completed 17 % :  mod = 1.0055214048551805e-10,  Error =1.8133208925519284e-06
Completed 18 % :  mod = 4.0914130517062856e-11,  Error =1.9223094227527326e-06
Completed 19 % :  mod = 3.26005686770422e-11,  Error =2.034490741209538e-06
Completed 20 % :  mod = 5.5160759640889585e-11,  Error =2.1463474624283663e-06
Completed 21 % :  mod = 1.1545044124379865e-10,  Error =2.2532505852268514e-06
Completed 22 % :  mod = 2.760343675405788e-10,  Error =2.3361919332387515e-06
Completed 23 % :  mod = 2.4999886557878114e-10,  Error =2.3971764377961335e-06
Completed 24 % :  mod = 9.690530874996024e-11,  Error =2.487687872587685e-06
Completed 25 % :  mod = 4.557577980207189e-11,  Error =2.5963408134543897e-06
Completed 26 % :  mod = 3.8330903893957995e-11,  Error =2.708280668173302e-06
Completed 27 % :  mod = 6.200097739801106e-11,  Error =2.819595685821241e-06
Completed 28 % :  mod = 1.3990774153827413e-10,  Error =2.923720643366323e-06
Completed 28 % :  mod = 3.1096072972014564e-10,  Error =2.9997779193990937e-06
Completed 30 % :  mod = 1.9879265852663122e-10,  Error =3.062155215616258e-06
Completed 31 % :  mod = 8.851599116774033e-11,  Error =3.158272960490649e-06
Completed 32 % :  mod = 3.6471548258760054e-11,  Error =3.26839620612418e-06
Completed 33 % :  mod = 2.2136959885082683e-11,  Error =3.381026189686054e-06
Completed 34 % :  mod = 3.182092643956153e-11,  Error =3.493770094564752e-06
Completed 35 % :  mod = 7.456775109142645e-11,  Error =3.6047721607701533e-06
Completed 36 % :  mod = 1.7086229068397604e-10,  Error =3.705224671080032e-06
Completed 37 % :  mod = 3.1760149095012595e-10,  Error =3.7727932920006424e-06
Completed 38 % :  mod = 1.6324466899589865e-10,  Error =3.84228052752178e-06
Completed 39 % :  mod = 7.103322786338279e-11,  Error =3.943802198591584e-06
Completed 40 % :  mod = 3.0536965722811413e-11,  Error =4.05501781131079e-06
Completed 41 % :  mod = 2.154272239147565e-11,  Error =4.167791004761057e-06
Completed 42 % :  mod = 3.7659934649373206e-11,  Error =4.280394499289741e-06
Completed 43 % :  mod = 9.28803558239901e-11,  Error =4.390274241927727e-06
Completed 44 % :  mod = 2.0505242477191e-10,  Error =4.485339779591868e-06
Completed 45 % :  mod = 3.060961023498086e-10,  Error =4.5467245470831585e-06
Completed 46 % :  mod = 1.3582058387262166e-10,  Error =4.624444258638505e-06
Completed 47 % :  mod = 5.890475354101848e-11,  Error =4.729176886542064e-06
Completed 48 % :  mod = 3.77120746658574e-11,  Error =4.840645530634902e-06
Completed 49 % :  mod = 4.443655370449967e-11,  Error =4.952678587244463e-06
Completed 50 % :  mod = 9.28686402552593e-11,  Error =5.061608959522346e-06
Completed 51 % :  mod = 2.447854720940514e-10,  Error =5.153033391991357e-06
Completed 52 % :  mod = 2.817667134245943e-10,  Error =5.214565284461514e-06
Completed 53 % :  mod = 1.1805999575397521e-10,  Error =5.296179068636775e-06
Completed 54 % :  mod = 6.000442519414618e-11,  Error =5.4025212179453774e-06
Completed 55 % :  mod = 3.934266466367578e-11,  Error =5.513987488825478e-06
Completed 56 % :  mod = 5.543266675929991e-11,  Error =5.6253222169289074e-06
Completed 56 % :  mod = 1.4202010186760107e-10,  Error =5.730263467285113e-06
Completed 57 % :  mod = 2.9240702537567556e-10,  Error =5.809981409754528e-06
Completed 59 % :  mod = 2.0984493924896928e-10,  Error =5.869780750344944e-06
Completed 60 % :  mod = 1.066429459662474e-10,  Error =5.963196976210838e-06
Completed 61 % :  mod = 4.676195695966105e-11,  Error =6.071919223415989e-06
Completed 62 % :  mod = 4.548270582869713e-11,  Error =6.183300861550833e-06
Completed 63 % :  mod = 1.0389581061913225e-10,  Error =6.292105737770726e-06
Completed 64 % :  mod = 2.183374731964029e-10,  Error =6.385890259252847e-06
Completed 65 % :  mod = 2.831287940204938e-10,  Error =6.446259739334437e-06
Completed 66 % :  mod = 1.3906078500484378e-10,  Error =6.526086103519901e-06
Completed 67 % :  mod = 5.152721698957103e-11,  Error =6.631805128165524e-06
Completed 68 % :  mod = 2.345981617894552e-11,  Error =6.743901778349937e-06
Completed 69 % :  mod = 1.5845001078396565e-11,  Error =6.856959345213909e-06
Completed 70 % :  mod = 2.1982061957268805e-11,  Error =6.970014780449674e-06
Completed 71 % :  mod = 5.309889840129233e-11,  Error =7.082069672037505e-06
Completed 72 % :  mod = 1.4242283099194838e-10,  Error =7.187578702883002e-06
Completed 73 % :  mod = 2.8235359975801045e-10,  Error =7.266765102542649e-06
Completed 74 % :  mod = 2.1752945455401495e-10,  Error =7.327563814385485e-06
Completed 75 % :  mod = 1.0148133923644645e-10,  Error =7.42179781809682e-06
Completed 76 % :  mod = 4.5456550276655625e-11,  Error =7.530628735707978e-06
Completed 77 % :  mod = 5.148883241088061e-11,  Error =7.64183933199547e-06
Completed 78 % :  mod = 1.166463565608737e-10,  Error =7.749760307262932e-06
Completed 79 % :  mod = 2.2273277338132662e-10,  Error =7.840303233308532e-06
Completed 80 % :  mod = 2.806931305656272e-10,  Error =7.898852736332174e-06
Completed 81 % :  mod = 1.3477733816479586e-10,  Error =7.981721431349342e-06
Completed 82 % :  mod = 5.732316345875469e-11,  Error =8.087086769137386e-06
Completed 83 % :  mod = 5.597516914411895e-11,  Error =8.197627401784757e-06
Completed 84 % :  mod = 1.0700174613853487e-10,  Error =8.305983378420478e-06
Completed 85 % :  mod = 2.0124276819159402e-10,  Error =8.39936118524065e-06
Completed 86 % :  mod = 3.0207139432687897e-10,  Error =8.459562586438096e-06
Completed 87 % :  mod = 1.441333444215069e-10,  Error =8.538242340705438e-06
Completed 88 % :  mod = 6.360150864282572e-11,  Error =8.641990021374113e-06
Completed 89 % :  mod = 6.055655647561525e-11,  Error =8.752071721573884e-06
Completed 90 % :  mod = 1.0751546671079078e-10,  Error =8.86010521838898e-06
Completed 91 % :  mod = 2.0224509738357415e-10,  Error =8.952672736484146e-06
Completed 92 % :  mod = 3.0588941333163103e-10,  Error =9.013060420670627e-06
Completed 93 % :  mod = 1.4245196629869789e-10,  Error =9.091816636441763e-06
Completed 94 % :  mod = 6.877949230443218e-11,  Error =9.194884810881376e-06
Completed 95 % :  mod = 8.11159584307349e-11,  Error =9.303500583257573e-06
Completed 96 % :  mod = 1.529865198553678e-10,  Error =9.406839389214383e-06
Completed 97 % :  mod = 2.5309578515502567e-10,  Error =9.485469078640563e-06
Completed 98 % :  mod = 2.3633766170859796e-10,  Error =9.547890428507344e-06
Completed 99 % :  mod = 1.198171611098678e-10,  Error =9.63959057997954e-06
Completed 100 % :  mod = 7.92978676828829e-11,  Error =9.744169268799396e-06
Finished 119/201 frames
Finished all frames!
