/opt/local/miniconda_23_9/lib/python3.11/site-packages/conda/base/context.py:201: FutureWarning: Adding 'defaults' to channel list implicitly is deprecated and will be removed in 25.3. 

To remove this warning, please choose a default channel explicitly with conda's regular configuration system, e.g. by adding 'defaults' to the list of channels:

  conda config --add channels defaults

For more information see https://docs.conda.io/projects/conda/en/stable/user-guide/configuration/use-condarc.html

  deprecated.topic(
JOB 13909 ARRAY_ID 38  -> i=38 ; range=[1.9e-10, 5.0e-10] ; intervals=200 (frames=201)
Analytic t0 extension enabled (--extend-time-using-t0).
Density options: centers='2.0e-10,4.0e-10' width='2.0e-11,5.0e-11' strength='7.0'
Extending simulation time for p0=2.327e-10 from 10000000000.0 to 1.024e+10
Completed 0 % :  mod = 1.861445806672693e-16,  Error =-1.4210854715202004e-14
Completed 1 % :  mod = 2.0232392703008836e-16,  Error =1.4735604736415553e-08
Completed 2 % :  mod = 2.5366755999367776e-16,  Error =2.9469696016803937e-08
Completed 3 % :  mod = 3.490991011628262e-16,  Error =4.420299859475563e-08
Completed 4 % :  mod = 5.052047380332163e-16,  Error =5.893620169672431e-08
Completed 5 % :  mod = 7.491452616908279e-16,  Error =7.367177090600308e-08
Completed 6 % :  mod = 1.1232696819812942e-15,  Error =8.840584797553674e-08
Completed 7 % :  mod = 1.6926205235671834e-15,  Error =1.0313983267451476e-07
Completed 8 % :  mod = 2.5561520628888267e-15,  Error =1.1787324893930418e-07
Completed 9 % :  mod = 3.864103755546484e-15,  Error =1.3260856235319807e-07
Completed 10 % :  mod = 5.843541049836234e-15,  Error =1.4734208519939784e-07
Completed 11 % :  mod = 8.838596998268378e-15,  Error =1.620755938347429e-07
Completed 12 % :  mod = 1.3369818064469694e-14,  Error =1.7680928721119926e-07
Completed 13 % :  mod = 2.022555665060933e-14,  Error =1.9154462904680258e-07
Completed 14 % :  mod = 3.0595995141820036e-14,  Error =2.06278144787575e-07
Completed 15 % :  mod = 4.62840753527574e-14,  Error =2.2101166052834742e-07
Completed 16 % :  mod = 7.0016413190147e-14,  Error =2.3574511232027362e-07
Completed 17 % :  mod = 1.0592200720487073e-13,  Error =2.5048043283959487e-07
Completed 18 % :  mod = 1.6023417547147316e-13,  Error =2.6521416884861537e-07
Completed 19 % :  mod = 2.4239519929341036e-13,  Error =2.7994789064678116e-07
Completed 20 % :  mod = 3.6668444748154356e-13,  Error =2.946816195503743e-07
Completed 21 % :  mod = 5.547247544330509e-13,  Error =3.0941645690063524e-07
Completed 22 % :  mod = 8.391561433119083e-13,  Error =3.241497168460228e-07
Completed 23 % :  mod = 1.2694125882381018e-12,  Error =3.388824083572217e-07
Completed 24 % :  mod = 1.920219585285325e-12,  Error =3.536148724947452e-07
Completed 25 % :  mod = 2.904619443095446e-12,  Error =3.6834799743701296e-07
Completed 26 % :  mod = 4.392862098365509e-12,  Error =3.830773849244906e-07
Completed 27 % :  mod = 6.64145179753961e-12,  Error =3.978004343707653e-07
Completed 28 % :  mod = 1.0033486583048981e-11,  Error =4.1251019666788125e-07
Completed 29 % :  mod = 1.5131959210423403e-11,  Error =4.2718910009398314e-07
Completed 30 % :  mod = 2.273312126056031e-11,  Error =4.41800743544718e-07
Completed 31 % :  mod = 3.3851119297019075e-11,  Error =4.5626048716940204e-07
Completed 32 % :  mod = 4.9427884936439744e-11,  Error =4.7040131079256753e-07
Completed 33 % :  mod = 6.920641034982631e-11,  Error =4.839366098963183e-07
Completed 34 % :  mod = 8.920121986480195e-11,  Error =4.965465620898613e-07
Completed 35 % :  mod = 1.0008025172336335e-10,  Error =5.082604133122004e-07
Completed 36 % :  mod = 9.419923681925487e-11,  Error =5.198146624252331e-07
Completed 37 % :  mod = 7.592881926674356e-11,  Error =5.321025327020834e-07
Completed 38 % :  mod = 5.5379351265705315e-11,  Error =5.453710016922741e-07
Completed 39 % :  mod = 3.831705829109248e-11,  Error =5.593543832560499e-07
Completed 40 % :  mod = 2.5853231119370205e-11,  Error =5.73735363218475e-07
Completed 41 % :  mod = 1.724524997046893e-11,  Error =5.883081470869911e-07
Completed 42 % :  mod = 1.1444954255345916e-11,  Error =6.029708856658544e-07
Completed 43 % :  mod = 7.578820156173566e-12,  Error =6.176741464969382e-07
Completed 44 % :  mod = 5.013691505970673e-12,  Error =6.32394197452868e-07
Completed 45 % :  mod = 3.31542773670207e-12,  Error =6.471211975167535e-07
Completed 46 % :  mod = 2.1918785331592955e-12,  Error =6.618544787784231e-07
Completed 47 % :  mod = 1.4490191145811243e-12,  Error =6.765872484493229e-07
Completed 48 % :  mod = 9.57926843760279e-13,  Error =6.913197552194106e-07
Completed 49 % :  mod = 6.332657477158459e-13,  Error =7.060531714842e-07
Completed 50 % :  mod = 4.186444304096308e-13,  Error =7.207877885662128e-07
Completed 51 % :  mod = 2.768159557213273e-13,  Error =7.355216951054899e-07
Completed 52 % :  mod = 1.8308971366414768e-13,  Error =7.5025570112075e-07
Completed 53 % :  mod = 1.2118697450028565e-13,  Error =7.649897924011384e-07
Completed 54 % :  mod = 8.034522349711888e-14,  Error =7.797252905561436e-07
Completed 55 % :  mod = 5.347011333859659e-14,  Error =7.944577902208039e-07
Completed 56 % :  mod = 3.588925174335194e-14,  Error =8.091913272778584e-07
Completed 57 % :  mod = 2.4546267636294604e-14,  Error =8.239250135488874e-07
Completed 58 % :  mod = 1.7468803161073578e-14,  Error =8.386573995267099e-07
Completed 59 % :  mod = 1.3427557153578777e-14,  Error =8.533930042631255e-07
Completed 60 % :  mod = 1.1720643268731984e-14,  Error =8.681270671218044e-07
Completed 61 % :  mod = 1.205050806903017e-14,  Error =8.828614710409965e-07
Completed 62 % :  mod = 1.4474941543934615e-14,  Error =8.975957115353594e-07
Completed 63 % :  mod = 1.941598890703224e-14,  Error =9.123303144065176e-07
Completed 64 % :  mod = 2.7730676687786016e-14,  Error =9.270637022495976e-07
Completed 65 % :  mod = 4.08653921427626e-14,  Error =9.417977082648576e-07
Completed 66 % :  mod = 6.11031466688108e-14,  Error =9.56532453244563e-07
Completed 67 % :  mod = 9.196263148563343e-14,  Error =9.71267631655337e-07
Completed 68 % :  mod = 1.3880477594480637e-13,  Error =9.860014387186311e-07
Completed 69 % :  mod = 2.0977227007802688e-13,  Error =1.0007358497432506e-06
Completed 70 % :  mod = 3.171924865356807e-13,  Error =1.0154689249475268e-06
Completed 71 % :  mod = 4.797675663461724e-13,  Error =1.0302041744125745e-06
Completed 72 % :  mod = 7.257095012283651e-13,  Error =1.0449371856680045e-06
Completed 73 % :  mod = 1.0977500723507302e-12,  Error =1.0596713266863844e-06
Completed 74 % :  mod = 1.6605640876272358e-12,  Error =1.0744038618781815e-06
Completed 75 % :  mod = 2.511903071834529e-12,  Error =1.0891374628840822e-06
Completed 76 % :  mod = 3.799117720663431e-12,  Error =1.1038671559049362e-06
Completed 77 % :  mod = 5.7447076946894725e-12,  Error =1.1185923511902729e-06
Completed 78 % :  mod = 8.68161742595062e-12,  Error =1.1333077907238476e-06
Completed 79 % :  mod = 1.3103614283377412e-11,  Error =1.1480018002885117e-06
Completed 80 % :  mod = 1.9719801572443563e-11,  Error =1.1626429241573533e-06
Completed 81 % :  mod = 2.94795621410139e-11,  Error =1.177169068000694e-06
Completed 82 % :  mod = 4.341992163713012e-11,  Error =1.1914475877006225e-06
Completed 83 % :  mod = 6.192107678169215e-11,  Error =1.2052354279035171e-06
Completed 84 % :  mod = 8.265106165841863e-11,  Error =1.2181954502921144e-06
Completed 85 % :  mod = 9.797241833669721e-11,  Error =1.2301757408295089e-06
Completed 86 % :  mod = 9.816642530725715e-11,  Error =1.2416692882766256e-06
Completed 87 % :  mod = 8.308153240820548e-11,  Error =1.2536300104670772e-06
Completed 88 % :  mod = 6.236414469149538e-11,  Error =1.2665690505286875e-06
Completed 89 % :  mod = 4.377778836360866e-11,  Error =1.2803418343310113e-06
Completed 90 % :  mod = 2.973564740959856e-11,  Error =1.294612488322855e-06
Completed 91 % :  mod = 1.9895410790333985e-11,  Error =1.3091351362959358e-06
Completed 92 % :  mod = 1.3221424026522644e-11,  Error =1.323775755679435e-06
Completed 93 % :  mod = 8.760061737898337e-12,  Error =1.3384679604655503e-06
Completed 94 % :  mod = 5.796803581947221e-12,  Error =1.3531836344782278e-06
Completed 95 % :  mod = 3.833692678812031e-12,  Error =1.367909078453522e-06
Completed 96 % :  mod = 2.534583368757071e-12,  Error =1.3826405833583522e-06
Completed 97 % :  mod = 1.6756842546910859e-12,  Error =1.3973721095794644e-06
Completed 98 % :  mod = 1.1077873297620187e-12,  Error =1.412105547160536e-06
Completed 99 % :  mod = 7.323594080192757e-13,  Error =1.4268387715787867e-06
Completed 100 % :  mod = 4.842217777684697e-13,  Error =1.44157449000204e-06
Finished 39/201 frames
Finished all frames!
