/opt/local/miniconda_23_9/lib/python3.11/site-packages/conda/base/context.py:201: FutureWarning: Adding 'defaults' to channel list implicitly is deprecated and will be removed in 25.3. 

To remove this warning, please choose a default channel explicitly with conda's regular configuration system, e.g. by adding 'defaults' to the list of channels:

  conda config --add channels defaults

For more information see https://docs.conda.io/projects/conda/en/stable/user-guide/configuration/use-condarc.html

  deprecated.topic(
JOB 14040 ARRAY_ID 169  -> i=169 ; range=[1.9e-10, 5.0e-10] ; intervals=200 (frames=201)
Analytic t0 extension enabled (--extend-time-using-t0).
Density options: centers='2.0e-10,4.0e-10' width='2.0e-11,5.0e-11' strength='7.0'
Completed 0 % :  mod = 3.529612599688052e-16,  Error =-1.4210854715202004e-14
Completed 1 % :  mod = 5.880676173138763e-16,  Error =1.8600209727992478e-07
Completed 2 % :  mod = 1.6065938656965192e-15,  Error =3.7200453562036273e-07
Completed 3 % :  mod = 4.765414123867792e-15,  Error =5.580075068678525e-07
Completed 4 % :  mod = 1.4272688471076147e-14,  Error =7.440100731059829e-07
Completed 5 % :  mod = 4.279394687352822e-14,  Error =9.300118861688134e-07
Completed 6 % :  mod = 1.2832502617257585e-13,  Error =1.116013962132456e-06
Completed 7 % :  mod = 3.8480985305630207e-13,  Error =1.3020157965115686e-06
Completed 8 % :  mod = 1.1539350438033435e-12,  Error =1.4880165437602955e-06
Completed 9 % :  mod = 3.46030177134731e-12,  Error =1.6740118979896579e-06
Completed 10 % :  mod = 1.037582974505172e-11,  Error =1.8599614008962817e-06
Completed 11 % :  mod = 3.109686546448561e-11,  Error =2.04548341997679e-06
Completed 12 % :  mod = 9.276067707653209e-11,  Error =2.227286032052689e-06
Completed 13 % :  mod = 2.608752519873043e-10,  Error =2.3829490132243336e-06
Completed 14 % :  mod = 3.484636108160966e-10,  Error =2.4791700781179316e-06
Completed 15 % :  mod = 1.1902357582719692e-10,  Error =2.618155058087268e-06
Completed 16 % :  mod = 5.719726285980674e-11,  Error =2.794757570256934e-06
Completed 17 % :  mod = 8.090332707490277e-11,  Error =2.976044633840047e-06
Completed 18 % :  mod = 1.793134008433116e-10,  Error =3.1462292469086606e-06
Completed 19 % :  mod = 3.492523841685389e-10,  Error =3.2631096971158513e-06
Completed 20 % :  mod = 1.8964712487826153e-10,  Error =3.3758604160993855e-06
Completed 21 % :  mod = 8.78880978776173e-11,  Error =3.543928770000093e-06
Completed 22 % :  mod = 6.682294365177912e-11,  Error =3.7240002299654407e-06
Completed 23 % :  mod = 1.4001356189513319e-10,  Error =3.8972186544583565e-06
Completed 24 % :  mod = 3.828920305720425e-10,  Error =4.025337446478261e-06
Completed 25 % :  mod = 2.1646420512055445e-10,  Error =4.12518979686638e-06
Completed 26 % :  mod = 8.615645834961605e-11,  Error =4.286977294043481e-06
Completed 27 % :  mod = 3.770120897629089e-11,  Error =4.469027444997664e-06
Completed 28 % :  mod = 4.0259153050600493e-11,  Error =4.653453679281938e-06
Completed 28 % :  mod = 9.766051469355974e-11,  Error =4.834337595127636e-06
Completed 30 % :  mod = 2.7483759777398357e-10,  Error =4.988732946742402e-06
Completed 31 % :  mod = 3.3250056174322984e-10,  Error =5.084745865246987e-06
Completed 32 % :  mod = 1.1098550864016057e-10,  Error =5.226130568303233e-06
Completed 33 % :  mod = 4.572908278685921e-11,  Error =5.404805257569478e-06
Completed 34 % :  mod = 3.573757981900719e-11,  Error =5.5892586203754036e-06
Completed 35 % :  mod = 5.7323786830241404e-11,  Error =5.773166044775735e-06
Completed 36 % :  mod = 1.5080992326947725e-10,  Error =5.946786416188843e-06
Completed 37 % :  mod = 3.8653681526473985e-10,  Error =6.070259537693801e-06
Completed 38 % :  mod = 1.9094599292618882e-10,  Error =6.173466303494024e-06
Completed 39 % :  mod = 8.981640078339308e-11,  Error =6.338669948036113e-06
Completed 40 % :  mod = 5.1447427401326897e-11,  Error =6.520252107122815e-06
Completed 41 % :  mod = 6.980127219352952e-11,  Error =6.702107370415433e-06
Completed 42 % :  mod = 2.1550109818556906e-10,  Error =6.866921104631274e-06
Completed 43 % :  mod = 3.886613317337589e-10,  Error =6.977427446486217e-06
Completed 44 % :  mod = 1.41735930882676e-10,  Error =7.094285692232916e-06
Completed 45 % :  mod = 1.082142429186053e-10,  Error =7.2613113459851775e-06
Completed 46 % :  mod = 1.6991223275792862e-10,  Error =7.431564384319245e-06
Completed 47 % :  mod = 2.7309498786695704e-10,  Error =7.571132890404897e-06
Completed 48 % :  mod = 2.616642006852874e-10,  Error =7.664182682276532e-06
Completed 49 % :  mod = 1.8150128595880457e-10,  Error =7.809294565674918e-06
Completed 50 % :  mod = 1.4491383973630352e-10,  Error =7.97275201591674e-06
Completed 51 % :  mod = 2.344156728533143e-10,  Error =8.112718532515828e-06
Completed 52 % :  mod = 3.6517710452324184e-10,  Error =8.214824454455538e-06
Completed 53 % :  mod = 1.6530747066685287e-10,  Error =8.348922975187634e-06
Completed 54 % :  mod = 1.4589922459259622e-10,  Error =8.500929098431698e-06
Completed 55 % :  mod = 3.5631030697527597e-10,  Error =8.621851947054893e-06
Completed 56 % :  mod = 2.704379261447425e-10,  Error =8.733579882402864e-06
Completed 56 % :  mod = 1.4170000335115871e-10,  Error =8.880260111254756e-06
Completed 57 % :  mod = 1.5855040370750866e-10,  Error =9.038323270260662e-06
Completed 59 % :  mod = 4.0093737033791996e-10,  Error =9.15840023196779e-06
Completed 60 % :  mod = 2.1219899004225642e-10,  Error =9.262868033488303e-06
Completed 61 % :  mod = 1.0770105461735638e-10,  Error =9.415620610297992e-06
Completed 62 % :  mod = 1.890651665017454e-10,  Error =9.583292666093257e-06
Completed 63 % :  mod = 2.902011547100374e-10,  Error =9.724197035154702e-06
Completed 64 % :  mod = 2.812709666242363e-10,  Error =9.816813573593208e-06
Completed 65 % :  mod = 1.5714087019185098e-10,  Error =9.960162493882763e-06
Completed 66 % :  mod = 9.362976537196172e-11,  Error =1.01314488887283e-05
Completed 67 % :  mod = 1.7856946911638856e-10,  Error =1.0295108630486993e-05
Completed 68 % :  mod = 3.794696633764718e-10,  Error =1.040706450083917e-05
Completed 69 % :  mod = 2.010244740328819e-10,  Error =1.0518738136511274e-05
Completed 70 % :  mod = 1.1684741109060756e-10,  Error =1.0682820843044283e-05
Completed 71 % :  mod = 8.580683108053743e-11,  Error =1.0858596567686618e-05
Completed 72 % :  mod = 2.16876603507394e-10,  Error =1.1018317174205094e-05
Completed 73 % :  mod = 3.692193548576809e-10,  Error =1.112139273828916e-05
Completed 74 % :  mod = 1.3829525154344868e-10,  Error =1.124508304428673e-05
Completed 75 % :  mod = 1.2268508867932402e-10,  Error =1.1414711998725124e-05
Completed 76 % :  mod = 1.3234662871084992e-10,  Error =1.158845623194793e-05
Completed 77 % :  mod = 2.4776117312143027e-10,  Error =1.1735866024764618e-05
Completed 78 % :  mod = 3.413109879126852e-10,  Error =1.1829557600151475e-05
Completed 79 % :  mod = 1.184423733715378e-10,  Error =1.1969318023830056e-05
Completed 80 % :  mod = 1.0931383941009372e-10,  Error =1.2139115867171313e-05
Completed 81 % :  mod = 2.1006007618002424e-10,  Error =1.2302738952030268e-05
Completed 82 % :  mod = 3.652571421782224e-10,  Error =1.2419654240147793e-05
Completed 83 % :  mod = 2.032438218925494e-10,  Error =1.2525059062795663e-05
Completed 84 % :  mod = 1.0351968715131088e-10,  Error =1.2683259235757305e-05
Completed 85 % :  mod = 1.7398542922011576e-10,  Error =1.28499566329765e-05
Completed 86 % :  mod = 3.0254760958796795e-10,  Error =1.2984969515628109e-05
Completed 87 % :  mod = 2.45299733752016e-10,  Error =1.3079068168053709e-05
Completed 88 % :  mod = 2.1576518153424013e-10,  Error =1.3223320870281441e-05
Completed 89 % :  mod = 1.374457996945407e-10,  Error =1.3384488788403814e-05
Completed 90 % :  mod = 2.716514995829628e-10,  Error =1.3515679100351008e-05
Completed 91 % :  mod = 3.1734230054874383e-10,  Error =1.3617992323133876e-05
Completed 92 % :  mod = 1.509613421293782e-10,  Error =1.3759272121660615e-05
Completed 93 % :  mod = 1.7840716355701226e-10,  Error =1.3911388236920175e-05
Completed 94 % :  mod = 3.322356269227972e-10,  Error =1.402554726581684e-05
Completed 95 % :  mod = 2.8369758842043863e-10,  Error =1.4138220187476236e-05
Completed 96 % :  mod = 1.1626096711789031e-10,  Error =1.4290538629779803e-05
Completed 97 % :  mod = 1.4371707610319992e-10,  Error =1.4450121433640106e-05
Completed 98 % :  mod = 4.237198354088962e-10,  Error =1.4572005333945981e-05
Completed 99 % :  mod = 1.8876056360774254e-10,  Error =1.4674686056537212e-05
Completed 100 % :  mod = 1.2555835336782122e-10,  Error =1.4828200676220149e-05
Finished 170/201 frames
Finished all frames!
