/opt/local/miniconda_23_9/lib/python3.11/site-packages/conda/base/context.py:201: FutureWarning: Adding 'defaults' to channel list implicitly is deprecated and will be removed in 25.3. 

To remove this warning, please choose a default channel explicitly with conda's regular configuration system, e.g. by adding 'defaults' to the list of channels:

  conda config --add channels defaults

For more information see https://docs.conda.io/projects/conda/en/stable/user-guide/configuration/use-condarc.html

  deprecated.topic(
JOB 13367 ARRAY_ID 13  -> i=13 ; range=[1.9e-10, 6.0e-10] ; intervals=200 (frames=201)
Density options: centers='2.0e-10,4.0e-10' width='5e-11,5e-11' strength=''
Completed 0 % :  mod = 1.6413859552462386e-16,  Error =-1.4210854715202004e-14
Completed 1 % :  mod = 1.6626601343213438e-16,  Error =8.698776809978881e-09
Completed 2 % :  mod = 1.727034160615867e-16,  Error =1.739746835482947e-08
Completed 3 % :  mod = 1.836176731945893e-16,  Error =2.609624516480835e-08
Completed 4 % :  mod = 1.992917068636198e-16,  Error =3.4794773284829716e-08
Completed 5 % :  mod = 2.2013182430815514e-16,  Error =4.349362825450953e-08
Completed 6 % :  mod = 2.4667824788047177e-16,  Error =5.21929095498308e-08
Completed 7 % :  mod = 2.796191160080914e-16,  Error =6.089121740160408e-08
Completed 8 % :  mod = 3.1980833168344837e-16,  Error =6.958949683166793e-08
Completed 9 % :  mod = 3.6828768866639587e-16,  Error =7.828808179510816e-08
Completed 10 % :  mod = 4.263138793447963e-16,  Error =8.698614806235128e-08
Completed 11 % :  mod = 4.953910683315617e-16,  Error =9.568508119173202e-08
Completed 12 % :  mod = 5.773098913421986e-16,  Error =1.0438378694743733e-07
Completed 13 % :  mod = 6.741938692295567e-16,  Error =1.1308234348916812e-07
Completed 14 % :  mod = 7.885544490470771e-16,  Error =1.217808858200442e-07
Completed 15 % :  mod = 9.233561030079037e-16,  Error =1.304787389244666e-07
Completed 16 % :  mod = 1.0820931982758108e-15,  Error =1.3917718177935967e-07
Completed 17 % :  mod = 1.2688805513736894e-15,  Error =1.478754469985688e-07
Completed 18 % :  mod = 1.4885600955016807e-15,  Error =1.565735843200855e-07
Completed 19 % :  mod = 1.746826422255731e-15,  Error =1.6527207691297008e-07
Completed 20 % :  mod = 2.0503743653313273e-15,  Error =1.7397119478346212e-07
Completed 21 % :  mod = 2.4070725530455752e-15,  Error =1.8266943158096183e-07
Completed 22 % :  mod = 2.826167401364314e-15,  Error =1.9136911078021512e-07
Completed 23 % :  mod = 3.3185227804373157e-15,  Error =2.0006794443361287e-07
Completed 24 % :  mod = 3.896901632632226e-15,  Error =2.087665293970531e-07
Completed 25 % :  mod = 4.5762968197573705e-15,  Error =2.1746577516523757e-07
Completed 26 % :  mod = 5.3743197663245426e-15,  Error =2.2616505646055884e-07
Completed 27 % :  mod = 6.311657009221896e-15,  Error =2.3486330746891326e-07
Completed 28 % :  mod = 7.412606397435206e-15,  Error =2.435619279594903e-07
Completed 28 % :  mod = 8.705706973592412e-15,  Error =2.522602429166909e-07
Completed 30 % :  mod = 1.0224478779746565e-14,  Error =2.609584797141906e-07
Completed 31 % :  mod = 1.2008291741281235e-14,  Error =2.6965660993027996e-07
Completed 32 % :  mod = 1.4103386212261587e-14,  Error =2.7835476146265137e-07
Completed 33 % :  mod = 1.656407167191475e-14,  Error =2.8705343879664724e-07
Completed 34 % :  mod = 1.9454134495662898e-14,  Error =2.957520521817969e-07
Completed 35 % :  mod = 2.284849141782342e-14,  Error =3.0445112031429744e-07
Completed 36 % :  mod = 2.6835131559626195e-14,  Error =3.131499823894046e-07
Completed 37 % :  mod = 3.151739723727084e-14,  Error =3.218487378831014e-07
Completed 38 % :  mod = 3.701666275159889e-14,  Error =3.305473654791058e-07
Completed 39 % :  mod = 4.347548061458327e-14,  Error =3.392463554519054e-07
Completed 40 % :  mod = 5.10612766287141e-14,  Error =3.479458001720559e-07
Completed 41 % :  mod = 5.99706897002671e-14,  Error =3.566448754099838e-07
Completed 42 % :  mod = 7.043466874637806e-14,  Error =3.6534394354248434e-07
Completed 43 % :  mod = 8.272445864503464e-14,  Error =3.740432390486603e-07
Completed 44 % :  mod = 9.715863049314688e-14,  Error =3.82742349813725e-07
Completed 45 % :  mod = 1.141113378324157e-13,  Error =3.914415955819095e-07
Completed 46 % :  mod = 1.340220125681683e-13,  Error =4.0014015922906765e-07
Completed 47 % :  mod = 1.5740675137151713e-13,  Error =4.0883848129169564e-07
Completed 48 % :  mod = 1.8487168638187755e-13,  Error =4.175375281079141e-07
Completed 49 % :  mod = 2.171286850026084e-13,  Error =4.262362836016109e-07
Completed 50 % :  mod = 2.550137830556881e-13,  Error =4.3493459855881156e-07
Completed 51 % :  mod = 2.995088240866358e-13,  Error =4.436337803781498e-07
Completed 52 % :  mod = 3.5176685807762025e-13,  Error =4.523320527027863e-07
Completed 53 % :  mod = 4.131419455886986e-13,  Error =4.6103083661819255e-07
Completed 54 % :  mod = 4.852241194350049e-13,  Error =4.697292510513762e-07
Completed 55 % :  mod = 5.698803773545864e-13,  Error =4.784284115544324e-07
Completed 56 % :  mod = 6.693027151628644e-13,  Error =4.871275223194971e-07
Completed 56 % :  mod = 7.86064359102634e-13,  Error =4.958254109510563e-07
Completed 57 % :  mod = 9.231855155725301e-13,  Error =5.045244719781294e-07
Completed 59 % :  mod = 1.0842101165454039e-12,  Error =5.132232061555442e-07
Completed 60 % :  mod = 1.2732951841839463e-12,  Error =5.219218763841127e-07
Completed 61 % :  mod = 1.4953145394105948e-12,  Error =5.306197223831077e-07
Completed 62 % :  mod = 1.7559785858745476e-12,  Error =5.393180870782999e-07
Completed 63 % :  mod = 2.0619717279256834e-12,  Error =5.480147251546441e-07
Completed 64 % :  mod = 2.4211084893828718e-12,  Error =5.567124077288099e-07
Completed 65 % :  mod = 2.8425083574730684e-12,  Error =5.654095360796418e-07
Completed 66 % :  mod = 3.3367874137015086e-12,  Error =5.741054636132503e-07
Completed 67 % :  mod = 3.916261339768267e-12,  Error =5.828003679653193e-07
Completed 68 % :  mod = 4.5951484736242635e-12,  Error =5.914941709761479e-07
Completed 69 % :  mod = 5.3897518129134905e-12,  Error =6.001869010674454e-07
Completed 70 % :  mod = 6.318583086019494e-12,  Error =6.088758084388246e-07
Completed 71 % :  mod = 7.40236716821718e-12,  Error =6.175626410254154e-07
Completed 72 % :  mod = 8.66382710062385e-12,  Error =6.262442298066162e-07
Completed 73 % :  mod = 1.0127093916986672e-11,  Error =6.349191039589641e-07
Completed 74 % :  mod = 1.1816507227727783e-11,  Error =6.435858352915602e-07
Completed 75 % :  mod = 1.375447257150056e-11,  Error =6.522413968923502e-07
Completed 76 % :  mod = 1.5957934183387724e-11,  Error =6.608822360476552e-07
Completed 77 % :  mod = 1.843295251042333e-11,  Error =6.695037129134107e-07
Completed 78 % :  mod = 2.1166948781472433e-11,  Error =6.780993402344393e-07
Completed 79 % :  mod = 2.4118586523113945e-11,  Error =6.866630855029143e-07
Completed 80 % :  mod = 2.7206275662109332e-11,  Error =6.951876940775037e-07
Completed 81 % :  mod = 3.0298129207522956e-11,  Error =7.036684408490146e-07
Completed 82 % :  mod = 3.320865415893546e-11,  Error =7.121021710077002e-07
Completed 83 % :  mod = 3.5709233875894715e-11,  Error =7.204882024325343e-07
Completed 84 % :  mod = 3.755795862317853e-11,  Error =7.288337968702763e-07
Completed 85 % :  mod = 3.854711573517658e-11,  Error =7.371521775212386e-07
Completed 86 % :  mod = 3.855502886866436e-11,  Error =7.45460404516507e-07
Completed 87 % :  mod = 3.7580694322613197e-11,  Error =7.537777619859298e-07
Completed 88 % :  mod = 3.574407920020703e-11,  Error =7.621222835041408e-07
Completed 89 % :  mod = 3.3251925978067825e-11,  Error =7.705084996700862e-07
Completed 90 % :  mod = 3.0346008810114506e-11,  Error =7.789407945324456e-07
Completed 91 % :  mod = 2.7255439745787257e-11,  Error =7.874217047287857e-07
Completed 92 % :  mod = 2.4166519237009882e-11,  Error =7.959457093420497e-07
Completed 93 % :  mod = 2.1211980908559833e-11,  Error =8.045082964258654e-07
Completed 94 % :  mod = 1.8474139832843782e-11,  Error =8.131033979452695e-07
Completed 95 % :  mod = 1.5994877212195097e-11,  Error =8.21724057686879e-07
Completed 96 % :  mod = 1.3787141306348442e-11,  Error =8.303644989382519e-07
Completed 97 % :  mod = 1.184509900596967e-11,  Error =8.390183978690402e-07
Completed 98 % :  mod = 1.015193002948612e-11,  Error =8.476848663008241e-07
Completed 99 % :  mod = 8.685283322196874e-12,  Error =8.56359562817488e-07
Completed 100 % :  mod = 7.42083015426307e-12,  Error =8.650405334265088e-07
Finished 14/201 frames
Finished all frames!
