/opt/local/miniconda_23_9/lib/python3.11/site-packages/conda/base/context.py:201: FutureWarning: Adding 'defaults' to channel list implicitly is deprecated and will be removed in 25.3. 

To remove this warning, please choose a default channel explicitly with conda's regular configuration system, e.g. by adding 'defaults' to the list of channels:

  conda config --add channels defaults

For more information see https://docs.conda.io/projects/conda/en/stable/user-guide/configuration/use-condarc.html

  deprecated.topic(
JOB 13476 ARRAY_ID 122  -> i=122 ; range=[1.9e-10, 6.0e-10] ; intervals=200 (frames=201)
Density options: centers='2.0e-10,4.0e-10' width='5e-11,5e-11' strength=''
Completed 0 % :  mod = 3.156314971390347e-16,  Error =-1.4210854715202004e-14
Completed 1 % :  mod = 4.819921244719099e-16,  Error =1.1894026386016776e-07
Completed 2 % :  mod = 1.156442178206318e-15,  Error =2.3788165037785802e-07
Completed 3 % :  mod = 3.0499495798678215e-15,  Error =3.568223618799493e-07
Completed 4 % :  mod = 8.158545084279088e-15,  Error =4.757639260333235e-07
Completed 5 % :  mod = 2.1867427451567763e-14,  Error =5.947049501742185e-07
Completed 6 % :  mod = 5.862774194736648e-14,  Error =7.136462585322079e-07
Completed 7 % :  mod = 1.571901745866231e-13,  Error =8.325865863412218e-07
Completed 8 % :  mod = 4.214537063381738e-13,  Error =9.515275607441254e-07
Completed 9 % :  mod = 1.1299887068126435e-12,  Error =1.0704677109174554e-06
Completed 10 % :  mod = 3.029662132763277e-12,  Error =1.1894042089011236e-06
Completed 11 % :  mod = 8.122398128411539e-12,  Error =1.3083171097605373e-06
Completed 12 % :  mod = 2.1764972006811353e-11,  Error =1.42705541605892e-06
Completed 13 % :  mod = 5.8111046981848565e-11,  Error =1.544556681665199e-06
Completed 14 % :  mod = 1.508648277215997e-10,  Error =1.6540802505460306e-06
Completed 15 % :  mod = 3.064136840559262e-10,  Error =1.7328643480141181e-06
Completed 16 % :  mod = 1.9617083033708988e-10,  Error =1.7992848597714328e-06
Completed 17 % :  mod = 8.892838059014574e-11,  Error =1.901843035057027e-06
Completed 18 % :  mod = 3.7670597408114254e-11,  Error =2.017427625844448e-06
Completed 19 % :  mod = 3.51482160568033e-11,  Error =2.13514642410928e-06
Completed 20 % :  mod = 7.622495762182569e-11,  Error =2.2515229147757054e-06
Completed 21 % :  mod = 1.6671126066412518e-10,  Error =2.358162397797514e-06
Completed 22 % :  mod = 3.0959655354625686e-10,  Error =2.430614422621602e-06
Completed 23 % :  mod = 1.7911784598737108e-10,  Error =2.5027962138324256e-06
Completed 24 % :  mod = 7.055182729926276e-11,  Error =2.6089737872325713e-06
Completed 25 % :  mod = 2.7184768968403882e-11,  Error =2.7257518553369664e-06
Completed 26 % :  mod = 1.698198081116785e-11,  Error =2.8442564996566944e-06
Completed 27 % :  mod = 2.3119852053301928e-11,  Error =2.962874553702477e-06
Completed 28 % :  mod = 4.915481140514143e-11,  Error =3.080631799434741e-06
Completed 28 % :  mod = 1.3215990906455313e-10,  Error =3.1923129171218534e-06
Completed 30 % :  mod = 2.8899862750930234e-10,  Error =3.2777307836795444e-06
Completed 31 % :  mod = 2.2626170186609767e-10,  Error =3.3401636869712092e-06
Completed 32 % :  mod = 1.0316761215823971e-10,  Error =3.437926004323799e-06
Completed 33 % :  mod = 4.11185396951227e-11,  Error =3.552464093559138e-06
Completed 34 % :  mod = 3.369437815541762e-11,  Error =3.670105840569704e-06
Completed 35 % :  mod = 6.623221340110892e-11,  Error =3.787006782829394e-06
Completed 36 % :  mod = 1.4250428332480296e-10,  Error =3.896632556177337e-06
Completed 37 % :  mod = 2.990764733223324e-10,  Error =3.975697737246264e-06
Completed 38 % :  mod = 2.1299296963659205e-10,  Error =4.042944020454797e-06
Completed 39 % :  mod = 8.318383518049364e-11,  Error =4.14481004895606e-06
Completed 40 % :  mod = 3.612752818347117e-11,  Error =4.260432376668177e-06
Completed 41 % :  mod = 3.475345797191549e-11,  Error =4.3782849203921614e-06
Completed 42 % :  mod = 6.471872746403783e-11,  Error =4.495259581460687e-06
Completed 43 % :  mod = 1.400371184347386e-10,  Error =4.604636501426285e-06
Completed 44 % :  mod = 3.1587877799349847e-10,  Error =4.6831153071025255e-06
Completed 45 % :  mod = 2.004926322031042e-10,  Error =4.749954491956032e-06
Completed 46 % :  mod = 8.106100476540874e-11,  Error =4.852328075344303e-06
Completed 47 % :  mod = 3.1101649675913154e-11,  Error =4.968508164893137e-06
Completed 48 % :  mod = 1.1550753864668015e-11,  Error =5.087047476592943e-06
Completed 49 % :  mod = 4.5165686443966875e-12,  Error =5.205925262430355e-06
Completed 50 % :  mod = 4.443682443077207e-12,  Error =5.324847826670975e-06
Completed 51 % :  mod = 8.305844542811634e-12,  Error =5.443758283263378e-06
Completed 52 % :  mod = 1.8797164143391262e-11,  Error =5.562538376580051e-06
Completed 53 % :  mod = 4.967237043666369e-11,  Error =5.680390671614077e-06
Completed 54 % :  mod = 1.31969789538195e-10,  Error =5.7920783831377776e-06
Completed 55 % :  mod = 2.8966042168405827e-10,  Error =5.876705706953089e-06
Completed 56 % :  mod = 2.2771158851606102e-10,  Error =5.939928158227303e-06
Completed 56 % :  mod = 9.815076093302364e-11,  Error =6.0383441535805105e-06
Completed 57 % :  mod = 3.843766148819516e-11,  Error =6.15316450591763e-06
Completed 59 % :  mod = 3.167977480366203e-11,  Error =6.270971866229047e-06
Completed 60 % :  mod = 5.822737110144629e-11,  Error =6.388315583194526e-06
Completed 61 % :  mod = 1.2269539866949062e-10,  Error =6.500017718735762e-06
Completed 62 % :  mod = 2.8654050684893675e-10,  Error =6.58491018867835e-06
Completed 63 % :  mod = 2.4183435964527555e-10,  Error =6.649322330076757e-06
Completed 64 % :  mod = 9.245041859440976e-11,  Error =6.74675913359124e-06
Completed 65 % :  mod = 4.3076129915855825e-11,  Error =6.861353995191166e-06
Completed 66 % :  mod = 4.053138682824713e-11,  Error =6.978860561446254e-06
Completed 67 % :  mod = 7.079488754181628e-11,  Error =7.095283592661872e-06
Completed 68 % :  mod = 1.573594090694419e-10,  Error =7.202215449808591e-06
Completed 69 % :  mod = 3.2967228185963704e-10,  Error =7.2760985219133545e-06
Completed 70 % :  mod = 1.7422158369546108e-10,  Error =7.345800625557786e-06
Completed 71 % :  mod = 7.864598838906954e-11,  Error =7.450463805014351e-06
Completed 72 % :  mod = 3.8040997439048424e-11,  Error =7.566626365473894e-06
Completed 73 % :  mod = 3.2480802996880655e-11,  Error =7.684505860083846e-06
Completed 74 % :  mod = 6.640763375413933e-11,  Error =7.801175030408558e-06
Completed 75 % :  mod = 1.7433934772530133e-10,  Error =7.908553165236754e-06
Completed 76 % :  mod = 2.9769570160588326e-10,  Error =7.984410721917357e-06
Completed 77 % :  mod = 1.8138280066766712e-10,  Error =8.053578888223e-06
Completed 78 % :  mod = 9.385426974169625e-11,  Error =8.157541671494073e-06
Completed 79 % :  mod = 5.491996700283867e-11,  Error =8.2721061716029e-06
Completed 80 % :  mod = 8.030321487591099e-11,  Error =8.386551442640666e-06
Completed 81 % :  mod = 2.1680026528233738e-10,  Error =8.48834559263878e-06
Completed 82 % :  mod = 2.966054327140925e-10,  Error =8.559063637392228e-06
Completed 83 % :  mod = 1.450379814473097e-10,  Error =8.634449478961415e-06
Completed 84 % :  mod = 9.978513397694081e-11,  Error =8.740744412705226e-06
Completed 85 % :  mod = 8.954178249364261e-11,  Error =8.853395563335198e-06
Completed 86 % :  mod = 1.3829830414136939e-10,  Error =8.95934850575486e-06
Completed 87 % :  mod = 3.3039669848027266e-10,  Error =9.034718829070698e-06
Completed 88 % :  mod = 1.9629940423491312e-10,  Error =9.103979294877718e-06
Completed 89 % :  mod = 8.119428049962541e-11,  Error =9.205519084787284e-06
Completed 90 % :  mod = 5.701736567501704e-11,  Error =9.320504197773971e-06
Completed 91 % :  mod = 6.447484350970349e-11,  Error =9.436681750685239e-06
Completed 92 % :  mod = 1.2403159937970484e-10,  Error =9.546871211796315e-06
Completed 93 % :  mod = 3.0905741659611564e-10,  Error =9.62893577138857e-06
Completed 94 % :  mod = 2.2231426593618286e-10,  Error =9.694502566048868e-06
Completed 95 % :  mod = 8.914424982862046e-11,  Error =9.793602828267467e-06
Completed 96 % :  mod = 3.92961920812636e-11,  Error =9.90898087138703e-06
Completed 97 % :  mod = 2.047674239240741e-11,  Error =1.0027115791899632e-05
Completed 98 % :  mod = 3.276854763516418e-11,  Error =1.0145351524215585e-05
Completed 99 % :  mod = 8.253880233191338e-11,  Error =1.026146180294063e-05
Completed 100 % :  mod = 1.9874466589408658e-10,  Error =1.0364709353893886e-05
Finished 123/201 frames
Finished all frames!
