/opt/local/miniconda_23_9/lib/python3.11/site-packages/conda/base/context.py:201: FutureWarning: Adding 'defaults' to channel list implicitly is deprecated and will be removed in 25.3. 

To remove this warning, please choose a default channel explicitly with conda's regular configuration system, e.g. by adding 'defaults' to the list of channels:

  conda config --add channels defaults

For more information see https://docs.conda.io/projects/conda/en/stable/user-guide/configuration/use-condarc.html

  deprecated.topic(
JOB 13972 ARRAY_ID 101  -> i=101 ; range=[1.9e-10, 5.0e-10] ; intervals=200 (frames=201)
Analytic t0 extension enabled (--extend-time-using-t0).
Density options: centers='2.0e-10,4.0e-10' width='2.0e-11,5.0e-11' strength='7.0'
Completed 0 % :  mod = 3.014965948168664e-16,  Error =-1.4210854715202004e-14
Completed 1 % :  mod = 4.449306410268111e-16,  Error =9.90234241271537e-08
Completed 2 % :  mod = 1.011707468031316e-15,  Error =1.9804652851007631e-07
Completed 3 % :  mod = 2.5411041058369217e-15,  Error =2.9706929183248576e-07
Completed 4 % :  mod = 6.48831147876005e-15,  Error =3.9609275148677625e-07
Completed 5 % :  mod = 1.6609020050875108e-14,  Error =4.951171419520506e-07
Completed 6 % :  mod = 4.253288557617285e-14,  Error =5.941411913568118e-07
Completed 7 % :  mod = 1.0892595642890801e-13,  Error =6.931656031383682e-07
Completed 8 % :  mod = 2.7895990830428124e-13,  Error =7.921889988438124e-07
Completed 9 % :  mod = 7.144181983159777e-13,  Error =8.912120748050256e-07
Completed 10 % :  mod = 1.829622154829221e-12,  Error =9.90234418907221e-07
Completed 11 % :  mod = 4.685520215445715e-12,  Error =1.089249266783554e-06
Completed 12 % :  mod = 1.1996985495148423e-11,  Error =1.188215250635949e-06
Completed 13 % :  mod = 3.0679380640521797e-11,  Error =1.2868590388848133e-06
Completed 14 % :  mod = 7.780725483626336e-11,  Error =1.383459192538794e-06
Completed 15 % :  mod = 1.860222050820362e-10,  Error =1.4690228553604356e-06
Completed 16 % :  mod = 2.9322150827787e-10,  Error =1.5265898127836408e-06
Completed 17 % :  mod = 1.491744361888359e-10,  Error =1.589471061436143e-06
Completed 18 % :  mod = 6.977661518977587e-11,  Error =1.678770217949932e-06
Completed 19 % :  mod = 3.1957569460457375e-11,  Error =1.7758175872018e-06
Completed 20 % :  mod = 2.5596772283393802e-11,  Error =1.8741640701591677e-06
Completed 21 % :  mod = 4.80482309951041e-11,  Error =1.9720867783235008e-06
Completed 22 % :  mod = 1.124083153479629e-10,  Error =2.066189480842695e-06
Completed 23 % :  mod = 2.284915756471711e-10,  Error =2.1427733614132194e-06
Completed 24 % :  mod = 2.669656788393485e-10,  Error =2.1951357638272384e-06
Completed 25 % :  mod = 1.1841861198578148e-10,  Error =2.268890703760462e-06
Completed 26 % :  mod = 5.5894298538359684e-11,  Error =2.3613002539946137e-06
Completed 27 % :  mod = 5.5491546533731344e-11,  Error =2.4579008055525264e-06
Completed 28 % :  mod = 9.242610910601142e-11,  Error =2.5530134379891933e-06
Completed 28 % :  mod = 1.759661948760423e-10,  Error =2.6368471210957978e-06
Completed 30 % :  mod = 3.0637335589931604e-10,  Error =2.6930950554060473e-06
Completed 31 % :  mod = 1.5027622691275017e-10,  Error =2.7567328615418774e-06
Completed 32 % :  mod = 7.209481413768215e-11,  Error =2.8448906661537876e-06
Completed 33 % :  mod = 5.88431875996471e-11,  Error =2.940708426990568e-06
Completed 34 % :  mod = 7.796777321478553e-11,  Error =3.036367893116676e-06
Completed 35 % :  mod = 1.5162218315566977e-10,  Error =3.123769154456113e-06
Completed 36 % :  mod = 3.0976922651497304e-10,  Error =3.185295582852632e-06
Completed 37 % :  mod = 1.7249969982392228e-10,  Error =3.243388903229061e-06
Completed 38 % :  mod = 8.341946876160001e-11,  Error =3.3284960352375492e-06
Completed 39 % :  mod = 5.097286907553348e-11,  Error =3.4241784589994495e-06
Completed 40 % :  mod = 5.012174533961797e-11,  Error =3.521287275987106e-06
Completed 41 % :  mod = 9.868661211452303e-11,  Error =3.615367020870508e-06
Completed 42 % :  mod = 2.4459472777186697e-10,  Error =3.6935634710744125e-06
Completed 43 % :  mod = 2.5649240148144124e-10,  Error =3.7474448575380848e-06
Completed 44 % :  mod = 1.1948357742281262e-10,  Error =3.8191016145106005e-06
Completed 45 % :  mod = 5.918062946993554e-11,  Error =3.91178956249405e-06
Completed 46 % :  mod = 3.2915611274744894e-11,  Error =4.009229023438365e-06
Completed 47 % :  mod = 4.1338488610189e-11,  Error =4.107062572700215e-06
Completed 48 % :  mod = 1.0058249365519119e-10,  Error =4.20214224305937e-06
Completed 49 % :  mod = 2.0984326026683173e-10,  Error =4.283666733329028e-06
Completed 50 % :  mod = 2.7282931445447297e-10,  Error =4.337027284861961e-06
Completed 51 % :  mod = 1.3861695600082202e-10,  Error =4.405945787766541e-06
Completed 52 % :  mod = 5.3493080386204174e-11,  Error =4.497604393804977e-06
Completed 53 % :  mod = 2.377889052014576e-11,  Error =4.595359989423287e-06
Completed 54 % :  mod = 1.3564951385076639e-11,  Error =4.69411997272573e-06
Completed 55 % :  mod = 1.4376537804442934e-11,  Error =4.792990772273242e-06
Completed 56 % :  mod = 3.0819149482359204e-11,  Error =4.891578527121965e-06
Completed 56 % :  mod = 7.85872972093387e-11,  Error =4.988219785673209e-06
Completed 57 % :  mod = 1.777639332659192e-10,  Error =5.074374918478952e-06
Completed 59 % :  mod = 2.9612665552475953e-10,  Error =5.132323103396175e-06
Completed 60 % :  mod = 1.5493985978188341e-10,  Error =5.194477409986575e-06
Completed 61 % :  mod = 6.84359827125222e-11,  Error =5.283345331008604e-06
Completed 62 % :  mod = 2.985021913059761e-11,  Error =5.380465033510973e-06
Completed 63 % :  mod = 1.8624066281394273e-11,  Error =5.479026327748215e-06
Completed 64 % :  mod = 2.6009275851217005e-11,  Error =5.577649197618939e-06
Completed 65 % :  mod = 5.951846144720271e-11,  Error =5.675224251433519e-06
Completed 66 % :  mod = 1.349522768627475e-10,  Error =5.766518100358553e-06
Completed 67 % :  mod = 2.816397938145842e-10,  Error =5.833769648688758e-06
Completed 68 % :  mod = 2.085168575499243e-10,  Error =5.8885674505404495e-06
Completed 69 % :  mod = 8.819277002108857e-11,  Error =5.971209169786107e-06
Completed 70 % :  mod = 3.447379912379338e-11,  Error =6.0670918458072265e-06
Completed 71 % :  mod = 1.6422642794315066e-11,  Error =6.165572884242465e-06
Completed 72 % :  mod = 1.1918139047638715e-11,  Error =6.2644464051686555e-06
Completed 73 % :  mod = 1.7129986586772046e-11,  Error =6.36330176462252e-06
Completed 74 % :  mod = 4.115800314171166e-11,  Error =6.461614177055708e-06
Completed 75 % :  mod = 1.0191173303237854e-10,  Error =6.556548527214545e-06
Completed 76 % :  mod = 2.2457399864578024e-10,  Error =6.635234797158773e-06
Completed 77 % :  mod = 2.74515433070326e-10,  Error =6.688099603024966e-06
Completed 78 % :  mod = 1.200761863234245e-10,  Error =6.759890759155951e-06
Completed 79 % :  mod = 5.441957461957961e-11,  Error =6.8523019578492494e-06
Completed 80 % :  mod = 3.9195402314616595e-11,  Error =6.949631512043197e-06
Completed 81 % :  mod = 5.102351429502223e-11,  Error =7.047158746331661e-06
Completed 82 % :  mod = 1.0318886948208367e-10,  Error =7.141007273503419e-06
Completed 83 % :  mod = 2.5298813614248474e-10,  Error =7.21718017615558e-06
Completed 84 % :  mod = 2.5184090323966167e-10,  Error =7.270460500308218e-06
Completed 85 % :  mod = 1.0978726627683662e-10,  Error =7.344623377036896e-06
Completed 86 % :  mod = 5.269233447878317e-11,  Error =7.438243507351672e-06
Completed 87 % :  mod = 2.7133556503642408e-11,  Error =7.536087927917379e-06
Completed 88 % :  mod = 2.7780143115514136e-11,  Error =7.634474961548676e-06
Completed 89 % :  mod = 6.323919096853419e-11,  Error =7.731791747289662e-06
Completed 90 % :  mod = 1.4779256339398088e-10,  Error =7.822444651139904e-06
Completed 91 % :  mod = 2.6902277105564604e-10,  Error =7.888862242566574e-06
Completed 92 % :  mod = 2.077656977891901e-10,  Error =7.944285691507957e-06
Completed 93 % :  mod = 9.201561581283323e-11,  Error =8.027392610188144e-06
Completed 94 % :  mod = 4.3302304175956755e-11,  Error =8.122584205239036e-06
Completed 95 % :  mod = 4.861836189512374e-11,  Error =8.219890595739798e-06
Completed 96 % :  mod = 9.50148253847595e-11,  Error =8.31521040112193e-06
Completed 97 % :  mod = 1.8146416681034862e-10,  Error =8.398861119474077e-06
Completed 98 % :  mod = 2.9678184576852403e-10,  Error =8.454036866112347e-06
Completed 99 % :  mod = 1.4961708003462285e-10,  Error =8.519152828512233e-06
Completed 100 % :  mod = 6.481526377964895e-11,  Error =8.608529093123707e-06
Finished 102/201 frames
Finished all frames!
