/opt/local/miniconda_23_9/lib/python3.11/site-packages/conda/base/context.py:201: FutureWarning: Adding 'defaults' to channel list implicitly is deprecated and will be removed in 25.3. 

To remove this warning, please choose a default channel explicitly with conda's regular configuration system, e.g. by adding 'defaults' to the list of channels:

  conda config --add channels defaults

For more information see https://docs.conda.io/projects/conda/en/stable/user-guide/configuration/use-condarc.html

  deprecated.topic(
JOB 14055 ARRAY_ID 184  -> i=184 ; range=[1.9e-10, 5.0e-10] ; intervals=200 (frames=201)
Analytic t0 extension enabled (--extend-time-using-t0).
Density options: centers='2.0e-10,4.0e-10' width='2.0e-11,5.0e-11' strength='7.0'
Completed 0 % :  mod = 3.6950271782796034e-16,  Error =-1.4210854715202004e-14
Completed 1 % :  mod = 6.389910652220568e-16,  Error =2.233987927979797e-07
Completed 2 % :  mod = 1.8405464492927224e-15,  Error =4.4679833166583194e-07
Completed 3 % :  mod = 5.726822712192507e-15,  Error =6.701960160171438e-07
Completed 4 % :  mod = 1.7966553322352554e-14,  Error =8.935942332755076e-07
Completed 5 % :  mod = 5.641327369613963e-14,  Error =1.1169922515819053e-06
Completed 6 % :  mod = 1.7714745559503598e-13,  Error =1.3403906748976624e-06
Completed 7 % :  mod = 5.56278473934818e-13,  Error =1.5637893824305138e-06
Completed 8 % :  mod = 1.7468255871198124e-12,  Error =1.7871865622964833e-06
Completed 9 % :  mod = 5.4853285468659984e-12,  Error =2.01056890603013e-06
Completed 10 % :  mod = 1.7223202457577438e-11,  Error =2.2338107399377805e-06
Completed 11 % :  mod = 5.4025681337006204e-11,  Error =2.4556747248993815e-06
Completed 12 % :  mod = 1.6741162975043689e-10,  Error =2.6651142803757466e-06
Completed 13 % :  mod = 4.057918376489455e-10,  Error =2.8109721412761246e-06
Completed 14 % :  mod = 1.8077929927159225e-10,  Error =2.9392928766469595e-06
Completed 15 % :  mod = 9.657138050934158e-11,  Error =3.1411187180196976e-06
Completed 16 % :  mod = 8.223957316555534e-11,  Error =3.357202828624395e-06
Completed 17 % :  mod = 1.5119325803605962e-10,  Error =3.5628453929348325e-06
Completed 18 % :  mod = 4.2933227146431905e-10,  Error =3.701832653746351e-06
Completed 19 % :  mod = 1.873817752578665e-10,  Error =3.835405117058599e-06
Completed 20 % :  mod = 6.558813225625519e-11,  Error =4.040018794171374e-06
Completed 21 % :  mod = 2.7790032568271615e-11,  Error =4.261049042497689e-06
Completed 22 % :  mod = 2.0519637971861392e-11,  Error =4.483852883652162e-06
Completed 23 % :  mod = 4.502434498002259e-11,  Error =4.705838748009228e-06
Completed 24 % :  mod = 1.5169317897617335e-10,  Error =4.918354207461562e-06
Completed 25 % :  mod = 3.7157217581153083e-10,  Error =5.077069907599707e-06
Completed 26 % :  mod = 2.1956949299114682e-10,  Error =5.195313313777206e-06
Completed 27 % :  mod = 1.221049560544926e-10,  Error =5.38966499163962e-06
Completed 28 % :  mod = 9.680651175967327e-11,  Error =5.602022518758076e-06
Completed 28 % :  mod = 1.8617558054779222e-10,  Error =5.798204746554347e-06
Completed 30 % :  mod = 4.466499822629358e-10,  Error =5.923419401199226e-06
Completed 31 % :  mod = 1.5893898231387055e-10,  Error =6.067447635871304e-06
Completed 32 % :  mod = 8.502844346195284e-11,  Error =6.268807680953614e-06
Completed 33 % :  mod = 1.8024713255185044e-10,  Error =6.474196190708881e-06
Completed 34 % :  mod = 3.505597925463209e-10,  Error =6.638453939444844e-06
Completed 35 % :  mod = 2.3383974973722107e-10,  Error =6.748796089084408e-06
Completed 36 % :  mod = 1.4837693958575589e-10,  Error =6.933332507230716e-06
Completed 37 % :  mod = 1.2012258544488506e-10,  Error =7.1407943167400845e-06
Completed 38 % :  mod = 2.091437022416575e-10,  Error =7.328667599892924e-06
Completed 39 % :  mod = 3.9429605435506783e-10,  Error =7.443442427756963e-06
Completed 40 % :  mod = 1.7498591300210398e-10,  Error =7.60019657519706e-06
Completed 41 % :  mod = 9.839528925258286e-11,  Error =7.802240979515318e-06
Completed 42 % :  mod = 1.8818452771310036e-10,  Error =8.00048744764581e-06
Completed 43 % :  mod = 4.341706186637332e-10,  Error =8.144372550589196e-06
Completed 44 % :  mod = 1.7735344947914533e-10,  Error =8.268696788604757e-06
Completed 45 % :  mod = 1.1177997243132233e-10,  Error =8.459221056966726e-06
Completed 46 % :  mod = 2.2560494127374866e-10,  Error =8.657241387766135e-06
Completed 47 % :  mod = 3.2244698726289584e-10,  Error =8.813273311147896e-06
Completed 48 % :  mod = 2.06591649967917e-10,  Error =8.930358120551318e-06
Completed 49 % :  mod = 2.2926637261174248e-10,  Error =9.108497373233604e-06
Completed 50 % :  mod = 2.408260256747218e-10,  Error =9.288723127554022e-06
Completed 51 % :  mod = 3.070491267204499e-10,  Error =9.41676384513812e-06
Completed 52 % :  mod = 1.885841492133542e-10,  Error =9.566750904355104e-06
Completed 53 % :  mod = 1.6135559544458111e-10,  Error =9.760453060891905e-06
Completed 54 % :  mod = 2.538549579199891e-10,  Error =9.93944443195005e-06
Completed 55 % :  mod = 3.0764950739052326e-10,  Error =1.005221619010399e-05
Completed 56 % :  mod = 2.1704050357694886e-10,  Error =1.0213702886119336e-05
Completed 56 % :  mod = 1.1041577517198803e-10,  Error =1.0415548317155299e-05
Completed 57 % :  mod = 1.5906332702770577e-10,  Error =1.0611106780800128e-05
Completed 59 % :  mod = 4.625684534626433e-10,  Error =1.0742692722942593e-05
Completed 60 % :  mod = 1.6030453734141568e-10,  Error =1.0878825513316315e-05
Completed 61 % :  mod = 1.0482603387597772e-10,  Error =1.1076689510503002e-05
Completed 62 % :  mod = 1.8101334332463913e-10,  Error =1.1283314215404516e-05
Completed 63 % :  mod = 2.9960201953479e-10,  Error =1.1454395533405659e-05
Completed 64 % :  mod = 3.0264901170419536e-10,  Error =1.156375918753838e-05
Completed 65 % :  mod = 1.1508349077596181e-10,  Error =1.1742507581402606e-05
Completed 66 % :  mod = 9.19138399727783e-11,  Error =1.1950895149936969e-05
Completed 67 % :  mod = 2.1338880660054462e-10,  Error =1.2147116379424006e-05
Completed 68 % :  mod = 4.038131586133959e-10,  Error =1.2274531705713798e-05
Completed 69 % :  mod = 1.9940393185891977e-10,  Error =1.2415046668934338e-05
Completed 70 % :  mod = 8.670764810710685e-11,  Error =1.2616087232686368e-05
Completed 71 % :  mod = 1.2475933678699212e-10,  Error =1.282280528158708e-05
Completed 72 % :  mod = 3.604124936466571e-10,  Error =1.2991728020494975e-05
Completed 73 % :  mod = 2.4485515948401804e-10,  Error =1.3101540751847551e-05
Completed 74 % :  mod = 1.6028937335317788e-10,  Error =1.3283192181745562e-05
Completed 75 % :  mod = 1.172205111160168e-10,  Error =1.3491952898903037e-05
Completed 76 % :  mod = 1.6508271635365358e-10,  Error =1.3689532288196915e-05
Completed 77 % :  mod = 4.551980908617521e-10,  Error =1.3818617439653735e-05
Completed 78 % :  mod = 1.504837382955019e-10,  Error =1.3958331912533595e-05
Completed 79 % :  mod = 8.598950083190213e-11,  Error =1.4159493026966175e-05
Completed 80 % :  mod = 1.68028240992232e-10,  Error =1.4369323224627806e-05
Completed 81 % :  mod = 2.7519534805346184e-10,  Error =1.4547906076245454e-05
Completed 82 % :  mod = 3.41818030725609e-10,  Error =1.4657758882208327e-05
Completed 83 % :  mod = 1.2401643597082786e-10,  Error =1.4831113531954543e-05
Completed 84 % :  mod = 8.291206647138709e-11,  Error =1.5040715481973166e-05
Completed 85 % :  mod = 1.7538888167941252e-10,  Error =1.5245878827840897e-05
Completed 86 % :  mod = 3.9382650272813513e-10,  Error =1.5395079394409095e-05
Completed 87 % :  mod = 2.3024540414238205e-10,  Error =1.5517058088221347e-05
Completed 88 % :  mod = 1.1586581949090034e-10,  Error =1.571192493088347e-05
Completed 89 % :  mod = 8.329038043478843e-11,  Error =1.592481016388092e-05
Completed 90 % :  mod = 1.9843115677316647e-10,  Error =1.612273664619579e-05
Completed 91 % :  mod = 4.0917949249214725e-10,  Error =1.625005885586006e-05
Completed 92 % :  mod = 1.643893389888343e-10,  Error =1.6393608539999605e-05
Completed 93 % :  mod = 1.1475450005557106e-10,  Error =1.659808704346233e-05
Completed 94 % :  mod = 1.0886046502201735e-10,  Error =1.6810256589394612e-05
Completed 95 % :  mod = 2.4652242062064676e-10,  Error =1.6996589984330512e-05
Completed 96 % :  mod = 3.743618217372654e-10,  Error =1.710951529076965e-05
Completed 97 % :  mod = 1.1909895582140144e-10,  Error =1.7274782130982658e-05
Completed 98 % :  mod = 9.910855851261798e-11,  Error =1.7483179988175834e-05
Completed 99 % :  mod = 1.701578637219813e-10,  Error =1.7690962700100954e-05
Completed 100 % :  mod = 3.42077291616379e-10,  Error =1.785368350937233e-05
Finished 185/201 frames
Finished all frames!
