/opt/local/miniconda_23_9/lib/python3.11/site-packages/conda/base/context.py:201: FutureWarning: Adding 'defaults' to channel list implicitly is deprecated and will be removed in 25.3. 

To remove this warning, please choose a default channel explicitly with conda's regular configuration system, e.g. by adding 'defaults' to the list of channels:

  conda config --add channels defaults

For more information see https://docs.conda.io/projects/conda/en/stable/user-guide/configuration/use-condarc.html

  deprecated.topic(
JOB 13361 ARRAY_ID 7  -> i=7 ; range=[1.9e-10, 6.0e-10] ; intervals=200 (frames=201)
Density options: centers='2.0e-10,4.0e-10' width='5e-11,5e-11' strength=''
Completed 0 % :  mod = 1.5853470536851852e-16,  Error =-1.4210854715202004e-14
Completed 1 % :  mod = 1.5780933306008396e-16,  Error =7.569624926873075e-09
Completed 2 % :  mod = 1.5563985901548456e-16,  Error =1.5139512754558382e-08
Completed 3 % :  mod = 1.5204613799926462e-16,  Error =2.2709997438141727e-08
Completed 4 % :  mod = 1.470610488381107e-16,  Error =3.0279757368134597e-08
Completed 5 % :  mod = 1.4073021136998573e-16,  Error =3.784948177099068e-08
Completed 6 % :  mod = 1.3311157114776266e-16,  Error =4.541979592431744e-08
Completed 7 % :  mod = 1.242748273921322e-16,  Error =5.298941374576316e-08
Completed 8 % :  mod = 1.1430085075984911e-16,  Error =6.055942236571354e-08
Completed 9 % :  mod = 1.0328091964923162e-16,  Error =6.812980046788653e-08
Completed 10 % :  mod = 9.13158733740094e-17,  Error =7.570034199488873e-08
Completed 11 % :  mod = 7.851519895592723e-17,  Error =8.327067035907021e-08
Completed 12 % :  mod = 6.499603442380573e-17,  Error =9.084104846124319e-08
Completed 13 % :  mod = 5.0882098079937176e-17,  Error =9.841081549666342e-08
Completed 14 % :  mod = 3.6302547611225594e-17,  Error =1.0598014910101483e-07
Completed 15 % :  mod = 2.139078776003261e-17,  Error =1.1355042062177745e-07
Completed 16 % :  mod = 6.283277684830482e-18,  Error =1.2112078451309571e-07
Completed 17 % :  mod = 8.881713584728262e-18,  Error =1.2869035259654993e-07
Completed 18 % :  mod = 2.3965434824392765e-17,  Error =1.3626009831568808e-07
Completed 19 % :  mod = 3.8829865468887e-17,  Error =1.4382930402234706e-07
Completed 20 % :  mod = 5.333894671515517e-17,  Error =1.51399184744605e-07
Completed 21 % :  mod = 6.735993055054325e-17,  Error =1.5896954863592327e-07
Completed 22 % :  mod = 8.07645197627794e-17,  Error =1.6653943646360858e-07
Completed 23 % :  mod = 9.343003235178252e-17,  Error =1.7410992114719193e-07
Completed 24 % :  mod = 1.0524056950868718e-16,  Error =1.8168029214393755e-07
Completed 25 % :  mod = 1.1608806075854758e-16,  Error =1.8925091893606805e-07
Completed 26 % :  mod = 1.2587323915458094e-16,  Error =1.96821773101874e-07
Completed 27 % :  mod = 1.3450656477362267e-16,  Error =2.0439252068626956e-07
Completed 28 % :  mod = 1.419090161211774e-16,  Error =2.1196230903797186e-07
Completed 28 % :  mod = 1.4801287202389295e-16,  Error =2.195323105524949e-07
Completed 30 % :  mod = 1.5276228434873707e-16,  Error =2.271023973321462e-07
Completed 31 % :  mod = 1.5611376448859508e-16,  Error =2.3467269727461826e-07
Completed 32 % :  mod = 1.580366574401585e-16,  Error =2.4224332406674876e-07
Completed 33 % :  mod = 1.585133872697718e-16,  Error =2.4981319768357935e-07
Completed 34 % :  mod = 1.5753956288915324e-16,  Error =2.573838457919919e-07
Completed 35 % :  mod = 1.5512409344709033e-16,  Error =2.649544086352762e-07
Completed 36 % :  mod = 1.5128910685214946e-16,  Error =2.725249643731331e-07
Completed 37 % :  mod = 1.460696852816751e-16,  Error =2.8009488062252785e-07
Completed 38 % :  mod = 1.395135819241287e-16,  Error =2.876651308270084e-07
Completed 39 % :  mod = 1.3168079937547031e-16,  Error =2.952350328655484e-07
Completed 40 % :  mod = 1.2264302291704138e-16,  Error =3.028054251785761e-07
Completed 41 % :  mod = 1.1248295049926856e-16,  Error =3.1037646408549335e-07
Completed 42 % :  mod = 1.012935462111609e-16,  Error =3.179455063673231e-07
Completed 43 % :  mod = 8.917721035966152e-17,  Error =3.2551619000287246e-07
Completed 44 % :  mod = 7.62448311587741e-17,  Error =3.330859357220106e-07
Completed 45 % :  mod = 6.261474036234075e-17,  Error =3.406552266937979e-07
Completed 46 % :  mod = 4.841164806220818e-17,  Error =3.4822581085336424e-07
Completed 47 % :  mod = 3.3765561252974365e-17,  Error =3.55795926054725e-07
Completed 48 % :  mod = 1.8810495291389356e-17,  Error =3.6336622599719703e-07
Completed 49 % :  mod = 3.683274277671914e-18,  Error =3.7093637672569457e-07
Completed 50 % :  mod = 1.1477643437562736e-17,  Error =3.7850707457209865e-07
Completed 51 % :  mod = 2.6533517176616547e-17,  Error =3.8607726793316033e-07
Completed 52 % :  mod = 4.1346599757405937e-17,  Error =3.936463102149901e-07
Completed 53 % :  mod = 5.57813222745929e-17,  Error =4.012160772504103e-07
Completed 54 % :  mod = 6.970558512172608e-17,  Error =4.087864056145918e-07
Completed 55 % :  mod = 8.299198030569211e-17,  Error =4.1635625080971295e-07
Completed 56 % :  mod = 9.551892447735975e-17,  Error =4.2392687760184344e-07
Completed 56 % :  mod = 1.0717178710253776e-16,  Error =4.314971562280334e-07
Completed 57 % :  mod = 1.178439200433436e-16,  Error =4.390684082977714e-07
Completed 59 % :  mod = 1.2743766894159872e-16,  Error =4.466376921641313e-07
Completed 60 % :  mod = 1.3586526031833658e-16,  Error =4.542079139469024e-07
Completed 61 % :  mod = 1.4304955151642565e-16,  Error =4.617783417870669e-07
Completed 62 % :  mod = 1.4892479403317837e-16,  Error =4.6934879094351345e-07
Completed 63 % :  mod = 1.5343725250994328e-16,  Error =4.769188706177374e-07
Completed 64 % :  mod = 1.5654562266510952e-16,  Error =4.844890000299529e-07
Completed 65 % :  mod = 1.5822143645751062e-16,  Error =4.920592715507155e-07
Completed 66 % :  mod = 1.5844938753029675e-16,  Error =4.99628626471349e-07
Completed 67 % :  mod = 1.572273920604085e-16,  Error =5.071989406246757e-07
Completed 68 % :  mod = 1.5456660685315288e-16,  Error =5.147690984586006e-07
Completed 69 % :  mod = 1.504913938768344e-16,  Error =5.22339981046116e-07
Completed 70 % :  mod = 1.450390527215258e-16,  Error =5.299105794165371e-07
Completed 71 % :  mod = 1.382594688922114e-16,  Error =5.374811635761034e-07
Completed 72 % :  mod = 1.30214679383869e-16,  Error =5.450515416782764e-07
Completed 73 % :  mod = 1.2097830130646189e-16,  Error =5.52621791882757e-07
Completed 74 % :  mod = 1.1063486771060564e-16,  Error =5.601925963105714e-07
Completed 75 % :  mod = 9.927902775561468e-17,  Error =5.677621572885982e-07
Completed 76 % :  mod = 8.701467465434142e-17,  Error =5.753320664325656e-07
Completed 77 % :  mod = 7.395407025759425e-17,  Error =5.82902671908414e-07
Completed 78 % :  mod = 6.02167275848288e-17,  Error =5.904730784322965e-07
Completed 79 % :  mod = 4.5928322512955704e-17,  Error =5.980431510010931e-07
Completed 80 % :  mod = 3.12196420678906e-17,  Error =6.056139127963434e-07
Completed 81 % :  mod = 1.6225283993233556e-17,  Error =6.131845253776191e-07
Completed 82 % :  mod = 1.082432729757677e-18,  Error =6.207555216519722e-07
Completed 83 % :  mod = 1.4070318799975908e-17,  Error =6.283261981820942e-07
Completed 84 % :  mod = 2.909430617398187e-17,  Error =6.358958728469588e-07
Completed 85 % :  mod = 4.385206339988611e-17,  Error =6.434663646359695e-07
Completed 86 % :  mod = 5.820852863406612e-17,  Error =6.510375314405792e-07
Completed 87 % :  mod = 7.203233747853873e-17,  Error =6.586082363924106e-07
Completed 88 % :  mod = 8.519698242968492e-17,  Error =6.661789342388147e-07
Completed 89 % :  mod = 9.758198478638272e-17,  Error =6.737492910247056e-07
Completed 90 % :  mod = 1.090740382789028e-16,  Error =6.813201451905115e-07
Completed 91 % :  mod = 1.1956796079190202e-16,  Error =6.888895640599912e-07
Completed 92 % :  mod = 1.2896771009051688e-16,  Error =6.964590326674625e-07
Completed 93 % :  mod = 1.371873019908434e-16,  Error =7.040292047122421e-07
Completed 94 % :  mod = 1.4415150896566324e-16,  Error =7.115996538686886e-07
Completed 95 % :  mod = 1.497965760692639e-16,  Error =7.1916898747304e-07
Completed 96 % :  mod = 1.5407087792564015e-16,  Error =7.26740040590812e-07
Completed 97 % :  mod = 1.5693529478548012e-16,  Error =7.3431053948525e-07
Completed 98 % :  mod = 1.583636009908604e-16,  Error =7.418804557346448e-07
Completed 99 % :  mod = 1.583427390822215e-16,  Error =7.494510185779291e-07
Completed 100 % :  mod = 1.5687289010872002e-16,  Error =7.5702137536382e-07
Finished 8/201 frames
Finished all frames!
