/opt/local/miniconda_23_9/lib/python3.11/site-packages/conda/base/context.py:201: FutureWarning: Adding 'defaults' to channel list implicitly is deprecated and will be removed in 25.3. 

To remove this warning, please choose a default channel explicitly with conda's regular configuration system, e.g. by adding 'defaults' to the list of channels:

  conda config --add channels defaults

For more information see https://docs.conda.io/projects/conda/en/stable/user-guide/configuration/use-condarc.html

  deprecated.topic(
JOB 13998 ARRAY_ID 127  -> i=127 ; range=[1.9e-10, 5.0e-10] ; intervals=200 (frames=201)
Analytic t0 extension enabled (--extend-time-using-t0).
Density options: centers='2.0e-10,4.0e-10' width='2.0e-11,5.0e-11' strength='7.0'
Completed 0 % :  mod = 3.2038690119834463e-16,  Error =-1.4210854715202004e-14
Completed 1 % :  mod = 4.948384071991252e-16,  Error =1.2627291567923749e-07
Completed 2 % :  mod = 1.2081715418780567e-15,  Error =2.5254551871967124e-07
Completed 3 % :  mod = 3.2372098617453023e-15,  Error =3.788177664887371e-07
Completed 4 % :  mod = 8.791586759858451e-15,  Error =5.050904618997265e-07
Completed 5 % :  mod = 2.392004800868848e-14,  Error =6.313628588827669e-07
Completed 6 % :  mod = 6.509756758883411e-14,  Error =7.576354619232006e-07
Completed 7 % :  mod = 1.7716667636937796e-13,  Error =8.839083278644466e-07
Completed 8 % :  mod = 4.821711105217479e-13,  Error =1.0101812080165473e-06
Completed 9 % :  mod = 1.3122599588260566e-12,  Error =1.1364529726165529e-06
Completed 10 % :  mod = 3.5713568601074686e-12,  Error =1.262719898420528e-06
Completed 11 % :  mod = 9.718672067217319e-12,  Error =1.3889521426335705e-06
Completed 12 % :  mod = 2.6429306975961382e-11,  Error =1.5149198233643801e-06
Completed 13 % :  mod = 7.150524368848333e-11,  Error =1.6389762862445423e-06
Completed 14 % :  mod = 1.8540438190247454e-10,  Error =1.75097224541787e-06
Completed 15 % :  mod = 3.2674049483110697e-10,  Error =1.8257276792610355e-06
Completed 16 % :  mod = 1.550985151910019e-10,  Error =1.9042888510512057e-06
Completed 17 % :  mod = 7.353582003094992e-11,  Error =2.018714887697115e-06
Completed 18 % :  mod = 3.817864863276387e-11,  Error =2.142451641873322e-06
Completed 19 % :  mod = 4.3671087329473047e-11,  Error =2.2671620811820503e-06
Completed 20 % :  mod = 1.0959186960694454e-10,  Error =2.388091026261918e-06
Completed 21 % :  mod = 2.5537627484879537e-10,  Error =2.488699323066612e-06
Completed 22 % :  mod = 2.749920191400837e-10,  Error =2.5537249186413646e-06
Completed 23 % :  mod = 1.2082841061602501e-10,  Error =2.649008877142478e-06
Completed 24 % :  mod = 4.337908171841576e-11,  Error =2.7692185824435e-06
Completed 25 % :  mod = 1.8829574984662205e-11,  Error =2.894568027045352e-06
Completed 26 % :  mod = 1.2955045232392854e-11,  Error =3.0206298191615133e-06
Completed 27 % :  mod = 1.912358578405253e-11,  Error =3.146678729137875e-06
Completed 28 % :  mod = 4.734080310302994e-11,  Error =3.2719018676630185e-06
Completed 28 % :  mod = 1.2896799095604022e-10,  Error =3.391364302274269e-06
Completed 30 % :  mod = 2.8063950818543464e-10,  Error =3.4838868288034064e-06
Completed 31 % :  mod = 2.4505785441739605e-10,  Error =3.549878471176271e-06
Completed 32 % :  mod = 1.0660182380263982e-10,  Error =3.6525810500620537e-06
Completed 33 % :  mod = 4.7519789380617655e-11,  Error =3.7734622466700785e-06
Completed 34 % :  mod = 5.661699528911132e-11,  Error =3.897179588818744e-06
Completed 35 % :  mod = 1.2936146491409168e-10,  Error =4.016579929100317e-06
Completed 36 % :  mod = 2.456590046438433e-10,  Error =4.113415414508381e-06
Completed 37 % :  mod = 2.7291430058364765e-10,  Error =4.178086982165041e-06
Completed 38 % :  mod = 1.3015381354114627e-10,  Error =4.275135680131825e-06
Completed 39 % :  mod = 6.69954479361436e-11,  Error =4.392576336442744e-06
Completed 40 % :  mod = 1.0269254642934613e-10,  Error =4.511889635239186e-06
Completed 41 % :  mod = 2.412604127774523e-10,  Error =4.616444705618505e-06
Completed 42 % :  mod = 2.803364522963577e-10,  Error =4.687124167901402e-06
Completed 43 % :  mod = 1.3875840668835987e-10,  Error =4.7739608604047135e-06
Completed 44 % :  mod = 7.980520431786912e-11,  Error =4.8902709295362e-06
Completed 45 % :  mod = 6.93253966079455e-11,  Error =5.012230239742621e-06
Completed 46 % :  mod = 1.2159001131879477e-10,  Error =5.1293818259523505e-06
Completed 47 % :  mod = 3.1455922218995347e-10,  Error =5.219377307241757e-06
Completed 48 % :  mod = 2.2989174785286274e-10,  Error =5.287155765643092e-06
Completed 49 % :  mod = 9.17585057474019e-11,  Error =5.39038749991505e-06
Completed 50 % :  mod = 4.659642074520712e-11,  Error =5.512429169129973e-06
Completed 51 % :  mod = 3.04748090581181e-11,  Error =5.63760499971977e-06
Completed 52 % :  mod = 4.227110501322844e-11,  Error =5.7625659835025544e-06
Completed 53 % :  mod = 1.2249863536391641e-10,  Error =5.882645325527847e-06
Completed 54 % :  mod = 2.6781986540148217e-10,  Error =5.979094446217914e-06
Completed 55 % :  mod = 2.570916046498871e-10,  Error =6.043465504035339e-06
Completed 56 % :  mod = 1.21739800004146e-10,  Error =6.142619383808778e-06
Completed 56 % :  mod = 4.78054761042956e-11,  Error =6.262724227212857e-06
Completed 57 % :  mod = 4.5910942744483374e-11,  Error =6.38667621899458e-06
Completed 59 % :  mod = 1.1013272501350471e-10,  Error =6.507960513602029e-06
Completed 60 % :  mod = 2.157180317834786e-10,  Error =6.61205968555123e-06
Completed 61 % :  mod = 3.063250968287379e-10,  Error =6.677927068210465e-06
Completed 62 % :  mod = 1.417123781429187e-10,  Error =6.767672857677098e-06
Completed 63 % :  mod = 5.503137819776774e-11,  Error =6.884853256394763e-06
Completed 64 % :  mod = 5.3712605961790543e-11,  Error =7.008227107974108e-06
Completed 65 % :  mod = 1.063324830076173e-10,  Error =7.129581035769661e-06
Completed 66 % :  mod = 2.0081713605615516e-10,  Error =7.2349281907690965e-06
Completed 67 % :  mod = 3.2463972722647547e-10,  Error =7.302245897733428e-06
Completed 68 % :  mod = 1.420724054839879e-10,  Error =7.389233864785183e-06
Completed 69 % :  mod = 6.259063166374807e-11,  Error =7.50490510625923e-06
Completed 70 % :  mod = 7.423726679947834e-11,  Error =7.627107635244101e-06
Completed 71 % :  mod = 1.3542191733738285e-10,  Error =7.745153332905375e-06
Completed 72 % :  mod = 2.4558190760719233e-10,  Error =7.839032456047335e-06
Completed 73 % :  mod = 2.756455321959804e-10,  Error =7.905654683781904e-06
Completed 74 % :  mod = 1.2328870314239886e-10,  Error =8.00380404086809e-06
Completed 75 % :  mod = 7.902201711487923e-11,  Error =8.11975589698477e-06
Completed 76 % :  mod = 1.549530074985494e-10,  Error =8.233584068761957e-06
Completed 77 % :  mod = 3.0203332994175365e-10,  Error =8.323736068405196e-06
Completed 78 % :  mod = 2.168873571824029e-10,  Error =8.38963373439583e-06
Completed 79 % :  mod = 1.1995122014924328e-10,  Error =8.490216877987677e-06
Completed 80 % :  mod = 7.647568209838115e-11,  Error =8.608757696038083e-06
Completed 81 % :  mod = 1.0163161655747816e-10,  Error =8.727754526205445e-06
Completed 82 % :  mod = 2.345924176367443e-10,  Error =8.82884449993071e-06
Completed 83 % :  mod = 3.2121496619935446e-10,  Error =8.899937505191247e-06
Completed 84 % :  mod = 1.2596923963488874e-10,  Error =8.987043322861155e-06
Completed 85 % :  mod = 8.842745507844796e-11,  Error =9.099951995494848e-06
Completed 86 % :  mod = 1.7042591489319237e-10,  Error =9.21351942650972e-06
Completed 87 % :  mod = 2.4449340182190056e-10,  Error =9.30717764902056e-06
Completed 88 % :  mod = 2.3838265671381927e-10,  Error =9.371615767861385e-06
Completed 89 % :  mod = 1.7531430439916344e-10,  Error =9.467189514111851e-06
Completed 90 % :  mod = 9.557013731086469e-11,  Error =9.579947970905778e-06
Completed 91 % :  mod = 1.4422395264593174e-10,  Error =9.68870904216601e-06
Completed 92 % :  mod = 3.5317583927613796e-10,  Error =9.76885853276599e-06
Completed 93 % :  mod = 1.8766791318316618e-10,  Error =9.841684253331096e-06
Completed 94 % :  mod = 1.0374843585869695e-10,  Error =9.94625568750962e-06
Completed 95 % :  mod = 1.1093967584125647e-10,  Error =1.0063757386546968e-05
Completed 96 % :  mod = 1.6220792302492675e-10,  Error =1.0175706272264051e-05
Completed 97 % :  mod = 2.76640523460415e-10,  Error =1.025687731726066e-05
Completed 98 % :  mod = 2.180512689181596e-10,  Error =1.0331369608707064e-05
Completed 99 % :  mod = 1.0960383794472187e-10,  Error =1.0438087734598867e-05
Completed 100 % :  mod = 9.05274874631605e-11,  Error =1.055519870618582e-05
Finished 128/201 frames
Finished all frames!
