/opt/local/miniconda_23_9/lib/python3.11/site-packages/conda/base/context.py:201: FutureWarning: Adding 'defaults' to channel list implicitly is deprecated and will be removed in 25.3. 

To remove this warning, please choose a default channel explicitly with conda's regular configuration system, e.g. by adding 'defaults' to the list of channels:

  conda config --add channels defaults

For more information see https://docs.conda.io/projects/conda/en/stable/user-guide/configuration/use-condarc.html

  deprecated.topic(
JOB 13458 ARRAY_ID 104  -> i=104 ; range=[1.9e-10, 6.0e-10] ; intervals=200 (frames=201)
Density options: centers='2.0e-10,4.0e-10' width='5e-11,5e-11' strength=''
Completed 0 % :  mod = 2.9797600370122896e-16,  Error =-1.4210854715202004e-14
Completed 1 % :  mod = 4.359584103084221e-16,  Error =9.447952464824994e-08
Completed 2 % :  mod = 9.77695414762318e-16,  Error =1.8895865139256784e-07
Completed 3 % :  mod = 2.424906452849595e-15,  Error =2.834377568206037e-07
Completed 4 % :  mod = 6.117898547516058e-15,  Error =3.77916812510648e-07
Completed 5 % :  mod = 1.5476866202770268e-14,  Error =4.7239588241154706e-07
Completed 6 % :  mod = 3.916943957392254e-14,  Error =5.668753786380876e-07
Completed 7 % :  mod = 9.913804441167442e-14,  Error =6.61354356168431e-07
Completed 8 % :  mod = 2.5092144251844816e-13,  Error =7.558330352708253e-07
Completed 9 % :  mod = 6.350905640828487e-13,  Error =8.503123041236904e-07
Completed 10 % :  mod = 1.607430117729396e-12,  Error =9.447912319160423e-07
Completed 11 % :  mod = 4.068352808116423e-12,  Error =1.0392639140377469e-06
Completed 12 % :  mod = 1.0295355437468367e-11,  Error =1.1336995200394995e-06
Completed 13 % :  mod = 2.6028838893785584e-11,  Error =1.2279091592404257e-06
Completed 14 % :  mod = 6.540583826934725e-11,  Error =1.3206970308488053e-06
Completed 15 % :  mod = 1.576791431433458e-10,  Error =1.4055686605729534e-06
Completed 16 % :  mod = 2.8372382927267315e-10,  Error =1.4656466049700612e-06
Completed 17 % :  mod = 1.785248665523745e-10,  Error =1.5204205610075405e-06
Completed 18 % :  mod = 8.338141617632008e-11,  Error =1.6020622908285986e-06
Completed 19 % :  mod = 3.444811580024854e-11,  Error =1.693876718888987e-06
Completed 20 % :  mod = 2.3547488997279846e-11,  Error =1.7876645941328206e-06
Completed 21 % :  mod = 3.616248778225923e-11,  Error =1.8814746098883006e-06
Completed 22 % :  mod = 7.508821427346701e-11,  Error =1.9735441938451004e-06
Completed 23 % :  mod = 1.7170524047188215e-10,  Error =2.0558624527211578e-06
Completed 24 % :  mod = 2.967304463317276e-10,  Error =2.1125122557918985e-06
Completed 25 % :  mod = 1.554686676823168e-10,  Error =2.1701754988612265e-06
Completed 26 % :  mod = 7.809912620417717e-11,  Error =2.253532528584401e-06
Completed 27 % :  mod = 4.240498070625325e-11,  Error =2.3453826472064065e-06
Completed 28 % :  mod = 4.08160606074955e-11,  Error =2.4385067973753394e-06
Completed 28 % :  mod = 8.396659016100469e-11,  Error =2.5297687216152553e-06
Completed 30 % :  mod = 1.9682489223331715e-10,  Error =2.6103900978569072e-06
Completed 31 % :  mod = 2.688129604213571e-10,  Error =2.6654195508513112e-06
Completed 32 % :  mod = 1.5301211057379282e-10,  Error =2.726126133723028e-06
Completed 33 % :  mod = 7.35594579741355e-11,  Error =2.811138458014284e-06
Completed 34 % :  mod = 3.7652136369383925e-11,  Error =2.903286734579069e-06
Completed 35 % :  mod = 4.2972931856720034e-11,  Error =2.9964151266881345e-06
Completed 36 % :  mod = 9.616905593934146e-11,  Error =3.0873018772581418e-06
Completed 37 % :  mod = 1.89122717542931e-10,  Error =3.166616089345098e-06
Completed 38 % :  mod = 2.795421337850379e-10,  Error =3.2188920116027475e-06
Completed 39 % :  mod = 1.4995651031253203e-10,  Error =3.281943534716447e-06
Completed 40 % :  mod = 5.994371869653399e-11,  Error =3.3678088513511284e-06
Completed 41 % :  mod = 2.963894431553479e-11,  Error =3.4606281218430013e-06
Completed 42 % :  mod = 2.324027828317239e-11,  Error =3.554583798859312e-06
Completed 43 % :  mod = 3.626549647382969e-11,  Error =3.6483653502727975e-06
Completed 44 % :  mod = 8.618294218194971e-11,  Error =3.73984388346571e-06
Completed 45 % :  mod = 1.973009554698377e-10,  Error =3.819762824264217e-06
Completed 46 % :  mod = 2.757047918988631e-10,  Error =3.873173028523524e-06
Completed 47 % :  mod = 1.4457423508673257e-10,  Error =3.935544789612777e-06
Completed 48 % :  mod = 6.351069945594536e-11,  Error =4.021683210453375e-06
Completed 49 % :  mod = 2.5868147869975868e-11,  Error =4.114617006223398e-06
Completed 50 % :  mod = 1.4102020191000952e-11,  Error =4.2087659153366985e-06
Completed 51 % :  mod = 1.7504487852493997e-11,  Error =4.303047923315262e-06
Completed 52 % :  mod = 3.571663032640499e-11,  Error =4.3969780847419315e-06
Completed 53 % :  mod = 8.390186140315206e-11,  Error =4.488539055103047e-06
Completed 54 % :  mod = 2.0148470649816562e-10,  Error =4.568025993023639e-06
Completed 55 % :  mod = 2.7897136578303905e-10,  Error =4.621466530352336e-06
Completed 56 % :  mod = 1.3799409538982148e-10,  Error =4.684054005110738e-06
Completed 56 % :  mod = 6.605904880576852e-11,  Error =4.770294346201354e-06
Completed 57 % :  mod = 3.08827159312329e-11,  Error =4.863046939362903e-06
Completed 59 % :  mod = 2.5085178520599672e-11,  Error =4.95688689028384e-06
Completed 60 % :  mod = 4.927881636967601e-11,  Error =5.050255296623618e-06
Completed 61 % :  mod = 1.1292153034474101e-10,  Error =5.139811392496085e-06
Completed 62 % :  mod = 2.271562269474553e-10,  Error =5.212310526303554e-06
Completed 63 % :  mod = 2.6260545979492003e-10,  Error =5.262654781290621e-06
Completed 64 % :  mod = 1.156921418352965e-10,  Error =5.3330999776335375e-06
Completed 65 % :  mod = 5.533270236327009e-11,  Error =5.421239052338933e-06
Completed 66 % :  mod = 5.4658576223794956e-11,  Error =5.51343026700124e-06
Completed 67 % :  mod = 8.632450993685324e-11,  Error =5.6044457323878305e-06
Completed 68 % :  mod = 1.6431708103161616e-10,  Error =5.685758196705137e-06
Completed 69 % :  mod = 3.037113385606177e-10,  Error =5.7413960945496e-06
Completed 70 % :  mod = 1.5721510860843947e-10,  Error =5.799863821209783e-06
Completed 71 % :  mod = 7.604517049330141e-11,  Error =5.882752191155305e-06
Completed 72 % :  mod = 5.35873266193448e-11,  Error =5.9742005262819475e-06
Completed 73 % :  mod = 5.844963324110793e-11,  Error =6.066445457975078e-06
Completed 74 % :  mod = 1.1375874189554786e-10,  Error =6.154365799204697e-06
Completed 75 % :  mod = 2.700291950664083e-10,  Error =6.2234245206127525e-06
Completed 76 % :  mod = 2.2608450245430608e-10,  Error =6.274477989620664e-06
Completed 77 % :  mod = 1.0430969360206405e-10,  Error =6.348019709889741e-06
Completed 78 % :  mod = 4.9349449052955406e-11,  Error =6.437979493512103e-06
Completed 79 % :  mod = 2.478559262964974e-11,  Error =6.5314070738509145e-06
Completed 80 % :  mod = 3.0236104485368455e-11,  Error =6.625230334122989e-06
Completed 81 % :  mod = 7.007851659543922e-11,  Error =6.7178184082195e-06
Completed 82 % :  mod = 1.4923374360092165e-10,  Error =6.803271986655091e-06
Completed 83 % :  mod = 2.745972860365835e-10,  Error =6.864345380108716e-06
Completed 84 % :  mod = 1.9474815864539253e-10,  Error =6.9188563927014e-06
Completed 85 % :  mod = 8.159651599133915e-11,  Error =6.999518340933264e-06
Completed 86 % :  mod = 3.690278984817975e-11,  Error =7.091107931955776e-06
Completed 87 % :  mod = 2.7983590559740307e-11,  Error =7.184802690574088e-06
Completed 88 % :  mod = 3.8912937744127395e-11,  Error =7.278453544756758e-06
Completed 89 % :  mod = 8.158136866481949e-11,  Error =7.369828857406446e-06
Completed 90 % :  mod = 2.0415769838479434e-10,  Error =7.449021232730502e-06
Completed 91 % :  mod = 2.822023292915781e-10,  Error =7.503187774204889e-06
Completed 92 % :  mod = 1.3661064872141153e-10,  Error =7.565056456826369e-06
Completed 93 % :  mod = 7.42221693080468e-11,  Error =7.650558501381965e-06
Completed 94 % :  mod = 4.707702647057171e-11,  Error =7.742412215350214e-06
Completed 95 % :  mod = 6.082888294224087e-11,  Error =7.834471070111704e-06
Completed 96 % :  mod = 1.437923742783448e-10,  Error =7.920706522668297e-06
Completed 97 % :  mod = 2.72110679624778e-10,  Error =7.98664783019376e-06
Completed 98 % :  mod = 2.002348432007095e-10,  Error =8.037118639947494e-06
Completed 99 % :  mod = 1.0965262087855578e-10,  Error =8.113585565183712e-06
Completed 100 % :  mod = 5.2633901640987737e-11,  Error =8.203316681942852e-06
Finished 105/201 frames
Finished all frames!
