/opt/local/miniconda_23_9/lib/python3.11/site-packages/conda/base/context.py:201: FutureWarning: Adding 'defaults' to channel list implicitly is deprecated and will be removed in 25.3. 

To remove this warning, please choose a default channel explicitly with conda's regular configuration system, e.g. by adding 'defaults' to the list of channels:

  conda config --add channels defaults

For more information see https://docs.conda.io/projects/conda/en/stable/user-guide/configuration/use-condarc.html

  deprecated.topic(
JOB 13986 ARRAY_ID 115  -> i=115 ; range=[1.9e-10, 5.0e-10] ; intervals=200 (frames=201)
Analytic t0 extension enabled (--extend-time-using-t0).
Density options: centers='2.0e-10,4.0e-10' width='2.0e-11,5.0e-11' strength='7.0'
Completed 0 % :  mod = 3.1187755702842753e-16,  Error =-1.4210854715202004e-14
Completed 1 % :  mod = 4.71986140085824e-16,  Error =1.1338239858105226e-07
Completed 2 % :  mod = 1.1167017683974558e-15,  Error =2.2676542954513934e-07
Completed 3 % :  mod = 2.907979800713207e-15,  Error =3.4014814076499533e-07
Completed 4 % :  mod = 7.684997067964496e-15,  Error =4.5353110067480884e-07
Completed 5 % :  mod = 2.0352508403570422e-14,  Error =5.6691355609928e-07
Completed 6 % :  mod = 5.391675462645669e-14,  Error =6.80295613619819e-07
Completed 7 % :  mod = 1.4283948764908187e-13,  Error =7.936779695683072e-07
Completed 8 % :  mod = 3.784211729956123e-13,  Error =9.07061611599147e-07
Completed 9 % :  mod = 1.0025417482163838e-12,  Error =1.0204437330685323e-06
Completed 10 % :  mod = 2.6559882423145e-12,  Error =1.1338230549995387e-06
Completed 11 % :  mod = 7.0360007959851246e-12,  Error =1.2471844286210398e-06
Completed 12 % :  mod = 1.8631904904414704e-11,  Error =1.3604210451489962e-06
Completed 13 % :  mod = 4.920365173589985e-11,  Error =1.4727855912610721e-06
Completed 14 % :  mod = 1.2733268819806976e-10,  Error =1.5794985301909037e-06
Completed 15 % :  mod = 2.7831941614836813e-10,  Error =1.6613676407928324e-06
Completed 16 % :  mod = 2.34015395558579e-10,  Error =1.7213571723573295e-06
Completed 17 % :  mod = 1.0050227357532793e-10,  Error =1.8136865520546053e-06
Completed 18 % :  mod = 4.089232880605442e-11,  Error =1.9227034115942843e-06
Completed 19 % :  mod = 3.260718192374314e-11,  Error =2.0349084479676094e-06
Completed 20 % :  mod = 5.523822853916469e-11,  Error =2.14678463095197e-06
Completed 21 % :  mod = 1.156271302411101e-10,  Error =2.253693217824093e-06
Completed 22 % :  mod = 2.7625583960179113e-10,  Error =2.336592693552575e-06
Completed 23 % :  mod = 2.4971077317161393e-10,  Error =2.39760050391169e-06
Completed 24 % :  mod = 9.678807215317421e-11,  Error =2.488187540450326e-06
Completed 25 % :  mod = 4.547802006902202e-11,  Error =2.59687732295788e-06
Completed 26 % :  mod = 3.8249590311594884e-11,  Error =2.708847809174131e-06
Completed 27 % :  mod = 6.189963608155674e-11,  Error =2.820194929142872e-06
Completed 28 % :  mod = 1.396193524457674e-10,  Error =2.924377234592157e-06
Completed 28 % :  mod = 3.107528415941301e-10,  Error =3.0005230655660853e-06
Completed 30 % :  mod = 1.9923795035058002e-10,  Error =3.0628801681586992e-06
Completed 31 % :  mod = 8.854858254052721e-11,  Error =3.1589780462581984e-06
Completed 32 % :  mod = 3.636032503517417e-11,  Error =3.2691250595462407e-06
Completed 33 % :  mod = 2.1786649529139794e-11,  Error =3.381790087075842e-06
Completed 34 % :  mod = 3.077535102807966e-11,  Error =3.4945912190664785e-06
Completed 35 % :  mod = 7.176457838505703e-11,  Error =3.6057797032640337e-06
Completed 36 % :  mod = 1.6524755571079701e-10,  Error =3.707075578063268e-06
Completed 37 % :  mod = 3.1666595551778185e-10,  Error =3.7759963120720386e-06
Completed 38 % :  mod = 1.6946531882525554e-10,  Error =3.844206105441117e-06
Completed 39 % :  mod = 7.326065753576749e-11,  Error =3.945062829302515e-06
Completed 40 % :  mod = 2.96539062057265e-11,  Error =4.056226948989661e-06
Completed 41 % :  mod = 1.8267476611065146e-11,  Error =4.1691028798140906e-06
Completed 42 % :  mod = 2.820164176454099e-11,  Error =4.2820315471203685e-06
Completed 43 % :  mod = 6.562516128559734e-11,  Error =4.393603376229294e-06
Completed 44 % :  mod = 1.522116659699491e-10,  Error =4.4967092733827485e-06
Completed 45 % :  mod = 3.109937093554808e-10,  Error =4.5690211010196435e-06
Completed 46 % :  mod = 1.854433482368772e-10,  Error =4.634470400333157e-06
Completed 47 % :  mod = 7.913298813335248e-11,  Error =4.733494186837106e-06
Completed 48 % :  mod = 3.0239888656227535e-11,  Error =4.8443650371154945e-06
Completed 49 % :  mod = 1.4479833897992894e-11,  Error =4.957299417185368e-06
Completed 50 % :  mod = 1.5416644732300655e-11,  Error =5.07048971343238e-06
Completed 51 % :  mod = 3.166172276026798e-11,  Error =5.183409570008735e-06
Completed 52 % :  mod = 7.662248887161668e-11,  Error =5.294185868365275e-06
Completed 53 % :  mod = 1.9791451926964177e-10,  Error =5.392388295888395e-06
Completed 54 % :  mod = 3.067130625242489e-10,  Error =5.457948034859328e-06
Completed 55 % :  mod = 1.4445054629130545e-10,  Error =5.530797878350313e-06
Completed 56 % :  mod = 7.234414334480016e-11,  Error =5.634008140020796e-06
Completed 56 % :  mod = 4.029565906683197e-11,  Error =5.744982750854888e-06
Completed 57 % :  mod = 4.6827491195895976e-11,  Error =5.856662056658024e-06
Completed 59 % :  mod = 1.1760139740953793e-10,  Error =5.964178789952257e-06
Completed 60 % :  mod = 2.572363186206006e-10,  Error =6.0518733775438704e-06
Completed 61 % :  mod = 2.5280955744640813e-10,  Error =6.110203521814128e-06
Completed 62 % :  mod = 1.207724231955927e-10,  Error =6.197059363444168e-06
Completed 63 % :  mod = 4.443578492208356e-11,  Error =6.304791718036995e-06
Completed 64 % :  mod = 2.4532128729578992e-11,  Error =6.417060141927777e-06
Completed 65 % :  mod = 3.194585677715176e-11,  Error =6.5298042244421595e-06
Completed 66 % :  mod = 6.368341401672053e-11,  Error =6.6412898362955275e-06
Completed 67 % :  mod = 1.5416225079844023e-10,  Error =6.744219291476838e-06
Completed 68 % :  mod = 3.1533951641723964e-10,  Error =6.817245996160182e-06
Completed 69 % :  mod = 1.8038964962574082e-10,  Error =6.881586358531422e-06
Completed 70 % :  mod = 8.663016931783322e-11,  Error =6.979865133871499e-06
Completed 71 % :  mod = 4.052304666601248e-11,  Error =7.090088978145559e-06
Completed 72 % :  mod = 3.5019482854928073e-11,  Error =7.202237881642759e-06
Completed 73 % :  mod = 7.464747425725723e-11,  Error =7.3129776723135365e-06
Completed 74 % :  mod = 1.7923854630057372e-10,  Error =7.413829159474972e-06
Completed 75 % :  mod = 2.934331106708045e-10,  Error =7.483019089704612e-06
Completed 76 % :  mod = 1.742017057774735e-10,  Error =7.552078137962326e-06
Completed 77 % :  mod = 7.873176533451587e-11,  Error =7.653011387276365e-06
Completed 78 % :  mod = 3.8210054227426493e-11,  Error =7.763538974359108e-06
Completed 79 % :  mod = 4.7877161988451935e-11,  Error =7.875220902064939e-06
Completed 80 % :  mod = 1.1507082794891476e-10,  Error =7.983399918032319e-06
Completed 81 % :  mod = 2.2592247097791828e-10,  Error =8.073807904906971e-06
Completed 82 % :  mod = 2.80260374880834e-10,  Error =8.132391869253297e-06
Completed 83 % :  mod = 1.317220963778499e-10,  Error =8.2156842609038e-06
Completed 84 % :  mod = 5.521576214475512e-11,  Error =8.321411286260627e-06
Completed 85 % :  mod = 5.246683651356101e-11,  Error =8.432245799383509e-06
Completed 86 % :  mod = 9.744075121155992e-11,  Error =8.541402458206449e-06
Completed 87 % :  mod = 1.8622951487043529e-10,  Error =8.637550806156469e-06
Completed 88 % :  mod = 3.1352996946237554e-10,  Error =8.69989054308462e-06
Completed 89 % :  mod = 1.5095465808387195e-10,  Error =8.775130410754173e-06
Completed 90 % :  mod = 6.391455711505033e-11,  Error =8.878156236846735e-06
Completed 91 % :  mod = 4.752575859996628e-11,  Error =8.988954931510307e-06
Completed 92 % :  mod = 6.603832407339868e-11,  Error =9.099874446860667e-06
Completed 93 % :  mod = 1.3202447868722055e-10,  Error =9.204175647425927e-06
Completed 94 % :  mod = 3.081569189396366e-10,  Error =9.28045476200623e-06
Completed 95 % :  mod = 2.099426441679415e-10,  Error =9.34360082993635e-06
Completed 96 % :  mod = 8.459424496904877e-11,  Error =9.439260729493526e-06
Completed 97 % :  mod = 3.4717624227829615e-11,  Error =9.549543278808414e-06
Completed 98 % :  mod = 1.50335819671171e-11,  Error =9.662382339570286e-06
Completed 99 % :  mod = 1.462739632456489e-11,  Error =9.775570788406185e-06
Completed 100 % :  mod = 2.929123115996996e-11,  Error =9.888563127447014e-06
Finished 116/201 frames
Finished all frames!
