/opt/local/miniconda_23_9/lib/python3.11/site-packages/conda/base/context.py:201: FutureWarning: Adding 'defaults' to channel list implicitly is deprecated and will be removed in 25.3. 

To remove this warning, please choose a default channel explicitly with conda's regular configuration system, e.g. by adding 'defaults' to the list of channels:

  conda config --add channels defaults

For more information see https://docs.conda.io/projects/conda/en/stable/user-guide/configuration/use-condarc.html

  deprecated.topic(
JOB 13514 ARRAY_ID 160  -> i=160 ; range=[1.9e-10, 6.0e-10] ; intervals=200 (frames=201)
Density options: centers='2.0e-10,4.0e-10' width='5e-11,5e-11' strength=''
Completed 0 % :  mod = 3.5423209569757615e-16,  Error =-1.4210854715202004e-14
Completed 1 % :  mod = 5.918931038945784e-16,  Error =1.8869547346866966e-07
Completed 2 % :  mod = 1.6237786540747032e-15,  Error =3.773906982473818e-07
Completed 3 % :  mod = 4.834511810752028e-15,  Error =5.660862782974618e-07
Completed 4 % :  mod = 1.4532375805614238e-14,  Error =7.547819294018154e-07
Completed 5 % :  mod = 4.373033147505477e-14,  Error =9.43477878934118e-07
Completed 6 % :  mod = 1.3160729980663132e-13,  Error =1.1321729829205651e-06
Completed 7 % :  mod = 3.960798916194152e-13,  Error =1.3208681650667131e-06
Completed 8 % :  mod = 1.1920265548482927e-12,  Error =1.5095631908934593e-06
Completed 9 % :  mod = 3.587454349035452e-12,  Error =1.6982516086727628e-06
Completed 10 % :  mod = 1.0795975436800025e-11,  Error =1.8868895352852633e-06
Completed 11 % :  mod = 3.2472045796749985e-11,  Error =2.0750591716023337e-06
Completed 12 % :  mod = 9.717620169204044e-11,  Error =2.2591322164089433e-06
Completed 13 % :  mod = 2.7237079685608296e-10,  Error =2.414812641404751e-06
Completed 14 % :  mod = 3.3845015176011704e-10,  Error =2.511361238077825e-06
Completed 15 % :  mod = 1.1664084486075734e-10,  Error =2.655582314048388e-06
Completed 16 % :  mod = 5.571904660952253e-11,  Error =2.8353219079235714e-06
Completed 17 % :  mod = 8.487919171023979e-11,  Error =3.0189639232958143e-06
Completed 18 % :  mod = 1.9830677575832674e-10,  Error =3.189244253576362e-06
Completed 19 % :  mod = 3.541426227062698e-10,  Error =3.302740879007615e-06
Completed 20 % :  mod = 1.6867061431073288e-10,  Error =3.4223335774186125e-06
Completed 21 % :  mod = 8.085288136944909e-11,  Error =3.595711909554211e-06
Completed 22 % :  mod = 6.452366668443285e-11,  Error =3.7793552607467973e-06
Completed 23 % :  mod = 1.2900216096491898e-10,  Error =3.956779366376395e-06
Completed 24 % :  mod = 3.7354052729764087e-10,  Error =4.090065679918098e-06
Completed 25 % :  mod = 2.3512011457397966e-10,  Error =4.190920527946673e-06
Completed 26 % :  mod = 8.23242421289666e-11,  Error =4.3541271139702076e-06
Completed 27 % :  mod = 2.784186871917631e-11,  Error =4.53940953093479e-06
Completed 28 % :  mod = 1.2224948314145436e-11,  Error =4.7276817696229045e-06
Completed 28 % :  mod = 8.715824459751963e-12,  Error =4.916282996703103e-06
Completed 30 % :  mod = 1.4973675133361506e-11,  Error =5.104817546452978e-06
Completed 31 % :  mod = 4.478012839240683e-11,  Error =5.29243270364077e-06
Completed 32 % :  mod = 1.3868816366128413e-10,  Error =5.472137331707927e-06
Completed 33 % :  mod = 3.4629494996716256e-10,  Error =5.608023919023708e-06
Completed 34 % :  mod = 2.353829496436092e-10,  Error =5.706737496780079e-06
Completed 35 % :  mod = 1.0433546843912865e-10,  Error =5.868797593677755e-06
Completed 36 % :  mod = 5.4219715744070485e-11,  Error =6.051298313991538e-06
Completed 37 % :  mod = 9.145220543401777e-11,  Error =6.233404860722658e-06
Completed 38 % :  mod = 2.8655704846857475e-10,  Error =6.3898370967763185e-06
Completed 39 % :  mod = 3.373060090784858e-10,  Error =6.4917110762507946e-06
Completed 40 % :  mod = 1.1176274536157829e-10,  Error =6.631772045295747e-06
Completed 41 % :  mod = 7.030654141222368e-11,  Error =6.8107350870150185e-06
Completed 42 % :  mod = 9.939684881993537e-11,  Error =6.993081626660569e-06
Completed 43 % :  mod = 1.947551369625834e-10,  Error =7.158898149839388e-06
Completed 44 % :  mod = 3.788780353796925e-10,  Error =7.261390962298719e-06
Completed 45 % :  mod = 1.5624050756670995e-10,  Error =7.3890157068490225e-06
Completed 46 % :  mod = 5.6376036155121e-11,  Error =7.565467875281229e-06
Completed 47 % :  mod = 3.465141585962861e-11,  Error =7.752022391116498e-06
Completed 48 % :  mod = 5.2343422133890835e-11,  Error =7.938813894270424e-06
Completed 49 % :  mod = 1.2893788283337012e-10,  Error =8.117935664131437e-06
Completed 50 % :  mod = 3.593601460671364e-10,  Error =8.25155431272151e-06
Completed 51 % :  mod = 2.384500369111182e-10,  Error =8.353208869493756e-06
Completed 52 % :  mod = 8.922085964622212e-11,  Error =8.517002498820148e-06
Completed 53 % :  mod = 3.484555369484526e-11,  Error =8.701606944327978e-06
Completed 54 % :  mod = 4.0705909077133756e-11,  Error =8.88859475622894e-06
Completed 55 % :  mod = 1.1285798848661475e-10,  Error =9.071412605976548e-06
Completed 56 % :  mod = 2.638987132400031e-10,  Error =9.225410678936896e-06
Completed 56 % :  mod = 3.3010969578790607e-10,  Error =9.319813131014598e-06
Completed 57 % :  mod = 1.3216409622033028e-10,  Error =9.46453662464819e-06
Completed 59 % :  mod = 6.445107002383617e-11,  Error =9.642274662269301e-06
Completed 60 % :  mod = 1.20882017221588e-10,  Error =9.821028939427379e-06
Completed 61 % :  mod = 3.143446228110373e-10,  Error =9.97033081517884e-06
Completed 62 % :  mod = 2.879309121955489e-10,  Error =1.0066104273676046e-05
Completed 63 % :  mod = 1.1081025343845687e-10,  Error =1.021607057083429e-05
Completed 64 % :  mod = 3.7921948797757924e-11,  Error =1.0398848822035234e-05
Completed 65 % :  mod = 1.8826792602814163e-11,  Error =1.058662388686571e-05
Completed 66 % :  mod = 2.826761316595423e-11,  Error =1.077475818789253e-05
Completed 67 % :  mod = 7.30726150697945e-11,  Error =1.0960870582721327e-05
Completed 68 % :  mod = 1.9187049289922678e-10,  Error =1.1131112515272434e-05
Completed 69 % :  mod = 3.913496592249262e-10,  Error =1.124025195053946e-05
Completed 70 % :  mod = 1.4876475543811972e-10,  Error =1.1361553042377182e-05
Completed 71 % :  mod = 6.786149318156724e-11,  Error =1.1536765065045529e-05
Completed 72 % :  mod = 4.76671616258095e-11,  Error =1.172245277558659e-05
Completed 73 % :  mod = 7.333652805009038e-11,  Error =1.190722756660989e-05
Completed 74 % :  mod = 2.1268533636112758e-10,  Error =1.2073675335955159e-05
Completed 75 % :  mod = 3.9949933469854576e-10,  Error =1.218250670120824e-05
Completed 76 % :  mod = 1.3995981890134887e-10,  Error =1.2304031571375162e-05
Completed 77 % :  mod = 9.45559517041064e-11,  Error =1.2474964854902737e-05
Completed 78 % :  mod = 1.610798683024659e-10,  Error =1.2649553447374728e-05
Completed 79 % :  mod = 2.761232076957814e-10,  Error =1.2795039552315757e-05
Completed 80 % :  mod = 2.6965258218645044e-10,  Error =1.2887231015668021e-05
Completed 81 % :  mod = 1.7016268499368595e-10,  Error =1.3034460828009742e-05
Completed 82 % :  mod = 1.1095911063807075e-10,  Error =1.3206553333589e-05
Completed 83 % :  mod = 1.7733842310751761e-10,  Error =1.33675759173002e-05
Completed 84 % :  mod = 4.2369892626814436e-10,  Error =1.3474940125490775e-05
Completed 85 % :  mod = 1.6545147282270412e-10,  Error =1.3593708835912821e-05
Completed 86 % :  mod = 9.467147242052174e-11,  Error =1.375823799776299e-05
Completed 87 % :  mod = 2.0387241763645534e-10,  Error =1.3926201084757395e-05
Completed 88 % :  mod = 3.3718556291673647e-10,  Error =1.4058499601787844e-05
Completed 89 % :  mod = 2.1296776837001468e-10,  Error =1.4155027081130811e-05
Completed 90 % :  mod = 1.5592816026438912e-10,  Error =1.4308172566757094e-05
Completed 91 % :  mod = 1.563200777691132e-10,  Error =1.44766586345213e-05
Completed 92 % :  mod = 2.499747821709836e-10,  Error =1.4619877326538244e-05
Completed 93 % :  mod = 2.9362559606960375e-10,  Error =1.471555565046856e-05
Completed 94 % :  mod = 2.0834683586432896e-10,  Error =1.4855688561965508e-05
Completed 95 % :  mod = 1.504510639580125e-10,  Error =1.5015619602820607e-05
Completed 96 % :  mod = 2.57269565118776e-10,  Error =1.5148806454590158e-05
Completed 97 % :  mod = 3.5552584480794367e-10,  Error =1.5256926268136795e-05
Completed 98 % :  mod = 1.4587343138169955e-10,  Error =1.5397919334247945e-05
Completed 99 % :  mod = 1.5739890637210619e-10,  Error =1.5549514820634158e-05
Completed 100 % :  mod = 3.916148914024009e-10,  Error =1.566336142388991e-05
Finished 161/201 frames
Finished all frames!
