/opt/local/miniconda_23_9/lib/python3.11/site-packages/conda/base/context.py:201: FutureWarning: Adding 'defaults' to channel list implicitly is deprecated and will be removed in 25.3. 

To remove this warning, please choose a default channel explicitly with conda's regular configuration system, e.g. by adding 'defaults' to the list of channels:

  conda config --add channels defaults

For more information see https://docs.conda.io/projects/conda/en/stable/user-guide/configuration/use-condarc.html

  deprecated.topic(
JOB 13936 ARRAY_ID 65  -> i=65 ; range=[1.9e-10, 5.0e-10] ; intervals=200 (frames=201)
Analytic t0 extension enabled (--extend-time-using-t0).
Density options: centers='2.0e-10,4.0e-10' width='2.0e-11,5.0e-11' strength='7.0'
Completed 0 % :  mod = 2.650032010252908e-16,  Error =-1.4210854715202004e-14
Completed 1 % :  mod = 3.5682100102925124e-16,  Error =5.910342082415809e-08
Completed 2 % :  mod = 6.9590010846834225e-16,  Error =1.1820682033203411e-07
Completed 3 % :  mod = 1.5172074884501081e-15,  Error =1.7731013457478184e-07
Completed 4 % :  mod = 3.3898731512379794e-15,  Error =2.3641402435714554e-07
Completed 5 % :  mod = 7.611572308823115e-15,  Error =2.9551786440151773e-07
Completed 6 % :  mod = 1.7107757425693688e-14,  Error =3.5462090863802587e-07
Completed 7 % :  mod = 3.845886844917906e-14,  Error =4.1372456394128676e-07
Completed 8 % :  mod = 8.64602880054661e-14,  Error =4.7282799897629957e-07
Completed 9 % :  mod = 1.9437487835784367e-13,  Error =5.319318105989623e-07
Completed 10 % :  mod = 4.369825186348285e-13,  Error =5.910348122029063e-07
Completed 11 % :  mod = 9.823973664758953e-13,  Error =6.501389435698002e-07
Completed 12 % :  mod = 2.2085418102031335e-12,  Error =7.092407940945122e-07
Completed 13 % :  mod = 4.964782506647126e-12,  Error =7.683361360477647e-07
Completed 14 % :  mod = 1.1157690995746206e-11,  Error =8.27397933278462e-07
Completed 15 % :  mod = 2.5040266424541283e-11,  Error =8.862870615189422e-07
Completed 16 % :  mod = 5.579717815543418e-11,  Error =9.443257269481364e-07
Completed 17 % :  mod = 1.1988126484313073e-10,  Error =9.985272058088412e-07
Completed 18 % :  mod = 2.1428987045617225e-10,  Error =1.0409275574829735e-06
Completed 19 % :  mod = 2.0127516779726925e-10,  Error =1.0739506919321684e-06
Completed 20 % :  mod = 1.0540583684631821e-10,  Error =1.1190845157216245e-06
Completed 21 % :  mod = 4.822643064962347e-11,  Error =1.174362211031621e-06
Completed 22 % :  mod = 2.3330073459142e-11,  Error =1.2326312770483128e-06
Completed 23 % :  mod = 1.2205070328182008e-11,  Error =1.2915369893562456e-06
Completed 24 % :  mod = 1.0029960641553056e-11,  Error =1.3505616607289994e-06
Completed 25 % :  mod = 1.5336047160224285e-11,  Error =1.409563893162158e-06
Completed 26 % :  mod = 3.039153601148653e-11,  Error =1.4683329609965767e-06
Completed 27 % :  mod = 6.485246754435582e-11,  Error =1.5259330936601145e-06
Completed 28 % :  mod = 1.408867170106008e-10,  Error =1.578458338258315e-06
Completed 28 % :  mod = 2.2469686634528824e-10,  Error =1.6178653581278013e-06
Completed 30 % :  mod = 1.7873917207723288e-10,  Error =1.6518720684643995e-06
Completed 31 % :  mod = 9.447902342919122e-11,  Error =1.699831173596067e-06
Completed 32 % :  mod = 4.2176862444746595e-11,  Error =1.7559627778496179e-06
Completed 33 % :  mod = 2.4120211219308084e-11,  Error =1.8143350857258156e-06
Completed 34 % :  mod = 2.077505643046401e-11,  Error =1.8731354884948814e-06
Completed 35 % :  mod = 2.9481203460228805e-11,  Error =1.9318385184874387e-06
Completed 36 % :  mod = 6.052633112970443e-11,  Error =1.9895997382946007e-06
Completed 37 % :  mod = 1.3012662450198847e-10,  Error =2.043170006515993e-06
Completed 38 % :  mod = 2.1166026185786802e-10,  Error =2.084592225060078e-06
Completed 39 % :  mod = 1.9755868387198478e-10,  Error =2.1178434153057424e-06
Completed 40 % :  mod = 1.03873692182625e-10,  Error =2.163841976710046e-06
Completed 41 % :  mod = 4.859672502123508e-11,  Error =2.2191396666926266e-06
Completed 42 % :  mod = 3.2553688519134484e-11,  Error =2.277174026232842e-06
Completed 43 % :  mod = 3.328930023712371e-11,  Error =2.3356423781706326e-06
Completed 44 % :  mod = 5.245053156264059e-11,  Error =2.3935204254144082e-06
Completed 45 % :  mod = 1.1592232117195502e-10,  Error =2.4480978524366037e-06
Completed 46 % :  mod = 2.0523164222150954e-10,  Error =2.4923690844502744e-06
Completed 47 % :  mod = 2.0396749566433178e-10,  Error =2.52508830556053e-06
Completed 48 % :  mod = 1.2225305249025557e-10,  Error =2.5683907480811285e-06
Completed 49 % :  mod = 5.471157855085579e-11,  Error =2.6226821603358985e-06
Completed 50 % :  mod = 2.997151412712963e-11,  Error =2.6805738855273376e-06
Completed 51 % :  mod = 2.5296288725195068e-11,  Error =2.7392130519388047e-06
Completed 52 % :  mod = 3.414271401984086e-11,  Error =2.79777297862438e-06
Completed 53 % :  mod = 6.599299363820977e-11,  Error =2.8551799360343466e-06
Completed 54 % :  mod = 1.4543787334349329e-10,  Error =2.9075035286041384e-06
Completed 55 % :  mod = 2.1961616693256325e-10,  Error =2.946998023389824e-06
Completed 56 % :  mod = 1.791892230645496e-10,  Error =2.9809814350301167e-06
Completed 56 % :  mod = 9.843080513828775e-11,  Error =3.0288170336234543e-06
Completed 57 % :  mod = 4.5718667405872463e-11,  Error =3.0846381733340422e-06
Completed 59 % :  mod = 3.4024819195919976e-11,  Error =3.1426776914145194e-06
Completed 60 % :  mod = 4.3971191802639896e-11,  Error =3.2008874129019205e-06
Completed 61 % :  mod = 7.278732974372798e-11,  Error =3.257791838962021e-06
Completed 62 % :  mod = 1.5180362411089618e-10,  Error =3.308690544656656e-06
Completed 63 % :  mod = 2.372720284038065e-10,  Error =3.3465432380808124e-06
Completed 64 % :  mod = 1.5804152102583564e-10,  Error =3.3815725615227166e-06
Completed 65 % :  mod = 9.303129255724416e-11,  Error =3.430614263777443e-06
Completed 66 % :  mod = 4.827328493380863e-11,  Error =3.4867678166961014e-06
Completed 67 % :  mod = 3.6322245484803016e-11,  Error =3.544691580259496e-06
Completed 68 % :  mod = 5.625606364562866e-11,  Error =3.6024252310085103e-06
Completed 69 % :  mod = 1.0688848739122323e-10,  Error =3.65759186138348e-06
Completed 70 % :  mod = 1.7974472458688935e-10,  Error =3.7034936184454637e-06
Completed 71 % :  mod = 2.316518296878115e-10,  Error =3.736998920089718e-06
Completed 72 % :  mod = 1.2782979029214846e-10,  Error =3.777989491027256e-06
Completed 73 % :  mod = 6.597011222453186e-11,  Error =3.830713602326341e-06
Completed 74 % :  mod = 4.93748835430095e-11,  Error =3.887758417420173e-06
Completed 75 % :  mod = 5.2098565061155503e-11,  Error =3.945366842117437e-06
Completed 76 % :  mod = 8.444897111209286e-11,  Error =4.001227601690971e-06
Completed 77 % :  mod = 1.8424926120529508e-10,  Error =4.049543235851161e-06
Completed 78 % :  mod = 2.2156749556513496e-10,  Error =4.085371280382333e-06
Completed 79 % :  mod = 1.4144906774450238e-10,  Error =4.12302643582052e-06
Completed 80 % :  mod = 8.782135120563128e-11,  Error =4.174161773562446e-06
Completed 81 % :  mod = 5.020762774123451e-11,  Error =4.2304752980726334e-06
Completed 82 % :  mod = 5.359725397094852e-11,  Error =4.287688668114242e-06
Completed 83 % :  mod = 1.0725175649604597e-10,  Error =4.342893923592328e-06
Completed 84 % :  mod = 1.739630252312247e-10,  Error =4.390476348703487e-06
Completed 85 % :  mod = 2.1724429714197765e-10,  Error =4.424445734230176e-06
Completed 86 % :  mod = 1.5288493417983735e-10,  Error =4.464005989746056e-06
Completed 87 % :  mod = 6.861690632669832e-11,  Error =4.5157221606473286e-06
Completed 88 % :  mod = 4.469671216316838e-11,  Error =4.572581289608024e-06
Completed 89 % :  mod = 5.026446598041109e-11,  Error =4.630369623725983e-06
Completed 90 % :  mod = 7.407089467039281e-11,  Error =4.6870907581819665e-06
Completed 91 % :  mod = 1.439042134002283e-10,  Error =4.738181416996667e-06
Completed 92 % :  mod = 2.4112843621347523e-10,  Error =4.776474206380499e-06
Completed 93 % :  mod = 1.61204159145523e-10,  Error =4.811260879478141e-06
Completed 94 % :  mod = 9.517624014299976e-11,  Error =4.859585814642742e-06
Completed 95 % :  mod = 5.3362494224085414e-11,  Error =4.915462916699198e-06
Completed 96 % :  mod = 3.959783050857173e-11,  Error =4.973187685664016e-06
Completed 97 % :  mod = 6.165141099850509e-11,  Error =5.030574946829347e-06
Completed 98 % :  mod = 1.2417322521524459e-10,  Error =5.084651405695695e-06
Completed 99 % :  mod = 1.918028023079992e-10,  Error =5.1282340720604225e-06
Completed 100 % :  mod = 2.1525367464563685e-10,  Error =5.161248957108455e-06
Finished 66/201 frames
Finished all frames!
