/opt/local/miniconda_23_9/lib/python3.11/site-packages/conda/base/context.py:201: FutureWarning: Adding 'defaults' to channel list implicitly is deprecated and will be removed in 25.3. 

To remove this warning, please choose a default channel explicitly with conda's regular configuration system, e.g. by adding 'defaults' to the list of channels:

  conda config --add channels defaults

For more information see https://docs.conda.io/projects/conda/en/stable/user-guide/configuration/use-condarc.html

  deprecated.topic(
JOB 13441 ARRAY_ID 87  -> i=87 ; range=[1.9e-10, 6.0e-10] ; intervals=200 (frames=201)
Density options: centers='2.0e-10,4.0e-10' width='5e-11,5e-11' strength=''
Completed 0 % :  mod = 2.774171499471394e-16,  Error =-1.4210854715202004e-14
Completed 1 % :  mod = 3.855889519330431e-16,  Error =7.098156373785969e-08
Completed 2 % :  mod = 7.944620617261384e-16,  Error =1.419630564214458e-07
Completed 3 % :  mod = 1.822895953369985e-15,  Error =2.129444496290489e-07
Completed 4 % :  mod = 4.272914174148135e-15,  Error =2.8392535256216433e-07
Completed 5 % :  mod = 1.0055162017198844e-14,  Error =3.5490685945660516e-07
Completed 6 % :  mod = 2.3678922090521787e-14,  Error =4.2588785476027624e-07
Completed 7 % :  mod = 5.576867547877472e-14,  Error =4.968689211182209e-07
Completed 8 % :  mod = 1.3134959335810886e-13,  Error =5.67849838262191e-07
Completed 9 % :  mod = 3.0936335104671237e-13,  Error =6.388311390992385e-07
Completed 10 % :  mod = 7.286330879497585e-13,  Error =7.098125465176963e-07
Completed 11 % :  mod = 1.7161157707725119e-12,  Error =7.807926323266656e-07
Completed 12 % :  mod = 4.041764631251178e-12,  Error =8.517679788155874e-07
Completed 13 % :  mod = 9.517477227249773e-12,  Error =9.22716537843371e-07
Completed 14 % :  mod = 2.2390509016190835e-11,  Error =9.935155347307045e-07
Completed 15 % :  mod = 5.2399616526066015e-11,  Error =1.0635019904725596e-06
Completed 16 % :  mod = 1.190351240905041e-10,  Error =1.129397816157507e-06
Completed 17 % :  mod = 2.2777608986630556e-10,  Error =1.1810105462473075e-06
Completed 18 % :  mod = 2.161201131196865e-10,  Error =1.219767312932163e-06
Completed 19 % :  mod = 1.0623929759600202e-10,  Error =1.2742564265977308e-06
Completed 20 % :  mod = 4.6430690658465636e-11,  Error =1.3410990291617964e-06
Completed 21 % :  mod = 2.3156105128507233e-11,  Error =1.4112252344489207e-06
Completed 22 % :  mod = 1.4738625048459e-11,  Error =1.4819676081856414e-06
Completed 23 % :  mod = 1.8037764708938554e-11,  Error =1.552761041523354e-06
Completed 24 % :  mod = 3.744621629073956e-11,  Error =1.6232061810228515e-06
Completed 25 % :  mod = 8.186884344386996e-11,  Error =1.6917409553229845e-06
Completed 26 % :  mod = 1.710622952342437e-10,  Error =1.7517214843110196e-06
Completed 27 % :  mod = 2.5818982580811975e-10,  Error =1.793641487779496e-06
Completed 28 % :  mod = 1.474143537041747e-10,  Error =1.838440127244212e-06
Completed 28 % :  mod = 7.300907496236716e-11,  Error =1.9008510747653418e-06
Completed 30 % :  mod = 3.529472798183478e-11,  Error =1.96986985656622e-06
Completed 31 % :  mod = 2.2441972051128605e-11,  Error =2.0402754330461903e-06
Completed 32 % :  mod = 2.995277925230365e-11,  Error =2.1107724279545437e-06
Completed 33 % :  mod = 6.171038749320441e-11,  Error =2.1803559633326586e-06
Completed 34 % :  mod = 1.2359408128805873e-10,  Error =2.245302120229553e-06
Completed 35 % :  mod = 2.3997075744813977e-10,  Error =2.2946537185930538e-06
Completed 36 % :  mod = 2.0619845554674355e-10,  Error =2.334391254521506e-06
Completed 37 % :  mod = 9.513029780134468e-11,  Error =2.3905540871282938e-06
Completed 38 % :  mod = 4.486484884519536e-11,  Error =2.458002228422629e-06
Completed 39 % :  mod = 2.2743129372397856e-11,  Error =2.528207232899149e-06
Completed 40 % :  mod = 1.7247066135770134e-11,  Error =2.5989158416450664e-06
Completed 41 % :  mod = 2.6427966881581756e-11,  Error =2.669562199741904e-06
Completed 42 % :  mod = 5.7207214099526174e-11,  Error =2.7393567805233943e-06
Completed 43 % :  mod = 1.1910523757445933e-10,  Error =2.8048835076788237e-06
Completed 44 % :  mod = 2.338407734996281e-10,  Error =2.8555182751688335e-06
Completed 45 % :  mod = 2.1344654067731277e-10,  Error =2.894815523291072e-06
Completed 46 % :  mod = 1.000988382915971e-10,  Error =2.9499299074586816e-06
Completed 47 % :  mod = 4.652400861562953e-11,  Error =3.0170351692504482e-06
Completed 48 % :  mod = 2.3477676740095796e-11,  Error =3.0871769496343404e-06
Completed 49 % :  mod = 1.7015909631774644e-11,  Error =3.1578815580246555e-06
Completed 50 % :  mod = 2.4629013374507485e-11,  Error =3.2285587678870797e-06
Completed 51 % :  mod = 5.312495820335253e-11,  Error =3.298510200977489e-06
Completed 52 % :  mod = 1.1128763048522707e-10,  Error =3.364763415447669e-06
Completed 53 % :  mod = 2.2321650214736366e-10,  Error =3.417269354599739e-06
Completed 54 % :  mod = 2.260699092063191e-10,  Error =3.4563714237378917e-06
Completed 55 % :  mod = 1.0714271778274043e-10,  Error =3.509622722219774e-06
Completed 56 % :  mod = 5.164291674067152e-11,  Error =3.576015842554625e-06
Completed 56 % :  mod = 2.8682055101930057e-11,  Error =3.6459113061937387e-06
Completed 57 % :  mod = 2.468310089068763e-11,  Error =3.7164172681514174e-06
Completed 59 % :  mod = 4.108711899035658e-11,  Error =3.7866210433890046e-06
Completed 60 % :  mod = 9.323905129143665e-11,  Error =3.854584903706382e-06
Completed 61 % :  mod = 1.7860973183318134e-10,  Error =3.913202199612442e-06
Completed 62 % :  mod = 2.51317829616922e-10,  Error =3.953528633360293e-06
Completed 63 % :  mod = 1.4426078795084292e-10,  Error =4.000381416346954e-06
Completed 64 % :  mod = 6.427724436451481e-11,  Error =4.06377367312416e-06
Completed 65 % :  mod = 3.1973387155293044e-11,  Error =4.1331159366109205e-06
Completed 66 % :  mod = 1.951536801580475e-11,  Error =4.2036541358925206e-06
Completed 67 % :  mod = 2.2737865839403207e-11,  Error =4.274324496122972e-06
Completed 68 % :  mod = 4.5916654555548796e-11,  Error =4.344492772645481e-06
Completed 69 % :  mod = 9.854680341789121e-11,  Error =4.411922077451891e-06
Completed 70 % :  mod = 1.9598095433008068e-10,  Error =4.468156227233067e-06
Completed 71 % :  mod = 2.4839133974159186e-10,  Error =4.507678141862925e-06
Completed 72 % :  mod = 1.2554192898566717e-10,  Error =4.556893003382356e-06
Completed 73 % :  mod = 6.199406807960668e-11,  Error =4.621443174812612e-06
Completed 74 % :  mod = 3.7383258107537704e-11,  Error =4.690778780513938e-06
Completed 75 % :  mod = 3.48043827626055e-11,  Error =4.760903266287642e-06
Completed 76 % :  mod = 5.999731624154602e-11,  Error =4.830229379138018e-06
Completed 77 % :  mod = 1.3887756169591426e-10,  Error =4.894758461659876e-06
Completed 78 % :  mod = 2.263493427421087e-10,  Error =4.944570648035551e-06
Completed 79 % :  mod = 2.0228043831612812e-10,  Error =4.9835197515335494e-06
Completed 80 % :  mod = 1.1043039030103634e-10,  Error =5.0394762283190175e-06
Completed 81 % :  mod = 5.136171033556813e-11,  Error =5.106005318111784e-06
Completed 82 % :  mod = 4.515974520198239e-11,  Error =5.175271120094749e-06
Completed 83 % :  mod = 7.455230898999972e-11,  Error =5.243990464975923e-06
Completed 84 % :  mod = 1.2904147742723894e-10,  Error =5.307804215703982e-06
Completed 85 % :  mod = 2.411143960615174e-10,  Error =5.355446958787979e-06
Completed 86 % :  mod = 2.0417291985263313e-10,  Error =5.3963552915092805e-06
Completed 87 % :  mod = 8.98165551462853e-11,  Error =5.453249606546251e-06
Completed 88 % :  mod = 4.988653892196447e-11,  Error =5.520577261108883e-06
Completed 89 % :  mod = 4.0526101244523694e-11,  Error =5.590253167042647e-06
Completed 90 % :  mod = 5.3299136719440575e-11,  Error =5.659746442177038e-06
Completed 91 % :  mod = 1.1026175084270693e-10,  Error =5.725848836846126e-06
Completed 92 % :  mod = 2.2548740854924665e-10,  Error =5.7795884629285865e-06
Completed 93 % :  mod = 2.1624023260747394e-10,  Error =5.8184186002563365e-06
Completed 94 % :  mod = 1.2026910527236978e-10,  Error =5.8704589562808e-06
Completed 95 % :  mod = 5.604929814968456e-11,  Error =5.9363241931009725e-06
Completed 96 % :  mod = 2.7708019458286107e-11,  Error =6.006088483445637e-06
Completed 97 % :  mod = 2.460767983349349e-11,  Error =6.076580760350225e-06
Completed 98 % :  mod = 4.2105934635628656e-11,  Error =6.146824780728366e-06
Completed 99 % :  mod = 8.21145174317833e-11,  Error =6.215065745607262e-06
Completed 100 % :  mod = 1.825047097072516e-10,  Error =6.274207258627484e-06
Finished 88/201 frames
Finished all frames!
