/opt/local/miniconda_23_9/lib/python3.11/site-packages/conda/base/context.py:201: FutureWarning: Adding 'defaults' to channel list implicitly is deprecated and will be removed in 25.3. 

To remove this warning, please choose a default channel explicitly with conda's regular configuration system, e.g. by adding 'defaults' to the list of channels:

  conda config --add channels defaults

For more information see https://docs.conda.io/projects/conda/en/stable/user-guide/configuration/use-condarc.html

  deprecated.topic(
JOB 14063 ARRAY_ID 192  -> i=192 ; range=[1.9e-10, 5.0e-10] ; intervals=200 (frames=201)
Analytic t0 extension enabled (--extend-time-using-t0).
Density options: centers='2.0e-10,4.0e-10' width='2.0e-11,5.0e-11' strength='7.0'
Completed 0 % :  mod = 3.8180755924886896e-16,  Error =-1.4210854715202004e-14
Completed 1 % :  mod = 6.784793902916774e-16,  Error =2.5467638664622427e-07
Completed 2 % :  mod = 2.029534347717152e-15,  Error =5.093522403853967e-07
Completed 3 % :  mod = 6.534563970615029e-15,  Error =7.640281651788428e-07
Completed 4 % :  mod = 2.1194558131091752e-14,  Error =1.0187039265474596e-06
Completed 5 % :  mod = 6.87917137153298e-14,  Error =1.2733803202991112e-06
Completed 6 % :  mod = 2.232938464465098e-13,  Error =1.5280564298336685e-06
Completed 7 % :  mod = 7.248031579281002e-13,  Error =1.7827322409402768e-06
Completed 8 % :  mod = 2.3526816855980914e-12,  Error =2.0374035472059404e-06
Completed 9 % :  mod = 7.636619157353617e-12,  Error =2.2920476396848244e-06
Completed 10 % :  mod = 2.4784730348886553e-11,  Error =2.5463847492801506e-06
Completed 11 % :  mod = 8.032145816035722e-11,  Error =2.7975494560905645e-06
Completed 12 % :  mod = 2.5312430830268486e-10,  Error =3.020915833928939e-06
Completed 13 % :  mod = 4.1711904347475225e-10,  Error =3.1558384989693877e-06
Completed 14 % :  mod = 1.2526434908584133e-10,  Error =3.3403307213575317e-06
Completed 15 % :  mod = 7.050677851228302e-11,  Error =3.5807678244736962e-06
Completed 16 % :  mod = 1.4884950078610438e-10,  Error =3.822375113315957e-06
Completed 17 % :  mod = 3.329185195116896e-10,  Error =4.021919089325365e-06
Completed 18 % :  mod = 2.762716616319691e-10,  Error =4.144089693625119e-06
Completed 19 % :  mod = 1.4610720298822012e-10,  Error =4.353529924117083e-06
Completed 20 % :  mod = 8.894792160795249e-11,  Error =4.595158380027442e-06
Completed 21 % :  mod = 1.5564256888069607e-10,  Error =4.82713473104468e-06
Completed 22 % :  mod = 4.729234255659875e-10,  Error =4.982044572443556e-06
Completed 23 % :  mod = 1.7471114226159474e-10,  Error =5.135926954835668e-06
Completed 24 % :  mod = 7.234793768347344e-11,  Error =5.369051208958808e-06
Completed 25 % :  mod = 7.757136605918167e-11,  Error =5.618151071473676e-06
Completed 26 % :  mod = 1.4616233227449303e-10,  Error =5.859820880971256e-06
Completed 27 % :  mod = 3.6441120056905203e-10,  Error =6.041310470550343e-06
Completed 28 % :  mod = 2.4802835957238066e-10,  Error =6.180839640990143e-06
Completed 28 % :  mod = 1.2321905726569158e-10,  Error =6.40147298724969e-06
Completed 30 % :  mod = 1.3200268231387926e-10,  Error =6.637224188921209e-06
Completed 31 % :  mod = 3.107987010531863e-10,  Error =6.8296637465437016e-06
Completed 32 % :  mod = 3.4537055539828055e-10,  Error =6.9686393757706355e-06
Completed 33 % :  mod = 1.685898306781142e-10,  Error =7.1694800354293875e-06
Completed 34 % :  mod = 1.6057019810825682e-10,  Error =7.387618943255347e-06
Completed 35 % :  mod = 4.1417391419128516e-10,  Error =7.540594964439151e-06
Completed 36 % :  mod = 2.276385104115656e-10,  Error =7.70220410828415e-06
Completed 37 % :  mod = 1.042228987396197e-10,  Error =7.928987862726444e-06
Completed 38 % :  mod = 1.203367375136578e-10,  Error =8.168444075806747e-06
Completed 39 % :  mod = 3.645577481963844e-10,  Error =8.361941894463598e-06
Completed 40 % :  mod = 3.258933893129114e-10,  Error =8.498646437260504e-06
Completed 41 % :  mod = 8.736158093235084e-11,  Error =8.710329112204818e-06
Completed 42 % :  mod = 6.78551977650031e-11,  Error =8.954882162015565e-06
Completed 43 % :  mod = 2.0357418843233806e-10,  Error =9.191504247496596e-06
Completed 44 % :  mod = 3.7712916258907315e-10,  Error =9.368915208085582e-06
Completed 45 % :  mod = 2.0480537103389376e-10,  Error =9.503888072970312e-06
Completed 46 % :  mod = 1.6458838192269527e-10,  Error =9.720090595521924e-06
Completed 47 % :  mod = 2.1495242265263225e-10,  Error =9.942579112021122e-06
Completed 48 % :  mod = 3.4448211064283424e-10,  Error =1.0105324030007523e-05
Completed 49 % :  mod = 1.8824462909063518e-10,  Error =1.0260701905906444e-05
Completed 50 % :  mod = 2.029516361784641e-10,  Error =1.0477748794812669e-05
Completed 51 % :  mod = 2.7435903734866066e-10,  Error =1.0680803079310408e-05
Completed 52 % :  mod = 3.072494624084352e-10,  Error =1.0809256245636334e-05
Completed 53 % :  mod = 1.98425448790694e-10,  Error =1.0999050452653591e-05
Completed 54 % :  mod = 9.294443076851704e-11,  Error =1.1234065290466333e-05
Completed 55 % :  mod = 1.6095228945039247e-10,  Error =1.146122974660102e-05
Completed 56 % :  mod = 4.534982558325876e-10,  Error =1.1609935818057693e-05
Completed 56 % :  mod = 1.7081973211465174e-10,  Error =1.1770982474956782e-05
Completed 57 % :  mod = 9.966478446854345e-11,  Error =1.2004855115321789e-05
Completed 59 % :  mod = 9.646731104278616e-11,  Error =1.2251568563215187e-05
Completed 60 % :  mod = 1.873401723656093e-10,  Error =1.2481816142440039e-05
Completed 61 % :  mod = 4.5084436188340304e-10,  Error =1.2632416023450332e-05
Completed 62 % :  mod = 1.4330848002878304e-10,  Error =1.2794370370272645e-05
Completed 63 % :  mod = 1.0151600492890565e-10,  Error =1.302702500538544e-05
Completed 64 % :  mod = 1.9960220538467974e-10,  Error =1.3262497091659498e-05
Completed 65 % :  mod = 3.131595444098347e-10,  Error =1.3449727646275278e-05
Completed 66 % :  mod = 2.7045593344174134e-10,  Error =1.3580286484682347e-05
Completed 67 % :  mod = 1.7358949745532077e-10,  Error =1.378647949934475e-05
Completed 68 % :  mod = 2.013389524317092e-10,  Error =1.4004539785616998e-05
Completed 69 % :  mod = 3.4062700089853855e-10,  Error =1.4160956489206455e-05
Completed 70 % :  mod = 2.1159358792688434e-10,  Error =1.4323049214226558e-05
Completed 71 % :  mod = 1.808796378025016e-10,  Error =1.4545297759127607e-05
Completed 72 % :  mod = 1.9941671899081917e-10,  Error =1.4761854778555517e-05
Completed 73 % :  mod = 3.807465614569907e-10,  Error =1.489673209675857e-05
Completed 74 % :  mod = 1.8847829857217907e-10,  Error =1.5075281183385414e-05
Completed 75 % :  mod = 6.241857705550778e-11,  Error =1.531302150681313e-05
Completed 76 % :  mod = 8.253655743833443e-11,  Error =1.5558994491016165e-05
Completed 77 % :  mod = 2.977879997897148e-10,  Error =1.5776418692325933e-05
Completed 78 % :  mod = 3.9786393802276504e-10,  Error =1.5918214025134603e-05
Completed 79 % :  mod = 1.305636817094203e-10,  Error =1.610086857084525e-05
Completed 80 % :  mod = 1.0986980046226977e-10,  Error =1.633443740445273e-05
Completed 81 % :  mod = 2.9545916450656364e-10,  Error =1.654835755005024e-05
Completed 82 % :  mod = 3.8615641153960395e-10,  Error =1.6695655361331774e-05
Completed 83 % :  mod = 1.3525990987611845e-10,  Error =1.6872751345431425e-05
Completed 84 % :  mod = 1.6242282515846207e-10,  Error =1.7099909413786918e-05
Completed 85 % :  mod = 3.559959270185318e-10,  Error =1.729789743620813e-05
Completed 86 % :  mod = 3.1886343791516664e-10,  Error =1.7432993317356704e-05
Completed 87 % :  mod = 1.0976816084661574e-10,  Error =1.763441621704942e-05
Completed 88 % :  mod = 7.568092269378186e-11,  Error =1.7876282477402583e-05
Completed 89 % :  mod = 1.8820249816732263e-10,  Error =1.8111661880482188e-05
Completed 90 % :  mod = 3.673903203942717e-10,  Error =1.828275428295001e-05
Completed 91 % :  mod = 2.0871460717251206e-10,  Error =1.8429389278651342e-05
Completed 92 % :  mod = 1.6794072237577857e-10,  Error =1.865138428058799e-05
Completed 93 % :  mod = 1.802217482222599e-10,  Error =1.88775476104297e-05
Completed 94 % :  mod = 3.6042937606431114e-10,  Error =1.9036775348979518e-05
Completed 95 % :  mod = 2.154401374260492e-10,  Error =1.919604542166553e-05
Completed 96 % :  mod = 1.1705901320104932e-10,  Error =1.942292489331976e-05
Completed 97 % :  mod = 1.6603709436475182e-10,  Error =1.9652663866054354e-05
Completed 98 % :  mod = 3.7883520501722236e-10,  Error =1.981587381294503e-05
Completed 99 % :  mod = 2.408637930228855e-10,  Error =1.997094998529292e-05
Completed 100 % :  mod = 1.0966491057054945e-10,  Error =2.0198532766357857e-05
Finished 193/201 frames
Finished all frames!
