/opt/local/miniconda_23_9/lib/python3.11/site-packages/conda/base/context.py:201: FutureWarning: Adding 'defaults' to channel list implicitly is deprecated and will be removed in 25.3. 

To remove this warning, please choose a default channel explicitly with conda's regular configuration system, e.g. by adding 'defaults' to the list of channels:

  conda config --add channels defaults

For more information see https://docs.conda.io/projects/conda/en/stable/user-guide/configuration/use-condarc.html

  deprecated.topic(
JOB 14002 ARRAY_ID 131  -> i=131 ; range=[1.9e-10, 5.0e-10] ; intervals=200 (frames=201)
Analytic t0 extension enabled (--extend-time-using-t0).
Density options: centers='2.0e-10,4.0e-10' width='2.0e-11,5.0e-11' strength='7.0'
Completed 0 % :  mod = 3.2321030851136575e-16,  Error =-1.4210854715202004e-14
Completed 1 % :  mod = 5.025564391690059e-16,  Error =1.307826877905427e-07
Completed 2 % :  mod = 1.2396295326273345e-15,  Error =2.6156565269275234e-07
Completed 3 % :  mod = 3.3524184106200364e-15,  Error =3.923489799717572e-07
Completed 4 % :  mod = 9.185653445564495e-15,  Error =5.231321722476423e-07
Completed 5 % :  mod = 2.5212940970163357e-14,  Error =6.539146966133558e-07
Completed 6 % :  mod = 6.922104054690946e-14,  Error =7.846981517900531e-07
Completed 7 % :  mod = 1.9004924537718074e-13,  Error =9.154812161682457e-07
Completed 8 % :  mod = 5.217901163312962e-13,  Error =1.0462637405339592e-06
Completed 9 % :  mod = 1.4326000560967688e-12,  Error =1.177046371481083e-06
Completed 10 % :  mod = 3.933217131742622e-12,  Error =1.3078228775498246e-06
Completed 11 % :  mod = 1.0797524711192516e-11,  Error =1.4385540296757426e-06
Completed 12 % :  mod = 2.961742955620775e-11,  Error =1.5689491448256376e-06
Completed 13 % :  mod = 8.073078049748808e-11,  Error =1.696883742852151e-06
Completed 14 % :  mod = 2.083376814814559e-10,  Error =1.8096214375873387e-06
Completed 15 % :  mod = 3.271931696760512e-10,  Error =1.8825727607918452e-06
Completed 16 % :  mod = 1.3718719452401508e-10,  Error =1.9698758464414823e-06
Completed 17 % :  mod = 6.439738504127191e-11,  Error =2.0908389899432223e-06
Completed 18 % :  mod = 4.033120238062764e-11,  Error =2.2193669124703774e-06
Completed 19 % :  mod = 5.334890672474562e-11,  Error =2.3481592634766457e-06
Completed 20 % :  mod = 1.327354922638593e-10,  Error =2.470666686349432e-06
Completed 21 % :  mod = 3.0968902597354184e-10,  Error =2.5644122203516417e-06
Completed 22 % :  mod = 2.2383730260236924e-10,  Error =2.63270459299747e-06
Completed 23 % :  mod = 1.0134504511030983e-10,  Error =2.741065671330034e-06
Completed 24 % :  mod = 3.9314413348705715e-11,  Error =2.867559722119495e-06
Completed 25 % :  mod = 2.9075216218391497e-11,  Error =2.997227248613399e-06
Completed 26 % :  mod = 5.5625042485328333e-11,  Error =3.1264379884987648e-06
Completed 27 % :  mod = 1.313048075773048e-10,  Error =3.2496531048309407e-06
Completed 28 % :  mod = 2.8292782267829314e-10,  Error =3.3438905120419804e-06
Completed 28 % :  mod = 2.482300658822918e-10,  Error =3.413714203759355e-06
Completed 30 % :  mod = 1.038026160012842e-10,  Error =3.5210197566470924e-06
Completed 31 % :  mod = 5.482513136872834e-11,  Error =3.645775478844371e-06
Completed 32 % :  mod = 8.619109651600411e-11,  Error =3.77190522726778e-06
Completed 33 % :  mod = 2.0105412905308503e-10,  Error =3.8867793108465776e-06
Completed 34 % :  mod = 2.976288858024643e-10,  Error =3.965623932344897e-06
Completed 35 % :  mod = 1.6787299596220778e-10,  Error =4.047302645915352e-06
Completed 36 % :  mod = 9.021904146922703e-11,  Error =4.164473800472024e-06
Completed 37 % :  mod = 6.928644656931781e-11,  Error =4.290061980327664e-06
Completed 38 % :  mod = 1.219750543495786e-10,  Error =4.411505862833565e-06
Completed 39 % :  mod = 3.1527705496622827e-10,  Error =4.505888512085221e-06
Completed 40 % :  mod = 2.3543767434598536e-10,  Error =4.575617587931902e-06
Completed 41 % :  mod = 9.440936378015236e-11,  Error =4.681838333908672e-06
Completed 42 % :  mod = 4.724278559752491e-11,  Error =4.808073946094282e-06
Completed 43 % :  mod = 3.4333681151697193e-11,  Error =4.9375831139286674e-06
Completed 44 % :  mod = 5.2296708729040443e-11,  Error =5.066546670207117e-06
Completed 45 % :  mod = 1.497944973568202e-10,  Error =5.1881861864444545e-06
Completed 46 % :  mod = 3.012205266844558e-10,  Error =5.279504406985325e-06
Completed 47 % :  mod = 2.1085132474465137e-10,  Error =5.3489061500044954e-06
Completed 48 % :  mod = 1.1500560504761744e-10,  Error =5.458551456172245e-06
Completed 49 % :  mod = 6.068514050548634e-11,  Error =5.583302609579732e-06
Completed 50 % :  mod = 8.295381561963587e-11,  Error =5.708419912764384e-06
Completed 51 % :  mod = 2.420697797740607e-10,  Error =5.8179624318199785e-06
Completed 52 % :  mod = 3.015168946726091e-10,  Error =5.893051174155062e-06
Completed 53 % :  mod = 1.32487789725101e-10,  Error =5.98057413725428e-06
Completed 54 % :  mod = 9.811241842030518e-11,  Error =6.099677634097134e-06
Completed 55 % :  mod = 9.877108490627055e-11,  Error =6.223484469103369e-06
Completed 56 % :  mod = 1.6372114684787988e-10,  Error =6.336494138281523e-06
Completed 56 % :  mod = 3.467273312302463e-10,  Error =6.411479709811374e-06
Completed 57 % :  mod = 1.6915341510509525e-10,  Error =6.4939046708900605e-06
Completed 59 % :  mod = 7.723752820292923e-11,  Error =6.610103966409042e-06
Completed 60 % :  mod = 6.980053275454814e-11,  Error =6.736457699219045e-06
Completed 61 % :  mod = 1.1059353473413387e-10,  Error =6.860646216466648e-06
Completed 62 % :  mod = 2.24121426076446e-10,  Error =6.965134289771413e-06
Completed 63 % :  mod = 3.091671084737722e-10,  Error =7.033282003021668e-06
Completed 64 % :  mod = 1.396499111375196e-10,  Error =7.1279754934039374e-06
Completed 65 % :  mod = 7.945263598262276e-11,  Error =7.2472463159556355e-06
Completed 66 % :  mod = 1.2203599912797988e-10,  Error =7.368769772142514e-06
Completed 67 % :  mod = 2.5675093574793154e-10,  Error =7.47319602112384e-06
Completed 68 % :  mod = 2.6512406856166004e-10,  Error =7.542136550853229e-06
Completed 69 % :  mod = 1.343976513119755e-10,  Error =7.637779035007952e-06
Completed 70 % :  mod = 6.909200935677461e-11,  Error =7.760200766426806e-06
Completed 71 % :  mod = 5.6142903835416955e-11,  Error =7.88779073701562e-06
Completed 72 % :  mod = 1.0933511885047138e-10,  Error =8.011799216944837e-06
Completed 73 % :  mod = 2.796756981933756e-10,  Error =8.113601580816976e-06
Completed 74 % :  mod = 2.610543325765945e-10,  Error =8.181230647608118e-06
Completed 75 % :  mod = 1.1303499818551244e-10,  Error =8.28214052006615e-06
Completed 76 % :  mod = 4.934989121272119e-11,  Error =8.407300086332725e-06
Completed 77 % :  mod = 2.077357071272777e-11,  Error =8.537093449945132e-06
Completed 78 % :  mod = 1.9616790415598857e-11,  Error =8.667428822661805e-06
Completed 79 % :  mod = 5.18824389648197e-11,  Error =8.796997057913813e-06
Completed 80 % :  mod = 1.2832897149489928e-10,  Error =8.920661201727853e-06
Completed 81 % :  mod = 2.9120383509447903e-10,  Error =9.015391640332382e-06
Completed 82 % :  mod = 2.485273948374475e-10,  Error =9.084748583632063e-06
Completed 83 % :  mod = 9.338834149001375e-11,  Error =9.192417167014355e-06
Completed 84 % :  mod = 3.823310137714295e-11,  Error =9.31864634168278e-06
Completed 85 % :  mod = 4.3542624235989564e-11,  Error =9.447959058661581e-06
Completed 86 % :  mod = 7.882977046870125e-11,  Error =9.5758994760331e-06
Completed 87 % :  mod = 1.6465508930934873e-10,  Error =9.692640098535321e-06
Completed 88 % :  mod = 3.444369238089338e-10,  Error =9.77056379269925e-06
Completed 89 % :  mod = 1.6232308990752568e-10,  Error =9.850631769836582e-06
Completed 90 % :  mod = 7.048235761538276e-11,  Error =9.968351193379021e-06
Completed 91 % :  mod = 3.881730021915452e-11,  Error =1.0096777984358596e-05
Completed 92 % :  mod = 2.8212244259166e-11,  Error =1.0226668351265289e-05
Completed 93 % :  mod = 5.744481127361266e-11,  Error =1.0355381654392204e-05
Completed 94 % :  mod = 1.7252955652211035e-10,  Error =1.047481799076877e-05
Completed 95 % :  mod = 3.0951129906069216e-10,  Error =1.0559802156251408e-05
Completed 96 % :  mod = 1.88589107040281e-10,  Error =1.063426893210817e-05
Completed 97 % :  mod = 1.0045711269914166e-10,  Error =1.0748288111983584e-05
Completed 98 % :  mod = 5.395565414879658e-11,  Error =1.0874179324105171e-05
Completed 99 % :  mod = 8.667270384232292e-11,  Error =1.0999345910533975e-05
Completed 100 % :  mod = 2.5144823426174667e-10,  Error =1.1107478918859215e-05
Finished 132/201 frames
Finished all frames!
