/opt/local/miniconda_23_9/lib/python3.11/site-packages/conda/base/context.py:201: FutureWarning: Adding 'defaults' to channel list implicitly is deprecated and will be removed in 25.3. 

To remove this warning, please choose a default channel explicitly with conda's regular configuration system, e.g. by adding 'defaults' to the list of channels:

  conda config --add channels defaults

For more information see https://docs.conda.io/projects/conda/en/stable/user-guide/configuration/use-condarc.html

  deprecated.topic(
JOB 13585 ARRAY_ID 28  -> i=28 ; range=[2.0e-10, 2.09e-10] ; intervals=40 (frames=41)
Completed 0 % :  mod = 1.6491707313857705e-16,  Error =-1.4210854715202004e-14
Completed 1 % :  mod = 1.674576761372615e-16,  Error =8.86559092805328e-09
Completed 2 % :  mod = 1.7515776480189719e-16,  Error =1.7730961587858474e-08
Completed 3 % :  mod = 1.8825458611269286e-16,  Error =2.659621145539859e-08
Completed 4 % :  mod = 2.0715165697042537e-16,  Error =3.546173132917829e-08
Completed 5 % :  mod = 2.324312153326101e-16,  Error =4.432670408505146e-08
Completed 6 % :  mod = 2.6487213916861664e-16,  Error =5.319092366562472e-08
Completed 7 % :  mod = 3.054739509825514e-16,  Error =6.205564062611302e-08
Completed 8 % :  mod = 3.5548762310494333e-16,  Error =7.092132392472195e-08
Completed 9 % :  mod = 4.1645411143629083e-16,  Error =7.9786651951963e-08
Completed 10 % :  mod = 4.902518396467277e-16,  Error =8.865193024121254e-08
Completed 11 % :  mod = 5.791545595292929e-16,  Error =9.751727958473566e-08
Completed 12 % :  mod = 6.859014233824755e-16,  Error =1.0638206759949753e-07
Completed 13 % :  mod = 8.137813891580276e-16,  Error =1.1524699772280655e-07
Completed 14 % :  mod = 9.66734519842211e-16,  Error =1.2411188521355143e-07
Completed 15 % :  mod = 1.1494733936139883e-15,  Error =1.3297619716468034e-07
Completed 16 % :  mod = 1.3676283371667453e-15,  Error =1.4184048069409982e-07
Completed 17 % :  mod = 1.6279208500690747e-15,  Error =1.5070527581428905e-07
Completed 18 % :  mod = 1.938370712850679e-15,  Error =1.5956980803366605e-07
Completed 19 % :  mod = 2.3085431070552742e-15,  Error =1.6843436156932512e-07
Completed 20 % :  mod = 2.7498433049512578e-15,  Error =1.7729865930959932e-07
Completed 21 % :  mod = 3.2758680609224013e-15,  Error =1.8616389496628472e-07
Completed 22 % :  mod = 3.90282455709651e-15,  Error =1.9502796533288347e-07
Completed 23 % :  mod = 4.650029758632739e-15,  Error =2.0389195043435393e-07
Completed 24 % :  mod = 5.540505574411629e-15,  Error =2.1275573658385838e-07
Completed 25 % :  mod = 6.601688165599439e-15,  Error =2.2161992063729485e-07
Completed 26 % :  mod = 7.866273294559076e-15,  Error =2.3048509234513403e-07
Completed 27 % :  mod = 9.373223699417858e-15,  Error =2.393495819319469e-07
Completed 28 % :  mod = 1.1168969548875377e-14,  Error =2.4821366650940035e-07
Completed 28 % :  mod = 1.3308838975851172e-14,  Error =2.57077893195401e-07
Completed 30 % :  mod = 1.5858762809459645e-14,  Error =2.659425035744789e-07
Completed 31 % :  mod = 1.8897305910978037e-14,  Error =2.748076397551813e-07
Completed 32 % :  mod = 2.251808777537551e-14,  Error =2.836732093669525e-07
Completed 33 % :  mod = 2.6832667032635242e-14,  Error =2.92537990276287e-07
Completed 34 % :  mod = 3.1973978580171973e-14,  Error =3.0140282092361304e-07
Completed 35 % :  mod = 3.81004292933439e-14,  Error =3.102678789446145e-07
Completed 36 % :  mod = 4.540077854869634e-14,  Error =3.1913339171296684e-07
Completed 37 % :  mod = 5.4099953820862676e-14,  Error =3.279991531712767e-07
Completed 38 % :  mod = 6.446598043126278e-14,  Error =3.3686374223407256e-07
Completed 39 % :  mod = 7.681823896681767e-14,  Error =3.4572944684896356e-07
Completed 40 % :  mod = 9.153730455905955e-14,  Error =3.5459394354120377e-07
Completed 41 % :  mod = 1.0907667079738397e-13,  Error =3.6345900156220523e-07
Completed 42 % :  mod = 1.2997671906502025e-13,  Error =3.723238108932492e-07
Completed 43 % :  mod = 1.5488136280411875e-13,  Error =3.8118921708019116e-07
Completed 44 % :  mod = 1.845578780451957e-13,  Error =3.9005416851978225e-07
Completed 45 % :  mod = 2.1992052861528216e-13,  Error =3.989189920616809e-07
Completed 46 % :  mod = 2.6205870969143895e-13,  Error =4.077833253290919e-07
Completed 47 % :  mod = 3.122704697107387e-13,  Error =4.1664846861522165e-07
Completed 48 % :  mod = 3.7210243111785587e-13,  Error =4.2551368295562497e-07
Completed 49 % :  mod = 4.433973192181654e-13,  Error =4.3437871966034436e-07
Completed 50 % :  mod = 5.283505287886364e-13,  Error =4.432433087231402e-07
Completed 51 % :  mod = 6.295774120577314e-13,  Error =4.521074714602946e-07
Completed 52 % :  mod = 7.501932610168154e-13,  Error =4.6097151340518394e-07
Completed 53 % :  mod = 8.93908279411727e-13,  Error =4.6983614510054394e-07
Completed 54 % :  mod = 1.0651401844513909e-12,  Error =4.787008194284681e-07
Completed 55 % :  mod = 1.269147423589102e-12,  Error =4.875654511238281e-07
Completed 56 % :  mod = 1.5121862936014883e-12,  Error =4.964302107168805e-07
Completed 56 % :  mod = 1.80169542214334e-12,  Error =5.052944942463e-07
Completed 57 % :  mod = 2.1465109650139784e-12,  Error =5.141576195910602e-07
Completed 59 % :  mod = 2.557115219634971e-12,  Error =5.230197999139818e-07
Completed 60 % :  mod = 3.0459196980318516e-12,  Error =5.318829394695967e-07
Completed 61 % :  mod = 3.6275802635623777e-12,  Error =5.407456029615787e-07
Completed 62 % :  mod = 4.319335416954529e-12,  Error =5.49605651656293e-07
Completed 63 % :  mod = 5.141347088210208e-12,  Error =5.584641300515614e-07
Completed 64 % :  mod = 6.117002930263643e-12,  Error =5.673204199752035e-07
Completed 65 % :  mod = 7.273104793880027e-12,  Error =5.761737114085008e-07
Completed 66 % :  mod = 8.639811900728042e-12,  Error =5.8502229194346e-07
Completed 67 % :  mod = 1.0250118470034701e-11,  Error =5.938639233704635e-07
Completed 68 % :  mod = 1.2138511836357299e-11,  Error =6.026957635185681e-07
Completed 69 % :  mod = 1.4338270138076835e-11,  Error =6.11513797821317e-07
Completed 70 % :  mod = 1.6876630241474937e-11,  Error =6.203152125294764e-07
Completed 71 % :  mod = 1.9766854805845485e-11,  Error =6.290915592899182e-07
Completed 72 % :  mod = 2.299624390900181e-11,  Error =6.378352850333613e-07
Completed 73 % :  mod = 2.6509776396003484e-11,  Error =6.465369324359926e-07
Completed 74 % :  mod = 3.0190976068193515e-11,  Error =6.551888560579755e-07
Completed 75 % :  mod = 3.3845379848152736e-11,  Error =6.637813569909667e-07
Completed 76 % :  mod = 3.719717548291178e-11,  Error =6.723106054096206e-07
Completed 77 % :  mod = 3.991289537282761e-11,  Error =6.807814827425318e-07
Completed 78 % :  mod = 4.166088416829833e-11,  Error =6.89205428727746e-07
Completed 79 % :  mod = 4.2196702420236796e-11,  Error =6.976042357109691e-07
Completed 80 % :  mod = 4.1440380723539484e-11,  Error =7.060058351271437e-07
Completed 81 % :  mod = 3.950410353517889e-11,  Error =7.144358562527486e-07
Completed 82 % :  mod = 3.665370023182462e-11,  Error =7.22915658002421e-07
Completed 83 % :  mod = 3.3226831719326275e-11,  Error =7.3145774592831e-07
Completed 84 % :  mod = 2.955024112261582e-11,  Error =7.400595123385756e-07
Completed 85 % :  mod = 2.5886447231689023e-11,  Error =7.487200051059517e-07
Completed 86 % :  mod = 2.2415656237675807e-11,  Error =7.574296887469245e-07
Completed 87 % :  mod = 1.9242365162670048e-11,  Error =7.661799585889639e-07
Completed 88 % :  mod = 1.6412949347854277e-11,  Error =7.74960781768641e-07
Completed 89 % :  mod = 1.3934569702093137e-11,  Error =7.837642002073153e-07
Completed 90 % :  mod = 1.1790815185966568e-11,  Error =7.925849203616053e-07
Completed 91 % :  mod = 9.952937889265982e-12,  Error =8.014172294679156e-07
Completed 92 % :  mod = 8.387176396309761e-12,  Error =8.102593724856888e-07
Completed 93 % :  mod = 7.059154776169924e-12,  Error =8.191081590780414e-07
Completed 94 % :  mod = 5.936301457384645e-12,  Error =8.279618342044159e-07
Completed 95 % :  mod = 4.989016738761727e-12,  Error =8.368185859808364e-07
Completed 96 % :  mod = 4.191093809261959e-12,  Error =8.45677448069182e-07
Completed 97 % :  mod = 3.5197204295535458e-12,  Error =8.545378378244095e-07
Completed 98 % :  mod = 2.955263310337145e-12,  Error =8.633994710294246e-07
Completed 99 % :  mod = 2.4809549701163324e-12,  Error =8.722626034796122e-07
Completed 100 % :  mod = 2.08255115870379e-12,  Error =8.811263896291166e-07
Finished 29/41 frames
Finished all frames!
