/opt/local/miniconda_23_9/lib/python3.11/site-packages/conda/base/context.py:201: FutureWarning: Adding 'defaults' to channel list implicitly is deprecated and will be removed in 25.3. 

To remove this warning, please choose a default channel explicitly with conda's regular configuration system, e.g. by adding 'defaults' to the list of channels:

  conda config --add channels defaults

For more information see https://docs.conda.io/projects/conda/en/stable/user-guide/configuration/use-condarc.html

  deprecated.topic(
JOB 13940 ARRAY_ID 69  -> i=69 ; range=[1.9e-10, 5.0e-10] ; intervals=200 (frames=201)
Analytic t0 extension enabled (--extend-time-using-t0).
Density options: centers='2.0e-10,4.0e-10' width='2.0e-11,5.0e-11' strength='7.0'
Completed 0 % :  mod = 2.706532677119113e-16,  Error =-1.4210854715202004e-14
Completed 1 % :  mod = 3.6976261911379784e-16,  Error =6.430818899616497e-08
Completed 2 % :  mod = 7.396755281561026e-16,  Error =1.2861598008839792e-07
Completed 3 % :  mod = 1.6513056164077669e-15,  Error =1.929244533016572e-07
Completed 4 % :  mod = 3.772304684772748e-15,  Error =2.5723301178004476e-07
Completed 5 % :  mod = 8.6560317316126e-15,  Error =3.21540490233474e-07
Completed 6 % :  mod = 1.9879188678454944e-14,  Error =3.858484731722456e-07
Completed 7 % :  mod = 4.5661294331087685e-14,  Error =4.501556674085805e-07
Completed 8 % :  mod = 1.0488442261146709e-13,  Error =5.144632808651295e-07
Completed 9 % :  mod = 2.4092186699167717e-13,  Error =5.78770546155738e-07
Completed 10 % :  mod = 5.534031796606763e-13,  Error =6.430781951394238e-07
Completed 11 % :  mod = 1.2711761237353043e-12,  Error =7.073847925198606e-07
Completed 12 % :  mod = 2.9198611764543414e-12,  Error =7.716902103993561e-07
Completed 13 % :  mod = 6.706230657608616e-12,  Error =8.359815950598204e-07
Completed 14 % :  mod = 1.539510318278757e-11,  Error =9.002061887031232e-07
Completed 15 % :  mod = 3.5250498437432674e-11,  Error =9.640768539043165e-07
Completed 16 % :  mod = 7.961222299419443e-11,  Error =1.026163538142555e-06
Completed 17 % :  mod = 1.668962178466815e-10,  Error =1.080711491852071e-06
Completed 18 % :  mod = 2.422567855719403e-10,  Error =1.1193852174073982e-06
Completed 19 % :  mod = 1.5174712156774054e-10,  Error =1.159554827268039e-06
Completed 20 % :  mod = 7.484114871320318e-11,  Error =1.2155106787758996e-06
Completed 21 % :  mod = 3.2905378337973436e-11,  Error =1.2779105773574884e-06
Completed 22 % :  mod = 1.6394107424648735e-11,  Error =1.3418005764265217e-06
Completed 23 % :  mod = 1.2282648891014566e-11,  Error =1.4059746007433205e-06
Completed 24 % :  mod = 1.626115160219876e-11,  Error =1.4701524406746103e-06
Completed 25 % :  mod = 3.15318147055445e-11,  Error =1.5340659871299067e-06
Completed 26 % :  mod = 7.247910363624075e-11,  Error =1.596575138762546e-06
Completed 27 % :  mod = 1.493091341240562e-10,  Error =1.6529772040030366e-06
Completed 28 % :  mod = 2.38283508852294e-10,  Error =1.693794835944118e-06
Completed 28 % :  mod = 1.7281364756525174e-10,  Error =1.731994686338112e-06
Completed 30 % :  mod = 8.234490967492443e-11,  Error =1.7860553995774353e-06
Completed 31 % :  mod = 3.6386893433067566e-11,  Error =1.8479673400406682e-06
Completed 32 % :  mod = 1.76154188982478e-11,  Error =1.911780373120564e-06
Completed 33 % :  mod = 1.0064984303689226e-11,  Error =1.975963421330107e-06
Completed 34 % :  mod = 1.0082981066698895e-11,  Error =2.040203440856203e-06
Completed 35 % :  mod = 1.8214497968054265e-11,  Error =2.1043780336071904e-06
Completed 36 % :  mod = 3.8760616633562625e-11,  Error =2.168145400105459e-06
Completed 37 % :  mod = 8.453420046402424e-11,  Error =2.229853720336905e-06
Completed 38 % :  mod = 1.7976311710802546e-10,  Error =2.2831069301787466e-06
Completed 39 % :  mod = 2.3865911946473317e-10,  Error =2.320789640464227e-06
Completed 40 % :  mod = 1.412784126713707e-10,  Error =2.362397466981747e-06
Completed 41 % :  mod = 7.110475990760237e-11,  Error =2.4193344998479915e-06
Completed 42 % :  mod = 3.195364715879259e-11,  Error =2.4819192105951515e-06
Completed 43 % :  mod = 1.884140562790925e-11,  Error =2.5457823014107817e-06
Completed 44 % :  mod = 2.0648185889148545e-11,  Error =2.6098395125018214e-06
Completed 45 % :  mod = 3.531024292307926e-11,  Error =2.67364379880064e-06
Completed 46 % :  mod = 7.273629505673284e-11,  Error =2.735916140750305e-06
Completed 47 % :  mod = 1.623539680243287e-10,  Error =2.7914526796735117e-06
Completed 48 % :  mod = 2.3711441440340285e-10,  Error =2.831727151431096e-06
Completed 49 % :  mod = 1.6130601422493949e-10,  Error =2.870361157647494e-06
Completed 50 % :  mod = 8.590304447780522e-11,  Error =2.9250657718193906e-06
Completed 51 % :  mod = 3.9290030743268004e-11,  Error =2.9868558897305775e-06
Completed 52 % :  mod = 2.8483698844718125e-11,  Error =3.0503588774877244e-06
Completed 53 % :  mod = 4.020067006746114e-11,  Error =3.1139290257442553e-06
Completed 54 % :  mod = 7.172358559432698e-11,  Error =3.1761959391474193e-06
Completed 55 % :  mod = 1.476143365160454e-10,  Error =3.2322813581231458e-06
Completed 56 % :  mod = 2.485573601776167e-10,  Error =3.2734363415443113e-06
Completed 56 % :  mod = 1.6437518036463987e-10,  Error =3.311201275835174e-06
Completed 57 % :  mod = 8.93919712794496e-11,  Error =3.3647651349610896e-06
Completed 59 % :  mod = 4.4473575641761e-11,  Error =3.4262706449794678e-06
Completed 60 % :  mod = 2.8815212159200382e-11,  Error =3.489680651114213e-06
Completed 61 % :  mod = 3.897652912829893e-11,  Error =3.553212010842799e-06
Completed 62 % :  mod = 7.696248369560578e-11,  Error =3.615419814195775e-06
Completed 63 % :  mod = 1.4298815293784648e-10,  Error =3.6716018456672828e-06
Completed 64 % :  mod = 2.4579378626585666e-10,  Error =3.7122614600093584e-06
Completed 65 % :  mod = 1.7221795310553682e-10,  Error =3.750618169817699e-06
Completed 66 % :  mod = 8.152006275258411e-11,  Error =3.804344949287497e-06
Completed 67 % :  mod = 4.081856390490116e-11,  Error =3.8661399273109964e-06
Completed 68 % :  mod = 2.158304937833415e-11,  Error =3.929823982673497e-06
Completed 69 % :  mod = 1.9492673252677453e-11,  Error =3.993846988237237e-06
Completed 70 % :  mod = 3.3890491091274034e-11,  Error =4.057688293812589e-06
Completed 71 % :  mod = 6.884129003168939e-11,  Error =4.120274908814281e-06
Completed 72 % :  mod = 1.414609611155343e-10,  Error =4.177111975423031e-06
Completed 73 % :  mod = 2.4472726504457703e-10,  Error =4.2188922932950845e-06
Completed 74 % :  mod = 1.733460627490215e-10,  Error =4.256268518076922e-06
Completed 75 % :  mod = 8.814988437828966e-11,  Error =4.309425051474136e-06
Completed 76 % :  mod = 4.026349870998857e-11,  Error =4.371051069540499e-06
Completed 77 % :  mod = 1.9453047320903558e-11,  Error =4.434755382476396e-06
Completed 78 % :  mod = 1.46995823639866e-11,  Error =4.498868470648176e-06
Completed 79 % :  mod = 2.0194752552637674e-11,  Error =4.562983448863633e-06
Completed 80 % :  mod = 3.820100864702646e-11,  Error =4.626708815180791e-06
Completed 81 % :  mod = 8.688851894928377e-11,  Error =4.6883774018624536e-06
Completed 82 % :  mod = 1.775387126102035e-10,  Error =4.741798676377584e-06
Completed 83 % :  mod = 2.3580275930749447e-10,  Error =4.7793409407859144e-06
Completed 84 % :  mod = 1.4611334212720218e-10,  Error =4.821019409462224e-06
Completed 85 % :  mod = 6.861901410551157e-11,  Error =4.877920694923432e-06
Completed 86 % :  mod = 2.989836019823167e-11,  Error =4.940589988677857e-06
Completed 87 % :  mod = 1.4469627534726694e-11,  Error =5.004560371446587e-06
Completed 88 % :  mod = 8.752881610856595e-12,  Error =5.068781021577706e-06
Completed 89 % :  mod = 9.274093431482806e-12,  Error =5.133035443805056e-06
Completed 90 % :  mod = 1.699077708391074e-11,  Error =5.197227615383326e-06
Completed 91 % :  mod = 3.717470043375732e-11,  Error =5.2610473701975025e-06
Completed 92 % :  mod = 8.074217534701048e-11,  Error =5.322988776867987e-06
Completed 93 % :  mod = 1.7252548377514535e-10,  Error =5.377013060581248e-06
Completed 94 % :  mod = 2.4169113977347445e-10,  Error =5.415379163764555e-06
Completed 95 % :  mod = 1.4647908818241182e-10,  Error =5.456003350445826e-06
Completed 96 % :  mod = 7.485885019831783e-11,  Error =5.512296375798087e-06
Completed 97 % :  mod = 3.400116166253427e-11,  Error =5.57469408590805e-06
Completed 98 % :  mod = 2.0390079768413638e-11,  Error =5.6384946631737876e-06
Completed 99 % :  mod = 2.3204709125157628e-11,  Error =5.702496785886524e-06
Completed 100 % :  mod = 4.064043273944882e-11,  Error =5.766150046326857e-06
Finished 70/201 frames
Finished all frames!
