/opt/local/miniconda_23_9/lib/python3.11/site-packages/conda/base/context.py:201: FutureWarning: Adding 'defaults' to channel list implicitly is deprecated and will be removed in 25.3. 

To remove this warning, please choose a default channel explicitly with conda's regular configuration system, e.g. by adding 'defaults' to the list of channels:

  conda config --add channels defaults

For more information see https://docs.conda.io/projects/conda/en/stable/user-guide/configuration/use-condarc.html

  deprecated.topic(
JOB 13289 ARRAY_ID 5  -> i=5 ; range=[1.9e-10, 6.0e-10] ; intervals=6
Completed 0 % :  mod = 4.253333334496165e-16,  Error =-1.4210854715202004e-14
Completed 1 % :  mod = 8.295191702247475e-16,  Error =3.922178990478642e-07
Completed 2 % :  mod = 2.8102562902354015e-15,  Error =7.844363452136349e-07
Completed 3 % :  mod = 1.0132055279375701e-14,  Error =1.1766548055902604e-06
Completed 4 % :  mod = 3.671043776668376e-14,  Error =1.5688732162288943e-06
Completed 5 % :  mod = 1.330592276112749e-13,  Error =1.9610920674040244e-06
Completed 6 % :  mod = 4.822951455951305e-13,  Error =2.3533104993589404e-06
Completed 7 % :  mod = 1.7481629370530286e-12,  Error =2.7455268494236407e-06
Completed 8 % :  mod = 6.336556272186265e-12,  Error =3.1377192684090005e-06
Completed 9 % :  mod = 2.296965671967374e-11,  Error =3.529599787555071e-06
Completed 10 % :  mod = 8.332805326463699e-11,  Error =3.917450008827927e-06
Completed 11 % :  mod = 2.9951723929068965e-10,  Error =4.261597467802858e-06
Completed 12 % :  mod = 4.523928111023518e-10,  Error =4.460626051638883e-06
Completed 13 % :  mod = 1.3415846545189763e-10,  Error =4.764979685489834e-06
Completed 14 % :  mod = 1.0077751977999379e-10,  Error =5.132926638395929e-06
Completed 15 % :  mod = 3.5329049012645155e-10,  Error =5.456328459274573e-06
Completed 16 % :  mod = 4.4979450830133807e-10,  Error =5.673210644374649e-06
Completed 17 % :  mod = 1.755023259897553e-10,  Error =5.970944194189087e-06
Completed 18 % :  mod = 1.930617723719532e-10,  Error =6.301199029223881e-06
Completed 19 % :  mod = 5.190069334405398e-10,  Error =6.512461894203625e-06
Completed 20 % :  mod = 1.9835827603439638e-10,  Error =6.780625064095602e-06
Completed 21 % :  mod = 1.1555451799042173e-10,  Error =7.135919652512257e-06
Completed 22 % :  mod = 2.5481065656652456e-10,  Error =7.47765415098911e-06
Completed 23 % :  mod = 5.340507983870974e-10,  Error =7.695747754610238e-06
Completed 24 % :  mod = 1.9775625351888794e-10,  Error =7.956159763011783e-06
Completed 25 % :  mod = 1.9005184576249305e-10,  Error =8.287433743703332e-06
Completed 26 % :  mod = 5.180062034411426e-10,  Error =8.53382204013542e-06
Completed 27 % :  mod = 2.2940650980821021e-10,  Error =8.776119699405172e-06
Completed 28 % :  mod = 1.488579144423793e-10,  Error =9.124727760934093e-06
Completed 28 % :  mod = 2.0678482301374607e-10,  Error =9.477284876879821e-06
Completed 30 % :  mod = 5.140966448470117e-10,  Error =9.700984755056652e-06
Completed 31 % :  mod = 1.9301020375047867e-10,  Error =9.956409570577307e-06
Completed 32 % :  mod = 9.379857792652777e-11,  Error =1.0320829794352449e-05
Completed 33 % :  mod = 1.5590937981142687e-10,  Error =1.0688471846265202e-05
Completed 34 % :  mod = 5.026542805359526e-10,  Error =1.0964990821094034e-05
Completed 35 % :  mod = 2.0517235968013856e-10,  Error =1.1170858527975724e-05
Completed 36 % :  mod = 1.9139377294114504e-10,  Error =1.1514738432083504e-05
Completed 37 % :  mod = 2.510346659851985e-10,  Error =1.1859043354434107e-05
Completed 38 % :  mod = 4.821054394917174e-10,  Error =1.2097338121463963e-05
Completed 39 % :  mod = 1.697973386096586e-10,  Error =1.2352437963158991e-05
Completed 40 % :  mod = 1.7067503077475707e-10,  Error =1.2688628686419179e-05
Completed 41 % :  mod = 5.357339316562261e-10,  Error =1.296125320493502e-05
Completed 42 % :  mod = 2.2797232479897144e-10,  Error =1.3168774067651157e-05
Completed 43 % :  mod = 1.371841150647467e-10,  Error =1.350828551238692e-05
Completed 44 % :  mod = 2.1194637529458855e-10,  Error =1.386769144318123e-05
Completed 45 % :  mod = 4.382721270830712e-10,  Error =1.41519909817589e-05
Completed 46 % :  mod = 2.0373146648319304e-10,  Error =1.4352177522880538e-05
Completed 47 % :  mod = 1.8824051394522238e-10,  Error =1.4677200809387614e-05
Completed 48 % :  mod = 4.1049206569066985e-10,  Error =1.4986602970168406e-05
Completed 49 % :  mod = 3.493549588418543e-10,  Error =1.5198044451381065e-05
Completed 50 % :  mod = 1.0682830506663842e-10,  Error =1.5512666792005803e-05
Completed 51 % :  mod = 1.361006971614077e-10,  Error =1.5883722063847472e-05
Completed 52 % :  mod = 3.516641717478997e-10,  Error =1.6213753504246142e-05
Completed 53 % :  mod = 3.8563826754283225e-10,  Error =1.6410399766186856e-05
Completed 54 % :  mod = 9.887811593683907e-11,  Error =1.673218657316511e-05
Completed 55 % :  mod = 3.0669709303158246e-11,  Error =1.711696464212764e-05
Completed 56 % :  mod = 3.1175891711986745e-11,  Error =1.750754876894689e-05
Completed 56 % :  mod = 9.20558705441589e-11,  Error =1.7894168557575085e-05
Completed 57 % :  mod = 3.1214940404842067e-10,  Error =1.823292893021744e-05
Completed 59 % :  mod = 4.4240629741340993e-10,  Error =1.843201515328019e-05
Completed 60 % :  mod = 1.506630045402309e-10,  Error =1.8737796935397455e-05
Completed 61 % :  mod = 1.3510617149632926e-10,  Error =1.90965580060265e-05
Completed 62 % :  mod = 4.4706045845435956e-10,  Error =1.937698625908979e-05
Completed 63 % :  mod = 3.0008325269022386e-10,  Error =1.9603686524760633e-05
Completed 64 % :  mod = 1.4634005850966806e-10,  Error =1.9946014226945863e-05
Completed 65 % :  mod = 1.6382999156905926e-10,  Error =2.030146605846994e-05
Completed 66 % :  mod = 5.033463331475963e-10,  Error =2.0532971248599097e-05
Completed 67 % :  mod = 1.8619687127683801e-10,  Error =2.0792130897007155e-05
Completed 68 % :  mod = 4.7673186685174244e-11,  Error =2.116506499305615e-05
Completed 69 % :  mod = 2.1139542729045247e-11,  Error =2.1555178818744025e-05
Completed 70 % :  mod = 4.442815132496369e-11,  Error =2.194588234516459e-05
Completed 71 % :  mod = 1.4400580404248822e-10,  Error =2.2326270411099358e-05
Completed 72 % :  mod = 4.3264157777256306e-10,  Error =2.2620426157970996e-05
Completed 73 % :  mod = 2.3820684297828337e-10,  Error =2.2824857062175852e-05
Completed 74 % :  mod = 1.608230112334163e-10,  Error =2.3167553237612992e-05
Completed 75 % :  mod = 2.2573266482430496e-10,  Error =2.3519195806898097e-05
Completed 76 % :  mod = 4.295270618236605e-10,  Error =2.3760398775607428e-05
Completed 77 % :  mod = 1.6678936098886676e-10,  Error =2.402018822778018e-05
Completed 78 % :  mod = 1.5580808537027908e-10,  Error =2.4378211222142454e-05
Completed 79 % :  mod = 3.0871578319861775e-10,  Error =2.4711988125147855e-05
Completed 80 % :  mod = 3.911605116762752e-10,  Error =2.490990547698857e-05
Completed 81 % :  mod = 1.1946303223202609e-10,  Error =2.5221446676937376e-05
Completed 82 % :  mod = 3.8953743950515e-11,  Error =2.5604857725625152e-05
Completed 83 % :  mod = 2.1585396287491512e-11,  Error =2.5995728677230545e-05
Completed 84 % :  mod = 5.5125962569082764e-11,  Error =2.6385219989322195e-05
Completed 85 % :  mod = 2.2628861432752924e-10,  Error =2.6750579941392516e-05
Completed 86 % :  mod = 5.224071487083951e-10,  Error =2.698735628570148e-05
Completed 87 % :  mod = 1.447072751902784e-10,  Error =2.7240713123433125e-05
Completed 88 % :  mod = 1.2613001608511292e-10,  Error =2.7599244475595697e-05
Completed 89 % :  mod = 3.692981104051543e-10,  Error =2.792539427787233e-05
Completed 90 % :  mod = 4.276054526266487e-10,  Error =2.8142429151500892e-05
Completed 91 % :  mod = 1.1819072769420233e-10,  Error =2.8446459239717115e-05
Completed 92 % :  mod = 1.408031354486553e-10,  Error =2.880736188615174e-05
Completed 93 % :  mod = 4.979765490907346e-10,  Error =2.909267762163381e-05
Completed 94 % :  mod = 2.7864882945821327e-10,  Error =2.9304336656821306e-05
Completed 95 % :  mod = 7.236871273946365e-11,  Error =2.965607200167142e-05
Completed 96 % :  mod = 2.4674159429019145e-11,  Error =3.0044223926495306e-05
Completed 97 % :  mod = 3.296644705148849e-11,  Error =3.0435018196328656e-05
Completed 98 % :  mod = 1.0549859981045184e-10,  Error =3.0819783368940534e-05
Completed 99 % :  mod = 3.722419672515394e-10,  Error =3.114096541878553e-05
Completed 100 % :  mod = 3.558772440767782e-10,  Error =3.133798018239986e-05
Finished 6/6 frames
Finished all frames!
