/opt/local/miniconda_23_9/lib/python3.11/site-packages/conda/base/context.py:201: FutureWarning: Adding 'defaults' to channel list implicitly is deprecated and will be removed in 25.3. 

To remove this warning, please choose a default channel explicitly with conda's regular configuration system, e.g. by adding 'defaults' to the list of channels:

  conda config --add channels defaults

For more information see https://docs.conda.io/projects/conda/en/stable/user-guide/configuration/use-condarc.html

  deprecated.topic(
JOB 13594 ARRAY_ID 37  -> i=37 ; range=[2.0e-10, 2.09e-10] ; intervals=40 (frames=41)
Completed 0 % :  mod = 1.6649756093112752e-16,  Error =-1.4210854715202004e-14
Completed 1 % :  mod = 1.698897455949535e-16,  Error =9.210083362631849e-09
Completed 2 % :  mod = 1.8020452632647516e-16,  Error =1.8419314073980786e-08
Completed 3 % :  mod = 1.978622031592065e-16,  Error =2.7628573207039153e-08
Completed 4 % :  mod = 2.235822829155573e-16,  Error =3.683816629518333e-08
Completed 5 % :  mod = 2.5841279645229577e-16,  Error =4.60468712049078e-08
Completed 6 % :  mod = 3.037730045480088e-16,  Error =5.52565779798897e-08
Completed 7 % :  mod = 3.615112289948575e-16,  Error =6.446655476111118e-08
Completed 8 % :  mod = 4.339801497640635e-16,  Error =7.367630416865723e-08
Completed 9 % :  mod = 5.241327098770919e-16,  Error =8.28857622536816e-08
Completed 10 % :  mod = 6.356424122821349e-16,  Error =9.209485085648339e-08
Completed 11 % :  mod = 7.730529907413278e-16,  Error =1.0130380445616538e-07
Completed 12 % :  mod = 9.419636023350095e-16,  Error =1.105131062217879e-07
Completed 13 % :  mod = 1.1492569484684264e-15,  Error =1.197235803829244e-07
Completed 14 % :  mod = 1.403379720842443e-15,  Error =1.2893358558585533e-07
Completed 15 % :  mod = 1.7146868060922797e-15,  Error =1.3814359078878624e-07
Completed 16 % :  mod = 2.0958632207435064e-15,  Error =1.4735299203039176e-07
Completed 17 % :  mod = 2.5624409720192675e-15,  Error =1.5656169694011624e-07
Completed 18 % :  mod = 3.1334319705364828e-15,  Error =1.657715245073632e-07
Completed 19 % :  mod = 3.83210271369403e-15,  Error =1.749819347196535e-07
Completed 20 % :  mod = 4.68692234477315e-15,  Error =1.8419212466369572e-07
Completed 21 % :  mod = 5.732722687409575e-15,  Error =1.9340160406500218e-07
Completed 22 % :  mod = 7.0121175504194836e-15,  Error =2.026104013452823e-07
Completed 23 % :  mod = 8.577239180393151e-15,  Error =2.1181995180086233e-07
Completed 24 % :  mod = 1.0491862483686764e-14,  Error =2.2102974384097251e-07
Completed 25 % :  mod = 1.2834003674287353e-14,  Error =2.3023941508881762e-07
Completed 26 % :  mod = 1.5699099306595565e-14,  Error =2.3944910054751745e-07
Completed 27 % :  mod = 1.9203895031293666e-14,  Error =2.4865843784027675e-07
Completed 28 % :  mod = 2.3491202647613916e-14,  Error =2.578682654075237e-07
Completed 28 % :  mod = 2.873571933399223e-14,  Error =2.67078178239899e-07
Completed 30 % :  mod = 3.515114607226995e-14,  Error =2.762874444783847e-07
Completed 31 % :  mod = 4.299889525134017e-14,  Error =2.854966325571695e-07
Completed 32 % :  mod = 5.2598742356371395e-14,  Error =2.947065027569806e-07
Completed 33 % :  mod = 6.434185557321497e-14,  Error =3.0391638716764646e-07
Completed 34 % :  mod = 7.870673407541563e-14,  Error =3.1312541182160203e-07
Completed 35 % :  mod = 9.62787040907754e-14,  Error =3.223355591330801e-07
Completed 36 % :  mod = 1.1777376659337673e-13,  Error =3.315447614227196e-07
Completed 37 % :  mod = 1.440677673073808e-13,  Error =3.4075514321330047e-07
Completed 38 % :  mod = 1.7623207546104003e-13,  Error =3.4996458708747014e-07
Completed 39 % :  mod = 2.155772215362868e-13,  Error =3.5917375384997285e-07
Completed 40 % :  mod = 2.6370626543643075e-13,  Error =3.683838727397415e-07
Completed 41 % :  mod = 3.2258005719676865e-13,  Error =3.775931602945093e-07
Completed 42 % :  mod = 3.9459702684947715e-13,  Error =3.868023625841488e-07
Completed 43 % :  mod = 4.826907133637363e-13,  Error =3.960130712243881e-07
Completed 44 % :  mod = 5.90448930815068e-13,  Error =4.052219253480871e-07
Completed 45 % :  mod = 7.222592886898761e-13,  Error =4.144316818610605e-07
Completed 46 % :  mod = 8.834867421215886e-13,  Error =4.2364035834907554e-07
Completed 47 % :  mod = 1.0806899421791271e-12,  Error =4.32850136178331e-07
Completed 48 % :  mod = 1.3218843520164584e-12,  Error =4.420591039888677e-07
Completed 49 % :  mod = 1.6168612962668927e-12,  Error =4.5126803627226764e-07
Completed 50 % :  mod = 1.977573103906542e-12,  Error =4.6047753698985616e-07
Completed 51 % :  mod = 2.4185948508428175e-12,  Error =4.696857942576571e-07
Completed 52 % :  mod = 2.9576720539885363e-12,  Error =4.788935612509704e-07
Completed 53 % :  mod = 3.6163593996799278e-12,  Error =4.881001274270602e-07
Completed 54 % :  mod = 4.420745224756223e-12,  Error =4.97305023827721e-07
Completed 55 % :  mod = 5.4022346121735584e-12,  Error =5.065083499289358e-07
Completed 56 % :  mod = 6.598321061730953e-12,  Error =5.157068017069832e-07
Completed 56 % :  mod = 8.05319633690151e-12,  Error =5.249019991993009e-07
Completed 57 % :  mod = 9.817903299528106e-12,  Error =5.340906810147317e-07
Completed 59 % :  mod = 1.194948627158756e-11,  Error =5.432679870409629e-07
Completed 60 % :  mod = 1.4508184044401164e-11,  Error =5.524298174464093e-07
Completed 61 % :  mod = 1.7551096802028602e-11,  Error =5.615697844518763e-07
Completed 62 % :  mod = 2.1119978879448812e-11,  Error =5.706788570591925e-07
Completed 63 % :  mod = 2.5220185943387328e-11,  Error =5.797444089239434e-07
Completed 64 % :  mod = 2.978833617764296e-11,  Error =5.887500265089329e-07
Completed 65 % :  mod = 3.4650080880255854e-11,  Error =5.976780173000407e-07
Completed 66 % :  mod = 3.947949250903536e-11,  Error =6.065164228630238e-07
Completed 67 % :  mod = 4.378826379139507e-11,  Error =6.152579032914218e-07
Completed 68 % :  mod = 4.698529351794509e-11,  Error =6.239117169570818e-07
Completed 69 % :  mod = 4.852843478025502e-11,  Error =6.32505667397254e-07
Completed 70 % :  mod = 4.812251958585403e-11,  Error =6.410848953919412e-07
Completed 71 % :  mod = 4.584736025335258e-11,  Error =6.497000626382032e-07
Completed 72 % :  mod = 4.2121828108789296e-11,  Error =6.583861988929129e-07
Completed 73 % :  mod = 3.7531539575960447e-11,  Error =6.671683578929333e-07
Completed 74 % :  mod = 3.2638660429163356e-11,  Error =6.760455235621521e-07
Completed 75 % :  mod = 2.7867214974346058e-11,  Error =6.85007911727098e-07
Completed 76 % :  mod = 2.347713885410911e-11,  Error =6.940393575405324e-07
Completed 77 % :  mod = 1.959185387896722e-11,  Error =7.03124257483978e-07
Completed 78 % :  mod = 1.62419048840894e-11,  Error =7.122467451381453e-07
Completed 79 % :  mod = 1.3403778105000986e-11,  Error =7.213967663233234e-07
Completed 80 % :  mod = 1.1027455079507667e-11,  Error =7.305650626676652e-07
Completed 81 % :  mod = 9.053469025672884e-12,  Error =7.397470938030892e-07
Completed 82 % :  mod = 7.422369307630876e-12,  Error =7.489387385817281e-07
Completed 83 % :  mod = 6.079371373184729e-12,  Error =7.581353997920814e-07
Completed 84 % :  mod = 4.9762113788642645e-12,  Error =7.67336715057354e-07
Completed 85 % :  mod = 4.071496925474022e-12,  Error =7.765402472159622e-07
Completed 86 % :  mod = 3.3303181043641556e-12,  Error =7.857458541593587e-07
Completed 87 % :  mod = 2.7235457072113408e-12,  Error =7.949533937789965e-07
Completed 88 % :  mod = 2.227042354404952e-12,  Error =8.041606847086769e-07
Completed 89 % :  mod = 1.8208980260165247e-12,  Error =8.133684659128448e-07
Completed 90 % :  mod = 1.4887390442545653e-12,  Error =8.225773981962448e-07
Completed 91 % :  mod = 1.2171268043964188e-12,  Error =8.317859112594306e-07
Completed 92 % :  mod = 9.950462753308857e-13,  Error =8.409943745846249e-07
Completed 93 % :  mod = 8.13476909477159e-13,  Error =8.50203370816871e-07
Completed 94 % :  mod = 6.650358751756149e-13,  Error =8.594132552275369e-07
Completed 95 % :  mod = 5.436831271739193e-13,  Error =8.686232035870489e-07
Completed 96 % :  mod = 4.444785156137426e-13,  Error =8.778330382597233e-07
Completed 97 % :  mod = 3.633822499494629e-13,  Error =8.870430079355174e-07
Completed 98 % :  mod = 2.9709125068142337e-13,  Error =8.962515067878485e-07
Completed 99 % :  mod = 2.429050831360013e-13,  Error =9.054613343550955e-07
Completed 100 % :  mod = 1.9861620894089754e-13,  Error =9.146707640184104e-07
Finished 38/41 frames
Finished all frames!
