/opt/local/miniconda_23_9/lib/python3.11/site-packages/conda/base/context.py:201: FutureWarning: Adding 'defaults' to channel list implicitly is deprecated and will be removed in 25.3. 

To remove this warning, please choose a default channel explicitly with conda's regular configuration system, e.g. by adding 'defaults' to the list of channels:

  conda config --add channels defaults

For more information see https://docs.conda.io/projects/conda/en/stable/user-guide/configuration/use-condarc.html

  deprecated.topic(
JOB 13523 ARRAY_ID 169  -> i=169 ; range=[1.9e-10, 6.0e-10] ; intervals=200 (frames=201)
Density options: centers='2.0e-10,4.0e-10' width='5e-11,5e-11' strength=''
Completed 0 % :  mod = 3.6686195799125036e-16,  Error =-1.4210854715202004e-14
Completed 1 % :  mod = 6.306962447605362e-16,  Error =2.1708050468305373e-07
Completed 2 % :  mod = 1.801679907307559e-15,  Error =4.3416140016461213e-07
Completed 3 % :  mod = 5.564073948531624e-15,  Error =6.512427859206582e-07
Completed 4 % :  mod = 1.7329442961440977e-14,  Error =8.683228429617884e-07
Completed 5 % :  mod = 5.402027127071191e-14,  Error =1.0854030918494573e-06
Completed 6 % :  mod = 1.6841008041835464e-13,  Error =1.3024835823216563e-06
Completed 7 % :  mod = 5.250291249550828e-13,  Error =1.5195643428000949e-06
Completed 8 % :  mod = 1.6368116824392124e-12,  Error =1.7366434619248139e-06
Completed 9 % :  mod = 5.102818349580562e-12,  Error =1.9537106297207174e-06
Completed 10 % :  mod = 1.5906799421073777e-11,  Error =2.170658540023851e-06
Completed 11 % :  mod = 4.954166148340974e-11,  Error =2.3864602667345025e-06
Completed 12 % :  mod = 1.526996906112823e-10,  Error =2.591928847550662e-06
Completed 13 % :  mod = 3.870173201367969e-10,  Error =2.740532323741718e-06
Completed 14 % :  mod = 2.0435096361146296e-10,  Error =2.859661513809897e-06
Completed 15 % :  mod = 1.0143634725036984e-10,  Error =3.052443901196966e-06
Completed 16 % :  mod = 7.221062606996236e-11,  Error =3.2624321235630305e-06
Completed 17 % :  mod = 1.3216876607056046e-10,  Error =3.465676527980577e-06
Completed 18 % :  mod = 4.089465473117516e-10,  Error =3.6135861876118724e-06
Completed 19 % :  mod = 2.2197051681132343e-10,  Error =3.7336938802923214e-06
Completed 20 % :  mod = 7.457776684409499e-11,  Error =3.926727785596995e-06
Completed 21 % :  mod = 2.6039253609781156e-11,  Error =4.140914413142127e-06
Completed 22 % :  mod = 9.302998259542388e-12,  Error =4.35766887818545e-06
Completed 23 % :  mod = 5.24977053811797e-12,  Error =4.574688112768399e-06
Completed 24 % :  mod = 1.0637766089172026e-11,  Error =4.791682073346237e-06
Completed 25 % :  mod = 3.441815667659183e-11,  Error =5.008167413222964e-06
Completed 26 % :  mod = 1.0401205395759505e-10,  Error =5.219821083812803e-06
Completed 27 % :  mod = 2.9751048011230136e-10,  Error =5.396535023294291e-06
Completed 28 % :  mod = 3.3320419529943227e-10,  Error =5.505676988093455e-06
Completed 28 % :  mod = 1.1334780927788031e-10,  Error =5.6780665360633975e-06
Completed 30 % :  mod = 5.640517057355691e-11,  Error =5.885981437359078e-06
Completed 31 % :  mod = 1.077234442579383e-10,  Error =6.095451368537397e-06
Completed 32 % :  mod = 2.81482769757171e-10,  Error =6.2780478558011055e-06
Completed 33 % :  mod = 3.438555660255415e-10,  Error =6.3900645059788985e-06
Completed 34 % :  mod = 1.1596646328820663e-10,  Error =6.555116641493441e-06
Completed 35 % :  mod = 4.020273827352406e-11,  Error =6.764595724462197e-06
Completed 36 % :  mod = 2.143697352061327e-11,  Error =6.980569231984646e-06
Completed 37 % :  mod = 3.052293586736211e-11,  Error =7.196982139134889e-06
Completed 38 % :  mod = 7.842823622037802e-11,  Error =7.410725430645471e-06
Completed 39 % :  mod = 2.3337203319568464e-10,  Error =7.6024223858439655e-06
Completed 40 % :  mod = 3.954044491045171e-10,  Error =7.721044774200436e-06
Completed 41 % :  mod = 1.2611216047322982e-10,  Error =7.872606047953923e-06
Completed 42 % :  mod = 6.61087413862795e-11,  Error =8.077765457414898e-06
Completed 43 % :  mod = 7.74451133412351e-11,  Error =8.290155136592148e-06
Completed 44 % :  mod = 1.4991456374280409e-10,  Error =8.49296525018417e-06
Completed 45 % :  mod = 3.83835851784375e-10,  Error =8.635425793102058e-06
Completed 46 % :  mod = 2.1034320169490632e-10,  Error =8.762235196968504e-06
Completed 47 % :  mod = 8.030962723797467e-11,  Error =8.958111791912415e-06
Completed 48 % :  mod = 5.0552911422094424e-11,  Error =9.170465538943517e-06
Completed 49 % :  mod = 1.0106676081772427e-10,  Error =9.380679202308784e-06
Completed 50 % :  mod = 3.0580439367531104e-10,  Error =9.559047370544249e-06
Completed 51 % :  mod = 3.3676168919362656e-10,  Error =9.671047124015786e-06
Completed 52 % :  mod = 1.0225725085149349e-10,  Error =9.841131486609811e-06
Completed 53 % :  mod = 4.525231118915782e-11,  Error =1.005104814311153e-05
Completed 54 % :  mod = 4.7803888042043886e-11,  Error =1.0266027544503231e-05
Completed 55 % :  mod = 9.440433955241609e-11,  Error =1.0477692676147399e-05
Completed 56 % :  mod = 2.661779845951987e-10,  Error =1.0658747910952115e-05
Completed 56 % :  mod = 3.799679672344683e-10,  Error =1.0772157210681144e-05
Completed 57 % :  mod = 1.2532342332445157e-10,  Error =1.0934287288932865e-05
Completed 59 % :  mod = 8.457557161696258e-11,  Error =1.1135371167370067e-05
Completed 60 % :  mod = 2.2558596321356518e-10,  Error =1.1327501411528829e-05
Completed 61 % :  mod = 3.931802266653607e-10,  Error =1.146736121881986e-05
Completed 62 % :  mod = 1.6746036695794502e-10,  Error =1.1590569599206901e-05
Completed 63 % :  mod = 1.6005373349325647e-10,  Error =1.1773305509166221e-05
Completed 64 % :  mod = 2.744295868362677e-10,  Error =1.1951893291950455e-05
Completed 65 % :  mod = 3.256548608814072e-10,  Error =1.208214433034982e-05
Completed 66 % :  mod = 1.4989034224433813e-10,  Error =1.2223866285410168e-05
Completed 67 % :  mod = 2.0421490470493774e-10,  Error =1.2409083652187292e-05
Completed 68 % :  mod = 3.036578642343765e-10,  Error =1.2575284735305559e-05
Completed 69 % :  mod = 2.7375971970453304e-10,  Error =1.2685884691165938e-05
Completed 70 % :  mod = 1.7909521868186736e-10,  Error =1.2849947594872901e-05
Completed 71 % :  mod = 1.0523912677076081e-10,  Error =1.3047843886226929e-05
Completed 72 % :  mod = 1.9900835327943634e-10,  Error =1.3233722903294165e-05
Completed 73 % :  mod = 3.827855914422999e-10,  Error =1.3351191903154813e-05
Completed 74 % :  mod = 1.767575462752704e-10,  Error =1.3497636999204587e-05
Completed 75 % :  mod = 1.0433635758604687e-10,  Error =1.3696571208754449e-05
Completed 76 % :  mod = 9.802591500224375e-11,  Error =1.3903440560625313e-05
Completed 77 % :  mod = 2.6642435267074486e-10,  Error =1.4084073733044988e-05
Completed 78 % :  mod = 3.729227158089111e-10,  Error =1.4198420750233254e-05
Completed 79 % :  mod = 1.147997805201226e-10,  Error =1.4358041575235347e-05
Completed 80 % :  mod = 1.0412108333901205e-10,  Error =1.4560583707634578e-05
Completed 81 % :  mod = 1.9330974466095793e-10,  Error =1.4759837192457326e-05
Completed 82 % :  mod = 3.283451342336258e-10,  Error =1.4913990426634882e-05
Completed 83 % :  mod = 2.395623408317601e-10,  Error =1.5026458420663857e-05
Completed 84 % :  mod = 1.3150414494463946e-10,  Error =1.5205766693782152e-05
Completed 85 % :  mod = 1.7819185382192686e-10,  Error =1.539871179545571e-05
Completed 86 % :  mod = 2.917672899027992e-10,  Error =1.555310988266001e-05
Completed 87 % :  mod = 2.771763767658821e-10,  Error =1.567142639657959e-05
Completed 88 % :  mod = 2.1785613758073585e-10,  Error =1.5841839498875743e-05
Completed 89 % :  mod = 1.7600454923302802e-10,  Error =1.60199382790438e-05
Completed 90 % :  mod = 3.416076103382781e-10,  Error =1.6142852928169305e-05
Completed 91 % :  mod = 2.2942844591313895e-10,  Error =1.628652611174175e-05
Completed 92 % :  mod = 1.1801954572328953e-10,  Error =1.647668555904147e-05
Completed 93 % :  mod = 1.5579412600837598e-10,  Error =1.666792122989591e-05
Completed 94 % :  mod = 4.1971540536677414e-10,  Error =1.679925024689055e-05
Completed 95 % :  mod = 2.1395722003613226e-10,  Error =1.6931396800146103e-05
Completed 96 % :  mod = 7.161990902601708e-11,  Error =1.7125485015867525e-05
Completed 97 % :  mod = 7.300425183774961e-11,  Error =1.7335792620087886e-05
Completed 98 % :  mod = 1.8760121777321646e-10,  Error =1.7536735008150117e-05
Completed 99 % :  mod = 3.4835322410265207e-10,  Error =1.7683550964875394e-05
Completed 100 % :  mod = 2.0117802421980864e-10,  Error =1.7805859449993022e-05
Finished 170/201 frames
Finished all frames!
