/opt/local/miniconda_23_9/lib/python3.11/site-packages/conda/base/context.py:201: FutureWarning: Adding 'defaults' to channel list implicitly is deprecated and will be removed in 25.3. 

To remove this warning, please choose a default channel explicitly with conda's regular configuration system, e.g. by adding 'defaults' to the list of channels:

  conda config --add channels defaults

For more information see https://docs.conda.io/projects/conda/en/stable/user-guide/configuration/use-condarc.html

  deprecated.topic(
JOB 13483 ARRAY_ID 129  -> i=129 ; range=[1.9e-10, 6.0e-10] ; intervals=200 (frames=201)
Density options: centers='2.0e-10,4.0e-10' width='5e-11,5e-11' strength=''
Completed 0 % :  mod = 3.2216987318887347e-16,  Error =-1.4210854715202004e-14
Completed 1 % :  mod = 4.997044181276329e-16,  Error =1.2910694380252608e-07
Completed 2 % :  mod = 1.2279720098733805e-15,  Error =2.5821358917710313e-07
Completed 3 % :  mod = 3.30960919454961e-15,  Error =3.8732010665398775e-07
Completed 4 % :  mod = 9.038825005187911e-15,  Error =5.164276046798477e-07
Completed 5 % :  mod = 2.4729889249453848e-14,  Error =6.455342074218606e-07
Completed 6 % :  mod = 6.767620039505851e-14,  Error =7.746413217546433e-07
Completed 7 % :  mod = 1.8520963955577886e-13,  Error =9.037468657879799e-07
Completed 8 % :  mod = 5.068657536846068e-13,  Error =1.0328543922355493e-06
Completed 9 % :  mod = 1.3871447284647623e-12,  Error =1.1619605899682028e-06
Completed 10 % :  mod = 3.796162247106531e-12,  Error =1.291061714425723e-06
Completed 11 % :  mod = 1.0387804641358418e-11,  Error =1.4201209026509787e-06
Completed 12 % :  mod = 2.8403526524711533e-11,  Error =1.5488727527213086e-06
Completed 13 % :  mod = 7.721240753661392e-11,  Error =1.6753828191440334e-06
Completed 14 % :  mod = 1.996894800935067e-10,  Error =1.7879169931234173e-06
Completed 15 % :  mod = 3.281567488997098e-10,  Error =1.8614464849520118e-06
Completed 16 % :  mod = 1.4320127626277617e-10,  Error =1.945429247030006e-06
Completed 17 % :  mod = 6.769959097088972e-11,  Error =2.06402204838696e-06
Completed 18 % :  mod = 3.94065004228511e-11,  Error =2.1907883080984902e-06
Completed 19 % :  mod = 4.930269933323748e-11,  Error =2.3180886472573548e-06
Completed 20 % :  mod = 1.238640301785861e-10,  Error =2.4401453728728484e-06
Completed 21 % :  mod = 2.905823737936464e-10,  Error =2.5366574902818684e-06
Completed 22 % :  mod = 2.4351104899121493e-10,  Error =2.6029712358877077e-06
Completed 23 % :  mod = 1.0793294402997537e-10,  Error =2.706754578696291e-06
Completed 24 % :  mod = 3.9332821068388916e-11,  Error =2.8310654798247015e-06
Completed 25 % :  mod = 2.3448078377473736e-11,  Error =2.9592284889190523e-06
Completed 26 % :  mod = 3.3968215977931536e-11,  Error =3.0876414456315615e-06
Completed 27 % :  mod = 7.446007857571329e-11,  Error =3.2141176546929273e-06
Completed 28 % :  mod = 1.8589356709557484e-10,  Error =3.327719248602534e-06
Completed 28 % :  mod = 3.3974104241899456e-10,  Error =3.403133604251707e-06
Completed 30 % :  mod = 1.4984723291048205e-10,  Error =3.483989047481373e-06
Completed 31 % :  mod = 7.572196562110478e-11,  Error =3.6007488688483136e-06
Completed 32 % :  mod = 5.372890141778906e-11,  Error =3.7265398091790303e-06
Completed 33 % :  mod = 7.485314399278751e-11,  Error =3.85190931950774e-06
Completed 34 % :  mod = 1.8603933970255792e-10,  Error =3.965018443352619e-06
Completed 35 % :  mod = 3.434127621654285e-10,  Error =4.04257551167575e-06
Completed 36 % :  mod = 1.52674956958417e-10,  Error =4.120765986215247e-06
Completed 37 % :  mod = 9.222651829143591e-11,  Error =4.234805182079526e-06
Completed 38 % :  mod = 9.201844053662922e-11,  Error =4.357517504161024e-06
Completed 39 % :  mod = 1.4068371484124717e-10,  Error =4.474505239215887e-06
Completed 40 % :  mod = 3.0155876062463096e-10,  Error =4.559060172937279e-06
Completed 41 % :  mod = 2.314088214106473e-10,  Error =4.6342170492152945e-06
Completed 42 % :  mod = 8.534196003905356e-11,  Error =4.7438312904546365e-06
Completed 43 % :  mod = 5.35413926559328e-11,  Error =4.8678554236403215e-06
Completed 44 % :  mod = 1.0212781889815256e-10,  Error =4.991709104729125e-06
Completed 45 % :  mod = 2.0720799640349276e-10,  Error =5.101963971299028e-06
Completed 46 % :  mod = 2.9917228723057985e-10,  Error =5.172902604044793e-06
Completed 47 % :  mod = 1.6019019567399057e-10,  Error =5.260228327585992e-06
Completed 48 % :  mod = 5.595472221780071e-11,  Error =5.379563809526644e-06
Completed 49 % :  mod = 2.498627981309317e-11,  Error =5.506903100638283e-06
Completed 50 % :  mod = 3.383008395826863e-11,  Error =5.6352387716174235e-06
Completed 51 % :  mod = 6.842956124825736e-11,  Error =5.7622841538318426e-06
Completed 52 % :  mod = 1.5324698521286467e-10,  Error =5.879888121285148e-06
Completed 53 % :  mod = 3.366480145905332e-10,  Error =5.96167286914806e-06
Completed 54 % :  mod = 1.789141571560185e-10,  Error =6.036295232547673e-06
Completed 55 % :  mod = 7.834705167374458e-11,  Error =6.1501938262154e-06
Completed 56 % :  mod = 3.795826604007991e-11,  Error =6.27653320606214e-06
Completed 56 % :  mod = 2.7225954124710657e-11,  Error =6.404782340041493e-06
Completed 57 % :  mod = 5.130643900287199e-11,  Error =6.532314102969394e-06
Completed 59 % :  mod = 1.416002462452601e-10,  Error =6.653256576782951e-06
Completed 60 % :  mod = 2.881177739651396e-10,  Error =6.744485411047663e-06
Completed 61 % :  mod = 2.325064686279417e-10,  Error =6.813707244646139e-06
Completed 62 % :  mod = 1.0734331065365882e-10,  Error =6.921083226529845e-06
Completed 63 % :  mod = 5.151350527496007e-11,  Error =7.0445249278350275e-06
Completed 64 % :  mod = 7.998819437939552e-11,  Error =7.1690866363383066e-06
Completed 65 % :  mod = 2.0834040914800624e-10,  Error =7.282250408024993e-06
Completed 66 % :  mod = 2.9491708956901896e-10,  Error =7.360693793145856e-06
Completed 67 % :  mod = 1.660882291960286e-10,  Error =7.440615085840818e-06
Completed 68 % :  mod = 9.848931669967427e-11,  Error =7.555602557829388e-06
Completed 69 % :  mod = 7.753101541616368e-11,  Error =7.678545522082914e-06
Completed 70 % :  mod = 1.3825565863077093e-10,  Error =7.795285910106031e-06
Completed 71 % :  mod = 3.4037465707128857e-10,  Error =7.880533743787055e-06
Completed 72 % :  mod = 2.024473177020296e-10,  Error =7.95267482089912e-06
Completed 73 % :  mod = 8.775676991732785e-11,  Error =8.062070776304608e-06
Completed 74 % :  mod = 5.171789672111422e-11,  Error =8.18699998461625e-06
Completed 75 % :  mod = 5.611643960544009e-11,  Error =8.313703439455367e-06
Completed 76 % :  mod = 1.1554617592783092e-10,  Error =8.435447753640801e-06
Completed 77 % :  mod = 3.0154239256412556e-10,  Error =8.530567484399398e-06
Completed 78 % :  mod = 2.474428780446217e-10,  Error =8.598983832541762e-06
Completed 79 % :  mod = 9.577217904200549e-11,  Error =8.70327968982565e-06
Completed 80 % :  mod = 3.8905211198060675e-11,  Error =8.828112591174886e-06
Completed 81 % :  mod = 1.7668202542417727e-11,  Error =8.956514299995888e-06
Completed 82 % :  mod = 1.5716910752535845e-11,  Error =9.085375516804106e-06
Completed 83 % :  mod = 3.259234895764501e-11,  Error =9.213943229724464e-06
Completed 84 % :  mod = 8.529946201737365e-11,  Error =9.339932070417944e-06
Completed 85 % :  mod = 2.0673528855234062e-10,  Error =9.450341934780226e-06
Completed 86 % :  mod = 3.281724379634489e-10,  Error =9.52129651921041e-06
Completed 87 % :  mod = 1.3665148587158236e-10,  Error =9.608386967840943e-06
Completed 88 % :  mod = 6.256725583129252e-11,  Error =9.727750075683161e-06
Completed 89 % :  mod = 4.470937010578423e-11,  Error =9.854458873803651e-06
Completed 90 % :  mod = 6.37756681708429e-11,  Error =9.98103956817431e-06
Completed 91 % :  mod = 1.4807999079226897e-10,  Error =1.0099298286547764e-05
Completed 92 % :  mod = 3.343900262288878e-10,  Error =1.0184391911138846e-05
Completed 93 % :  mod = 1.9083741081851494e-10,  Error =1.0255935940506333e-05
Completed 94 % :  mod = 8.864852648105618e-11,  Error =1.0367301875646717e-05
Completed 95 % :  mod = 4.259555947674789e-11,  Error =1.049282134601981e-05
Completed 96 % :  mod = 4.0953719767859387e-11,  Error =1.062035706667075e-05
Completed 97 % :  mod = 9.214325151843142e-11,  Error =1.0745322384764222e-05
Completed 98 % :  mod = 2.3078450861575557e-10,  Error =1.0853777091313077e-05
Completed 99 % :  mod = 3.005741126517099e-10,  Error =1.0923779754534735e-05
Completed 100 % :  mod = 1.316996739048481e-10,  Error =1.1014249700735945e-05
Finished 130/201 frames
Finished all frames!
