/opt/local/miniconda_23_9/lib/python3.11/site-packages/conda/base/context.py:201: FutureWarning: Adding 'defaults' to channel list implicitly is deprecated and will be removed in 25.3. 

To remove this warning, please choose a default channel explicitly with conda's regular configuration system, e.g. by adding 'defaults' to the list of channels:

  conda config --add channels defaults

For more information see https://docs.conda.io/projects/conda/en/stable/user-guide/configuration/use-condarc.html

  deprecated.topic(
JOB 13284 ARRAY_ID 0  -> i=0 ; range=[1.9e-10, 6.0e-10] ; intervals=6
THIS SHOULD ONLY BE REACHED ONCE
Completed 0 % :  mod = 1.5200000003604552e-16,  Error =-1.4210854715202004e-14
Completed 1 % :  mod = 1.4821581954641192e-16,  Error =6.3967746655180235e-09
Completed 2 % :  mod = 1.370516946733057e-16,  Error =1.2793130110821949e-08
Completed 3 % :  mod = 1.1906351312223905e-16,  Error =1.919017478257956e-08
Completed 4 % :  mod = 9.514693344598005e-17,  Error =2.5586849972114578e-08
Completed 5 % :  mod = 6.649281246894403e-17,  Error =3.198486808742018e-08
Completed 6 % :  mod = 3.452789131909354e-17,  Error =3.8381557487809914e-08
Completed 7 % :  mod = 8.437570018358606e-19,  Error =4.477871584640525e-08
Completed 8 % :  mod = 3.288238707869761e-17,  Error =5.1175661042179854e-08
Completed 9 % :  mod = 6.497125038659363e-17,  Error =5.757275545192897e-08
Completed 10 % :  mod = 9.382507907818318e-17,  Error =6.396982854539601e-08
Completed 11 % :  mod = 1.1800718326578261e-16,  Error =7.036646110236688e-08
Completed 12 % :  mod = 1.3631348431496917e-16,  Error =7.676410973544989e-08
Completed 13 % :  mod = 1.4783248652466561e-16,  Error =8.316133204289144e-08
Completed 14 % :  mod = 1.5199063624811385e-16,  Error =8.95580853921274e-08
Completed 15 % :  mod = 1.4858088971270275e-16,  Error =9.595574823606512e-08
Completed 16 % :  mod = 1.3777302305082185e-16,  Error =1.023530487032076e-07
Completed 17 % :  mod = 1.201051758773628e-16,  Error =1.0874992995013599e-07
Completed 18 % :  mod = 9.64570760736765e-17,  Error =1.151468751459106e-07
Completed 19 % :  mod = 6.800619513090357e-17,  Error =1.2154434614330967e-07
Completed 20 % :  mod = 3.61691511406701e-17,  Error =1.279416892430163e-07
Completed 21 % :  mod = 2.531188339145115e-18,  Error =1.343391033969965e-07
Completed 22 % :  mod = 3.123280819830303e-17,  Error =1.407351959414882e-07
Completed 23 % :  mod = 6.344167266561365e-17,  Error =1.471325106194854e-07
Completed 24 % :  mod = 9.249165141964094e-17,  Error =1.535287381670969e-07
Completed 25 % :  mod = 1.169362974086895e-16,  Error =1.5992619495364124e-07
Completed 26 % :  mod = 1.355584685934165e-16,  Error =1.6632402832783555e-07
Completed 27 % :  mod = 1.474309349533254e-16,  Error =1.7272121510814031e-07
Completed 28 % :  mod = 1.5196253893895816e-16,  Error =1.7911879268694975e-07
Completed 28 % :  mod = 1.4892764217112376e-16,  Error =1.8551667579913556e-07
Completed 30 % :  mod = 1.3847736434388103e-16,  Error =1.9191348599179037e-07
Completed 31 % :  mod = 1.2113204693707407e-16,  Error =1.983104596092744e-07
Completed 32 % :  mod = 9.775532735968204e-17,  Error =2.047072200639377e-07
Completed 33 % :  mod = 6.951119142222273e-17,  Error =2.1110415815428496e-07
Completed 34 % :  mod = 3.78059700880318e-17,  Error =2.1750096834693977e-07
Completed 35 % :  mod = 4.2183130509410534e-18,  Error =2.238986311908775e-07
Completed 36 % :  mod = 2.957938468581888e-17,  Error =2.3029595297430205e-07
Completed 37 % :  mod = 6.190426175102795e-17,  Error =2.3669282711580308e-07
Completed 38 % :  mod = 9.114681435551217e-17,  Error =2.430896870464494e-07
Completed 39 % :  mod = 1.1585099658525417e-16,  Error =2.4948698040816453e-07
Completed 40 % :  mod = 1.3478674511595995e-16,  Error =2.5588428798073437e-07
Completed 41 % :  mod = 1.470112081042771e-16,  Error =2.622815600261674e-07
Completed 42 % :  mod = 1.5191570412777178e-16,  Error =2.686779581040355e-07
Completed 43 % :  mod = 1.4925604233518557e-16,  Error =2.750755427882723e-07
Completed 44 % :  mod = 1.3916464353754145e-16,  Error =2.814725377220384e-07
Completed 45 % :  mod = 1.2214397373824866e-16,  Error =2.8786979555661674e-07
Completed 46 % :  mod = 9.904153184574031e-17,  Error =2.942664778515791e-07
Completed 47 % :  mod = 7.100763280485172e-17,  Error =3.0066400569239704e-07
Completed 48 % :  mod = 3.9438129733798145e-17,  Error =3.070612919486848e-07
Completed 49 % :  mod = 5.9049258930341865e-18,  Error =3.1345816609018584e-07
Completed 50 % :  mod = 2.792229469526959e-17,  Error =3.1985533155420853e-07
Completed 51 % :  mod = 6.03592092385459e-17,  Error =3.262522980662652e-07
Completed 52 % :  mod = 8.979072727316117e-17,  Error =3.32649683798536e-07
Completed 53 % :  mod = 1.1475141112812186e-16,  Error =3.3904615293067764e-07
Completed 54 % :  mod = 1.3399839934069658e-16,  Error =3.4544351734666634e-07
Completed 55 % :  mod = 1.4657334769844281e-16,  Error =3.518402706959023e-07
Completed 56 % :  mod = 1.5185015326955182e-16,  Error =3.5823730826223255e-07
Completed 56 % :  mod = 1.4956605417083274e-16,  Error =3.646344950425373e-07
Completed 57 % :  mod = 1.398347679875745e-16,  Error =3.7103175287711565e-07
Completed 59 % :  mod = 1.2314086151700763e-16,  Error =3.77428435172078e-07
Completed 60 % :  mod = 1.0031554710168957e-16,  Error =3.838259416966139e-07
Completed 61 % :  mod = 7.24953296993339e-17,  Error =3.9022310716063657e-07
Completed 62 % :  mod = 4.106543538033245e-17,  Error =3.966207486882922e-07
Completed 63 % :  mod = 7.590815830970736e-18,  Error =4.0301763704064797e-07
Completed 64 % :  mod = 2.6261751329060465e-17,  Error =4.094148309263801e-07
Completed 65 % :  mod = 5.880670729256357e-17,  Error =4.1581203191753957e-07
Completed 66 % :  mod = 8.842357995883971e-17,  Error =4.2220928264669055e-07
Completed 67 % :  mod = 1.1363765622219289e-16,  Error =4.2860668258981605e-07
Completed 68 % :  mod = 1.331935133136034e-16,  Error =4.3500361357473594e-07
Completed 69 % :  mod = 1.4611743180099288e-16,  Error =4.4140057298136526e-07
Completed 70 % :  mod = 1.5176587219883031e-16,  Error =4.4779762475855023e-07
Completed 71 % :  mod = 1.4985760938396597e-16,  Error =4.541946410085984e-07
Completed 72 % :  mod = 1.4048766288583351e-16,  Error =4.605928936030068e-07
Completed 73 % :  mod = 1.241225716172008e-16,  Error =4.6698971800651634e-07
Completed 74 % :  mod = 1.0157718633980775e-16,  Error =4.733865708317353e-07
Completed 75 % :  mod = 7.3974080221901e-17,  Error =4.797830399638769e-07
Completed 76 % :  mod = 4.268767454561487e-17,  Error =4.861801059519166e-07
Completed 77 % :  mod = 9.275780774187299e-18,  Error =4.925769587771356e-07
Completed 78 % :  mod = 2.4597988989497592e-17,  Error =4.989736197558159e-07
Completed 79 % :  mod = 5.724697723559359e-17,  Error =5.053709060121037e-07
Completed 80 % :  mod = 8.704551013811981e-17,  Error =5.117685688560414e-07
Completed 81 % :  mod = 1.1250990790184135e-16,  Error =5.181653008889953e-07
Completed 82 % :  mod = 1.3237223613398579e-16,  Error =5.245621181870774e-07
Completed 83 % :  mod = 1.4564348264240626e-16,  Error =5.309592054913992e-07
Completed 84 % :  mod = 1.5166288418006198e-16,  Error =5.373564420096955e-07
Completed 85 % :  mod = 1.5013071438523498e-16,  Error =5.437537424768379e-07
Completed 86 % :  mod = 1.4112324525576332e-16,  Error =5.501509292571427e-07
Completed 87 % :  mod = 1.2508899402380673e-16,  Error =5.56547767871507e-07
Completed 88 % :  mod = 1.0282631927914838e-16,  Error =5.629441872656571e-07
Completed 89 % :  mod = 7.544373775478947e-17,  Error =5.693418287933127e-07
Completed 90 % :  mod = 4.430468148333016e-17,  Error =5.757391363658826e-07
Completed 91 % :  mod = 1.0959590818172373e-17,  Error =5.821363018299053e-07
Completed 92 % :  mod = 2.293117905806413e-17,  Error =5.885333536070902e-07
Completed 93 % :  mod = 5.568014852140184e-17,  Error =5.949296948415395e-07
Completed 94 % :  mod = 8.565673329155101e-17,  Error =6.013270024141093e-07
Completed 95 % :  mod = 1.1136829494874888e-16,  Error =6.077232583834302e-07
Completed 96 % :  mod = 1.3153460461138104e-16,  Error =6.141199904163841e-07
Completed 97 % :  mod = 1.451515939525861e-16,  Error =6.205160616445937e-07
Completed 98 % :  mod = 1.5154121004785849e-16,  Error =6.269128647318212e-07
Completed 99 % :  mod = 1.5038529958807076e-16,  Error =6.333095683430656e-07
Completed 100 % :  mod = 1.4174143739408512e-16,  Error =6.39705554306147e-07
Finished 1/6 frames
Finished all frames!
