/opt/local/miniconda_23_9/lib/python3.11/site-packages/conda/base/context.py:201: FutureWarning: Adding 'defaults' to channel list implicitly is deprecated and will be removed in 25.3. 

To remove this warning, please choose a default channel explicitly with conda's regular configuration system, e.g. by adding 'defaults' to the list of channels:

  conda config --add channels defaults

For more information see https://docs.conda.io/projects/conda/en/stable/user-guide/configuration/use-condarc.html

  deprecated.topic(
JOB 14059 ARRAY_ID 188  -> i=188 ; range=[1.9e-10, 5.0e-10] ; intervals=200 (frames=201)
Analytic t0 extension enabled (--extend-time-using-t0).
Density options: centers='2.0e-10,4.0e-10' width='2.0e-11,5.0e-11' strength='7.0'
Completed 0 % :  mod = 3.751805223620616e-16,  Error =-1.4210854715202004e-14
Completed 1 % :  mod = 6.570400392748697e-16,  Error =2.374495693402423e-07
Completed 2 % :  mod = 1.9261202823364882e-15,  Error =4.748986555114243e-07
Completed 3 % :  mod = 6.089249195907338e-15,  Error =7.123484238036326e-07
Completed 4 % :  mod = 1.9401642506880056e-14,  Error =9.497977089267806e-07
Completed 5 % :  mod = 6.186553760766825e-14,  Error =1.187247079315057e-06
Completed 6 % :  mod = 1.972841042753372e-13,  Error =1.4246965349684615e-06
Completed 7 % :  mod = 6.291273998798349e-13,  Error =1.6621456779830623e-06
Completed 8 % :  mod = 2.006249590395174e-12,  Error =1.8995915667119334e-06
Completed 9 % :  mod = 6.397740402093904e-12,  Error =2.137018633163734e-06
Completed 10 % :  mod = 2.039951335828488e-11,  Error =2.3742425270256717e-06
Completed 11 % :  mod = 6.496732424658798e-11,  Error =2.6094359810713286e-06
Completed 12 % :  mod = 2.033085791835264e-10,  Error =2.826395395061354e-06
Completed 13 % :  mod = 4.294379157294691e-10,  Error =2.966165929763065e-06
Completed 14 % :  mod = 1.4467530044846725e-10,  Error =3.118328194773312e-06
Completed 15 % :  mod = 8.342676415206848e-11,  Error =3.33855232526048e-06
Completed 16 % :  mod = 1.0999143040792796e-10,  Error =3.5671846845275468e-06
Completed 17 % :  mod = 2.165216066689524e-10,  Error =3.7741508478461583e-06
Completed 18 % :  mod = 3.9901663830043403e-10,  Error =3.896871419328818e-06
Completed 19 % :  mod = 1.4959593957013356e-10,  Error =4.066444169836814e-06
Completed 20 % :  mod = 5.643413254625556e-11,  Error =4.291173532067205e-06
Completed 21 % :  mod = 6.157742918890188e-11,  Error =4.524596782573553e-06
Completed 22 % :  mod = 1.569602068047098e-10,  Error =4.749577350082745e-06
Completed 23 % :  mod = 3.543467007861663e-10,  Error =4.920330162860864e-06
Completed 24 % :  mod = 2.3008548185793059e-10,  Error =5.046238612749221e-06
Completed 25 % :  mod = 1.495457237900411e-10,  Error =5.248774506583231e-06
Completed 26 % :  mod = 1.5299026180383755e-10,  Error =5.464763688678431e-06
Completed 27 % :  mod = 2.9323355761942793e-10,  Error =5.637860127194472e-06
Completed 28 % :  mod = 3.21527033976627e-10,  Error =5.768704689046444e-06
Completed 28 % :  mod = 1.6893038117078595e-10,  Error =5.957547394075391e-06
Completed 30 % :  mod = 1.6906897235697596e-10,  Error =6.156258095302292e-06
Completed 31 % :  mod = 3.766102044843898e-10,  Error =6.2933447892987715e-06
Completed 32 % :  mod = 2.30336661906004e-10,  Error =6.4484383699436876e-06
Completed 33 % :  mod = 1.1934833377167022e-10,  Error =6.658856499086596e-06
Completed 34 % :  mod = 1.28115470574362e-10,  Error =6.876769056418652e-06
Completed 35 % :  mod = 4.1510848348898876e-10,  Error =7.039785245410712e-06
Completed 36 % :  mod = 2.441965669483301e-10,  Error =7.171678070960752e-06
Completed 37 % :  mod = 7.406478590510823e-11,  Error =7.378842568073196e-06
Completed 38 % :  mod = 7.51590802775036e-11,  Error =7.6096803525160794e-06
Completed 39 % :  mod = 1.4667571161891165e-10,  Error =7.836669865923795e-06
Completed 40 % :  mod = 3.0520619868085543e-10,  Error =8.022367822491105e-06
Completed 41 % :  mod = 3.1010828948335303e-10,  Error =8.139211509217148e-06
Completed 42 % :  mod = 1.1580977360703505e-10,  Error =8.332290356349858e-06
Completed 43 % :  mod = 9.346597439306972e-11,  Error =8.554805873473015e-06
Completed 44 % :  mod = 2.1843466357912357e-10,  Error =8.763038451320426e-06
Completed 45 % :  mod = 4.3588548211516603e-10,  Error =8.899474686074882e-06
Completed 46 % :  mod = 1.8193590547738863e-10,  Error =9.048425162916374e-06
Completed 47 % :  mod = 1.0394360209952219e-10,  Error =9.258391187927373e-06
Completed 48 % :  mod = 2.339582100414964e-10,  Error =9.463986359037335e-06
Completed 49 % :  mod = 4.054956045906352e-10,  Error =9.614542335611986e-06
Completed 50 % :  mod = 1.6600789887776084e-10,  Error =9.75185747620344e-06
Completed 51 % :  mod = 2.0428396957506506e-10,  Error =9.94840826251675e-06
Completed 52 % :  mod = 3.2679003451076704e-10,  Error =1.012762272978307e-05
Completed 53 % :  mod = 3.2787253896073025e-10,  Error =1.0258555477093978e-05
Completed 54 % :  mod = 1.3375795910593684e-10,  Error =1.0434656452673607e-05
Completed 55 % :  mod = 1.6143114954673561e-10,  Error =1.0643639107854597e-05
Completed 56 % :  mod = 3.687103214065511e-10,  Error =1.082103297278536e-05
Completed 56 % :  mod = 2.5236756267354236e-10,  Error =1.0939757515870951e-05
Completed 57 % :  mod = 1.743604130539111e-10,  Error =1.1128948465000121e-05
Completed 59 % :  mod = 1.1693987428800198e-10,  Error =1.1348142848532916e-05
Completed 60 % :  mod = 2.04224785039482e-10,  Error =1.1550591899833762e-05
Completed 61 % :  mod = 4.099636437340767e-10,  Error =1.1674753501722535e-05
Completed 62 % :  mod = 1.3854131666084238e-10,  Error =1.1840344818381254e-05
Completed 63 % :  mod = 1.088335438782249e-10,  Error =1.2059131833552783e-05
Completed 64 % :  mod = 1.6281221528881355e-10,  Error =1.2280487382554384e-05
Completed 65 % :  mod = 3.435671669159098e-10,  Error =1.2455500964847488e-05
Completed 66 % :  mod = 2.8533358214812096e-10,  Error =1.257585595482169e-05
Completed 67 % :  mod = 9.693407591481321e-11,  Error =1.2773936269638853e-05
Completed 68 % :  mod = 9.74111857007237e-11,  Error =1.299767519924444e-05
Completed 69 % :  mod = 2.3622338401779263e-10,  Error =1.3205750740041822e-05
Completed 70 % :  mod = 4.0608034519367575e-10,  Error =1.3339229560926924e-05
Completed 71 % :  mod = 1.9102213491948092e-10,  Error =1.3491887166594552e-05
Completed 72 % :  mod = 9.256830920255957e-11,  Error =1.3705684359877068e-05
Completed 73 % :  mod = 1.7709900809447021e-10,  Error =1.391847303011673e-05
Completed 74 % :  mod = 4.134647241453154e-10,  Error =1.4077087804764687e-05
Completed 75 % :  mod = 1.8340125399503502e-10,  Error =1.4204677015072775e-05
Completed 76 % :  mod = 1.963764281416851e-10,  Error =1.4403900784998314e-05
Completed 77 % :  mod = 2.347789181810067e-10,  Error =1.4604367478909808e-05
Completed 78 % :  mod = 3.4979673582663044e-10,  Error =1.4751811768576317e-05
Completed 79 % :  mod = 1.859522712041492e-10,  Error =1.4896970576216972e-05
Completed 80 % :  mod = 1.6130662550324861e-10,  Error =1.5094486556677111e-05
Completed 81 % :  mod = 3.360974012306415e-10,  Error =1.5276466470481864e-05
Completed 82 % :  mod = 2.6614996827499117e-10,  Error =1.5399036612961936e-05
Completed 83 % :  mod = 1.9517902903628244e-10,  Error =1.5576042251552735e-05
Completed 84 % :  mod = 1.5684176165089847e-10,  Error =1.578842713456652e-05
Completed 85 % :  mod = 2.250451084087236e-10,  Error =1.5982716682572118e-05
Completed 86 % :  mod = 3.757381043509322e-10,  Error =1.6101615528896218e-05
Completed 87 % :  mod = 1.3595986336923527e-10,  Error =1.627433805850842e-05
Completed 88 % :  mod = 1.2638249584274606e-10,  Error =1.6490611230324248e-05
Completed 89 % :  mod = 2.119288885626512e-10,  Error =1.6699681658849386e-05
Completed 90 % :  mod = 4.208691195376679e-10,  Error =1.684000036306088e-05
Completed 91 % :  mod = 1.968517610350764e-10,  Error =1.698362161306477e-05
Completed 92 % :  mod = 1.0867010293325052e-10,  Error =1.71929669576798e-05
Completed 93 % :  mod = 1.9367431388322677e-10,  Error =1.7406185882862246e-05
Completed 94 % :  mod = 3.843777818613358e-10,  Error =1.7567253834727126e-05
Completed 95 % :  mod = 2.0730695918449585e-10,  Error =1.7692337529240376e-05
Completed 96 % :  mod = 2.083643107885106e-10,  Error =1.7889205381038664e-05
Completed 97 % :  mod = 1.959700587256487e-10,  Error =1.8091441205569936e-05
Completed 98 % :  mod = 3.6972092705015384e-10,  Error =1.8238225273137232e-05
Completed 99 % :  mod = 1.8361236907224866e-10,  Error =1.838109056961912e-05
Completed 100 % :  mod = 1.6323775766945926e-10,  Error =1.8580136305956785e-05
Finished 189/201 frames
Finished all frames!
