/opt/local/miniconda_23_9/lib/python3.11/site-packages/conda/base/context.py:201: FutureWarning: Adding 'defaults' to channel list implicitly is deprecated and will be removed in 25.3. 

To remove this warning, please choose a default channel explicitly with conda's regular configuration system, e.g. by adding 'defaults' to the list of channels:

  conda config --add channels defaults

For more information see https://docs.conda.io/projects/conda/en/stable/user-guide/configuration/use-condarc.html

  deprecated.topic(
JOB 14066 ARRAY_ID 195  -> i=195 ; range=[1.9e-10, 5.0e-10] ; intervals=200 (frames=201)
Analytic t0 extension enabled (--extend-time-using-t0).
Density options: centers='2.0e-10,4.0e-10' width='2.0e-11,5.0e-11' strength='7.0'
Completed 0 % :  mod = 3.876605920695722e-16,  Error =-1.4210854715202004e-14
Completed 1 % :  mod = 6.977514234652487e-16,  Error =2.7065571828188695e-07
Completed 2 % :  mod = 2.124109003907758e-15,  Error =5.413110315544145e-07
Completed 3 % :  mod = 6.948628484854264e-15,  Error =8.119662311401044e-07
Completed 4 % :  mod = 2.288960424145047e-14,  Error =1.0826218286297262e-06
Completed 5 % :  mod = 7.544950226956526e-14,  Error =1.3532768505797321e-06
Completed 6 % :  mod = 2.4871395268164353e-13,  Error =1.6239323556987983e-06
Completed 7 % :  mod = 8.19872352241972e-13,  Error =1.8945858926144865e-06
Completed 8 % :  mod = 2.702664108990391e-12,  Error =2.1652365873592316e-06
Completed 9 % :  mod = 8.90907713798792e-12,  Error =2.4358474774999195e-06
Completed 10 % :  mod = 2.9364035482379756e-11,  Error =2.7060161542635797e-06
Completed 11 % :  mod = 9.661748871753764e-11,  Error =2.9715213685221897e-06
Completed 12 % :  mod = 3.0417741151705123e-10,  Error =3.197776301533395e-06
Completed 13 % :  mod = 3.6913148834573903e-10,  Error =3.33353993653418e-06
Completed 14 % :  mod = 1.2155780521785527e-10,  Error =3.5476892819019668e-06
Completed 15 % :  mod = 7.086083070046034e-11,  Error =3.8052635744634244e-06
Completed 16 % :  mod = 1.817709498239652e-10,  Error =4.055773601407964e-06
Completed 17 % :  mod = 4.4070107889313927e-10,  Error =4.240424786416952e-06
Completed 18 % :  mod = 1.903782916033533e-10,  Error =4.38464049778986e-06
Completed 19 % :  mod = 1.3131212499062855e-10,  Error =4.619980131792545e-06
Completed 20 % :  mod = 1.8873299346423996e-10,  Error =4.866853380747216e-06
Completed 21 % :  mod = 3.2926238062877743e-10,  Error =5.065041413843119e-06
Completed 22 % :  mod = 2.3343181025643373e-10,  Error =5.203739057435541e-06
Completed 23 % :  mod = 2.3247062279764322e-10,  Error =5.42006848291976e-06
Completed 24 % :  mod = 2.6284647345900604e-10,  Error =5.6382056783377266e-06
Completed 25 % :  mod = 3.195145212259542e-10,  Error =5.787407260982036e-06
Completed 26 % :  mod = 2.0133095261505092e-10,  Error =5.978136940143486e-06
Completed 27 % :  mod = 1.2743453341258652e-10,  Error =6.2208816942188605e-06
Completed 28 % :  mod = 2.4067809851015316e-10,  Error =6.447591289315824e-06
Completed 28 % :  mod = 3.6724712164818895e-10,  Error =6.584802697773284e-06
Completed 30 % :  mod = 1.7173508285345824e-10,  Error =6.782269650784656e-06
Completed 31 % :  mod = 1.1107099790947121e-10,  Error =7.0346640299590035e-06
Completed 32 % :  mod = 1.2775712685297793e-10,  Error =7.288757778667332e-06
Completed 33 % :  mod = 4.0836112478984615e-10,  Error =7.483370374927745e-06
Completed 34 % :  mod = 2.5315309866134917e-10,  Error =7.625969693947354e-06
Completed 35 % :  mod = 8.324522544712413e-11,  Error =7.860729319020265e-06
Completed 36 % :  mod = 1.0192414392185936e-10,  Error =8.120442849701703e-06
Completed 37 % :  mod = 2.1415673943965624e-10,  Error =8.36591834030287e-06
Completed 38 % :  mod = 4.452013405314053e-10,  Error =8.529453410233145e-06
Completed 39 % :  mod = 1.7828399187471337e-10,  Error =8.694003817311113e-06
Completed 40 % :  mod = 9.754721090833015e-11,  Error =8.936872170295374e-06
Completed 41 % :  mod = 2.0185007104592323e-10,  Error =9.182481036873469e-06
Completed 42 % :  mod = 3.898461557293305e-10,  Error =9.366811504207817e-06
Completed 43 % :  mod = 1.9285195079548534e-10,  Error =9.512456365712296e-06
Completed 44 % :  mod = 2.3401524746745164e-10,  Error =9.737792716180138e-06
Completed 45 % :  mod = 2.6148988215498166e-10,  Error =9.956612643691187e-06
Completed 46 % :  mod = 3.6917812070805095e-10,  Error =1.0102642846732124e-05
Completed 47 % :  mod = 1.4436877163274233e-10,  Error =1.0295190847386948e-05
Completed 48 % :  mod = 1.185144770775212e-10,  Error =1.0538481859612148e-05
Completed 49 % :  mod = 3.1093644980931137e-10,  Error =1.0760021901035088e-05
Completed 50 % :  mod = 3.284115125108198e-10,  Error =1.0896704338847485e-05
Completed 51 % :  mod = 1.923469435103321e-10,  Error =1.1097032015072728e-05
Completed 52 % :  mod = 1.1585901083435908e-10,  Error =1.1347131177785741e-05
Completed 53 % :  mod = 1.7493783614768972e-10,  Error =1.158680959179037e-05
Completed 54 % :  mod = 4.858339803721441e-10,  Error =1.174539959691856e-05
Completed 55 % :  mod = 1.6119496194021686e-10,  Error =1.1913705314725576e-05
Completed 56 % :  mod = 1.287741341217634e-10,  Error =1.2154460385715993e-05
Completed 56 % :  mod = 2.7806126183948373e-10,  Error =1.238932919278568e-05
Completed 57 % :  mod = 3.802444577162733e-10,  Error =1.2555976312000894e-05
Completed 59 % :  mod = 1.8838763017010038e-10,  Error =1.2721256510417334e-05
Completed 60 % :  mod = 1.5035014522424962e-10,  Error =1.2950041259784939e-05
Completed 61 % :  mod = 3.687131241651949e-10,  Error =1.315779796584593e-05
Completed 62 % :  mod = 2.8783402311992855e-10,  Error =1.3297100927900374e-05
Completed 63 % :  mod = 1.1946004311082124e-10,  Error =1.3507385169475583e-05
Completed 64 % :  mod = 1.7913641298557472e-10,  Error =1.3757452762774847e-05
Completed 65 % :  mod = 2.590729215215212e-10,  Error =1.3983470338985171e-05
Completed 66 % :  mod = 3.9043534114889087e-10,  Error =1.4119376444909904e-05
Completed 67 % :  mod = 1.4071094973925252e-10,  Error =1.4320562137015713e-05
Completed 68 % :  mod = 8.822602201269966e-11,  Error =1.4574502195330297e-05
Completed 69 % :  mod = 1.6866915659925038e-10,  Error =1.4825680125341023e-05
Completed 70 % :  mod = 4.186485439045149e-10,  Error =1.5011306487622278e-05
Completed 71 % :  mod = 2.315297578262805e-10,  Error =1.515683490538322e-05
Completed 72 % :  mod = 1.5049442394419941e-10,  Error =1.5392638317734963e-05
Completed 73 % :  mod = 1.1442877603454157e-10,  Error =1.56453467781148e-05
Completed 74 % :  mod = 3.0321741066117307e-10,  Error =1.5857507740690835e-05
Completed 75 % :  mod = 3.360916171798245e-10,  Error =1.5992733189307273e-05
Completed 76 % :  mod = 1.631695679545147e-10,  Error =1.6203055984931325e-05
Completed 77 % :  mod = 1.8482617344537452e-10,  Error =1.6438111209993167e-05
Completed 78 % :  mod = 3.476561644310054e-10,  Error =1.661736498448363e-05
Completed 79 % :  mod = 3.1197026037320097e-10,  Error =1.6775133104829365e-05
Completed 80 % :  mod = 1.3253818610112869e-10,  Error =1.7002323630777028e-05
Completed 81 % :  mod = 1.7295049358760393e-10,  Error =1.7235946430105287e-05
Completed 82 % :  mod = 4.6183400047320095e-10,  Error =1.7393254999831242e-05
Completed 83 % :  mod = 1.7136449446829283e-10,  Error =1.756347074177711e-05
Completed 84 % :  mod = 1.3981665827697332e-10,  Error =1.7805357465761062e-05
Completed 85 % :  mod = 1.8787751346593438e-10,  Error =1.8051827581189173e-05
Completed 86 % :  mod = 3.919491601010931e-10,  Error =1.8233966983416394e-05
Completed 87 % :  mod = 2.4699128547171694e-10,  Error =1.8381366047037773e-05
Completed 88 % :  mod = 1.0860009340394728e-10,  Error =1.8614264156724403e-05
Completed 89 % :  mod = 1.7298455409743892e-10,  Error =1.8860098855100205e-05
Completed 90 % :  mod = 3.7151924959581137e-10,  Error =1.905136599589241e-05
Completed 91 % :  mod = 2.5059675735537535e-10,  Error =1.9194618403162167e-05
Completed 92 % :  mod = 2.2717919060471995e-10,  Error =1.941616820033687e-05
Completed 93 % :  mod = 1.8906202747497794e-10,  Error =1.96453036878097e-05
Completed 94 % :  mod = 3.9855209973072777e-10,  Error =1.9797334147142465e-05
Completed 95 % :  mod = 1.7787895211677358e-10,  Error =1.9976725411652296e-05
Completed 96 % :  mod = 1.0348829068641769e-10,  Error =2.022037106286234e-05
Completed 97 % :  mod = 2.1876812675963028e-10,  Error =2.0458674875101224e-05
Completed 98 % :  mod = 3.99772877947355e-10,  Error =2.0615350862840387e-05
Completed 99 % :  mod = 2.1911448926297559e-10,  Error =2.0787537110322774e-05
Completed 100 % :  mod = 1.0075550447775942e-10,  Error =2.1033637516154613e-05
Finished 196/201 frames
Finished all frames!
