/opt/local/miniconda_23_9/lib/python3.11/site-packages/conda/base/context.py:201: FutureWarning: Adding 'defaults' to channel list implicitly is deprecated and will be removed in 25.3. 

To remove this warning, please choose a default channel explicitly with conda's regular configuration system, e.g. by adding 'defaults' to the list of channels:

  conda config --add channels defaults

For more information see https://docs.conda.io/projects/conda/en/stable/user-guide/configuration/use-condarc.html

  deprecated.topic(
JOB 13966 ARRAY_ID 95  -> i=95 ; range=[1.9e-10, 5.0e-10] ; intervals=200 (frames=201)
Analytic t0 extension enabled (--extend-time-using-t0).
Density options: centers='2.0e-10,4.0e-10' width='2.0e-11,5.0e-11' strength='7.0'
Completed 0 % :  mod = 2.967342602247942e-16,  Error =-1.4210854715202004e-14
Completed 1 % :  mod = 4.328182276657765e-16,  Error =9.291326819038659e-08
Completed 2 % :  mod = 9.658878367923559e-16,  Error =1.8582736061034666e-07
Completed 3 % :  mod = 2.3848804272945906e-15,  Error =2.7874143171402466e-07
Completed 4 % :  mod = 5.9913116367296024e-15,  Error =3.716556165045404e-07
Completed 5 % :  mod = 1.509303997292937e-14,  Error =4.645698510330476e-07
Completed 6 % :  mod = 3.803827103761738e-14,  Error =5.574836237087766e-07
Completed 7 % :  mod = 9.58726228036444e-14,  Error =6.503974461224971e-07
Completed 8 % :  mod = 2.416423799587405e-13,  Error =7.433108919485676e-07
Completed 9 % :  mod = 6.090488287098415e-13,  Error =8.36224096190108e-07
Completed 10 % :  mod = 1.5350756883101797e-12,  Error =9.291375633324606e-07
Completed 11 % :  mod = 3.86899637685772e-12,  Error =1.022045800880278e-06
Completed 12 % :  mod = 9.750089015542657e-12,  Error =1.11492200005614e-06
Completed 13 % :  mod = 2.4549804847507334e-11,  Error =1.2075976201231242e-06
Completed 14 % :  mod = 6.147645166309396e-11,  Error =1.2990245465971384e-06
Completed 15 % :  mod = 1.4841080854756845e-10,  Error =1.3834491312536557e-06
Completed 16 % :  mod = 2.7714388575273144e-10,  Error =1.444526574800875e-06
Completed 17 % :  mod = 1.9023754725607079e-10,  Error =1.4969558606026112e-06
Completed 18 % :  mod = 8.820539263353936e-11,  Error =1.5757376345959528e-06
Completed 19 % :  mod = 3.5917607531358994e-11,  Error =1.6656740911002998e-06
Completed 20 % :  mod = 2.3486793521715522e-11,  Error =1.757867728713336e-06
Completed 21 % :  mod = 3.2667462018143894e-11,  Error =1.850202281161728e-06
Completed 22 % :  mod = 6.50717450512646e-11,  Error =1.941238899405562e-06
Completed 23 % :  mod = 1.5372868965056624e-10,  Error =2.0246044556415654e-06
Completed 24 % :  mod = 2.883580043698067e-10,  Error =2.0843500223577394e-06
Completed 25 % :  mod = 1.7668304106399762e-10,  Error =2.1373794112378164e-06
Completed 26 % :  mod = 8.841212516776925e-11,  Error =2.2167666102745898e-06
Completed 27 % :  mod = 4.020148375481506e-11,  Error =2.3066535490556817e-06
Completed 28 % :  mod = 3.119289510874586e-11,  Error =2.398539550085843e-06
Completed 28 % :  mod = 5.682923695968538e-11,  Error =2.4899407051748312e-06
Completed 30 % :  mod = 1.2654006606886566e-10,  Error =2.5767085247707655e-06
Completed 31 % :  mod = 2.388156468359123e-10,  Error =2.6445388741080933e-06
Completed 32 % :  mod = 2.4175151103004327e-10,  Error =2.694414774850884e-06
Completed 33 % :  mod = 1.0951706003353306e-10,  Error =2.766848105295594e-06
Completed 34 % :  mod = 5.444646273995575e-11,  Error =2.854132098661921e-06
Completed 35 % :  mod = 6.246886885616051e-11,  Error =2.9443948790230934e-06
Completed 36 % :  mod = 1.1354487061722623e-10,  Error =3.031974877387711e-06
Completed 37 % :  mod = 2.0128653903687962e-10,  Error =3.105224756438929e-06
Completed 38 % :  mod = 2.7785362027403286e-10,  Error =3.1551885157909965e-06
Completed 39 % :  mod = 1.33596721225657e-10,  Error =3.220912198287351e-06
Completed 40 % :  mod = 6.845191589173126e-11,  Error =3.305051208712939e-06
Completed 41 % :  mod = 8.115388389736009e-11,  Error =3.3937144650053597e-06
Completed 42 % :  mod = 1.3812187977024152e-10,  Error =3.478579998272835e-06
Completed 43 % :  mod = 2.2294734737275518e-10,  Error =3.5454762112863136e-06
Completed 44 % :  mod = 2.4832749172721236e-10,  Error =3.5961811377660524e-06
Completed 45 % :  mod = 1.2225851632256073e-10,  Error =3.6673928960340163e-06
Completed 46 % :  mod = 7.512857670469153e-11,  Error =3.7519483271353238e-06
Completed 47 % :  mod = 1.236806610444435e-10,  Error =3.83701762984856e-06
Completed 48 % :  mod = 2.2804866854503193e-10,  Error =3.910349803959434e-06
Completed 49 % :  mod = 2.3200272034172614e-10,  Error =3.961526623186273e-06
Completed 50 % :  mod = 1.5023324642025007e-10,  Error =4.0263099805315505e-06
Completed 51 % :  mod = 8.012321579259048e-11,  Error =4.11022937640837e-06
Completed 52 % :  mod = 6.827341962773445e-11,  Error =4.198782264097645e-06
Completed 53 % :  mod = 1.3222892066338542e-10,  Error =4.283505766977669e-06
Completed 54 % :  mod = 2.643064723141735e-10,  Error =4.35114908725609e-06
Completed 55 % :  mod = 2.1128620024369002e-10,  Error =4.400520062119995e-06
Completed 56 % :  mod = 1.19168694409121e-10,  Error =4.472223764651062e-06
Completed 56 % :  mod = 6.360137150823136e-11,  Error =4.559309658702659e-06
Completed 57 % :  mod = 5.475507088397223e-11,  Error =4.649554767865993e-06
Completed 59 % :  mod = 1.0518815809159382e-10,  Error =4.737243173735806e-06
Completed 60 % :  mod = 2.2953557467815752e-10,  Error =4.81132654783778e-06
Completed 61 % :  mod = 2.4554338525043715e-10,  Error =4.861552817203574e-06
Completed 62 % :  mod = 1.3371664835042567e-10,  Error =4.927657982989331e-06
Completed 63 % :  mod = 6.138734542980924e-11,  Error =5.013740022263846e-06
Completed 64 % :  mod = 3.193254408815071e-11,  Error =5.105003793914875e-06
Completed 65 % :  mod = 3.8403892794421096e-11,  Error =5.19686042110834e-06
Completed 66 % :  mod = 8.763333379457472e-11,  Error =5.286822670313995e-06
Completed 67 % :  mod = 1.7433440740019342e-10,  Error =5.366558248454112e-06
Completed 68 % :  mod = 2.8988507800761754e-10,  Error =5.4201023544919735e-06
Completed 69 % :  mod = 1.567004162572959e-10,  Error =5.4791679815480165e-06
Completed 70 % :  mod = 6.537765435218909e-11,  Error =5.562150015236966e-06
Completed 71 % :  mod = 3.430304123454832e-11,  Error =5.653042769893091e-06
Completed 72 % :  mod = 2.9104558280011484e-11,  Error =5.74525498109324e-06
Completed 73 % :  mod = 4.354653780681375e-11,  Error =5.8371350704078395e-06
Completed 74 % :  mod = 1.075895490195086e-10,  Error =5.925571457510159e-06
Completed 75 % :  mod = 2.235246416514859e-10,  Error =5.9989075538169345e-06
Completed 76 % :  mod = 2.555448527697625e-10,  Error =6.047939351105924e-06
Completed 77 % :  mod = 1.2812838926054098e-10,  Error =6.115659687111474e-06
Completed 78 % :  mod = 5.213967972201707e-11,  Error =6.202328229676368e-06
Completed 79 % :  mod = 2.744558910679522e-11,  Error =6.293922098166149e-06
Completed 80 % :  mod = 3.014195268169531e-11,  Error =6.386193049934263e-06
Completed 81 % :  mod = 5.609837487094839e-11,  Error =6.4776608468264385e-06
Completed 82 % :  mod = 1.3321405745114044e-10,  Error =6.563597182207559e-06
Completed 83 % :  mod = 2.655958594052326e-10,  Error =6.6293877623024855e-06
Completed 84 % :  mod = 2.1049908286354603e-10,  Error =6.678948764715642e-06
Completed 85 % :  mod = 1.0351970122963849e-10,  Error =6.753905402945293e-06
Completed 86 % :  mod = 4.504011897357929e-11,  Error =6.8426730592818785e-06
Completed 87 % :  mod = 3.0995405567447244e-11,  Error =6.934476985520632e-06
Completed 88 % :  mod = 4.4444226989130324e-11,  Error =7.026303229906716e-06
Completed 89 % :  mod = 9.433545430278241e-11,  Error =7.115428324766526e-06
Completed 90 % :  mod = 2.0607208305006975e-10,  Error =7.1908891712269e-06
Completed 91 % :  mod = 2.831387657337646e-10,  Error =7.242205938950974e-06
Completed 92 % :  mod = 1.2960590467329466e-10,  Error =7.305924853540091e-06
Completed 93 % :  mod = 6.61986720849045e-11,  Error =7.3906340531948445e-06
Completed 94 % :  mod = 5.5750301817500506e-11,  Error =7.480794153025272e-06
Completed 95 % :  mod = 8.104736158463928e-11,  Error =7.570282818392116e-06
Completed 96 % :  mod = 1.6334495405613773e-10,  Error =7.65087412446519e-06
Completed 97 % :  mod = 3.013014727948547e-10,  Error =7.707731541017893e-06
Completed 98 % :  mod = 1.603260090619894e-10,  Error =7.763088675005747e-06
Completed 99 % :  mod = 8.508279483295007e-11,  Error =7.843087608705446e-06
Completed 100 % :  mod = 6.40474494294038e-11,  Error =7.932105503982712e-06
Finished 96/201 frames
Finished all frames!
