/opt/local/miniconda_23_9/lib/python3.11/site-packages/conda/base/context.py:201: FutureWarning: Adding 'defaults' to channel list implicitly is deprecated and will be removed in 25.3. 

To remove this warning, please choose a default channel explicitly with conda's regular configuration system, e.g. by adding 'defaults' to the list of channels:

  conda config --add channels defaults

For more information see https://docs.conda.io/projects/conda/en/stable/user-guide/configuration/use-condarc.html

  deprecated.topic(
JOB 13410 ARRAY_ID 56  -> i=56 ; range=[1.9e-10, 6.0e-10] ; intervals=200 (frames=201)
Density options: centers='2.0e-10,4.0e-10' width='5e-11,5e-11' strength=''
Completed 0 % :  mod = 2.1506580224490539e-16,  Error =-1.4210854715202004e-14
Completed 1 % :  mod = 2.5314817256327267e-16,  Error =2.5638343004175113e-08
Completed 2 % :  mod = 3.808820171421112e-16,  Error =5.127697733087189e-08
Completed 3 % :  mod = 6.435037888619068e-16,  Error =7.691593850722711e-08
Completed 4 % :  mod = 1.1340200003437913e-15,  Error =1.0255418203541922e-07
Completed 5 % :  mod = 2.0261451278754367e-15,  Error =1.2819257477758583e-07
Completed 6 % :  mod = 3.63582190471053e-15,  Error =1.5383188411988158e-07
Completed 7 % :  mod = 6.5331113149007526e-15,  Error =1.7946996422324446e-07
Completed 8 % :  mod = 1.1744077483410707e-14,  Error =2.0510830012199222e-07
Completed 9 % :  mod = 2.1114164394831755e-14,  Error =2.3074714761150972e-07
Completed 10 % :  mod = 3.796175279307406e-14,  Error =2.5638592404675364e-07
Completed 11 % :  mod = 6.825335115375636e-14,  Error =2.8202396862297974e-07
Completed 12 % :  mod = 1.227166060118903e-13,  Error =3.0766209135890676e-07
Completed 13 % :  mod = 2.2063942177054172e-13,  Error =3.333007470018856e-07
Completed 14 % :  mod = 3.967004907550918e-13,  Error =3.5893863525870984e-07
Completed 15 % :  mod = 7.132494085010241e-13,  Error =3.8457709905515003e-07
Completed 16 % :  mod = 1.282380497305403e-12,  Error =4.102154491647525e-07
Completed 17 % :  mod = 2.305589607346013e-12,  Error =4.3585257714084946e-07
Completed 18 % :  mod = 4.144894961683792e-12,  Error =4.61486457936644e-07
Completed 19 % :  mod = 7.449661133439525e-12,  Error =4.871099790193512e-07
Completed 20 % :  mod = 1.3378542979549564e-11,  Error =5.127006161842473e-07
Completed 21 % :  mod = 2.3963443382586896e-11,  Error =5.381863132924991e-07
Completed 22 % :  mod = 4.256466410236666e-11,  Error =5.633367479163098e-07
Completed 23 % :  mod = 7.361737663340191e-11,  Error =5.874988602272424e-07
Completed 24 % :  mod = 1.1740346255629915e-10,  Error =6.092135436119861e-07
Completed 25 % :  mod = 1.513573303979878e-10,  Error =6.272262140782914e-07
Completed 26 % :  mod = 1.3539350094417938e-10,  Error =6.441923474653777e-07
Completed 27 % :  mod = 9.089573157582525e-11,  Error =6.643801881978106e-07
Completed 28 % :  mod = 5.3722646329476e-11,  Error =6.877436149466121e-07
Completed 28 % :  mod = 3.053241081162949e-11,  Error =7.12600240149186e-07
Completed 30 % :  mod = 1.7082802345284377e-11,  Error =7.379887563274679e-07
Completed 31 % :  mod = 9.516933141247594e-12,  Error =7.635487691004528e-07
Completed 32 % :  mod = 5.3214037744517805e-12,  Error =7.891626268019536e-07
Completed 33 % :  mod = 2.982386991626128e-12,  Error =8.147933598934287e-07
Completed 34 % :  mod = 1.7061277767261947e-12,  Error =8.404292941577296e-07
Completed 35 % :  mod = 1.0357944125134907e-12,  Error =8.66067125571135e-07
Completed 36 % :  mod = 7.284259595843847e-13,  Error =8.917055325241563e-07
Completed 37 % :  mod = 6.808755553012463e-13,  Error =9.17344721074187e-07
Completed 38 % :  mod = 8.755612554158127e-13,  Error =9.429822114270792e-07
Completed 39 % :  mod = 1.3770638262632857e-12,  Error =9.686199007319374e-07
Completed 40 % :  mod = 2.368336247993022e-12,  Error =9.942573555576928e-07
Completed 41 % :  mod = 4.2028985715394634e-12,  Error =1.0198916982062656e-06
Completed 42 % :  mod = 7.505504986729688e-12,  Error =1.0455151908672633e-06
Completed 43 % :  mod = 1.347695181569815e-11,  Error =1.0711059132972878e-06
Completed 44 % :  mod = 2.4135817126491466e-11,  Error =1.0965877308422023e-06
Completed 45 % :  mod = 4.2786564369076275e-11,  Error =1.121732502440409e-06
Completed 46 % :  mod = 7.409907412391698e-11,  Error =1.1458763253813231e-06
Completed 47 % :  mod = 1.1790029355338275e-10,  Error =1.167556121117741e-06
Completed 48 % :  mod = 1.5139599461263474e-10,  Error =1.1855320920517443e-06
Completed 49 % :  mod = 1.3509092090393425e-10,  Error =1.2025180566865856e-06
Completed 50 % :  mod = 9.035129671843896e-11,  Error =1.2227480752358133e-06
Completed 51 % :  mod = 5.339590482636972e-11,  Error =1.2461371099448115e-06
Completed 52 % :  mod = 3.036781152783168e-11,  Error =1.271004158809319e-06
Completed 53 % :  mod = 1.6962723059781235e-11,  Error =1.296395616634527e-06
Completed 54 % :  mod = 9.472148867731533e-12,  Error =1.3219563825828118e-06
Completed 55 % :  mod = 5.309421996556494e-12,  Error =1.3475701976517485e-06
Completed 56 % :  mod = 2.9967546131206064e-12,  Error =1.3732007460021123e-06
Completed 56 % :  mod = 1.7619209096555593e-12,  Error =1.3988373055440206e-06
Completed 57 % :  mod = 1.1466885429019957e-12,  Error =1.424475136957426e-06
Completed 59 % :  mod = 9.341122078919032e-13,  Error =1.4501129470545493e-06
Completed 60 % :  mod = 1.0564718833959419e-12,  Error =1.4757518869146224e-06
Completed 61 % :  mod = 1.5532008958341698e-12,  Error =1.5013903507110626e-06
Completed 62 % :  mod = 2.5920262727277107e-12,  Error =1.5270275142142964e-06
Completed 63 % :  mod = 4.561869892507248e-12,  Error =1.552660265247141e-06
Completed 64 % :  mod = 8.138061066261635e-12,  Error =1.5782804965169817e-06
Completed 65 % :  mod = 1.4548725701942907e-11,  Error =1.6038614276681074e-06
Completed 66 % :  mod = 2.609339449856434e-11,  Error =1.6293187812266297e-06
Completed 67 % :  mod = 4.616326948040801e-11,  Error =1.6543825935855239e-06
Completed 68 % :  mod = 7.922769370149892e-11,  Error =1.678301572383134e-06
Completed 69 % :  mod = 1.240866872346691e-10,  Error =1.699514093900234e-06
Completed 70 % :  mod = 1.5244901886739236e-10,  Error =1.717090540864774e-06
Completed 71 % :  mod = 1.2947317006582313e-10,  Error =1.734333650915687e-06
Completed 72 % :  mod = 8.480855555614166e-11,  Error =1.7550730859738906e-06
Completed 73 % :  mod = 4.953381777995176e-11,  Error =1.778744852742875e-06
Completed 74 % :  mod = 2.8126747087629808e-11,  Error =1.8037187032859947e-06
Completed 75 % :  mod = 1.5749277894004024e-11,  Error =1.829145119813802e-06
Completed 76 % :  mod = 8.791317810597587e-12,  Error =1.854717275762141e-06
Completed 77 % :  mod = 4.996932603702101e-12,  Error =1.8803355033014668e-06
Completed 78 % :  mod = 2.9226458681385864e-12,  Error =1.9059662221820872e-06
Completed 79 % :  mod = 1.891605592120383e-12,  Error =1.9316026467208758e-06
Completed 80 % :  mod = 1.5398293632821121e-12,  Error =1.957239106786801e-06
Completed 81 % :  mod = 1.7229620086223357e-12,  Error =1.9828767037211037e-06
Completed 82 % :  mod = 2.514602944637397e-12,  Error =2.008513398266132e-06
Completed 83 % :  mod = 4.21714350013131e-12,  Error =2.0341464264106435e-06
Completed 84 % :  mod = 7.377008486513576e-12,  Error =2.0597699474933506e-06
Completed 85 % :  mod = 1.3144135900329676e-11,  Error =2.0853623112770947e-06
Completed 86 % :  mod = 2.357661292058814e-11,  Error =2.1108522858526158e-06
Completed 87 % :  mod = 4.1683490686756096e-11,  Error =2.1360199653486234e-06
Completed 88 % :  mod = 7.233444171663472e-11,  Error =2.1602339117521296e-06
Completed 89 % :  mod = 1.1601762536826044e-10,  Error =2.1820647617687428e-06
Completed 90 % :  mod = 1.505461983826794e-10,  Error =2.2001909130153763e-06
Completed 91 % :  mod = 1.3693492491761475e-10,  Error =2.2171053402075813e-06
Completed 92 % :  mod = 9.239656359044258e-11,  Error =2.237161119467146e-06
Completed 93 % :  mod = 5.4667558751661895e-11,  Error =2.260443174861848e-06
Completed 94 % :  mod = 3.12537098352751e-11,  Error =2.2852699430586654e-06
Completed 95 % :  mod = 1.7459191034451053e-11,  Error =2.310647985837022e-06
Completed 96 % :  mod = 9.808140151426347e-12,  Error =2.336204914854534e-06
Completed 97 % :  mod = 5.627264571983588e-12,  Error =2.361816974882913e-06
Completed 98 % :  mod = 3.3663224691402343e-12,  Error =2.3874465213680196e-06
Completed 99 % :  mod = 2.3348588520515357e-12,  Error =2.413081787722149e-06
Completed 100 % :  mod = 2.129727350636977e-12,  Error =2.4387182762097837e-06
Finished 57/201 frames
Finished all frames!
