/opt/local/miniconda_23_9/lib/python3.11/site-packages/conda/base/context.py:201: FutureWarning: Adding 'defaults' to channel list implicitly is deprecated and will be removed in 25.3. 

To remove this warning, please choose a default channel explicitly with conda's regular configuration system, e.g. by adding 'defaults' to the list of channels:

  conda config --add channels defaults

For more information see https://docs.conda.io/projects/conda/en/stable/user-guide/configuration/use-condarc.html

  deprecated.topic(
JOB 13942 ARRAY_ID 71  -> i=71 ; range=[1.9e-10, 5.0e-10] ; intervals=200 (frames=201)
Analytic t0 extension enabled (--extend-time-using-t0).
Density options: centers='2.0e-10,4.0e-10' width='2.0e-11,5.0e-11' strength='7.0'
Completed 0 % :  mod = 2.732158241357517e-16,  Error =-1.4210854715202004e-14
Completed 1 % :  mod = 3.75715640182778e-16,  Error =6.677746000605111e-08
Completed 2 % :  mod = 7.601228871660043e-16,  Error =1.3355553818428234e-07
Completed 3 % :  mod = 1.7148664825943245e-15,  Error =2.0033325398571833e-07
Completed 4 % :  mod = 3.956310834811723e-15,  Error =2.6711054346151286e-07
Completed 5 % :  mod = 9.166259284653552e-15,  Error =3.338882379466668e-07
Completed 6 % :  mod = 2.1253846860360392e-14,  Error =4.0066575479613675e-07
Completed 7 % :  mod = 4.928864721533899e-14,  Error =4.6744363402240197e-07
Completed 8 % :  mod = 1.1430576385979175e-13,  Error =5.342212929804191e-07
Completed 9 % :  mod = 2.6508888147209274e-13,  Error =6.00999165101257e-07
Completed 10 % :  mod = 6.14773276650395e-13,  Error =6.677775274965825e-07
Completed 11 % :  mod = 1.4257283143135152e-12,  Error =7.345549590809242e-07
Completed 12 % :  mod = 3.3063525559238174e-12,  Error =8.013289942709889e-07
Completed 13 % :  mod = 7.666742339195418e-12,  Error =8.680857348508653e-07
Completed 14 % :  mod = 1.7766417288675668e-11,  Error =9.347527978320613e-07
Completed 15 % :  mod = 4.1031581346163675e-11,  Error =1.0009327837678939e-06
Completed 16 % :  mod = 9.303111623888613e-11,  Error =1.0646489911891877e-06
Completed 17 % :  mod = 1.903699490399349e-10,  Error =1.1185101627120275e-06
Completed 18 % :  mod = 2.4017626639901336e-10,  Error =1.1562676931475835e-06
Completed 19 % :  mod = 1.317498447524623e-10,  Error =1.201490043456488e-06
Completed 20 % :  mod = 6.266283275089393e-11,  Error =1.2618254743301804e-06
Completed 21 % :  mod = 2.8571070204233008e-11,  Error =1.3272110237494417e-06
Completed 22 % :  mod = 1.485580561083702e-11,  Error =1.39366677842645e-06
Completed 23 % :  mod = 1.3531172415433868e-11,  Error =1.4603086171405266e-06
Completed 24 % :  mod = 2.216513003587064e-11,  Error =1.5268785773514537e-06
Completed 25 % :  mod = 4.488770738737689e-11,  Error =1.5928732892689368e-06
Completed 26 % :  mod = 1.0315364679541124e-10,  Error =1.6559089104362101e-06
Completed 27 % :  mod = 2.0411091600436433e-10,  Error =1.7079675274089823e-06
Completed 28 % :  mod = 2.2795758681846476e-10,  Error =1.7448195777092224e-06
Completed 28 % :  mod = 1.245476598150733e-10,  Error =1.7922300799000368e-06
Completed 30 % :  mod = 5.551492859059527e-11,  Error =1.8535617414272565e-06
Completed 31 % :  mod = 2.4516718551546883e-11,  Error =1.9192306908166756e-06
Completed 32 % :  mod = 1.0727004640772644e-11,  Error =1.985794838788024e-06
Completed 33 % :  mod = 5.01336560919098e-12,  Error =2.052530270191255e-06
Completed 34 % :  mod = 3.227346584751867e-12,  Error =2.119296759417466e-06
Completed 35 % :  mod = 3.797341670960845e-12,  Error =2.1860663963479965e-06
Completed 36 % :  mod = 7.079470395114873e-12,  Error =2.2528236911512067e-06
Completed 37 % :  mod = 1.5917410479016182e-11,  Error =2.3195095053551995e-06
Completed 38 % :  mod = 3.641342840509782e-11,  Error =2.3858162521150916e-06
Completed 39 % :  mod = 8.232569037166724e-11,  Error =2.450169077405917e-06
Completed 40 % :  mod = 1.7500955943636058e-10,  Error =2.5062086379534776e-06
Completed 41 % :  mod = 2.4508254945935055e-10,  Error =2.54560848844676e-06
Completed 42 % :  mod = 1.4614269127398508e-10,  Error =2.5881617773393373e-06
Completed 43 % :  mod = 7.184041631165804e-11,  Error =2.6470283742696665e-06
Completed 44 % :  mod = 3.1686325381781994e-11,  Error =2.7120274523895205e-06
Completed 45 % :  mod = 1.692461180557919e-11,  Error =2.7783932310398995e-06
Completed 46 % :  mod = 1.5728644579387725e-11,  Error =2.8449967857113734e-06
Completed 47 % :  mod = 2.5096732850811763e-11,  Error =2.9115021931147567e-06
Completed 48 % :  mod = 5.13385221471891e-11,  Error =2.9772493235213915e-06
Completed 49 % :  mod = 1.1911980388450275e-10,  Error =3.0391985390565424e-06
Completed 50 % :  mod = 2.1687551058908932e-10,  Error =3.088437694032109e-06
Completed 51 % :  mod = 2.1395436937431076e-10,  Error =3.1248464154032263e-06
Completed 52 % :  mod = 1.1351074727666953e-10,  Error =3.1751975271276933e-06
Completed 53 % :  mod = 4.922609722233706e-11,  Error =3.2374935372558866e-06
Completed 54 % :  mod = 2.6826950525558052e-11,  Error =3.3032572801516835e-06
Completed 55 % :  mod = 2.095159254373741e-11,  Error =3.3696734504928827e-06
Completed 56 % :  mod = 2.8895479806476546e-11,  Error =3.4360309797420996e-06
Completed 56 % :  mod = 6.165089310487105e-11,  Error =3.5013854216003892e-06
Completed 57 % :  mod = 1.344415525262162e-10,  Error =3.561992954814741e-06
Completed 59 % :  mod = 2.2513709760624872e-10,  Error =3.608088370299356e-06
Completed 60 % :  mod = 2.0101233031827237e-10,  Error =3.645510901151283e-06
Completed 61 % :  mod = 9.966317562947548e-11,  Error =3.698590916201283e-06
Completed 62 % :  mod = 4.622532555871668e-11,  Error =3.761653353251404e-06
Completed 63 % :  mod = 3.3621178972900915e-11,  Error =3.82734578607824e-06
Completed 64 % :  mod = 4.0327823277309245e-11,  Error =3.893280990041603e-06
Completed 65 % :  mod = 6.950872033461936e-11,  Error =3.957910095664374e-06
Completed 66 % :  mod = 1.5912444187205096e-10,  Error =4.0160455867521705e-06
Completed 67 % :  mod = 2.429152714596474e-10,  Error =4.0589469492147146e-06
Completed 68 % :  mod = 1.6420822063538775e-10,  Error =4.097942216674255e-06
Completed 69 % :  mod = 9.58023773676171e-11,  Error =4.153773566883956e-06
Completed 70 % :  mod = 4.7618463040114625e-11,  Error =4.2173480778728845e-06
Completed 71 % :  mod = 4.149097133100723e-11,  Error =4.282684642475942e-06
Completed 72 % :  mod = 7.563836103117203e-11,  Error =4.347232753332264e-06
Completed 73 % :  mod = 1.394633063278934e-10,  Error =4.406786295874099e-06
Completed 74 % :  mod = 2.240474274215891e-10,  Error =4.4512744850067065e-06
Completed 75 % :  mod = 2.009088024504377e-10,  Error =4.4899698465883375e-06
Completed 76 % :  mod = 9.271005109422377e-11,  Error =4.543775574461506e-06
Completed 77 % :  mod = 5.0795508133808394e-11,  Error =4.60676537272775e-06
Completed 78 % :  mod = 5.0478804437858465e-11,  Error =4.671902260611205e-06
Completed 79 % :  mod = 7.283539624514969e-11,  Error =4.7363324640059545e-06
Completed 80 % :  mod = 1.3239221983891822e-10,  Error =4.79545807507975e-06
Completed 81 % :  mod = 2.528706228229458e-10,  Error =4.839607015583169e-06
Completed 82 % :  mod = 1.7952552646215332e-10,  Error =4.8781075321358e-06
Completed 83 % :  mod = 9.299766360519578e-11,  Error =4.932070169161307e-06
Completed 84 % :  mod = 5.14286204417479e-11,  Error =4.9954864991264e-06
Completed 85 % :  mod = 3.353863744105113e-11,  Error =5.061108204529319e-06
Completed 86 % :  mod = 4.563380317879207e-11,  Error =5.126747169015289e-06
Completed 87 % :  mod = 1.0017290919366549e-10,  Error =5.190139560795615e-06
Completed 88 % :  mod = 1.776217568496227e-10,  Error =5.244653003444455e-06
Completed 89 % :  mod = 2.389920745878899e-10,  Error =5.282465501466049e-06
Completed 90 % :  mod = 1.4665402293587847e-10,  Error =5.3270270399252695e-06
Completed 91 % :  mod = 6.361372174272487e-11,  Error =5.386443632460214e-06
Completed 92 % :  mod = 3.553467153881319e-11,  Error =5.451484206275836e-06
Completed 93 % :  mod = 2.7150272741535476e-11,  Error =5.517654109610248e-06
Completed 94 % :  mod = 3.553480864589169e-11,  Error =5.583761556238187e-06
Completed 95 % :  mod = 7.592265138527441e-11,  Error =5.648361046439732e-06
Completed 96 % :  mod = 1.6242356683149358e-10,  Error =5.706272311556404e-06
Completed 97 % :  mod = 2.3429052826682315e-10,  Error =5.747995579952203e-06
Completed 98 % :  mod = 1.699734367421659e-10,  Error =5.788243392146342e-06
Completed 99 % :  mod = 8.325152033567346e-11,  Error =5.845079243727014e-06
Completed 100 % :  mod = 3.9063577835134635e-11,  Error =5.909282251082004e-06
Finished 72/201 frames
Finished all frames!
