/opt/local/miniconda_23_9/lib/python3.11/site-packages/conda/base/context.py:201: FutureWarning: Adding 'defaults' to channel list implicitly is deprecated and will be removed in 25.3. 

To remove this warning, please choose a default channel explicitly with conda's regular configuration system, e.g. by adding 'defaults' to the list of channels:

  conda config --add channels defaults

For more information see https://docs.conda.io/projects/conda/en/stable/user-guide/configuration/use-condarc.html

  deprecated.topic(
JOB 14004 ARRAY_ID 133  -> i=133 ; range=[1.9e-10, 5.0e-10] ; intervals=200 (frames=201)
Analytic t0 extension enabled (--extend-time-using-t0).
Density options: centers='2.0e-10,4.0e-10' width='2.0e-11,5.0e-11' strength='7.0'
Completed 0 % :  mod = 3.2462652909100874e-16,  Error =-1.4210854715202004e-14
Completed 1 % :  mod = 5.064533928104641e-16,  Error =1.3309036717146228e-07
Completed 2 % :  mod = 1.2556204243440507e-15,  Error =2.661808977677538e-07
Completed 3 % :  mod = 3.411360920754955e-15,  Error =3.9927103046011325e-07
Completed 4 % :  mod = 9.388582541497944e-15,  Error =5.32361525529268e-07
Completed 5 % :  mod = 2.5883099769905313e-14,  Error =6.654532214156461e-07
Completed 6 % :  mod = 7.13724315467138e-14,  Error =7.985437733282197e-07
Completed 7 % :  mod = 1.968147161346067e-13,  Error =9.316338491771603e-07
Completed 8 % :  mod = 5.427329938482317e-13,  Error =1.0647236834415708e-06
Completed 9 % :  mod = 1.4966292531910744e-12,  Error =1.1978130629586303e-06
Completed 10 % :  mod = 4.127010921593543e-12,  Error =1.3308953938917512e-06
Completed 11 % :  mod = 1.1379061211652472e-11,  Error =1.4639279228845226e-06
Completed 12 % :  mod = 3.1346644992205835e-11,  Error =1.5965814341711848e-06
Completed 13 % :  mod = 8.575329138655604e-11,  Error =1.7264437559560974e-06
Completed 14 % :  mod = 2.2044912661222953e-10,  Error =1.8393199852084763e-06
Completed 15 % :  mod = 3.237120401594406e-10,  Error =1.911693225054023e-06
Completed 16 % :  mod = 1.3003538704291351e-10,  Error =2.0036520069766084e-06
Completed 17 % :  mod = 6.012766258735974e-11,  Error =2.127781421279451e-06
Completed 18 % :  mod = 4.1795264192629226e-11,  Error =2.258704775215392e-06
Completed 19 % :  mod = 5.983279857182671e-11,  Error =2.3894939147339755e-06
Completed 20 % :  mod = 1.4563488231722227e-10,  Error =2.5123222826550773e-06
Completed 21 % :  mod = 3.3215665271638584e-10,  Error =2.602019598896277e-06
Completed 22 % :  mod = 1.9810257020393811e-10,  Error =2.6743880070512205e-06
Completed 23 % :  mod = 9.283960974040217e-11,  Error =2.7884489881557784e-06
Completed 24 % :  mod = 4.2439474648903136e-11,  Error =2.917689862158568e-06
Completed 25 % :  mod = 4.125043442407179e-11,  Error =3.049124785547974e-06
Completed 26 % :  mod = 9.694652696660194e-11,  Error =3.1777921023490308e-06
Completed 27 % :  mod = 2.348292348947121e-10,  Error =3.2888855798773875e-06
Completed 28 % :  mod = 3.0098058031914844e-10,  Error =3.3597075983493596e-06
Completed 28 % :  mod = 1.3019233034582155e-10,  Error =3.454712384609593e-06
Completed 30 % :  mod = 5.011967510522847e-11,  Error =3.580271609848751e-06
Completed 31 % :  mod = 1.911740903457649e-11,  Error =3.7122573672832004e-06
Completed 32 % :  mod = 9.224194488158389e-12,  Error =3.8451662405236675e-06
Completed 33 % :  mod = 9.6392308402279e-12,  Error =3.9781737442012854e-06
Completed 34 % :  mod = 2.2099670038917332e-11,  Error =4.111024665576224e-06
Completed 35 % :  mod = 5.813170165995163e-11,  Error =4.242580942559471e-06
Completed 36 % :  mod = 1.5847364565036535e-10,  Error =4.365212397772211e-06
Completed 37 % :  mod = 3.2104122959709734e-10,  Error =4.452746523497808e-06
Completed 38 % :  mod = 1.910646946099166e-10,  Error =4.52745649681674e-06
Completed 39 % :  mod = 9.177175592439279e-11,  Error =4.643492772515856e-06
Completed 40 % :  mod = 4.655467675287735e-11,  Error =4.772598998670219e-06
Completed 41 % :  mod = 5.889856976251429e-11,  Error =4.902914184867768e-06
Completed 42 % :  mod = 1.5967416584929805e-10,  Error =5.02574467731165e-06
Completed 43 % :  mod = 3.0043103102033504e-10,  Error =5.118340595799964e-06
Completed 44 % :  mod = 2.0614977160943546e-10,  Error =5.188759928387299e-06
Completed 45 % :  mod = 1.2230552014695718e-10,  Error =5.299862756658058e-06
Completed 46 % :  mod = 7.655525105404702e-11,  Error =5.4253876555776515e-06
Completed 47 % :  mod = 1.1189108009823273e-10,  Error =5.548742642247362e-06
Completed 48 % :  mod = 3.1264171269098235e-10,  Error =5.6459904484995604e-06
Completed 49 % :  mod = 2.5100110881951115e-10,  Error =5.718447049218867e-06
Completed 50 % :  mod = 9.626878864860826e-11,  Error =5.824275426391523e-06
Completed 51 % :  mod = 6.265371804418501e-11,  Error =5.951622952693469e-06
Completed 52 % :  mod = 6.45158565316119e-11,  Error =6.081661339862876e-06
Completed 53 % :  mod = 1.170372817034536e-10,  Error =6.206290841248574e-06
Completed 54 % :  mod = 3.101497537194618e-10,  Error =6.300947859472217e-06
Completed 55 % :  mod = 2.438638567352771e-10,  Error =6.3736201951769544e-06
Completed 56 % :  mod = 9.176151793273953e-11,  Error =6.483456132855281e-06
Completed 56 % :  mod = 4.634603584154736e-11,  Error =6.612109196169058e-06
Completed 57 % :  mod = 4.181200797938506e-11,  Error =6.743489969096572e-06
Completed 59 % :  mod = 8.43281806555816e-11,  Error =6.872766057597346e-06
Completed 60 % :  mod = 2.0860385365028246e-10,  Error =6.986176749990136e-06
Completed 61 % :  mod = 3.3871283268110035e-10,  Error =7.060457576812951e-06
Completed 62 % :  mod = 1.4057284518345462e-10,  Error =7.148586696814618e-06
Completed 63 % :  mod = 7.497470064053077e-11,  Error =7.269672821053064e-06
Completed 64 % :  mod = 8.629268692178085e-11,  Error =7.397236096551296e-06
Completed 65 % :  mod = 1.558823846924843e-10,  Error =7.517883574337247e-06
Completed 66 % :  mod = 2.950764154507754e-10,  Error =7.604265810812194e-06
Completed 67 % :  mod = 2.2569681981981779e-10,  Error =7.68213508450799e-06
Completed 68 % :  mod = 8.942433715648432e-11,  Error =7.796548331384656e-06
Completed 69 % :  mod = 5.465919821279951e-11,  Error =7.924203465847768e-06
Completed 70 % :  mod = 1.166855952179909e-10,  Error =8.050361891775992e-06
Completed 71 % :  mod = 2.5676319023245667e-10,  Error =8.157493049054665e-06
Completed 72 % :  mod = 2.7346576300379144e-10,  Error =8.226555472390373e-06
Completed 73 % :  mod = 1.3657342657731062e-10,  Error =8.325117264007531e-06
Completed 74 % :  mod = 4.5817201428899076e-11,  Error =8.451015133914552e-06
Completed 75 % :  mod = 2.659998439678384e-11,  Error =8.582541518364906e-06
Completed 76 % :  mod = 5.2209798304053e-11,  Error =8.714298175505064e-06
Completed 77 % :  mod = 1.1434806369373932e-10,  Error =8.841864037378855e-06
Completed 78 % :  mod = 2.4492604895280246e-10,  Error =8.946591208314203e-06
Completed 79 % :  mod = 2.9805838838986695e-10,  Error =9.015309750282086e-06
Completed 80 % :  mod = 1.1439137412133389e-10,  Error =9.11637262390741e-06
Completed 81 % :  mod = 6.068144692405474e-11,  Error =9.241274135263211e-06
Completed 82 % :  mod = 9.045666019182559e-11,  Error =9.36968671538807e-06
Completed 83 % :  mod = 1.7510774724711183e-10,  Error =9.489194518152999e-06
Completed 84 % :  mod = 2.9665333006269445e-10,  Error =9.57390681577408e-06
Completed 85 % :  mod = 1.937857468834954e-10,  Error =9.652421347539075e-06
Completed 86 % :  mod = 9.626402126337989e-11,  Error =9.768366993512245e-06
Completed 87 % :  mod = 8.112709139465182e-11,  Error =9.894596793458277e-06
Completed 88 % :  mod = 1.4540371029623377e-10,  Error =1.0015453234757388e-05
Completed 89 % :  mod = 3.319074027925013e-10,  Error =1.0106217814609408e-05
Completed 90 % :  mod = 2.0850935886194887e-10,  Error =1.017790098956084e-05
Completed 91 % :  mod = 9.133853469575812e-11,  Error =1.0288865020413596e-05
Completed 92 % :  mod = 6.543343992988225e-11,  Error =1.0416534706791936e-05
Completed 93 % :  mod = 8.346687289391912e-11,  Error =1.0545329509170642e-05
Completed 94 % :  mod = 1.7031127642665432e-10,  Error =1.066302790775353e-05
Completed 95 % :  mod = 3.5425172678447407e-10,  Error =1.0744729657119478e-05
Completed 96 % :  mod = 1.580052313995803e-10,  Error =1.0823134822146585e-05
Completed 97 % :  mod = 8.824314853287087e-11,  Error =1.0939562258727165e-05
Completed 98 % :  mod = 9.877304429446103e-11,  Error =1.1066206468512974e-05
Completed 99 % :  mod = 1.3469730486473658e-10,  Error =1.1188023322006302e-05
Completed 100 % :  mod = 2.9485439964161183e-10,  Error =1.1278097971967327e-05
Finished 134/201 frames
Finished all frames!
