/opt/local/miniconda_23_9/lib/python3.11/site-packages/conda/base/context.py:201: FutureWarning: Adding 'defaults' to channel list implicitly is deprecated and will be removed in 25.3. 

To remove this warning, please choose a default channel explicitly with conda's regular configuration system, e.g. by adding 'defaults' to the list of channels:

  conda config --add channels defaults

For more information see https://docs.conda.io/projects/conda/en/stable/user-guide/configuration/use-condarc.html

  deprecated.topic(
JOB 13485 ARRAY_ID 131  -> i=131 ; range=[1.9e-10, 6.0e-10] ; intervals=200 (frames=201)
Density options: centers='2.0e-10,4.0e-10' width='5e-11,5e-11' strength=''
Completed 0 % :  mod = 3.240407880235992e-16,  Error =-1.4210854715202004e-14
Completed 1 % :  mod = 5.048395568179282e-16,  Error =1.321327829373331e-07
Completed 2 % :  mod = 1.2489894612444659e-15,  Error =2.642645995365456e-07
Completed 3 % :  mod = 3.3868883481661496e-15,  Error =3.963967571962712e-07
Completed 4 % :  mod = 9.304220451227169e-15,  Error =5.285298598778354e-07
Completed 5 % :  mod = 2.5604144575940226e-14,  Error =6.60661896745296e-07
Completed 6 % :  mod = 7.047576763769865e-14,  Error =7.927943741492527e-07
Completed 7 % :  mod = 1.9399138739495499e-13,  Error =9.249261907484652e-07
Completed 8 % :  mod = 5.339821027937687e-13,  Error =1.0570582062996436e-06
Completed 9 % :  mod = 1.4698409103005872e-12,  Error =1.1891893194615477e-06
Completed 10 % :  mod = 4.0458291327933955e-12,  Error =1.321314179847377e-06
Completed 11 % :  mod = 1.1135143471827874e-11,  Error =1.453391362815637e-06
Completed 12 % :  mod = 3.062047437782203e-11,  Error =1.5851073911221647e-06
Completed 13 % :  mod = 8.364270818556744e-11,  Error =1.7141743740012316e-06
Completed 14 % :  mod = 2.1539470666283382e-10,  Error =1.827013377919684e-06
Completed 15 % :  mod = 3.2545507596185835e-10,  Error =1.8995939683463803e-06
Completed 16 % :  mod = 1.3285444631180977e-10,  Error =1.9896111140838e-06
Completed 17 % :  mod = 6.185573548590477e-11,  Error =2.1124393327909274e-06
Completed 18 % :  mod = 4.116373812406801e-11,  Error =2.2423732133347585e-06
Completed 19 % :  mod = 5.7010418815750335e-11,  Error =2.3723419886323427e-06
Completed 20 % :  mod = 1.4017058141625557e-10,  Error =2.495081666609167e-06
Completed 21 % :  mod = 3.2348246225705185e-10,  Error =2.5864814006126835e-06
Completed 22 % :  mod = 2.0846023187165807e-10,  Error =2.656980029769329e-06
Completed 23 % :  mod = 9.631657563108068e-11,  Error =2.7687587902391897e-06
Completed 24 % :  mod = 4.068759860894686e-11,  Error =2.8968937471063327e-06
Completed 25 % :  mod = 3.5499983939603534e-11,  Error =3.027648034503727e-06
Completed 26 % :  mod = 7.825535616627915e-11,  Error =3.156848144669766e-06
Completed 27 % :  mod = 1.8959263326517904e-10,  Error =3.274116558316109e-06
Completed 28 % :  mod = 3.1667674595955646e-10,  Error =3.35229922399094e-06
Completed 28 % :  mod = 1.6303782727835455e-10,  Error =3.435524149608682e-06
Completed 30 % :  mod = 7.11411724417419e-11,  Error =3.5557846942424476e-06
Completed 31 % :  mod = 3.4819522200147113e-11,  Error =3.6854827243359978e-06
Completed 32 % :  mod = 4.216853723399693e-11,  Error =3.816204397821821e-06
Completed 33 % :  mod = 1.067287118921241e-10,  Error =3.943509341297613e-06
Completed 34 % :  mod = 2.336237745458212e-10,  Error =4.051530304138851e-06
Completed 35 % :  mod = 2.993312245979093e-10,  Error =4.119533890900584e-06
Completed 36 % :  mod = 1.3100859052948624e-10,  Error =4.21636593017638e-06
Completed 37 % :  mod = 5.1256303803287375e-11,  Error =4.340756511567179e-06
Completed 38 % :  mod = 3.824926165919357e-11,  Error =4.471028759667206e-06
Completed 39 % :  mod = 6.398745780592489e-11,  Error =4.600975330504298e-06
Completed 40 % :  mod = 1.3714708010402914e-10,  Error =4.72344363799948e-06
Completed 41 % :  mod = 3.2291769510473753e-10,  Error =4.81190858181435e-06
Completed 42 % :  mod = 2.1346728514451268e-10,  Error =4.885827920020347e-06
Completed 43 % :  mod = 8.080905002954975e-11,  Error =4.999710569109084e-06
Completed 44 % :  mod = 2.9565802303820984e-11,  Error =5.12890869686089e-06
Completed 45 % :  mod = 1.4375793292628998e-11,  Error =5.260570901555184e-06
Completed 46 % :  mod = 1.482791356798674e-11,  Error =5.392525700642636e-06
Completed 47 % :  mod = 2.8384437922512925e-11,  Error =5.5242356964413375e-06
Completed 48 % :  mod = 7.663270325928632e-11,  Error =5.653778814007637e-06
Completed 49 % :  mod = 1.9588669603781543e-10,  Error =5.7697938089518175e-06
Completed 50 % :  mod = 3.2852681424477984e-10,  Error =5.84542546278044e-06
Completed 51 % :  mod = 1.4861400181746604e-10,  Error =5.9308833186833e-06
Completed 52 % :  mod = 6.597101198410621e-11,  Error =6.0523818632418624e-06
Completed 53 % :  mod = 3.009128344433588e-11,  Error =6.1825491144418265e-06
Completed 54 % :  mod = 2.973416777005706e-11,  Error =6.313818673220339e-06
Completed 55 % :  mod = 7.112856129257821e-11,  Error =6.443561929359021e-06
Completed 56 % :  mod = 1.8149797855399651e-10,  Error =6.562388882969117e-06
Completed 56 % :  mod = 3.1713235945648566e-10,  Error =6.643467955314009e-06
Completed 57 % :  mod = 1.7170847096669706e-10,  Error =6.723560119326066e-06
Completed 59 % :  mod = 7.962479691613611e-11,  Error =6.8421541428165256e-06
Completed 60 % :  mod = 4.356025416182616e-11,  Error =6.971047469050973e-06
Completed 61 % :  mod = 6.144459055432849e-11,  Error =7.100478349286732e-06
Completed 62 % :  mod = 1.6572531654437693e-10,  Error =7.221735891960179e-06
Completed 63 % :  mod = 3.0308448722335145e-10,  Error =7.3116352155011555e-06
Completed 64 % :  mod = 1.9766607604323873e-10,  Error =7.383148229678227e-06
Completed 65 % :  mod = 1.1808292858761567e-10,  Error =7.494807007901727e-06
Completed 66 % :  mod = 7.98686650455607e-11,  Error =7.619466153130361e-06
Completed 67 % :  mod = 1.1968130369674703e-10,  Error =7.740884136353543e-06
Completed 68 % :  mod = 3.2407282723430145e-10,  Error =7.834077123902716e-06
Completed 69 % :  mod = 2.350909934994878e-10,  Error =7.90644625681125e-06
Completed 70 % :  mod = 9.049202761333083e-11,  Error =8.014263315203607e-06
Completed 71 % :  mod = 5.737954627925943e-11,  Error =8.141465968947159e-06
Completed 72 % :  mod = 5.6967272007048393e-11,  Error =8.271154818828563e-06
Completed 73 % :  mod = 1.0265441149146326e-10,  Error =8.396726919102093e-06
Completed 74 % :  mod = 2.867544338943548e-10,  Error =8.497067817359039e-06
Completed 75 % :  mod = 2.7299771819465656e-10,  Error =8.567881643273267e-06
Completed 76 % :  mod = 1.0177457312823985e-10,  Error =8.671209805299895e-06
Completed 77 % :  mod = 5.6897057873081155e-11,  Error =8.79734413672395e-06
Completed 78 % :  mod = 5.6760692701091486e-11,  Error =8.926839328182723e-06
Completed 79 % :  mod = 1.0713896734526481e-10,  Error =9.052642781171016e-06
Completed 80 % :  mod = 2.586727152985793e-10,  Error =9.154724075699505e-06
Completed 81 % :  mod = 2.9547431969846064e-10,  Error =9.225363882592319e-06
Completed 82 % :  mod = 1.1762065470747045e-10,  Error =9.325568868234768e-06
Completed 83 % :  mod = 6.924985189556957e-11,  Error =9.448630216013498e-06
Completed 84 % :  mod = 1.21263021525074e-10,  Error =9.572679680047713e-06
Completed 85 % :  mod = 2.39768458286051e-10,  Error =9.680049622318165e-06
Completed 86 % :  mod = 2.739079316297456e-10,  Error =9.748748013294062e-06
Completed 87 % :  mod = 1.5141725773409844e-10,  Error =9.844413924042783e-06
Completed 88 % :  mod = 5.778419812058596e-11,  Error =9.967860258086603e-06
Completed 89 % :  mod = 3.9816420387679545e-11,  Error =1.0097462855185313e-05
Completed 90 % :  mod = 9.10699159774628e-11,  Error =1.0225618595427477e-05
Completed 91 % :  mod = 2.0826737357662062e-10,  Error =1.0339993167463035e-05
Completed 92 % :  mod = 3.079026335451622e-10,  Error =1.0414162765925994e-05
Completed 93 % :  mod = 1.5616739963595625e-10,  Error =1.0502047651073099e-05
Completed 94 % :  mod = 5.717646090217917e-11,  Error =1.062422552422504e-05
Completed 95 % :  mod = 2.364035911574732e-11,  Error =1.0754607146168382e-05
Completed 96 % :  mod = 3.000183684766931e-11,  Error =1.0886096184492544e-05
Completed 97 % :  mod = 5.866655312667106e-11,  Error =1.1016724457135751e-05
Completed 98 % :  mod = 1.2966710539398008e-10,  Error =1.1140571707812796e-05
Completed 99 % :  mod = 3.086075503468086e-10,  Error =1.1232682766149082e-05
Completed 100 % :  mod = 2.2525569327970448e-10,  Error =1.1304420944213689e-05
Finished 132/201 frames
Finished all frames!
