/opt/local/miniconda_23_9/lib/python3.11/site-packages/conda/base/context.py:201: FutureWarning: Adding 'defaults' to channel list implicitly is deprecated and will be removed in 25.3. 

To remove this warning, please choose a default channel explicitly with conda's regular configuration system, e.g. by adding 'defaults' to the list of channels:

  conda config --add channels defaults

For more information see https://docs.conda.io/projects/conda/en/stable/user-guide/configuration/use-condarc.html

  deprecated.topic(
JOB 13532 ARRAY_ID 178  -> i=178 ; range=[1.9e-10, 6.0e-10] ; intervals=200 (frames=201)
Density options: centers='2.0e-10,4.0e-10' width='5e-11,5e-11' strength=''
Completed 0 % :  mod = 3.8410289445883623e-16,  Error =-1.4210854715202004e-14
Completed 1 % :  mod = 6.85999355414846e-16,  Error =2.6085550786092426e-07
Completed 2 % :  mod = 2.066256754319529e-15,  Error =5.217118683731314e-07
Completed 3 % :  mod = 6.694579311805827e-15,  Error =7.825678096651245e-07
Completed 4 % :  mod = 2.1846487568748427e-14,  Error =1.043424056490494e-06
Completed 5 % :  mod = 7.134011846131502e-14,  Error =1.3042806017438124e-06
Completed 6 % :  mod = 2.3297729313783095e-13,  Error =1.5651364435598225e-06
Completed 7 % :  mod = 7.608444995764565e-13,  Error =1.8259915535168147e-06
Completed 8 % :  mod = 2.4847229455311325e-12,  Error =2.0868434305043593e-06
Completed 9 % :  mod = 8.114370495046207e-12,  Error =2.3476622743601183e-06
Completed 10 % :  mod = 2.6495692255627948e-11,  Error =2.6081270192435113e-06
Completed 11 % :  mod = 8.638096697990138e-11,  Error =2.864898576149244e-06
Completed 12 % :  mod = 2.723986002233073e-10,  Error =3.0897387759409867e-06
Completed 13 % :  mod = 4.019647843285032e-10,  Error =3.2242549394823072e-06
Completed 14 % :  mod = 1.2274135550090694e-10,  Error =3.420402990172988e-06
Completed 15 % :  mod = 6.879011479677322e-11,  Error =3.6676266077506625e-06
Completed 16 % :  mod = 1.6226569950432223e-10,  Error =3.913082238682364e-06
Completed 17 % :  mod = 3.7740821337707273e-10,  Error =4.107575584555434e-06
Completed 18 % :  mod = 2.3613016426863865e-10,  Error =4.235979815803148e-06
Completed 19 % :  mod = 1.4357879822622395e-10,  Error =4.456662310303727e-06
Completed 20 % :  mod = 1.1867580277618083e-10,  Error =4.701962126318904e-06
Completed 21 % :  mod = 2.1285674120613188e-10,  Error =4.9241633917063155e-06
Completed 22 % :  mod = 4.277464860246317e-10,  Error =5.05762290003986e-06
Completed 23 % :  mod = 1.66031984550254e-10,  Error =5.242668891014546e-06
Completed 24 % :  mod = 1.021983836975469e-10,  Error =5.478712473916403e-06
Completed 25 % :  mod = 2.451227747352793e-10,  Error =5.701989898909687e-06
Completed 26 % :  mod = 4.5733150920433354e-10,  Error =5.856688083838435e-06
Completed 27 % :  mod = 1.676127089970865e-10,  Error =6.019445429217285e-06
Completed 28 % :  mod = 1.4688035559658152e-10,  Error =6.237031549005678e-06
Completed 28 % :  mod = 4.251164874239768e-10,  Error =6.423132703048395e-06
Completed 30 % :  mod = 2.8620245576236644e-10,  Error =6.570688071860786e-06
Completed 31 % :  mod = 1.160361346255647e-10,  Error =6.7775337200259855e-06
Completed 32 % :  mod = 1.9538460130222167e-10,  Error =7.010333703760807e-06
Completed 33 % :  mod = 4.0252020474735687e-10,  Error =7.190973192905403e-06
Completed 34 % :  mod = 2.637258291317957e-10,  Error =7.328345233759137e-06
Completed 35 % :  mod = 9.709220306431436e-11,  Error =7.549911579474156e-06
Completed 36 % :  mod = 1.0485224454020977e-10,  Error =7.79501063874477e-06
Completed 37 % :  mod = 2.966912693483312e-10,  Error =8.013174316090499e-06
Completed 38 % :  mod = 3.4606489935144196e-10,  Error =8.14423303552303e-06
Completed 39 % :  mod = 1.7782362824345193e-10,  Error =8.338490303572144e-06
Completed 40 % :  mod = 8.78273948240599e-11,  Error =8.583171450027294e-06
Completed 41 % :  mod = 1.3412167779117711e-10,  Error =8.824590636891116e-06
Completed 42 % :  mod = 4.45764102718333e-10,  Error =9.00521443014668e-06
Completed 43 % :  mod = 1.9256967385195705e-10,  Error =9.143038568026896e-06
Completed 44 % :  mod = 1.346218570651391e-10,  Error =9.369061935160516e-06
Completed 45 % :  mod = 1.7198151466767004e-10,  Error =9.611067014247965e-06
Completed 46 % :  mod = 2.608815106211223e-10,  Error =9.818246276438458e-06
Completed 47 % :  mod = 3.690009798841582e-10,  Error =9.94750099181374e-06
Completed 48 % :  mod = 1.4541181572436562e-10,  Error =1.0146980237379921e-05
Completed 49 % :  mod = 1.4402072458544997e-10,  Error =1.037616975452238e-05
Completed 50 % :  mod = 3.4586707463432234e-10,  Error =1.0562277182657454e-05
Completed 51 % :  mod = 3.038623509380902e-10,  Error =1.0708017285310234e-05
Completed 52 % :  mod = 2.1573826500758767e-10,  Error =1.0914372808201733e-05
Completed 53 % :  mod = 1.8457067227129838e-10,  Error =1.1130162050676518e-05
Completed 54 % :  mod = 4.1300618911012963e-10,  Error =1.1271243764099381e-05
Completed 55 % :  mod = 1.972205553863909e-10,  Error =1.1446790111335758e-05
Completed 56 % :  mod = 1.0417302528700003e-10,  Error =1.1679625153249162e-05
Completed 56 % :  mod = 1.939486701043474e-10,  Error =1.1910791435809642e-05
Completed 57 % :  mod = 4.4751099337694707e-10,  Error =1.2065904677172057e-05
Completed 59 % :  mod = 2.116153379174699e-10,  Error =1.222404566192381e-05
Completed 60 % :  mod = 8.361289564473958e-11,  Error =1.2458057298658787e-05
Completed 61 % :  mod = 1.2759899915968308e-10,  Error =1.2701855297336806e-05
Completed 62 % :  mod = 3.72074607463863e-10,  Error =1.2903556047660913e-05
Completed 63 % :  mod = 2.6204439558182777e-10,  Error =1.3030441344596966e-05
Completed 64 % :  mod = 1.53232294993832e-10,  Error =1.3245686780294363e-05
Completed 65 % :  mod = 9.327214372913312e-11,  Error =1.3494112934608893e-05
Completed 66 % :  mod = 1.3864773509279547e-10,  Error =1.373551019412389e-05
Completed 67 % :  mod = 4.644175080619514e-10,  Error =1.3904332455183521e-05
Completed 68 % :  mod = 1.8036007025624927e-10,  Error =1.4054581498612606e-05
Completed 69 % :  mod = 8.501211614954759e-11,  Error =1.429048574408398e-05
Completed 70 % :  mod = 1.0040620173807448e-10,  Error =1.4543848976700247e-05
Completed 71 % :  mod = 1.593008131808166e-10,  Error =1.4787238427516058e-05
Completed 72 % :  mod = 4.2959897005430586e-10,  Error =1.4958294514144654e-05
Completed 73 % :  mod = 1.953930835326435e-10,  Error =1.5107353682708435e-05
Completed 74 % :  mod = 7.715444317029245e-11,  Error =1.5341898425447198e-05
Completed 75 % :  mod = 1.1235831533700502e-10,  Error =1.559202951284533e-05
Completed 76 % :  mod = 2.3281050232372663e-10,  Error =1.582038768788152e-05
Completed 77 % :  mod = 4.296594759254294e-10,  Error =1.5959599927839463e-05
Completed 78 % :  mod = 1.6980104452296822e-10,  Error =1.613823486934507e-05
Completed 79 % :  mod = 9.216488697994506e-11,  Error =1.6378186394661043e-05
Completed 80 % :  mod = 1.835132227658165e-10,  Error =1.6615454029533794e-05
Completed 81 % :  mod = 4.3529957536611045e-10,  Error =1.679115155184263e-05
Completed 82 % :  mod = 1.8699738681258693e-10,  Error =1.6930473556442394e-05
Completed 83 % :  mod = 1.7262623985517769e-10,  Error =1.7153425304172742e-05
Completed 84 % :  mod = 2.1811349318446195e-10,  Error =1.7381121139692368e-05
Completed 85 % :  mod = 3.680270008555371e-10,  Error =1.7553181493212833e-05
Completed 86 % :  mod = 1.8121125289313535e-10,  Error =1.7703210374975242e-05
Completed 87 % :  mod = 2.0395821285209887e-10,  Error =1.7916536172890574e-05
Completed 88 % :  mod = 3.52249776087051e-10,  Error =1.8112621603449952e-05
Completed 89 % :  mod = 2.729206910910022e-10,  Error =1.8247994098885556e-05
Completed 90 % :  mod = 1.8429601591655438e-10,  Error =1.844689584373782e-05
Completed 91 % :  mod = 1.5013992417908242e-10,  Error =1.868036181917887e-05
Completed 92 % :  mod = 2.901424806591102e-10,  Error =1.888605638100671e-05
Completed 93 % :  mod = 3.038996302995505e-10,  Error =1.9012334519175056e-05
Completed 94 % :  mod = 1.6394922859785754e-10,  Error =1.9213826270458867e-05
Completed 95 % :  mod = 1.6466692426014326e-10,  Error =1.9450232812801005e-05
Completed 96 % :  mod = 2.309882742059274e-10,  Error =1.9664101799321543e-05
Completed 97 % :  mod = 4.27905924853522e-10,  Error =1.9798272958837515e-05
Completed 98 % :  mod = 1.6459742453238222e-10,  Error =1.9983204609275163e-05
Completed 99 % :  mod = 1.4452547554626855e-10,  Error =2.020785059642094e-05
Completed 100 % :  mod = 3.7034362653321494e-10,  Error =2.0395385945448652e-05
Finished 179/201 frames
Finished all frames!
