/opt/local/miniconda_23_9/lib/python3.11/site-packages/conda/base/context.py:201: FutureWarning: Adding 'defaults' to channel list implicitly is deprecated and will be removed in 25.3. 

To remove this warning, please choose a default channel explicitly with conda's regular configuration system, e.g. by adding 'defaults' to the list of channels:

  conda config --add channels defaults

For more information see https://docs.conda.io/projects/conda/en/stable/user-guide/configuration/use-condarc.html

  deprecated.topic(
JOB 13991 ARRAY_ID 120  -> i=120 ; range=[1.9e-10, 5.0e-10] ; intervals=200 (frames=201)
Analytic t0 extension enabled (--extend-time-using-t0).
Density options: centers='2.0e-10,4.0e-10' width='2.0e-11,5.0e-11' strength='7.0'
Completed 0 % :  mod = 3.1544274755134474e-16,  Error =-1.4210854715202004e-14
Completed 1 % :  mod = 4.814861851371085e-16,  Error =1.1865697047142021e-07
Completed 2 % :  mod = 1.1544211065157664e-15,  Error =2.3731430331963566e-07
Completed 3 % :  mod = 3.042689396709687e-15,  Error =3.5597074088400404e-07
Completed 4 % :  mod = 8.134192606527901e-15,  Error =4.7462754793059503e-07
Completed 5 % :  mod = 2.1789083798497146e-14,  Error =5.932848239353916e-07
Completed 6 % :  mod = 5.83827455594e-14,  Error =7.119413325540336e-07
Completed 7 % :  mod = 1.5643967667649144e-13,  Error =8.305974787958803e-07
Completed 8 % :  mod = 4.191906369705288e-13,  Error =9.49255174020891e-07
Completed 9 % :  mod = 1.1232488689842586e-12,  Error =1.0679116613232509e-06
Completed 10 % :  mod = 3.009790855197187e-12,  Error =1.1865644893305216e-06
Completed 11 % :  mod = 8.064305300400688e-12,  Error =1.3051936988972557e-06
Completed 12 % :  mod = 2.1596533555302052e-11,  Error =1.4236507865916792e-06
Completed 13 % :  mod = 5.763012894767747e-11,  Error =1.5408921072435078e-06
Completed 14 % :  mod = 1.4960352135217286e-10,  Error =1.6502906632354097e-06
Completed 15 % :  mod = 3.051996106013161e-10,  Error =1.7292395426693474e-06
Completed 16 % :  mod = 1.9802407639192345e-10,  Error =1.7952639765894673e-06
Completed 17 % :  mod = 8.951649260943078e-11,  Error =1.897326910693664e-06
Completed 18 % :  mod = 3.7747892015881865e-11,  Error =2.0125864779174663e-06
Completed 19 % :  mod = 3.4957761394979306e-11,  Error =2.13002749660518e-06
Completed 20 % :  mod = 7.504583705833599e-11,  Error =2.2461930271333586e-06
Completed 21 % :  mod = 1.6368437837730663e-10,  Error =2.3529290587021023e-06
Completed 22 % :  mod = 3.090486584879888e-10,  Error =2.4258862936221703e-06
Completed 23 % :  mod = 1.8237122504528177e-10,  Error =2.4972794463451464e-06
Completed 24 % :  mod = 7.185373228248122e-11,  Error =2.602778302218667e-06
Completed 25 % :  mod = 2.7907750368894704e-11,  Error =2.7191797187242628e-06
Completed 26 % :  mod = 1.7981613058574875e-11,  Error =2.8373676315140983e-06
Completed 27 % :  mod = 2.5334894109915656e-11,  Error =2.95564905172796e-06
Completed 28 % :  mod = 5.424858062063121e-11,  Error =3.07286759237968e-06
Completed 28 % :  mod = 1.4595792633914124e-10,  Error =3.1827669531026004e-06
Completed 30 % :  mod = 3.0210497893233387e-10,  Error =3.2639172502513247e-06
Completed 31 % :  mod = 2.0336513048059846e-10,  Error =3.32806823877263e-06
Completed 32 % :  mod = 9.850042405499511e-11,  Error =3.428445509712219e-06
Completed 33 % :  mod = 4.333219963657879e-11,  Error =3.5430412168580006e-06
Completed 34 % :  mod = 4.332913700914216e-11,  Error =3.6599159898287326e-06
Completed 35 % :  mod = 1.0287566974394346e-10,  Error =3.7741326082141313e-06
Completed 36 % :  mod = 2.1631109149107592e-10,  Error =3.872781029201633e-06
Completed 37 % :  mod = 2.929033122047655e-10,  Error =3.93561612099802e-06
Completed 38 % :  mod = 1.404107196806924e-10,  Error =4.019152349599153e-06
Completed 39 % :  mod = 5.138155680522375e-11,  Error =4.129845670775012e-06
Completed 40 % :  mod = 2.4699820484339945e-11,  Error =4.247144332225616e-06
Completed 41 % :  mod = 2.2353113585581693e-11,  Error =4.365351266244488e-06
Completed 42 % :  mod = 3.9072929170810656e-11,  Error =4.483194736337737e-06
Completed 43 % :  mod = 9.957569056111953e-11,  Error =4.5975192080049965e-06
Completed 44 % :  mod = 2.42927396886158e-10,  Error =4.693318508941502e-06
Completed 45 % :  mod = 2.8282357257672555e-10,  Error =4.755640972575748e-06
Completed 46 % :  mod = 1.199418219357554e-10,  Error =4.842942196603417e-06
Completed 47 % :  mod = 4.8394237900930495e-11,  Error =4.955233116277213e-06
Completed 48 % :  mod = 2.0872344209237e-11,  Error =5.072860332688833e-06
Completed 49 % :  mod = 1.3241871770424906e-11,  Error =5.19126161435679e-06
Completed 50 % :  mod = 2.2499877668363925e-11,  Error =5.30962346800834e-06
Completed 51 % :  mod = 5.764548828851014e-11,  Error =5.426911577899318e-06
Completed 52 % :  mod = 1.3867708889047157e-10,  Error =5.537247638187637e-06
Completed 53 % :  mod = 2.9761481174566634e-10,  Error =5.618301749166221e-06
Completed 54 % :  mod = 2.1499512058659405e-10,  Error =5.683488659258273e-06
Completed 55 % :  mod = 8.915145629653842e-11,  Error =5.784027422350846e-06
Completed 56 % :  mod = 3.745831192421485e-11,  Error =5.899124637664954e-06
Completed 56 % :  mod = 3.189092817943915e-11,  Error =6.0167383111320305e-06
Completed 57 % :  mod = 5.7671995586328845e-11,  Error =6.133771435656854e-06
Completed 59 % :  mod = 1.2580942746564955e-10,  Error =6.244820994538713e-06
Completed 60 % :  mod = 2.9343546522717754e-10,  Error =6.328269591904245e-06
Completed 61 % :  mod = 2.3275826709396363e-10,  Error =6.392864477788862e-06
Completed 62 % :  mod = 9.069713268940586e-11,  Error =6.491183221157826e-06
Completed 63 % :  mod = 3.841235766619173e-11,  Error =6.605984317786806e-06
Completed 64 % :  mod = 2.8739592244683198e-11,  Error =6.723656696294711e-06
Completed 65 % :  mod = 4.682681250619067e-11,  Error =6.841140226754305e-06
Completed 66 % :  mod = 1.0386697396900461e-10,  Error =6.954575766826565e-06
Completed 67 % :  mod = 2.645510362064653e-10,  Error =7.046629882268007e-06
Completed 68 % :  mod = 2.712377050547548e-10,  Error =7.109444084107963e-06
Completed 69 % :  mod = 1.0579335360503327e-10,  Error =7.200136188600936e-06
Completed 70 % :  mod = 4.780521761449008e-11,  Error =7.3132542013354396e-06
Completed 71 % :  mod = 2.986510517223682e-11,  Error =7.430708087952098e-06
Completed 72 % :  mod = 3.6191956373289884e-11,  Error =7.548454426853368e-06
Completed 73 % :  mod = 8.408698985106086e-11,  Error =7.663708601057806e-06
Completed 74 % :  mod = 2.1995253407798713e-10,  Error =7.76423278381344e-06
Completed 75 % :  mod = 2.9874299068008166e-10,  Error =7.830342802606083e-06
Completed 76 % :  mod = 1.3545533386962199e-10,  Error =7.910772104935404e-06
Completed 77 % :  mod = 6.430355755636269e-11,  Error =8.020753526238877e-06
Completed 78 % :  mod = 3.312072506904643e-11,  Error =8.137508601180343e-06
Completed 79 % :  mod = 3.97601318713479e-11,  Error =8.254917787553495e-06
Completed 80 % :  mod = 1.0101810723654672e-10,  Error =8.369281914610838e-06
Completed 81 % :  mod = 2.28591067825899e-10,  Error =8.467020450098062e-06
Completed 82 % :  mod = 2.87778126348228e-10,  Error =8.529736369666807e-06
Completed 83 % :  mod = 1.313408474030086e-10,  Error =8.614690536035141e-06
Completed 84 % :  mod = 4.85040466834932e-11,  Error =8.726209344445124e-06
Completed 85 % :  mod = 1.9648814434595193e-11,  Error =8.843787945522763e-06
Completed 86 % :  mod = 9.382098800185347e-12,  Error =8.962272978862984e-06
Completed 87 % :  mod = 6.225379778673748e-12,  Error =9.080880197132046e-06
Completed 88 % :  mod = 1.1103525611107987e-11,  Error =9.199460585307406e-06
Completed 89 % :  mod = 3.02872920299483e-11,  Error =9.31773151080506e-06
Completed 90 % :  mod = 7.728081948540494e-11,  Error =9.433824878612995e-06
Completed 91 % :  mod = 1.967031545266176e-10,  Error =9.536844288504653e-06
Completed 92 % :  mod = 3.1687794584088647e-10,  Error =9.60503346192354e-06
Completed 93 % :  mod = 1.4337011928833548e-10,  Error =9.681521106585933e-06
Completed 94 % :  mod = 7.014868153456761e-11,  Error =9.789829952921991e-06
Completed 95 % :  mod = 4.1164445701763634e-11,  Error =9.906087470312741e-06
Completed 96 % :  mod = 4.84292352228799e-11,  Error =1.0022979900270457e-05
Completed 97 % :  mod = 1.1934138108026776e-10,  Error =1.0135257028309752e-05
Completed 98 % :  mod = 2.7300063457682766e-10,  Error =1.02254880900432e-05
Completed 99 % :  mod = 2.4699345479195795e-10,  Error =1.0286507013290702e-05
Completed 100 % :  mod = 1.1415232621422523e-10,  Error =1.0379468029952932e-05
Finished 121/201 frames
Finished all frames!
