/opt/local/miniconda_23_9/lib/python3.11/site-packages/conda/base/context.py:201: FutureWarning: Adding 'defaults' to channel list implicitly is deprecated and will be removed in 25.3. 

To remove this warning, please choose a default channel explicitly with conda's regular configuration system, e.g. by adding 'defaults' to the list of channels:

  conda config --add channels defaults

For more information see https://docs.conda.io/projects/conda/en/stable/user-guide/configuration/use-condarc.html

  deprecated.topic(
JOB 14025 ARRAY_ID 154  -> i=154 ; range=[1.9e-10, 5.0e-10] ; intervals=200 (frames=201)
Analytic t0 extension enabled (--extend-time-using-t0).
Density options: centers='2.0e-10,4.0e-10' width='2.0e-11,5.0e-11' strength='7.0'
Completed 0 % :  mod = 3.401433709398988e-16,  Error =-1.4210854715202004e-14
Completed 1 % :  mod = 5.502805740488379e-16,  Error =1.6041944661537855e-07
Completed 2 % :  mod = 1.440333541871132e-15,  Error =3.208389927067401e-07
Completed 3 % :  mod = 4.11003409939072e-15,  Error =4.812586738012214e-07
Completed 4 % :  mod = 1.185801137281089e-14,  Error =6.416782909468566e-07
Completed 5 % :  mod = 3.425751268754591e-14,  Error =8.020981212553124e-07
Completed 6 % :  mod = 9.898491794446569e-14,  Error =9.62518086566888e-07
Completed 7 % :  mod = 2.8601611196756246e-13,  Error =1.1229376895016685e-06
Completed 8 % :  mod = 8.264427336484441e-13,  Error =1.2833573279635857e-06
Completed 9 % :  mod = 2.387995424462035e-12,  Error =1.4437747921647315e-06
Completed 10 % :  mod = 6.899861074877928e-12,  Error =1.60417178562966e-06
Completed 11 % :  mod = 1.9931089268219935e-11,  Error =1.764402995263481e-06
Completed 12 % :  mod = 5.74426660598951e-11,  Error =1.9232720518402857e-06
Completed 13 % :  mod = 1.620350747536476e-10,  Error =2.071862397201585e-06
Completed 14 % :  mod = 3.524257889947132e-10,  Error =2.1761177180223967e-06
Completed 15 % :  mod = 1.8649326042913043e-10,  Error =2.2675265967109226e-06
Completed 16 % :  mod = 8.864954293611741e-11,  Error =2.4101075979388042e-06
Completed 17 % :  mod = 4.846295886245399e-11,  Error =2.56641346396691e-06
Completed 18 % :  mod = 6.95022038242822e-11,  Error =2.72296649228565e-06
Completed 19 % :  mod = 2.0946638905364174e-10,  Error =2.865370305471515e-06
Completed 20 % :  mod = 3.525489712756349e-10,  Error =2.963237491826476e-06
Completed 21 % :  mod = 1.4982862323120182e-10,  Error =3.061197098475077e-06
Completed 22 % :  mod = 1.1044805175075296e-10,  Error =3.2041473971844425e-06
Completed 23 % :  mod = 1.2953067788091588e-10,  Error =3.3535931933670327e-06
Completed 24 % :  mod = 2.070837803395516e-10,  Error =3.484645127116437e-06
Completed 25 % :  mod = 3.392780681541216e-10,  Error =3.567170999474456e-06
Completed 26 % :  mod = 1.6349075307001534e-10,  Error =3.6805289198582614e-06
Completed 27 % :  mod = 8.702236764894961e-11,  Error =3.824918408668054e-06
Completed 28 % :  mod = 1.4789530241798668e-10,  Error =3.970652613816128e-06
Completed 28 % :  mod = 3.3891336572868544e-10,  Error =4.086230276811875e-06
Completed 30 % :  mod = 2.3098113460264337e-10,  Error =4.16945293579829e-06
Completed 31 % :  mod = 1.0606679202200754e-10,  Error =4.300167077531114e-06
Completed 32 % :  mod = 7.365010714954794e-11,  Error =4.453240080692922e-06
Completed 33 % :  mod = 1.0070584393930543e-10,  Error =4.606804949958132e-06
Completed 34 % :  mod = 2.315476504062571e-10,  Error =4.739217253302286e-06
Completed 35 % :  mod = 3.654835402704737e-10,  Error =4.827500077908553e-06
Completed 36 % :  mod = 1.282133451319251e-10,  Error =4.938728800141234e-06
Completed 37 % :  mod = 8.888035471713022e-11,  Error =5.082850961457552e-06
Completed 38 % :  mod = 2.0946723292096217e-10,  Error =5.224632168676635e-06
Completed 39 % :  mod = 3.0481564772403927e-10,  Error =5.334675869050898e-06
Completed 40 % :  mod = 1.9754386807602152e-10,  Error =5.419424432773212e-06
Completed 41 % :  mod = 1.7822213534273508e-10,  Error =5.548850040781872e-06
Completed 42 % :  mod = 1.6171979771298868e-10,  Error =5.688053178687369e-06
Completed 43 % :  mod = 2.402337703383345e-10,  Error =5.80260174842806e-06
Completed 44 % :  mod = 2.861934664834552e-10,  Error =5.8894048393653975e-06
Completed 45 % :  mod = 1.8619733960008845e-10,  Error =6.009696399189579e-06
Completed 46 % :  mod = 1.5842569715583233e-10,  Error =6.140763062489896e-06
Completed 47 % :  mod = 2.7705611560250164e-10,  Error =6.245086083822571e-06
Completed 48 % :  mod = 3.0759459276993417e-10,  Error =6.341644365193133e-06
Completed 49 % :  mod = 1.3155369842347178e-10,  Error =6.465608763051023e-06
Completed 50 % :  mod = 1.462485382604465e-10,  Error =6.597409864639303e-06
Completed 51 % :  mod = 3.9263094993296023e-10,  Error =6.699060193682271e-06
Completed 52 % :  mod = 2.0427703571650485e-10,  Error =6.792931458221574e-06
Completed 53 % :  mod = 1.210515114159499e-10,  Error =6.921364217760129e-06
Completed 54 % :  mod = 1.8629356265559348e-10,  Error =7.061745492364935e-06
Completed 55 % :  mod = 2.927513506046639e-10,  Error =7.179108088450903e-06
Completed 56 % :  mod = 2.530925443045305e-10,  Error =7.261262418012393e-06
Completed 56 % :  mod = 1.2305709000632333e-10,  Error =7.3847592574338705e-06
Completed 57 % :  mod = 1.2333416130802148e-10,  Error =7.530862305316077e-06
Completed 59 % :  mod = 1.899908159728557e-10,  Error =7.669148985200991e-06
Completed 60 % :  mod = 3.260101754537627e-10,  Error =7.761970302055943e-06
Completed 61 % :  mod = 2.2149534902440134e-10,  Error =7.862652353196609e-06
Completed 62 % :  mod = 7.329126971599429e-11,  Error =8.004763742519572e-06
Completed 63 % :  mod = 7.725582839393148e-11,  Error =8.157068236869236e-06
Completed 64 % :  mod = 2.2714648304349052e-10,  Error =8.298555947305886e-06
Completed 65 % :  mod = 3.1720418695000957e-10,  Error =8.397627574652233e-06
Completed 66 % :  mod = 1.835399679412875e-10,  Error =8.493317842805936e-06
Completed 67 % :  mod = 1.3224503529653375e-10,  Error =8.633279946934636e-06
Completed 68 % :  mod = 1.1610100928824985e-10,  Error =8.78002938264899e-06
Completed 69 % :  mod = 2.5005615252275474e-10,  Error =8.90315311607992e-06
Completed 70 % :  mod = 3.0705167481861636e-10,  Error =8.986486776052516e-06
Completed 71 % :  mod = 1.6868622203928732e-10,  Error =9.104062421272374e-06
Completed 72 % :  mod = 1.2743232332210638e-10,  Error =9.24390143097753e-06
Completed 73 % :  mod = 2.2817901446484267e-10,  Error =9.36984076815861e-06
Completed 74 % :  mod = 3.75922066529185e-10,  Error =9.463690965105798e-06
Completed 75 % :  mod = 1.4128260840906502e-10,  Error =9.568310311180994e-06
Completed 76 % :  mod = 1.3179495497051676e-10,  Error =9.700042681970444e-06
Completed 77 % :  mod = 3.3333005519875275e-10,  Error =9.820101581681229e-06
Completed 78 % :  mod = 2.567358236171507e-10,  Error =9.913455514265479e-06
Completed 79 % :  mod = 1.4870777310786975e-10,  Error =1.0024360655336295e-05
Completed 80 % :  mod = 1.8817962250191584e-10,  Error =1.0159562940259548e-05
Completed 81 % :  mod = 2.695125646219586e-10,  Error =1.028148863468914e-05
Completed 82 % :  mod = 2.5477878282435254e-10,  Error =1.0366086989677115e-05
Completed 83 % :  mod = 1.5538937156184056e-10,  Error =1.048240012835322e-05
Completed 84 % :  mod = 1.4477086966016676e-10,  Error =1.0625063346481056e-05
Completed 85 % :  mod = 1.7789431169377707e-10,  Error =1.0761368052669695e-05
Completed 86 % :  mod = 3.272571677588424e-10,  Error =1.0852492017932036e-05
Completed 87 % :  mod = 2.1918367174280573e-10,  Error =1.095566067732534e-05
Completed 88 % :  mod = 7.428903709426797e-11,  Error =1.1097734230247625e-05
Completed 89 % :  mod = 8.137826144045303e-11,  Error =1.1249463995000042e-05
Completed 90 % :  mod = 2.5176738056445354e-10,  Error =1.1387210236080136e-05
Completed 91 % :  mod = 3.1504306953378033e-10,  Error =1.1482927384065533e-05
Completed 92 % :  mod = 1.5469101947337536e-10,  Error =1.1585138580016974e-05
Completed 93 % :  mod = 1.2878003972305602e-10,  Error =1.1727617298618043e-05
Completed 94 % :  mod = 1.505681300195597e-10,  Error =1.1872392747136473e-05
Completed 95 % :  mod = 2.6488052434173813e-10,  Error =1.198771683874611e-05
Completed 96 % :  mod = 2.665160245002797e-10,  Error =1.2073276181467918e-05
Completed 97 % :  mod = 1.6896775559055434e-10,  Error =1.2198315175737662e-05
Completed 98 % :  mod = 1.4165217192483147e-10,  Error =1.2336321873362976e-05
Completed 99 % :  mod = 2.6266185980125746e-10,  Error =1.2449749931420229e-05
Completed 100 % :  mod = 3.3324418249671904e-10,  Error =1.2542342851418198e-05
Finished 155/201 frames
Finished all frames!
