/opt/local/miniconda_23_9/lib/python3.11/site-packages/conda/base/context.py:201: FutureWarning: Adding 'defaults' to channel list implicitly is deprecated and will be removed in 25.3. 

To remove this warning, please choose a default channel explicitly with conda's regular configuration system, e.g. by adding 'defaults' to the list of channels:

  conda config --add channels defaults

For more information see https://docs.conda.io/projects/conda/en/stable/user-guide/configuration/use-condarc.html

  deprecated.topic(
JOB 13999 ARRAY_ID 128  -> i=128 ; range=[1.9e-10, 5.0e-10] ; intervals=200 (frames=201)
Analytic t0 extension enabled (--extend-time-using-t0).
Density options: centers='2.0e-10,4.0e-10' width='2.0e-11,5.0e-11' strength='7.0'
Completed 0 % :  mod = 3.2109210813591485e-16,  Error =-1.4210854715202004e-14
Completed 1 % :  mod = 4.967597969050216e-16,  Error =1.273874019602772e-07
Completed 2 % :  mod = 1.2159764747547553e-15,  Error =2.54775571306709e-07
Completed 3 % :  mod = 3.2657009722552752e-15,  Error =3.821637335477135e-07
Completed 4 % :  mod = 8.888718841471558e-15,  Error =5.095519526321368e-07
Completed 5 % :  mod = 2.423767318770683e-14,  Error =6.369400367134403e-07
Completed 6 % :  mod = 6.610721762531368e-14,  Error =7.64328241587009e-07
Completed 7 % :  mod = 1.8031053278178922e-13,  Error =8.917163825117314e-07
Completed 8 % :  mod = 4.918074855277541e-13,  Error =1.0191035642037605e-06
Completed 9 % :  mod = 1.3414320700495493e-12,  Error =1.146491172221431e-06
Completed 10 % :  mod = 3.658783530645506e-12,  Error =1.2738726411498646e-06
Completed 11 % :  mod = 9.978457333644989e-12,  Error =1.4012164797350124e-06
Completed 12 % :  mod = 2.71945322154884e-11,  Error =1.528279895524065e-06
Completed 13 % :  mod = 7.371506006720361e-11,  Error =1.6533087077164055e-06
Completed 14 % :  mod = 1.9097107953470529e-10,  Error =1.7655450363918135e-06
Completed 15 % :  mod = 3.277533478968557e-10,  Error =1.8397833443373202e-06
Completed 16 % :  mod = 1.5014891628735853e-10,  Error =1.9204431609409767e-06
Completed 17 % :  mod = 7.121147946492972e-11,  Error =2.036533125249207e-06
Completed 18 % :  mod = 3.860625205709507e-11,  Error =2.1614705048023097e-06
Completed 19 % :  mod = 4.571113589458945e-11,  Error =2.2872091349768198e-06
Completed 20 % :  mod = 1.1511079971109784e-10,  Error =2.4086329872829992e-06
Completed 21 % :  mod = 2.694938524994276e-10,  Error =2.5077297607367655e-06
Completed 22 % :  mod = 2.63177726614183e-10,  Error =2.5729496755388936e-06
Completed 23 % :  mod = 1.1539177985978619e-10,  Error =2.671680014998401e-06
Completed 24 % :  mod = 4.12194222931411e-11,  Error =2.7935698483361193e-06
Completed 25 % :  mod = 1.9983610058690036e-11,  Error =2.9200598916645504e-06
Completed 26 % :  mod = 1.9053047460820105e-11,  Error =3.047134136124896e-06
Completed 27 % :  mod = 3.534506651593723e-11,  Error =3.1738610957177116e-06
Completed 28 % :  mod = 9.115155759099483e-11,  Error =3.297440692051623e-06
Completed 28 % :  mod = 2.3730308072021444e-10,  Error =3.4028728848056744e-06
Completed 30 % :  mod = 3.025010853727888e-10,  Error =3.471027682167005e-06
Completed 31 % :  mod = 1.229051911881512e-10,  Error =3.5622251246536507e-06
Completed 32 % :  mod = 5.4321018283414805e-11,  Error =3.6821809459297583e-06
Completed 33 % :  mod = 2.98913404273712e-11,  Error =3.8080733304468595e-06
Completed 34 % :  mod = 3.558922076353973e-11,  Error =3.934500817592834e-06
Completed 35 % :  mod = 8.441993933980942e-11,  Error =4.058480087110183e-06
Completed 36 % :  mod = 2.2034215036562877e-10,  Error =4.167179049829883e-06
Completed 37 % :  mod = 3.088599992464608e-10,  Error =4.238152172320042e-06
Completed 38 % :  mod = 1.35598851755279e-10,  Error =4.324484393691819e-06
Completed 39 % :  mod = 6.33137242032978e-11,  Error =4.442841678553577e-06
Completed 40 % :  mod = 3.508521883137933e-11,  Error =4.568250801639806e-06
Completed 41 % :  mod = 4.3844149489164485e-11,  Error =4.6941913112164e-06
Completed 42 % :  mod = 1.132943162632169e-10,  Error =4.816010793717851e-06
Completed 43 % :  mod = 2.586701124156306e-10,  Error =4.916477479355308e-06
Completed 44 % :  mod = 2.712873308082184e-10,  Error =4.981520817182172e-06
Completed 45 % :  mod = 1.2036576508549183e-10,  Error =5.07888879752727e-06
Completed 46 % :  mod = 4.411378461254051e-11,  Error =5.20023751704457e-06
Completed 47 % :  mod = 2.4884894093272437e-11,  Error =5.326500108537857e-06
Completed 48 % :  mod = 3.167344924771989e-11,  Error =5.4532162536702344e-06
Completed 49 % :  mod = 6.65085419528167e-11,  Error =5.578382392457115e-06
Completed 50 % :  mod = 1.7516010987567746e-10,  Error =5.69263139738041e-06
Completed 51 % :  mod = 3.3307215208285353e-10,  Error =5.771285565003836e-06
Completed 52 % :  mod = 1.6336687303470826e-10,  Error =5.846603968961972e-06
Completed 53 % :  mod = 8.638366645963211e-11,  Error =5.959617503492609e-06
Completed 54 % :  mod = 5.552449463029772e-11,  Error =6.083096430131718e-06
Completed 55 % :  mod = 7.468643976679673e-11,  Error =6.2064442261089425e-06
Completed 56 % :  mod = 1.981830390324537e-10,  Error =6.3171981139475974e-06
Completed 56 % :  mod = 3.32129503862481e-10,  Error =6.394026549116916e-06
Completed 57 % :  mod = 1.4844776087249645e-10,  Error =6.471636780247536e-06
Completed 59 % :  mod = 1.0079026711184304e-10,  Error =6.58386147733836e-06
Completed 60 % :  mod = 1.0701194616006508e-10,  Error =6.70344303443926e-06
Completed 61 % :  mod = 1.6088344946156915e-10,  Error =6.814274151167865e-06
Completed 62 % :  mod = 3.2073421083106146e-10,  Error =6.888845518915332e-06
Completed 63 % :  mod = 1.9194798318279407e-10,  Error =6.968687507935556e-06
Completed 64 % :  mod = 7.243228385161996e-11,  Error =7.08132009918927e-06
Completed 65 % :  mod = 5.148913932483656e-11,  Error =7.2049581945066166e-06
Completed 66 % :  mod = 9.028751069058939e-11,  Error =7.328189738586843e-06
Completed 67 % :  mod = 1.795263260884099e-10,  Error =7.439684956977999e-06
Completed 68 % :  mod = 3.2095782888247335e-10,  Error =7.512401985820816e-06
Completed 69 % :  mod = 1.69651205382064e-10,  Error =7.594121235854345e-06
Completed 70 % :  mod = 6.219359019123303e-11,  Error =7.709945791134487e-06
Completed 71 % :  mod = 2.5297167444776132e-11,  Error =7.83541185711556e-06
Completed 72 % :  mod = 2.269986564862732e-11,  Error =7.962238335323946e-06
Completed 73 % :  mod = 4.280699945703488e-11,  Error =8.088728577604343e-06
Completed 74 % :  mod = 1.0316538315132193e-10,  Error =8.211361901544478e-06
Completed 75 % :  mod = 2.52292592955342e-10,  Error =8.313294273420979e-06
Completed 76 % :  mod = 2.8554986602614116e-10,  Error =8.379350475706815e-06
Completed 77 % :  mod = 1.1404738767930363e-10,  Error =8.475152156961485e-06
Completed 78 % :  mod = 4.7778419637963836e-11,  Error =8.596342389921574e-06
Completed 79 % :  mod = 2.6037761301472942e-11,  Error =8.722650868264736e-06
Completed 80 % :  mod = 2.0836622337527357e-11,  Error =8.849567926461077e-06
Completed 81 % :  mod = 4.62991782168815e-11,  Error =8.97571960933874e-06
Completed 82 % :  mod = 1.3639778876606215e-10,  Error =9.095846486673054e-06
Completed 83 % :  mod = 2.847039441277777e-10,  Error =9.188664151338344e-06
Completed 84 % :  mod = 2.381657024364579e-10,  Error =9.25481976565834e-06
Completed 85 % :  mod = 1.0868797531114393e-10,  Error =9.35896903797584e-06
Completed 86 % :  mod = 4.4483367051962785e-11,  Error =9.481053965032515e-06
Completed 87 % :  mod = 5.4590243506469125e-11,  Error =9.605944939039546e-06
Completed 88 % :  mod = 1.3175562127821387e-10,  Error =9.726524922371027e-06
Completed 89 % :  mod = 2.4668516398663837e-10,  Error =9.824855808915345e-06
Completed 90 % :  mod = 2.7141143252736636e-10,  Error =9.88948635693987e-06
Completed 91 % :  mod = 1.2869314594372648e-10,  Error =9.987431027980165e-06
Completed 92 % :  mod = 6.093891554496192e-11,  Error =1.0106617139626906e-05
Completed 93 % :  mod = 8.596023228979255e-11,  Error =1.0228824443458961e-05
Completed 94 % :  mod = 2.032856796202568e-10,  Error =1.0340421923160648e-05
Completed 95 % :  mod = 2.9285436368654563e-10,  Error =1.0419235564995688e-05
Completed 96 % :  mod = 1.6784643217662023e-10,  Error =1.0496546487104297e-05
Completed 97 % :  mod = 1.0796427280797502e-10,  Error =1.0608329645833692e-05
Completed 98 % :  mod = 9.821031271821718e-11,  Error =1.0727662619558487e-05
Completed 99 % :  mod = 1.6149892488221608e-10,  Error =1.083782493083163e-05
Completed 100 % :  mod = 3.5323948698618565e-10,  Error =1.0914162622555068e-05
Finished 129/201 frames
Finished all frames!
