/opt/local/miniconda_23_9/lib/python3.11/site-packages/conda/base/context.py:201: FutureWarning: Adding 'defaults' to channel list implicitly is deprecated and will be removed in 25.3. 

To remove this warning, please choose a default channel explicitly with conda's regular configuration system, e.g. by adding 'defaults' to the list of channels:

  conda config --add channels defaults

For more information see https://docs.conda.io/projects/conda/en/stable/user-guide/configuration/use-condarc.html

  deprecated.topic(
JOB 14005 ARRAY_ID 134  -> i=134 ; range=[1.9e-10, 5.0e-10] ; intervals=200 (frames=201)
Analytic t0 extension enabled (--extend-time-using-t0).
Density options: centers='2.0e-10,4.0e-10' width='2.0e-11,5.0e-11' strength='7.0'
Completed 0 % :  mod = 3.253364544735881e-16,  Error =-1.4210854715202004e-14
Completed 1 % :  mod = 5.084133204475091e-16,  Error =1.34259117601232e-07
Completed 2 % :  mod = 1.2636899171877967e-15,  Error =2.685172901806254e-07
Completed 3 % :  mod = 3.4412011600522673e-15,  Error =4.0277571855540373e-07
Completed 4 % :  mod = 9.491652675933256e-15,  Error =5.370336211285576e-07
Completed 5 % :  mod = 2.622459622521024e-14,  Error =6.712913247497454e-07
Completed 6 % :  mod = 7.247231955694247e-14,  Error =8.055501936610199e-07
Completed 7 % :  mod = 2.0028485949250297e-13,  Error =9.3980915494285e-07
Completed 8 % :  mod = 5.535101819390843e-13,  Error =1.0740671640974142e-06
Completed 9 % :  mod = 1.5296864653771697e-12,  Error =1.2083239226967635e-06
Completed 10 % :  mod = 4.227390579150558e-12,  Error =1.3425743503603371e-06
Completed 11 % :  mod = 1.1681260035600337e-11,  Error =1.4767717146924042e-06
Completed 12 % :  mod = 3.224803147973583e-11,  Error =1.6105664641941075e-06
Completed 13 % :  mod = 8.837577633155198e-11,  Error =1.7413894894957593e-06
Completed 14 % :  mod = 2.2665474430727789e-10,  Error =1.8542746929028908e-06
Completed 15 % :  mod = 3.2103244805815095e-10,  Error =1.9264629429471825e-06
Completed 16 % :  mod = 1.268664591543029e-10,  Error =2.020801090907298e-06
Completed 17 % :  mod = 5.811801876980735e-11,  Error =2.1464932515868895e-06
Completed 18 % :  mod = 4.2603812834860096e-11,  Error =2.278614793738143e-06
Completed 19 % :  mod = 6.352760041917165e-11,  Error =2.4103859601609656e-06
Completed 20 % :  mod = 1.5253627128791887e-10,  Error =2.533232127177598e-06
Completed 21 % :  mod = 3.4122871504427994e-10,  Error =2.6208469563471226e-06
Completed 22 % :  mod = 1.8633232225561866e-10,  Error =2.6958011289934802e-06
Completed 23 % :  mod = 8.868816921251883e-11,  Error =2.812487572612099e-06
Completed 24 % :  mod = 4.545777456595019e-11,  Error =2.943009597800028e-06
Completed 25 % :  mod = 4.978769480199474e-11,  Error =3.0751446544741157e-06
Completed 26 % :  mod = 1.222959803651333e-10,  Error =3.2023873544062553e-06
Completed 27 % :  mod = 2.8813344479113344e-10,  Error =3.304314255103691e-06
Completed 28 % :  mod = 2.5155454371485674e-10,  Error =3.3727764190416565e-06
Completed 28 % :  mod = 1.1086222706272019e-10,  Error =3.479772622938526e-06
Completed 30 % :  mod = 4.040092386778472e-11,  Error =3.608891127271363e-06
Completed 31 % :  mod = 2.4384866635374258e-11,  Error =3.7421447061092294e-06
Completed 32 % :  mod = 3.56124319416999e-11,  Error =3.875630071092928e-06
Completed 33 % :  mod = 7.991076528593523e-11,  Error =4.006828930869233e-06
Completed 34 % :  mod = 2.0075331366499701e-10,  Error =4.122951025919974e-06
Completed 35 % :  mod = 3.4199467868096677e-10,  Error =4.198572710834014e-06
Completed 36 % :  mod = 1.4006691476735579e-10,  Error =4.286446440460168e-06
Completed 37 % :  mod = 7.213559085364969e-11,  Error =4.4092356077385375e-06
Completed 38 % :  mod = 6.43843249824137e-11,  Error =4.539728081454086e-06
Completed 39 % :  mod = 1.0310653446850248e-10,  Error =4.667743539243929e-06
Completed 40 % :  mod = 2.4161744272190957e-10,  Error =4.774169745758172e-06
Completed 41 % :  mod = 3.1864182492479813e-10,  Error =4.8466820032899705e-06
Completed 42 % :  mod = 1.2216002474943348e-10,  Error =4.944440362919522e-06
Completed 43 % :  mod = 7.795441233901296e-11,  Error =5.067365364652687e-06
Completed 44 % :  mod = 1.5031532836953244e-10,  Error =5.190697741852546e-06
Completed 45 % :  mod = 2.602965376939182e-10,  Error =5.2936790737589945e-06
Completed 46 % :  mod = 2.474118245994244e-10,  Error =5.361215791310769e-06
Completed 47 % :  mod = 1.5360932001839828e-10,  Error =5.463424550100626e-06
Completed 48 % :  mod = 7.167155255554183e-11,  Error =5.587974868603851e-06
Completed 49 % :  mod = 8.67481608383213e-11,  Error =5.714872855833164e-06
Completed 50 % :  mod = 2.5635050867716475e-10,  Error =5.824764166106888e-06
Completed 51 % :  mod = 3.045367223968574e-10,  Error =5.901706565225595e-06
Completed 52 % :  mod = 1.2893069976563585e-10,  Error =5.992908604923741e-06
Completed 53 % :  mod = 1.0665779663200338e-10,  Error =6.1141366174410905e-06
Completed 54 % :  mod = 1.4053317363604287e-10,  Error =6.237139018594462e-06
Completed 55 % :  mod = 2.2481082028194214e-10,  Error =6.340452273434494e-06
Completed 56 % :  mod = 2.8559978872532245e-10,  Error =6.409460112877241e-06
Completed 56 % :  mod = 1.639497520275978e-10,  Error =6.5080978401965695e-06
Completed 57 % :  mod = 1.0112922589790725e-10,  Error =6.627148628979285e-06
Completed 59 % :  mod = 1.6291574129113302e-10,  Error =6.742941316417728e-06
Completed 60 % :  mod = 3.516360103793147e-10,  Error =6.8304751650316575e-06
Completed 61 % :  mod = 1.8280381265695525e-10,  Error =6.905019105829524e-06
Completed 62 % :  mod = 1.0881638552428875e-10,  Error =7.014830032403552e-06
Completed 63 % :  mod = 1.4405206252535037e-10,  Error =7.13732448787141e-06
Completed 64 % :  mod = 1.8816746551492258e-10,  Error =7.250002525438504e-06
Completed 65 % :  mod = 2.946525887149598e-10,  Error =7.324390963958649e-06
Completed 66 % :  mod = 1.9572360391610063e-10,  Error =7.41333860787563e-06
Completed 67 % :  mod = 6.9216461325637e-11,  Error =7.5334236839808e-06
Completed 68 % :  mod = 7.204359988641115e-11,  Error =7.661505179612504e-06
Completed 69 % :  mod = 1.9474964248959901e-10,  Error =7.781779189031113e-06
Completed 70 % :  mod = 2.9595070317615405e-10,  Error =7.871604246645347e-06
Completed 71 % :  mod = 1.9356144831379764e-10,  Error =7.944915090263294e-06
Completed 72 % :  mod = 1.321967080157352e-10,  Error =8.056923540777916e-06
Completed 73 % :  mod = 1.1046555873729215e-10,  Error =8.179774930283656e-06
Completed 74 % :  mod = 1.7895888728881068e-10,  Error =8.291588713404963e-06
Completed 75 % :  mod = 3.443672918532953e-10,  Error =8.36681530813621e-06
Completed 76 % :  mod = 1.7837215608365299e-10,  Error =8.452976807404866e-06
Completed 77 % :  mod = 8.875721161212641e-11,  Error =8.569648677791974e-06
Completed 78 % :  mod = 1.257526713945256e-10,  Error =8.692758022732505e-06
Completed 79 % :  mod = 2.5754843578793437e-10,  Error =8.800327449876022e-06
Completed 80 % :  mod = 2.605445607443191e-10,  Error =8.871953504296926e-06
Completed 81 % :  mod = 1.4849974890791974e-10,  Error =8.968622239535762e-06
Completed 82 % :  mod = 7.954506255827764e-11,  Error =9.093003740190397e-06
Completed 83 % :  mod = 6.860825380176117e-11,  Error =9.222291645016867e-06
Completed 84 % :  mod = 1.6150873586365994e-10,  Error =9.343073749334962e-06
Completed 85 % :  mod = 3.4415335073222724e-10,  Error =9.430943897825728e-06
Completed 86 % :  mod = 1.7873942383544195e-10,  Error =9.504977327878805e-06
Completed 87 % :  mod = 1.0825046693523766e-10,  Error =9.619424950813027e-06
Completed 88 % :  mod = 8.203436229317912e-11,  Error =9.74697763211907e-06
Completed 89 % :  mod = 1.1303532534128646e-10,  Error =9.871921527349059e-06
Completed 90 % :  mod = 2.8536845103485634e-10,  Error =9.969893511652117e-06
Completed 91 % :  mod = 2.768512483191711e-10,  Error =1.0044245321694234e-05
Completed 92 % :  mod = 1.05081693367222e-10,  Error =1.0149939960513166e-05
Completed 93 % :  mod = 7.469713058662098e-11,  Error =1.0275646516788584e-05
Completed 94 % :  mod = 1.4567120347064455e-10,  Error =1.039970401706114e-05
Completed 95 % :  mod = 2.620290650633015e-10,  Error =1.0501988619182612e-05
Completed 96 % :  mod = 2.462768189484822e-10,  Error =1.0569291561068894e-05
Completed 97 % :  mod = 1.5182290568351952e-10,  Error =1.0672555852409005e-05
Completed 98 % :  mod = 7.70499332417278e-11,  Error =1.0796940586033088e-05
Completed 99 % :  mod = 9.449614438458758e-11,  Error =1.0922777107680304e-05
Completed 100 % :  mod = 2.798509317025342e-10,  Error =1.102870688640678e-05
Finished 135/201 frames
Finished all frames!
