/opt/local/miniconda_23_9/lib/python3.11/site-packages/conda/base/context.py:201: FutureWarning: Adding 'defaults' to channel list implicitly is deprecated and will be removed in 25.3. 

To remove this warning, please choose a default channel explicitly with conda's regular configuration system, e.g. by adding 'defaults' to the list of channels:

  conda config --add channels defaults

For more information see https://docs.conda.io/projects/conda/en/stable/user-guide/configuration/use-condarc.html

  deprecated.topic(
JOB 13559 ARRAY_ID 2  -> i=2 ; range=[2.0e-10, 2.09e-10] ; intervals=40 (frames=41)
Completed 0 % :  mod = 1.6035121958458517e-16,  Error =-1.4210854715202004e-14
Completed 1 % :  mod = 1.6052726114482568e-16,  Error =7.922920985947712e-09
Completed 2 % :  mod = 1.6105577279097753e-16,  Error =1.5846175926981232e-08
Completed 3 % :  mod = 1.6193791464384982e-16,  Error =2.3769459289724182e-08
Completed 4 % :  mod = 1.631756228747626e-16,  Error =3.169281370674071e-08
Completed 5 % :  mod = 1.6477161859773842e-16,  Error =3.961584837952614e-08
Completed 6 % :  mod = 1.667294021309369e-16,  Error =4.7538740943764424e-08
Completed 7 % :  mod = 1.6905326933347176e-16,  Error =5.5461136128087674e-08
Completed 8 % :  mod = 1.7174832608107154e-16,  Error =6.338424896057404e-08
Completed 9 % :  mod = 1.7482049297066938e-16,  Error =7.130719126280383e-08
Completed 10 % :  mod = 1.7827651472958247e-16,  Error =7.922984224251195e-08
Completed 11 % :  mod = 1.8212397251982364e-16,  Error =8.715321797581055e-08
Completed 12 % :  mod = 1.863713288643484e-16,  Error =9.507623843774127e-08
Completed 13 % :  mod = 1.9102789781685412e-16,  Error =1.0299973496330495e-07
Completed 14 % :  mod = 1.961038981598331e-16,  Error =1.109225991058338e-07
Completed 15 % :  mod = 2.0161049848591604e-16,  Error =1.188455058809268e-07
Completed 16 % :  mod = 2.0755976653305947e-16,  Error =1.2676827054747264e-07
Completed 17 % :  mod = 2.1396477004888173e-16,  Error =1.346916675970533e-07
Completed 18 % :  mod = 2.208395874406133e-16,  Error =1.4261580361107917e-07
Completed 19 % :  mod = 2.2819929510889374e-16,  Error =1.5053942092890793e-07
Completed 20 % :  mod = 2.36060061125976e-16,  Error =1.5846186585122268e-07
Completed 21 % :  mod = 2.4443914926823196e-16,  Error =1.6638460920148646e-07
Completed 22 % :  mod = 2.533549421772095e-16,  Error =1.7430753018743417e-07
Completed 23 % :  mod = 2.6282703710578857e-16,  Error =1.8223104802927992e-07
Completed 24 % :  mod = 2.728762228088226e-16,  Error =1.9015369190356068e-07
Completed 25 % :  mod = 2.835245479406355e-16,  Error =1.980764778863886e-07
Completed 26 % :  mod = 2.947954265205499e-16,  Error =2.0599885885985714e-07
Completed 27 % :  mod = 3.067135853552193e-16,  Error =2.1392201432490765e-07
Completed 28 % :  mod = 3.19305182222058e-16,  Error =2.218453332147874e-07
Completed 28 % :  mod = 3.3259789789308456e-16,  Error =2.297683892038549e-07
Completed 30 % :  mod = 3.4662089699893876e-16,  Error =2.3769162282860634e-07
Completed 31 % :  mod = 3.6140495598338277e-16,  Error =2.456153751495549e-07
Completed 32 % :  mod = 3.769825704299856e-16,  Error =2.535381966595196e-07
Completed 33 % :  mod = 3.933879212511155e-16,  Error =2.6146089027179187e-07
Completed 34 % :  mod = 4.1065702869863036e-16,  Error =2.6938383257402165e-07
Completed 35 % :  mod = 4.2882782867128914e-16,  Error =2.773072012018929e-07
Completed 36 % :  mod = 4.479402006837964e-16,  Error =2.852303211398066e-07
Completed 37 % :  mod = 4.680361204816251e-16,  Error =2.9315270211327515e-07
Completed 38 % :  mod = 4.891597173232745e-16,  Error =3.0107604231943697e-07
Completed 39 % :  mod = 5.113573534413073e-16,  Error =3.089992759441884e-07
Completed 40 % :  mod = 5.346777859112557e-16,  Error =3.169227227317606e-07
Completed 41 % :  mod = 5.591722149382901e-16,  Error =3.24845458976597e-07
Completed 42 % :  mod = 5.848944057112629e-16,  Error =3.3276862865250223e-07
Completed 43 % :  mod = 6.119008669186243e-16,  Error =3.4069100962597076e-07
Completed 44 % :  mod = 6.40250885490008e-16,  Error =3.486142290398675e-07
Completed 45 % :  mod = 6.700066902228964e-16,  Error =3.565373702940633e-07
Completed 46 % :  mod = 7.01233645291185e-16,  Error =3.6445980100552333e-07
Completed 47 % :  mod = 7.340003087165119e-16,  Error =3.723831483171125e-07
Completed 48 % :  mod = 7.683786089196198e-16,  Error =3.803060195650687e-07
Completed 49 % :  mod = 8.044440499645456e-16,  Error =3.8822958714490596e-07
Completed 50 % :  mod = 8.422758135086308e-16,  Error =3.961523020734603e-07
Completed 51 % :  mod = 8.819569633229279e-16,  Error =4.040759264967164e-07
Completed 52 % :  mod = 9.235746369913075e-16,  Error =4.1199966460681026e-07
Completed 53 % :  mod = 9.672202011102207e-16,  Error =4.1992302612925414e-07
Completed 54 % :  mod = 1.0129895050780507e-15,  Error =4.2784583342836413e-07
Completed 55 % :  mod = 1.0609830441530911e-15,  Error =4.35768896522859e-07
Completed 56 % :  mod = 1.1113061754510835e-15,  Error =4.436924569972689e-07
Completed 56 % :  mod = 1.1640694257598025e-15,  Error =4.5161550588090904e-07
Completed 57 % :  mod = 1.219388635933772e-15,  Error =4.5953914451501987e-07
Completed 59 % :  mod = 1.2773852473572506e-15,  Error =4.6746287551968635e-07
Completed 60 % :  mod = 1.3381866397441144e-15,  Error =4.7538616598785666e-07
Completed 61 % :  mod = 1.4019263027261354e-15,  Error =4.833093925071807e-07
Completed 62 % :  mod = 1.468744165639552e-15,  Error =4.912321927008634e-07
Completed 63 % :  mod = 1.5387869770975721e-15,  Error =4.991561297629232e-07
Completed 64 % :  mod = 1.6122085180410806e-15,  Error =5.070789796945974e-07
Completed 65 % :  mod = 1.689169987876888e-15,  Error =5.150021422650752e-07
Completed 66 % :  mod = 1.769840395940956e-15,  Error =5.229246582416636e-07
Completed 67 % :  mod = 1.8543968566467796e-15,  Error =5.308473802756453e-07
Completed 68 % :  mod = 1.9430250337847736e-15,  Error =5.387709265392004e-07
Completed 69 % :  mod = 2.0359195376723644e-15,  Error =5.466948920229697e-07
Completed 70 % :  mod = 2.1332843143941665e-15,  Error =5.546181682802853e-07
Completed 71 % :  mod = 2.235333169614106e-15,  Error =5.625413095344811e-07
Completed 72 % :  mod = 2.3422901770475465e-15,  Error =5.704647634274806e-07
Completed 73 % :  mod = 2.454390151918792e-15,  Error =5.783876630971463e-07
Completed 74 % :  mod = 2.5718792668487528e-15,  Error =5.863094756364262e-07
Completed 75 % :  mod = 2.695015499101161e-15,  Error =5.942334553310502e-07
Completed 76 % :  mod = 2.8240691868098358e-15,  Error =6.021569802783233e-07
Completed 77 % :  mod = 2.9593237203465776e-15,  Error =6.100798870534163e-07
Completed 78 % :  mod = 3.101076083969374e-15,  Error =6.180025522439792e-07
Completed 79 % :  mod = 3.2496375020572524e-15,  Error =6.259248550577468e-07
Completed 80 % :  mod = 3.4053341895181926e-15,  Error =6.3384862158955e-07
Completed 81 % :  mod = 3.568508002831968e-15,  Error =6.417723810159259e-07
Completed 82 % :  mod = 3.739517225561533e-15,  Error =6.49695209631318e-07
Completed 83 % :  mod = 3.918737357586727e-15,  Error =6.57617817978462e-07
Completed 84 % :  mod = 4.106561894308411e-15,  Error =6.655410018652219e-07
Completed 85 % :  mod = 4.30340325619268e-15,  Error =6.734642568062554e-07
Completed 86 % :  mod = 4.509693672354855e-15,  Error =6.813878812295115e-07
Completed 87 % :  mod = 4.7258860645570616e-15,  Error =6.89311214330246e-07
Completed 88 % :  mod = 4.952455132986184e-15,  Error =6.972352721845709e-07
Completed 89 % :  mod = 5.189898386714112e-15,  Error =7.051580368511168e-07
Completed 90 % :  mod = 5.4387371507901375e-15,  Error =7.130814410061248e-07
Completed 91 % :  mod = 5.69951780106651e-15,  Error =7.210037722416018e-07
Completed 92 % :  mod = 5.972812967591136e-15,  Error =7.289274606137042e-07
Completed 93 % :  mod = 6.259222704654552e-15,  Error =7.368507937144386e-07
Completed 94 % :  mod = 6.5593758908965085e-15,  Error =7.447738141763693e-07
Completed 95 % :  mod = 6.873931588415419e-15,  Error =7.526970762228302e-07
Completed 96 % :  mod = 7.203580454300372e-15,  Error =7.606191374520677e-07
Completed 97 % :  mod = 7.549046325354092e-15,  Error =7.685419660674597e-07
Completed 98 % :  mod = 7.911087731057975e-15,  Error =7.764645104657575e-07
Completed 99 % :  mod = 8.290499585725133e-15,  Error =7.843878293556372e-07
Completed 100 % :  mod = 8.688115011761554e-15,  Error =7.92310970609833e-07
Finished 3/41 frames
Finished all frames!
