/opt/local/miniconda_23_9/lib/python3.11/site-packages/conda/base/context.py:201: FutureWarning: Adding 'defaults' to channel list implicitly is deprecated and will be removed in 25.3. 

To remove this warning, please choose a default channel explicitly with conda's regular configuration system, e.g. by adding 'defaults' to the list of channels:

  conda config --add channels defaults

For more information see https://docs.conda.io/projects/conda/en/stable/user-guide/configuration/use-condarc.html

  deprecated.topic(
JOB 14060 ARRAY_ID 189  -> i=189 ; range=[1.9e-10, 5.0e-10] ; intervals=200 (frames=201)
Analytic t0 extension enabled (--extend-time-using-t0).
Density options: centers='2.0e-10,4.0e-10' width='2.0e-11,5.0e-11' strength='7.0'
Completed 0 % :  mod = 3.767345114236889e-16,  Error =-1.4210854715202004e-14
Completed 1 % :  mod = 6.620312413007504e-16,  Error =2.4140843635223064e-07
Completed 2 % :  mod = 1.9500253307531167e-15,  Error =4.828163397974095e-07
Completed 3 % :  mod = 6.191483148350671e-15,  Error =7.242248969419052e-07
Completed 4 % :  mod = 1.9810419746543554e-14,  Error =9.656325872242633e-07
Completed 5 % :  mod = 6.343376519594521e-14,  Error =1.20703947459333e-06
Completed 6 % :  mod = 2.0313244003365013e-13,  Error =1.4484468522368843e-06
Completed 7 % :  mod = 6.504907952095689e-13,  Error =1.6898545425192424e-06
Completed 8 % :  mod = 2.0830651727961295e-12,  Error =1.931260179333094e-06
Completed 9 % :  mod = 6.670520596404231e-12,  Error =2.1726442724911976e-06
Completed 10 % :  mod = 2.1358288400949292e-11,  Error =2.4138043173138612e-06
Completed 11 % :  mod = 6.830118465074436e-11,  Error =2.652707863148862e-06
Completed 12 % :  mod = 2.1420721294134487e-10,  Error =2.8714291175901963e-06
Completed 13 % :  mod = 4.3076658378417555e-10,  Error =3.009711782908653e-06
Completed 14 % :  mod = 1.381726867522101e-10,  Error =3.1691471420458583e-06
Completed 15 % :  mod = 7.975059358245595e-11,  Error =3.3942101538286806e-06
Completed 16 % :  mod = 1.1875784083895822e-10,  Error =3.6260857498859878e-06
Completed 17 % :  mod = 2.406099521778779e-10,  Error =3.832265385028677e-06
Completed 18 % :  mod = 3.7440980451420035e-10,  Error =3.952562607878463e-06
Completed 19 % :  mod = 1.468182151425033e-10,  Error =4.132237528153837e-06
Completed 20 % :  mod = 5.847855190351696e-11,  Error =4.3615615012981834e-06
Completed 21 % :  mod = 7.809547539453638e-11,  Error =4.5971076261253074e-06
Completed 22 % :  mod = 2.340648767825145e-10,  Error =4.813879577625357e-06
Completed 23 % :  mod = 4.0019993931463637e-10,  Error =4.957015484308158e-06
Completed 24 % :  mod = 1.365217751450086e-10,  Error =5.115294023028127e-06
Completed 25 % :  mod = 1.1185069818599322e-10,  Error =5.337403528926643e-06
Completed 26 % :  mod = 1.8296377876859374e-10,  Error =5.5599728554511785e-06
Completed 27 % :  mod = 3.1736356800556395e-10,  Error =5.733463900980951e-06
Completed 28 % :  mod = 2.451958466721681e-10,  Error =5.8622739871339036e-06
Completed 28 % :  mod = 1.8841139283416496e-10,  Error =6.059704475092076e-06
Completed 30 % :  mod = 2.1873450433849522e-10,  Error =6.261912062655028e-06
Completed 31 % :  mod = 3.214943099596715e-10,  Error =6.40198494750166e-06
Completed 32 % :  mod = 2.2302141261619215e-10,  Error =6.56333142501353e-06
Completed 33 % :  mod = 1.2684206964461515e-10,  Error =6.778855265565653e-06
Completed 34 % :  mod = 1.570554931084205e-10,  Error =6.993310933012253e-06
Completed 35 % :  mod = 4.1168059239910275e-10,  Error =7.1369602991921965e-06
Completed 36 % :  mod = 1.9454994632299037e-10,  Error =7.290859500130864e-06
Completed 37 % :  mod = 8.512818930405624e-11,  Error =7.512110599350308e-06
Completed 38 % :  mod = 7.172478735015862e-11,  Error =7.747700223603715e-06
Completed 39 % :  mod = 1.5989297621393115e-10,  Error =7.973080435874635e-06
Completed 40 % :  mod = 4.140848934587898e-10,  Error =8.139457747802226e-06
Completed 41 % :  mod = 1.8539647989815012e-10,  Error =8.268184672033385e-06
Completed 42 % :  mod = 1.2965217799910185e-10,  Error =8.477858749245115e-06
Completed 43 % :  mod = 1.728323395871983e-10,  Error =8.700375254022674e-06
Completed 44 % :  mod = 2.6370705047436947e-10,  Error =8.887502431775829e-06
Completed 45 % :  mod = 3.236906726330065e-10,  Error =9.008716055802779e-06
Completed 46 % :  mod = 1.8776620248265656e-10,  Error =9.194036223902913e-06
Completed 47 % :  mod = 1.6905335937748985e-10,  Error =9.399804831389247e-06
Completed 48 % :  mod = 3.238325275208474e-10,  Error =9.557061865450578e-06
Completed 49 % :  mod = 2.806593160534419e-10,  Error =9.703857763554424e-06
Completed 50 % :  mod = 1.7340964366585124e-10,  Error =9.904737240162831e-06
Completed 51 % :  mod = 1.765267118818622e-10,  Error =1.0106894293926416e-05
Completed 52 % :  mod = 4.076905929688654e-10,  Error =1.0237564602277871e-05
Completed 53 % :  mod = 1.9311806245068727e-10,  Error =1.040048624645351e-05
Completed 54 % :  mod = 9.887281974848781e-11,  Error =1.061792534073902e-05
Completed 55 % :  mod = 1.520858153456396e-10,  Error =1.0840501929010316e-05
Completed 56 % :  mod = 4.1050360998827123e-10,  Error =1.1007751879787975e-05
Completed 56 % :  mod = 2.48133622857876e-10,  Error =1.113821134168802e-05
Completed 57 % :  mod = 7.34135173470128e-11,  Error =1.1349292812212752e-05
Completed 59 % :  mod = 4.4427822678299804e-11,  Error =1.1585029625393872e-05
Completed 60 % :  mod = 1.065820609579001e-10,  Error =1.182046688796845e-05
Completed 61 % :  mod = 2.422788312618372e-10,  Error =1.2029871022889438e-05
Completed 62 % :  mod = 4.2073101129606247e-10,  Error =1.2157841375426415e-05
Completed 63 % :  mod = 1.3767381559796125e-10,  Error =1.2328795016003369e-05
Completed 64 % :  mod = 8.80823281265143e-11,  Error =1.2552125767228972e-05
Completed 65 % :  mod = 2.0168514579395498e-10,  Error =1.2772078527234498e-05
Completed 66 % :  mod = 3.942783962067536e-10,  Error =1.2936441656563602e-05
Completed 67 % :  mod = 1.9569164018328238e-10,  Error =1.3064147658781167e-05
Completed 68 % :  mod = 1.7867763524197717e-10,  Error =1.3267911810999067e-05
Completed 69 % :  mod = 2.059663535096638e-10,  Error =1.3477446564991169e-05
Completed 70 % :  mod = 3.514764614188576e-10,  Error =1.3634501613069006e-05
Completed 71 % :  mod = 1.8436039763155825e-10,  Error =1.3775228950407836e-05
Completed 72 % :  mod = 2.056263993392708e-10,  Error =1.3974318427756316e-05
Completed 73 % :  mod = 3.0651770398001155e-10,  Error =1.4159867539831339e-05
Completed 74 % :  mod = 2.8245548166893584e-10,  Error =1.4284390758234622e-05
Completed 75 % :  mod = 2.1044819155372895e-10,  Error =1.4461872950732868e-05
Completed 76 % :  mod = 1.2689075353512116e-10,  Error =1.4676753899323103e-05
Completed 77 % :  mod = 2.471313173019834e-10,  Error =1.4871482065359487e-05
Completed 78 % :  mod = 3.5459213123526406e-10,  Error =1.4991960647137148e-05
Completed 79 % :  mod = 1.6432864682192326e-10,  Error =1.5167693803164184e-05
Completed 80 % :  mod = 1.5841340912363912e-10,  Error =1.5383531433599273e-05
Completed 81 % :  mod = 2.2693336472668128e-10,  Error =1.558351205233066e-05
Completed 82 % :  mod = 4.4545630517759755e-10,  Error =1.5714624510110298e-05
Completed 83 % :  mod = 1.531274793032755e-10,  Error =1.5875722723990293e-05
Completed 84 % :  mod = 1.4428877630721963e-10,  Error =1.608141703002275e-05
Completed 85 % :  mod = 3.85262307650034e-10,  Error =1.6262131737221353e-05
Completed 86 % :  mod = 3.037983211325665e-10,  Error =1.639412513299021e-05
Completed 87 % :  mod = 1.8658087980834782e-10,  Error =1.6572945867210365e-05
Completed 88 % :  mod = 1.779605877015084e-10,  Error =1.6778493019842244e-05
Completed 89 % :  mod = 4.033565186218583e-10,  Error =1.6933560083032262e-05
Completed 90 % :  mod = 2.516698029364361e-10,  Error =1.7068254955177053e-05
Completed 91 % :  mod = 1.298244915046277e-10,  Error =1.7268762547928418e-05
Completed 92 % :  mod = 2.1884483131172053e-10,  Error =1.7480207397113645e-05
Completed 93 % :  mod = 3.829476125035098e-10,  Error =1.7636965111478276e-05
Completed 94 % :  mod = 2.447569829424293e-10,  Error =1.7768244013893764e-05
Completed 95 % :  mod = 1.6662770651302985e-10,  Error =1.7969532741801686e-05
Completed 96 % :  mod = 1.7277322162784066e-10,  Error =1.8177228547244795e-05
Completed 97 % :  mod = 4.22122242473408e-10,  Error =1.8328735549744124e-05
Completed 98 % :  mod = 1.8546451172488057e-10,  Error =1.8466945739703533e-05
Completed 99 % :  mod = 1.9604152713944315e-10,  Error =1.8667430730090473e-05
Completed 100 % :  mod = 3.0216030626966996e-10,  Error =1.8857230415392223e-05
Finished 190/201 frames
Finished all frames!
