/opt/local/miniconda_23_9/lib/python3.11/site-packages/conda/base/context.py:201: FutureWarning: Adding 'defaults' to channel list implicitly is deprecated and will be removed in 25.3. 

To remove this warning, please choose a default channel explicitly with conda's regular configuration system, e.g. by adding 'defaults' to the list of channels:

  conda config --add channels defaults

For more information see https://docs.conda.io/projects/conda/en/stable/user-guide/configuration/use-condarc.html

  deprecated.topic(
JOB 13359 ARRAY_ID 5  -> i=5 ; range=[1.9e-10, 6.0e-10] ; intervals=200 (frames=201)
Density options: centers='2.0e-10,4.0e-10' width='5e-11,5e-11' strength=''
Completed 0 % :  mod = 1.566658203316184e-16,  Error =-1.4210854715202004e-14
Completed 1 % :  mod = 1.5503631505673894e-16,  Error =7.219597364382935e-09
Completed 2 % :  mod = 1.5018170019553031e-16,  Error =1.4440189488595934e-08
Completed 3 % :  mod = 1.4220296090400391e-16,  Error =2.1659140259089327e-08
Completed 4 % :  mod = 1.3126607066187577e-16,  Error =2.8877963131890283e-08
Completed 5 % :  mod = 1.1759854761627893e-16,  Error =3.609817866845333e-08
Completed 6 % :  mod = 1.0148470465219218e-16,  Error =4.3317797349118337e-08
Completed 7 % :  mod = 8.32597458561071e-17,  Error =5.0537238394099404e-08
Completed 8 % :  mod = 6.330279483103029e-17,  Error =5.77568926019012e-08
Completed 9 % :  mod = 4.2029001118692916e-17,  Error =6.497596416465967e-08
Completed 10 % :  mod = 1.9880909810629673e-17,  Error =7.219522046852944e-08
Completed 11 % :  mod = 2.68075562198935e-18,  Error =7.941480362205766e-08
Completed 12 % :  mod = 2.518665460566158e-17,  Error =8.663485573379148e-08
Completed 13 % :  mod = 4.7168612167765105e-17,  Error =9.385380650428488e-08
Completed 14 % :  mod = 6.816935392179024e-17,  Error =1.0107309122986408e-07
Completed 15 % :  mod = 8.775201745531175e-17,  Error =1.0829337071527334e-07
Completed 16 % :  mod = 1.0550923906411411e-16,  Error =1.1551362888440053e-07
Completed 17 % :  mod = 1.2107162604621802e-16,  Error =1.2273385152639094e-07
Completed 18 % :  mod = 1.341154375908558e-16,  Error =1.299535270504748e-07
Completed 19 % :  mod = 1.4436935018530395e-16,  Error =1.371735010025077e-07
Completed 20 % :  mod = 1.5162004599540271e-16,  Error =1.4439360285223302e-07
Completed 21 % :  mod = 1.5571668801606758e-16,  Error =1.5161407418418094e-07
Completed 22 % :  mod = 1.5657407886725348e-16,  Error =1.58833515229162e-07
Completed 23 % :  mod = 1.541743707830761e-16,  Error =1.6605314101525437e-07
Completed 24 % :  mod = 1.4856746891405923e-16,  Error =1.7327310075643254e-07
Completed 25 % :  mod = 1.3987003855530344e-16,  Error =1.8049209415949008e-07
Completed 26 % :  mod = 1.282629862264244e-16,  Error =1.8771165599673623e-07
Completed 27 % :  mod = 1.1398775964097413e-16,  Error =1.949318502170172e-07
Completed 28 % :  mod = 9.734133628439875e-17,  Error =2.0215176732563123e-07
Completed 28 % :  mod = 7.86699860586294e-17,  Error =2.0937104494578307e-07
Completed 30 % :  mod = 5.836211467051887e-17,  Error =2.165910970575169e-07
Completed 31 % :  mod = 3.684018492069028e-17,  Error =2.2380996966830935e-07
Completed 32 % :  mod = 1.4551889962618115e-17,  Error =2.3102919044504233e-07
Completed 33 % :  mod = 8.039116083316047e-18,  Error =2.3824853911946775e-07
Completed 34 % :  mod = 3.0462886216823053e-17,  Error =2.454683496466714e-07
Completed 35 % :  mod = 5.2252967448521175e-17,  Error =2.526876698993874e-07
Completed 36 % :  mod = 7.295605942605737e-17,  Error =2.599073027909071e-07
Completed 37 % :  mod = 9.214149382052957e-17,  Error =2.6712655198934954e-07
Completed 38 % :  mod = 1.0941018984908726e-16,  Error =2.7434568750095423e-07
Completed 39 % :  mod = 1.2440289387271193e-16,  Error =2.8156478748542213e-07
Completed 40 % :  mod = 1.3680772498946354e-16,  Error =2.887841290544202e-07
Completed 41 % :  mod = 1.463666586829169e-16,  Error =2.960036340482475e-07
Completed 42 % :  mod = 1.52880825172479e-16,  Error =3.032225777133135e-07
Completed 43 % :  mod = 1.5621471087051527e-16,  Error =3.1044226034282474e-07
Completed 44 % :  mod = 1.5629897968862396e-16,  Error =3.1766251851195193e-07
Completed 45 % :  mod = 1.531318732993167e-16,  Error =3.248821940360358e-07
Completed 46 % :  mod = 1.467792685216736e-16,  Error =3.3210175587328195e-07
Completed 47 % :  mod = 1.3737331573035612e-16,  Error =3.393216374547592e-07
Completed 48 % :  mod = 1.251096843441673e-16,  Error =3.4654112823773175e-07
Completed 49 % :  mod = 1.1024349413141381e-16,  Error =3.537606758641232e-07
Completed 50 % :  mod = 9.308398170441248e-17,  Error =3.6098078481927587e-07
Completed 51 % :  mod = 7.398809969251286e-17,  Error =3.682004816596418e-07
Completed 52 % :  mod = 5.335311507827729e-17,  Error =3.754191837401777e-07
Completed 53 % :  mod = 3.1608253897812273e-17,  Error =3.8263893031853513e-07
Completed 54 % :  mod = 9.205855164502705e-18,  Error =3.8985879768915765e-07
Completed 55 % :  mod = 1.3388026264638268e-17,  Error =3.9707902033114806e-07
Completed 56 % :  mod = 3.570341371421702e-17,  Error =4.042983832164282e-07
Completed 56 % :  mod = 5.727609874944398e-17,  Error =4.1151781005055454e-07
Completed 57 % :  mod = 7.76573024905919e-17,  Error =4.1873673950476586e-07
Completed 59 % :  mod = 9.642305439357614e-17,  Error =4.2595655003196953e-07
Completed 60 % :  mod = 1.1318298424928787e-16,  Error =4.331766589871222e-07
Completed 61 % :  mod = 1.275884544029913e-16,  Error =4.4039635582748815e-07
Completed 62 % :  mod = 1.393397917427204e-16,  Error =4.476158466104607e-07
Completed 63 % :  mod = 1.4819253203402429e-16,  Error =4.548360408307417e-07
Completed 64 % :  mod = 1.5396253608375464e-16,  Error =4.6205538239973976e-07
Completed 65 % :  mod = 1.5652977807217486e-16,  Error =4.692734520972408e-07
Completed 66 % :  mod = 1.5584082507854494e-16,  Error =4.764928860367945e-07
Completed 67 % :  mod = 1.5191002920348057e-16,  Error =4.837122489220747e-07
Completed 68 % :  mod = 1.4481918082518007e-16,  Error =4.909310717948756e-07
Completed 69 % :  mod = 1.347157425688166e-16,  Error =4.98150122041352e-07
Completed 70 % :  mod = 1.2180989896008837e-16,  Error =5.053698757251368e-07
Completed 71 % :  mod = 1.0637014801784278e-16,  Error =5.125895441437933e-07
Completed 72 % :  mod = 8.871765047311935e-17,  Error =5.198087720259537e-07
Completed 73 % :  mod = 6.921961170386386e-17,  Error =5.270282485980715e-07
Completed 74 % :  mod = 4.8281652389644834e-17,  Error =5.342479028058733e-07
Completed 75 % :  mod = 2.6339331719832413e-17,  Error =5.414673438508544e-07
Completed 76 % :  mod = 3.849093074613402e-18,  Error =5.486871970106222e-07
Completed 77 % :  mod = 1.8721219497334098e-17,  Error =5.559059914617137e-07
Completed 78 % :  mod = 4.0902092645157064e-17,  Error =5.631244803794289e-07
Completed 79 % :  mod = 6.223209281482832e-17,  Error =5.703440564275297e-07
Completed 80 % :  mod = 8.226753304367633e-17,  Error =5.775634335236646e-07
Completed 81 % :  mod = 1.0059164065481295e-16,  Error =5.847829100957824e-07
Completed 82 % :  mod = 1.1682318811134355e-16,  Error =5.920017329685834e-07
Completed 83 % :  mod = 1.3062454505094356e-16,  Error =5.9922027162429e-07
Completed 84 % :  mod = 1.41708640509978e-16,  Error =6.064391868676466e-07
Completed 85 % :  mod = 1.4984484738298156e-16,  Error =6.136585781746362e-07
Completed 86 % :  mod = 1.5486393113407077e-16,  Error =6.208773797311551e-07
Completed 87 % :  mod = 1.5666151268518095e-16,  Error =6.28097353683188e-07
Completed 88 % :  mod = 1.552001680589547e-16,  Error =6.353167307793228e-07
Completed 89 % :  mod = 1.5051030074409551e-16,  Error =6.425364276196888e-07
Completed 90 % :  mod = 1.426894811916486e-16,  Error =6.497558615592425e-07
Completed 91 % :  mod = 1.319003965961539e-16,  Error =6.56975828405848e-07
Completed 92 % :  mod = 1.183674886132512e-16,  Error =6.641947223329225e-07
Completed 93 % :  mod = 1.0237225104469295e-16,  Error =6.714143623298696e-07
Completed 94 % :  mod = 8.424743983255028e-17,  Error =6.786337394260045e-07
Completed 95 % :  mod = 6.437010752637111e-17,  Error =6.858536565346185e-07
Completed 96 % :  mod = 4.315371166994364e-17,  Error =6.930735807486599e-07
Completed 97 % :  mod = 2.103960890305747e-17,  Error =7.002934339084277e-07
Completed 98 % :  mod = 1.5121398747879623e-18,  Error =7.07512938902255e-07
Completed 99 % :  mod = 2.40324415721896e-17,  Error =7.147324936340738e-07
Completed 100 % :  mod = 4.605282958366082e-17,  Error =7.219512099254644e-07
Finished 6/201 frames
Finished all frames!
