/opt/local/miniconda_23_9/lib/python3.11/site-packages/conda/base/context.py:201: FutureWarning: Adding 'defaults' to channel list implicitly is deprecated and will be removed in 25.3. 

To remove this warning, please choose a default channel explicitly with conda's regular configuration system, e.g. by adding 'defaults' to the list of channels:

  conda config --add channels defaults

For more information see https://docs.conda.io/projects/conda/en/stable/user-guide/configuration/use-condarc.html

  deprecated.topic(
JOB 13888 ARRAY_ID 17  -> i=17 ; range=[1.9e-10, 5.0e-10] ; intervals=200 (frames=201)
Analytic t0 extension enabled (--extend-time-using-t0).
Density options: centers='2.0e-10,4.0e-10' width='2.0e-11,5.0e-11' strength='7.0'
Extending simulation time for p0=2.053e-10 from 10000000000.0 to 2.388e+10
Completed 0 % :  mod = 1.6427977772929743e-16,  Error =-1.4210854715202004e-14
Completed 1 % :  mod = 1.7696915840808061e-16,  Error =2.0842954029376415e-08
Completed 2 % :  mod = 2.169953101081286e-16,  Error =4.1686163854137703e-08
Completed 3 % :  mod = 2.90541146209009e-16,  Error =6.252992790223288e-08
Completed 4 % :  mod = 4.089735611074189e-16,  Error =8.33737203720375e-08
Completed 5 % :  mod = 5.905769946063284e-16,  Error =1.0421653939829412e-07
Completed 6 % :  mod = 8.634079981910985e-16,  Error =1.2506021107583365e-07
Completed 7 % :  mod = 1.2696319139037655e-15,  Error =1.4590342090059494e-07
Completed 8 % :  mod = 1.871964475689584e-15,  Error =1.6674614045086855e-07
Completed 9 % :  mod = 2.763463023057906e-15,  Error =1.8758959896558736e-07
Completed 10 % :  mod = 4.0818391037202115e-15,  Error =2.084317927142365e-07
Completed 11 % :  mod = 6.030843413390005e-15,  Error =2.2927571308173356e-07
Completed 12 % :  mod = 8.911377154842044e-15,  Error =2.501188092196571e-07
Completed 13 % :  mod = 1.3168468608003379e-14,  Error =2.7096260168946174e-07
Completed 14 % :  mod = 1.9460036971188464e-14,  Error =2.918072894431134e-07
Completed 15 % :  mod = 2.875741845849547e-14,  Error =3.126506982198407e-07
Completed 16 % :  mod = 4.249700963109102e-14,  Error =3.334940572585765e-07
Completed 17 % :  mod = 6.280220763479279e-14,  Error =3.5433692602282463e-07
Completed 18 % :  mod = 9.280783645932505e-14,  Error =3.7518036322126136e-07
Completed 19 % :  mod = 1.3714949781821883e-13,  Error =3.9602377199798866e-07
Completed 20 % :  mod = 2.0267634158333267e-13,  Error =4.168658378489454e-07
Completed 21 % :  mod = 2.9951405490215395e-13,  Error =4.3770856450464635e-07
Completed 22 % :  mod = 4.4260903096473166e-13,  Error =4.585517459076982e-07
Completed 23 % :  mod = 6.540554952948262e-13,  Error =4.793937762315181e-07
Completed 24 % :  mod = 9.664890373728797e-13,  Error =5.002367515771766e-07
Completed 25 % :  mod = 1.4280074057456953e-12,  Error =5.210784763676202e-07
Completed 26 % :  mod = 2.1094680081281186e-12,  Error =5.41918915075712e-07
Completed 27 % :  mod = 3.114703931357739e-12,  Error =5.627569876764937e-07
Completed 28 % :  mod = 4.594461739412346e-12,  Error =5.835919196783834e-07
Completed 29 % :  mod = 6.762443613655291e-12,  Error =6.044139269079096e-07
Completed 30 % :  mod = 9.906822693311985e-12,  Error =6.252136302009603e-07
Completed 31 % :  mod = 1.4368327293834711e-11,  Error =6.459660397695188e-07
Completed 32 % :  mod = 2.0404545987691322e-11,  Error =6.666196554760973e-07
Completed 33 % :  mod = 2.7781521186800568e-11,  Error =6.870970992167713e-07
Completed 34 % :  mod = 3.50219012009648e-11,  Error =7.07313446923763e-07
Completed 35 % :  mod = 3.914456240532989e-11,  Error =7.272754274367799e-07
Completed 36 % :  mod = 3.771149555578359e-11,  Error =7.471703398209684e-07
Completed 37 % :  mod = 3.1632870409970965e-11,  Error =7.672447566164919e-07
Completed 38 % :  mod = 2.403301934317225e-11,  Error =7.875976066884505e-07
Completed 39 % :  mod = 1.7229156613569186e-11,  Error =8.08172003985419e-07
Completed 40 % :  mod = 1.198444017278151e-11,  Error =8.288802959555142e-07
Completed 41 % :  mod = 8.214617663569599e-12,  Error =8.496595995666212e-07
Completed 42 % :  mod = 5.591891310228986e-12,  Error =8.704727108010957e-07
Completed 43 % :  mod = 3.794336568351265e-12,  Error =8.913030669077671e-07
Completed 44 % :  mod = 2.5708165543145403e-12,  Error =9.121399671130348e-07
Completed 45 % :  mod = 1.7406260781739168e-12,  Error =9.329803916102719e-07
Completed 46 % :  mod = 1.1781877749290186e-12,  Error =9.53821292171142e-07
Completed 47 % :  mod = 7.973843192518327e-13,  Error =9.746631874918421e-07
Completed 48 % :  mod = 5.396333303327879e-13,  Error =9.955078752454938e-07
Completed 49 % :  mod = 3.652188367854073e-13,  Error =1.0163486052761073e-06
Completed 50 % :  mod = 2.472096553607337e-13,  Error =1.0371916943086035e-06
Completed 51 % :  mod = 1.6738137897865719e-13,  Error =1.0580348757116553e-06
Completed 52 % :  mod = 1.1341184855594003e-13,  Error =1.078877339466544e-06
Completed 53 % :  mod = 7.696095667694359e-14,  Error =1.0997203361284846e-06
Completed 54 % :  mod = 5.239828138912838e-14,  Error =1.120564419920811e-06
Completed 55 % :  mod = 3.5929085762037096e-14,  Error =1.1414080915983504e-06
Completed 56 % :  mod = 2.501075764993043e-14,  Error =1.162250867992043e-06
Completed 57 % :  mod = 1.7955889531269732e-14,  Error =1.183094234136206e-06
Completed 58 % :  mod = 1.3674571874802691e-14,  Error =1.2039377637051984e-06
Completed 59 % :  mod = 1.1505824570461659e-14,  Error =1.2247807461562843e-06
Completed 60 % :  mod = 1.1114405531543009e-14,  Error =1.2456246949454908e-06
Completed 61 % :  mod = 1.2439944865718884e-14,  Error =1.2664674429174738e-06
Completed 62 % :  mod = 1.5687088883363287e-14,  Error =1.287309736142106e-06
Completed 63 % :  mod = 2.135744933773566e-14,  Error =1.3081528251746022e-06
Completed 64 % :  mod = 3.032693740004421e-14,  Error =1.3289958715745342e-06
Completed 65 % :  mod = 4.3981780897709915e-14,  Error =1.3498403106382284e-06
Completed 66 % :  mod = 6.443010135411326e-14,  Error =1.370682952028801e-06
Completed 67 % :  mod = 9.483101520931831e-14,  Error =1.39152603395587e-06
Completed 68 % :  mod = 1.398827664903536e-13,  Error =1.4123709703994791e-06
Completed 69 % :  mod = 2.065403556539926e-13,  Error =1.4332129723015896e-06
Completed 70 % :  mod = 3.051007159060135e-13,  Error =1.454054675775751e-06
Completed 71 % :  mod = 4.50784334695961e-13,  Error =1.4748975729617086e-06
Completed 72 % :  mod = 6.660921596808086e-13,  Error =1.4957402711957002e-06
Completed 73 % :  mod = 9.842198152468442e-13,  Error =1.5165829836405464e-06
Completed 74 % :  mod = 1.4541708154298872e-12,  Error =1.5374240476262457e-06
Completed 75 % :  mod = 2.1481047268739817e-12,  Error =1.558265665835279e-06
Completed 76 % :  mod = 3.1716424748587e-12,  Error =1.579105173732387e-06
Completed 77 % :  mod = 4.6780500262892755e-12,  Error =1.5999381162146165e-06
Completed 78 % :  mod = 6.884565902464748e-12,  Error =1.6207613313667935e-06
Completed 79 % :  mod = 1.0082516892386547e-11,  Error =1.6415593790952698e-06
Completed 80 % :  mod = 1.461303134585374e-11,  Error =1.6623075254074138e-06
Completed 81 % :  mod = 2.0723160067182804e-11,  Error =1.682955591775226e-06
Completed 82 % :  mod = 2.813966045287689e-11,  Error =1.7034214039313156e-06
Completed 83 % :  mod = 3.530899354128046e-11,  Error =1.7236256795172267e-06
Completed 84 % :  mod = 3.920893888166468e-11,  Error =1.7435783519204051e-06
Completed 85 % :  mod = 3.7510513374112117e-11,  Error =1.763477207816777e-06
Completed 86 % :  mod = 3.128877563788651e-11,  Error =1.783564684387784e-06
Completed 87 % :  mod = 2.3688103348004288e-11,  Error =1.8039285194504373e-06
Completed 88 % :  mod = 1.694949972942568e-11,  Error =1.8245128288185697e-06
Completed 89 % :  mod = 1.1778553422198331e-11,  Error =1.8452283541137149e-06
Completed 90 % :  mod = 8.069978570050515e-12,  Error =1.8660102369949527e-06
Completed 91 % :  mod = 5.492278674899643e-12,  Error =1.886824037455881e-06
Completed 92 % :  mod = 3.726326584132416e-12,  Error =1.9076542159268683e-06
Completed 93 % :  mod = 2.524630663387276e-12,  Error =1.9284910877104267e-06
Completed 94 % :  mod = 1.709357625681687e-12,  Error =1.9493308656137742e-06
Completed 95 % :  mod = 1.1570078035208786e-12,  Error =1.9701730238352866e-06
Completed 96 % :  mod = 7.830683718081306e-13,  Error =1.9910151749513716e-06
Completed 97 % :  mod = 5.299848534350029e-13,  Error =2.011856679473567e-06
Completed 98 % :  mod = 3.587362725352094e-13,  Error =2.0327000740394396e-06
Completed 99 % :  mod = 2.4288827339917105e-13,  Error =2.053545905766896e-06
Completed 100 % :  mod = 1.6456244187426038e-13,  Error =2.0743885684737506e-06
Finished 18/201 frames
Finished all frames!
