/opt/local/miniconda_23_9/lib/python3.11/site-packages/conda/base/context.py:201: FutureWarning: Adding 'defaults' to channel list implicitly is deprecated and will be removed in 25.3. 

To remove this warning, please choose a default channel explicitly with conda's regular configuration system, e.g. by adding 'defaults' to the list of channels:

  conda config --add channels defaults

For more information see https://docs.conda.io/projects/conda/en/stable/user-guide/configuration/use-condarc.html

  deprecated.topic(
JOB 13412 ARRAY_ID 58  -> i=58 ; range=[1.9e-10, 6.0e-10] ; intervals=200 (frames=201)
Density options: centers='2.0e-10,4.0e-10' width='5e-11,5e-11' strength=''
Completed 0 % :  mod = 2.1880296806326817e-16,  Error =-1.4210854715202004e-14
Completed 1 % :  mod = 2.6025668543525304e-16,  Error =2.7467436325423478e-08
Completed 2 % :  mod = 4.003252115620077e-16,  Error =5.493503607567618e-08
Completed 3 % :  mod = 6.920824250959487e-16,  Error =8.240294135930526e-08
Completed 4 % :  mod = 1.2460791186966315e-15,  Error =1.0987076137780605e-07
Completed 5 % :  mod = 2.2722321902891047e-15,  Error =1.3733816217609274e-07
Completed 6 % :  mod = 4.1593650651806725e-15,  Error =1.6480580455890959e-07
Completed 7 % :  mod = 7.622538157210923e-15,  Error =1.922738377402311e-07
Completed 8 % :  mod = 1.3973995006273561e-14,  Error =2.1974258856971574e-07
Completed 9 % :  mod = 2.5620389282134243e-14,  Error =2.472104299044986e-07
Completed 10 % :  mod = 4.697469835161406e-14,  Error =2.746784275586833e-07
Completed 11 % :  mod = 8.612835858453776e-14,  Error =3.0214535229333706e-07
Completed 12 % :  mod = 1.5791720837841125e-13,  Error =3.2961291651645297e-07
Completed 13 % :  mod = 2.8954291112860125e-13,  Error =3.570811131226037e-07
Completed 14 % :  mod = 5.308795510597048e-13,  Error =3.8454898998452336e-07
Completed 15 % :  mod = 9.733686094496955e-13,  Error =4.1201609235486103e-07
Completed 16 % :  mod = 1.7846489267165099e-12,  Error =4.394830597220789e-07
Completed 17 % :  mod = 3.2719635477835144e-12,  Error =4.669481299401923e-07
Completed 18 % :  mod = 5.997877075723436e-12,  Error =4.944062865774868e-07
Completed 19 % :  mod = 1.0989121388510535e-11,  Error =5.21840952671937e-07
Completed 20 % :  mod = 2.0099119970923848e-11,  Error =5.491987664640874e-07
Completed 21 % :  mod = 3.65487854224276e-11,  Error =5.763013035675613e-07
Completed 22 % :  mod = 6.519172505457561e-11,  Error =6.025963301681259e-07
Completed 23 % :  mod = 1.0925119757987878e-10,  Error =6.2667166389474e-07
Completed 24 % :  mod = 1.5281588999995005e-10,  Error =6.466535680260677e-07
Completed 25 % :  mod = 1.4804081128858085e-10,  Error =6.642924148536622e-07
Completed 26 % :  mod = 1.0151962674775256e-10,  Error =6.849599358815794e-07
Completed 27 % :  mod = 5.962277747319031e-11,  Error =7.095197744888537e-07
Completed 28 % :  mod = 3.3359414028409634e-11,  Error =7.360065410466632e-07
Completed 28 % :  mod = 1.828198852807484e-11,  Error =7.631708172084473e-07
Completed 30 % :  mod = 1.0013284710632785e-11,  Error =7.90546877738052e-07
Completed 31 % :  mod = 5.50100086328078e-12,  Error =8.179859563028913e-07
Completed 32 % :  mod = 3.0429943612786608e-12,  Error =8.454457827156148e-07
Completed 33 % :  mod = 1.7555347133720594e-12,  Error =8.729111584671045e-07
Completed 34 % :  mod = 1.1278603059058201e-12,  Error =9.003775716109885e-07
Completed 35 % :  mod = 9.24675311337521e-13,  Error =9.278444963456423e-07
Completed 36 % :  mod = 1.0759868138982704e-12,  Error =9.553125295269638e-07
Completed 37 % :  mod = 1.6349627702965199e-12,  Error =9.827788858274289e-07
Completed 38 % :  mod = 2.805103614905218e-12,  Error =1.0102453487093044e-06
Completed 39 % :  mod = 5.05303067508583e-12,  Error =1.0377052035437373e-06
Completed 40 % :  mod = 9.202460252198609e-12,  Error =1.0651507977854635e-06
Completed 41 % :  mod = 1.678143074147744e-11,  Error =1.0925404865247401e-06
Completed 42 % :  mod = 3.0660683788510165e-11,  Error =1.1197513387628533e-06
Completed 43 % :  mod = 5.5040306903044765e-11,  Error =1.146385940842265e-06
Completed 44 % :  mod = 9.46642394299117e-11,  Error =1.1713364003185234e-06
Completed 45 % :  mod = 1.4270609461345942e-10,  Error =1.1926321974442544e-06
Completed 46 % :  mod = 1.5614041966829442e-10,  Error =1.2104127833367784e-06
Completed 47 % :  mod = 1.1616762803186757e-10,  Error =1.2298047877834506e-06
Completed 48 % :  mod = 7.06221643052834e-11,  Error =1.2533967392869272e-06
Completed 49 % :  mod = 3.970281439117119e-11,  Error =1.2794891333101077e-06
Completed 50 % :  mod = 2.1886069708273335e-11,  Error =1.3065234725218033e-06
Completed 51 % :  mod = 1.2006478489552979e-11,  Error =1.33386126321966e-06
Completed 52 % :  mod = 6.55971305915335e-12,  Error =1.361289704959745e-06
Completed 53 % :  mod = 3.6300649658813815e-12,  Error =1.3887446570493012e-06
Completed 54 % :  mod = 2.062612841777067e-12,  Error =1.4162083203927978e-06
Completed 55 % :  mod = 1.2720754178853139e-12,  Error =1.4436751314406138e-06
Completed 56 % :  mod = 9.701172346746882e-13,  Error =1.47114242565749e-06
Completed 56 % :  mod = 1.0334809360398956e-12,  Error =1.4986095422386825e-06
Completed 57 % :  mod = 1.4846825093552087e-12,  Error =1.526076523816755e-06
Completed 59 % :  mod = 2.506105957510925e-12,  Error =1.5535430719637588e-06
Completed 60 % :  mod = 4.472845537722657e-12,  Error =1.5810048950015698e-06
Completed 61 % :  mod = 8.11492863476138e-12,  Error =1.6084544114391974e-06
Completed 62 % :  mod = 1.4864952044040443e-11,  Error =1.6358620271716973e-06
Completed 63 % :  mod = 2.70690798483467e-11,  Error =1.663129737039526e-06
Completed 64 % :  mod = 4.884599251900755e-11,  Error =1.6899418184834758e-06
Completed 65 % :  mod = 8.541867261694383e-11,  Error =1.7153822113868955e-06
Completed 66 % :  mod = 1.3338049446377566e-10,  Error =1.7375771079741753e-06
Completed 67 % :  mod = 1.5877140363326551e-10,  Error =1.7557705902504495e-06
Completed 68 % :  mod = 1.2644585823399087e-10,  Error =1.7744080551551633e-06
Completed 69 % :  mod = 7.884922044054629e-11,  Error =1.797213386112162e-06
Completed 70 % :  mod = 4.486185166352055e-11,  Error =1.8229548146564412e-06
Completed 71 % :  mod = 2.4755508048197428e-11,  Error =1.8498710474545987e-06
Completed 72 % :  mod = 1.3562230648049492e-11,  Error =1.8771718046650676e-06
Completed 73 % :  mod = 7.407827422745227e-12,  Error =1.9045897374780907e-06
Completed 74 % :  mod = 4.042459167702569e-12,  Error =1.932042110297516e-06
Completed 75 % :  mod = 2.214226190645881e-12,  Error =1.959505183890542e-06
Completed 76 % :  mod = 1.2203498450942277e-12,  Error =1.9869713270281864e-06
Completed 77 % :  mod = 6.894116295825985e-13,  Error =2.0144375483255317e-06
Completed 78 % :  mod = 4.207518392860494e-13,  Error =2.0419048496478354e-06
Completed 79 % :  mod = 3.105987273380187e-13,  Error =2.0693734299470634e-06
Completed 80 % :  mod = 3.1815495380569143e-13,  Error =2.096840667320521e-06
Completed 81 % :  mod = 4.469853567538413e-13,  Error =2.124307840745132e-06
Completed 82 % :  mod = 7.444227499956356e-13,  Error =2.151775063907735e-06
Completed 83 % :  mod = 1.3236940261150499e-12,  Error =2.1792420028532433e-06
Completed 84 % :  mod = 2.4068034120833293e-12,  Error =2.2067084159971273e-06
Completed 85 % :  mod = 4.3966468497660505e-12,  Error =2.234170707993144e-06
Completed 86 % :  mod = 8.053613447896665e-12,  Error =2.261620096533079e-06
Completed 87 % :  mod = 1.4750197175668558e-11,  Error =2.289029943369769e-06
Completed 88 % :  mod = 2.689916165287133e-11,  Error =2.316299607230121e-06
Completed 89 % :  mod = 4.862559013383934e-11,  Error =2.343118325143223e-06
Completed 90 % :  mod = 8.487167992063086e-11,  Error =2.3685800911721344e-06
Completed 91 % :  mod = 1.3301781987325507e-10,  Error =2.390814586306078e-06
Completed 92 % :  mod = 1.588713654815504e-10,  Error =2.409038422968024e-06
Completed 93 % :  mod = 1.267694468974003e-10,  Error =2.4276417249780025e-06
Completed 94 % :  mod = 7.936724324029105e-11,  Error =2.45041019297787e-06
Completed 95 % :  mod = 4.5093399094013006e-11,  Error =2.47613336057384e-06
Completed 96 % :  mod = 2.48940047019764e-11,  Error =2.5030429924299824e-06
Completed 97 % :  mod = 1.3675225766339024e-11,  Error =2.5303409145749356e-06
Completed 98 % :  mod = 7.468495232569472e-12,  Error =2.557758136845223e-06
Completed 99 % :  mod = 4.115186044591117e-12,  Error =2.5852100975498615e-06
Completed 100 % :  mod = 2.3169891298791807e-12,  Error =2.6126734908871185e-06
Finished 59/201 frames
Finished all frames!
