/opt/local/miniconda_23_9/lib/python3.11/site-packages/conda/base/context.py:201: FutureWarning: Adding 'defaults' to channel list implicitly is deprecated and will be removed in 25.3. 

To remove this warning, please choose a default channel explicitly with conda's regular configuration system, e.g. by adding 'defaults' to the list of channels:

  conda config --add channels defaults

For more information see https://docs.conda.io/projects/conda/en/stable/user-guide/configuration/use-condarc.html

  deprecated.topic(
JOB 14010 ARRAY_ID 139  -> i=139 ; range=[1.9e-10, 5.0e-10] ; intervals=200 (frames=201)
Analytic t0 extension enabled (--extend-time-using-t0).
Density options: centers='2.0e-10,4.0e-10' width='2.0e-11,5.0e-11' strength='7.0'
Completed 0 % :  mod = 3.2891234292336747e-16,  Error =-1.4210854715202004e-14
Completed 1 % :  mod = 5.183510828023819e-16,  Error =1.4025889782942613e-07
Completed 2 % :  mod = 1.3048837051498032e-15,  Error =2.805176251285957e-07
Completed 3 % :  mod = 3.594525157164089e-15,  Error =4.2077663664485954e-07
Completed 4 % :  mod = 1.0024736765476844e-14,  Error =5.610350655160801e-07
Completed 5 % :  mod = 2.8002544897908925e-14,  Error =7.012940912431986e-07
Completed 6 % :  mod = 7.823676985762052e-14,  Error =8.415525059035645e-07
Completed 7 % :  mod = 2.1859271921259342e-13,  Error =9.81811886902051e-07
Completed 8 % :  mod = 6.107476418984205e-13,  Error =1.1220709552617336e-06
Completed 9 % :  mod = 1.7064243538611874e-12,  Error =1.2623292136026976e-06
Completed 10 % :  mod = 4.767646978581314e-12,  Error =1.4025773751313864e-06
Completed 11 % :  mod = 1.3318550037708439e-11,  Error =1.5427562516379112e-06
Completed 12 % :  mod = 3.716255431823796e-11,  Error =1.6823920176989304e-06
Completed 13 % :  mod = 1.0271586872104409e-10,  Error =1.8179696539277757e-06
Completed 14 % :  mod = 2.5894237822101946e-10,  Error =1.9302518552422043e-06
Completed 15 % :  mod = 2.987750043296961e-10,  Error =2.0027979701353615e-06
Completed 16 % :  mod = 1.1435779430810654e-10,  Error =2.109348130829858e-06
Completed 17 % :  mod = 4.983562783424478e-11,  Error =2.24271430937506e-06
Completed 18 % :  mod = 4.717902626519946e-11,  Error =2.380861808148893e-06
Completed 19 % :  mod = 8.694390256765559e-11,  Error =2.517276051605677e-06
Completed 20 % :  mod = 1.9330930176870965e-10,  Error =2.6384718196936774e-06
Completed 21 % :  mod = 3.5383780098483194e-10,  Error =2.7166477991613647e-06
Completed 22 % :  mod = 1.4485859268919445e-10,  Error =2.808501825768417e-06
Completed 23 % :  mod = 7.07203303097518e-11,  Error =2.9363355338318797e-06
Completed 24 % :  mod = 7.44793562367393e-11,  Error =3.0721525874355393e-06
Completed 25 % :  mod = 1.2750731419611325e-10,  Error =3.2038328185990395e-06
Completed 26 % :  mod = 2.6589595859029985e-10,  Error =3.30741196563622e-06
Completed 27 % :  mod = 2.835822471927058e-10,  Error =3.3827845697942394e-06
Completed 28 % :  mod = 1.1596344348808199e-10,  Error =3.4936692401288383e-06
Completed 28 % :  mod = 7.76818717651922e-11,  Error =3.6235585554322824e-06
Completed 30 % :  mod = 1.7449424923360868e-10,  Error =3.7490711335408378e-06
Completed 31 % :  mod = 3.2089210901467704e-10,  Error =3.845784000588992e-06
Completed 32 % :  mod = 1.977773282015279e-10,  Error =3.919381050820903e-06
Completed 33 % :  mod = 1.3289714357652394e-10,  Error =4.034054683188515e-06
Completed 34 % :  mod = 1.0514927918022606e-10,  Error =4.163667007617278e-06
Completed 35 % :  mod = 1.5270820498417733e-10,  Error =4.28659040352386e-06
Completed 36 % :  mod = 3.3657659537009914e-10,  Error =4.3712354269587195e-06
Completed 37 % :  mod = 2.060815940466925e-10,  Error =4.457052092732283e-06
Completed 38 % :  mod = 8.000136331259737e-11,  Error =4.579648447133877e-06
Completed 39 % :  mod = 5.7769961153834573e-11,  Error =4.715069628957735e-06
Completed 40 % :  mod = 1.1450986463608268e-10,  Error =4.848719299843651e-06
Completed 41 % :  mod = 2.3020776269672825e-10,  Error =4.962912484529625e-06
Completed 42 % :  mod = 3.023772982191305e-10,  Error =5.034489575450607e-06
Completed 43 % :  mod = 1.5105816252089192e-10,  Error =5.1364165187806066e-06
Completed 44 % :  mod = 6.437063723607112e-11,  Error =5.266477565157857e-06
Completed 45 % :  mod = 7.246374828633616e-11,  Error =5.401528909487752e-06
Completed 46 % :  mod = 1.9103600445657055e-10,  Error =5.527492575652104e-06
Completed 47 % :  mod = 2.9812879147910334e-10,  Error =5.618013609876016e-06
Completed 48 % :  mod = 1.88116941291043e-10,  Error =5.699361608435538e-06
Completed 49 % :  mod = 1.2606257681847186e-10,  Error =5.820515660559522e-06
Completed 50 % :  mod = 9.600661721765166e-11,  Error =5.951143222659994e-06
Completed 51 % :  mod = 1.7652398137096178e-10,  Error =6.069958203624992e-06
Completed 52 % :  mod = 3.727127102416084e-10,  Error =6.151342120119807e-06
Completed 53 % :  mod = 1.564449641260377e-10,  Error =6.238401660141335e-06
Completed 54 % :  mod = 9.747943703867526e-11,  Error =6.3597972967954775e-06
Completed 55 % :  mod = 1.5376139515755082e-10,  Error =6.487576861502475e-06
Completed 56 % :  mod = 2.410771191922975e-10,  Error =6.59840986116933e-06
Completed 56 % :  mod = 2.6711581654881916e-10,  Error =6.6700075436187944e-06
Completed 57 % :  mod = 1.576340377234722e-10,  Error =6.77311354735366e-06
Completed 59 % :  mod = 7.399437678949143e-11,  Error =6.90253748558689e-06
Completed 60 % :  mod = 8.644668489575401e-11,  Error =7.035839630020746e-06
Completed 61 % :  mod = 2.353275294533814e-10,  Error =7.153766844680831e-06
Completed 62 % :  mod = 3.2711953789596977e-10,  Error =7.236477458150148e-06
Completed 63 % :  mod = 1.3584438262835274e-10,  Error =7.326940298924001e-06
Completed 64 % :  mod = 1.128162102036894e-10,  Error =7.4510320828835575e-06
Completed 65 % :  mod = 1.6640137340842922e-10,  Error =7.5771322229911675e-06
Completed 66 % :  mod = 2.3732771106161454e-10,  Error =7.680723740577378e-06
Completed 67 % :  mod = 2.6320428173206235e-10,  Error =7.753384871023172e-06
Completed 68 % :  mod = 1.7539164756507202e-10,  Error =7.859482444416699e-06
Completed 69 % :  mod = 1.195044077453187e-10,  Error =7.981450849570138e-06
Completed 70 % :  mod = 2.0396384010760558e-10,  Error =8.09161318926499e-06
Completed 71 % :  mod = 3.617498597280829e-10,  Error =8.172855189059192e-06
Completed 72 % :  mod = 1.5485946708166703e-10,  Error =8.263399820407358e-06
Completed 73 % :  mod = 1.192190486199132e-10,  Error =8.37834738121046e-06
Completed 74 % :  mod = 2.7612220654427793e-10,  Error =8.488084297653131e-06
Completed 75 % :  mod = 2.805690000403605e-10,  Error =8.57509817819846e-06
Completed 76 % :  mod = 1.5641962540210413e-10,  Error =8.661167647971979e-06
Completed 77 % :  mod = 1.9675447239723913e-10,  Error =8.772717940530583e-06
Completed 78 % :  mod = 2.4915380885945083e-10,  Error =8.879522169991105e-06
Completed 79 % :  mod = 2.436468401729228e-10,  Error =8.960631440402267e-06
Completed 80 % :  mod = 1.7579653015085417e-10,  Error =9.053160347605171e-06
Completed 81 % :  mod = 1.9108687120810755e-10,  Error =9.168548814386668e-06
Completed 82 % :  mod = 2.059696204434591e-10,  Error =9.277080643244062e-06
Completed 83 % :  mod = 2.5810470143068943e-10,  Error =9.353709728543436e-06
Completed 84 % :  mod = 2.4418488518526325e-10,  Error =9.447763268610743e-06
Completed 85 % :  mod = 1.1271487120571097e-10,  Error =9.565276982925752e-06
Completed 86 % :  mod = 1.5184405815186433e-10,  Error =9.680912221199378e-06
Completed 87 % :  mod = 3.720149866221402e-10,  Error =9.766336148686605e-06
Completed 88 % :  mod = 1.8664949974741246e-10,  Error =9.850059036864423e-06
Completed 89 % :  mod = 1.2237998229587542e-10,  Error =9.964733600043019e-06
Completed 90 % :  mod = 1.6284150308122016e-10,  Error =1.00883327718293e-05
Completed 91 % :  mod = 2.669728081358307e-10,  Error =1.0194223179382789e-05
Completed 92 % :  mod = 2.5174207022696e-10,  Error =1.0266632052946534e-05
Completed 93 % :  mod = 1.341729470923351e-10,  Error =1.0371116282215098e-05
Completed 94 % :  mod = 1.1736385951876982e-10,  Error =1.0498670960146228e-05
Completed 95 % :  mod = 1.412460708495372e-10,  Error =1.0624957212712616e-05
Completed 96 % :  mod = 2.961446891976874e-10,  Error =1.0719957224125665e-05
Completed 97 % :  mod = 2.6884216720830475e-10,  Error =1.0799614535983437e-05
Completed 98 % :  mod = 8.870463390355492e-11,  Error =1.0914525404359665e-05
Completed 99 % :  mod = 7.422900095824775e-11,  Error =1.1045991961111667e-05
Completed 100 % :  mod = 1.926004382667845e-10,  Error =1.117282909746109e-05
Finished 140/201 frames
Finished all frames!
