/opt/local/miniconda_23_9/lib/python3.11/site-packages/conda/base/context.py:201: FutureWarning: Adding 'defaults' to channel list implicitly is deprecated and will be removed in 25.3. 

To remove this warning, please choose a default channel explicitly with conda's regular configuration system, e.g. by adding 'defaults' to the list of channels:

  conda config --add channels defaults

For more information see https://docs.conda.io/projects/conda/en/stable/user-guide/configuration/use-condarc.html

  deprecated.topic(
JOB 13481 ARRAY_ID 127  -> i=127 ; range=[1.9e-10, 6.0e-10] ; intervals=200 (frames=201)
Density options: centers='2.0e-10,4.0e-10' width='5e-11,5e-11' strength=''
Completed 0 % :  mod = 3.2030302208570203e-16,  Error =-1.4210854715202004e-14
Completed 1 % :  mod = 4.946101557046803e-16,  Error =1.261405202512833e-07
Completed 2 % :  mod = 1.2072455270375789e-15,  Error =2.5228096944829304e-07
Completed 3 % :  mod = 3.233833598860702e-15,  Error =3.784214968050037e-07
Completed 4 % :  mod = 8.78009049058824e-15,  Error =5.045610151910296e-07
Completed 5 % :  mod = 2.3882501068141318e-14,  Error =6.307010949058167e-07
Completed 6 % :  mod = 6.497836234911896e-14,  Error =7.56841416205134e-07
Completed 7 % :  mod = 1.7679595153417436e-13,  Error =8.829818227695796e-07
Completed 8 % :  mod = 4.810361860454162e-13,  Error =1.009121966433213e-06
Completed 9 % :  mod = 1.3088284488492307e-12,  Error =1.1352621100968463e-06
Completed 10 % :  mod = 3.5610855565727254e-12,  Error =1.2613971875907737e-06
Completed 11 % :  mod = 9.688188736235731e-12,  Error =1.3874973845418026e-06
Completed 12 % :  mod = 2.633962145024448e-11,  Error =1.5133344675177796e-06
Completed 13 % :  mod = 7.124645346246818e-11,  Error =1.6372757443150476e-06
Completed 14 % :  mod = 1.8474968920573598e-10,  Error =1.749240261972318e-06
Completed 15 % :  mod = 3.265816889929624e-10,  Error =1.8240588559592652e-06
Completed 16 % :  mod = 1.5570851240595982e-10,  Error =1.9023734481038446e-06
Completed 17 % :  mod = 7.381290139970485e-11,  Error =2.0166008951605363e-06
Completed 18 % :  mod = 3.813314327527052e-11,  Error =2.140195498157027e-06
Completed 19 % :  mod = 4.3443990309346314e-11,  Error =2.264783375949264e-06
Completed 20 % :  mod = 1.089456374005677e-10,  Error =2.385649906955223e-06
Completed 21 % :  mod = 2.536924693865454e-10,  Error =2.486427852943507e-06
Completed 22 % :  mod = 2.76319373996075e-10,  Error =2.5514584010011276e-06
Completed 23 % :  mod = 1.2151243236639498e-10,  Error =2.6463273314902835e-06
Completed 24 % :  mod = 4.368067768352053e-11,  Error =2.7663309509762257e-06
Completed 25 % :  mod = 1.874543256924136e-11,  Error =2.891541804217468e-06
Completed 26 % :  mod = 1.240043648852842e-11,  Error =3.0174787895020927e-06
Completed 27 % :  mod = 1.7620855533106914e-11,  Error =3.14342351259711e-06
Completed 28 % :  mod = 4.317279495180257e-11,  Error =3.2686868252085333e-06
Completed 28 % :  mod = 1.1768680076117392e-10,  Error =3.389121751240509e-06
Completed 30 % :  mod = 2.6502626579838115e-10,  Error =3.485418240245508e-06
Completed 31 % :  mod = 2.6722635064142117e-10,  Error =3.5505828392956573e-06
Completed 32 % :  mod = 1.1187693974579452e-10,  Error =3.64967930011062e-06
Completed 33 % :  mod = 4.8748525225296296e-11,  Error =3.7697537891290267e-06
Completed 34 % :  mod = 5.318586419413892e-11,  Error =3.893529971321641e-06
Completed 35 % :  mod = 1.0969358135526521e-10,  Error =4.014402883001367e-06
Completed 36 % :  mod = 2.177188829575845e-10,  Error =4.116915839347257e-06
Completed 37 % :  mod = 3.1057311830632447e-10,  Error =4.182761671245316e-06
Completed 38 % :  mod = 1.3514411664769274e-10,  Error =4.273251725805949e-06
Completed 39 % :  mod = 6.471680301644901e-11,  Error =4.3895683319306045e-06
Completed 40 % :  mod = 8.535115391099035e-11,  Error =4.5107486528195295e-06
Completed 41 % :  mod = 1.7133994402902925e-10,  Error =4.6244669817951944e-06
Completed 42 % :  mod = 2.781037568030097e-10,  Error =4.707183315133534e-06
Completed 43 % :  mod = 2.1015966569405384e-10,  Error =4.77973274115584e-06
Completed 44 % :  mod = 1.0874922952526962e-10,  Error =4.88702683298925e-06
Completed 45 % :  mod = 8.131656674782352e-11,  Error =5.0052163800273775e-06
Completed 46 % :  mod = 1.569690835536323e-10,  Error =5.1173999366938006e-06
Completed 47 % :  mod = 3.3458769824688537e-10,  Error =5.200882377209837e-06
Completed 48 % :  mod = 1.892550438798599e-10,  Error =5.2700348973644395e-06
Completed 49 % :  mod = 1.0281705767698794e-10,  Error =5.375107768657017e-06
Completed 50 % :  mod = 8.733715494995555e-11,  Error =5.494233725755748e-06
Completed 51 % :  mod = 1.1998243565534782e-10,  Error =5.61135050958228e-06
Completed 52 % :  mod = 2.56313148203766e-10,  Error =5.704675189122099e-06
Completed 53 % :  mod = 2.933228508262262e-10,  Error =5.774397578761636e-06
Completed 54 % :  mod = 1.0972356744227182e-10,  Error =5.870729090418081e-06
Completed 55 % :  mod = 7.898194640234757e-11,  Error =5.9863723507191935e-06
Completed 56 % :  mod = 1.7862236668252356e-10,  Error =6.099374488144349e-06
Completed 56 % :  mod = 2.7281516909673375e-10,  Error =6.189400245659726e-06
Completed 57 % :  mod = 2.1281737379003451e-10,  Error =6.25444264557018e-06
Completed 59 % :  mod = 1.5785537838092093e-10,  Error =6.3537995060869434e-06
Completed 60 % :  mod = 9.903296123290533e-11,  Error =6.468100750112171e-06
Completed 61 % :  mod = 1.449056633270359e-10,  Error =6.57710588569671e-06
Completed 62 % :  mod = 3.440003121890887e-10,  Error =6.655023035762042e-06
Completed 63 % :  mod = 1.9520741531784886e-10,  Error =6.729899567403663e-06
Completed 64 % :  mod = 9.391528092631582e-11,  Error =6.836419515821035e-06
Completed 65 % :  mod = 8.912150162180801e-11,  Error =6.955505327255196e-06
Completed 66 % :  mod = 1.4926736013777445e-10,  Error =7.070524830510294e-06
Completed 67 % :  mod = 2.6031805418423366e-10,  Error =7.159292387370897e-06
Completed 68 % :  mod = 2.4226640549968734e-10,  Error =7.227811892107638e-06
Completed 69 % :  mod = 1.3774111639154835e-10,  Error =7.328676844053916e-06
Completed 70 % :  mod = 9.71803687178241e-11,  Error =7.443008648522209e-06
Completed 71 % :  mod = 1.8361246452939159e-10,  Error =7.54912535683161e-06
Completed 72 % :  mod = 3.461701560213381e-10,  Error =7.6274644982277096e-06
Completed 73 % :  mod = 1.5730641276385205e-10,  Error =7.701201980125916e-06
Completed 74 % :  mod = 1.1819903616246815e-10,  Error =7.805763644341823e-06
Completed 75 % :  mod = 1.762664697847874e-10,  Error =7.916976670685472e-06
Completed 76 % :  mod = 2.1667043032293626e-10,  Error =8.013040059040577e-06
Completed 77 % :  mod = 2.574102729293972e-10,  Error =8.07817162495894e-06
Completed 78 % :  mod = 1.8596772967165112e-10,  Error =8.169356561893437e-06
Completed 79 % :  mod = 1.0128813163715092e-10,  Error =8.279818551670814e-06
Completed 80 % :  mod = 1.4481193928299984e-10,  Error =8.38837003414028e-06
Completed 81 % :  mod = 3.454966823966191e-10,  Error =8.469775899300203e-06
Completed 82 % :  mod = 1.9894324644030024e-10,  Error =8.542061472383011e-06
Completed 83 % :  mod = 1.0029371271613776e-10,  Error =8.645130172624249e-06
Completed 84 % :  mod = 1.1321787490269047e-10,  Error =8.762029594322485e-06
Completed 85 % :  mod = 1.7224083361322955e-10,  Error =8.873233653616808e-06
Completed 86 % :  mod = 2.679880956310801e-10,  Error =8.953861716065603e-06
Completed 87 % :  mod = 2.224412658447567e-10,  Error =9.028834746516168e-06
Completed 88 % :  mod = 1.0739118342874766e-10,  Error =9.135540842919454e-06
Completed 89 % :  mod = 8.947350501995191e-11,  Error =9.252044222307632e-06
Completed 90 % :  mod = 2.0431606970196408e-10,  Error =9.358315594454325e-06
Completed 91 % :  mod = 3.3090364253932376e-10,  Error =9.435735577767446e-06
Completed 92 % :  mod = 1.5604432628055453e-10,  Error =9.510866448181332e-06
Completed 93 % :  mod = 1.1922571587358198e-10,  Error =9.617052036503537e-06
Completed 94 % :  mod = 1.6926452060997804e-10,  Error =9.728292297950247e-06
Completed 95 % :  mod = 2.2552679403153067e-10,  Error =9.82263854609755e-06
Completed 96 % :  mod = 2.506782929936467e-10,  Error =9.887917521211875e-06
Completed 97 % :  mod = 1.909889158001924e-10,  Error =9.980202825943252e-06
Completed 98 % :  mod = 1.1000963912279085e-10,  Error =1.0089582914929451e-05
Completed 99 % :  mod = 1.5974824937491983e-10,  Error =1.0193983492001735e-05
Completed 100 % :  mod = 3.599808969699308e-10,  Error =1.0271219466062576e-05
Finished 128/201 frames
Finished all frames!
