/opt/local/miniconda_23_9/lib/python3.11/site-packages/conda/base/context.py:201: FutureWarning: Adding 'defaults' to channel list implicitly is deprecated and will be removed in 25.3. 

To remove this warning, please choose a default channel explicitly with conda's regular configuration system, e.g. by adding 'defaults' to the list of channels:

  conda config --add channels defaults

For more information see https://docs.conda.io/projects/conda/en/stable/user-guide/configuration/use-condarc.html

  deprecated.topic(
JOB 14054 ARRAY_ID 183  -> i=183 ; range=[1.9e-10, 5.0e-10] ; intervals=200 (frames=201)
Analytic t0 extension enabled (--extend-time-using-t0).
Density options: centers='2.0e-10,4.0e-10' width='2.0e-11,5.0e-11' strength='7.0'
Completed 0 % :  mod = 3.6819677252148713e-16,  Error =-1.4210854715202004e-14
Completed 1 % :  mod = 6.3488110337048195e-16,  Error =2.202570783538249e-07
Completed 2 % :  mod = 1.821252175300431e-15,  Error =4.4051405012623945e-07
Completed 3 % :  mod = 5.6458833253108604e-15,  Error =6.607725993035274e-07
Completed 4 % :  mod = 1.7649123096569695e-14,  Error =8.810309495288493e-07
Completed 5 % :  mod = 5.521882661928316e-14,  Error =1.1012885039463072e-06
Completed 6 % :  mod = 1.727783462477737e-13,  Error =1.3215459659932094e-06
Completed 7 % :  mod = 5.406239765543189e-13,  Error =1.5418030869795984e-06
Completed 8 % :  mod = 1.6916140080902761e-12,  Error =1.762058666088251e-06
Completed 9 % :  mod = 5.293015695080984e-12,  Error =1.9823017254338993e-06
Completed 10 % :  mod = 1.656017068691986e-11,  Error =2.20241468440463e-06
Completed 11 % :  mod = 5.176325523757698e-11,  Error =2.4212696700942615e-06
Completed 12 % :  mod = 1.599860037029817e-10,  Error =2.6287772527666675e-06
Completed 13 % :  mod = 3.9698317048719e-10,  Error =2.776022562045455e-06
Completed 14 % :  mod = 1.919270695365714e-10,  Error =2.8996261818292624e-06
Completed 15 % :  mod = 9.911246927816066e-11,  Error =3.097025697229583e-06
Completed 16 % :  mod = 7.702954726116627e-11,  Error =3.310109455867405e-06
Completed 17 % :  mod = 1.4101358824017033e-10,  Error =3.5146803512020597e-06
Completed 18 % :  mod = 4.2165688417625575e-10,  Error =3.658114408722213e-06
Completed 19 % :  mod = 2.0326230134752415e-10,  Error =3.7846122893370193e-06
Completed 20 % :  mod = 6.982392754850385e-11,  Error =3.983705639143409e-06
Completed 21 % :  mod = 2.599167674293898e-11,  Error =4.201407037385252e-06
Completed 22 % :  mod = 1.2406831055527444e-11,  Error =4.421287442823996e-06
Completed 23 % :  mod = 1.7423489439137386e-11,  Error =4.641256843740393e-06
Completed 24 % :  mod = 5.555797975221335e-11,  Error =4.859889088493219e-06
Completed 25 % :  mod = 1.637913749196623e-10,  Error =5.066537873688048e-06
Completed 26 % :  mod = 4.0152830222142066e-10,  Error =5.2102959244848535e-06
Completed 27 % :  mod = 1.8698173429708103e-10,  Error =5.3371672663615755e-06
Completed 28 % :  mod = 8.916850843245985e-11,  Error =5.53666341573944e-06
Completed 28 % :  mod = 6.173976809548741e-11,  Error =5.751388968633364e-06
Completed 30 % :  mod = 1.1455285390496609e-10,  Error =5.961301113188711e-06
Completed 31 % :  mod = 3.7187168000652275e-10,  Error =6.123705702520965e-06
Completed 32 % :  mod = 2.732164666901532e-10,  Error =6.2412742138917565e-06
Completed 33 % :  mod = 8.811795896051068e-11,  Error =6.4298607682644615e-06
Completed 34 % :  mod = 4.008606157758029e-11,  Error =6.645133026950134e-06
Completed 35 % :  mod = 5.803239731241615e-11,  Error =6.8626239553282176e-06
Completed 36 % :  mod = 1.5528181110773795e-10,  Error =7.070799881603307e-06
Completed 37 % :  mod = 3.5982887337848233e-10,  Error =7.224069683786638e-06
Completed 38 % :  mod = 2.2378387348325187e-10,  Error =7.3454061890743105e-06
Completed 39 % :  mod = 1.2033316025684305e-10,  Error =7.537824401993021e-06
Completed 40 % :  mod = 1.0350502414161405e-10,  Error =7.745697494954129e-06
Completed 41 % :  mod = 2.2508426792268552e-10,  Error =7.93081642314064e-06
Completed 42 % :  mod = 4.2464569380943846e-10,  Error =8.05044894036655e-06
Completed 43 % :  mod = 1.5631183748688983e-10,  Error =8.200824666459994e-06
Completed 44 % :  mod = 1.1716088490891144e-10,  Error =8.392912988597345e-06
Completed 45 % :  mod = 3.219545375533178e-10,  Error =8.564924208087632e-06
Completed 46 % :  mod = 3.5809685241697446e-10,  Error =8.693406890358801e-06
Completed 47 % :  mod = 1.4354912423183657e-10,  Error =8.84796594391446e-06
Completed 48 % :  mod = 1.6720783027159766e-10,  Error =9.033382582401828e-06
Completed 49 % :  mod = 4.1255811206166985e-10,  Error =9.181256956480865e-06
Completed 50 % :  mod = 2.427714099674622e-10,  Error =9.303749067157696e-06
Completed 51 % :  mod = 1.1209125381292332e-10,  Error =9.483650600827787e-06
Completed 52 % :  mod = 1.805187425619842e-10,  Error =9.683451125397369e-06
Completed 53 % :  mod = 3.310653411376699e-10,  Error =9.850131121424965e-06
Completed 54 % :  mod = 2.7440433994608675e-10,  Error =9.959004060533516e-06
Completed 55 % :  mod = 1.5152291611895727e-10,  Error =1.01350867396377e-05
Completed 56 % :  mod = 8.187714235485831e-11,  Error =1.0341895254839528e-05
Completed 56 % :  mod = 1.627880101921636e-10,  Error =1.0540430949390611e-05
Completed 57 % :  mod = 4.126598994935875e-10,  Error =1.0675587795105912e-05
Completed 59 % :  mod = 1.9170452962354999e-10,  Error =1.0808265294315333e-05
Completed 60 % :  mod = 1.1211298980163756e-10,  Error =1.1006905971555625e-05
Completed 61 % :  mod = 7.346685178553861e-11,  Error =1.1219558977870747e-05
Completed 62 % :  mod = 1.5572302663008232e-10,  Error =1.1420747775048312e-05
Completed 63 % :  mod = 4.290089808736708e-10,  Error =1.1559529667692914e-05
Completed 64 % :  mod = 1.6227952232412463e-10,  Error =1.168805589202293e-05
Completed 65 % :  mod = 1.234699230453848e-10,  Error =1.18848498473767e-05
Completed 66 % :  mod = 1.4360546100412905e-10,  Error =1.2091793649915417e-05
Completed 67 % :  mod = 2.252222473196526e-10,  Error =1.2273327023137881e-05
Completed 68 % :  mod = 3.930696498395999e-10,  Error =1.2384351045113817e-05
Completed 69 % :  mod = 1.2940652482370982e-10,  Error =1.2545430109867084e-05
Completed 70 % :  mod = 9.709673149381593e-11,  Error =1.2745071053643642e-05
Completed 71 % :  mod = 2.46455207227779e-10,  Error =1.293498682741756e-05
Completed 72 % :  mod = 3.9820414199214474e-10,  Error =1.3065846196980146e-05
Completed 73 % :  mod = 1.9126991032667421e-10,  Error =1.319906122176917e-05
Completed 74 % :  mod = 1.1954248032627195e-10,  Error =1.3386928252145935e-05
Completed 75 % :  mod = 2.817781425071468e-10,  Error =1.356612686720382e-05
Completed 76 % :  mod = 3.5978120449365293e-10,  Error =1.3694541003417271e-05
Completed 77 % :  mod = 1.520830326834126e-10,  Error =1.3837661484217278e-05
Completed 78 % :  mod = 2.2216088618234074e-10,  Error =1.4023012248287614e-05
Completed 79 % :  mod = 3.2646420236488603e-10,  Error =1.4181514345068535e-05
Completed 80 % :  mod = 3.061988047546888e-10,  Error =1.429727341673015e-05
Completed 81 % :  mod = 1.2396838296105984e-10,  Error =1.446676395033819e-05
Completed 82 % :  mod = 1.3763854032227335e-10,  Error =1.4661318559205938e-05
Completed 83 % :  mod = 3.5220272569448525e-10,  Error =1.4826074377083387e-05
Completed 84 % :  mod = 2.5109113188391933e-10,  Error =1.4935448739095136e-05
Completed 85 % :  mod = 2.0257609864277046e-10,  Error =1.5105804038739734e-05
Completed 86 % :  mod = 1.4286877202436722e-10,  Error =1.5302568350250567e-05
Completed 87 % :  mod = 2.383402885467949e-10,  Error =1.5475290787492213e-05
Completed 88 % :  mod = 3.8080199682858476e-10,  Error =1.558741229956695e-05
Completed 89 % :  mod = 1.384562815492506e-10,  Error =1.5747195597271002e-05
Completed 90 % :  mod = 1.665306890332422e-10,  Error =1.5937063174931154e-05
Completed 91 % :  mod = 3.115431874827933e-10,  Error =1.6099015276438422e-05
Completed 92 % :  mod = 3.4968271679374506e-10,  Error =1.6218703819959046e-05
Completed 93 % :  mod = 1.7156028525709384e-10,  Error =1.6381916658758655e-05
Completed 94 % :  mod = 1.7126502730547255e-10,  Error =1.6566435057541185e-05
Completed 95 % :  mod = 4.340530110839943e-10,  Error =1.670737054126903e-05
Completed 96 % :  mod = 2.0660738677926323e-10,  Error =1.6832215145257123e-05
Completed 97 % :  mod = 1.5410914830270576e-10,  Error =1.701214981864041e-05
Completed 98 % :  mod = 2.2094382491815e-10,  Error =1.7201219534968004e-05
Completed 99 % :  mod = 3.5928671217346414e-10,  Error =1.7339734704080456e-05
Completed 100 % :  mod = 2.5313804681794766e-10,  Error =1.7463183461075005e-05
Finished 184/201 frames
Finished all frames!
