/opt/local/miniconda_23_9/lib/python3.11/site-packages/conda/base/context.py:201: FutureWarning: Adding 'defaults' to channel list implicitly is deprecated and will be removed in 25.3. 

To remove this warning, please choose a default channel explicitly with conda's regular configuration system, e.g. by adding 'defaults' to the list of channels:

  conda config --add channels defaults

For more information see https://docs.conda.io/projects/conda/en/stable/user-guide/configuration/use-condarc.html

  deprecated.topic(
JOB 14068 ARRAY_ID 197  -> i=197 ; range=[1.9e-10, 5.0e-10] ; intervals=200 (frames=201)
Analytic t0 extension enabled (--extend-time-using-t0).
Density options: centers='2.0e-10,4.0e-10' width='2.0e-11,5.0e-11' strength='7.0'
Completed 0 % :  mod = 3.921351602459094e-16,  Error =-1.4210854715202004e-14
Completed 1 % :  mod = 7.126992136495633e-16,  Error =2.8336967261566315e-07
Completed 2 % :  mod = 2.1985030548418917e-15,  Error =5.667386773211547e-07
Completed 3 % :  mod = 7.278787191264582e-15,  Error =8.501080657197235e-07
Completed 4 % :  mod = 2.4259649463727196e-14,  Error =1.1334772551663264e-06
Completed 5 % :  mod = 8.090424273730719e-14,  Error =1.4168460467089972e-06
Completed 6 % :  mod = 2.6982461778774196e-13,  Error =1.7002158401169254e-06
Completed 7 % :  mod = 8.998993113889279e-13,  Error =1.9835850579852377e-06
Completed 8 % :  mod = 3.001276592629649e-12,  Error =2.2669488473070487e-06
Completed 9 % :  mod = 1.0009519674457674e-11,  Error =2.550260724376585e-06
Completed 10 % :  mod = 3.3378302408534275e-11,  Error =2.832993466483913e-06
Completed 11 % :  mod = 1.1109388079249444e-10,  Error =3.109497242803627e-06
Completed 12 % :  mod = 3.4680942320015754e-10,  Error =3.335924873226759e-06
Completed 13 % :  mod = 3.173295645405024e-10,  Error =3.47711423387409e-06
Completed 14 % :  mod = 1.225710811180239e-10,  Error =3.713228487356446e-06
Completed 15 % :  mod = 8.063860590594944e-11,  Error =3.983544019092733e-06
Completed 16 % :  mod = 2.0474871918330248e-10,  Error =4.238393977118449e-06
Completed 17 % :  mod = 4.903854092413478e-10,  Error =4.409234904301229e-06
Completed 18 % :  mod = 1.6291788881422263e-10,  Error =4.581401704228938e-06
Completed 19 % :  mod = 1.1130817074192281e-10,  Error =4.830959490220721e-06
Completed 20 % :  mod = 3.0828609637836606e-10,  Error =5.069122842371598e-06
Completed 21 % :  mod = 4.0181577318733094e-10,  Error =5.2398965237898665e-06
Completed 22 % :  mod = 1.4962939102971496e-10,  Error =5.426547943443438e-06
Completed 23 % :  mod = 2.0943024926433994e-10,  Error =5.664496306678757e-06
Completed 24 % :  mod = 4.443584013329538e-10,  Error =5.85428076504968e-06
Completed 25 % :  mod = 2.5097382021378335e-10,  Error =6.0088242648248524e-06
Completed 26 % :  mod = 1.2050096649607164e-10,  Error =6.244916164632741e-06
Completed 27 % :  mod = 2.0654913459448158e-10,  Error =6.4978969902540484e-06
Completed 28 % :  mod = 4.151717024236071e-10,  Error =6.694159722542281e-06
Completed 28 % :  mod = 2.0715268598198656e-10,  Error =6.83985750526972e-06
Completed 30 % :  mod = 2.0645182939568245e-10,  Error =7.073940906821008e-06
Completed 31 % :  mod = 2.512678313442094e-10,  Error =7.309827317669715e-06
Completed 32 % :  mod = 4.028567153641666e-10,  Error =7.479242981389689e-06
Completed 33 % :  mod = 1.7266129128411028e-10,  Error =7.662775324490667e-06
Completed 34 % :  mod = 2.0059635866517226e-10,  Error =7.900795083060075e-06
Completed 35 % :  mod = 4.1789281389979097e-10,  Error =8.101014159933584e-06
Completed 36 % :  mod = 2.5040387880230244e-10,  Error =8.246495866615078e-06
Completed 37 % :  mod = 1.790310683383583e-10,  Error =8.475197141422086e-06
Completed 38 % :  mod = 1.8129020866575003e-10,  Error =8.723973721203038e-06
Completed 39 % :  mod = 3.9658964357581206e-10,  Error =8.922556929746861e-06
Completed 40 % :  mod = 2.0401487987062236e-10,  Error =9.069333508193722e-06
Completed 41 % :  mod = 1.975584968192082e-10,  Error =9.296744359232889e-06
Completed 42 % :  mod = 3.3665863652459434e-10,  Error =9.520558613473895e-06
Completed 43 % :  mod = 3.2341101872898045e-10,  Error =9.680199624995112e-06
Completed 44 % :  mod = 1.7872663093075535e-10,  Error =9.880476916634962e-06
Completed 45 % :  mod = 1.7022601144486817e-10,  Error =1.0125972927710336e-05
Completed 46 % :  mod = 3.8209405149611756e-10,  Error =1.033684078066699e-05
Completed 47 % :  mod = 2.3954418014169717e-10,  Error =1.0476428620620482e-05
Completed 48 % :  mod = 1.5184218918646932e-10,  Error =1.0705138414834892e-05
Completed 49 % :  mod = 2.1018502314314862e-10,  Error =1.0961251803109917e-05
Completed 50 % :  mod = 2.786503053829388e-10,  Error =1.117917851445327e-05
Completed 51 % :  mod = 3.0972333856205635e-10,  Error =1.1318667894499868e-05
Completed 52 % :  mod = 2.0192319292976186e-10,  Error =1.1537711934295203e-05
Completed 53 % :  mod = 2.159673436195281e-10,  Error =1.1775556728821357e-05
Completed 54 % :  mod = 3.3845634203138655e-10,  Error =1.1947200093231913e-05
Completed 55 % :  mod = 2.159066663015762e-10,  Error =1.2131986551366936e-05
Completed 56 % :  mod = 1.9592908377799607e-10,  Error =1.2378983086591688e-05
Completed 56 % :  mod = 2.330674878890842e-10,  Error =1.261183636813712e-05
Completed 57 % :  mod = 3.56563957799687e-10,  Error =1.2751214541140143e-05
Completed 59 % :  mod = 1.8437833527800234e-10,  Error =1.2963081289285583e-05
Completed 60 % :  mod = 9.369968281165702e-11,  Error =1.3226637214813763e-05
Completed 61 % :  mod = 1.5738127085409087e-10,  Error =1.3484640149385996e-05
Completed 62 % :  mod = 4.907195282117229e-10,  Error =1.3657681712686554e-05
Completed 63 % :  mod = 1.8344032635855042e-10,  Error =1.3829102222473466e-05
Completed 64 % :  mod = 6.939145317339689e-11,  Error =1.4089429022590139e-05
Completed 65 % :  mod = 7.39554835060331e-11,  Error =1.4366941194055016e-05
Completed 66 % :  mod = 1.612609906962801e-10,  Error =1.4635089456760397e-05
Completed 67 % :  mod = 3.925573003748554e-10,  Error =1.4831427094463834e-05
Completed 68 % :  mod = 2.2001147898053104e-10,  Error =1.4991323332935735e-05
Completed 69 % :  mod = 1.3182437989238043e-10,  Error =1.5241676905475288e-05
Completed 70 % :  mod = 1.6055231412837942e-10,  Error =1.550207576883622e-05
Completed 71 % :  mod = 3.473361384397886e-10,  Error =1.5701245423827004e-05
Completed 72 % :  mod = 2.7216908196646623e-10,  Error =1.5862717688719385e-05
Completed 73 % :  mod = 1.7309709744246348e-10,  Error =1.610185019274013e-05
Completed 74 % :  mod = 1.95667269339678e-10,  Error =1.6343824761122505e-05
Completed 75 % :  mod = 3.8789378666841564e-10,  Error =1.649908987388926e-05
Completed 76 % :  mod = 1.952602156525107e-10,  Error =1.6696095627821705e-05
Completed 77 % :  mod = 8.37425339140963e-11,  Error =1.6960583749892066e-05
Completed 78 % :  mod = 8.573639942564698e-11,  Error =1.723436254508215e-05
Completed 79 % :  mod = 3.0222602438784837e-10,  Error =1.747214466973901e-05
Completed 80 % :  mod = 4.1753974387818395e-10,  Error =1.7626102788881326e-05
Completed 81 % :  mod = 1.2547288524954127e-10,  Error =1.7837633123463092e-05
Completed 82 % :  mod = 1.1935925839995042e-10,  Error =1.809441886280183e-05
Completed 83 % :  mod = 3.962689647384346e-10,  Error =1.8308018013613037e-05
Completed 84 % :  mod = 3.370130590863263e-10,  Error =1.8466506773506808e-05
Completed 85 % :  mod = 1.029516633169348e-10,  Error =1.8698035589181927e-05
Completed 86 % :  mod = 1.0841852476600619e-10,  Error =1.8963523324089238e-05
Completed 87 % :  mod = 3.572382050321534e-10,  Error =1.9192414015378745e-05
Completed 88 % :  mod = 3.6233571384738963e-10,  Error =1.93458654749179e-05
Completed 89 % :  mod = 1.0028378561427869e-10,  Error =1.9569543184161375e-05
Completed 90 % :  mod = 9.677195706084728e-11,  Error =1.9838408157113463e-05
Completed 91 % :  mod = 2.6021665269536236e-10,  Error =2.009077132214543e-05
Completed 92 % :  mod = 4.141563946949018e-10,  Error =2.0265394205409848e-05
Completed 93 % :  mod = 1.4645230503255398e-10,  Error =2.0446209333613297e-05
Completed 94 % :  mod = 1.6350385397436626e-10,  Error =2.0695266591985728e-05
Completed 95 % :  mod = 3.6242376435935585e-10,  Error =2.091862835129632e-05
Completed 96 % :  mod = 3.194498933081434e-10,  Error =2.106796343781525e-05
Completed 97 % :  mod = 1.060326123898001e-10,  Error =2.1292914802018004e-05
Completed 98 % :  mod = 8.878408116297847e-11,  Error =2.1563918700451268e-05
Completed 99 % :  mod = 1.78907200743941e-10,  Error =2.182883299894911e-05
Completed 100 % :  mod = 3.7304671851197563e-10,  Error =2.2024081857807687e-05
Finished 198/201 frames
Finished all frames!
