/opt/local/miniconda_23_9/lib/python3.11/site-packages/conda/base/context.py:201: FutureWarning: Adding 'defaults' to channel list implicitly is deprecated and will be removed in 25.3. 

To remove this warning, please choose a default channel explicitly with conda's regular configuration system, e.g. by adding 'defaults' to the list of channels:

  conda config --add channels defaults

For more information see https://docs.conda.io/projects/conda/en/stable/user-guide/configuration/use-condarc.html

  deprecated.topic(
JOB 14017 ARRAY_ID 146  -> i=146 ; range=[1.9e-10, 5.0e-10] ; intervals=200 (frames=201)
Analytic t0 extension enabled (--extend-time-using-t0).
Density options: centers='2.0e-10,4.0e-10' width='2.0e-11,5.0e-11' strength='7.0'
Completed 0 % :  mod = 3.3403161959823643e-16,  Error =-1.4210854715202004e-14
Completed 1 % :  mod = 5.327695582515674e-16,  Error =1.4919694280024487e-07
Completed 2 % :  mod = 1.3654685639861772e-15,  Error =2.9839383586249824e-07
Completed 3 % :  mod = 3.82298624408011e-15,  Error =4.475901391742809e-07
Completed 4 % :  mod = 1.0829608613350168e-14,  Error =5.967872240830729e-07
Completed 5 % :  mod = 3.072276010767944e-14,  Error =7.459846642632328e-07
Completed 6 % :  mod = 8.717399552157329e-14,  Error =8.951817846991617e-07
Completed 7 % :  mod = 2.473565983159943e-13,  Error =1.0443785214420132e-06
Completed 8 % :  mod = 7.01877159631356e-13,  Error =1.1935745405367015e-06
Completed 9 % :  mod = 1.9915791442483804e-12,  Error =1.3427696146095514e-06
Completed 10 % :  mod = 5.650977177393706e-12,  Error =1.4919526805101668e-06
Completed 11 % :  mod = 1.6031159065885917e-11,  Error =1.641031147414651e-06
Completed 12 % :  mod = 4.5406516560961405e-11,  Error =1.789279373554109e-06
Completed 13 % :  mod = 1.2685758541486324e-10,  Error =1.931265543930749e-06
Completed 14 % :  mod = 3.056420895177814e-10,  Error =2.0408529337601067e-06
Completed 15 % :  mod = 2.49047615987795e-10,  Error =2.1184922260886196e-06
Completed 16 % :  mod = 1.0234785244967181e-10,  Error =2.242233755112011e-06
Completed 17 % :  mod = 4.4635446058081296e-11,  Error =2.3861961935267573e-06
Completed 18 % :  mod = 5.4720497582977575e-11,  Error =2.5329010426844434e-06
Completed 19 % :  mod = 1.3485622047327894e-10,  Error =2.674346646358572e-06
Completed 20 % :  mod = 2.715289917612727e-10,  Error =2.7873865633409878e-06
Completed 21 % :  mod = 2.6845209840110525e-10,  Error =2.863192186453034e-06
Completed 22 % :  mod = 1.299267373855525e-10,  Error =2.981780028221692e-06
Completed 23 % :  mod = 7.364964929227755e-11,  Error =3.1213211997282997e-06
Completed 24 % :  mod = 1.279279088518609e-10,  Error =3.259490718221514e-06
Completed 25 % :  mod = 3.239380905675556e-10,  Error =3.3696996908361143e-06
Completed 26 % :  mod = 2.439960194249515e-10,  Error =3.447621786278887e-06
Completed 27 % :  mod = 1.0229516519858768e-10,  Error =3.567941966764465e-06
Completed 28 % :  mod = 5.200626833281514e-11,  Error =3.71161507217721e-06
Completed 28 % :  mod = 4.8193389860965643e-11,  Error =3.858694448410915e-06
Completed 30 % :  mod = 9.384648457882486e-11,  Error =4.002718547724271e-06
Completed 31 % :  mod = 2.656845242792693e-10,  Error =4.124621078460677e-06
Completed 32 % :  mod = 3.0714724655248426e-10,  Error =4.2038208007966205e-06
Completed 33 % :  mod = 1.1147135591778219e-10,  Error =4.314522129789111e-06
Completed 34 % :  mod = 5.687942165358183e-11,  Error =4.456490273696545e-06
Completed 35 % :  mod = 4.174894163785051e-11,  Error =4.603797371771634e-06
Completed 36 % :  mod = 6.056918319964545e-11,  Error =4.750354392513145e-06
Completed 37 % :  mod = 1.74459683904334e-10,  Error =4.885645303431829e-06
Completed 38 % :  mod = 3.560632597412829e-10,  Error =4.979988418085668e-06
Completed 39 % :  mod = 1.6747944749299874e-10,  Error =5.065901206080525e-06
Completed 40 % :  mod = 1.0114203082146704e-10,  Error =5.197558685665626e-06
Completed 41 % :  mod = 7.657898165238216e-11,  Error =5.340696660027788e-06
Completed 42 % :  mod = 1.1642481243430643e-10,  Error =5.479751699510871e-06
Completed 43 % :  mod = 3.186479300522584e-10,  Error =5.5857574778883645e-06
Completed 44 % :  mod = 2.5792847631015616e-10,  Error =5.668355655075175e-06
Completed 45 % :  mod = 9.500619646035467e-11,  Error =5.79146802692776e-06
Completed 46 % :  mod = 5.957017131435646e-11,  Error =5.93462655018584e-06
Completed 47 % :  mod = 9.627272334473132e-11,  Error =6.078254386920889e-06
Completed 48 % :  mod = 2.0941122409300885e-10,  Error =6.206898063965127e-06
Completed 49 % :  mod = 3.2201588444009226e-10,  Error =6.28828967563777e-06
Completed 50 % :  mod = 1.5524595116110123e-10,  Error =6.389974224418893e-06
Completed 51 % :  mod = 5.927282129745357e-11,  Error =6.529059994875297e-06
Completed 52 % :  mod = 2.1477343844163546e-11,  Error =6.676672448691079e-06
Completed 53 % :  mod = 1.9688010856815172e-11,  Error =6.825323495718294e-06
Completed 54 % :  mod = 5.2047904940250485e-11,  Error =6.973280129329851e-06
Completed 55 % :  mod = 1.277389657393251e-10,  Error =7.114959991838532e-06
Completed 56 % :  mod = 3.0992261347941163e-10,  Error =7.223764875163852e-06
Completed 56 % :  mod = 2.501376792179228e-10,  Error =7.301937600345809e-06
Completed 57 % :  mod = 9.162073550958928e-11,  Error =7.426263174181713e-06
Completed 59 % :  mod = 3.762828116579485e-11,  Error =7.570915414589763e-06
Completed 60 % :  mod = 4.165707225460485e-11,  Error =7.718731247052801e-06
Completed 61 % :  mod = 7.669697090780828e-11,  Error =7.865074117319182e-06
Completed 62 % :  mod = 1.709926902986905e-10,  Error =7.999000487757257e-06
Completed 63 % :  mod = 3.596129282951162e-10,  Error =8.087112419730147e-06
Completed 64 % :  mod = 1.5970630598084248e-10,  Error =8.17984599166266e-06
Completed 65 % :  mod = 6.920123131774755e-11,  Error =8.315923459178975e-06
Completed 66 % :  mod = 3.493973573889081e-11,  Error =8.462921798013667e-06
Completed 67 % :  mod = 2.4655855213016728e-11,  Error =8.611326585139523e-06
Completed 68 % :  mod = 5.630782992678649e-11,  Error =8.758541099496142e-06
Completed 69 % :  mod = 1.7218093800180334e-10,  Error =8.895908820250042e-06
Completed 70 % :  mod = 3.26729369336436e-10,  Error =8.993176251692603e-06
Completed 71 % :  mod = 1.921397050051054e-10,  Error =9.07822872164843e-06
Completed 72 % :  mod = 9.865283362810439e-11,  Error =9.209473319060635e-06
Completed 73 % :  mod = 5.568698580276953e-11,  Error =9.35345974539814e-06
Completed 74 % :  mod = 9.735768943062968e-11,  Error =9.49563054319924e-06
Completed 75 % :  mod = 2.8969565970701557e-10,  Error =9.613933215746329e-06
Completed 76 % :  mod = 2.9358140550512517e-10,  Error =9.694360450396289e-06
Completed 77 % :  mod = 1.1159182098034878e-10,  Error =9.80689503649046e-06
Completed 78 % :  mod = 6.376231962281297e-11,  Error =9.948446638929909e-06
Completed 79 % :  mod = 6.88859643102547e-11,  Error =1.0093796085186568e-05
Completed 80 % :  mod = 1.3663080081135822e-10,  Error =1.0232075986493783e-05
Completed 81 % :  mod = 3.310467802054563e-10,  Error =1.0332331676465856e-05
Completed 82 % :  mod = 2.2805588855513522e-10,  Error =1.041666124024232e-05
Completed 83 % :  mod = 8.429734309627357e-11,  Error =1.0545469216083347e-05
Completed 84 % :  mod = 3.488948863269327e-11,  Error =1.0690979451055682e-05
Completed 85 % :  mod = 4.220055419092028e-11,  Error =1.0838517837896688e-05
Completed 86 % :  mod = 1.0362228435827043e-10,  Error =1.0982897663325275e-05
Completed 87 % :  mod = 2.3215689546197052e-10,  Error =1.110596416253884e-05
Completed 88 % :  mod = 3.370013537342628e-10,  Error =1.1184483525994438e-05
Completed 89 % :  mod = 1.2937802030553642e-10,  Error =1.1291866087503877e-05
Completed 90 % :  mod = 6.451794443752705e-11,  Error =1.1430164640557905e-05
Completed 91 % :  mod = 1.098180163994258e-10,  Error =1.1572261918502136e-05
Completed 92 % :  mod = 2.2343607009520288e-10,  Error =1.1699651899732544e-05
Completed 93 % :  mod = 3.049785775902194e-10,  Error =1.1781812816025194e-05
Completed 94 % :  mod = 1.6113131084880486e-10,  Error =1.1883883573204912e-05
Completed 95 % :  mod = 5.682715857390905e-11,  Error =1.2022560923696801e-05
Completed 96 % :  mod = 3.59629202686047e-11,  Error =1.2169182696197822e-05
Completed 97 % :  mod = 7.781792388087158e-11,  Error =1.2315283960617762e-05
Completed 98 % :  mod = 1.9124479507489263e-10,  Error =1.2449612150078337e-05
Completed 99 % :  mod = 3.2753530772998684e-10,  Error =1.2542114973257412e-05
Completed 100 % :  mod = 1.7207731422571296e-10,  Error =1.2632084299468715e-05
Finished 147/201 frames
Finished all frames!
