/opt/local/miniconda_23_9/lib/python3.11/site-packages/conda/base/context.py:201: FutureWarning: Adding 'defaults' to channel list implicitly is deprecated and will be removed in 25.3. 

To remove this warning, please choose a default channel explicitly with conda's regular configuration system, e.g. by adding 'defaults' to the list of channels:

  conda config --add channels defaults

For more information see https://docs.conda.io/projects/conda/en/stable/user-guide/configuration/use-condarc.html

  deprecated.topic(
JOB 13982 ARRAY_ID 111  -> i=111 ; range=[1.9e-10, 5.0e-10] ; intervals=200 (frames=201)
Analytic t0 extension enabled (--extend-time-using-t0).
Density options: centers='2.0e-10,4.0e-10' width='2.0e-11,5.0e-11' strength='7.0'
Completed 0 % :  mod = 3.089855471811116e-16,  Error =-1.4210854715202004e-14
Completed 1 % :  mod = 4.643583709949633e-16,  Error =1.0923562143716481e-07
Completed 2 % :  mod = 1.0867347224156366e-15,  Error =2.184710439223636e-07
Completed 3 % :  mod = 2.8020362396634254e-15,  Error =3.277067506246567e-07
Completed 4 % :  mod = 7.335335487397253e-15,  Error =4.3694301865571106e-07
Completed 5 % :  mod = 1.924575515346074e-14,  Error =5.461775032244987e-07
Completed 6 % :  mod = 5.0511561226284076e-14,  Error =6.554132809810653e-07
Completed 7 % :  mod = 1.325766594728626e-13,  Error =7.646483908274604e-07
Completed 8 % :  mod = 3.479735712490605e-13,  Error =8.738825201248801e-07
Completed 9 % :  mod = 9.13325236322063e-13,  Error =9.831164078377697e-07
Completed 10 % :  mod = 2.397186407989289e-12,  Error =1.0923487465674953e-06
Completed 11 % :  mod = 6.291556470540481e-12,  Error =1.2015678834131904e-06
Completed 12 % :  mod = 1.6507299598307803e-11,  Error =1.3106898961723346e-06
Completed 13 % :  mod = 4.321505236231115e-11,  Error =1.419147928061193e-06
Completed 14 % :  mod = 1.1136105907000837e-10,  Error =1.523311276230288e-06
Completed 15 % :  mod = 2.529921439841304e-10,  Error =1.6070566744019743e-06
Completed 16 % :  mod = 2.6106446021797733e-10,  Error =1.6642504832020677e-06
Completed 17 % :  mod = 1.1011323215814489e-10,  Error =1.7482729361972815e-06
Completed 18 % :  mod = 4.607816940051618e-11,  Error =1.8520916142961141e-06
Completed 19 % :  mod = 3.1720090743805416e-11,  Error =1.960072289364234e-06
Completed 20 % :  mod = 4.2872630773308726e-11,  Error =2.0682397874338676e-06
Completed 21 % :  mod = 8.846104041504563e-11,  Error =2.1735787072429957e-06
Completed 22 % :  mod = 2.3043283420621434e-10,  Error =2.2629891702763416e-06
Completed 23 % :  mod = 2.888199827174445e-10,  Error =2.3232186023847134e-06
Completed 24 % :  mod = 1.2245212630846995e-10,  Error =2.39949437030873e-06
Completed 25 % :  mod = 6.63152228346962e-11,  Error =2.5008443955698567e-06
Completed 26 % :  mod = 4.8751758102728135e-11,  Error =2.607648845298627e-06
Completed 27 % :  mod = 6.952126848759316e-11,  Error =2.713815852928292e-06
Completed 28 % :  mod = 1.7520012359948873e-10,  Error =2.8102961096010404e-06
Completed 28 % :  mod = 3.1155487998761716e-10,  Error =2.878731450550731e-06
Completed 30 % :  mod = 1.6288308110029635e-10,  Error =2.94219243102134e-06
Completed 31 % :  mod = 9.811293432085952e-11,  Error =3.0367062677782997e-06
Completed 32 % :  mod = 7.052783447507008e-11,  Error =3.140900851406059e-06
Completed 33 % :  mod = 9.46729990743831e-11,  Error =3.2439646560078472e-06
Completed 34 % :  mod = 2.348353711789081e-10,  Error =3.330685949265444e-06
Completed 35 % :  mod = 2.942526872040812e-10,  Error =3.3924325464340654e-06
Completed 36 % :  mod = 1.2195644385719554e-10,  Error =3.4680719380730807e-06
Completed 37 % :  mod = 8.832053809968291e-11,  Error =3.5666838655856736e-06
Completed 38 % :  mod = 1.2242083156994564e-10,  Error =3.6681006392313975e-06
Completed 39 % :  mod = 1.8599174707360843e-10,  Error =3.7583556320441858e-06
Completed 40 % :  mod = 2.838697038818765e-10,  Error =3.817915384729531e-06
Completed 41 % :  mod = 1.7603859243990226e-10,  Error =3.89118991961368e-06
Completed 42 % :  mod = 7.17919028115747e-11,  Error =3.988560472123481e-06
Completed 43 % :  mod = 6.513034768870731e-11,  Error =4.09316050564712e-06
Completed 44 % :  mod = 1.4455534126530757e-10,  Error =4.1941843704762505e-06
Completed 45 % :  mod = 2.371087871163514e-10,  Error =4.276015410198397e-06
Completed 46 % :  mod = 2.4485284936021004e-10,  Error =4.3323111285076266e-06
Completed 47 % :  mod = 1.4516120569430804e-10,  Error =4.415641676303039e-06
Completed 48 % :  mod = 7.117383464707842e-11,  Error =4.515848161190661e-06
Completed 49 % :  mod = 9.95005936645176e-11,  Error =4.617535438455889e-06
Completed 50 % :  mod = 2.5128104940221757e-10,  Error =4.705328919385465e-06
Completed 51 % :  mod = 2.566069114293259e-10,  Error =4.7671857075215485e-06
Completed 52 % :  mod = 1.363522629717975e-10,  Error =4.842285726169848e-06
Completed 53 % :  mod = 9.398137144717339e-11,  Error =4.941576413841631e-06
Completed 54 % :  mod = 8.305961144966529e-11,  Error =5.045159426231294e-06
Completed 55 % :  mod = 1.4602622291422851e-10,  Error =5.141383113027587e-06
Completed 56 % :  mod = 3.2616754220550476e-10,  Error =5.210173121383832e-06
Completed 56 % :  mod = 1.8140137129350153e-10,  Error =5.273479359857447e-06
Completed 57 % :  mod = 8.955135970340067e-11,  Error =5.3661147489947325e-06
Completed 59 % :  mod = 6.63066881538101e-11,  Error =5.4707621401917095e-06
Completed 60 % :  mod = 8.047343827212687e-11,  Error =5.575858260442601e-06
Completed 61 % :  mod = 1.6318279792103995e-10,  Error =5.671251798844423e-06
Completed 62 % :  mod = 3.2566560263998355e-10,  Error =5.737206187461652e-06
Completed 63 % :  mod = 1.6509611737356472e-10,  Error =5.802678458621813e-06
Completed 64 % :  mod = 8.439200721021956e-11,  Error =5.897796228282459e-06
Completed 65 % :  mod = 6.315456056914935e-11,  Error =6.002896206780406e-06
Completed 66 % :  mod = 8.422629761452143e-11,  Error =6.107803621091534e-06
Completed 67 % :  mod = 1.7789876206321192e-10,  Error =6.201535974525996e-06
Completed 68 % :  mod = 3.2442077545441585e-10,  Error =6.265902896984699e-06
Completed 69 % :  mod = 1.5350768987379816e-10,  Error =6.333228292021431e-06
Completed 70 % :  mod = 8.47502136356827e-11,  Error =6.429025091847507e-06
Completed 71 % :  mod = 8.192124123440329e-11,  Error =6.53307125730862e-06
Completed 72 % :  mod = 1.2140655655679047e-10,  Error =6.634253956860903e-06
Completed 73 % :  mod = 2.4071638538682925e-10,  Error =6.714740273139341e-06
Completed 74 % :  mod = 2.7872077316557695e-10,  Error =6.775021248017765e-06
Completed 75 % :  mod = 1.1344640389485244e-10,  Error =6.857698437556792e-06
Completed 76 % :  mod = 7.518472618767647e-11,  Error =6.957601286217141e-06
Completed 77 % :  mod = 1.4824764507935375e-10,  Error =7.057174649105491e-06
Completed 78 % :  mod = 2.3999313480897166e-10,  Error =7.140743008449135e-06
Completed 79 % :  mod = 2.358274744603783e-10,  Error =7.197168336858795e-06
Completed 80 % :  mod = 1.5638092381409433e-10,  Error =7.278074129146717e-06
Completed 81 % :  mod = 6.979684149992339e-11,  Error =7.3781193563604575e-06
Completed 82 % :  mod = 7.859770585251853e-11,  Error =7.481432355405104e-06
Completed 83 % :  mod = 2.0923531123347714e-10,  Error =7.574890972250614e-06
Completed 84 % :  mod = 2.856387444883636e-10,  Error =7.6430108251202e-06
Completed 85 % :  mod = 1.5970840124189823e-10,  Error =7.707841866988474e-06
Completed 86 % :  mod = 1.2135954658796677e-10,  Error =7.801046727706762e-06
Completed 87 % :  mod = 1.1175479495447778e-10,  Error =7.900953328032756e-06
Completed 88 % :  mod = 1.6552033596893518e-10,  Error =7.991883819613577e-06
Completed 89 % :  mod = 3.1254821600437245e-10,  Error =8.054444933236482e-06
Completed 90 % :  mod = 1.8051817599617521e-10,  Error =8.123782393454348e-06
Completed 91 % :  mod = 8.662001315965334e-11,  Error =8.217570645285832e-06
Completed 92 % :  mod = 9.624822408999214e-11,  Error =8.31941563461669e-06
Completed 93 % :  mod = 1.8469266921115033e-10,  Error =8.414778008614121e-06
Completed 94 % :  mod = 2.5394379327675066e-10,  Error =8.48477074555376e-06
Completed 95 % :  mod = 1.9989316500434048e-10,  Error =8.549006601299425e-06
Completed 96 % :  mod = 1.244880901052263e-10,  Error =8.640591268260778e-06
Completed 97 % :  mod = 9.129821313632237e-11,  Error =8.740634157788918e-06
Completed 98 % :  mod = 1.729622891019738e-10,  Error =8.832790030055548e-06
Completed 99 % :  mod = 3.2696868790813686e-10,  Error =8.900823097235389e-06
Completed 100 % :  mod = 1.5959294369813854e-10,  Error =8.964692490565085e-06
Finished 112/201 frames
Finished all frames!
