/opt/local/miniconda_23_9/lib/python3.11/site-packages/conda/base/context.py:201: FutureWarning: Adding 'defaults' to channel list implicitly is deprecated and will be removed in 25.3. 

To remove this warning, please choose a default channel explicitly with conda's regular configuration system, e.g. by adding 'defaults' to the list of channels:

  conda config --add channels defaults

For more information see https://docs.conda.io/projects/conda/en/stable/user-guide/configuration/use-condarc.html

  deprecated.topic(
JOB 13462 ARRAY_ID 108  -> i=108 ; range=[1.9e-10, 6.0e-10] ; intervals=200 (frames=201)
Density options: centers='2.0e-10,4.0e-10' width='5e-11,5e-11' strength=''
Completed 0 % :  mod = 3.021042398336915e-16,  Error =-1.4210854715202004e-14
Completed 1 % :  mod = 4.464896042356545e-16,  Error =9.982426973920155e-08
Completed 2 % :  mod = 1.0176585433647003e-15,  Error =1.9964891606605306e-07
Completed 3 % :  mod = 2.5615711956893722e-15,  Error =2.994735694983319e-07
Completed 4 % :  mod = 6.553998903568558e-15,  Error =3.9929819450890136e-07
Completed 5 % :  mod = 1.681116176795573e-14,  Error =4.991230895257104e-07
Completed 6 % :  mod = 4.313751805094124e-14,  Error =5.989478495393996e-07
Completed 7 % :  mod = 1.1069749665009189e-13,  Error =6.98772275598003e-07
Completed 8 % :  mod = 2.840692543848323e-13,  Error =7.985968153434442e-07
Completed 9 % :  mod = 7.289721650484929e-13,  Error =8.98421070871791e-07
Completed 10 % :  mod = 1.8706639359726383e-12,  Error =9.982445021705644e-07
Completed 11 % :  mod = 4.800291453897388e-12,  Error =1.0980598688092869e-06
Completed 12 % :  mod = 1.231554782930658e-11,  Error =1.197823131349196e-06
Completed 13 % :  mod = 3.155541024664196e-11,  Error =1.2972460083915394e-06
Completed 14 % :  mod = 8.014910741399853e-11,  Error =1.3944936583243361e-06
Completed 15 % :  mod = 1.9119522979148966e-10,  Error =1.4800823677774133e-06
Completed 16 % :  mod = 2.932949262628691e-10,  Error =1.5373093802395488e-06
Completed 17 % :  mod = 1.4484643150054378e-10,  Error =1.6017667618939413e-06
Completed 18 % :  mod = 6.748268577198091e-11,  Error =1.6923245098610096e-06
Completed 19 % :  mod = 3.1733316634799164e-11,  Error =1.7902647968526253e-06
Completed 20 % :  mod = 2.6290619952097857e-11,  Error =1.8894055742180171e-06
Completed 21 % :  mod = 5.041318728652021e-11,  Error =1.9880199957356126e-06
Completed 22 % :  mod = 1.2024463922252537e-10,  Error =2.0822853628033045e-06
Completed 23 % :  mod = 2.3855027413549e-10,  Error =2.157496808763426e-06
Completed 24 % :  mod = 2.54890261338229e-10,  Error =2.2101398187146515e-06
Completed 25 % :  mod = 1.1450255895266247e-10,  Error =2.2866921938202722e-06
Completed 26 % :  mod = 5.384989952879506e-11,  Error =2.38043047318115e-06
Completed 27 % :  mod = 5.753612983986974e-11,  Error =2.4777639140438623e-06
Completed 28 % :  mod = 1.0422367559542736e-10,  Error =2.572923335719679e-06
Completed 28 % :  mod = 1.9263921760955195e-10,  Error =2.6546169280550203e-06
Completed 30 % :  mod = 2.9575752249102643e-10,  Error =2.708830244557703e-06
Completed 31 % :  mod = 1.4097368197874624e-10,  Error =2.7769003594357855e-06
Completed 32 % :  mod = 6.782638184747767e-11,  Error =2.8671088330156635e-06
Completed 33 % :  mod = 6.858149531037836e-11,  Error =2.9633384031058085e-06
Completed 34 % :  mod = 1.0979254843973985e-10,  Error =3.0575654434983335e-06
Completed 35 % :  mod = 1.9830919173860142e-10,  Error =3.137327823310443e-06
Completed 36 % :  mod = 2.941810888506254e-10,  Error =3.1913918547843423e-06
Completed 37 % :  mod = 1.3699939882372803e-10,  Error =3.260672528426767e-06
Completed 38 % :  mod = 7.382986027544074e-11,  Error =3.350358369402784e-06
Completed 39 % :  mod = 9.617909813350106e-11,  Error =3.444637812322071e-06
Completed 40 % :  mod = 1.6469505675156969e-10,  Error =3.532859132349131e-06
Completed 41 % :  mod = 2.481672011849497e-10,  Error =3.5975794716591736e-06
Completed 42 % :  mod = 2.1387713245418162e-10,  Error =3.6559190235152528e-06
Completed 43 % :  mod = 1.0426590603918602e-10,  Error =3.738967194522047e-06
Completed 44 % :  mod = 7.390791252077977e-11,  Error =3.831887049443594e-06
Completed 45 % :  mod = 1.4061655887398453e-10,  Error =3.922130481726072e-06
Completed 46 % :  mod = 2.6791055370260345e-10,  Error =3.995056530925467e-06
Completed 47 % :  mod = 2.1318268521039644e-10,  Error =4.047828241482421e-06
Completed 48 % :  mod = 1.2738646055998335e-10,  Error =4.124377760206244e-06
Completed 49 % :  mod = 7.187866133551742e-11,  Error =4.217210864965182e-06
Completed 50 % :  mod = 7.331472519402709e-11,  Error =4.31267833533866e-06
Completed 51 % :  mod = 1.592300207275566e-10,  Error =4.401339687376549e-06
Completed 52 % :  mod = 2.927404564927763e-10,  Error =4.4678885799953605e-06
Completed 53 % :  mod = 1.8020323338503852e-10,  Error =4.522676412932469e-06
Completed 54 % :  mod = 1.1086637234563514e-10,  Error =4.604909435101945e-06
Completed 55 % :  mod = 7.738148752661583e-11,  Error =4.698719514806271e-06
Completed 56 % :  mod = 9.116513212451148e-11,  Error =4.7926139075116225e-06
Completed 56 % :  mod = 2.1370082358520967e-10,  Error =4.873525192294892e-06
Completed 57 % :  mod = 2.9343382580078276e-10,  Error =4.931821052878149e-06
Completed 59 % :  mod = 1.2977957681421254e-10,  Error =4.996976059601366e-06
Completed 60 % :  mod = 9.966773748697773e-11,  Error =5.084753297524003e-06
Completed 61 % :  mod = 1.2261295567182357e-10,  Error =5.1766094202321256e-06
Completed 62 % :  mod = 1.6617726286541375e-10,  Error =5.25979354648598e-06
Completed 63 % :  mod = 2.831162735101991e-10,  Error =5.316495155227585e-06
Completed 64 % :  mod = 1.8409156880489017e-10,  Error =5.381019640537943e-06
Completed 65 % :  mod = 7.73615371337174e-11,  Error =5.467607792297713e-06
Completed 66 % :  mod = 7.496416963796671e-11,  Error =5.562188853502903e-06
Completed 67 % :  mod = 1.4530925622661236e-10,  Error =5.653641515834806e-06
Completed 68 % :  mod = 2.2401877969634713e-10,  Error =5.7280016534377864e-06
Completed 69 % :  mod = 2.427686476011425e-10,  Error =5.78018804731073e-06
Completed 70 % :  mod = 1.4503550756703207e-10,  Error =5.855380464936388e-06
Completed 71 % :  mod = 7.70888618517904e-11,  Error =5.945852151967301e-06
Completed 72 % :  mod = 1.0602889453489613e-10,  Error =6.037787358081914e-06
Completed 73 % :  mod = 2.452639714069957e-10,  Error =6.1169814244976806e-06
Completed 74 % :  mod = 2.4424135831531954e-10,  Error =6.173589653712952e-06
Completed 75 % :  mod = 1.366217056319317e-10,  Error =6.242169845904755e-06
Completed 76 % :  mod = 9.715059226447772e-11,  Error =6.332241873963085e-06
Completed 77 % :  mod = 8.55080056953745e-11,  Error =6.426327779252006e-06
Completed 78 % :  mod = 1.447544316800359e-10,  Error =6.513589674739251e-06
Completed 79 % :  mod = 3.1557006620415945e-10,  Error =6.577118519146552e-06
Completed 80 % :  mod = 1.7647628869310965e-10,  Error =6.634587997211838e-06
Completed 81 % :  mod = 9.412430603865226e-11,  Error =6.717863698213478e-06
Completed 82 % :  mod = 7.856042364828774e-11,  Error =6.812512182818864e-06
Completed 83 % :  mod = 8.975292818376723e-11,  Error =6.90726535168551e-06
Completed 84 % :  mod = 1.7691453166904666e-10,  Error =6.990937542639131e-06
Completed 85 % :  mod = 3.151877460340551e-10,  Error =7.049039560058645e-06
Completed 86 % :  mod = 1.462022143073687e-10,  Error =7.111809296134197e-06
Completed 87 % :  mod = 8.916431608060055e-11,  Error =7.198761238669249e-06
Completed 88 % :  mod = 9.557489786013455e-11,  Error =7.292734899522202e-06
Completed 89 % :  mod = 1.3434204014305506e-10,  Error =7.382831711311155e-06
Completed 90 % :  mod = 2.4674259049179855e-10,  Error =7.451473365449601e-06
Completed 91 % :  mod = 2.4572106309803895e-10,  Error =7.508222815033605e-06
Completed 92 % :  mod = 1.0616928793267268e-10,  Error =7.587255915098012e-06
Completed 93 % :  mod = 7.577561619693648e-11,  Error =7.679310748187618e-06
Completed 94 % :  mod = 1.4238478178710135e-10,  Error =7.770084067715288e-06
Completed 95 % :  mod = 2.382940700868566e-10,  Error =7.845953355456459e-06
Completed 96 % :  mod = 2.2691082970012342e-10,  Error =7.898098409953036e-06
Completed 97 % :  mod = 1.5026004984821274e-10,  Error =7.97190895696076e-06
Completed 98 % :  mod = 7.328498806745905e-11,  Error =8.063190854556979e-06
Completed 99 % :  mod = 7.321987476668755e-11,  Error =8.157944208164736e-06
Completed 100 % :  mod = 1.8072300183865303e-10,  Error =8.245418754881939e-06
Finished 109/201 frames
Finished all frames!
