/opt/local/miniconda_23_9/lib/python3.11/site-packages/conda/base/context.py:201: FutureWarning: Adding 'defaults' to channel list implicitly is deprecated and will be removed in 25.3. 

To remove this warning, please choose a default channel explicitly with conda's regular configuration system, e.g. by adding 'defaults' to the list of channels:

  conda config --add channels defaults

For more information see https://docs.conda.io/projects/conda/en/stable/user-guide/configuration/use-condarc.html

  deprecated.topic(
JOB 14014 ARRAY_ID 143  -> i=143 ; range=[1.9e-10, 5.0e-10] ; intervals=200 (frames=201)
Analytic t0 extension enabled (--extend-time-using-t0).
Density options: centers='2.0e-10,4.0e-10' width='2.0e-11,5.0e-11' strength='7.0'
Completed 0 % :  mod = 3.3181736918140497e-16,  Error =-1.4210854715202004e-14
Completed 1 % :  mod = 5.265053543176866e-16,  Error =1.4528006886393996e-07
Completed 2 % :  mod = 1.3390287894306225e-15,  Error =2.9056031536356386e-07
Completed 3 % :  mod = 3.722855254518164e-15,  Error =4.3584063291746133e-07
Completed 4 % :  mod = 1.047532100959419e-14,  Error =5.811205028294353e-07
Completed 5 % :  mod = 2.952020644720056e-14,  Error =7.264003798468366e-07
Completed 6 % :  mod = 8.320601257212802e-14,  Error =8.716801502828275e-07
Completed 7 % :  mod = 2.3453112918427985e-13,  Error =1.0169605602072807e-06
Completed 8 % :  mod = 6.610700015003874e-13,  Error =1.1622405082789555e-06
Completed 9 % :  mod = 1.8633454746574765e-12,  Error =1.3075193265876806e-06
Completed 10 % :  mod = 5.252062501032108e-12,  Error =1.4527867406854966e-06
Completed 11 % :  mod = 1.4801005300833616e-11,  Error =1.5979671204036094e-06
Completed 12 % :  mod = 4.1653394904093973e-11,  Error =1.742454877273758e-06
Completed 13 % :  mod = 1.1586054579697425e-10,  Error =1.8817425129213916e-06
Completed 14 % :  mod = 2.856919265700232e-10,  Error =1.9927447709733315e-06
Completed 15 % :  mod = 2.7217509859081084e-10,  Error =2.067461522869962e-06
Completed 16 % :  mod = 1.0709581188600118e-10,  Error =2.1838831685272453e-06
Completed 17 % :  mod = 4.5872636832663336e-11,  Error =2.3233034056602264e-06
Completed 18 % :  mod = 5.127659996995267e-11,  Error =2.4663224635901315e-06
Completed 19 % :  mod = 1.1209720619442752e-10,  Error =2.60591448153491e-06
Completed 20 % :  mod = 2.353176312590794e-10,  Error =2.7233178556684834e-06
Completed 21 % :  mod = 3.1685918561170696e-10,  Error =2.797861320402717e-06
Completed 22 % :  mod = 1.3241523695857046e-10,  Error =2.90528498680942e-06
Completed 23 % :  mod = 6.656150137900902e-11,  Error =3.0402212374269766e-06
Completed 24 % :  mod = 1.0629973800376639e-10,  Error =3.178333976450176e-06
Completed 25 % :  mod = 2.360654641081179e-10,  Error =3.3009484994295235e-06
Completed 26 % :  mod = 2.994419357103248e-10,  Error =3.381302775551376e-06
Completed 27 % :  mod = 1.4420810607262836e-10,  Error =3.4817517260421482e-06
Completed 28 % :  mod = 6.784351914084318e-11,  Error =3.616954430185615e-06
Completed 28 % :  mod = 5.348880100978561e-11,  Error =3.7589759145362223e-06
Completed 30 % :  mod = 9.869984129285744e-11,  Error =3.898408365898831e-06
Completed 31 % :  mod = 2.7079945819134323e-10,  Error =4.015687849800997e-06
Completed 32 % :  mod = 2.9932668311602983e-10,  Error =4.093173743058287e-06
Completed 33 % :  mod = 1.0946986897079859e-10,  Error =4.20153401847756e-06
Completed 34 % :  mod = 5.660249537046756e-11,  Error =4.339719794188568e-06
Completed 35 % :  mod = 4.705588012680833e-11,  Error =4.482909055525397e-06
Completed 36 % :  mod = 7.162871966783402e-11,  Error =4.624778199513457e-06
Completed 37 % :  mod = 2.0308775243159075e-10,  Error =4.7520194783601255e-06
Completed 38 % :  mod = 3.5252890640474397e-10,  Error =4.837744896235563e-06
Completed 39 % :  mod = 1.4164534001455522e-10,  Error =4.928839565820908e-06
Completed 40 % :  mod = 9.588072999657075e-11,  Error =5.0594365603728875e-06
Completed 41 % :  mod = 1.0654917608147657e-10,  Error =5.197092114883617e-06
Completed 42 % :  mod = 1.67842610768291e-10,  Error =5.32414617282484e-06
Completed 43 % :  mod = 3.410577009439162e-10,  Error =5.407305479820934e-06
Completed 44 % :  mod = 1.795356989449772e-10,  Error =5.500307338479615e-06
Completed 45 % :  mod = 6.669393725900477e-11,  Error =5.631718245524553e-06
Completed 46 % :  mod = 4.42069533729324e-11,  Error =5.774120808155203e-06
Completed 47 % :  mod = 6.400841618914672e-11,  Error =5.91682503170432e-06
Completed 48 % :  mod = 1.4189918116352813e-10,  Error =6.051608750112791e-06
Completed 49 % :  mod = 3.274737082289729e-10,  Error =6.148379966930406e-06
Completed 50 % :  mod = 2.1611698742889426e-10,  Error =6.230661092843093e-06
Completed 51 % :  mod = 8.570880769971968e-11,  Error =6.357034529003158e-06
Completed 52 % :  mod = 3.580580534834605e-11,  Error =6.498800793508508e-06
Completed 53 % :  mod = 3.98771040500542e-11,  Error =6.642510818721803e-06
Completed 54 % :  mod = 1.0177455491181446e-10,  Error =6.783264929310917e-06
Completed 55 % :  mod = 2.229773140056858e-10,  Error =6.904506392402254e-06
Completed 56 % :  mod = 3.3325483526441717e-10,  Error =6.980701847680848e-06
Completed 56 % :  mod = 1.3592341236624483e-10,  Error =7.083933311946566e-06
Completed 57 % :  mod = 5.943447785247594e-11,  Error =7.218967873257043e-06
Completed 59 % :  mod = 7.718903474063851e-11,  Error =7.359701506004512e-06
Completed 60 % :  mod = 1.6242849302093424e-10,  Error =7.4933569464974426e-06
Completed 61 % :  mod = 2.8957233292871826e-10,  Error =7.592061677996753e-06
Completed 62 % :  mod = 2.3194529849805462e-10,  Error =7.673427639076635e-06
Completed 63 % :  mod = 1.099425004880466e-10,  Error =7.796318797659296e-06
Completed 64 % :  mod = 7.885272739890467e-11,  Error =7.932656373554892e-06
Completed 65 % :  mod = 1.7361991662990315e-10,  Error =8.061269760162304e-06
Completed 66 % :  mod = 3.5819585911654404e-10,  Error =8.154492974199457e-06
Completed 67 % :  mod = 1.8123423263648293e-10,  Error =8.235734078709811e-06
Completed 68 % :  mod = 1.0660651280261269e-10,  Error =8.359186963957654e-06
Completed 69 % :  mod = 1.0832216505877214e-10,  Error =8.49498211152877e-06
Completed 70 % :  mod = 1.7498434902642692e-10,  Error =8.621914830087007e-06
Completed 71 % :  mod = 3.1735003378123953e-10,  Error =8.707001789787228e-06
Completed 72 % :  mod = 2.0173370903848057e-10,  Error =8.799108371704278e-06
Completed 73 % :  mod = 7.447518471758885e-11,  Error =8.929079228892078e-06
Completed 74 % :  mod = 4.774238617049051e-11,  Error =9.070220613693891e-06
Completed 75 % :  mod = 1.084269071970897e-10,  Error =9.209613970995179e-06
Completed 76 % :  mod = 2.4059008315724525e-10,  Error =9.330092517245703e-06
Completed 77 % :  mod = 3.0052187767582163e-10,  Error =9.405296140130304e-06
Completed 78 % :  mod = 1.4667757543324888e-10,  Error =9.51047619679457e-06
Completed 79 % :  mod = 4.709886813610597e-11,  Error =9.64739128050951e-06
Completed 80 % :  mod = 2.932715931248822e-11,  Error =9.790878877424802e-06
Completed 81 % :  mod = 5.78160661560255e-11,  Error =9.934500809549718e-06
Completed 82 % :  mod = 1.2665844359240894e-10,  Error =1.0072561771323763e-05
Completed 83 % :  mod = 2.875741198683474e-10,  Error =1.0180155832983928e-05
Completed 84 % :  mod = 2.7279304119085733e-10,  Error =1.0256695624377699e-05
Completed 85 % :  mod = 9.350629578411693e-11,  Error =1.037493724709293e-05
Completed 86 % :  mod = 4.8104647112751614e-11,  Error =1.051411020824844e-05
Completed 87 % :  mod = 8.459609628572671e-11,  Error =1.0655614040899763e-05
Completed 88 % :  mod = 1.7048532329869023e-10,  Error =1.0788077773327132e-05
Completed 89 % :  mod = 3.0827221418529085e-10,  Error =1.088270471427677e-05
Completed 90 % :  mod = 2.0358437459147285e-10,  Error =1.096640836806273e-05
Completed 91 % :  mod = 9.224068503702547e-11,  Error =1.1092784980348824e-05
Completed 92 % :  mod = 7.93259628426293e-11,  Error =1.1230969711562011e-05
Completed 93 % :  mod = 1.4855484967867835e-10,  Error =1.1363768166461341e-05
Completed 94 % :  mod = 3.3920554285031756e-10,  Error =1.1462842998355427e-05
Completed 95 % :  mod = 2.1824409549969278e-10,  Error =1.1541199434361715e-05
Completed 96 % :  mod = 8.586758235433574e-11,  Error =1.1663700604458427e-05
Completed 97 % :  mod = 5.300690934660589e-11,  Error =1.1803912627783575e-05
Completed 98 % :  mod = 7.941495895892982e-11,  Error =1.1945520569156542e-05
Completed 99 % :  mod = 1.6035911987909428e-10,  Error =1.20774780967281e-05
Completed 100 % :  mod = 3.536429374602874e-10,  Error =1.2170854709836476e-05
Finished 144/201 frames
Finished all frames!
