/opt/local/miniconda_23_9/lib/python3.11/site-packages/conda/base/context.py:201: FutureWarning: Adding 'defaults' to channel list implicitly is deprecated and will be removed in 25.3. 

To remove this warning, please choose a default channel explicitly with conda's regular configuration system, e.g. by adding 'defaults' to the list of channels:

  conda config --add channels defaults

For more information see https://docs.conda.io/projects/conda/en/stable/user-guide/configuration/use-condarc.html

  deprecated.topic(
JOB 13902 ARRAY_ID 31  -> i=31 ; range=[1.9e-10, 5.0e-10] ; intervals=200 (frames=201)
Analytic t0 extension enabled (--extend-time-using-t0).
Density options: centers='2.0e-10,4.0e-10' width='2.0e-11,5.0e-11' strength='7.0'
Extending simulation time for p0=2.202e-10 from 10000000000.0 to 1.284e+10
Completed 0 % :  mod = 1.7618871825642535e-16,  Error =-1.4210854715202004e-14
Completed 1 % :  mod = 1.9108919970676133e-16,  Error =1.482808187347473e-08
Completed 2 % :  mod = 2.3830584723497437e-16,  Error =2.9654586342076072e-08
Completed 3 % :  mod = 3.258237266167108e-16,  Error =4.448083501529254e-08
Completed 4 % :  mod = 4.68457280110892e-16,  Error =5.9308732147655974e-08
Completed 5 % :  mod = 6.903055496333295e-16,  Error =7.413468239292342e-08
Completed 6 % :  mod = 1.0288952542154375e-15,  Error =8.896171976857659e-08
Completed 7 % :  mod = 1.5415359002602517e-15,  Error =1.0378952453038437e-07
Completed 8 % :  mod = 2.3148420625010496e-15,  Error =1.1861684612313184e-07
Completed 9 % :  mod = 3.479624120385191e-15,  Error =1.3344464377951226e-07
Completed 10 % :  mod = 5.233031236578815e-15,  Error =1.4827290328867093e-07
Completed 11 % :  mod = 7.871314991877149e-15,  Error =1.6310029593569197e-07
Completed 12 % :  mod = 1.1840760846218078e-14,  Error =1.779274754198923e-07
Completed 13 % :  mod = 1.781323051188302e-14,  Error =1.9275584151046132e-07
Completed 14 % :  mod = 2.679781834144265e-14,  Error =2.075827438829947e-07
Completed 15 % :  mod = 4.031433405817734e-14,  Error =2.224100086323233e-07
Completed 16 % :  mod = 6.065055767136354e-14,  Error =2.372383960391744e-07
Completed 17 % :  mod = 9.124244066710989e-14,  Error =2.5206465181781823e-07
Completed 18 % :  mod = 1.372647972696417e-13,  Error =2.668916749826167e-07
Completed 19 % :  mod = 2.0650718290211706e-13,  Error =2.8171931631959524e-07
Completed 20 % :  mod = 3.106682501068159e-13,  Error =2.9654601263473523e-07
Completed 21 % :  mod = 4.67366332107527e-13,  Error =3.1137336264919213e-07
Completed 22 % :  mod = 7.031194756650985e-13,  Error =3.262017713723253e-07
Completed 23 % :  mod = 1.0577449761161723e-12,  Error =3.4102922796819257e-07
Completed 24 % :  mod = 1.591179309657938e-12,  Error =3.5585512137004116e-07
Completed 25 % :  mod = 2.393536717924636e-12,  Error =3.7068180347432644e-07
Completed 26 % :  mod = 3.599789716293969e-12,  Error =3.855055226154036e-07
Completed 27 % :  mod = 5.411972264816094e-12,  Error =4.003239553185267e-07
Completed 28 % :  mod = 8.129975785683747e-12,  Error =4.151342807290348e-07
Completed 29 % :  mod = 1.218990292567476e-11,  Error =4.2992179061229763e-07
Completed 30 % :  mod = 1.8200906107760998e-11,  Error =4.4465929249781766e-07
Completed 31 % :  mod = 2.6924446083038326e-11,  Error =4.592902556055378e-07
Completed 32 % :  mod = 3.902364334232973e-11,  Error =4.736979093422633e-07
Completed 33 % :  mod = 5.419175540890149e-11,  Error =4.876854120539065e-07
Completed 34 % :  mod = 6.931932319417375e-11,  Error =5.010404677818769e-07
Completed 35 % :  mod = 7.756762552493754e-11,  Error =5.137792342679859e-07
Completed 36 % :  mod = 7.34588536498259e-11,  Error =5.263980753511532e-07
Completed 37 % :  mod = 5.988056865907256e-11,  Error =5.395074538228073e-07
Completed 38 % :  mod = 4.416049005259906e-11,  Error =5.53289673632662e-07
Completed 39 % :  mod = 3.083325448429038e-11,  Error =5.67574879539734e-07
Completed 40 % :  mod = 2.0959414800453097e-11,  Error =5.821447928155976e-07
Completed 41 % :  mod = 1.407277249140097e-11,  Error =5.968545053747221e-07
Completed 42 % :  mod = 9.396307489146698e-12,  Error =6.116283586266036e-07
Completed 43 % :  mod = 6.25807288082918e-12,  Error =6.264325662641568e-07
Completed 44 % :  mod = 4.16349958781062e-12,  Error =6.412490449747565e-07
Completed 45 % :  mod = 2.768627812670465e-12,  Error =6.560720038351064e-07
Completed 46 % :  mod = 1.840618712973955e-12,  Error =6.708988351533662e-07
Completed 47 % :  mod = 1.2235941391333982e-12,  Error =6.857238759039319e-07
Completed 48 % :  mod = 8.133865366303186e-13,  Error =7.005511193369784e-07
Completed 49 % :  mod = 5.406851012132318e-13,  Error =7.153802670245568e-07
Completed 50 % :  mod = 3.594380716294834e-13,  Error =7.302077378312788e-07
Completed 51 % :  mod = 2.389747888152322e-13,  Error =7.450341357184698e-07
Completed 52 % :  mod = 1.5892507957508103e-13,  Error =7.598613152026701e-07
Completed 53 % :  mod = 1.0574851068850311e-13,  Error =7.746894112869995e-07
Completed 54 % :  mod = 7.046063683349362e-14,  Error =7.89516334975815e-07
Completed 55 % :  mod = 4.7088723073924106e-14,  Error =8.043436849902719e-07
Completed 56 % :  mod = 3.167927191059644e-14,  Error =8.19172093713405e-07
Completed 57 % :  mod = 2.1628750318731375e-14,  Error =8.339986479199979e-07
Completed 58 % :  mod = 1.5235991484052766e-14,  Error =8.488255716088133e-07
Completed 59 % :  mod = 1.1419661745117086e-14,  Error =8.636528505689967e-07
Completed 60 % :  mod = 9.53496092220902e-15,  Error =8.784802858485818e-07
Completed 61 % :  mod = 9.262769664039106e-15,  Error =8.933075434924831e-07
Completed 62 % :  mod = 1.0557222142106656e-14,  Error =9.081356182605305e-07
Completed 63 % :  mod = 1.3637026733321663e-14,  Error =9.229617674577639e-07
Completed 64 % :  mod = 1.90230669739984e-14,  Error =9.377883003480747e-07
Completed 65 % :  mod = 2.762703667481571e-14,  Error =9.526163466944126e-07
Completed 66 % :  mod = 4.0902639765523565e-14,  Error =9.674433982809205e-07
Completed 67 % :  mod = 6.109550821668233e-14,  Error =9.82270918825634e-07
Completed 68 % :  mod = 9.162345767226976e-14,  Error =9.970991925456474e-07
Completed 69 % :  mod = 1.376443984941786e-13,  Error =1.0119261659724543e-06
Completed 70 % :  mod = 2.0694302279135067e-13,  Error =1.0267521091122944e-06
Completed 71 % :  mod = 3.11248327650034e-13,  Error =1.0415811786401719e-06
Completed 72 % :  mod = 4.681821490217024e-13,  Error =1.0564079317987307e-06
Completed 73 % :  mod = 7.042865286860396e-13,  Error =1.07123503312323e-06
Completed 74 % :  mod = 1.059509048670779e-12,  Error =1.086062958677303e-06
Completed 75 % :  mod = 1.5938161232511232e-12,  Error =1.1008886389163308e-06
Completed 76 % :  mod = 2.397415206100399e-12,  Error =1.1157141202033927e-06
Completed 77 % :  mod = 3.605727034387368e-12,  Error =1.1305388412097273e-06
Completed 78 % :  mod = 5.420881703151294e-12,  Error =1.1453577997144748e-06
Completed 79 % :  mod = 8.14305823852273e-12,  Error =1.160167073521734e-06
Completed 80 % :  mod = 1.2209768196134576e-11,  Error =1.1749556065865363e-06
Completed 81 % :  mod = 1.8230118809140606e-11,  Error =1.189692248715346e-06
Completed 82 % :  mod = 2.6965384777586103e-11,  Error =1.2043223378555012e-06
Completed 83 % :  mod = 3.9079544257778253e-11,  Error =1.2187293449983372e-06
Completed 84 % :  mod = 5.425635838779851e-11,  Error =1.2327155118896371e-06
Completed 85 % :  mod = 6.937079626745542e-11,  Error =1.2460672138558948e-06
Completed 86 % :  mod = 7.7577149038822e-11,  Error =1.2588058240226019e-06
Completed 87 % :  mod = 7.341835464707383e-11,  Error =1.2714250132717098e-06
Completed 88 % :  mod = 5.98181640527352e-11,  Error =1.2845352443946467e-06
Completed 89 % :  mod = 4.410027537775924e-11,  Error =1.2983205053274105e-06
Completed 90 % :  mod = 3.07865045905244e-11,  Error =1.3126068267865776e-06
Completed 91 % :  mod = 2.0926772354334315e-11,  Error =1.327175603194064e-06
Completed 92 % :  mod = 1.4049967148733594e-11,  Error =1.3418863105130185e-06
Completed 93 % :  mod = 9.380945237289729e-12,  Error =1.3566604835091312e-06
Completed 94 % :  mod = 6.248000429798329e-12,  Error =1.3714633979589053e-06
Completed 95 % :  mod = 4.156656779068787e-12,  Error =1.386281603288353e-06
Completed 96 % :  mod = 2.764077957438133e-12,  Error =1.4011042779316085e-06
Completed 97 % :  mod = 1.8376577996873536e-12,  Error =1.4159288426185412e-06
Completed 98 % :  mod = 1.2215964371254434e-12,  Error =1.4307565976423575e-06
Completed 99 % :  mod = 8.120730127110481e-13,  Error =1.4455827397341636e-06
Completed 100 % :  mod = 5.398508912851289e-13,  Error =1.4604092797299018e-06
Finished 32/201 frames
Finished all frames!
