/opt/local/miniconda_23_9/lib/python3.11/site-packages/conda/base/context.py:201: FutureWarning: Adding 'defaults' to channel list implicitly is deprecated and will be removed in 25.3. 

To remove this warning, please choose a default channel explicitly with conda's regular configuration system, e.g. by adding 'defaults' to the list of channels:

  conda config --add channels defaults

For more information see https://docs.conda.io/projects/conda/en/stable/user-guide/configuration/use-condarc.html

  deprecated.topic(
JOB 13418 ARRAY_ID 64  -> i=64 ; range=[1.9e-10, 6.0e-10] ; intervals=200 (frames=201)
Density options: centers='2.0e-10,4.0e-10' width='5e-11,5e-11' strength=''
Completed 0 % :  mod = 2.3152056599239585e-16,  Error =-1.4210854715202004e-14
Completed 1 % :  mod = 2.852223642720414e-16,  Error =3.4432638074122224e-08
Completed 2 % :  mod = 4.712403075166368e-16,  Error =6.886474324119263e-08
Completed 3 % :  mod = 8.758690842069486e-16,  Error =1.0329796396035817e-07
Completed 4 % :  mod = 1.6868181007582835e-15,  Error =1.3773085072443791e-07
Completed 5 % :  mod = 3.280290824534733e-15,  Error =1.7216328984659413e-07
Completed 6 % :  mod = 6.3955075797906625e-15,  Error =2.06596219243238e-07
Completed 7 % :  mod = 1.247763367921823e-14,  Error =2.4102920548330076e-07
Completed 8 % :  mod = 2.434819909618862e-14,  Error =2.7546149539148246e-07
Completed 9 % :  mod = 4.751402070946381e-14,  Error =3.098943466284254e-07
Completed 10 % :  mod = 9.272184106391846e-14,  Error =3.443266720637439e-07
Completed 11 % :  mod = 1.8094378120981853e-13,  Error =3.787590330261992e-07
Completed 12 % :  mod = 3.5310628949618006e-13,  Error =4.131912874072441e-07
Completed 13 % :  mod = 6.890751850675375e-13,  Error =4.476224830796127e-07
Completed 14 % :  mod = 1.3446987700279928e-12,  Error =4.820550003614699e-07
Completed 15 % :  mod = 2.6240542141388244e-12,  Error =5.164863381423856e-07
Completed 16 % :  mod = 5.12012075124274e-12,  Error =5.509112597223975e-07
Completed 17 % :  mod = 9.986970614736467e-12,  Error =5.853149858126017e-07
Completed 18 % :  mod = 1.9453677580859866e-11,  Error =6.196373050215698e-07
Completed 19 % :  mod = 3.770009624641435e-11,  Error =6.536546948154864e-07
Completed 20 % :  mod = 7.165553621804951e-11,  Error =6.865820125767641e-07
Completed 21 % :  mod = 1.2674484006205185e-10,  Error =7.161748882822394e-07
Completed 22 % :  mod = 1.7710434583910727e-10,  Error =7.395794199283046e-07
Completed 23 % :  mod = 1.5248373339738044e-10,  Error =7.610090762000254e-07
Completed 24 % :  mod = 9.266190250525499e-11,  Error =7.881789798602767e-07
Completed 25 % :  mod = 4.941107430891962e-11,  Error =8.2008959623181e-07
Completed 26 % :  mod = 2.5836079468580397e-11,  Error =8.538036198046939e-07
Completed 27 % :  mod = 1.3329183194076625e-11,  Error =8.880402049271652e-07
Completed 28 % :  mod = 6.946597351295935e-12,  Error =9.224217265568768e-07
Completed 28 % :  mod = 3.857080620178814e-12,  Error =9.56840516153079e-07
Completed 30 % :  mod = 2.4964749337348247e-12,  Error =9.91268798600231e-07
Completed 31 % :  mod = 2.3031428858874807e-12,  Error =1.0256986371359744e-06
Completed 32 % :  mod = 3.2037232988810442e-12,  Error =1.0601271185350924e-06
Completed 33 % :  mod = 5.560253923547815e-12,  Error =1.0945499013814697e-06
Completed 34 % :  mod = 1.0463042399058365e-11,  Error =1.128949101314447e-06
Completed 35 % :  mod = 2.034633224525586e-11,  Error =1.1632615581902428e-06
Completed 36 % :  mod = 3.9092011317756594e-11,  Error =1.1972468243470757e-06
Completed 37 % :  mod = 7.412541542224373e-11,  Error =1.2300613008164873e-06
Completed 38 % :  mod = 1.3074707264658687e-10,  Error =1.259360807637222e-06
Completed 39 % :  mod = 1.7761019429190745e-10,  Error =1.2824388875287696e-06
Completed 40 % :  mod = 1.4923903444204655e-10,  Error =1.3040483821669113e-06
Completed 41 % :  mod = 8.985088730110807e-11,  Error =1.3315815792225294e-06
Completed 42 % :  mod = 4.753500615986728e-11,  Error =1.363651556118839e-06
Completed 43 % :  mod = 2.509771540596422e-11,  Error =1.3974118573401029e-06
Completed 44 % :  mod = 1.3122123829583695e-11,  Error =1.4316607277464755e-06
Completed 45 % :  mod = 7.209738097592123e-12,  Error =1.4660410201372542e-06
Completed 46 % :  mod = 4.784707609165496e-12,  Error =1.5004557596398627e-06
Completed 47 % :  mod = 4.467347310735191e-12,  Error =1.534878386166838e-06
Completed 48 % :  mod = 6.1911366729124525e-12,  Error =1.5692966499614158e-06
Completed 49 % :  mod = 1.0954556560094247e-11,  Error =1.6036913663697305e-06
Completed 50 % :  mod = 2.056702723541264e-11,  Error =1.6379984444370166e-06
Completed 51 % :  mod = 3.924447199072876e-11,  Error =1.6719743314297375e-06
Completed 52 % :  mod = 7.523756139070126e-11,  Error =1.7047673637193839e-06
Completed 53 % :  mod = 1.3033994791171644e-10,  Error =1.7340268954058047e-06
Completed 54 % :  mod = 1.7804715114506885e-10,  Error =1.7570295725022333e-06
Completed 55 % :  mod = 1.4937871030614616e-10,  Error =1.7787018222747975e-06
Completed 56 % :  mod = 8.856351342069455e-11,  Error =1.8062766429238764e-06
Completed 56 % :  mod = 4.756072025021365e-11,  Error =1.8383784379238932e-06
Completed 57 % :  mod = 2.4836825768302838e-11,  Error =1.8721499799312369e-06
Completed 59 % :  mod = 1.2786163164662609e-11,  Error =1.9064023462078694e-06
Completed 60 % :  mod = 6.89740097371343e-12,  Error =1.940785871568096e-06
Completed 61 % :  mod = 4.0948157978007886e-12,  Error =1.9752031334974163e-06
Completed 62 % :  mod = 3.1671399665239786e-12,  Error =2.009629142207814e-06
Completed 63 % :  mod = 3.759761019928545e-12,  Error =2.044055676719836e-06
Completed 64 % :  mod = 6.091004607477008e-12,  Error =2.07847599398292e-06
Completed 65 % :  mod = 1.1128299492883916e-11,  Error =2.1128696729988405e-06
Completed 66 % :  mod = 2.1526742043318074e-11,  Error =2.147167158739194e-06
Completed 67 % :  mod = 4.1407436859215517e-11,  Error =2.1810998021010164e-06
Completed 68 % :  mod = 7.77041856412519e-11,  Error =2.2137417445833307e-06
Completed 69 % :  mod = 1.360971290338304e-10,  Error =2.242588713841087e-06
Completed 70 % :  mod = 1.7878628795432928e-10,  Error =2.265229269937663e-06
Completed 71 % :  mod = 1.4374236016560045e-10,  Error =2.2871485043651774e-06
Completed 72 % :  mod = 8.594560649400509e-11,  Error =2.3151842256652344e-06
Completed 73 % :  mod = 4.5115823771672936e-11,  Error =2.347474932662408e-06
Completed 74 % :  mod = 2.3836447915711132e-11,  Error =2.381299658793523e-06
Completed 75 % :  mod = 1.2747425178573497e-11,  Error =2.415565049318502e-06
Completed 76 % :  mod = 7.3073056107414e-12,  Error =2.449946293836547e-06
Completed 77 % :  mod = 5.492370637301364e-12,  Error =2.484358027743383e-06
Completed 78 % :  mod = 6.160680313776838e-12,  Error =2.5187732646259064e-06
Completed 79 % :  mod = 9.516003197918041e-12,  Error =2.553175470154656e-06
Completed 80 % :  mod = 1.7551199797406176e-11,  Error =2.587515169238941e-06
Completed 81 % :  mod = 3.3510790450755246e-11,  Error =2.6216205171181173e-06
Completed 82 % :  mod = 6.284498098880014e-11,  Error =2.654873775043143e-06
Completed 83 % :  mod = 1.153587598923666e-10,  Error =2.6853794921066765e-06
Completed 84 % :  mod = 1.7092968183015775e-10,  Error =2.7100530175516724e-06
Completed 85 % :  mod = 1.6265028434360425e-10,  Error =2.731059225880017e-06
Completed 86 % :  mod = 1.0459699945889247e-10,  Error =2.7569440348429453e-06
Completed 87 % :  mod = 5.5974852035220676e-11,  Error =2.7881787971750782e-06
Completed 88 % :  mod = 2.978359957561611e-11,  Error =2.821673234620903e-06
Completed 89 % :  mod = 1.579909097538839e-11,  Error =2.8558455085203605e-06
Completed 90 % :  mod = 8.84052843861597e-12,  Error =2.8902018485155168e-06
Completed 91 % :  mod = 6.2900225364242085e-12,  Error =2.9246071306943122e-06
Completed 92 % :  mod = 6.524603747094273e-12,  Error =2.9590189711825587e-06
Completed 93 % :  mod = 9.623250388107473e-12,  Error =2.9934190379776737e-06
Completed 94 % :  mod = 1.7513938370221806e-11,  Error =3.027757458085034e-06
Completed 95 % :  mod = 3.31953347402123e-11,  Error =3.0618675381788307e-06
Completed 96 % :  mod = 6.219852523847627e-11,  Error =3.095141458686612e-06
Completed 97 % :  mod = 1.1456964240362411e-10,  Error =3.125715430485343e-06
Completed 98 % :  mod = 1.7006524706154536e-10,  Error =3.150496475257114e-06
Completed 99 % :  mod = 1.635252131906109e-10,  Error =3.171487882980273e-06
Completed 100 % :  mod = 1.0562684208290226e-10,  Error =3.1972663023793757e-06
Finished 65/201 frames
Finished all frames!
