/opt/local/miniconda_23_9/lib/python3.11/site-packages/conda/base/context.py:201: FutureWarning: Adding 'defaults' to channel list implicitly is deprecated and will be removed in 25.3. 

To remove this warning, please choose a default channel explicitly with conda's regular configuration system, e.g. by adding 'defaults' to the list of channels:

  conda config --add channels defaults

For more information see https://docs.conda.io/projects/conda/en/stable/user-guide/configuration/use-condarc.html

  deprecated.topic(
JOB 13887 ARRAY_ID 16  -> i=16 ; range=[1.9e-10, 5.0e-10] ; intervals=200 (frames=201)
Analytic t0 extension enabled (--extend-time-using-t0).
Density options: centers='2.0e-10,4.0e-10' width='2.0e-11,5.0e-11' strength='7.0'
Extending simulation time for p0=2.044e-10 from 10000000000.0 to 2.602e+10
Completed 0 % :  mod = 1.6355610574231077e-16,  Error =-1.4210854715202004e-14
Completed 1 % :  mod = 1.7601698687586291e-16,  Error =2.231428908316957e-08
Completed 2 % :  mod = 2.1529626996300642e-16,  Error =4.462617653189227e-08
Completed 3 % :  mod = 2.8737864101185906e-16,  Error =6.693929321954784e-08
Completed 4 % :  mod = 4.032467654056719e-16,  Error =8.92526941242977e-08
Completed 5 % :  mod = 5.805546045403587e-16,  Error =1.1156743795481816e-07
Completed 6 % :  mod = 8.463172422573835e-16,  Error =1.3388147124260286e-07
Completed 7 % :  mod = 1.241026959715159e-15,  Error =1.561943747674377e-07
Completed 8 % :  mod = 1.824822757386581e-15,  Error =1.785075696147942e-07
Completed 9 % :  mod = 2.686653272983993e-15,  Error =2.0082269713839196e-07
Completed 10 % :  mod = 3.957888191415462e-15,  Error =2.2313728464951055e-07
Completed 11 % :  mod = 5.8321172314547205e-15,  Error =2.454500318549435e-07
Completed 12 % :  mod = 8.594942753548965e-15,  Error =2.677649035831564e-07
Completed 13 % :  mod = 1.2667315952546711e-14,  Error =2.900772599900847e-07
Completed 14 % :  mod = 1.8669713872369574e-14,  Error =3.1239078168709966e-07
Completed 15 % :  mod = 2.7516676375285478e-14,  Error =3.3470417548642217e-07
Completed 16 % :  mod = 4.0556146054936733e-14,  Error =3.570170150624108e-07
Completed 17 % :  mod = 5.977483859630898e-14,  Error =3.7933072150053704e-07
Completed 18 % :  mod = 8.810092574363994e-14,  Error =4.0164322712143985e-07
Completed 19 % :  mod = 1.29850120663506e-13,  Error =4.2395439692199943e-07
Completed 20 % :  mod = 1.9138589707695385e-13,  Error =4.462697589247e-07
Completed 21 % :  mod = 2.820779489146651e-13,  Error =4.685828898232103e-07
Completed 22 % :  mod = 4.157422262838591e-13,  Error =4.908986639406976e-07
Completed 23 % :  mod = 6.127311543154722e-13,  Error =5.132132301355341e-07
Completed 24 % :  mod = 9.030168167391642e-13,  Error =5.355264818263095e-07
Completed 25 % :  mod = 1.3306945385613576e-12,  Error =5.578381490067841e-07
Completed 26 % :  mod = 1.960499774969356e-12,  Error =5.801514646464057e-07
Completed 27 % :  mod = 2.887027719559192e-12,  Error =6.024608296684164e-07
Completed 28 % :  mod = 4.2470976523171476e-12,  Error =6.247658816960211e-07
Completed 29 % :  mod = 6.2341260424922724e-12,  Error =6.470610145470346e-07
Completed 30 % :  mod = 9.107585344813473e-12,  Error =6.693355487641384e-07
Completed 31 % :  mod = 1.3171439427436458e-11,  Error =6.91564757460128e-07
Completed 32 % :  mod = 1.865173094330533e-11,  Error =7.137072159935087e-07
Completed 33 % :  mod = 2.532927086122355e-11,  Error =7.356904987432245e-07
Completed 34 % :  mod = 3.187585232650381e-11,  Error =7.574402971499694e-07
Completed 35 % :  mod = 3.563280056940386e-11,  Error =7.789664877577707e-07
Completed 36 % :  mod = 3.441076645942922e-11,  Error =8.004300795505515e-07
Completed 37 % :  mod = 2.8976407916232486e-11,  Error =8.220502039080202e-07
Completed 38 % :  mod = 2.2106793672642483e-11,  Error =8.439175402941146e-07
Completed 39 % :  mod = 1.5908765250981466e-11,  Error =8.65985740006181e-07
Completed 40 % :  mod = 1.1103315990955627e-11,  Error =8.881767641355509e-07
Completed 41 % :  mod = 7.634154240310506e-12,  Error =9.104305220830611e-07
Completed 42 % :  mod = 5.2117096717350725e-12,  Error =9.327159489203041e-07
Completed 43 % :  mod = 3.54615687656643e-12,  Error =9.550159631999122e-07
Completed 44 % :  mod = 2.4091750706429207e-12,  Error =9.773226636866639e-07
Completed 45 % :  mod = 1.6355804063645878e-12,  Error =9.996328671491028e-07
Completed 46 % :  mod = 1.1100349058530531e-12,  Error =1.0219450459203472e-06
Completed 47 % :  mod = 7.532570616427241e-13,  Error =1.04425655678142e-06
Completed 48 % :  mod = 5.111349220293053e-13,  Error =1.0665718832569837e-06
Completed 49 % :  mod = 3.468555094124121e-13,  Error =1.0888862576052816e-06
Completed 50 % :  mod = 2.3540944705283483e-13,  Error =1.1112006603752889e-06
Completed 51 % :  mod = 1.5983274016093674e-13,  Error =1.1335143028645689e-06
Completed 52 % :  mod = 1.0860750955948163e-13,  Error =1.1558270500700019e-06
Completed 53 % :  mod = 7.392967801551326e-14,  Error =1.1781410194089403e-06
Completed 54 % :  mod = 5.051586773793312e-14,  Error =1.2004551024347165e-06
Completed 55 % :  mod = 3.479875929321737e-14,  Error =1.2227680059595514e-06
Completed 56 % :  mod = 2.4383673994486077e-14,  Error =1.245082138723319e-06
Completed 57 % :  mod = 1.768374830635994e-14,  Error =1.2673956462094793e-06
Completed 58 % :  mod = 1.3678165566815891e-14,  Error =1.289709281593332e-06
Completed 59 % :  mod = 1.1756625052917358e-14,  Error =1.3120217943196621e-06
Completed 60 % :  mod = 1.1626384150563902e-14,  Error =1.334335671288045e-06
Completed 61 % :  mod = 1.3267609231175118e-14,  Error =1.3566494203587354e-06
Completed 62 % :  mod = 1.693032321435111e-14,  Error =1.3789619472959203e-06
Completed 63 % :  mod = 2.317258674165801e-14,  Error =1.4012744813385325e-06
Completed 64 % :  mod = 3.294548633601955e-14,  Error =1.4235872214385381e-06
Completed 65 % :  mod = 4.773804201838608e-14,  Error =1.445902192642734e-06
Completed 66 % :  mod = 6.980406935330031e-14,  Error =1.468214684052782e-06
Completed 67 % :  mod = 1.0250554875722453e-13,  Error =1.4905281275900961e-06
Completed 68 % :  mod = 1.5082477446320773e-13,  Error =1.5128417629739488e-06
Completed 69 % :  mod = 2.2212317832451853e-13,  Error =1.535155170984126e-06
Completed 70 % :  mod = 3.2726687655404e-13,  Error =1.5574694316455862e-06
Completed 71 % :  mod = 4.822613272486392e-13,  Error =1.5797828609720455e-06
Completed 72 % :  mod = 7.107049119920443e-13,  Error =1.6020967592567104e-06
Completed 73 % :  mod = 1.0473389188777326e-12,  Error =1.6244092506667585e-06
Completed 74 % :  mod = 1.5432457993252096e-12,  Error =1.6467224313032602e-06
Completed 75 % :  mod = 2.2733179472980467e-12,  Error =1.6690329829316397e-06
Completed 76 % :  mod = 3.3466660011800455e-12,  Error =1.691341168452709e-06
Completed 77 % :  mod = 4.920059420142025e-12,  Error =1.7136441954335169e-06
Completed 78 % :  mod = 7.2117969364213895e-12,  Error =1.7359333384092679e-06
Completed 79 % :  mod = 1.0504108889086896e-11,  Error =1.75819311465375e-06
Completed 80 % :  mod = 1.509549789327194e-11,  Error =1.7803959693196703e-06
Completed 81 % :  mod = 2.1103303152930144e-11,  Error =1.8024868637667169e-06
Completed 82 % :  mod = 2.7969578135630023e-11,  Error =1.8243884269963928e-06
Completed 83 % :  mod = 3.380429283230339e-11,  Error =1.8460449950907787e-06
Completed 84 % :  mod = 3.578758066184304e-11,  Error =1.8675179802585262e-06
Completed 85 % :  mod = 3.2691014061738896e-11,  Error =1.8890199697807475e-06
Completed 86 % :  mod = 2.6371852126232975e-11,  Error =1.910733516297114e-06
Completed 87 % :  mod = 1.95930452105946e-11,  Error =1.9326872546798768e-06
Completed 88 % :  mod = 1.3900617268169589e-11,  Error =1.9548083756149026e-06
Completed 89 % :  mod = 9.633664527275882e-12,  Error =1.97702933490973e-06
Completed 90 % :  mod = 6.601336553644551e-12,  Error =1.999299897192941e-06
Completed 91 % :  mod = 4.499532832828394e-12,  Error =2.0215934952716452e-06
Completed 92 % :  mod = 3.0593471385487764e-12,  Error =2.043898447823267e-06
Completed 93 % :  mod = 2.0777569079458857e-12,  Error =2.0662083670686116e-06
Completed 94 % :  mod = 1.4103778169096169e-12,  Error =2.08851921712494e-06
Completed 95 % :  mod = 9.571490248990586e-13,  Error =2.110832141966057e-06
Completed 96 % :  mod = 6.495232229403309e-13,  Error =2.1331461965701237e-06
Completed 97 % :  mod = 4.4078845890301773e-13,  Error =2.1554600309059424e-06
Completed 98 % :  mod = 2.9919092968762505e-13,  Error =2.1777726573191103e-06
Completed 99 % :  mod = 2.0317193558615866e-13,  Error =2.200087109827109e-06
Completed 100 % :  mod = 1.381045485331941e-13,  Error =2.222401924711903e-06
Finished 17/201 frames
Finished all frames!
