/opt/local/miniconda_23_9/lib/python3.11/site-packages/conda/base/context.py:201: FutureWarning: Adding 'defaults' to channel list implicitly is deprecated and will be removed in 25.3. 

To remove this warning, please choose a default channel explicitly with conda's regular configuration system, e.g. by adding 'defaults' to the list of channels:

  conda config --add channels defaults

For more information see https://docs.conda.io/projects/conda/en/stable/user-guide/configuration/use-condarc.html

  deprecated.topic(
JOB 13288 ARRAY_ID 4  -> i=4 ; range=[1.9e-10, 6.0e-10] ; intervals=6
Completed 0 % :  mod = 3.706666665187481e-16,  Error =-1.4210854715202004e-14
Completed 1 % :  mod = 6.426671928660314e-16,  Error =2.2622734974220293e-07
Completed 2 % :  mod = 1.857864582804565e-15,  Error =4.524539249928239e-07
Completed 3 % :  mod = 5.799717491235353e-15,  Error =6.786809692016504e-07
Completed 4 % :  mod = 1.825340280755136e-14,  Error =9.049070825994932e-07
Completed 5 % :  mod = 5.749630778899436e-14,  Error =1.1311333025787462e-06
Completed 6 % :  mod = 1.811224490001581e-13,  Error =1.3573606452155218e-06
Completed 7 % :  mod = 5.705690546775076e-13,  Error =1.5835870570413135e-06
Completed 8 % :  mod = 1.7973972702393886e-12,  Error =1.8098120406762064e-06
Completed 9 % :  mod = 5.662075282943331e-12,  Error =2.036021896856255e-06
Completed 10 % :  mod = 1.783462479087298e-11,  Error =2.26207961873115e-06
Completed 11 % :  mod = 5.611888895832921e-11,  Error =2.4866456769245815e-06
Completed 12 % :  mod = 1.742842714518661e-10,  Error =2.697750105085106e-06
Completed 13 % :  mod = 4.127278883424051e-10,  Error =2.8423447560044224e-06
Completed 14 % :  mod = 1.7173079127365754e-10,  Error =2.9751374341913106e-06
Completed 15 % :  mod = 9.410254884868774e-11,  Error =3.1808429952207007e-06
Completed 16 % :  mod = 8.727993065776868e-11,  Error =3.399570211115588e-06
Completed 17 % :  mod = 1.6168933091671423e-10,  Error =3.605952656471345e-06
Completed 18 % :  mod = 4.317109970056813e-10,  Error =3.741039904525678e-06
Completed 19 % :  mod = 1.7550105927110357e-10,  Error =3.881469133659721e-06
Completed 20 % :  mod = 6.226656170482846e-11,  Error =4.090692002023388e-06
Completed 21 % :  mod = 3.115176208266917e-11,  Error =4.314586895759476e-06
Completed 22 % :  mod = 3.322294567164171e-11,  Error =4.5397417736126044e-06
Completed 23 % :  mod = 8.380653719645085e-11,  Error =4.761440052902799e-06
Completed 24 % :  mod = 2.80667827862475e-10,  Error =4.953628305770508e-06
Completed 25 % :  mod = 3.7404544038574133e-10,  Error =5.072577117459787e-06
Completed 26 % :  mod = 1.1617694570233687e-10,  Error =5.242123208404337e-06
Completed 27 % :  mod = 6.732315974164052e-11,  Error =5.457190795254974e-06
Completed 28 % :  mod = 1.2195546445631716e-10,  Error =5.674226088103751e-06
Completed 28 % :  mod = 2.731877014320046e-10,  Error =5.862208567464222e-06
Completed 30 % :  mod = 3.3298893267563035e-10,  Error =5.972995921865731e-06
Completed 31 % :  mod = 1.3524597815797538e-10,  Error =6.148147768669787e-06
Completed 32 % :  mod = 5.150654361369304e-11,  Error =6.3650876285237246e-06
Completed 33 % :  mod = 5.5774647652678596e-11,  Error =6.587781506084411e-06
Completed 34 % :  mod = 1.6414150548628562e-10,  Error =6.801129266875705e-06
Completed 35 % :  mod = 3.6352996635601645e-10,  Error =6.96166679858834e-06
Completed 36 % :  mod = 2.114609079517595e-10,  Error =7.080952805438301e-06
Completed 37 % :  mod = 1.4867145554577577e-10,  Error =7.2747504233916516e-06
Completed 38 % :  mod = 1.4874479730117056e-10,  Error =7.48206342393587e-06
Completed 39 % :  mod = 2.62520510689727e-10,  Error =7.654340841156682e-06
Completed 40 % :  mod = 3.4292706845721825e-10,  Error =7.773517772591276e-06
Completed 41 % :  mod = 1.7552959437758988e-10,  Error =7.946085951004989e-06
Completed 42 % :  mod = 1.6212171936867473e-10,  Error =8.135023925603946e-06
Completed 43 % :  mod = 3.505863808752479e-10,  Error =8.274573076505476e-06
Completed 44 % :  mod = 2.687685481746145e-10,  Error =8.416113487896837e-06
Completed 45 % :  mod = 1.3787387367794892e-10,  Error =8.608422191969112e-06
Completed 46 % :  mod = 1.4933118367072608e-10,  Error =8.807568335100768e-06
Completed 47 % :  mod = 4.425692585228693e-10,  Error =8.947631052080851e-06
Completed 48 % :  mod = 1.991832283991876e-10,  Error =9.082253342285185e-06
Completed 49 % :  mod = 7.960864188852276e-11,  Error =9.28187197501984e-06
Completed 50 % :  mod = 1.2330106842194545e-10,  Error =9.498110053129949e-06
Completed 51 % :  mod = 2.395006364932501e-10,  Error =9.694977002538963e-06
Completed 52 % :  mod = 3.952707699150919e-10,  Error =9.823649030238357e-06
Completed 53 % :  mod = 1.3440665460994675e-10,  Error =9.976424628632685e-06
Completed 54 % :  mod = 8.361385481807299e-11,  Error =1.0183604565838777e-05
Completed 55 % :  mod = 1.9967106583541487e-10,  Error =1.0390565208240332e-05
Completed 56 % :  mod = 3.239022381944601e-10,  Error =1.0549092060330167e-05
Completed 56 % :  mod = 2.3449155712254843e-10,  Error =1.0670443238325333e-05
Completed 57 % :  mod = 1.990811890682613e-10,  Error =1.085673394385367e-05
Completed 59 % :  mod = 1.8233949581169966e-10,  Error =1.1050045536364905e-05
Completed 60 % :  mod = 3.382858553027389e-10,  Error =1.1186356758230431e-05
Completed 61 % :  mod = 2.1310246222192946e-10,  Error =1.1330466470838019e-05
Completed 62 % :  mod = 1.3348978598872216e-10,  Error =1.1528872811084057e-05
Completed 63 % :  mod = 1.791355705901281e-10,  Error =1.1726531624844938e-05
Completed 64 % :  mod = 3.735117772180292e-10,  Error =1.185967101235974e-05
Completed 65 % :  mod = 2.297539059896517e-10,  Error =1.2003877564836785e-05
Completed 66 % :  mod = 7.880592721247467e-11,  Error =1.2208699992299898e-05
Completed 67 % :  mod = 8.027510544166158e-11,  Error =1.2426473212201472e-05
Completed 68 % :  mod = 2.406449967805494e-10,  Error =1.2626532985393624e-05
Completed 69 % :  mod = 3.991932578514641e-10,  Error =1.2760530765376643e-05
Completed 70 % :  mod = 1.4896852997513e-10,  Error =1.2903982756995447e-05
Completed 71 % :  mod = 1.472941701274162e-10,  Error =1.310585835767597e-05
Completed 72 % :  mod = 2.339415813010301e-10,  Error =1.3300304956942455e-05
Completed 73 % :  mod = 3.6987102011708895e-10,  Error =1.3440175123946574e-05
Completed 74 % :  mod = 1.5699775600580696e-10,  Error =1.3580642182375868e-05
Completed 75 % :  mod = 1.7079619611561743e-10,  Error =1.377365912702544e-05
Completed 76 % :  mod = 3.167625779828646e-10,  Error =1.3952118862903262e-05
Completed 77 % :  mod = 2.880758293626008e-10,  Error =1.4073061230135409e-05
Completed 78 % :  mod = 1.7328209682072996e-10,  Error =1.4239460377041269e-05
Completed 79 % :  mod = 1.1342650893447149e-10,  Error =1.4446055132566471e-05
Completed 80 % :  mod = 1.9368450408994355e-10,  Error =1.464385550065117e-05
Completed 81 % :  mod = 3.8181111761477546e-10,  Error =1.4772331830670282e-05
Completed 82 % :  mod = 1.63461472291722e-10,  Error =1.4922476403000928e-05
Completed 83 % :  mod = 1.0686372395838701e-10,  Error =1.5131260859391205e-05
Completed 84 % :  mod = 9.715806275258447e-11,  Error =1.5348880523902153e-05
Completed 85 % :  mod = 2.1420148678189908e-10,  Error =1.554430922112715e-05
Completed 86 % :  mod = 4.4378953433799233e-10,  Error =1.5670209691620585e-05
Completed 87 % :  mod = 1.3565836963370778e-10,  Error =1.5822033851975448e-05
Completed 88 % :  mod = 1.0659463901983454e-10,  Error =1.602428728375571e-05
Completed 89 % :  mod = 2.8858912040535484e-10,  Error =1.6216398179835778e-05
Completed 90 % :  mod = 3.583374118571719e-10,  Error =1.6355229888631584e-05
Completed 91 % :  mod = 1.6232262972692353e-10,  Error =1.649637484035793e-05
Completed 92 % :  mod = 1.7259130354182662e-10,  Error =1.668647728081396e-05
Completed 93 % :  mod = 3.476184530731594e-10,  Error =1.6857335587872058e-05
Completed 94 % :  mod = 2.7838619514623955e-10,  Error =1.6977115599559056e-05
Completed 95 % :  mod = 1.184665573740382e-10,  Error =1.7150125430021035e-05
Completed 96 % :  mod = 1.6455065337161528e-10,  Error =1.735734932140076e-05
Completed 97 % :  mod = 2.519671467043393e-10,  Error =1.7545988740153007e-05
Completed 98 % :  mod = 3.4164874705628234e-10,  Error =1.7662174542465436e-05
Completed 99 % :  mod = 1.691950334045451e-10,  Error =1.7826802789500107e-05
Completed 100 % :  mod = 6.745798064166984e-11,  Error =1.8039463625996177e-05
Finished 5/6 frames
Finished all frames!
