/opt/local/miniconda_23_9/lib/python3.11/site-packages/conda/base/context.py:201: FutureWarning: Adding 'defaults' to channel list implicitly is deprecated and will be removed in 25.3. 

To remove this warning, please choose a default channel explicitly with conda's regular configuration system, e.g. by adding 'defaults' to the list of channels:

  conda config --add channels defaults

For more information see https://docs.conda.io/projects/conda/en/stable/user-guide/configuration/use-condarc.html

  deprecated.topic(
JOB 13968 ARRAY_ID 97  -> i=97 ; range=[1.9e-10, 5.0e-10] ; intervals=200 (frames=201)
Analytic t0 extension enabled (--extend-time-using-t0).
Density options: centers='2.0e-10,4.0e-10' width='2.0e-11,5.0e-11' strength='7.0'
Completed 0 % :  mod = 2.9835044096417393e-16,  Error =-1.4210854715202004e-14
Completed 1 % :  mod = 4.3690779837787857e-16,  Error =9.495484931676401e-08
Completed 2 % :  mod = 9.812751252001176e-16,  Error =1.8990998995604969e-07
Completed 3 % :  mod = 2.4370732444437136e-15,  Error =2.848647682185401e-07
Completed 4 % :  mod = 6.156480800552782e-15,  Error =3.7981897804684195e-07
Completed 5 % :  mod = 1.559416871335376e-14,  Error =4.747741542132644e-07
Completed 6 % :  mod = 3.951607760369312e-14,  Error =5.697288898431907e-07
Completed 7 % :  mod = 1.0014142306139725e-13,  Error =6.646832986234585e-07
Completed 8 % :  mod = 2.5378039082377243e-13,  Error =7.596383184704791e-07
Completed 9 % :  mod = 6.431359783408554e-13,  Error =8.545929617298498e-07
Completed 10 % :  mod = 1.6298441163512368e-12,  Error =9.495472284015705e-07
Completed 11 % :  mod = 4.13027673009721e-12,  Error =1.0444960523159352e-06
Completed 12 % :  mod = 1.0465180228361096e-11,  Error =1.1394070398296208e-06
Completed 13 % :  mod = 2.649065290970146e-11,  Error =1.2340818074108029e-06
Completed 14 % :  mod = 6.663444521940165e-11,  Error =1.3272779213480135e-06
Completed 15 % :  mod = 1.6055135891277912e-10,  Error =1.4122659663939885e-06
Completed 16 % :  mod = 2.8541011409953816e-10,  Error =1.4720476357865664e-06
Completed 17 % :  mod = 1.7509973294517541e-10,  Error =1.5275863276542623e-06
Completed 18 % :  mod = 8.192683706217803e-11,  Error =1.6100740509727984e-06
Completed 19 % :  mod = 3.4072095177548314e-11,  Error =1.7024508665031135e-06
Completed 20 % :  mod = 2.3624376042959274e-11,  Error =1.7967198289170483e-06
Completed 21 % :  mod = 3.7287691157254246e-11,  Error =1.890972178841821e-06
Completed 22 % :  mod = 7.841590928761303e-11,  Error =1.983326697541088e-06
Completed 23 % :  mod = 1.7737936278802384e-10,  Error =2.065230845005317e-06
Completed 24 % :  mod = 2.973906434403189e-10,  Error =2.121051707604238e-06
Completed 25 % :  mod = 1.499358628620883e-10,  Error =2.1802833174433545e-06
Completed 26 % :  mod = 7.511754582575597e-11,  Error =2.264743969249139e-06
Completed 27 % :  mod = 4.348184620413849e-11,  Error =2.35715080521004e-06
Completed 28 % :  mod = 4.458327935760781e-11,  Error =2.4506069209451198e-06
Completed 28 % :  mod = 9.29338210658712e-11,  Error =2.5415995281719006e-06
Completed 30 % :  mod = 2.185908827919014e-10,  Error =2.6196656151000752e-06
Completed 31 % :  mod = 2.6266276503508416e-10,  Error =2.6724202868422253e-06
Completed 32 % :  mod = 1.354369548703509e-10,  Error =2.7374905471333477e-06
Completed 33 % :  mod = 6.342171877205998e-11,  Error =2.824930639633294e-06
Completed 34 % :  mod = 3.129076362332186e-11,  Error =2.9181930756294605e-06
Completed 35 % :  mod = 3.231458434201331e-11,  Error =3.012316859951625e-06
Completed 36 % :  mod = 6.946538372171715e-11,  Error =3.1052947022658373e-06
Completed 37 % :  mod = 1.470506884622671e-10,  Error =3.191269847491185e-06
Completed 38 % :  mod = 2.7597536121953256e-10,  Error =3.2527526769854376e-06
Completed 39 % :  mod = 1.9763487951692104e-10,  Error =3.307527684626166e-06
Completed 40 % :  mod = 8.156866464015194e-11,  Error =3.388419152372535e-06
Completed 41 % :  mod = 3.482359326202806e-11,  Error =3.4805241071467208e-06
Completed 42 % :  mod = 2.4740629087279062e-11,  Error =3.5747770752436736e-06
Completed 43 % :  mod = 3.323932318105038e-11,  Error =3.6691296116941885e-06
Completed 44 % :  mod = 6.612098266980111e-11,  Error =3.7620169237584378e-06
Completed 45 % :  mod = 1.6991582188451964e-10,  Error =3.846330827173006e-06
Completed 46 % :  mod = 2.827274896992848e-10,  Error =3.90619825907379e-06
Completed 47 % :  mod = 1.6849982480352572e-10,  Error =3.961628387116889e-06
Completed 48 % :  mod = 9.175434068490029e-11,  Error =4.0438522290742185e-06
Completed 49 % :  mod = 4.692767111260613e-11,  Error =4.135406683758447e-06
Completed 50 % :  mod = 5.105281307162679e-11,  Error =4.228254596227998e-06
Completed 51 % :  mod = 1.2298731750311754e-10,  Error =4.317441465673255e-06
Completed 52 % :  mod = 2.323077212528896e-10,  Error =4.390719674063348e-06
Completed 53 % :  mod = 2.420127168004691e-10,  Error =4.440158789975612e-06
Completed 54 % :  mod = 1.3141112601403824e-10,  Error =4.510964842552312e-06
Completed 55 % :  mod = 5.160344216056746e-11,  Error =4.599624787715584e-06
Completed 56 % :  mod = 3.8177647606257844e-11,  Error =4.692792245464261e-06
Completed 56 % :  mod = 6.507570193598274e-11,  Error =4.785834079257256e-06
Completed 57 % :  mod = 1.231520068940011e-10,  Error =4.8740830038696e-06
Completed 59 % :  mod = 2.516410964646242e-10,  Error =4.941802430380449e-06
Completed 60 % :  mod = 2.4053794574677506e-10,  Error =4.9939856054947995e-06
Completed 61 % :  mod = 9.754564272102619e-11,  Error =5.069186656214697e-06
Completed 62 % :  mod = 5.314112954974693e-11,  Error =5.1591100884706975e-06
Completed 63 % :  mod = 6.063649623844707e-11,  Error =5.251729227495616e-06
Completed 64 % :  mod = 1.0055034663998505e-10,  Error =5.342004655517485e-06
Completed 65 % :  mod = 1.9908435045068423e-10,  Error =5.418431882731056e-06
Completed 66 % :  mod = 2.921235495279029e-10,  Error =5.470740376267713e-06
Completed 67 % :  mod = 1.307876263182251e-10,  Error =5.535823767388592e-06
Completed 68 % :  mod = 7.341545542462134e-11,  Error =5.6213746688627e-06
Completed 69 % :  mod = 8.337106766353365e-11,  Error =5.71195440812744e-06
Completed 70 % :  mod = 1.2806478575722273e-10,  Error =5.799063494293932e-06
Completed 71 % :  mod = 2.2826021655793443e-10,  Error =5.8676554388625846e-06
Completed 72 % :  mod = 2.587709526165088e-10,  Error =5.920156475269778e-06
Completed 73 % :  mod = 1.145557747793273e-10,  Error =5.9925007249717055e-06
Completed 74 % :  mod = 7.435243716623697e-11,  Error =6.0791969076490204e-06
Completed 75 % :  mod = 1.2808203268128298e-10,  Error =6.166484304515052e-06
Completed 76 % :  mod = 2.1568864098451434e-10,  Error =6.242273407508492e-06
Completed 77 % :  mod = 2.3865034136064745e-10,  Error =6.293966876569357e-06
Completed 78 % :  mod = 1.6047741163601156e-10,  Error =6.359933301780529e-06
Completed 79 % :  mod = 7.282185405391358e-11,  Error =6.445569603386048e-06
Completed 80 % :  mod = 6.196733445293579e-11,  Error =6.536481144792106e-06
Completed 81 % :  mod = 1.3064378186044165e-10,  Error =6.624344266015214e-06
Completed 82 % :  mod = 2.4074171359866694e-10,  Error =6.696670013184303e-06
Completed 83 % :  mod = 2.3022007903325892e-10,  Error =6.746410058156016e-06
Completed 84 % :  mod = 1.3298991988918399e-10,  Error =6.817338324083266e-06
Completed 85 % :  mod = 5.823647469660371e-11,  Error =6.905671881440867e-06
Completed 86 % :  mod = 4.952094155412648e-11,  Error =6.9981641104277514e-06
Completed 87 % :  mod = 9.489565443133115e-11,  Error =7.089219714373485e-06
Completed 88 % :  mod = 1.8930403538591806e-10,  Error =7.169979248544678e-06
Completed 89 % :  mod = 2.675748444319669e-10,  Error =7.224385988990889e-06
Completed 90 % :  mod = 1.59995248815737e-10,  Error =7.286121999072748e-06
Completed 91 % :  mod = 6.80418514637428e-11,  Error =7.371557479984858e-06
Completed 92 % :  mod = 3.59444193493472e-11,  Error =7.464372082210957e-06
Completed 93 % :  mod = 3.725315702291635e-11,  Error =7.558294377929542e-06
Completed 94 % :  mod = 7.297975383236977e-11,  Error =7.650923343760496e-06
Completed 95 % :  mod = 1.5405170587027904e-10,  Error =7.735420851417985e-06
Completed 96 % :  mod = 2.936542716729606e-10,  Error =7.794366020164034e-06
Completed 97 % :  mod = 1.7743703112102067e-10,  Error =7.850480237436841e-06
Completed 98 % :  mod = 7.711935151903845e-11,  Error =7.932831749712932e-06
Completed 99 % :  mod = 3.2001822435419006e-11,  Error =8.025377169929016e-06
Completed 100 % :  mod = 1.8433155485538683e-11,  Error =8.119805542605718e-06
Finished 98/201 frames
Finished all frames!
