/opt/local/miniconda_23_9/lib/python3.11/site-packages/conda/base/context.py:201: FutureWarning: Adding 'defaults' to channel list implicitly is deprecated and will be removed in 25.3. 

To remove this warning, please choose a default channel explicitly with conda's regular configuration system, e.g. by adding 'defaults' to the list of channels:

  conda config --add channels defaults

For more information see https://docs.conda.io/projects/conda/en/stable/user-guide/configuration/use-condarc.html

  deprecated.topic(
JOB 13592 ARRAY_ID 35  -> i=35 ; range=[2.0e-10, 2.09e-10] ; intervals=40 (frames=41)
Completed 0 % :  mod = 1.661463414389048e-16,  Error =-1.4210854715202004e-14
Completed 1 % :  mod = 1.6934781206448358e-16,  Error =9.131341016654915e-09
Completed 2 % :  mod = 1.790756047021235e-16,  Error =1.826366258228518e-08
Completed 3 % :  mod = 1.9570460039716816e-16,  Error =2.739488991210237e-08
Completed 4 % :  mod = 2.198756520559166e-16,  Error =3.6528277291836275e-08
Completed 5 % :  mod = 2.525202724781856e-16,  Error =4.566021516438923e-08
Completed 6 % :  mod = 2.948965026147299e-16,  Error =5.47930554262166e-08
Completed 7 % :  mod = 3.4863744204698573e-16,  Error =6.392529883214593e-08
Completed 8 % :  mod = 4.1581416496484677e-16,  Error =7.305781224431485e-08
Completed 9 % :  mod = 4.990155114044185e-16,  Error =8.218962932460272e-08
Completed 10 % :  mod = 6.014479009611859e-16,  Error =9.132163825142925e-08
Completed 11 % :  mod = 7.270588725246908e-16,  Error =1.0045425113958117e-07
Completed 12 % :  mod = 8.806892057400113e-16,  Error =1.0958635954239071e-07
Completed 13 % :  mod = 1.068259510051391e-15,  Error =1.1871824767695216e-07
Completed 14 % :  mod = 1.2969983594091202e-15,  Error =1.278511945201899e-07
Completed 15 % :  mod = 1.5757208860277605e-15,  Error =1.3698349476953808e-07
Completed 16 % :  mod = 1.9151684905390225e-15,  Error =1.461151697412788e-07
Completed 17 % :  mod = 2.3284227901570555e-15,  Error =1.5524709340297704e-07
Completed 18 % :  mod = 2.831409765202668e-15,  Error =1.643790810135215e-07
Completed 19 % :  mod = 3.4435135140897476e-15,  Error =1.7351079861782637e-07
Completed 20 % :  mod = 4.188323261628292e-15,  Error =1.8264218226704543e-07
Completed 21 % :  mod = 5.0945424642252144e-15,  Error =1.9177499410716337e-07
Completed 22 % :  mod = 6.197094965275189e-15,  Error =2.0090740804334928e-07
Completed 23 % :  mod = 7.538470892566929e-15,  Error =2.1003926065077394e-07
Completed 24 % :  mod = 9.170364138199555e-15,  Error =2.191714969512759e-07
Completed 25 % :  mod = 1.115566454507446e-14,  Error =2.283029942873327e-07
Completed 26 % :  mod = 1.3570881531097435e-14,  Error =2.3743476873505642e-07
Completed 27 % :  mod = 1.6509092608489926e-14,  Error =2.4656783637055923e-07
Completed 28 % :  mod = 2.00835303912006e-14,  Error =2.556997387159754e-07
Completed 28 % :  mod = 2.4431946323412845e-14,  Error =2.648316339559642e-07
Completed 30 % :  mod = 2.9721919292950465e-14,  Error =2.739635007742436e-07
Completed 31 % :  mod = 3.61573136982747e-14,  Error =2.8309598576470307e-07
Completed 32 % :  mod = 4.3986135824963994e-14,  Error =2.9222739783563156e-07
Completed 33 % :  mod = 5.351009126209971e-14,  Error =3.0135959860899675e-07
Completed 34 % :  mod = 6.509621150955828e-14,  Error =3.104906980411215e-07
Completed 35 % :  mod = 7.919099780395781e-14,  Error =3.196223303802981e-07
Completed 36 % :  mod = 9.633762685274867e-14,  Error =3.287545879970821e-07
Completed 37 % :  mod = 1.1719688097051874e-13,  Error =3.378880464310896e-07
Completed 38 % :  mod = 1.4257260834664432e-13,  Error =3.470209151146264e-07
Completed 39 % :  mod = 1.734426928055559e-13,  Error =3.5615282456546993e-07
Completed 40 % :  mod = 2.109967233495658e-13,  Error =3.652851461311002e-07
Completed 41 % :  mod = 2.566818095748465e-13,  Error =3.744172047959182e-07
Completed 42 % :  mod = 3.122582982210172e-13,  Error =3.835499953197541e-07
Completed 43 % :  mod = 3.7986751948329e-13,  Error =3.9268173424034103e-07
Completed 44 % :  mod = 4.621141406067291e-13,  Error =4.018137218508855e-07
Completed 45 % :  mod = 5.621662403316586e-13,  Error =4.1094621394677233e-07
Completed 46 % :  mod = 6.838768526559977e-13,  Error =4.200786349883856e-07
Completed 47 % :  mod = 8.31931469327334e-13,  Error =4.292108499726055e-07
Completed 48 % :  mod = 1.0120268350812196e-12,  Error =4.383424965226368e-07
Completed 49 % :  mod = 1.2310872955241477e-12,  Error =4.4747428518121524e-07
Completed 50 % :  mod = 1.4975259012950462e-12,  Error =4.5660589620410974e-07
Completed 51 % :  mod = 1.821558292077818e-12,  Error =4.657379477635004e-07
Completed 52 % :  mod = 2.215577793508926e-12,  Error =4.748693100964374e-07
Completed 53 % :  mod = 2.6945996067355233e-12,  Error =4.839998126726641e-07
Completed 54 % :  mod = 3.2767794223263634e-12,  Error =4.931296047061551e-07
Completed 55 % :  mod = 3.984005363603498e-12,  Error =5.02257726964217e-07
Completed 56 % :  mod = 4.8425484854076815e-12,  Error =5.113849610438592e-07
Completed 56 % :  mod = 5.883730201497945e-12,  Error =5.205095519045244e-07
Completed 57 % :  mod = 7.144514851091091e-12,  Error =5.296316700764692e-07
Completed 59 % :  mod = 8.66784540887646e-12,  Error =5.387463701822526e-07
Completed 60 % :  mod = 1.0502384026831563e-11,  Error =5.478532898450794e-07
Completed 61 % :  mod = 1.2701060142229761e-11,  Error =5.569488479295615e-07
Completed 62 % :  mod = 1.531742709713308e-11,  Error =5.660283122210785e-07
Completed 63 % :  mod = 1.8398270792669454e-11,  Error =5.750841580720589e-07
Completed 64 % :  mod = 2.1970305625039427e-11,  Error =5.841061607725351e-07
Completed 65 % :  mod = 2.601855947745985e-11,  Error =5.930826745270679e-07
Completed 66 % :  mod = 3.045527365822362e-11,  Error =6.019999219120109e-07
Completed 67 % :  mod = 3.5082794923632296e-11,  Error =6.108431236384604e-07
Completed 68 % :  mod = 3.9564002203248345e-11,  Error =6.196008328629432e-07
Completed 69 % :  mod = 4.3427446459903436e-11,  Error =6.282702642579352e-07
Completed 70 % :  mod = 4.613928063236609e-11,  Error =6.368632767816962e-07
Completed 71 % :  mod = 4.724844049588211e-11,  Error =6.454104095610091e-07
Completed 72 % :  mod = 4.6551344160094976e-11,  Error =6.53951360618521e-07
Completed 73 % :  mod = 4.417726070051402e-11,  Error =6.625298851758998e-07
Completed 74 % :  mod = 4.053334694431261e-11,  Error =6.711799542813424e-07
Completed 75 % :  mod = 3.614927422646241e-11,  Error =6.799166030191373e-07
Completed 76 % :  mod = 3.15202702492876e-11,  Error =6.887394050636431e-07
Completed 77 % :  mod = 2.7017004040867766e-11,  Error =6.976406865533136e-07
Completed 78 % :  mod = 2.2867541605450497e-11,  Error =7.066050358162101e-07
Completed 79 % :  mod = 1.9181759129657375e-11,  Error =7.1561699854783e-07
Completed 80 % :  mod = 1.5988394849931703e-11,  Error =7.246664921467527e-07
Completed 81 % :  mod = 1.326812201600014e-11,  Error =7.337407623708714e-07
Completed 82 % :  mod = 1.0977354068133738e-11,  Error =7.428327535308199e-07
Completed 83 % :  mod = 9.063270560631334e-12,  Error =7.519376410414225e-07
Completed 84 % :  mod = 7.472366020072478e-12,  Error =7.610512184896834e-07
Completed 85 % :  mod = 6.154800107497502e-12,  Error =7.70170274222437e-07
Completed 86 % :  mod = 5.066250284360456e-12,  Error =7.792941048023749e-07
Completed 87 % :  mod = 4.168382252720899e-12,  Error =7.884208557129568e-07
Completed 88 % :  mod = 3.4286145138106265e-12,  Error =7.975500864176865e-07
Completed 89 % :  mod = 2.8195646972008406e-12,  Error =8.066793810712625e-07
Completed 90 % :  mod = 2.31838881268471e-12,  Error =8.158094289001383e-07
Completed 91 % :  mod = 1.9061217656869974e-12,  Error =8.24940208588032e-07
Completed 92 % :  mod = 1.5670698242682731e-12,  Error =8.340718196109265e-07
Completed 93 % :  mod = 1.2882745729017525e-12,  Error =8.432037148509153e-07
Completed 94 % :  mod = 1.059051806352976e-12,  Error =8.523355461420579e-07
Completed 95 % :  mod = 8.706010820951915e-13,  Error =8.614674769091835e-07
Completed 96 % :  mod = 7.156784131836675e-13,  Error =8.705997913693864e-07
Completed 97 % :  mod = 5.883236835309695e-13,  Error =8.797317576636488e-07
Completed 98 % :  mod = 4.836346157998273e-13,  Error =8.888640650184243e-07
Completed 99 % :  mod = 3.975798803956728e-13,  Error =8.979968839639696e-07
Completed 100 % :  mod = 3.268448657033969e-13,  Error =9.07129248162164e-07
Finished 36/41 frames
Finished all frames!
