/opt/local/miniconda_23_9/lib/python3.11/site-packages/conda/base/context.py:201: FutureWarning: Adding 'defaults' to channel list implicitly is deprecated and will be removed in 25.3. 

To remove this warning, please choose a default channel explicitly with conda's regular configuration system, e.g. by adding 'defaults' to the list of channels:

  conda config --add channels defaults

For more information see https://docs.conda.io/projects/conda/en/stable/user-guide/configuration/use-condarc.html

  deprecated.topic(
JOB 13974 ARRAY_ID 103  -> i=103 ; range=[1.9e-10, 5.0e-10] ; intervals=200 (frames=201)
Analytic t0 extension enabled (--extend-time-using-t0).
Density options: centers='2.0e-10,4.0e-10' width='2.0e-11,5.0e-11' strength='7.0'
Completed 0 % :  mod = 3.0303243636303496e-16,  Error =-1.4210854715202004e-14
Completed 1 % :  mod = 4.48876876434804e-16,  Error =1.0105654979497558e-07
Completed 2 % :  mod = 1.0267951613405832e-15,  Error =2.021136111807209e-07
Completed 3 % :  mod = 2.593072092297023e-15,  Error =3.031705304579191e-07
Completed 4 % :  mod = 6.6553533994457816e-15,  Error =4.04228536865503e-07
Completed 5 % :  mod = 1.712385509422657e-14,  Error =5.052852003473163e-07
Completed 6 % :  mod = 4.407520645144737e-14,  Error =6.063412811840863e-07
Completed 7 % :  mod = 1.1345187438534983e-13,  Error =7.07398271515558e-07
Completed 8 % :  mod = 2.920334836506273e-13,  Error =8.084553968501496e-07
Completed 9 % :  mod = 7.517161274167876e-13,  Error =9.095116126900393e-07
Completed 10 % :  mod = 1.9349648852419283e-12,  Error =1.0105671819360396e-06
Completed 11 % :  mod = 4.980563899658553e-12,  Error =1.111613457283056e-06
Completed 12 % :  mod = 1.2817178393126815e-11,  Error =1.212604125555572e-06
Completed 13 % :  mod = 3.2938060239008496e-11,  Error =1.3132205936017272e-06
Completed 14 % :  mod = 8.384779951125568e-11,  Error =1.4114496735828652e-06
Completed 15 % :  mod = 1.9923420879504112e-10,  Error =1.49701916285494e-06
Completed 16 % :  mod = 2.924528227171565e-10,  Error =1.5538064985776145e-06
Completed 17 % :  mod = 1.3868214023682636e-10,  Error =1.6207471986717792e-06
Completed 18 % :  mod = 6.405055915873241e-11,  Error =1.7131953100602004e-06
Completed 19 % :  mod = 3.1484625721465074e-11,  Error =1.8124962650745147e-06
Completed 20 % :  mod = 2.7569867943808163e-11,  Error =1.9128507631194225e-06
Completed 21 % :  mod = 5.423535002448442e-11,  Error =2.0125023354466975e-06
Completed 22 % :  mod = 1.3298994364226692e-10,  Error =2.1068724151973584e-06
Completed 23 % :  mod = 2.5339945079144683e-10,  Error =2.1798317249022148e-06
Completed 24 % :  mod = 2.343347167305739e-10,  Error =2.2335801119766074e-06
Completed 25 % :  mod = 1.090216163532906e-10,  Error =2.314249648804889e-06
Completed 26 % :  mod = 5.1798783195454345e-11,  Error =2.4099298912005906e-06
Completed 27 % :  mod = 6.010574062359343e-11,  Error =2.5083583778950924e-06
Completed 28 % :  mod = 1.2263111051972544e-10,  Error =2.603432413650353e-06
Completed 28 % :  mod = 2.1729112680793313e-10,  Error =2.681780500779496e-06
Completed 30 % :  mod = 2.6927878020569135e-10,  Error =2.7347430204827106e-06
Completed 31 % :  mod = 1.329235437503929e-10,  Error =2.8090368715538716e-06
Completed 32 % :  mod = 6.531247189406224e-11,  Error =2.901777648389725e-06
Completed 33 % :  mod = 8.125412693314226e-11,  Error =2.9983392906274275e-06
Completed 34 % :  mod = 1.6132959177179516e-10,  Error =3.089233956643511e-06
Completed 35 % :  mod = 2.4566011511552017e-10,  Error =3.1580500490235863e-06
Completed 36 % :  mod = 2.1773372589319746e-10,  Error =3.2141914516614634e-06
Completed 37 % :  mod = 1.2071028411646938e-10,  Error =3.296232591765147e-06
Completed 38 % :  mod = 7.882750861183201e-11,  Error =3.3893680679852878e-06
Completed 39 % :  mod = 1.3270344331953844e-10,  Error =3.4803044570708153e-06
Completed 40 % :  mod = 2.816916074024453e-10,  Error =3.5533285043243268e-06
Completed 41 % :  mod = 2.1250025494547095e-10,  Error =3.6077070149076462e-06
Completed 42 % :  mod = 1.1816736998226306e-10,  Error =3.685394226238259e-06
Completed 43 % :  mod = 7.79183506801364e-11,  Error =3.779618687360653e-06
Completed 44 % :  mod = 7.754810394202436e-11,  Error =3.876167809835351e-06
Completed 45 % :  mod = 1.5290920235785383e-10,  Error =3.965358452262535e-06
Completed 46 % :  mod = 3.09961567869775e-10,  Error =4.030791735942785e-06
Completed 47 % :  mod = 1.7368233651196449e-10,  Error =4.0876942222212165e-06
Completed 48 % :  mod = 9.991958016838584e-11,  Error =4.172174648431337e-06
Completed 49 % :  mod = 7.598514301124372e-11,  Error =4.267963703341593e-06
Completed 50 % :  mod = 8.579889333032217e-11,  Error =4.363968372445015e-06
Completed 51 % :  mod = 1.8858363326677708e-10,  Error =4.4485621515377716e-06
Completed 52 % :  mod = 3.1092239235793923e-10,  Error =4.508392052571253e-06
Completed 53 % :  mod = 1.4086657200648743e-10,  Error =4.571412596021673e-06
Completed 54 % :  mod = 9.748612418710712e-11,  Error =4.659223073133489e-06
Completed 55 % :  mod = 1.082369882870791e-10,  Error =4.753330848927817e-06
Completed 56 % :  mod = 1.4622876963742742e-10,  Error =4.841755561812988e-06
Completed 56 % :  mod = 2.7353217416444403e-10,  Error =4.90504037742312e-06
Completed 57 % :  mod = 2.1430299978290107e-10,  Error =4.9659335914498115e-06
Completed 59 % :  mod = 8.56258834658819e-11,  Error =5.050689402708031e-06
Completed 60 % :  mod = 6.594327053246264e-11,  Error =5.146406657274838e-06
Completed 61 % :  mod = 1.1935180815148377e-10,  Error =5.241215696116797e-06
Completed 62 % :  mod = 2.0358283834415426e-10,  Error =5.323396202072672e-06
Completed 63 % :  mod = 2.642477636061507e-10,  Error =5.3773705062099e-06
Completed 64 % :  mod = 1.5810272915347646e-10,  Error =5.4475969619716125e-06
Completed 65 % :  mod = 6.314214523195777e-11,  Error =5.539550542721372e-06
Completed 66 % :  mod = 4.822525092340879e-11,  Error =5.63774396766803e-06
Completed 67 % :  mod = 9.254337894816048e-11,  Error =5.735069066759024e-06
Completed 68 % :  mod = 1.7380097479515964e-10,  Error =5.822810990707694e-06
Completed 69 % :  mod = 2.8290252283207604e-10,  Error =5.8818020534090465e-06
Completed 70 % :  mod = 1.7552587787888698e-10,  Error =5.945662920225914e-06
Completed 71 % :  mod = 6.55860849306463e-11,  Error =6.035716303642857e-06
Completed 72 % :  mod = 3.134033495582345e-11,  Error =6.134593022011359e-06
Completed 73 % :  mod = 3.209551524889989e-11,  Error =6.234884665445861e-06
Completed 74 % :  mod = 5.167750112057227e-11,  Error =6.334657456363857e-06
Completed 75 % :  mod = 1.1325260223895727e-10,  Error =6.429790396111912e-06
Completed 76 % :  mod = 2.6825243974223366e-10,  Error =6.5046477857322316e-06
Completed 77 % :  mod = 2.3518886249566107e-10,  Error =6.558251179455965e-06
Completed 78 % :  mod = 1.0361069656751151e-10,  Error =6.637558158217871e-06
Completed 79 % :  mod = 4.412020461493143e-11,  Error =6.734249659245961e-06
Completed 80 % :  mod = 1.5973288299913236e-11,  Error =6.834588859305768e-06
Completed 81 % :  mod = 7.561652853181195e-12,  Error =6.935509652805649e-06
Completed 82 % :  mod = 1.0051112104564162e-11,  Error =7.036507248869839e-06
Completed 83 % :  mod = 1.8080213849939806e-11,  Error =7.1374351051645135e-06
Completed 84 % :  mod = 3.76521138443353e-11,  Error =7.237827269079844e-06
Completed 85 % :  mod = 1.0013772368273444e-10,  Error =7.334817254900372e-06
Completed 86 % :  mod = 2.3127981044467444e-10,  Error =7.41537020587657e-06
Completed 87 % :  mod = 2.699021966726649e-10,  Error =7.469114613911643e-06
Completed 88 % :  mod = 1.223227468709386e-10,  Error =7.542645477087717e-06
Completed 89 % :  mod = 5.107977341667676e-11,  Error =7.63741236653459e-06
Completed 90 % :  mod = 2.622595400367108e-11,  Error =7.73718910096477e-06
Completed 91 % :  mod = 2.9396473603873535e-11,  Error =7.837633489771179e-06
Completed 92 % :  mod = 5.553075938170585e-11,  Error =7.937248433620425e-06
Completed 93 % :  mod = 1.3753350808754856e-10,  Error =8.031012043829833e-06
Completed 94 % :  mod = 2.661240279583772e-10,  Error =8.102580537183712e-06
Completed 95 % :  mod = 2.1668540040363217e-10,  Error =8.156346275711712e-06
Completed 96 % :  mod = 1.0762290287000424e-10,  Error =8.238461276732778e-06
Completed 97 % :  mod = 5.106646177855935e-11,  Error =8.334685333011294e-06
Completed 98 % :  mod = 5.0129571213675335e-11,  Error =8.433582429745456e-06
Completed 99 % :  mod = 1.0641908212033188e-10,  Error =8.529961959879984e-06
Completed 100 % :  mod = 2.0453924234150236e-10,  Error =8.61254525119648e-06
Finished 104/201 frames
Finished all frames!
