/opt/local/miniconda_23_9/lib/python3.11/site-packages/conda/base/context.py:201: FutureWarning: Adding 'defaults' to channel list implicitly is deprecated and will be removed in 25.3. 

To remove this warning, please choose a default channel explicitly with conda's regular configuration system, e.g. by adding 'defaults' to the list of channels:

  conda config --add channels defaults

For more information see https://docs.conda.io/projects/conda/en/stable/user-guide/configuration/use-condarc.html

  deprecated.topic(
JOB 14061 ARRAY_ID 190  -> i=190 ; range=[1.9e-10, 5.0e-10] ; intervals=200 (frames=201)
Analytic t0 extension enabled (--extend-time-using-t0).
Density options: centers='2.0e-10,4.0e-10' width='2.0e-11,5.0e-11' strength='7.0'
Completed 0 % :  mod = 3.7835263593411055e-16,  Error =-1.4210854715202004e-14
Completed 1 % :  mod = 6.672519483098967e-16,  Error =2.455818233215723e-07
Completed 2 % :  mod = 1.975140463135415e-15,  Error =4.91163575588871e-07
Completed 3 % :  mod = 6.299351158433845e-15,  Error =7.367458465523669e-07
Completed 4 % :  mod = 2.0243572753124987e-14,  Error =9.823288849020173e-07
Completed 5 % :  mod = 6.510262781370544e-14,  Error =1.2279107437507264e-06
Completed 6 % :  mod = 2.0938271368932296e-13,  Error =1.4734926239157176e-06
Completed 7 % :  mod = 6.734201040366699e-13,  Error =1.719075264361436e-06
Completed 8 % :  mod = 2.165863794996256e-12,  Error =1.96465587265493e-06
Completed 9 % :  mod = 6.965804151185155e-12,  Error =2.21021186064263e-06
Completed 10 % :  mod = 2.240059514642473e-11,  Error =2.455519812372131e-06
Completed 11 % :  mod = 7.194065709657682e-11,  Error =2.698309458537551e-06
Completed 12 % :  mod = 2.2606338173683352e-10,  Error =2.9187046450829257e-06
Completed 13 % :  mod = 4.294511933333489e-10,  Error =3.0556236154666294e-06
Completed 14 % :  mod = 1.3276944832352532e-10,  Error =3.222874347841298e-06
Completed 15 % :  mod = 7.620818513776917e-11,  Error =3.452906227607855e-06
Completed 16 % :  mod = 1.282198908358588e-10,  Error =3.6880414242546067e-06
Completed 17 % :  mod = 2.6816342969280416e-10,  Error =3.89279627910355e-06
Completed 18 % :  mod = 3.4435254321953904e-10,  Error =4.011963341099545e-06
Completed 19 % :  mod = 1.459755710713797e-10,  Error =4.201779326251653e-06
Completed 20 % :  mod = 6.377059728705921e-11,  Error =4.43550651851865e-06
Completed 21 % :  mod = 9.826531702815745e-11,  Error =4.6720458115601105e-06
Completed 22 % :  mod = 3.279906241588996e-10,  Error =4.87341688426568e-06
Completed 23 % :  mod = 3.4546281177854923e-10,  Error =5.001540230864521e-06
Completed 24 % :  mod = 9.873004577546117e-11,  Error =5.1958407141228236e-06
Completed 25 % :  mod = 5.845728563085635e-11,  Error =5.4331795027451335e-06
Completed 26 % :  mod = 8.920313711174027e-11,  Error =5.673576112030787e-06
Completed 27 % :  mod = 1.9461136666840602e-10,  Error =5.896198210564307e-06
Completed 28 % :  mod = 4.245212797059737e-10,  Error =6.035124691550209e-06
Completed 28 % :  mod = 1.472173137274316e-10,  Error =6.199273897777857e-06
Completed 30 % :  mod = 5.49441346180285e-11,  Error =6.431530245265549e-06
Completed 31 % :  mod = 3.1602940365225925e-11,  Error =6.675166986269687e-06
Completed 32 % :  mod = 4.038399928521881e-11,  Error =6.919414680339742e-06
Completed 33 % :  mod = 1.1358843465939791e-10,  Error =7.157355106812702e-06
Completed 34 % :  mod = 3.505361244446349e-10,  Error =7.34965102822116e-06
Completed 35 % :  mod = 2.8886235404481073e-10,  Error =7.471819380100442e-06
Completed 36 % :  mod = 1.0978330857224787e-10,  Error =7.677925545124253e-06
Completed 37 % :  mod = 5.565283504189362e-11,  Error =7.915923326606844e-06
Completed 38 % :  mod = 9.236421134470887e-11,  Error =8.154649883351794e-06
Completed 39 % :  mod = 2.9415362910629266e-10,  Error =8.362929442284894e-06
Completed 40 % :  mod = 3.749491976848449e-10,  Error =8.49282520931638e-06
Completed 41 % :  mod = 1.0550622924585772e-10,  Error =8.679077076578778e-06
Completed 42 % :  mod = 6.501342460631303e-11,  Error =8.914335225540526e-06
Completed 43 % :  mod = 1.1088572047000607e-10,  Error =9.152624983244095e-06
Completed 44 % :  mod = 2.305388364593263e-10,  Error =9.366409365441086e-06
Completed 45 % :  mod = 3.9792786828319617e-10,  Error =9.491908365077961e-06
Completed 46 % :  mod = 1.365021145244272e-10,  Error =9.671312469095028e-06
Completed 47 % :  mod = 4.823691458402373e-11,  Error =9.905530994558376e-06
Completed 48 % :  mod = 5.6579943377622735e-11,  Error =1.0147892389511526e-05
Completed 49 % :  mod = 1.3699878948317303e-10,  Error =1.0383983919837192e-05
Completed 50 % :  mod = 3.2225040773578267e-10,  Error =1.0573012573900087e-05
Completed 51 % :  mod = 2.8935582248320593e-10,  Error =1.069693899324875e-05
Completed 52 % :  mod = 1.4405380787039492e-10,  Error =1.089930451314558e-05
Completed 53 % :  mod = 1.2402755663273356e-10,  Error =1.112472643427509e-05
Completed 54 % :  mod = 2.8217865968308703e-10,  Error =1.131603924875435e-05
Completed 55 % :  mod = 3.8273013984016656e-10,  Error =1.1449700629384552e-05
Completed 56 % :  mod = 1.729788565867567e-10,  Error =1.1633077491524091e-05
Completed 56 % :  mod = 1.6347820959854063e-10,  Error =1.1838610504355529e-05
Completed 57 % :  mod = 4.167415064457879e-10,  Error =1.1987421871140214e-05
Completed 59 % :  mod = 2.3876224123071557e-10,  Error =1.214120894132975e-05
Completed 60 % :  mod = 1.1716279544527223e-10,  Error =1.2353980977763968e-05
Completed 61 % :  mod = 1.4971913664186992e-10,  Error =1.2577587803264123e-05
Completed 62 % :  mod = 4.216893526028812e-10,  Error =1.2744637004402648e-05
Completed 63 % :  mod = 2.4336347549200056e-10,  Error =1.287966657770312e-05
Completed 64 % :  mod = 8.000559438121052e-11,  Error =1.3094414576642066e-05
Completed 65 % :  mod = 6.656135233946286e-11,  Error =1.3333077482968747e-05
Completed 66 % :  mod = 1.5673816567834457e-10,  Error =1.3567205151332473e-05
Completed 67 % :  mod = 3.174468622270521e-10,  Error =1.3754170893776063e-05
Completed 68 % :  mod = 3.0401832012687287e-10,  Error =1.3879074970191141e-05
Completed 69 % :  mod = 1.3227860215165854e-10,  Error =1.408094076538191e-05
Completed 70 % :  mod = 1.1373216050493223e-10,  Error =1.4306402974284538e-05
Completed 71 % :  mod = 3.0223595036293804e-10,  Error =1.4497411193303833e-05
Completed 72 % :  mod = 3.5811744881255495e-10,  Error =1.4629745457739318e-05
Completed 73 % :  mod = 1.9122106154064907e-10,  Error =1.4813777610811485e-05
Completed 74 % :  mod = 1.5645578757685128e-10,  Error =1.5021226985822977e-05
Completed 75 % :  mod = 4.0266101591807826e-10,  Error =1.5170824518406789e-05
Completed 76 % :  mod = 2.5203326651367815e-10,  Error =1.5324131524607765e-05
Completed 77 % :  mod = 9.460291854342825e-11,  Error =1.553794444930645e-05
Completed 78 % :  mod = 1.3877209906600232e-10,  Error =1.5763089741938074e-05
Completed 79 % :  mod = 4.203140053052217e-10,  Error =1.59344565702213e-05
Completed 80 % :  mod = 2.5734097806282457e-10,  Error =1.606929926367684e-05
Completed 81 % :  mod = 7.667363777256472e-11,  Error =1.6283526107940816e-05
Completed 82 % :  mod = 3.766992263433139e-11,  Error =1.6524280738394737e-05
Completed 83 % :  mod = 7.046923333676092e-11,  Error =1.6766426860215233e-05
Completed 84 % :  mod = 1.735114419421371e-10,  Error =1.6994484461463344e-05
Completed 85 % :  mod = 4.324886476414927e-10,  Error =1.714604167801781e-05
Completed 86 % :  mod = 1.7742333090288846e-10,  Error =1.729534046290837e-05
Completed 87 % :  mod = 6.830957540882866e-11,  Error =1.7522559737415122e-05
Completed 88 % :  mod = 3.903155520319425e-11,  Error =1.7764541169640324e-05
Completed 89 % :  mod = 8.206480378919486e-11,  Error =1.800508370308762e-05
Completed 90 % :  mod = 2.624239979499486e-10,  Error =1.8218005450876262e-05
Completed 91 % :  mod = 4.181360013543987e-10,  Error =1.8352186238246304e-05
Completed 92 % :  mod = 1.3460635941258423e-10,  Error =1.852571323013308e-05
Completed 93 % :  mod = 9.290093404460959e-11,  Error =1.875114998739491e-05
Completed 94 % :  mod = 2.607560333084155e-10,  Error =1.896418887525897e-05
Completed 95 % :  mod = 3.9899066286088617e-10,  Error =1.911587533953707e-05
Completed 96 % :  mod = 1.5178498538295737e-10,  Error =1.926770617188822e-05
Completed 97 % :  mod = 1.9012354153869523e-10,  Error =1.947613465347331e-05
Completed 98 % :  mod = 3.582742782405227e-10,  Error =1.96595874726313e-05
Completed 99 % :  mod = 3.0418657527640727e-10,  Error =1.9791504193733545e-05
Completed 100 % :  mod = 1.139603607005635e-10,  Error =1.9983547282720338e-05
Finished 191/201 frames
Finished all frames!
