/opt/local/miniconda_23_9/lib/python3.11/site-packages/conda/base/context.py:201: FutureWarning: Adding 'defaults' to channel list implicitly is deprecated and will be removed in 25.3. 

To remove this warning, please choose a default channel explicitly with conda's regular configuration system, e.g. by adding 'defaults' to the list of channels:

  conda config --add channels defaults

For more information see https://docs.conda.io/projects/conda/en/stable/user-guide/configuration/use-condarc.html

  deprecated.topic(
JOB 13581 ARRAY_ID 24  -> i=24 ; range=[2.0e-10, 2.09e-10] ; intervals=40 (frames=41)
Completed 0 % :  mod = 1.6421463415413158e-16,  Error =-1.4210854715202004e-14
Completed 1 % :  mod = 1.6638222812059623e-16,  Error =8.714458488157106e-09
Completed 2 % :  mod = 1.7294223535704357e-16,  Error =1.7429584886485827e-08
Completed 3 % :  mod = 1.840678362059753e-16,  Error =2.61446189142589e-08
Completed 4 % :  mod = 2.0005273887656274e-16,  Error =3.485953214976689e-08
Completed 5 % :  mod = 2.2131893927767203e-16,  Error =4.35733866765986e-08
Completed 6 % :  mod = 2.4842785843612543e-16,  Error =5.2287560947661404e-08
Completed 7 % :  mod = 2.820951498051479e-16,  Error =6.100175653500628e-08
Completed 8 % :  mod = 3.2320962463979433e-16,  Error =6.971691846047179e-08
Completed 9 % :  mod = 3.728566838523542e-16,  Error =7.843174643085149e-08
Completed 10 % :  mod = 4.323469785281068e-16,  Error =8.714663124465005e-08
Completed 11 % :  mod = 5.032510321385462e-16,  Error =9.586118920879017e-08
Completed 12 % :  mod = 5.874406730876858e-16,  Error =1.0457593191404158e-07
Completed 13 % :  mod = 6.87138468473031e-16,  Error =1.1329043303476283e-07
Completed 14 % :  mod = 8.049764023653779e-16,  Error =1.2200496968262087e-07
Completed 15 % :  mod = 9.440653291500675e-16,  Error =1.307204442468901e-07
Completed 16 % :  mod = 1.1080771318971586e-15,  Error =1.394354924855179e-07
Completed 17 % :  mod = 1.3013416621906538e-15,  Error =1.4815098126064186e-07
Completed 18 % :  mod = 1.5289609940887167e-15,  Error =1.5686568843875648e-07
Completed 19 % :  mod = 1.7969441680197465e-15,  Error =1.65581049316188e-07
Completed 20 % :  mod = 2.112365833270518e-15,  Error =1.7429509568955837e-07
Completed 21 % :  mod = 2.483552963123154e-15,  Error =1.8301037840728895e-07
Completed 22 % :  mod = 2.9203047127928e-15,  Error =1.917265208817298e-07
Completed 23 % :  mod = 3.434151139964834e-15,  Error =2.0044103621330578e-07
Completed 24 % :  mod = 4.03865754315379e-15,  Error =2.0915545206889874e-07
Completed 25 % :  mod = 4.7497826026293554e-15,  Error =2.1787133164252737e-07
Completed 26 % :  mod = 5.586299694418221e-15,  Error =2.2658577591982976e-07
Completed 27 % :  mod = 6.570292468322828e-15,  Error =2.3530063941734625e-07
Completed 28 % :  mod = 7.727737877697529e-15,  Error =2.4401508369464864e-07
Completed 28 % :  mod = 9.089191927737725e-15,  Error =2.5272979087276326e-07
Completed 30 % :  mod = 1.069059634966465e-14,  Error =2.614451517501948e-07
Completed 31 % :  mod = 1.2574227470359381e-14,  Error =2.701597381360443e-07
Completed 32 % :  mod = 1.4789812239068616e-14,  Error =2.7887543296856165e-07
Completed 33 % :  mod = 1.739584100175919e-14,  Error =2.875902183063772e-07
Completed 34 % :  mod = 2.0461111653347858e-14,  Error =2.963056360272276e-07
Completed 35 % :  mod = 2.4066545781030258e-14,  Error =3.050202295185045e-07
Completed 36 % :  mod = 2.8307324968486335e-14,  Error =3.1373526354627757e-07
Completed 37 % :  mod = 3.3295403515706263e-14,  Error =3.224507523214015e-07
Completed 38 % :  mod = 3.916246386381223e-14,  Error =3.311652463366954e-07
Completed 39 % :  mod = 4.606339285699638e-14,  Error =3.398792927100658e-07
Completed 40 % :  mod = 5.418037049215272e-14,  Error =3.4859357356253895e-07
Completed 41 % :  mod = 6.37276790429923e-14,  Error =3.573085436414658e-07
Completed 42 % :  mod = 7.495735950997918e-14,  Error =3.6602304476218706e-07
Completed 43 % :  mod = 8.816586455898225e-14,  Error =3.74737062713848e-07
Completed 44 % :  mod = 1.0370188330188545e-13,  Error =3.834523880641427e-07
Completed 45 % :  mod = 1.2197554434321563e-13,  Error =3.92167486040762e-07
Completed 46 % :  mod = 1.4346923933836888e-13,  Error =4.0088215769173985e-07
Completed 47 % :  mod = 1.687503519246896e-13,  Error =4.0959708513810256e-07
Completed 48 % :  mod = 1.984862268099012e-13,  Error =4.1831186337049076e-07
Completed 49 % :  mod = 2.3346177164169953e-13,  Error =4.270271176665119e-07
Completed 50 % :  mod = 2.746001526138493e-13,  Error =4.3574159036552373e-07
Completed 51 % :  mod = 3.2298712414409746e-13,  Error =4.44456190962228e-07
Completed 52 % :  mod = 3.798996245905123e-13,  Error =4.531717223699161e-07
Completed 53 % :  mod = 4.468393767567032e-13,  Error =4.61886315861193e-07
Completed 54 % :  mod = 5.25572353661588e-13,  Error =4.7060176910918017e-07
Completed 55 % :  mod = 6.181751079636976e-13,  Error =4.793163626004571e-07
Completed 56 % :  mod = 7.270891178806562e-13,  Error =4.880315245259226e-07
Completed 56 % :  mod = 8.551844698470628e-13,  Error =4.96745968803225e-07
Completed 57 % :  mod = 1.005834372647235e-12,  Error =5.054605196619377e-07
Completed 59 % :  mod = 1.1830021675901562e-12,  Error =5.141748573578298e-07
Completed 60 % :  mod = 1.3913426396577793e-12,  Error =5.228886124086785e-07
Completed 61 % :  mod = 1.6363195045400116e-12,  Error =5.316034830116223e-07
Completed 62 % :  mod = 1.9243408754420803e-12,  Error =5.403183749308482e-07
Completed 63 % :  mod = 2.2629141806050276e-12,  Error =5.4903284762986e-07
Completed 64 % :  mod = 2.6608212102709105e-12,  Error =5.577460413519475e-07
Completed 65 % :  mod = 3.128312398310498e-12,  Error =5.664592208631802e-07
Completed 66 % :  mod = 3.677316567104076e-12,  Error =5.751707234935566e-07
Completed 67 % :  mod = 4.321657360382596e-12,  Error =5.838813379455132e-07
Completed 68 % :  mod = 5.0772591687915786e-12,  Error =5.925909789539219e-07
Completed 69 % :  mod = 5.962311553149525e-12,  Error =6.012978914782252e-07
Completed 70 % :  mod = 6.997339102476586e-12,  Error =6.100016562982091e-07
Completed 71 % :  mod = 8.205089301388289e-12,  Error =6.187017405068218e-07
Completed 72 % :  mod = 9.610099227550115e-12,  Error =6.273958419455994e-07
Completed 73 % :  mod = 1.1237727509034119e-11,  Error =6.360809265970602e-07
Completed 74 % :  mod = 1.3112338547164426e-11,  Error =6.447564118161608e-07
Completed 75 % :  mod = 1.5254209398535948e-11,  Error =6.534187022566584e-07
Completed 76 % :  mod = 1.767462931242271e-11,  Error =6.620625683240178e-07
Completed 77 % :  mod = 2.0368663283455887e-11,  Error =6.706822119895151e-07
Completed 78 % :  mod = 2.3305326426447896e-11,  Error =6.792711033654086e-07
Completed 79 % :  mod = 2.6415740462993766e-11,  Error =6.878229612539144e-07
Completed 80 % :  mod = 2.958151286710744e-11,  Error =6.963316252495133e-07
Completed 81 % :  mod = 3.262809054859315e-11,  Error =7.047910841606608e-07
Completed 82 % :  mod = 3.5330258485534394e-11,  Error =7.132019206324003e-07
Completed 83 % :  mod = 3.7436854563348237e-11,  Error =7.215689734607622e-07
Completed 84 % :  mod = 3.8716047840963143e-11,  Error =7.299026378859708e-07
Completed 85 % :  mod = 3.901084402859946e-11,  Error =7.382205495787275e-07
Completed 86 % :  mod = 3.828327318622102e-11,  Error =7.465419784580263e-07
Completed 87 % :  mod = 3.662582422462852e-11,  Error =7.548874947360673e-07
Completed 88 % :  mod = 3.4234093726737103e-11,  Error =7.632713590055573e-07
Completed 89 % :  mod = 3.1354762964548684e-11,  Error =7.717035614973611e-07
Completed 90 % :  mod = 2.8232338986480717e-11,  Error =7.801840169463503e-07
Completed 91 % :  mod = 2.5072173734067558e-11,  Error =7.887115387461563e-07
Completed 92 % :  mod = 2.2024613544912297e-11,  Error =7.972802293920722e-07
Completed 93 % :  mod = 1.91856557049549e-11,  Error =8.058831895141338e-07
Completed 94 % :  mod = 1.6606479384185636e-11,  Error =8.145134700043855e-07
Completed 95 % :  mod = 1.4305582225999362e-11,  Error =8.231654717860692e-07
Completed 96 % :  mod = 1.2279916898672707e-11,  Error =8.318332405110596e-07
Completed 97 % :  mod = 1.0513616236475135e-11,  Error =8.405145948131576e-07
Completed 98 % :  mod = 8.984175775851875e-12,  Error =8.492038574559047e-07
Completed 99 % :  mod = 7.666513569982276e-12,  Error =8.578996499863933e-07
Completed 100 % :  mod = 6.535457625227224e-12,  Error =8.666017023983841e-07
Finished 25/41 frames
Finished all frames!
