/opt/local/miniconda_23_9/lib/python3.11/site-packages/conda/base/context.py:201: FutureWarning: Adding 'defaults' to channel list implicitly is deprecated and will be removed in 25.3. 

To remove this warning, please choose a default channel explicitly with conda's regular configuration system, e.g. by adding 'defaults' to the list of channels:

  conda config --add channels defaults

For more information see https://docs.conda.io/projects/conda/en/stable/user-guide/configuration/use-condarc.html

  deprecated.topic(
JOB 13417 ARRAY_ID 63  -> i=63 ; range=[1.9e-10, 6.0e-10] ; intervals=200 (frames=201)
Density options: centers='2.0e-10,4.0e-10' width='5e-11,5e-11' strength=''
Completed 0 % :  mod = 2.292533915259975e-16,  Error =-1.4210854715202004e-14
Completed 1 % :  mod = 2.806833324630019e-16,  Error =3.310396579081498e-08
Completed 2 % :  mod = 4.58048397917019e-16,  Error =6.620686576752632e-08
Completed 3 % :  mod = 8.409275627218128e-16,  Error =9.931085287462338e-08
Completed 4 % :  mod = 1.6011085032843624e-15,  Error =1.3241430707466861e-07
Completed 5 % :  mod = 3.0796641290710564e-15,  Error =1.655179886483893e-07
Completed 6 % :  mod = 5.93998292284724e-15,  Error =1.986213291615968e-07
Completed 7 % :  mod = 1.1465413659060103e-14,  Error =2.3172456309339395e-07
Completed 8 % :  mod = 2.213506973242594e-14,  Error =2.6482834414309764e-07
Completed 9 % :  mod = 4.273614103880192e-14,  Error =2.979320115059636e-07
Completed 10 % :  mod = 8.251177679313494e-14,  Error =3.310351743834872e-07
Completed 11 % :  mod = 1.5930822814826864e-13,  Error =3.641380459384891e-07
Completed 12 % :  mod = 3.075818991020955e-13,  Error =3.9724161382537204e-07
Completed 13 % :  mod = 5.938583953877176e-13,  Error =4.3034462038349375e-07
Completed 14 % :  mod = 1.1465763200591638e-12,  Error =4.6344779747187204e-07
Completed 15 % :  mod = 2.2136820773653536e-12,  Error =4.965497026887533e-07
Completed 16 % :  mod = 4.273645275854116e-12,  Error =5.296482541439218e-07
Completed 17 % :  mod = 8.248469506109332e-12,  Error =5.627312731348866e-07
Completed 18 % :  mod = 1.5905399813365494e-11,  Error =5.957625361929786e-07
Completed 19 % :  mod = 3.056416720871295e-11,  Error =6.28596183105401e-07
Completed 20 % :  mod = 5.7982937529072034e-11,  Error =6.607273661529689e-07
Completed 21 % :  mod = 1.0494555403183047e-10,  Error =6.905936871248741e-07
Completed 22 % :  mod = 1.6185218292087194e-10,  Error =7.152721153147468e-07
Completed 23 % :  mod = 1.6736768299726767e-10,  Error =7.356392472956941e-07
Completed 24 % :  mod = 1.1174361029999072e-10,  Error =7.595692537165633e-07
Completed 25 % :  mod = 6.250169661736531e-11,  Error =7.889686344242364e-07
Completed 26 % :  mod = 3.319081381200897e-11,  Error =8.209395971903177e-07
Completed 27 % :  mod = 1.7220234950712527e-11,  Error =8.53726945138078e-07
Completed 28 % :  mod = 9.051514315835929e-12,  Error =8.867434786452577e-07
Completed 28 % :  mod = 4.845017069359767e-12,  Error =9.198239823149379e-07
Completed 30 % :  mod = 2.7906398405699377e-12,  Error =9.529195921231803e-07
Completed 31 % :  mod = 2.020617799511005e-12,  Error =9.860206233724966e-07
Completed 32 % :  mod = 2.1447760741250726e-12,  Error =1.0191222941102751e-06
Completed 33 % :  mod = 3.2137753778712992e-12,  Error =1.0522221742803595e-06
Completed 34 % :  mod = 5.761864175505371e-12,  Error =1.0853159864154804e-06
Completed 35 % :  mod = 1.0871226367439115e-11,  Error =1.118385291931645e-06
Completed 36 % :  mod = 2.0721145931005676e-11,  Error =1.151362688744939e-06
Completed 37 % :  mod = 3.9866531234032435e-11,  Error =1.1840098963489254e-06
Completed 38 % :  mod = 7.440665127731196e-11,  Error =1.2155050157502956e-06
Completed 39 % :  mod = 1.2871735208049927e-10,  Error =1.2436183425279523e-06
Completed 40 % :  mod = 1.751047667736787e-10,  Error =1.2659013677307485e-06
Completed 41 % :  mod = 1.468181300362955e-10,  Error =1.2868190779613542e-06
Completed 42 % :  mod = 8.976925766764174e-11,  Error =1.3132353586797763e-06
Completed 43 % :  mod = 4.843576847229105e-11,  Error =1.3440024133615225e-06
Completed 44 % :  mod = 2.540313282999107e-11,  Error =1.376425970534001e-06
Completed 45 % :  mod = 1.3331994377158114e-11,  Error =1.4093431914830035e-06
Completed 46 % :  mod = 6.9808085297462254e-12,  Error =1.4423950815967146e-06
Completed 47 % :  mod = 3.8442832614781316e-12,  Error =1.47548355755589e-06
Completed 48 % :  mod = 2.4204783996782216e-12,  Error =1.5085821161164858e-06
Completed 49 % :  mod = 2.059070763744839e-12,  Error =1.5416838721193926e-06
Completed 50 % :  mod = 2.6382181198794044e-12,  Error =1.574785443381188e-06
Completed 51 % :  mod = 4.41692762775896e-12,  Error =1.6078829148113982e-06
Completed 52 % :  mod = 8.11104932615759e-12,  Error =1.640966253546594e-06
Completed 53 % :  mod = 1.55062817494672e-11,  Error =1.6739997477088764e-06
Completed 54 % :  mod = 2.9771325612683994e-11,  Error =1.7068487423443912e-06
Completed 55 % :  mod = 5.614338264315963e-11,  Error =1.7390332445188506e-06
Completed 56 % :  mod = 1.0256029381882938e-10,  Error =1.7690602405195932e-06
Completed 56 % :  mod = 1.5974787280093428e-10,  Error =1.7940344179123713e-06
Completed 57 % :  mod = 1.6865422385813583e-10,  Error =1.8144315347967677e-06
Completed 59 % :  mod = 1.1481525475809401e-10,  Error =1.8380817294882945e-06
Completed 60 % :  mod = 6.422428735155203e-11,  Error =1.8672907700079122e-06
Completed 61 % :  mod = 3.414825610673624e-11,  Error =1.8991951336033708e-06
Completed 62 % :  mod = 1.7771758556387142e-11,  Error =1.931964220602822e-06
Completed 63 % :  mod = 9.240659616555986e-12,  Error =1.964976824808673e-06
Completed 64 % :  mod = 4.871542684719254e-12,  Error =1.998055935814591e-06
Completed 65 % :  mod = 2.6399559596624895e-12,  Error =2.031151950632193e-06
Completed 66 % :  mod = 1.6099338318424877e-12,  Error =2.064253258993176e-06
Completed 67 % :  mod = 1.30420522360574e-12,  Error =2.0973554626380064e-06
Completed 68 % :  mod = 1.5753090298266424e-12,  Error =2.1304579576053584e-06
Completed 69 % :  mod = 2.55525869656169e-12,  Error =2.163559251755487e-06
Completed 70 % :  mod = 4.698148368029131e-12,  Error =2.1966565100228763e-06
Completed 71 % :  mod = 8.902844030945916e-12,  Error =2.2297365731560603e-06
Completed 72 % :  mod = 1.7119083716261698e-11,  Error =2.262755089077473e-06
Completed 73 % :  mod = 3.29058080154049e-11,  Error =2.2955466931762203e-06
Completed 74 % :  mod = 6.198396423960823e-11,  Error =2.3275337710515487e-06
Completed 75 % :  mod = 1.1143889495095028e-10,  Error =2.356976111173026e-06
Completed 76 % :  mod = 1.6655926230452364e-10,  Error =2.3809773352923003e-06
Completed 77 % :  mod = 1.6245384557201386e-10,  Error =2.40133012852084e-06
Completed 78 % :  mod = 1.0573251362453052e-10,  Error =2.425946092898812e-06
Completed 79 % :  mod = 5.822178109590368e-11,  Error =2.45576849522422e-06
Completed 80 % :  mod = 3.0887810821532363e-11,  Error =2.4878873361444676e-06
Completed 81 % :  mod = 1.6066551100649484e-11,  Error =2.5207173734997923e-06
Completed 82 % :  mod = 8.385433172421304e-12,  Error =2.5537459578117705e-06
Completed 83 % :  mod = 4.501936687592556e-12,  Error =2.586828557582521e-06
Completed 84 % :  mod = 2.57894056633545e-12,  Error =2.619926185332133e-06
Completed 85 % :  mod = 1.832921049433355e-12,  Error =2.653026825782945e-06
Completed 86 % :  mod = 1.91788138219295e-12,  Error =2.6861283970447403e-06
Completed 87 % :  mod = 2.844955788243991e-12,  Error =2.7192284761667906e-06
Completed 88 % :  mod = 5.048523506655523e-12,  Error =2.7523248107286236e-06
Completed 89 % :  mod = 9.564837300309199e-12,  Error =2.7854014703621033e-06
Completed 90 % :  mod = 1.822305861947128e-11,  Error =2.8184088947114105e-06
Completed 91 % :  mod = 3.496363083991608e-11,  Error =2.8511590954849453e-06
Completed 92 % :  mod = 6.612614580746895e-11,  Error =2.883001826603504e-06
Completed 93 % :  mod = 1.1670676794529875e-10,  Error =2.9120460638409895e-06
Completed 94 % :  mod = 1.70119525706314e-10,  Error =2.9354463819686316e-06
Completed 95 % :  mod = 1.581452433534175e-10,  Error =2.9559073908558275e-06
Completed 96 % :  mod = 9.990562798182685e-11,  Error =2.9811204811380776e-06
Completed 97 % :  mod = 5.4939080497395546e-11,  Error =3.0112859121800284e-06
Completed 98 % :  mod = 2.8978067662264672e-11,  Error =3.043517530443296e-06
Completed 99 % :  mod = 1.5030954092563546e-11,  Error =3.0763795351163026e-06
Completed 100 % :  mod = 7.88042332287891e-12,  Error =3.109417320956709e-06
Finished 64/201 frames
Finished all frames!
