/opt/local/miniconda_23_9/lib/python3.11/site-packages/conda/base/context.py:201: FutureWarning: Adding 'defaults' to channel list implicitly is deprecated and will be removed in 25.3. 

To remove this warning, please choose a default channel explicitly with conda's regular configuration system, e.g. by adding 'defaults' to the list of channels:

  conda config --add channels defaults

For more information see https://docs.conda.io/projects/conda/en/stable/user-guide/configuration/use-condarc.html

  deprecated.topic(
JOB 13570 ARRAY_ID 13  -> i=13 ; range=[2.0e-10, 2.09e-10] ; intervals=40 (frames=41)
Completed 0 % :  mod = 1.6228292686935837e-16,  Error =-1.4210854715202004e-14
Completed 1 % :  mod = 1.6344206943399208e-16,  Error =8.312447619118757e-09
Completed 2 % :  mod = 1.669360554742989e-16,  Error =1.662383652956123e-08
Completed 3 % :  mod = 1.7281479675824757e-16,  Error =2.4935616238508373e-08
Completed 4 % :  mod = 1.8116227362470814e-16,  Error =3.324732489318194e-08
Completed 5 % :  mod = 1.9209773889313479e-16,  Error =4.155869248734234e-08
Completed 6 % :  mod = 2.0577740479502755e-16,  Error =4.987063562111871e-08
Completed 7 % :  mod = 2.2239668923458446e-16,  Error =5.818277770686109e-08
Completed 8 % :  mod = 2.4219301300334054e-16,  Error =6.649487005461197e-08
Completed 9 % :  mod = 2.6544917374648874e-16,  Error =7.480686292637984e-08
Completed 10 % :  mod = 2.9249739506367724e-16,  Error =8.311895527413071e-08
Completed 11 % :  mod = 3.23724071475497e-16,  Error =9.143097656760801e-08
Completed 12 % :  mod = 3.595752958511299e-16,  Error =9.974206705010147e-08
Completed 13 % :  mod = 4.0056321639475396e-16,  Error =1.0805396755131369e-07
Completed 14 % :  mod = 4.472733576592533e-16,  Error =1.16366187796757e-07
Completed 15 % :  mod = 5.003730050040036e-16,  Error =1.2467837251506353e-07
Completed 16 % :  mod = 5.606207073491464e-16,  Error =1.3299103329700301e-07
Completed 17 % :  mod = 6.288771243568533e-16,  Error =1.4130321801530954e-07
Completed 18 % :  mod = 7.061173356026237e-16,  Error =1.496156301072915e-07
Completed 19 % :  mod = 7.934447560796331e-16,  Error =1.5792724639140943e-07
Completed 20 % :  mod = 8.921068885093313e-16,  Error =1.6623991427877627e-07
Completed 21 % :  mod = 1.0035131705903384e-15,  Error =1.7455146661404797e-07
Completed 22 % :  mod = 1.1292550967872305e-15,  Error =1.8286397818201294e-07
Completed 23 % :  mod = 1.2711289400513888e-15,  Error =1.9117670291279865e-07
Completed 24 % :  mod = 1.4311614337110675e-15,  Error =1.9948917184819948e-07
Completed 25 % :  mod = 1.6116387182433398e-15,  Error =2.0780144893706165e-07
Completed 26 % :  mod = 1.815138986577358e-15,  Error =2.1611408840271906e-07
Completed 27 % :  mod = 2.0445693379891724e-15,  Error =2.2442602443106807e-07
Completed 28 % :  mod = 2.3032072916083378e-15,  Error =2.3273771887488692e-07
Completed 28 % :  mod = 2.5947475980680436e-15,  Error =2.4104995333118495e-07
Completed 30 % :  mod = 2.9233550546253332e-15,  Error =2.493615269827387e-07
Completed 31 % :  mod = 3.293723964557896e-15,  Error =2.5767359090878017e-07
Completed 32 % :  mod = 3.711145204554542e-15,  Error =2.6598637248298473e-07
Completed 33 % :  mod = 4.181581844584525e-15,  Error =2.7429912563547987e-07
Completed 34 % :  mod = 4.711754276259707e-15,  Error =2.826113245646411e-07
Completed 35 % :  mod = 5.309236242093022e-15,  Error =2.9092299058675053e-07
Completed 36 % :  mod = 5.9825630627758494e-15,  Error =2.9923467081971467e-07
Completed 37 % :  mod = 6.7413535070935295e-15,  Error =3.0754671342947404e-07
Completed 38 % :  mod = 7.596447235428762e-15,  Error =3.158595092145333e-07
Completed 39 % :  mod = 8.56005965898412e-15,  Error =3.241713955048908e-07
Completed 40 % :  mod = 9.645956402151102e-15,  Error =3.3248277730990594e-07
Completed 41 % :  mod = 1.086964999101545e-14,  Error =3.407946067568446e-07
Completed 42 % :  mod = 1.2248621439843812e-14,  Error =3.4910621593553515e-07
Completed 43 % :  mod = 1.3802569947494055e-14,  Error =3.57418009855337e-07
Completed 44 % :  mod = 1.5553694368934845e-14,  Error =3.6572985351313037e-07
Completed 45 % :  mod = 1.7527010278227326e-14,  Error =3.740418321740435e-07
Completed 46 % :  mod = 1.9750707312204107e-14,  Error =3.823533702984605e-07
Completed 47 % :  mod = 2.2256551947663775e-14,  Error =3.906649865825784e-07
Completed 48 % :  mod = 2.5080341203216035e-14,  Error =3.989763541767388e-07
Completed 49 % :  mod = 2.826241401024631e-14,  Error =4.0728946260060184e-07
Completed 50 % :  mod = 3.184822752226301e-14,  Error =4.1560099361959146e-07
Completed 51 % :  mod = 3.58890063869515e-14,  Error =4.2391287990994897e-07
Completed 52 % :  mod = 4.044247447510704e-14,  Error =4.3222490120342627e-07
Completed 53 % :  mod = 4.5573679484889955e-14,  Error =4.405370006566045e-07
Completed 54 % :  mod = 5.135592202912506e-14,  Error =4.4884829719649133e-07
Completed 55 % :  mod = 5.787180266366724e-14,  Error =4.571607945536016e-07
Completed 56 % :  mod = 6.52144016974873e-14,  Error =4.654731640130194e-07
Completed 56 % :  mod = 7.348860858627402e-14,  Error =4.7378548373444573e-07
Completed 57 % :  mod = 8.2812620008791e-14,  Error =4.820976897690343e-07
Completed 59 % :  mod = 9.331962776588117e-14,  Error =4.904095334268277e-07
Completed 60 % :  mod = 1.0515972069306782e-13,  Error =4.987214339280399e-07
Completed 61 % :  mod = 1.185020277290295e-13,  Error =5.070333202183974e-07
Completed 62 % :  mod = 1.3353713231699677e-13,  Error =5.153447801831135e-07
Completed 63 % :  mod = 1.5047979270172716e-13,  Error =5.236564106780861e-07
Completed 64 % :  mod = 1.6957200667684317e-13,  Error =5.319684106552813e-07
Completed 65 % :  mod = 1.9108646389880576e-13,  Error =5.402806877441435e-07
Completed 66 % :  mod = 2.1533043468884598e-13,  Error =5.485926024562104e-07
Completed 67 % :  mod = 2.4265015008205614e-13,  Error =5.569040197883623e-07
Completed 68 % :  mod = 2.7343573414945894e-13,  Error =5.652159629221387e-07
Completed 69 % :  mod = 3.0812675755577424e-13,  Error =5.735275934171113e-07
Completed 70 % :  mod = 3.472184891134349e-13,  Error =5.818397923462726e-07
Completed 71 % :  mod = 3.9126893082718974e-13,  Error =5.901513873141084e-07
Completed 72 % :  mod = 4.40906731972583e-13,  Error =5.984630320199358e-07
Completed 73 % :  mod = 4.968400877064092e-13,  Error =6.067750391025584e-07
Completed 74 % :  mod = 5.598667386616979e-13,  Error =6.15086868549497e-07
Completed 75 % :  mod = 6.308851993486042e-13,  Error =6.233986553638715e-07
Completed 76 % :  mod = 7.109073538949854e-13,  Error =6.317105558650837e-07
Completed 77 % :  mod = 8.010725678961303e-13,  Error =6.400221721492017e-07
Completed 78 % :  mod = 9.02663473857507e-13,  Error =6.483328789386178e-07
Completed 79 % :  mod = 1.017123591914407e-12,  Error =6.566443531141886e-07
Completed 80 % :  mod = 1.1460769468566129e-12,  Error =6.649555075455282e-07
Completed 81 % :  mod = 1.2913498323443646e-12,  Error =6.732676425258433e-07
Completed 82 % :  mod = 1.4549948479341665e-12,  Error =6.815784772129518e-07
Completed 83 % :  mod = 1.639317288508804e-12,  Error =6.898901077079245e-07
Completed 84 % :  mod = 1.846903887076891e-12,  Error =6.982013118772556e-07
Completed 85 % :  mod = 2.080653785660375e-12,  Error =7.065127789473991e-07
Completed 86 % :  mod = 2.3438114153982885e-12,  Error =7.148234359988237e-07
Completed 87 % :  mod = 2.6400006745913837e-12,  Error =7.231338301494361e-07
Completed 88 % :  mod = 2.9732593617488726e-12,  Error =7.314431229588081e-07
Completed 89 % :  mod = 3.3480721938367665e-12,  Error =7.397515915386066e-07
Completed 90 % :  mod = 3.769399839208438e-12,  Error =7.480597972175929e-07
Completed 91 % :  mod = 4.242700119563643e-12,  Error =7.56366809184783e-07
Completed 92 % :  mod = 4.773935754656754e-12,  Error =7.646731106092375e-07
Completed 93 % :  mod = 5.369560572857685e-12,  Error =7.72978836494076e-07
Completed 94 % :  mod = 6.036472803514812e-12,  Error =7.812825657538269e-07
Completed 95 % :  mod = 6.7819197109281105e-12,  Error =7.89583673110883e-07
Completed 96 % :  mod = 7.613332276218119e-12,  Error =7.978824001497742e-07
Completed 97 % :  mod = 8.53806188872713e-12,  Error =8.06176608136866e-07
Completed 98 % :  mod = 9.562983415064174e-12,  Error =8.144671710397233e-07
Completed 99 % :  mod = 1.0693921577766658e-11,  Error =8.227532646287727e-07
Completed 100 % :  mod = 1.1934852459838556e-11,  Error =8.310317554105495e-07
Finished 14/41 frames
Finished all frames!
