/opt/local/miniconda_23_9/lib/python3.11/site-packages/conda/base/context.py:201: FutureWarning: Adding 'defaults' to channel list implicitly is deprecated and will be removed in 25.3. 

To remove this warning, please choose a default channel explicitly with conda's regular configuration system, e.g. by adding 'defaults' to the list of channels:

  conda config --add channels defaults

For more information see https://docs.conda.io/projects/conda/en/stable/user-guide/configuration/use-condarc.html

  deprecated.topic(
JOB 13456 ARRAY_ID 102  -> i=102 ; range=[1.9e-10, 6.0e-10] ; intervals=200 (frames=201)
Density options: centers='2.0e-10,4.0e-10' width='5e-11,5e-11' strength=''
Completed 0 % :  mod = 2.9584207324565944e-16,  Error =-1.4210854715202004e-14
Completed 1 % :  mod = 4.3056985367053295e-16,  Error =9.180113380580224e-08
Completed 2 % :  mod = 9.574644505433583e-16,  Error =1.8360168496656115e-07
Completed 3 % :  mod = 2.3564261028506264e-15,  Error =2.7540359326394537e-07
Completed 4 % :  mod = 5.901641386916792e-15,  Error =3.672042936386788e-07
Completed 5 % :  mod = 1.482212364803079e-14,  Error =4.590052142816603e-07
Completed 6 % :  mod = 3.724272671211312e-14,  Error =5.508060922920777e-07
Completed 7 % :  mod = 9.35843323433316e-14,  Error =6.426074818932648e-07
Completed 8 % :  mod = 2.3516335201164377e-13,  Error =7.344097099348801e-07
Completed 9 % :  mod = 5.909308867269685e-13,  Error =8.262103108336305e-07
Completed 10 % :  mod = 1.4849180691476331e-12,  Error =9.18009284589516e-07
Completed 11 % :  mod = 3.7312957098893235e-12,  Error =1.0098052101170651e-06
Completed 12 % :  mod = 9.37480512441328e-12,  Error =1.101570830996934e-06
Completed 13 % :  mod = 2.3535290369878475e-11,  Error =1.1931536931797382e-06
Completed 14 % :  mod = 5.878646950282346e-11,  Error =1.2835996301419073e-06
Completed 15 % :  mod = 1.419989852599793e-10,  Error =1.3676437617959891e-06
Completed 16 % :  mod = 2.7157339583665953e-10,  Error =1.4294419301563721e-06
Completed 17 % :  mod = 1.9887033458300946e-10,  Error =1.4803819325948098e-06
Completed 18 % :  mod = 9.168138246703866e-11,  Error =1.5570581197721367e-06
Completed 19 % :  mod = 3.7201790290461936e-11,  Error =1.6456326079605788e-06
Completed 20 % :  mod = 2.3602987938284462e-11,  Error =1.7366866060797292e-06
Completed 21 % :  mod = 3.0384894755253016e-11,  Error =1.8279610287663672e-06
Completed 22 % :  mod = 5.878876845096323e-11,  Error =1.9181898096576333e-06
Completed 23 % :  mod = 1.4161737355035787e-10,  Error =2.002018668179062e-06
Completed 24 % :  mod = 2.772920455266635e-10,  Error =2.0641594176140643e-06
Completed 25 % :  mod = 1.940970242236373e-10,  Error =2.1145529132127194e-06
Completed 26 % :  mod = 9.605589577178029e-11,  Error =2.1907724132574913e-06
Completed 27 % :  mod = 4.015762065264958e-11,  Error =2.2791276776956693e-06
Completed 28 % :  mod = 2.669623188687671e-11,  Error =2.3700171141172177e-06
Completed 28 % :  mod = 4.0651368367620957e-11,  Error =2.4609694264654536e-06
Completed 30 % :  mod = 8.449663450359968e-11,  Error =2.549833880038932e-06
Completed 31 % :  mod = 1.8167600966016437e-10,  Error =2.627693035606171e-06
Completed 32 % :  mod = 2.9262085617704415e-10,  Error =2.680376248065386e-06
Completed 33 % :  mod = 1.4438378918692065e-10,  Error =2.739279324259769e-06
Completed 34 % :  mod = 7.112364776623462e-11,  Error =2.8214563059236752e-06
Completed 35 % :  mod = 4.462229700790151e-11,  Error =2.9108442589631522e-06
Completed 36 % :  mod = 4.7660973627365965e-11,  Error =3.0010725282636486e-06
Completed 37 % :  mod = 9.57960015197568e-11,  Error =3.088542825935292e-06
Completed 38 % :  mod = 2.2860537046080004e-10,  Error =3.162242030896323e-06
Completed 39 % :  mod = 2.548407281723355e-10,  Error =3.212807463626177e-06
Completed 40 % :  mod = 1.2663195482224967e-10,  Error =3.2773152867093813e-06
Completed 41 % :  mod = 6.216849015395041e-11,  Error =3.3623584911879334e-06
Completed 42 % :  mod = 3.245913322695354e-11,  Error =3.4525317786915366e-06
Completed 43 % :  mod = 3.567295302399939e-11,  Error =3.5433787033412045e-06
Completed 44 % :  mod = 8.05357533104526e-11,  Error =3.6326216914517317e-06
Completed 45 % :  mod = 1.6820184988379122e-10,  Error =3.7131032399884134e-06
Completed 46 % :  mod = 2.7560182966352965e-10,  Error =3.7682472395772493e-06
Completed 47 % :  mod = 1.7237080766748404e-10,  Error =3.824752766945494e-06
Completed 48 % :  mod = 7.072769047404053e-11,  Error =3.905742865129014e-06
Completed 49 % :  mod = 2.93979517475062e-11,  Error =3.995473250029136e-06
Completed 50 % :  mod = 1.7845895563698265e-11,  Error =4.086839872741166e-06
Completed 51 % :  mod = 1.8962641829469135e-11,  Error =4.1784055184734825e-06
Completed 52 % :  mod = 3.492728909998037e-11,  Error =4.26961172195206e-06
Completed 53 % :  mod = 8.945531325417735e-11,  Error =4.3583591207152494e-06
Completed 54 % :  mod = 1.980541378245737e-10,  Error =4.435198391661288e-06
Completed 55 % :  mod = 2.7440598364744016e-10,  Error =4.486319348018242e-06
Completed 56 % :  mod = 1.4126706154671794e-10,  Error =4.547844312696725e-06
Completed 56 % :  mod = 5.949768214018483e-11,  Error =4.631807854593717e-06
Completed 57 % :  mod = 2.39305117582628e-11,  Error =4.72221290692687e-06
Completed 59 % :  mod = 1.1414936055469254e-11,  Error =4.813764398647891e-06
Completed 60 % :  mod = 8.27119079614246e-12,  Error =4.905497995366659e-06
Completed 61 % :  mod = 1.1267141525084767e-11,  Error =4.997224849034865e-06
Completed 62 % :  mod = 2.582457329505361e-11,  Error =5.088737772496188e-06
Completed 63 % :  mod = 6.555374474240032e-11,  Error =5.178885530199295e-06
Completed 64 % :  mod = 1.5492751095640098e-10,  Error =5.261575637405258e-06
Completed 65 % :  mod = 2.75709547521319e-10,  Error =5.320619820281536e-06
Completed 66 % :  mod = 1.838346023384185e-10,  Error =5.37347558804413e-06
Completed 67 % :  mod = 8.463529003081283e-11,  Error =5.4521721608580265e-06
Completed 68 % :  mod = 3.615109361926975e-11,  Error =5.5411625226042815e-06
Completed 69 % :  mod = 2.6160780967431775e-11,  Error =5.632201421690297e-06
Completed 70 % :  mod = 3.9103896917364004e-11,  Error =5.723219409503599e-06
Completed 71 % :  mod = 8.02495760601406e-11,  Error =5.8121904018548776e-06
Completed 72 % :  mod = 1.872429696262051e-10,  Error =5.8901498150021325e-06
Completed 73 % :  mod = 2.895594892287345e-10,  Error =5.943541857789114e-06
Completed 74 % :  mod = 1.429368142729189e-10,  Error =6.001926500687205e-06
Completed 75 % :  mod = 7.592754216937232e-11,  Error =6.083923054234219e-06
Completed 76 % :  mod = 4.849623048239906e-11,  Error =6.172990815400681e-06
Completed 77 % :  mod = 5.727359576753038e-11,  Error =6.2626136738686e-06
Completed 78 % :  mod = 1.2542262211996388e-10,  Error =6.347659002869932e-06
Completed 79 % :  mod = 2.6177682927211243e-10,  Error =6.414707399926556e-06
Completed 80 % :  mod = 2.174959808230595e-10,  Error =6.463372805853851e-06
Completed 81 % :  mod = 1.1128937962096926e-10,  Error =6.535045869782152e-06
Completed 82 % :  mod = 4.832861168176788e-11,  Error =6.6221419743328624e-06
Completed 83 % :  mod = 3.0365031882225865e-11,  Error =6.7127380276588156e-06
Completed 84 % :  mod = 4.123853024457117e-11,  Error =6.8035629965379485e-06
Completed 85 % :  mod = 8.807393494348551e-11,  Error =6.8922353833045236e-06
Completed 86 % :  mod = 1.825997237269956e-10,  Error =6.969746479512651e-06
Completed 87 % :  mod = 2.894180133649072e-10,  Error =7.021703282816816e-06
Completed 88 % :  mod = 1.4635180529786287e-10,  Error =7.0813984152096054e-06
Completed 89 % :  mod = 6.741308371440093e-11,  Error =7.163904903961793e-06
Completed 90 % :  mod = 3.982678353517853e-11,  Error =7.253528430339884e-06
Completed 91 % :  mod = 4.1906110476950846e-11,  Error =7.344097809891537e-06
Completed 92 % :  mod = 7.945044578492222e-11,  Error =7.4328514614308006e-06
Completed 93 % :  mod = 1.9623976123400717e-10,  Error =7.51107599938905e-06
Completed 94 % :  mod = 2.7222468652518e-10,  Error =7.5654786400036755e-06
Completed 95 % :  mod = 1.4744837016360208e-10,  Error =7.623430590797398e-06
Completed 96 % :  mod = 8.265060121974099e-11,  Error =7.7052366336261e-06
Completed 97 % :  mod = 5.0810230209276844e-11,  Error =7.793979804660012e-06
Completed 98 % :  mod = 6.308477147387352e-11,  Error =7.883041483580655e-06
Completed 99 % :  mod = 1.5607261841003763e-10,  Error =7.96589125684477e-06
Completed 100 % :  mod = 2.6168314243260045e-10,  Error =8.028873786258828e-06
Finished 103/201 frames
Finished all frames!
