/opt/local/miniconda_23_9/lib/python3.11/site-packages/conda/base/context.py:201: FutureWarning: Adding 'defaults' to channel list implicitly is deprecated and will be removed in 25.3. 

To remove this warning, please choose a default channel explicitly with conda's regular configuration system, e.g. by adding 'defaults' to the list of channels:

  conda config --add channels defaults

For more information see https://docs.conda.io/projects/conda/en/stable/user-guide/configuration/use-condarc.html

  deprecated.topic(
JOB 14042 ARRAY_ID 171  -> i=171 ; range=[1.9e-10, 5.0e-10] ; intervals=200 (frames=201)
Analytic t0 extension enabled (--extend-time-using-t0).
Density options: centers='2.0e-10,4.0e-10' width='2.0e-11,5.0e-11' strength='7.0'
Completed 0 % :  mod = 3.548784991925806e-16,  Error =-1.4210854715202004e-14
Completed 1 % :  mod = 5.938444264751086e-16,  Error =1.9007590879027703e-07
Completed 2 % :  mod = 1.6325690632566227e-15,  Error =3.801527128644011e-07
Completed 3 % :  mod = 4.8699525720293886e-15,  Error =5.702296235199356e-07
Completed 4 % :  mod = 1.4665934344116187e-14,  Error =7.603068254979917e-07
Completed 5 % :  mod = 4.4213232036468945e-14,  Error =9.503842974822874e-07
Completed 6 % :  mod = 1.3330460539495443e-13,  Error =1.140460874182736e-06
Completed 7 % :  mod = 4.019236411176284e-13,  Error =1.3305367971838677e-06
Completed 8 % :  mod = 1.2118315425602412e-12,  Error =1.5206121801725203e-06
Completed 9 % :  mod = 3.653744797442201e-12,  Error =1.7106816727618934e-06
Completed 10 % :  mod = 1.1015611093090348e-11,  Error =1.9006970930490752e-06
Completed 11 % :  mod = 3.319285312389002e-11,  Error =2.0902236528286267e-06
Completed 12 % :  mod = 9.949518102930659e-11,  Error =2.2754473718578083e-06
Completed 13 % :  mod = 2.78301308795618e-10,  Error =2.4310834163543404e-06
Completed 14 % :  mod = 3.328123706419721e-10,  Error =2.5279214810325357e-06
Completed 15 % :  mod = 1.1559721879147405e-10,  Error =2.6747975994112494e-06
Completed 16 % :  mod = 5.517904702218631e-11,  Error =2.8561248157643604e-06
Completed 17 % :  mod = 8.689105147626161e-11,  Error =3.0409492808303185e-06
Completed 18 % :  mod = 2.0848656033257298e-10,  Error =3.2111373826637646e-06
Completed 19 % :  mod = 3.5527942206272234e-10,  Error =3.323033531899e-06
Completed 20 % :  mod = 1.591113081597431e-10,  Error =3.446331945156089e-06
Completed 21 % :  mod = 7.706641172800859e-11,  Error =3.6222928017082268e-06
Completed 22 % :  mod = 6.281293114723679e-11,  Error =3.807752683826493e-06
Completed 23 % :  mod = 1.2313775846871767e-10,  Error =3.987431561824906e-06
Completed 24 % :  mod = 3.6518816513363604e-10,  Error =4.124175916331296e-06
Completed 25 % :  mod = 2.4834299755438667e-10,  Error =4.225341200481125e-06
Completed 26 % :  mod = 8.290786252894514e-11,  Error =4.3884257436843654e-06
Completed 27 % :  mod = 2.863506404369955e-11,  Error =4.574895157816172e-06
Completed 28 % :  mod = 1.2939454126834567e-11,  Error =4.764521968070312e-06
Completed 28 % :  mod = 9.544772664826864e-12,  Error =4.9544848650384665e-06
Completed 30 % :  mod = 1.8036377645532415e-11,  Error =5.144334608075951e-06
Completed 31 % :  mod = 5.6920345038030076e-11,  Error =5.33280146441939e-06
Completed 32 % :  mod = 1.6521028347086753e-10,  Error =5.509942347714514e-06
Completed 33 % :  mod = 3.7662282786465246e-10,  Error =5.633192778020657e-06
Completed 34 % :  mod = 1.8622579638956072e-10,  Error =5.742709319633832e-06
Completed 35 % :  mod = 8.814886269633825e-11,  Error =5.913724592687686e-06
Completed 36 % :  mod = 5.437958688743041e-11,  Error =6.099067910270151e-06
Completed 37 % :  mod = 9.236170214282007e-11,  Error =6.2824858559906716e-06
Completed 38 % :  mod = 2.9628302317376136e-10,  Error =6.43679816647591e-06
Completed 39 % :  mod = 3.3607107774511507e-10,  Error =6.538646196929676e-06
Completed 40 % :  mod = 1.0860047263633405e-10,  Error =6.683298330756315e-06
Completed 41 % :  mod = 7.128211574548608e-11,  Error =6.863347948637966e-06
Completed 42 % :  mod = 1.3098482873127204e-10,  Error =7.043953154095561e-06
Completed 43 % :  mod = 2.6214408325796847e-10,  Error =7.197981702233847e-06
Completed 44 % :  mod = 3.0762422391272167e-10,  Error =7.291014391341832e-06
Completed 45 % :  mod = 1.4798944535305892e-10,  Error =7.4367917832773855e-06
Completed 46 % :  mod = 6.773167972016291e-11,  Error =7.615889003886878e-06
Completed 47 % :  mod = 9.408243121180742e-11,  Error =7.797781350404875e-06
Completed 48 % :  mod = 2.9349716466172734e-10,  Error =7.95414551646445e-06
Completed 49 % :  mod = 3.2970131034583207e-10,  Error =8.056779861931318e-06
Completed 50 % :  mod = 1.0873235917913953e-10,  Error =8.198614537491267e-06
Completed 51 % :  mod = 7.719711270028019e-11,  Error =8.379020471238618e-06
Completed 52 % :  mod = 1.0396337832621573e-10,  Error =8.562387840527208e-06
Completed 53 % :  mod = 1.9507138684959384e-10,  Error =8.727983463074906e-06
Completed 54 % :  mod = 3.8741031292782454e-10,  Error =8.829530308673839e-06
Completed 55 % :  mod = 1.4750935342532497e-10,  Error =8.959517508344561e-06
Completed 56 % :  mod = 6.146773166071823e-11,  Error =9.13663191681735e-06
Completed 56 % :  mod = 6.681591275532721e-11,  Error =9.322931617816721e-06
Completed 57 % :  mod = 1.2646929224588534e-10,  Error =9.504505520396833e-06
Completed 59 % :  mod = 2.840961455598144e-10,  Error =9.651253066067511e-06
Completed 60 % :  mod = 2.988878508207912e-10,  Error =9.747756699596266e-06
Completed 61 % :  mod = 1.3292899842903488e-10,  Error =9.89918686400415e-06
Completed 62 % :  mod = 9.924094676993855e-11,  Error =1.0074467802212439e-05
Completed 63 % :  mod = 2.1343634790373533e-10,  Error =1.0236938393859418e-05
Completed 64 % :  mod = 4.0897666983425164e-10,  Error =1.0349698641221039e-05
Completed 65 % :  mod = 1.6040376926539313e-10,  Error =1.046614642774557e-05
Completed 66 % :  mod = 1.1221947895537657e-10,  Error =1.0628206958074315e-05
Completed 67 % :  mod = 2.71891506467504e-10,  Error =1.0786355893799282e-05
Completed 68 % :  mod = 3.2437827616874297e-10,  Error =1.0905190272580967e-05
Completed 69 % :  mod = 1.6035225059069853e-10,  Error =1.10193244893253e-05
Completed 70 % :  mod = 2.1736485043384316e-10,  Error =1.1174672515323891e-05
Completed 71 % :  mod = 2.819362546574793e-10,  Error =1.1318626491174655e-05
Completed 72 % :  mod = 2.827757008977565e-10,  Error =1.142156273914452e-05
Completed 73 % :  mod = 1.492922365529876e-10,  Error =1.1557472952006265e-05
Completed 74 % :  mod = 1.6127334924236298e-10,  Error =1.1723342900893385e-05
Completed 75 % :  mod = 2.6332572628675807e-10,  Error =1.187272971492348e-05
Completed 76 % :  mod = 2.8138922023352305e-10,  Error =1.1969061382899326e-05
Completed 77 % :  mod = 2.180319174008004e-10,  Error =1.210589108069371e-05
Completed 78 % :  mod = 1.0387867394061154e-10,  Error =1.2275722269805556e-05
Completed 79 % :  mod = 1.5915428451753365e-10,  Error =1.2439174213341175e-05
Completed 80 % :  mod = 4.2761497167448896e-10,  Error =1.2551074341615731e-05
Completed 81 % :  mod = 1.6302991967143193e-10,  Error =1.2666284725071364e-05
Completed 82 % :  mod = 1.2176138056499263e-10,  Error =1.2831668868784618e-05
Completed 83 % :  mod = 1.7020106164514556e-10,  Error =1.3004995061294267e-05
Completed 84 % :  mod = 2.842019996301402e-10,  Error =1.3149118139210714e-05
Completed 85 % :  mod = 2.9430187227468606e-10,  Error =1.3243549382480069e-05
Completed 86 % :  mod = 1.1225080371108466e-10,  Error =1.3392343412022001e-05
Completed 87 % :  mod = 1.0779653935496753e-10,  Error =1.3568020030163552e-05
Completed 88 % :  mod = 1.9936971119731463e-10,  Error =1.3735802987469015e-05
Completed 89 % :  mod = 3.6784175796215787e-10,  Error =1.384974125073768e-05
Completed 90 % :  mod = 2.1441160456078995e-10,  Error =1.3963494581048508e-05
Completed 91 % :  mod = 8.358404405196412e-11,  Error =1.413145925965864e-05
Completed 92 % :  mod = 9.359073255509291e-11,  Error =1.4310241347459396e-05
Completed 93 % :  mod = 2.6990410568341564e-10,  Error =1.4469544879602836e-05
Completed 94 % :  mod = 3.2415873702375123e-10,  Error =1.4570267929059355e-05
Completed 95 % :  mod = 1.7439404183541024e-10,  Error =1.4703345833311232e-05
Completed 96 % :  mod = 8.895800945071495e-11,  Error =1.487863669780154e-05
Completed 97 % :  mod = 1.0421985654354875e-10,  Error =1.5056889012043939e-05
Completed 98 % :  mod = 3.082354089591092e-10,  Error =1.520606397065194e-05
Completed 99 % :  mod = 2.882505979940466e-10,  Error =1.5301633197850606e-05
Completed 100 % :  mod = 1.498197616569788e-10,  Error =1.54476538583026e-05
Finished 172/201 frames
Finished all frames!
