/opt/local/miniconda_23_9/lib/python3.11/site-packages/conda/base/context.py:201: FutureWarning: Adding 'defaults' to channel list implicitly is deprecated and will be removed in 25.3. 

To remove this warning, please choose a default channel explicitly with conda's regular configuration system, e.g. by adding 'defaults' to the list of channels:

  conda config --add channels defaults

For more information see https://docs.conda.io/projects/conda/en/stable/user-guide/configuration/use-condarc.html

  deprecated.topic(
JOB 13358 ARRAY_ID 4  -> i=4 ; range=[1.9e-10, 6.0e-10] ; intervals=200 (frames=201)
Density options: centers='2.0e-10,4.0e-10' width='5e-11,5e-11' strength=''
Completed 0 % :  mod = 1.5572929926338535e-16,  Error =-1.4210854715202004e-14
Completed 1 % :  mod = 1.5365557747514597e-16,  Error =7.048207351090241e-09
Completed 2 % :  mod = 1.474896346881219e-16,  Error =1.4096706024702144e-08
Completed 3 % :  mod = 1.3739569189650387e-16,  Error =2.1144387574167922e-08
Completed 4 % :  mod = 1.2364257183922851e-16,  Error =2.81920691236337e-08
Completed 5 % :  mod = 1.0659655241797979e-16,  Error =3.52402835801513e-08
Completed 6 % :  mod = 8.671161666761003e-17,  Error =4.2288746726626414e-08
Completed 7 % :  mod = 6.451733699000911e-17,  Error =4.933702513199023e-08
Completed 8 % :  mod = 4.060480465678854e-17,  Error =5.6384926949704095e-08
Completed 9 % :  mod = 1.561087377637114e-17,  Error =6.34329566651104e-08
Completed 10 % :  mod = 9.798819845105285e-18,  Error =7.048152639299587e-08
Completed 11 % :  mod = 3.4947546151729777e-17,  Error =7.752971242780404e-08
Completed 12 % :  mod = 5.91655301772781e-17,  Error =8.457766398350941e-08
Completed 13 % :  mod = 8.18077991390128e-17,  Error =9.162629766024111e-08
Completed 14 % :  mod = 1.022713269966493e-16,  Error =9.867439842992098e-08
Completed 15 % :  mod = 1.2001111996164395e-16,  Error =1.0572335185088377e-07
Completed 16 % :  mod = 1.3455473196598073e-16,  Error =1.1277209921445319e-07
Completed 17 % :  mod = 1.4551482695073646e-16,  Error =1.198206618369113e-07
Completed 18 % :  mod = 1.525995178482559e-16,  Error =1.268697502609939e-07
Completed 19 % :  mod = 1.556201182467684e-16,  Error =1.3391850472999067e-07
Completed 20 % :  mod = 1.5449617966182435e-16,  Error =1.4096765710291947e-07
Completed 21 % :  mod = 1.4925764344665874e-16,  Error =1.480168378975577e-07
Completed 22 % :  mod = 1.400440115953259e-16,  Error =1.5506497419437437e-07
Completed 23 % :  mod = 1.2710066713314212e-16,  Error =1.6211374997965322e-07
Completed 24 % :  mod = 1.1077233690830462e-16,  Error =1.6916209943929061e-07
Completed 25 % :  mod = 9.14938658914234e-17,  Error =1.7621022863067992e-07
Completed 26 % :  mod = 6.977868989669744e-17,  Error =1.8325835782206923e-07
Completed 27 % :  mod = 4.620514868960787e-17,  Error =1.9030638753747553e-07
Completed 28 % :  mod = 2.1401056276759266e-17,  Error =1.973545380451469e-07
Completed 28 % :  mod = 3.973002455627161e-18,  Error =2.0440288039935695e-07
Completed 30 % :  mod = 2.924124876104369e-17,  Error =2.11451620657499e-07
Completed 31 % :  mod = 5.373072550944958e-17,  Error =2.185001051202562e-07
Completed 32 % :  mod = 7.678923056634883e-17,  Error =2.2554777956429461e-07
Completed 33 % :  mod = 9.780265961660931e-17,  Error =2.3259593717739335e-07
Completed 34 % :  mod = 1.1621136722829236e-16,  Error =2.396439882090817e-07
Completed 35 % :  mod = 1.3152508645086754e-16,  Error =2.4669260056953135e-07
Completed 36 % :  mod = 1.4333597614180951e-16,  Error =2.53740736866348e-07
Completed 37 % :  mod = 1.5132949053343734e-16,  Error =2.6078896553372033e-07
Completed 38 % :  mod = 1.5529272962119817e-16,  Error =2.678375210507511e-07
Completed 39 % :  mod = 1.5512014738197814e-16,  Error =2.748855152390206e-07
Completed 40 % :  mod = 1.5081635390012617e-16,  Error =2.8193330336989675e-07
Completed 41 % :  mod = 1.42495954429126e-16,  Error =2.889816599349615e-07
Completed 42 % :  mod = 1.303805476048521e-16,  Error =2.960302580845564e-07
Completed 43 % :  mod = 1.1479279854138428e-16,  Error =3.0307868570389473e-07
Completed 44 % :  mod = 9.614784401085302e-17,  Error =3.1012724832635286e-07
Completed 45 % :  mod = 7.494224472257574e-17,  Error =3.1717537751774216e-07
Completed 46 % :  mod = 5.1740743609015955e-17,  Error =3.2422356355255033e-07
Completed 47 % :  mod = 2.716126992015702e-17,  Error =3.312720338044528e-07
Completed 48 % :  mod = 1.858425544849545e-18,  Error =3.38319942727594e-07
Completed 49 % :  mod = 2.3493925383324076e-17,  Error =3.4536860482603515e-07
Completed 50 % :  mod = 4.822057177055148e-17,  Error =3.524176008795621e-07
Completed 51 % :  mod = 7.166297967324151e-17,  Error =3.594661137640287e-07
Completed 52 % :  mod = 9.319683591993704e-17,  Error =3.665145271725123e-07
Completed 53 % :  mod = 1.122486392347525e-16,  Error =3.7356257109877333e-07
Completed 54 % :  mod = 1.2831098234749201e-16,  Error =3.806109774018296e-07
Completed 55 % :  mod = 1.4095609991961324e-16,  Error =3.8765929843975755e-07
Completed 56 % :  mod = 1.4984722723330266e-16,  Error =3.9470668866670167e-07
Completed 56 % :  mod = 1.5474756021187073e-16,  Error =4.0175544313569844e-07
Completed 57 % :  mod = 1.5552659451837617e-16,  Error =4.088039844418745e-07
Completed 59 % :  mod = 1.521635877717786e-16,  Error =4.158522983743751e-07
Completed 60 % :  mod = 1.4474810977714224e-16,  Error =4.229002570355078e-07
Completed 61 % :  mod = 1.3347763320700553e-16,  Error =4.2994862070599993e-07
Completed 62 % :  mod = 1.1865232205332925e-16,  Error =4.3699709806332976e-07
Completed 63 % :  mod = 1.0066702364028765e-16,  Error =4.440453906795483e-07
Completed 64 % :  mod = 8.000071524721835e-17,  Error =4.510945927904686e-07
Completed 65 % :  mod = 5.720379044600493e-17,  Error =4.5814221039108816e-07
Completed 66 % :  mod = 3.288339990965889e-17,  Error =4.6519092933294814e-07
Completed 67 % :  mod = 7.687246737324578e-18,  Error =4.722398401213468e-07
Completed 68 % :  mod = 1.7713637927616038e-17,  Error =4.792879906290182e-07
Completed 69 % :  mod = 4.264276225726842e-17,  Error =4.863361482421169e-07
Completed 70 % :  mod = 6.643620839622945e-17,  Error =4.933837871590185e-07
Completed 71 % :  mod = 8.846029571449638e-17,  Error =5.004318524015616e-07
Completed 72 % :  mod = 1.0812847876321275e-16,  Error =5.074810047744904e-07
Completed 73 % :  mod = 1.2491694914179213e-16,  Error =5.14529219231008e-07
Completed 74 % :  mod = 1.3837857628297414e-16,  Error =5.215779950162869e-07
Completed 75 % :  mod = 1.4815485375032734e-16,  Error =5.28626955542677e-07
Completed 76 % :  mod = 1.5398541672667847e-16,  Error =5.356753050023144e-07
Completed 77 % :  mod = 1.5571497182309168e-16,  Error =5.427233418231481e-07
Completed 78 % :  mod = 1.5329746586236066e-16,  Error =5.497722881386835e-07
Completed 79 % :  mod = 1.4679728373993318e-16,  Error =5.568210141859709e-07
Completed 80 % :  mod = 1.3638753393699522e-16,  Error =5.638693565401809e-07
Completed 81 % :  mod = 1.2234546009791434e-16,  Error =5.70917720210673e-07
Completed 82 % :  mod = 1.0504503424823972e-16,  Error =5.779655509741133e-07
Completed 83 % :  mod = 8.494701367014901e-17,  Error =5.850131827855876e-07
Completed 84 % :  mod = 6.258665292765363e-17,  Error =5.920616246157806e-07
Completed 85 % :  mod = 3.855945304390942e-17,  Error =5.991108054104188e-07
Completed 86 % :  mod = 1.3505327816726223e-17,  Error =6.061599364670656e-07
Completed 87 % :  mod = 1.1908474307455174e-17,  Error =6.132079661824719e-07
Completed 88 % :  mod = 3.700513481609707e-17,  Error =6.202558253676216e-07
Completed 89 % :  mod = 6.111625915232121e-17,  Error =6.273037627124722e-07
Completed 90 % :  mod = 8.359970943644573e-17,  Error =6.3435221875352e-07
Completed 91 % :  mod = 1.0385670497758361e-16,  Error =6.414006463728583e-07
Completed 92 % :  mod = 1.213477447249525e-16,  Error =6.484492445224532e-07
Completed 93 % :  mod = 1.3560700021053317e-16,  Error =6.55497025547902e-07
Completed 94 % :  mod = 1.4625471612382495e-16,  Error =6.625450765795904e-07
Completed 95 % :  mod = 1.5300731799364212e-16,  Error =6.695937813105957e-07
Completed 96 % :  mod = 1.5568497628952655e-16,  Error =6.766409939018558e-07
Completed 97 % :  mod = 1.5421636917261846e-16,  Error =6.836896488948696e-07
Completed 98 % :  mod = 1.4864060998157997e-16,  Error =6.907374086040363e-07
Completed 99 % :  mod = 1.391062106718901e-16,  Error =6.97786120440469e-07
Completed 100 % :  mod = 1.2586707800318592e-16,  Error =7.048341359450205e-07
Finished 5/201 frames
Finished all frames!
