/opt/local/miniconda_23_9/lib/python3.11/site-packages/conda/base/context.py:201: FutureWarning: Adding 'defaults' to channel list implicitly is deprecated and will be removed in 25.3. 

To remove this warning, please choose a default channel explicitly with conda's regular configuration system, e.g. by adding 'defaults' to the list of channels:

  conda config --add channels defaults

For more information see https://docs.conda.io/projects/conda/en/stable/user-guide/configuration/use-condarc.html

  deprecated.topic(
JOB 13364 ARRAY_ID 10  -> i=10 ; range=[1.9e-10, 6.0e-10] ; intervals=200 (frames=201)
Density options: centers='2.0e-10,4.0e-10' width='5e-11,5e-11' strength=''
Completed 0 % :  mod = 1.6133400563996013e-16,  Error =-1.4210854715202004e-14
Completed 1 % :  mod = 1.620070499858567e-16,  Error =8.11938605238538e-09
Completed 2 % :  mod = 1.640318031988208e-16,  Error =1.6238374200838734e-08
Completed 3 % :  mod = 1.6742515966738205e-16,  Error =2.43583997416863e-08
Completed 4 % :  mod = 1.72215424529825e-16,  Error =3.247730973043872e-08
Completed 5 % :  mod = 1.784425733572028e-16,  Error =4.059642577658451e-08
Completed 6 % :  mod = 1.8615856208757298e-16,  Error =4.87154920847388e-08
Completed 7 % :  mod = 1.9542776248489106e-16,  Error =5.683484260998739e-08
Completed 8 % :  mod = 2.0632751774588833e-16,  Error =6.495351101420965e-08
Completed 9 % :  mod = 2.1894876567726584e-16,  Error =7.307297522629597e-08
Completed 10 % :  mod = 2.3339681578018106e-16,  Error =8.11922689081257e-08
Completed 11 % :  mod = 2.497922198061438e-16,  Error =8.931104389375832e-08
Completed 12 % :  mod = 2.682717650458356e-16,  Error =9.743037310272484e-08
Completed 13 % :  mod = 2.8898963858582173e-16,  Error =1.0554924045891312e-07
Completed 14 % :  mod = 3.1211870266595964e-16,  Error =1.1366938679202576e-07
Completed 15 % :  mod = 3.3785193748918216e-16,  Error =1.2178866626300078e-07
Completed 16 % :  mod = 3.6640403628421256e-16,  Error =1.2990871312013041e-07
Completed 17 % :  mod = 3.980132254648037e-16,  Error =1.3802789311512242e-07
Completed 18 % :  mod = 4.3294324815714805e-16,  Error =1.4614759180631154e-07
Completed 19 % :  mod = 4.714855391679009e-16,  Error =1.5426683575014977e-07
Completed 20 % :  mod = 5.139616706987579e-16,  Error =1.6238629285680872e-07
Completed 21 % :  mod = 5.60726051488492e-16,  Error =1.7050560785492053e-07
Completed 22 % :  mod = 6.121688646482975e-16,  Error =1.7862446100025409e-07
Completed 23 % :  mod = 6.6871931191585015e-16,  Error =1.8674376178751118e-07
Completed 24 % :  mod = 7.308492239884892e-16,  Error =1.948630909964777e-07
Completed 25 % :  mod = 7.99076990458307e-16,  Error =2.0298327996215448e-07
Completed 26 % :  mod = 8.739718641498643e-16,  Error =2.1110207626406918e-07
Completed 27 % :  mod = 9.56158726507699e-16,  Error =2.1922085835512917e-07
Completed 28 % :  mod = 1.0463233104664126e-15,  Error =2.273406209951645e-07
Completed 28 % :  mod = 1.1452179145109446e-15,  Error =2.354603552134904e-07
Completed 30 % :  mod = 1.2536676588503395e-15,  Error =2.4357981232014936e-07
Completed 31 % :  mod = 1.3725773902045134e-15,  Error =2.516993546919366e-07
Completed 32 % :  mod = 1.5029392523680146e-15,  Error =2.5981896811799743e-07
Completed 33 % :  mod = 1.6458409153646491e-15,  Error =2.6793831153781866e-07
Completed 34 % :  mod = 1.8024746600619558e-15,  Error =2.760571220505881e-07
Completed 35 % :  mod = 1.974147379611992e-15,  Error =2.841755630811349e-07
Completed 36 % :  mod = 2.162291432164369e-15,  Error =2.922942741179213e-07
Completed 37 % :  mod = 2.3684765845788138e-15,  Error =3.0041311305240015e-07
Completed 38 % :  mod = 2.5944231526544904e-15,  Error =3.0853124144414323e-07
Completed 39 % :  mod = 2.8420163365836046e-15,  Error =3.1665005195691265e-07
Completed 40 % :  mod = 3.113321930196911e-15,  Error =3.2477030487143566e-07
Completed 41 % :  mod = 3.4106035673175937e-15,  Error =3.328900461951889e-07
Completed 42 % :  mod = 3.736341632040647e-15,  Error =3.410097875189422e-07
Completed 43 % :  mod = 4.093253919791721e-15,  Error =3.491291664659002e-07
Completed 44 % :  mod = 4.4843183374895785e-15,  Error =3.572483180391828e-07
Completed 45 % :  mod = 4.912797722893576e-15,  Error =3.6536738434733707e-07
Completed 46 % :  mod = 5.382267110027618e-15,  Error =3.734866069748932e-07
Completed 47 % :  mod = 5.896643535185967e-15,  Error =3.816054032768079e-07
Completed 48 % :  mod = 6.460218683684066e-15,  Error =3.8972500249201403e-07
Completed 49 % :  mod = 7.077694763957922e-15,  Error =3.9784394800790324e-07
Completed 50 % :  mod = 7.754223714529277e-15,  Error =4.0596331274400654e-07
Completed 51 % :  mod = 8.495450138970395e-15,  Error =4.1408168982570714e-07
Completed 52 % :  mod = 9.307558469416148e-15,  Error =4.222017366828368e-07
Completed 53 % :  mod = 1.019732455683654e-14,  Error =4.303203482436402e-07
Completed 54 % :  mod = 1.117217216447402e-14,  Error =4.384389740152983e-07
Completed 55 % :  mod = 1.2240234927393667e-14,  Error =4.465581753265724e-07
Completed 56 % :  mod = 1.341042424265989e-14,  Error =4.54677049788188e-07
Completed 56 % :  mod = 1.469250359658094e-14,  Error =4.627962866265989e-07
Completed 57 % :  mod = 1.6097170007722955e-14,  Error =4.709160350557795e-07
Completed 59 % :  mod = 1.7636143296448458e-14,  Error =4.790354921624385e-07
Completed 60 % :  mod = 1.9322263886460988e-14,  Error =4.871555745467049e-07
Completed 61 % :  mod = 2.116959990189526e-14,  Error =4.95274200318363e-07
Completed 62 % :  mod = 2.3193564530545905e-14,  Error =5.033933661025003e-07
Completed 63 % :  mod = 2.5411044658672833e-14,  Error =5.11511487388816e-07
Completed 64 % :  mod = 2.784054176632933e-14,  Error =5.196312855559881e-07
Completed 65 % :  mod = 3.0502326211332145e-14,  Error =5.277502879152962e-07
Completed 66 % :  mod = 3.341860640465397e-14,  Error =5.358693968560146e-07
Completed 67 % :  mod = 3.6613714095468535e-14,  Error =5.439885981672887e-07
Completed 68 % :  mod = 4.011430732146484e-14,  Error =5.521079557979647e-07
Completed 69 % :  mod = 4.39495928032308e-14,  Error =5.602269084192812e-07
Completed 70 % :  mod = 4.815156962111514e-14,  Error =5.683465289507694e-07
Completed 71 % :  mod = 5.2755296134933947e-14,  Error =5.764660855334114e-07
Completed 72 % :  mod = 5.779918240632756e-14,  Error =5.845858908060109e-07
Completed 73 % :  mod = 6.332531057904672e-14,  Error =5.927052342258321e-07
Completed 74 % :  mod = 6.937978590333354e-14,  Error =6.008241371091572e-07
Completed 75 % :  mod = 7.601312124834776e-14,  Error =6.089434023692775e-07
Completed 76 % :  mod = 8.328065830031154e-14,  Error =6.170630584279024e-07
Completed 77 % :  mod = 9.124302906497803e-14,  Error =6.251832758152887e-07
Completed 78 % :  mod = 9.996666142377473e-14,  Error =6.333030668770334e-07
Completed 79 % :  mod = 1.0952433282275953e-13,  Error =6.4142201949835e-07
Completed 80 % :  mod = 1.199957768826795e-13,  Error =6.495415618701372e-07
Completed 81 % :  mod = 1.3146834787543173e-13,  Error =6.57661253455899e-07
Completed 82 % :  mod = 1.4403774842064581e-13,  Error =6.65780433450891e-07
Completed 83 % :  mod = 1.5780882654435937e-13,  Error =6.738992510690878e-07
Completed 84 % :  mod = 1.728964486176594e-13,  Error =6.820184523803619e-07
Completed 85 % :  mod = 1.8942645524551244e-13,  Error =6.901375186885161e-07
Completed 86 % :  mod = 2.0753670796151793e-13,  Error =6.982561160384648e-07
Completed 87 % :  mod = 2.273782351415283e-13,  Error =7.063745783852937e-07
Completed 88 % :  mod = 2.4911648648157107e-13,  Error =7.144941704950725e-07
Completed 89 % :  mod = 2.7293270603117344e-13,  Error =7.22613222592372e-07
Completed 90 % :  mod = 2.9902543453735083e-13,  Error =7.307323670602273e-07
Completed 91 % :  mod = 3.2761215313442653e-13,  Error =7.388514902118004e-07
Completed 92 % :  mod = 3.589310810667722e-13,  Error =7.469708123153396e-07
Completed 93 % :  mod = 3.9324314091634624e-13,  Error =7.550904115305457e-07
Completed 94 % :  mod = 4.308341063776195e-13,  Error =7.632088454556651e-07
Completed 95 % :  mod = 4.720169482296288e-13,  Error =7.713279188692468e-07
Completed 96 % :  mod = 5.171343949515765e-13,  Error =7.79445393561673e-07
Completed 97 % :  mod = 5.665617257894172e-13,  Error =7.875650140931612e-07
Completed 98 % :  mod = 6.207098145128156e-13,  Error =7.956830572197759e-07
Completed 99 % :  mod = 6.800284425562919e-13,  Error =8.038019174705369e-07
Completed 100 % :  mod = 7.450099007043336e-13,  Error =8.119206498236053e-07
Finished 11/201 frames
Finished all frames!
