/opt/local/miniconda_23_9/lib/python3.11/site-packages/conda/base/context.py:201: FutureWarning: Adding 'defaults' to channel list implicitly is deprecated and will be removed in 25.3. 

To remove this warning, please choose a default channel explicitly with conda's regular configuration system, e.g. by adding 'defaults' to the list of channels:

  conda config --add channels defaults

For more information see https://docs.conda.io/projects/conda/en/stable/user-guide/configuration/use-condarc.html

  deprecated.topic(
JOB 14039 ARRAY_ID 168  -> i=168 ; range=[1.9e-10, 5.0e-10] ; intervals=200 (frames=201)
Analytic t0 extension enabled (--extend-time-using-t0).
Density options: centers='2.0e-10,4.0e-10' width='2.0e-11,5.0e-11' strength='7.0'
Completed 0 % :  mod = 3.520259897010559e-16,  Error =-1.4210854715202004e-14
Completed 1 % :  mod = 5.852614116352835e-16,  Error =1.8403825663426687e-07
Completed 2 % :  mod = 1.5940287559283763e-15,  Error =3.6807651326853374e-07
Completed 3 % :  mod = 4.715049100628062e-15,  Error =5.521150256981855e-07
Completed 4 % :  mod = 1.4083997366192875e-14,  Error =7.36153374703008e-07
Completed 5 % :  mod = 4.211569941154881e-14,  Error =9.201925905699682e-07
Completed 6 % :  mod = 1.2595506028642386e-13,  Error =1.1042311314213293e-06
Completed 7 % :  mod = 3.7669788068441484e-13,  Error =1.288269523058716e-06
Completed 8 % :  mod = 1.1266035572456879e-12,  Error =1.4723070549393924e-06
Completed 9 % :  mod = 3.3693534927508625e-12,  Error =1.6563402880365174e-06
Completed 10 % :  mod = 1.0076254813639099e-11,  Error =1.8403290198421018e-06
Completed 11 % :  mod = 3.011934917696056e-11,  Error =2.023920032456772e-06
Completed 12 % :  mod = 8.962931374792264e-11,  Error =2.2040464529027304e-06
Completed 13 % :  mod = 2.5257202857728216e-10,  Error =2.3596085583221793e-06
Completed 14 % :  mod = 3.548364213569782e-10,  Error =2.4557810434089333e-06
Completed 15 % :  mod = 1.2110523111305564e-10,  Error =2.590913233291303e-06
Completed 16 % :  mod = 5.861786210291949e-11,  Error =2.7651901817193902e-06
Completed 17 % :  mod = 7.797317141533772e-11,  Error =2.944723419773254e-06
Completed 18 % :  mod = 1.6625203100455964e-10,  Error =3.1146219896527327e-06
Completed 19 % :  mod = 3.4369518748388205e-10,  Error =3.234114224426321e-06
Completed 20 % :  mod = 2.0678833563491405e-10,  Error =3.3422877265820716e-06
Completed 21 % :  mod = 9.259906864490968e-11,  Error =3.506229909078229e-06
Completed 22 % :  mod = 6.776761497208254e-11,  Error =3.683680525057298e-06
Completed 23 % :  mod = 1.4767791799266704e-10,  Error =3.854029955618898e-06
Completed 24 % :  mod = 3.8454086725817146e-10,  Error =3.979550704968915e-06
Completed 25 % :  mod = 2.0770488361005353e-10,  Error =4.078284746356076e-06
Completed 26 % :  mod = 9.213415514848065e-11,  Error =4.238072079942867e-06
Completed 27 % :  mod = 5.1849377135501364e-11,  Error =4.41711315346538e-06
Completed 28 % :  mod = 7.387644433441361e-11,  Error =4.596888658170428e-06
Completed 28 % :  mod = 2.0226934360243932e-10,  Error =4.760691346916701e-06
Completed 30 % :  mod = 3.975415330653703e-10,  Error =4.870175821736211e-06
Completed 31 % :  mod = 1.4995041165674583e-10,  Error =4.983796166868615e-06
Completed 32 % :  mod = 9.618815299359506e-11,  Error =5.148563552381802e-06
Completed 33 % :  mod = 1.5246251932356289e-10,  Error =5.319227909694746e-06
Completed 34 % :  mod = 2.5865773856463203e-10,  Error =5.464200576454914e-06
Completed 35 % :  mod = 2.8838639993146185e-10,  Error =5.554303029953189e-06
Completed 36 % :  mod = 1.7361930629671167e-10,  Error =5.694558495861202e-06
Completed 37 % :  mod = 9.614080199255173e-11,  Error =5.862975356762945e-06
Completed 38 % :  mod = 1.5427277977074845e-10,  Error =6.0256204079678355e-06
Completed 39 % :  mod = 4.203705705020733e-10,  Error =6.139932828830297e-06
Completed 40 % :  mod = 1.790794773549524e-10,  Error =6.246579282276343e-06
Completed 41 % :  mod = 8.997642851518883e-11,  Error =6.406914103251893e-06
Completed 42 % :  mod = 1.237017944970977e-10,  Error =6.581190703514039e-06
Completed 43 % :  mod = 2.0533473442181838e-10,  Error =6.7419238050092645e-06
Completed 44 % :  mod = 3.433302604867069e-10,  Error =6.845117802356526e-06
Completed 45 % :  mod = 1.6564886184310381e-10,  Error =6.968994213707447e-06
Completed 46 % :  mod = 5.5622713438134584e-11,  Error =7.140298293961678e-06
Completed 47 % :  mod = 4.815351404910473e-11,  Error =7.321041088914626e-06
Completed 48 % :  mod = 1.0418316921365709e-10,  Error =7.499606454075547e-06
Completed 49 % :  mod = 2.5978405880706866e-10,  Error =7.654080327768042e-06
Completed 50 % :  mod = 3.451643860818066e-10,  Error =7.750916871884783e-06
Completed 51 % :  mod = 1.1192993136362228e-10,  Error =7.887076577617336e-06
Completed 52 % :  mod = 4.7374552383361305e-11,  Error =8.062586687174189e-06
Completed 53 % :  mod = 5.554098016941509e-11,  Error =8.244169585225336e-06
Completed 54 % :  mod = 9.446649519281703e-11,  Error =8.42318427629607e-06
Completed 55 % :  mod = 2.427413574156156e-10,  Error =8.577591174230292e-06
Completed 56 % :  mod = 3.7596523440505765e-10,  Error =8.676203563595664e-06
Completed 56 % :  mod = 1.166079433043262e-10,  Error =8.80841412964628e-06
Completed 57 % :  mod = 7.784031798294716e-11,  Error =8.978579906226969e-06
Completed 59 % :  mod = 1.7655517585617657e-10,  Error =9.148476905807001e-06
Completed 60 % :  mod = 3.013373232316635e-10,  Error =9.285569227301949e-06
Completed 61 % :  mod = 2.4599268833130703e-10,  Error =9.376410865513662e-06
Completed 62 % :  mod = 1.5359504736709904e-10,  Error =9.524368500990477e-06
Completed 63 % :  mod = 1.0313791922911146e-10,  Error =9.694154869066551e-06
Completed 64 % :  mod = 1.7742132078461026e-10,  Error =9.852401092302898e-06
Completed 65 % :  mod = 4.0305805689017757e-10,  Error =9.95585767071816e-06
Completed 66 % :  mod = 1.774942550030276e-10,  Error =1.0073163942081464e-05
Completed 67 % :  mod = 8.766717775999192e-11,  Error =1.0236875176872218e-05
Completed 68 % :  mod = 1.338127950425109e-10,  Error =1.0408236590819797e-05
Completed 69 % :  mod = 2.929048003132852e-10,  Error =1.0554916620719723e-05
Completed 70 % :  mod = 2.848492789572459e-10,  Error =1.06477019983231e-05
Completed 71 % :  mod = 1.253133767041942e-10,  Error =1.079036658069299e-05
Completed 72 % :  mod = 5.540825256028476e-11,  Error =1.0966615846541572e-05
Completed 73 % :  mod = 4.914081468215007e-11,  Error =1.114799959367474e-05
Completed 74 % :  mod = 1.1313821148665477e-10,  Error =1.1324816185265263e-05
Completed 75 % :  mod = 3.0868384035796423e-10,  Error =1.1469890196735832e-05
Completed 76 % :  mod = 2.8660963927209053e-10,  Error =1.1562066248416158e-05
Completed 77 % :  mod = 1.0727101494530284e-10,  Error =1.1710266853981466e-05
Completed 78 % :  mod = 4.047160709036335e-11,  Error =1.188858307443752e-05
Completed 79 % :  mod = 2.5401211133619026e-11,  Error =1.2071600941965244e-05
Completed 80 % :  mod = 3.7502348727168956e-11,  Error =1.2254608492412444e-05
Completed 81 % :  mod = 9.983641301378993e-11,  Error =1.243313668197743e-05
Completed 82 % :  mod = 2.883165533384004e-10,  Error =1.2580763325331645e-05
Completed 83 % :  mod = 3.231050513883109e-10,  Error =1.2675957961505446e-05
Completed 84 % :  mod = 1.1639254421858131e-10,  Error =1.281939045583158e-05
Completed 85 % :  mod = 6.222951200523003e-11,  Error =1.2994084116257909e-05
Completed 86 % :  mod = 1.1743451940923045e-10,  Error =1.3169502345533601e-05
Completed 87 % :  mod = 2.788395468146291e-10,  Error =1.3319870681982593e-05
Completed 88 % :  mod = 3.0264012418963053e-10,  Error =1.341239019581053e-05
Completed 89 % :  mod = 1.2935471840462017e-10,  Error =1.3553618181560978e-05
Completed 90 % :  mod = 4.3455521315708697e-11,  Error =1.3730399402334115e-05
Completed 91 % :  mod = 2.044808291464657e-11,  Error =1.3913237999929606e-05
Completed 92 % :  mod = 3.5511720682272864e-11,  Error =1.4096356231618756e-05
Completed 93 % :  mod = 9.720979425361357e-11,  Error =1.4275939435037799e-05
Completed 94 % :  mod = 2.48197625086432e-10,  Error =1.4430186922709254e-05
Completed 95 % :  mod = 3.6059022690325363e-10,  Error =1.452604091412013e-05
Completed 96 % :  mod = 1.2509850795838269e-10,  Error =1.4661095740109431e-05
Completed 97 % :  mod = 6.501260799369794e-11,  Error =1.4833461591479136e-05
Completed 98 % :  mod = 1.25663593605001e-10,  Error =1.5008358694501567e-05
Completed 99 % :  mod = 2.71332057841412e-10,  Error =1.5159177984003236e-05
Completed 100 % :  mod = 3.06174928443964e-10,  Error =1.525179097683349e-05
Finished 169/201 frames
Finished all frames!
