/opt/local/miniconda_23_9/lib/python3.11/site-packages/conda/base/context.py:201: FutureWarning: Adding 'defaults' to channel list implicitly is deprecated and will be removed in 25.3. 

To remove this warning, please choose a default channel explicitly with conda's regular configuration system, e.g. by adding 'defaults' to the list of channels:

  conda config --add channels defaults

For more information see https://docs.conda.io/projects/conda/en/stable/user-guide/configuration/use-condarc.html

  deprecated.topic(
JOB 13959 ARRAY_ID 88  -> i=88 ; range=[1.9e-10, 5.0e-10] ; intervals=200 (frames=201)
Analytic t0 extension enabled (--extend-time-using-t0).
Density options: centers='2.0e-10,4.0e-10' width='2.0e-11,5.0e-11' strength='7.0'
Completed 0 % :  mod = 2.9079090072876624e-16,  Error =-1.4210854715202004e-14
Completed 1 % :  mod = 4.1796371088432127e-16,  Error =8.568995468749563e-08
Completed 2 % :  mod = 9.1071617413297e-16,  Error =1.713804067549063e-07
Completed 3 % :  mod = 2.2000433115679774e-15,  Error =2.5707040407496606e-07
Completed 4 % :  mod = 5.413678870789834e-15,  Error =3.427609271966503e-07
Completed 5 % :  mod = 1.3362488411013104e-14,  Error =4.284512371555138e-07
Completed 6 % :  mod = 3.2999044652687515e-14,  Error =5.141412913189924e-07
Completed 7 % :  mod = 8.149882268358059e-14,  Error =5.998307202048636e-07
Completed 8 % :  mod = 2.0128303406351153e-13,  Error =6.855215914924884e-07
Completed 9 % :  mod = 4.971229428659872e-13,  Error =7.712125906778056e-07
Completed 10 % :  mod = 1.227777283367477e-12,  Error =8.569020124582494e-07
Completed 11 % :  mod = 3.0322796592645173e-12,  Error =9.425899563098028e-07
Completed 12 % :  mod = 7.48826784261948e-12,  Error =1.0282592626253972e-06
Completed 13 % :  mod = 1.848265161581465e-11,  Error =1.113819230624813e-06
Completed 14 % :  mod = 4.547181267368643e-11,  Error =1.1987145498437712e-06
Completed 15 % :  mod = 1.09628018723102e-10,  Error =1.2798396085145214e-06
Completed 16 % :  mod = 2.3110956721230785e-10,  Error =1.3452171074845864e-06
Completed 17 % :  mod = 2.4422283213827616e-10,  Error =1.3910479950141053e-06
Completed 18 % :  mod = 1.1296338014435538e-10,  Error =1.4551836073906088e-06
Completed 19 % :  mod = 4.874368060470298e-11,  Error =1.535738903157835e-06
Completed 20 % :  mod = 2.5839065060551438e-11,  Error =1.6203809991566231e-06
Completed 21 % :  mod = 2.1175148796892918e-11,  Error =1.7056804821891092e-06
Completed 22 % :  mod = 3.478717338512111e-11,  Error =1.7907543039541451e-06
Completed 23 % :  mod = 8.473512170753719e-11,  Error =1.8737768101573238e-06
Completed 24 % :  mod = 1.802670473707956e-10,  Error =1.9469606087341162e-06
Completed 25 % :  mod = 2.705921966704463e-10,  Error =1.996442478002791e-06
Completed 26 % :  mod = 1.5368556516586657e-10,  Error =2.051395050273186e-06
Completed 27 % :  mod = 6.552361372376306e-11,  Error =2.128216884500489e-06
Completed 28 % :  mod = 2.6591164214980295e-11,  Error =2.2122633751564535e-06
Completed 28 % :  mod = 1.0957191529769343e-11,  Error =2.297678150853244e-06
Completed 30 % :  mod = 4.524441816017783e-12,  Error =2.3833234124026603e-06
Completed 31 % :  mod = 1.9053189895196625e-12,  Error =2.4690057429666012e-06
Completed 32 % :  mod = 1.2401226966832482e-12,  Error =2.5546947313159762e-06
Completed 33 % :  mod = 1.7092545391098288e-12,  Error =2.640383691243642e-06
Completed 34 % :  mod = 3.365521494329134e-12,  Error =2.7260704698051086e-06
Completed 35 % :  mod = 8.057568415024341e-12,  Error =2.8117352997014677e-06
Completed 36 % :  mod = 2.0018198071156822e-11,  Error =2.897272565860476e-06
Completed 37 % :  mod = 4.8996443320370806e-11,  Error =2.98203860893409e-06
Completed 38 % :  mod = 1.1794474221000008e-10,  Error =3.062469517089994e-06
Completed 39 % :  mod = 2.4132314995647874e-10,  Error =3.1257678827500968e-06
Completed 40 % :  mod = 2.3182813047293975e-10,  Error =3.171594386230936e-06
Completed 41 % :  mod = 1.0710275986689512e-10,  Error =3.2378424279499995e-06
Completed 42 % :  mod = 4.513048561169574e-11,  Error =3.319018716751998e-06
Completed 43 % :  mod = 2.4974416144753126e-11,  Error =3.4037714371493166e-06
Completed 44 % :  mod = 2.2451654044709677e-11,  Error =3.4890673390464144e-06
Completed 45 % :  mod = 3.8124303138602825e-11,  Error =3.5740361283842503e-06
Completed 46 % :  mod = 9.345906515263434e-11,  Error =3.6564543464123744e-06
Completed 47 % :  mod = 1.9931869500687797e-10,  Error =3.7272464794568805e-06
Completed 48 % :  mod = 2.626012061160961e-10,  Error =3.774701951897441e-06
Completed 49 % :  mod = 1.3922051255675485e-10,  Error =3.832807742298883e-06
Completed 50 % :  mod = 5.846483779144046e-11,  Error =3.911192088423832e-06
Completed 51 % :  mod = 2.403442162675243e-11,  Error =3.995561755232302e-06
Completed 52 % :  mod = 9.774690896382506e-12,  Error =4.081031171665472e-06
Completed 53 % :  mod = 3.8948065077323725e-12,  Error =4.1666846968269056e-06
Completed 54 % :  mod = 1.7453640240118185e-12,  Error =4.2523691732299085e-06
Completed 55 % :  mod = 1.1724941061313175e-12,  Error =4.338058410269241e-06
Completed 56 % :  mod = 1.29812271887969e-12,  Error =4.423748485749002e-06
Completed 56 % :  mod = 2.6247777714664807e-12,  Error =4.50943569063611e-06
Completed 57 % :  mod = 6.543305833949844e-12,  Error =4.595109864169444e-06
Completed 59 % :  mod = 1.5977059546134595e-11,  Error =4.680702346604448e-06
Completed 60 % :  mod = 3.919996977545965e-11,  Error =4.765801101314082e-06
Completed 61 % :  mod = 9.497070926331966e-11,  Error =4.848046316396903e-06
Completed 62 % :  mod = 2.0913379115856303e-10,  Error =4.917263908055247e-06
Completed 63 % :  mod = 2.6371481541363617e-10,  Error =4.964176945065901e-06
Completed 64 % :  mod = 1.2681631977586593e-10,  Error =5.023913843160699e-06
Completed 65 % :  mod = 5.7658207156466115e-11,  Error =5.102948563262544e-06
Completed 66 % :  mod = 2.839908212998766e-11,  Error =5.187274688012167e-06
Completed 67 % :  mod = 2.1287987420866335e-11,  Error =5.272511593545914e-06
Completed 68 % :  mod = 3.438717156827957e-11,  Error =5.357601580158189e-06
Completed 69 % :  mod = 8.05983251422795e-11,  Error =5.44087455978115e-06
Completed 70 % :  mod = 1.6843107997259867e-10,  Error =5.515141872081131e-06
Completed 71 % :  mod = 2.7683706781740736e-10,  Error =5.565856028511007e-06
Completed 72 % :  mod = 1.6074438973117625e-10,  Error =5.619182431360059e-06
Completed 73 % :  mod = 6.964472525219572e-11,  Error =5.694983144621801e-06
Completed 74 % :  mod = 2.918516728279541e-11,  Error =5.778804748501898e-06
Completed 75 % :  mod = 1.2354108995907965e-11,  Error =5.864161941815382e-06
Completed 76 % :  mod = 7.580047055132489e-12,  Error =5.9497782700645985e-06
Completed 77 % :  mod = 8.910743438767042e-12,  Error =6.035420867078756e-06
Completed 78 % :  mod = 1.7287272370686905e-11,  Error =6.120980565071932e-06
Completed 79 % :  mod = 4.1492948711976635e-11,  Error =6.205987055807327e-06
Completed 80 % :  mod = 1.0199731431177642e-10,  Error =6.287818543171397e-06
Completed 81 % :  mod = 2.1472971100906222e-10,  Error =6.355723940032476e-06
Completed 82 % :  mod = 2.5815671100626707e-10,  Error =6.401909637077097e-06
Completed 83 % :  mod = 1.2289923065830388e-10,  Error =6.463277458124139e-06
Completed 84 % :  mod = 5.376298942977964e-11,  Error =6.542822582389363e-06
Completed 85 % :  mod = 2.8819665467747234e-11,  Error =6.627240182410787e-06
Completed 86 % :  mod = 2.3341902471675258e-11,  Error =6.712453597401691e-06
Completed 87 % :  mod = 3.819646664124173e-11,  Error =6.7973909096963325e-06
Completed 88 % :  mod = 9.383421857210072e-11,  Error =6.879850722896208e-06
Completed 89 % :  mod = 1.9365502097597342e-10,  Error =6.950961868312788e-06
Completed 90 % :  mod = 2.663171690526569e-10,  Error =6.998493667254024e-06
Completed 91 % :  mod = 1.4214072361071833e-10,  Error =7.056170382213622e-06
Completed 92 % :  mod = 5.898291037907193e-11,  Error =7.134240149753168e-06
Completed 93 % :  mod = 2.582564887388103e-11,  Error =7.2185228461307815e-06
Completed 94 % :  mod = 1.2751961387772935e-11,  Error =7.303936918390264e-06
Completed 95 % :  mod = 1.0564148441782383e-11,  Error =7.389528896339925e-06
Completed 96 % :  mod = 1.799817394835832e-11,  Error =7.475065118001112e-06
Completed 97 % :  mod = 4.119100995435637e-11,  Error =7.5600869138270355e-06
Completed 98 % :  mod = 9.630414450769614e-11,  Error =7.642107100025441e-06
Completed 99 % :  mod = 2.1693354199755086e-10,  Error =7.710536173988203e-06
Completed 100 % :  mod = 2.5867284289865483e-10,  Error =7.757353145620982e-06
Finished 89/201 frames
Finished all frames!
