/opt/local/miniconda_23_9/lib/python3.11/site-packages/conda/base/context.py:201: FutureWarning: Adding 'defaults' to channel list implicitly is deprecated and will be removed in 25.3. 

To remove this warning, please choose a default channel explicitly with conda's regular configuration system, e.g. by adding 'defaults' to the list of channels:

  conda config --add channels defaults

For more information see https://docs.conda.io/projects/conda/en/stable/user-guide/configuration/use-condarc.html

  deprecated.topic(
JOB 13578 ARRAY_ID 21  -> i=21 ; range=[2.0e-10, 2.09e-10] ; intervals=40 (frames=41)
Completed 0 % :  mod = 1.6368780478655051e-16,  Error =-1.4210854715202004e-14
Completed 1 % :  mod = 1.655778471389658e-16,  Error =8.60299564919842e-09
Completed 2 % :  mod = 1.712916225525821e-16,  Error =1.720660947057695e-08
Completed 3 % :  mod = 1.809610862908339e-16,  Error =2.5810471981912997e-08
Completed 4 % :  mod = 1.9480953524309201e-16,  Error =3.4414895822010294e-08
Completed 5 % :  mod = 2.1315676787732468e-16,  Error =4.301813305573887e-08
Completed 6 % :  mod = 2.3642649360703693e-16,  Error =5.1621114494082576e-08
Completed 7 % :  mod = 2.6515608571598166e-16,  Error =6.022428067353758e-08
Completed 8 % :  mod = 3.000089869476977e-16,  Error =6.882719816303506e-08
Completed 9 % :  mod = 3.41790080434146e-16,  Error =7.743054908360136e-08
Completed 10 % :  mod = 3.9146423508504343e-16,  Error =8.60343973840827e-08
Completed 11 % :  mod = 4.501785686887601e-16,  Error =9.463764882866599e-08
Completed 12 % :  mod = 5.192890013922598e-16,  Error =1.032407297429927e-07
Completed 13 % :  mod = 6.003915293838073e-16,  Error =1.118444998837731e-07
Completed 14 % :  mod = 6.953590513357313e-16,  Error =1.204482344974167e-07
Completed 15 % :  mod = 8.063846942120544e-16,  Error =1.2905211832503483e-07
Completed 16 % :  mod = 9.360324043068412e-16,  Error =1.3765566819756714e-07
Completed 17 % :  mod = 1.0872961608132517e-15,  Error =1.4626008493223708e-07
Completed 18 % :  mod = 1.2636691533000604e-15,  Error =1.5486275373177705e-07
Completed 19 % :  mod = 1.4692244012673964e-15,  Error =1.634662822880273e-07
Completed 20 % :  mod = 1.7087088493018426e-15,  Error =1.7206986058226903e-07
Completed 21 % :  mod = 1.9876529967351375e-15,  Error =1.8067279228262123e-07
Completed 22 % :  mod = 2.3124985495521714e-15,  Error =1.892766334776752e-07
Completed 23 % :  mod = 2.6907472678199027e-15,  Error =1.978793662260614e-07
Completed 24 % :  mod = 3.131134174464193e-15,  Error =2.0648306531256821e-07
Completed 25 % :  mod = 3.643829211046403e-15,  Error =2.150857127958261e-07
Completed 26 % :  mod = 4.2406722003292405e-15,  Error =2.2368893581869997e-07
Completed 27 % :  mod = 4.9354462221279855e-15,  Error =2.3229217305242855e-07
Completed 28 % :  mod = 5.744195843754206e-15,  Error =2.4089564476525993e-07
Completed 28 % :  mod = 6.6855977737545835e-15,  Error =2.494982140888169e-07
Completed 30 % :  mod = 7.781392070854043e-15,  Error =2.581019344916058e-07
Completed 31 % :  mod = 9.056884176619918e-15,  Error =2.6670546304785603e-07
Completed 32 % :  mod = 1.0541529410847059e-14,  Error =2.7530904844752513e-07
Completed 33 % :  mod = 1.2269613082714497e-14,  Error =2.8391172435249246e-07
Completed 34 % :  mod = 1.4281042254160803e-14,  Error =2.9251494026993896e-07
Completed 35 % :  mod = 1.6622267423606882e-14,  Error =3.011180353951204e-07
Completed 36 % :  mod = 1.9347355081683925e-14,  Error =3.0972082498692544e-07
Completed 37 % :  mod = 2.2519236329873207e-14,  Error =3.1832394142838893e-07
Completed 38 % :  mod = 2.621116020168716e-14,  Error =3.2692702234271565e-07
Completed 39 % :  mod = 3.0508385073831115e-14,  Error =3.355300464136235e-07
Completed 40 % :  mod = 3.5510147587620037e-14,  Error =3.441340012955152e-07
Completed 41 % :  mod = 4.1331954312695654e-14,  Error =3.527378495959965e-07
Completed 42 % :  mod = 4.810824893073424e-14,  Error =3.61340866561477e-07
Completed 43 % :  mod = 5.599551688354753e-14,  Error =3.6994416063862445e-07
Completed 44 % :  mod = 6.517589884567267e-14,  Error =3.785479876228237e-07
Completed 45 % :  mod = 7.586139637799263e-14,  Error =3.8715175065817675e-07
Completed 46 % :  mod = 8.829876708721695e-14,  Error =3.957561176548552e-07
Completed 47 % :  mod = 1.0277522187526078e-13,  Error =4.043599233227724e-07
Completed 48 % :  mod = 1.1962505564250626e-13,  Error =4.129634874061594e-07
Completed 49 % :  mod = 1.3923736441819732e-13,  Error =4.2156664648018705e-07
Completed 50 % :  mod = 1.6206502618804612e-13,  Error =4.3016945738827417e-07
Completed 51 % :  mod = 1.8863515197985389e-13,  Error =4.3877200539554906e-07
Completed 52 % :  mod = 2.1956124719328312e-13,  Error =4.473756192169276e-07
Completed 53 % :  mod = 2.555573611877376e-13,  Error =4.55978714342109e-07
Completed 54 % :  mod = 2.9745454840692194e-13,  Error =4.645819160487008e-07
Completed 55 % :  mod = 3.4622001508469154e-13,  Error =4.731857714546095e-07
Completed 56 % :  mod = 4.029793839156289e-13,  Error =4.817889660557739e-07
Completed 56 % :  mod = 4.690425761506858e-13,  Error =4.903926011934345e-07
Completed 57 % :  mod = 5.459338850302759e-13,  Error =4.989957602674622e-07
Completed 59 % :  mod = 6.354268975400203e-13,  Error =5.075987985492247e-07
Completed 60 % :  mod = 7.395850124097788e-13,  Error =5.162022134186373e-07
Completed 61 % :  mod = 8.608083971323964e-13,  Error =5.248050740647159e-07
Completed 62 % :  mod = 1.0018883221318935e-12,  Error =5.334082899821624e-07
Completed 63 % :  mod = 1.1660698969742158e-12,  Error =5.42012422499738e-07
Completed 64 % :  mod = 1.3571242944905181e-12,  Error =5.506154607815006e-07
Completed 65 % :  mod = 1.5794315601107182e-12,  Error =5.592182361624509e-07
Completed 66 % :  mod = 1.8380750211937863e-12,  Error =5.678208054860079e-07
Completed 67 % :  mod = 2.138948065280983e-12,  Error =5.764236945537959e-07
Completed 68 % :  mod = 2.488873538123302e-12,  Error =5.850261004525237e-07
Completed 69 % :  mod = 2.8957350470374554e-12,  Error =5.93627305534028e-07
Completed 70 % :  mod = 3.3686177716222837e-12,  Error =6.022279848139078e-07
Completed 71 % :  mod = 3.917953566592068e-12,  Error =6.108270724780596e-07
Completed 72 % :  mod = 4.5556605581248e-12,  Error =6.194259825065274e-07
Completed 73 % :  mod = 5.295260149104838e-12,  Error =6.280223345811464e-07
Completed 74 % :  mod = 6.151943012199793e-12,  Error =6.366162494941818e-07
Completed 75 % :  mod = 7.142538404393394e-12,  Error =6.452089493791391e-07
Completed 76 % :  mod = 8.285315611161201e-12,  Error =6.53796973892895e-07
Completed 77 % :  mod = 9.59950990006628e-12,  Error =6.62379832760962e-07
Completed 78 % :  mod = 1.1104416080350162e-11,  Error =6.709545630201319e-07
Completed 79 % :  mod = 1.2817831643612493e-11,  Error =6.79519800428352e-07
Completed 80 % :  mod = 1.4753567335995e-11,  Error =6.880732570380133e-07
Completed 81 % :  mod = 1.6917701405352947e-11,  Error =6.966110603912057e-07
Completed 82 % :  mod = 1.9303290420071887e-11,  Error =7.051292598703185e-07
Completed 83 % :  mod = 2.188346487458909e-11,  Error =7.136214748015846e-07
Completed 84 % :  mod = 2.460337649627454e-11,  Error =7.220836693022648e-07
Completed 85 % :  mod = 2.7372462325157478e-11,  Error =7.30511032998038e-07
Completed 86 % :  mod = 3.0059913170065225e-11,  Error =7.388990823642416e-07
Completed 87 % :  mod = 3.249758452901529e-11,  Error =7.472463678936947e-07
Completed 88 % :  mod = 3.4494668039656365e-11,  Error =7.555555825433657e-07
Completed 89 % :  mod = 3.58656812264186e-11,  Error =7.6383469860275e-07
Completed 90 % :  mod = 3.646723934950536e-11,  Error =7.720968682178864e-07
Completed 91 % :  mod = 3.623215840555001e-11,  Error =7.803543269346847e-07
Completed 92 % :  mod = 3.518700776372774e-11,  Error =7.886251154332058e-07
Completed 93 % :  mod = 3.344505244758597e-11,  Error =7.969207729274785e-07
Completed 94 % :  mod = 3.117789262814833e-11,  Error =8.052508846390083e-07
Completed 95 % :  mod = 2.8578146047155314e-11,  Error =8.13620019357586e-07
Completed 96 % :  mod = 2.582657897193296e-11,  Error =8.220298894912048e-07
Completed 97 % :  mod = 2.3071452839279152e-11,  Error =8.304762246780228e-07
Completed 98 % :  mod = 2.0420871576218368e-11,  Error =8.389554579935066e-07
Completed 99 % :  mod = 1.7944602120540066e-11,  Error =8.474631272292754e-07
Completed 100 % :  mod = 1.5680843327329786e-11,  Error =8.559920843254076e-07
Finished 22/41 frames
Finished all frames!
