/opt/local/miniconda_23_9/lib/python3.11/site-packages/conda/base/context.py:201: FutureWarning: Adding 'defaults' to channel list implicitly is deprecated and will be removed in 25.3. 

To remove this warning, please choose a default channel explicitly with conda's regular configuration system, e.g. by adding 'defaults' to the list of channels:

  conda config --add channels defaults

For more information see https://docs.conda.io/projects/conda/en/stable/user-guide/configuration/use-condarc.html

  deprecated.topic(
JOB 14034 ARRAY_ID 163  -> i=163 ; range=[1.9e-10, 5.0e-10] ; intervals=200 (frames=201)
Analytic t0 extension enabled (--extend-time-using-t0).
Density options: centers='2.0e-10,4.0e-10' width='2.0e-11,5.0e-11' strength='7.0'
Completed 0 % :  mod = 3.475506959839239e-16,  Error =-1.4210854715202004e-14
Completed 1 % :  mod = 5.719408368831177e-16,  Error =1.748570852555531e-07
Completed 2 % :  mod = 1.5348585709472974e-15,  Error =3.4971402840255905e-07
Completed 3 % :  mod = 4.479686529775119e-15,  Error =5.245707654921716e-07
Completed 4 % :  mod = 1.3208980123023889e-14,  Error =6.994278862748615e-07
Completed 5 % :  mod = 3.8994576933928314e-14,  Error =8.742845167830637e-07
Completed 6 % :  mod = 1.1513253368369924e-13,  Error =1.0491407635981886e-06
Completed 7 % :  mod = 3.3993716173338234e-13,  Error =1.2239976001637842e-06
Completed 8 % :  mod = 1.0036903566382948e-12,  Error =1.3988542733045506e-06
Completed 9 % :  mod = 2.9634578797704107e-12,  Error =1.5737070029331335e-06
Completed 10 % :  mod = 8.749408063950331e-12,  Error =1.7485266923245035e-06
Completed 11 % :  mod = 2.5822086905519835e-11,  Error =1.9230593437669086e-06
Completed 12 % :  mod = 7.594419136211542e-11,  Error =2.095141034885728e-06
Completed 13 % :  mod = 2.1504033594317125e-10,  Error =2.24923248737241e-06
Completed 14 % :  mod = 3.7202141003360245e-10,  Error =2.3470150836146786e-06
Completed 15 % :  mod = 1.3620393205266558e-10,  Error =2.4640892704042017e-06
Completed 16 % :  mod = 6.850208166106075e-11,  Error =2.626982215758744e-06
Completed 17 % :  mod = 6.450226148071582e-11,  Error =2.7979283956369727e-06
Completed 18 % :  mod = 1.15218008130904e-10,  Error =2.964444554720558e-06
Completed 19 % :  mod = 3.0187799286062717e-10,  Error =3.0960052583850484e-06
Completed 20 % :  mod = 2.9711669035905144e-10,  Error =3.1895552581318043e-06
Completed 21 % :  mod = 1.0889641215049954e-10,  Error =3.330854902117153e-06
Completed 22 % :  mod = 7.167312316931839e-11,  Error =3.4958229022663545e-06
Completed 23 % :  mod = 1.7304671730015693e-10,  Error =3.655504031030432e-06
Completed 24 % :  mod = 3.4777179620309404e-10,  Error =3.7777181418618966e-06
Completed 25 % :  mod = 2.0252442652204728e-10,  Error =3.868034582410473e-06
Completed 26 % :  mod = 1.3770362805499924e-10,  Error =4.013958935900064e-06
Completed 27 % :  mod = 1.1441261496452872e-10,  Error =4.176326058313862e-06
Completed 28 % :  mod = 1.7771792188094266e-10,  Error =4.326166433088474e-06
Completed 28 % :  mod = 3.7725516472062406e-10,  Error =4.421727282988286e-06
Completed 30 % :  mod = 1.7427462646625486e-10,  Error =4.537120140923889e-06
Completed 31 % :  mod = 7.830823111728535e-11,  Error =4.695385314334999e-06
Completed 32 % :  mod = 9.342231092726298e-11,  Error =4.862883720591071e-06
Completed 33 % :  mod = 2.1511620211342228e-10,  Error =5.017000738405386e-06
Completed 34 % :  mod = 3.3849602493479355e-10,  Error =5.1216146985666455e-06
Completed 35 % :  mod = 1.516570357149016e-10,  Error =5.233220932154836e-06
Completed 36 % :  mod = 1.081030635036744e-10,  Error =5.391631013651477e-06
Completed 37 % :  mod = 1.2283010334422133e-10,  Error =5.555969337933675e-06
Completed 38 % :  mod = 2.1278285039023108e-10,  Error =5.6991088541735735e-06
Completed 39 % :  mod = 3.797620053547133e-10,  Error =5.791701603641286e-06
Completed 40 % :  mod = 1.4482129423396003e-10,  Error =5.914009925334085e-06
Completed 41 % :  mod = 9.77130751392111e-11,  Error =6.068563202177302e-06
Completed 42 % :  mod = 2.416704320921752e-10,  Error =6.216425134653036e-06
Completed 43 % :  mod = 3.540116331653945e-10,  Error =6.325599024137318e-06
Completed 44 % :  mod = 1.7359694956080976e-10,  Error =6.427331939562464e-06
Completed 45 % :  mod = 1.5056515062190058e-10,  Error =6.57125135461456e-06
Completed 46 % :  mod = 2.560231769348434e-10,  Error =6.712796214003447e-06
Completed 47 % :  mod = 3.0053580806091527e-10,  Error =6.819260121915249e-06
Completed 48 % :  mod = 1.5842566026046774e-10,  Error =6.927837020498373e-06
Completed 49 % :  mod = 2.2422608185007337e-10,  Error =7.071610902187331e-06
Completed 50 % :  mod = 2.5246678324749556e-10,  Error =7.205142217969751e-06
Completed 51 % :  mod = 2.677597238599948e-10,  Error =7.298316383241854e-06
Completed 52 % :  mod = 2.0505565514298426e-10,  Error =7.420669369651023e-06
Completed 53 % :  mod = 1.2234279800637786e-10,  Error =7.571942880701954e-06
Completed 54 % :  mod = 2.1743419400933553e-10,  Error =7.712713518515102e-06
Completed 55 % :  mod = 3.25364008622326e-10,  Error =7.80598412575273e-06
Completed 56 % :  mod = 2.0988441207145371e-10,  Error =7.923321376779313e-06
Completed 56 % :  mod = 1.2858467828428498e-10,  Error =8.075144322106098e-06
Completed 57 % :  mod = 1.519476454102142e-10,  Error =8.226024810653598e-06
Completed 59 % :  mod = 4.082938999933247e-10,  Error =8.337131546909404e-06
Completed 60 % :  mod = 1.7463230378128035e-10,  Error =8.43511009662734e-06
Completed 61 % :  mod = 1.122846235758e-10,  Error =8.580727943297006e-06
Completed 62 % :  mod = 2.0161231840074998e-10,  Error =8.737252635171444e-06
Completed 63 % :  mod = 2.492858051791091e-10,  Error =8.869342153161597e-06
Completed 64 % :  mod = 2.99560595515256e-10,  Error =8.956606173171622e-06
Completed 65 % :  mod = 1.4859342278752622e-10,  Error =9.088547685109916e-06
Completed 66 % :  mod = 1.0796399034179547e-10,  Error =9.24464693241589e-06
Completed 67 % :  mod = 2.3104090812575285e-10,  Error =9.387897897283892e-06
Completed 68 % :  mod = 3.5153299484415e-10,  Error =9.483796688414259e-06
Completed 69 % :  mod = 2.04006157049267e-10,  Error =9.597490958412891e-06
Completed 70 % :  mod = 1.0848407696116497e-10,  Error =9.747865320264282e-06
Completed 71 % :  mod = 2.0673305250667552e-10,  Error =9.892643127784595e-06
Completed 72 % :  mod = 3.8477249302750103e-10,  Error =1.000091234715228e-05
Completed 73 % :  mod = 1.6345769352199714e-10,  Error =1.0103295437602355e-05
Completed 74 % :  mod = 1.7872222813802273e-10,  Error =1.0245713873757722e-05
Completed 75 % :  mod = 2.712488532727216e-10,  Error =1.0383109263045753e-05
Completed 76 % :  mod = 2.9568757967605313e-10,  Error =1.0488904614192052e-05
Completed 77 % :  mod = 1.6419632822986296e-10,  Error =1.060063672753131e-05
Completed 78 % :  mod = 1.8165623194131217e-10,  Error =1.0742913644889995e-05
Completed 79 % :  mod = 3.025948958304009e-10,  Error =1.0873458101912092e-05
Completed 80 % :  mod = 2.3089984759461301e-10,  Error =1.096701726766014e-05
Completed 81 % :  mod = 2.036713109716984e-10,  Error =1.1092764950149103e-05
Completed 82 % :  mod = 1.6175986020161686e-10,  Error =1.1243316599518494e-05
Completed 83 % :  mod = 2.036292084207702e-10,  Error =1.138202573969238e-05
Completed 84 % :  mod = 3.26301860814544e-10,  Error =1.1472785139687858e-05
Completed 85 % :  mod = 1.7724553191353028e-10,  Error =1.1595009652864974e-05
Completed 86 % :  mod = 1.346496510285832e-10,  Error =1.1747906711434553e-05
Completed 87 % :  mod = 1.7403731640991827e-10,  Error =1.189800306633515e-05
Completed 88 % :  mod = 3.919186558203201e-10,  Error =1.2003622423151228e-05
Completed 89 % :  mod = 1.9305394774821408e-10,  Error =1.2106597090166815e-05
Completed 90 % :  mod = 1.0361401011417129e-10,  Error =1.2255459047594286e-05
Completed 91 % :  mod = 1.750087009265462e-10,  Error =1.2414136151051025e-05
Completed 92 % :  mod = 2.9255809658197926e-10,  Error =1.2546386422229716e-05
Completed 93 % :  mod = 2.7116236917531203e-10,  Error =1.2633765187786139e-05
Completed 94 % :  mod = 1.6529448945669805e-10,  Error =1.276833706498337e-05
Completed 95 % :  mod = 9.05053989725477e-11,  Error =1.2929407880335475e-05
Completed 96 % :  mod = 1.590578461485751e-10,  Error =1.3084652842110245e-05
Completed 97 % :  mod = 3.7895661637284697e-10,  Error =1.3194558334816975e-05
Completed 98 % :  mod = 2.010019193541744e-10,  Error =1.3295559853077066e-05
Completed 99 % :  mod = 1.2535625848049523e-10,  Error =1.3447130989163725e-05
Completed 100 % :  mod = 8.242726907920977e-11,  Error =1.3612492303138879e-05
Finished 164/201 frames
Finished all frames!
